Sat 12/10/2016 
04:23 PM
$PROB one cmpt simple mu modeled bayes
$SUB ADVAN1 TRANS2
$INPUT ID TIME DV CMT EVID AMT RATE
$DATA ..\mdata\simple_nocovar_50id_6tp.csv IGNORE=@
$ABBR REPLACE THETA(CL, V) = THETA(1 to 2)
$ABBR REPLACE ETA(CL, V) = ETA(1 to 2)

$THETAI
THETA(1:NTHETA)=LOG(THETAI(1:NTHETA))
THETAP(1:NTHETAP)=LOG(THETAPI(1:NTHETAP))
$THETAR
THETAR(1:NTHETA)=EXP(THETA(1:NTHETA))
THETAPR(1:NTHETAP)=EXP(THETAP(1:NTHETAP))

$PRIOR NWPRI 

$PK
"USE NMBAYES_INT, ONLY: ITER_REPORT,BAYES_EXTRA_REQUEST,BAYES_EXTRA
; Request extra information for Bayesian analysis.
; An extra call will then be made for accepted samples
"BAYES_EXTRA_REQUEST=1

MU_1 = THETA(CL)
MU_2 = THETA(V)
CL = EXP(MU_1 + ETA(CL))
V = EXP(MU_2 + ETA(V))
S1 = V

"IF(BAYES_EXTRA==1 .AND. ITER_REPORT>=0 .AND. TIME==0.0) THEN
"WRITE(50,98) ITER_REPORT,ID,CL,V
"98 FORMAT(I12,1X,F14.0,4(1X,1PG12.5))
"ENDIF

$ERROR
"USE NMBAYES_INT, ONLY: ITER_REPORT,BAYES_EXTRA_REQUEST,BAYES_EXTRA
"BAYES_EXTRA_REQUEST=1
IPRED=F
Y = IPRED*(1 + ERR(1))  
"IF(BAYES_EXTRA==1 .AND. ITER_REPORT>=0 ) THEN
"WRITE(51,97) ITER_REPORT,ID,TIME,F
"97 FORMAT(I12,1X,F14.0,2(1X,1PG12.5))
"ENDIF

$THETA
(0.001, 3) ; TVCL
(0.001, 34) ; TVV

$OMEGA BLOCK(2)
0.1    ; nCL
0.1  0.1  ; nV

$SIGMA
0.03 ; PROP

; THETA PRIORS
$THETAP (3 FIX) (34 FIX) 

; THETA (uniformative) PRIORs
$THETAPV BLOCK(2)
10000 FIX
0.0 10000 

$OMEGAP BLOCK(2)
0.2 FIX
0 0.2

; degrees of freedom to prior omega matrix - low dof = highly uninformative
$OMEGAPD (2 FIX)

$EST METHOD=CHAIN FILE=..\run006chains.chn NSAMPLE=0 ISAMPLE=4 DF=20
$EST METHOD=BAYES INTER NBURN=4000 NITER=10000 PRINT=20 NOPRIOR=0 CTYPE=3 CITER=10 SEED=30795
  
NM-TRAN MESSAGES 
  
 WARNINGS AND ERRORS (IF ANY) FOR PROBLEM    1
             
 (WARNING  2) NM-TRAN INFERS THAT THE DATA ARE POPULATION.

 (MU_WARNING 20) MU_001: MU_ VARIABLE SHOULD NOT BE DEFINED AFTER VERBATIM CODE.
  
License Registered to: Devin Pastoor
Expiration Date:    14 NOV 2017
Current Date:       10 DEC 2016
Days until program expires : 339
1NONLINEAR MIXED EFFECTS MODEL PROGRAM (NONMEM) VERSION 7.4.0 alpha14 (nm74a14)
 ORIGINALLY DEVELOPED BY STUART BEAL, LEWIS SHEINER, AND ALISON BOECKMANN
 CURRENT DEVELOPERS ARE ROBERT BAUER, ICON DEVELOPMENT SOLUTIONS,
 AND ALISON BOECKMANN. IMPLEMENTATION, EFFICIENCY, AND STANDARDIZATION
 PERFORMED BY NOUS INFOSYSTEMS.

 PROBLEM NO.:         1
 one cmpt simple mu modeled bayes
0DATA CHECKOUT RUN:              NO
 DATA SET LOCATED ON UNIT NO.:    2
 THIS UNIT TO BE REWOUND:        NO
 NO. OF DATA RECS IN DATA SET:      300
 NO. OF DATA ITEMS IN DATA SET:   8
 ID DATA ITEM IS DATA ITEM NO.:   1
 DEP VARIABLE IS DATA ITEM NO.:   3
 MDV DATA ITEM IS DATA ITEM NO.:  8
0INDICES PASSED TO SUBROUTINE PRED:
   5   2   6   7   0   0   4   0   0   0   0
0LABELS FOR DATA ITEMS:
 ID TIME DV CMT EVID AMT RATE MDV
0LABELS FOR THETAS
 THETA(1)=THETA(CL)
 THETA(2)=THETA(V)
0LABELS FOR ETAS
 ETA(1)=ETA(CL)
0LABELS FOR ETAS
 ETA(2)=ETA(V)
0FORMAT FOR DATA:
 (2E3.0,E18.0,2E2.0,2E5.0,1F2.0)

 TOT. NO. OF OBS RECS:      250
 TOT. NO. OF INDIVIDUALS:     50
0LENGTH OF THETA:   5
0DEFAULT THETA BOUNDARY TEST OMITTED:    NO
0OMEGA HAS BLOCK FORM:
  1
  1  1
  0  0  2
  0  0  2  2
  0  0  0  0  3
  0  0  0  0  3  3
0DEFAULT OMEGA BOUNDARY TEST OMITTED:    NO
0SIGMA HAS SIMPLE DIAGONAL FORM WITH DIMENSION:   1
0DEFAULT SIGMA BOUNDARY TEST OMITTED:    NO
0INITIAL ESTIMATE OF THETA:
 LOWER BOUND    INITIAL EST    UPPER BOUND
  0.1000E-02     0.3000E+01     0.1000E+07
  0.1000E-02     0.3400E+02     0.1000E+07
  0.3000E+01     0.3000E+01     0.3000E+01
  0.3400E+02     0.3400E+02     0.3400E+02
  0.2000E+01     0.2000E+01     0.2000E+01
0INITIAL ESTIMATE OF OMEGA:
 BLOCK SET NO.   BLOCK                                                                    FIXED
        1                                                                                   NO
 DIAGONAL SHIFT OF  1.1000E-07 WAS IMPOSED TO ENSURE POSITIVE DEFINITENESS
                  0.1000E+00
                  0.1000E+00   0.1000E+00
        2                                                                                  YES
                  0.1000E+05
                  0.0000E+00   0.1000E+05
        3                                                                                  YES
                  0.2000E+00
                  0.0000E+00   0.2000E+00
0INITIAL ESTIMATE OF SIGMA:
 0.3000E-01
0
 THETAI SUBROUTINE USER-SUPPLIED
 THETAR SUBROUTINE USER-SUPPLIED
 PRIOR SUBROUTINE USER-SUPPLIED
1DOUBLE PRECISION PREDPP VERSION 7.4.0 alpha14 (nm74a14)

 ONE COMPARTMENT MODEL (ADVAN1)
0MAXIMUM NO. OF BASIC PK PARAMETERS:   2
0BASIC PK PARAMETERS (AFTER TRANSLATION):
   ELIMINATION RATE (K) IS BASIC PK PARAMETER NO.:  1

 TRANSLATOR WILL CONVERT PARAMETERS
 CLEARANCE (CL) AND VOLUME (V) TO K (TRANS2)
0COMPARTMENT ATTRIBUTES
 COMPT. NO.   FUNCTION   INITIAL    ON/OFF      DOSE      DEFAULT    DEFAULT
                         STATUS     ALLOWED    ALLOWED    FOR DOSE   FOR OBS.
    1         CENTRAL      ON         NO         YES        YES        YES
    2         OUTPUT       OFF        YES        NO         NO         NO
1
 ADDITIONAL PK PARAMETERS - ASSIGNMENT OF ROWS IN GG
 COMPT. NO.                             INDICES
              SCALE      BIOAVAIL.   ZERO-ORDER  ZERO-ORDER  ABSORB
                         FRACTION    RATE        DURATION    LAG
    1            3           *           *           *           *
    2            *           -           -           -           -
             - PARAMETER IS NOT ALLOWED FOR THIS MODEL
             * PARAMETER IS NOT SUPPLIED BY PK SUBROUTINE;
               WILL DEFAULT TO ONE IF APPLICABLE
0DATA ITEM INDICES USED BY PRED ARE:
   EVENT ID DATA ITEM IS DATA ITEM NO.:      5
   TIME DATA ITEM IS DATA ITEM NO.:          2
   DOSE AMOUNT DATA ITEM IS DATA ITEM NO.:   6
   DOSE RATE DATA ITEM IS DATA ITEM NO.:     7
   COMPT. NO. DATA ITEM IS DATA ITEM NO.:    4

0PK SUBROUTINE CALLED WITH EVERY EVENT RECORD.
 PK SUBROUTINE NOT CALLED AT NONEVENT (ADDITIONAL OR LAGGED) DOSE TIMES.
0ERROR SUBROUTINE CALLED WITH EVERY EVENT RECORD.
1


 #TBLN:      1
 #METH: Chain Method Processing

 RANDOM GENERATION TYPE (CTYPE):     0
 RANDOM GENERATION SEED (SEED):      11456
 RANDOM SAMPLE SELECTION (ISAMPLE):  4
 RANDOM SAMPLE RANGE END (ISAMPEND): -2147483647
 NUMBER OF RANDOM SAMPLES (NSAMPLE): 0
 UNIFORM FRACTIONAL RANGE (IACCEPT): 0.400000000000000
 RANDOM SELECTION TYPE (SELECT):     0
 DEG. FR. TO GENERATE OMEGAS (DF):   20
 DEG. FR. TO GENERATE SIGMAS (DFS):  -1
 CHAIN FILE (FILE):                  ..\run006chains.chn
 EXCL. TITLE IN CHAIN FILE (NOTITLE):NO
 EX. COL. LBS. IN CHAIN FL.(NOLABEL):NO
 FORMAT FOR CHAIN FILE (FORMAT):     S1PE12.5
 PAR. ORDER in CHAIN FILE (ORDER):   TSOL
 RANDOM SAMPLING METHOD (RANMETHOD):3U

 THE FOLLOWING LABELS ARE EQUIVALENT
 PRED=NPRED
 RES=NRES
 WRES=NWRES
 IWRS=NIWRES
 IPRD=NIPRED
 IRS=NIRES



 FROM SAMPLE 4 OF CHAIN FILE ..\run006chains.chn
 NEW INITIAL ESTIMATES OF THETA
  0.6875E-01
  0.1706E-02
 NEW INITIAL ESTIMATES OF OMEGA
  0.1747E+00
  0.1747E+00  0.1748E+00
 NEW INITIAL ESTIMATES OF SIGMA
  0.4110E-01
1


 #TBLN:      1
 #METH: MCMC Bayesian Analysis

 ESTIMATION STEP OMITTED:                 NO
 ANALYSIS TYPE:                           POPULATION
 NUMBER OF SADDLE POINT RESET ITERATIONS:      0
 GRADIENT METHOD USED:               NOSLOW
 CONDITIONAL ESTIMATES USED:              YES
 CENTERED ETA:                            NO
 EPS-ETA INTERACTION:                     YES
 LAPLACIAN OBJ. FUNC.:                    NO
 NO. OF FUNCT. EVALS. ALLOWED:            840
 NO. OF SIG. FIGURES REQUIRED:            3
 INTERMEDIATE PRINTOUT:                   YES
 ESTIMATE OUTPUT TO MSF:                  NO
 IND. OBJ. FUNC. VALUES SORTED:           NO
 NUMERICAL DERIVATIVE
       FILE REQUEST (NUMDER):               NONE
 MAP (ETAHAT) ESTIMATION METHOD (OPTMAP):   0
 ETA HESSIAN EVALUATION METHOD (ETADER):    0
 INITIAL ETA FOR MAP ESTIMATION (MCETA):    0
 SIGDIGITS FOR MAP ESTIMATION (SIGLO):      100
 GRADIENT SIGDIGITS OF
       FIXED EFFECTS PARAMETERS (SIGL):     100
 NOPRIOR SETTING (NOPRIOR):                 OFF
 NOCOV SETTING (NOCOV):                     OFF
 DERCONT SETTING (DERCONT):                 OFF
 FINAL ETA RE-EVALUATION (FNLETA):          ON
 EXCLUDE NON-INFLUENTIAL (NON-INFL.) ETAS
       IN SHRINKAGE (ETASTYPE):             NO
 NON-INFL. ETA CORRECTION (NONINFETA):      OFF
 RAW OUTPUT FILE (FILE): run006c4.ext
 EXCLUDE TITLE (NOTITLE):                   NO
 EXCLUDE COLUMN LABELS (NOLABEL):           NO
 FORMAT FOR ADDITIONAL FILES (FORMAT):      S1PE12.5
 PARAMETER ORDER FOR OUTPUTS (ORDER):       TSOL
 WISHART PRIOR DF INTERPRETATION (WISHTYPE):0
 KNUTHSUMOFF:                               0
 INCLUDE LNTWOPI:                           NO
 INCLUDE CONSTANT TERM TO PRIOR (PRIORC):   NO
 INCLUDE CONSTANT TERM TO OMEGA (ETA) (OLNTWOPI):NO
 EM OR BAYESIAN METHOD USED:                MCMC BAYESIAN (BAYES)
 MU MODELING PATTERN (MUM):
 GRADIENT/GIBBS PATTERN (GRD):
 AUTOMATIC SETTING FEATURE (AUTO):          OFF
 CONVERGENCE TYPE (CTYPE):                  3
 KEEP ITERATIONS (THIN):            1
 CONVERGENCE INTERVAL (CINTERVAL):          20
 CONVERGENCE ITERATIONS (CITER):            10
 CONVERGENCE ALPHA ERROR (CALPHA):          5.000000000000000E-02
 BURN-IN ITERATIONS (NBURN):                4000
 ITERATIONS (NITER):                        10000
 ANEAL SETTING (CONSTRAIN):                 1
 STARTING SEED FOR MC METHODS (SEED):       30795
 MC SAMPLES PER SUBJECT (ISAMPLE):          1
 RANDOM SAMPLING METHOD (RANMETHOD):        3U
 PROPOSAL DENSITY SCALING RANGE
              (ISCALE_MIN, ISCALE_MAX):     1.000000000000000E-06   ,1000000.00000000
 SAMPLE ACCEPTANCE RATE (IACCEPT):          0.400000000000000
 METROPOLIS HASTINGS SAMPLING FOR INDIVIDUAL ETAS:
 SAMPLES FOR GLOBAL SEARCH KERNEL (ISAMPLE_M1):          2
 SAMPLES FOR NEIGHBOR SEARCH KERNEL (ISAMPLE_M1A):       0
 SAMPLES FOR MASS/IMP/POST. MATRIX SEARCH (ISAMPLE_M1B): 2
 SAMPLES FOR LOCAL SEARCH KERNEL (ISAMPLE_M2):           2
 SAMPLES FOR LOCAL UNIVARIATE KERNEL (ISAMPLE_M3):       2
 PWR. WT. MASS/IMP/POST MATRIX ACCUM. FOR ETAS (IKAPPA): 1.00000000000000
 MASS/IMP./POST. MATRIX REFRESH SETTING (MASSREST):      -1
 METROPOLIS HASTINGS POPULATION SAMPLING FOR NON-GIBBS
 SAMPLED THETAS AND SIGMAS:
 PROPOSAL DENSITY SCALING RANGE
              (PSCALE_MIN, PSCALE_MAX):   1.000000000000000E-02   ,1000.00000000000
 SAMPLE ACCEPTANCE RATE (PACCEPT):                       0.500000000000000
 SAMPLES FOR GLOBAL SEARCH KERNEL (PSAMPLE_M1):          1
 SAMPLES FOR LOCAL SEARCH KERNEL (PSAMPLE_M2):           -1
 SAMPLES FOR LOCAL UNIVARIATE KERNEL (PSAMPLE_M3):       1
 METROPOLIS HASTINGS POPULATION SAMPLING FOR NON-GIBBS
 SAMPLED OMEGAS:
 SAMPLE ACCEPTANCE RATE (OACCEPT):                       0.500000000000000
 SAMPLES FOR GLOBAL SEARCH KERNEL (OSAMPLE_M1):          -1
 SAMPLES FOR LOCAL SEARCH KERNEL (OSAMPLE_M2):           -1
 SAMPLES FOR LOCAL UNIVARIATE SEARCH KERNEL (OSAMPLE_M3):0
 DEG. FR. FOR T DIST.  PRIOR FOR THETAS (TTDF):        0.00000000000000
 DEG. FR. FOR LKJ CORRELATION PRIOR FOR OMEGAS (OLKJDF): 0.00000000000000
 WEIGHT FACTOR FOR STD PRIOR FOR OMEGAS (OVARF): 1.00000000000000
 DEG. FR. FOR LKJ CORRELATION PRIOR FOR SIGMAS (SLKJDF): 0.00000000000000
 WEIGHT FACTOR FOR STD PRIOR FOR SIGMAS (SVARF): 1.00000000000000


 THE FOLLOWING LABELS ARE EQUIVALENT
 PRED=PREDI
 RES=RESI
 WRES=WRESI
 IWRS=IWRESI
 IPRD=IPREDI
 IRS=IRESI

 EM/BAYES SETUP:
 THETAS THAT ARE MU MODELED:
   1   2
 THETAS THAT ARE GIBBS SAMPLED:
   1   2
 THETAS THAT ARE METROPOLIS-HASTINGS SAMPLED:
 
 SIGMAS THAT ARE GIBBS SAMPLED:
   1
 SIGMAS THAT ARE METROPOLIS-HASTINGS SAMPLED:
 
 OMEGAS ARE GIBBS SAMPLED

 MONITORING OF SEARCH:

 Burn-in Mode
 iteration        -4000 MCMCOBJ=    2.5983847431033528E+018
 iteration        -3980 MCMCOBJ=    950.14583809358840     
 iteration        -3960 MCMCOBJ=    492.87366499185669     
 iteration        -3940 MCMCOBJ=    464.66739732209999     
 iteration        -3920 MCMCOBJ=    509.25904772126614     
 iteration        -3900 MCMCOBJ=    501.43315570813320     
 iteration        -3880 MCMCOBJ=    478.69828058945399     
 iteration        -3860 MCMCOBJ=    474.21913640005789     
 iteration        -3840 MCMCOBJ=    485.78799822249789     
 iteration        -3820 MCMCOBJ=    469.94138274799604     
 iteration        -3800 MCMCOBJ=    510.63706880683168     
 Convergence achieved
 Sampling Mode
 iteration            0 MCMCOBJ=    513.15737726959662     
 iteration           20 MCMCOBJ=    503.78683785133552     
 iteration           40 MCMCOBJ=    471.57303694130587     
 iteration           60 MCMCOBJ=    487.04196544391635     
 iteration           80 MCMCOBJ=    468.48096554120178     
 iteration          100 MCMCOBJ=    495.28154293065057     
 iteration          120 MCMCOBJ=    489.18275835219106     
 iteration          140 MCMCOBJ=    480.03488828703570     
 iteration          160 MCMCOBJ=    490.67728776084880     
 iteration          180 MCMCOBJ=    482.86353035834372     
 iteration          200 MCMCOBJ=    473.77071213823842     
 iteration          220 MCMCOBJ=    472.34570961210778     
 iteration          240 MCMCOBJ=    472.97594870763294     
 iteration          260 MCMCOBJ=    477.20322638204311     
 iteration          280 MCMCOBJ=    481.47057652476582     
 iteration          300 MCMCOBJ=    462.20405105423742     
 iteration          320 MCMCOBJ=    498.48457010021991     
 iteration          340 MCMCOBJ=    462.75442000225644     
 iteration          360 MCMCOBJ=    509.52198603411694     
 iteration          380 MCMCOBJ=    485.81699993275004     
 iteration          400 MCMCOBJ=    507.82881735648715     
 iteration          420 MCMCOBJ=    473.09432257517915     
 iteration          440 MCMCOBJ=    477.22653327462837     
 iteration          460 MCMCOBJ=    462.07558208538131     
 iteration          480 MCMCOBJ=    479.17766400673901     
 iteration          500 MCMCOBJ=    508.16244516333404     
 iteration          520 MCMCOBJ=    465.27617204101603     
 iteration          540 MCMCOBJ=    494.63918896421666     
 iteration          560 MCMCOBJ=    480.27586026024773     
 iteration          580 MCMCOBJ=    487.11221122713260     
 iteration          600 MCMCOBJ=    485.43091082009784     
 iteration          620 MCMCOBJ=    463.37530061409132     
 iteration          640 MCMCOBJ=    467.39041614315141     
 iteration          660 MCMCOBJ=    480.48544459046445     
 iteration          680 MCMCOBJ=    462.15081882919122     
 iteration          700 MCMCOBJ=    494.63406882059599     
 iteration          720 MCMCOBJ=    489.56547980244250     
 iteration          740 MCMCOBJ=    491.10850587560282     
 iteration          760 MCMCOBJ=    484.90558504061920     
 iteration          780 MCMCOBJ=    495.54066055785160     
 iteration          800 MCMCOBJ=    478.93265759136216     
 iteration          820 MCMCOBJ=    468.51288049091738     
 iteration          840 MCMCOBJ=    496.88178105926619     
 iteration          860 MCMCOBJ=    481.63033862889262     
 iteration          880 MCMCOBJ=    483.80523061324743     
 iteration          900 MCMCOBJ=    469.25378116538451     
 iteration          920 MCMCOBJ=    479.24002637441117     
 iteration          940 MCMCOBJ=    474.30305425469396     
 iteration          960 MCMCOBJ=    494.28656680094156     
 iteration          980 MCMCOBJ=    508.26270547553895     
 iteration         1000 MCMCOBJ=    487.09174017276820     
 iteration         1020 MCMCOBJ=    452.70874387466938     
 iteration         1040 MCMCOBJ=    497.01218574955260     
 iteration         1060 MCMCOBJ=    476.25414953300208     
 iteration         1080 MCMCOBJ=    474.28734666027793     
 iteration         1100 MCMCOBJ=    466.31489149766281     
 iteration         1120 MCMCOBJ=    512.30418385834889     
 iteration         1140 MCMCOBJ=    483.93648735450392     
 iteration         1160 MCMCOBJ=    478.87678208746377     
 iteration         1180 MCMCOBJ=    485.39258544169911     
 iteration         1200 MCMCOBJ=    468.79772800868409     
 iteration         1220 MCMCOBJ=    459.96556307452664     
 iteration         1240 MCMCOBJ=    497.78565985797951     
 iteration         1260 MCMCOBJ=    470.97216907053394     
 iteration         1280 MCMCOBJ=    473.99195586965260     
 iteration         1300 MCMCOBJ=    455.06169521962397     
 iteration         1320 MCMCOBJ=    506.49970299262293     
 iteration         1340 MCMCOBJ=    494.73125888483082     
 iteration         1360 MCMCOBJ=    471.43944384548894     
 iteration         1380 MCMCOBJ=    489.78741482909311     
 iteration         1400 MCMCOBJ=    485.19398290717555     
 iteration         1420 MCMCOBJ=    487.03154246547751     
 iteration         1440 MCMCOBJ=    487.75988055438432     
 iteration         1460 MCMCOBJ=    493.18090002432382     
 iteration         1480 MCMCOBJ=    479.82323907674606     
 iteration         1500 MCMCOBJ=    498.33283719661478     
 iteration         1520 MCMCOBJ=    519.95697151497347     
 iteration         1540 MCMCOBJ=    485.49553490421243     
 iteration         1560 MCMCOBJ=    488.60747548057174     
 iteration         1580 MCMCOBJ=    460.38973093210410     
 iteration         1600 MCMCOBJ=    503.34464580549457     
 iteration         1620 MCMCOBJ=    496.44896448989425     
 iteration         1640 MCMCOBJ=    502.90741348779557     
 iteration         1660 MCMCOBJ=    486.93198500833324     
 iteration         1680 MCMCOBJ=    466.07262049407319     
 iteration         1700 MCMCOBJ=    478.97934885585255     
 iteration         1720 MCMCOBJ=    471.25415551471025     
 iteration         1740 MCMCOBJ=    478.76243132231201     
 iteration         1760 MCMCOBJ=    487.08624758371991     
 iteration         1780 MCMCOBJ=    498.75507439933148     
 iteration         1800 MCMCOBJ=    485.10544975647917     
 iteration         1820 MCMCOBJ=    494.80167736242566     
 iteration         1840 MCMCOBJ=    516.36948191864155     
 iteration         1860 MCMCOBJ=    469.08288572459054     
 iteration         1880 MCMCOBJ=    463.91345249252970     
 iteration         1900 MCMCOBJ=    481.12122499876591     
 iteration         1920 MCMCOBJ=    486.33761335789347     
 iteration         1940 MCMCOBJ=    487.53458839949570     
 iteration         1960 MCMCOBJ=    471.11485767746507     
 iteration         1980 MCMCOBJ=    484.58611745802278     
 iteration         2000 MCMCOBJ=    479.83725159248655     
 iteration         2020 MCMCOBJ=    461.48401137631805     
 iteration         2040 MCMCOBJ=    532.34081759042044     
 iteration         2060 MCMCOBJ=    494.79524223053437     
 iteration         2080 MCMCOBJ=    464.59379908698196     
 iteration         2100 MCMCOBJ=    454.00476240431254     
 iteration         2120 MCMCOBJ=    493.76131941248724     
 iteration         2140 MCMCOBJ=    463.16839059475751     
 iteration         2160 MCMCOBJ=    484.11079611758066     
 iteration         2180 MCMCOBJ=    496.76541400198721     
 iteration         2200 MCMCOBJ=    496.98496036984596     
 iteration         2220 MCMCOBJ=    462.19599884701978     
 iteration         2240 MCMCOBJ=    475.09011679142543     
 iteration         2260 MCMCOBJ=    500.13587481828216     
 iteration         2280 MCMCOBJ=    450.08918886047809     
 iteration         2300 MCMCOBJ=    485.89551496514594     
 iteration         2320 MCMCOBJ=    495.81933843055026     
 iteration         2340 MCMCOBJ=    495.69770715418855     
 iteration         2360 MCMCOBJ=    483.30957494854596     
 iteration         2380 MCMCOBJ=    482.39149420591542     
 iteration         2400 MCMCOBJ=    499.55315602188614     
 iteration         2420 MCMCOBJ=    485.24197043282516     
 iteration         2440 MCMCOBJ=    482.08356778057589     
 iteration         2460 MCMCOBJ=    492.49659520387780     
 iteration         2480 MCMCOBJ=    478.10374255950575     
 iteration         2500 MCMCOBJ=    481.51702303498246     
 iteration         2520 MCMCOBJ=    468.08909405005937     
 iteration         2540 MCMCOBJ=    468.84677477668890     
 iteration         2560 MCMCOBJ=    500.56776197529047     
 iteration         2580 MCMCOBJ=    477.91309188845383     
 iteration         2600 MCMCOBJ=    486.48801460926870     
 iteration         2620 MCMCOBJ=    510.23308480602975     
 iteration         2640 MCMCOBJ=    477.40876577513842     
 iteration         2660 MCMCOBJ=    451.24499841121013     
 iteration         2680 MCMCOBJ=    469.53578336675849     
 iteration         2700 MCMCOBJ=    481.27440560811630     
 iteration         2720 MCMCOBJ=    494.50972071221224     
 iteration         2740 MCMCOBJ=    481.51099875983857     
 iteration         2760 MCMCOBJ=    498.94523124038994     
 iteration         2780 MCMCOBJ=    467.98205138003931     
 iteration         2800 MCMCOBJ=    494.05922731621280     
 iteration         2820 MCMCOBJ=    499.90492587852515     
 iteration         2840 MCMCOBJ=    466.09141981131603     
 iteration         2860 MCMCOBJ=    468.19107361539056     
 iteration         2880 MCMCOBJ=    472.50177267787484     
 iteration         2900 MCMCOBJ=    446.09934675881806     
 iteration         2920 MCMCOBJ=    512.28219767628707     
 iteration         2940 MCMCOBJ=    481.81486883095528     
 iteration         2960 MCMCOBJ=    487.80191729714522     
 iteration         2980 MCMCOBJ=    473.45398483548001     
 iteration         3000 MCMCOBJ=    477.15515120345611     
 iteration         3020 MCMCOBJ=    499.99472573032995     
 iteration         3040 MCMCOBJ=    488.32382723631446     
 iteration         3060 MCMCOBJ=    483.54518256422233     
 iteration         3080 MCMCOBJ=    479.13829576927139     
 iteration         3100 MCMCOBJ=    465.15552275511010     
 iteration         3120 MCMCOBJ=    479.17357353696741     
 iteration         3140 MCMCOBJ=    472.06431543222027     
 iteration         3160 MCMCOBJ=    447.05766207379514     
 iteration         3180 MCMCOBJ=    460.42239217826915     
 iteration         3200 MCMCOBJ=    485.86717649703496     
 iteration         3220 MCMCOBJ=    492.29053592929245     
 iteration         3240 MCMCOBJ=    462.25196258640278     
 iteration         3260 MCMCOBJ=    504.42563858788094     
 iteration         3280 MCMCOBJ=    477.58897646530136     
 iteration         3300 MCMCOBJ=    467.79039418476242     
 iteration         3320 MCMCOBJ=    488.04753043479457     
 iteration         3340 MCMCOBJ=    481.51665449288879     
 iteration         3360 MCMCOBJ=    496.05833252864159     
 iteration         3380 MCMCOBJ=    486.35880176590143     
 iteration         3400 MCMCOBJ=    513.87198183930343     
 iteration         3420 MCMCOBJ=    460.89453911115299     
 iteration         3440 MCMCOBJ=    473.23678824404880     
 iteration         3460 MCMCOBJ=    498.53282089114253     
 iteration         3480 MCMCOBJ=    466.70451971795450     
 iteration         3500 MCMCOBJ=    488.48738059499590     
 iteration         3520 MCMCOBJ=    482.29296926861872     
 iteration         3540 MCMCOBJ=    470.48081047855567     
 iteration         3560 MCMCOBJ=    491.75698069486305     
 iteration         3580 MCMCOBJ=    466.94574629687054     
 iteration         3600 MCMCOBJ=    454.50614860052423     
 iteration         3620 MCMCOBJ=    483.03253905922395     
 iteration         3640 MCMCOBJ=    473.83795866625701     
 iteration         3660 MCMCOBJ=    493.69097297963617     
 iteration         3680 MCMCOBJ=    495.60621076165882     
 iteration         3700 MCMCOBJ=    501.85009949372403     
 iteration         3720 MCMCOBJ=    479.32658942264976     
 iteration         3740 MCMCOBJ=    470.21409951197609     
 iteration         3760 MCMCOBJ=    457.05796443654913     
 iteration         3780 MCMCOBJ=    486.24042703425727     
 iteration         3800 MCMCOBJ=    498.05617226146722     
 iteration         3820 MCMCOBJ=    464.60825585053976     
 iteration         3840 MCMCOBJ=    480.00638028135512     
 iteration         3860 MCMCOBJ=    501.44904314394870     
 iteration         3880 MCMCOBJ=    495.29226032713223     
 iteration         3900 MCMCOBJ=    499.26743492695198     
 iteration         3920 MCMCOBJ=    479.01986164128238     
 iteration         3940 MCMCOBJ=    484.16488920662670     
 iteration         3960 MCMCOBJ=    468.93100746491223     
 iteration         3980 MCMCOBJ=    470.11233417769682     
 iteration         4000 MCMCOBJ=    480.09122154473033     
 iteration         4020 MCMCOBJ=    452.46637416891542     
 iteration         4040 MCMCOBJ=    463.76483476818851     
 iteration         4060 MCMCOBJ=    491.11707453381729     
 iteration         4080 MCMCOBJ=    481.51201582987005     
 iteration         4100 MCMCOBJ=    509.95299424474001     
 iteration         4120 MCMCOBJ=    482.79545066502476     
 iteration         4140 MCMCOBJ=    472.71891739375559     
 iteration         4160 MCMCOBJ=    453.64979097753422     
 iteration         4180 MCMCOBJ=    517.24764362771316     
 iteration         4200 MCMCOBJ=    513.86502820644660     
 iteration         4220 MCMCOBJ=    489.06924915056862     
 iteration         4240 MCMCOBJ=    475.05858418026065     
 iteration         4260 MCMCOBJ=    461.89991553860671     
 iteration         4280 MCMCOBJ=    500.86755842828290     
 iteration         4300 MCMCOBJ=    482.64817987999589     
 iteration         4320 MCMCOBJ=    468.53828591496870     
 iteration         4340 MCMCOBJ=    473.78568815859796     
 iteration         4360 MCMCOBJ=    477.76078023427266     
 iteration         4380 MCMCOBJ=    451.08657458634644     
 iteration         4400 MCMCOBJ=    477.58181570717693     
 iteration         4420 MCMCOBJ=    509.12188470185782     
 iteration         4440 MCMCOBJ=    482.21124746730572     
 iteration         4460 MCMCOBJ=    477.87309934401532     
 iteration         4480 MCMCOBJ=    478.52395271746201     
 iteration         4500 MCMCOBJ=    450.40521184702914     
 iteration         4520 MCMCOBJ=    485.91086172753830     
 iteration         4540 MCMCOBJ=    471.19264498755120     
 iteration         4560 MCMCOBJ=    477.25520716446312     
 iteration         4580 MCMCOBJ=    469.69683015846778     
 iteration         4600 MCMCOBJ=    471.60140155560674     
 iteration         4620 MCMCOBJ=    469.67808757299042     
 iteration         4640 MCMCOBJ=    498.23782625477378     
 iteration         4660 MCMCOBJ=    478.60541987183103     
 iteration         4680 MCMCOBJ=    480.50520750672086     
 iteration         4700 MCMCOBJ=    498.55317969356867     
 iteration         4720 MCMCOBJ=    499.13917545338779     
 iteration         4740 MCMCOBJ=    470.21243852863444     
 iteration         4760 MCMCOBJ=    494.75609132691005     
 iteration         4780 MCMCOBJ=    484.69064107254309     
 iteration         4800 MCMCOBJ=    485.22189129270856     
 iteration         4820 MCMCOBJ=    504.06447033457653     
 iteration         4840 MCMCOBJ=    491.93836083532580     
 iteration         4860 MCMCOBJ=    521.08282563621879     
 iteration         4880 MCMCOBJ=    484.05593003524899     
 iteration         4900 MCMCOBJ=    494.94533761947230     
 iteration         4920 MCMCOBJ=    485.73435072571368     
 iteration         4940 MCMCOBJ=    506.58389479192283     
 iteration         4960 MCMCOBJ=    481.49714467426855     
 iteration         4980 MCMCOBJ=    490.34508353938264     
 iteration         5000 MCMCOBJ=    498.08780087825687     
 iteration         5020 MCMCOBJ=    492.66438381584788     
 iteration         5040 MCMCOBJ=    456.21354135950406     
 iteration         5060 MCMCOBJ=    500.72930769300996     
 iteration         5080 MCMCOBJ=    504.30439703930449     
 iteration         5100 MCMCOBJ=    498.39667832328661     
 iteration         5120 MCMCOBJ=    482.25880684667192     
 iteration         5140 MCMCOBJ=    481.22785405371150     
 iteration         5160 MCMCOBJ=    486.32740444508556     
 iteration         5180 MCMCOBJ=    500.94828380741029     
 iteration         5200 MCMCOBJ=    465.59253145029237     
 iteration         5220 MCMCOBJ=    480.32458562240510     
 iteration         5240 MCMCOBJ=    484.93156711136487     
 iteration         5260 MCMCOBJ=    482.57561624816481     
 iteration         5280 MCMCOBJ=    469.98273658858159     
 iteration         5300 MCMCOBJ=    503.94345565769191     
 iteration         5320 MCMCOBJ=    464.15565298616480     
 iteration         5340 MCMCOBJ=    485.35333244197824     
 iteration         5360 MCMCOBJ=    485.05960630804123     
 iteration         5380 MCMCOBJ=    514.76311470282599     
 iteration         5400 MCMCOBJ=    498.67319795532359     
 iteration         5420 MCMCOBJ=    500.62554831181109     
 iteration         5440 MCMCOBJ=    483.45938241623537     
 iteration         5460 MCMCOBJ=    499.73684718275410     
 iteration         5480 MCMCOBJ=    495.44999195847805     
 iteration         5500 MCMCOBJ=    500.01898452158605     
 iteration         5520 MCMCOBJ=    505.11203546890937     
 iteration         5540 MCMCOBJ=    474.78060282263806     
 iteration         5560 MCMCOBJ=    475.86667306657313     
 iteration         5580 MCMCOBJ=    490.36597312325165     
 iteration         5600 MCMCOBJ=    479.63853328617620     
 iteration         5620 MCMCOBJ=    491.72437274341911     
 iteration         5640 MCMCOBJ=    497.22455107283105     
 iteration         5660 MCMCOBJ=    480.85517442242798     
 iteration         5680 MCMCOBJ=    503.37222884542251     
 iteration         5700 MCMCOBJ=    480.97027913553245     
 iteration         5720 MCMCOBJ=    464.65276613469558     
 iteration         5740 MCMCOBJ=    479.92409212324077     
 iteration         5760 MCMCOBJ=    509.61107447410370     
 iteration         5780 MCMCOBJ=    480.85202213321099     
 iteration         5800 MCMCOBJ=    477.17711900976491     
 iteration         5820 MCMCOBJ=    496.61930146160842     
 iteration         5840 MCMCOBJ=    488.57931141556276     
 iteration         5860 MCMCOBJ=    463.85042530642426     
 iteration         5880 MCMCOBJ=    491.29252669379645     
 iteration         5900 MCMCOBJ=    488.67649120643256     
 iteration         5920 MCMCOBJ=    498.36459282623878     
 iteration         5940 MCMCOBJ=    489.04612517379007     
 iteration         5960 MCMCOBJ=    505.56610047510372     
 iteration         5980 MCMCOBJ=    479.93696327027703     
 iteration         6000 MCMCOBJ=    482.85002121474594     
 iteration         6020 MCMCOBJ=    484.88801116070141     
 iteration         6040 MCMCOBJ=    503.63330054695410     
 iteration         6060 MCMCOBJ=    481.64489153395414     
 iteration         6080 MCMCOBJ=    504.24495149520959     
 iteration         6100 MCMCOBJ=    475.47010267742559     
 iteration         6120 MCMCOBJ=    538.75347131672663     
 iteration         6140 MCMCOBJ=    495.84884149374460     
 iteration         6160 MCMCOBJ=    461.36845139039804     
 iteration         6180 MCMCOBJ=    464.90462350605753     
 iteration         6200 MCMCOBJ=    484.03611397393848     
 iteration         6220 MCMCOBJ=    473.44382823729984     
 iteration         6240 MCMCOBJ=    466.59980348069763     
 iteration         6260 MCMCOBJ=    464.20995840922734     
 iteration         6280 MCMCOBJ=    479.75820829863574     
 iteration         6300 MCMCOBJ=    470.45512242163517     
 iteration         6320 MCMCOBJ=    484.90465707078693     
 iteration         6340 MCMCOBJ=    496.72971888271366     
 iteration         6360 MCMCOBJ=    505.36878603281315     
 iteration         6380 MCMCOBJ=    476.94146104982758     
 iteration         6400 MCMCOBJ=    484.07008317413317     
 iteration         6420 MCMCOBJ=    465.35128612730415     
 iteration         6440 MCMCOBJ=    514.52022390051616     
 iteration         6460 MCMCOBJ=    462.76506162408350     
 iteration         6480 MCMCOBJ=    507.65969373042219     
 iteration         6500 MCMCOBJ=    466.09444708906796     
 iteration         6520 MCMCOBJ=    488.95747101179353     
 iteration         6540 MCMCOBJ=    488.12575872181435     
 iteration         6560 MCMCOBJ=    467.15380795472697     
 iteration         6580 MCMCOBJ=    459.63748727736674     
 iteration         6600 MCMCOBJ=    475.01118943343317     
 iteration         6620 MCMCOBJ=    477.23216995600478     
 iteration         6640 MCMCOBJ=    468.42311165464497     
 iteration         6660 MCMCOBJ=    495.21804876697792     
 iteration         6680 MCMCOBJ=    466.36789055359651     
 iteration         6700 MCMCOBJ=    475.86619105801077     
 iteration         6720 MCMCOBJ=    457.15779085791200     
 iteration         6740 MCMCOBJ=    509.14844355586882     
 iteration         6760 MCMCOBJ=    528.78251127326041     
 iteration         6780 MCMCOBJ=    458.74685442817582     
 iteration         6800 MCMCOBJ=    477.27423088822667     
 iteration         6820 MCMCOBJ=    495.45981745389906     
 iteration         6840 MCMCOBJ=    503.08782229427055     
 iteration         6860 MCMCOBJ=    483.16082353604116     
 iteration         6880 MCMCOBJ=    486.86531700852970     
 iteration         6900 MCMCOBJ=    487.36919164351104     
 iteration         6920 MCMCOBJ=    468.41587114449982     
 iteration         6940 MCMCOBJ=    504.66895365765680     
 iteration         6960 MCMCOBJ=    483.80109297421251     
 iteration         6980 MCMCOBJ=    471.92891796773580     
 iteration         7000 MCMCOBJ=    470.82980039627762     
 iteration         7020 MCMCOBJ=    488.29880891971828     
 iteration         7040 MCMCOBJ=    460.54294999720724     
 iteration         7060 MCMCOBJ=    507.43848065944269     
 iteration         7080 MCMCOBJ=    468.62157504315365     
 iteration         7100 MCMCOBJ=    475.11806739152962     
 iteration         7120 MCMCOBJ=    500.83352554628186     
 iteration         7140 MCMCOBJ=    479.78598577711386     
 iteration         7160 MCMCOBJ=    486.21566760055202     
 iteration         7180 MCMCOBJ=    478.19832883535076     
 iteration         7200 MCMCOBJ=    499.41785343679521     
 iteration         7220 MCMCOBJ=    513.13164756824597     
 iteration         7240 MCMCOBJ=    463.18555524675179     
 iteration         7260 MCMCOBJ=    495.67399150896972     
 iteration         7280 MCMCOBJ=    516.14285861801602     
 iteration         7300 MCMCOBJ=    481.26913105239294     
 iteration         7320 MCMCOBJ=    484.39672324815393     
 iteration         7340 MCMCOBJ=    502.44761414890775     
 iteration         7360 MCMCOBJ=    489.36518420324916     
 iteration         7380 MCMCOBJ=    512.83962800676454     
 iteration         7400 MCMCOBJ=    492.56072937891440     
 iteration         7420 MCMCOBJ=    469.28500333201993     
 iteration         7440 MCMCOBJ=    513.32511410349559     
 iteration         7460 MCMCOBJ=    481.29345828180499     
 iteration         7480 MCMCOBJ=    471.50599737201537     
 iteration         7500 MCMCOBJ=    480.00653324201903     
 iteration         7520 MCMCOBJ=    532.67566742381757     
 iteration         7540 MCMCOBJ=    485.82841483412960     
 iteration         7560 MCMCOBJ=    474.76574492237660     
 iteration         7580 MCMCOBJ=    475.99431581360943     
 iteration         7600 MCMCOBJ=    467.39890613786378     
 iteration         7620 MCMCOBJ=    467.23512441365671     
 iteration         7640 MCMCOBJ=    505.75071970622440     
 iteration         7660 MCMCOBJ=    499.73910843050083     
 iteration         7680 MCMCOBJ=    491.60564209658799     
 iteration         7700 MCMCOBJ=    470.88528717636814     
 iteration         7720 MCMCOBJ=    473.87793394401632     
 iteration         7740 MCMCOBJ=    478.14924352088440     
 iteration         7760 MCMCOBJ=    466.45347785211260     
 iteration         7780 MCMCOBJ=    456.90901414976798     
 iteration         7800 MCMCOBJ=    470.08635480908214     
 iteration         7820 MCMCOBJ=    500.57447345087337     
 iteration         7840 MCMCOBJ=    489.85404229392827     
 iteration         7860 MCMCOBJ=    478.82998635597096     
 iteration         7880 MCMCOBJ=    524.13087230373617     
 iteration         7900 MCMCOBJ=    475.34547217602886     
 iteration         7920 MCMCOBJ=    497.92396746016334     
 iteration         7940 MCMCOBJ=    486.01492924774954     
 iteration         7960 MCMCOBJ=    462.68150472483916     
 iteration         7980 MCMCOBJ=    479.42061423898269     
 iteration         8000 MCMCOBJ=    468.21151028957189     
 iteration         8020 MCMCOBJ=    452.51873664168272     
 iteration         8040 MCMCOBJ=    481.52165859295945     
 iteration         8060 MCMCOBJ=    456.35359533091878     
 iteration         8080 MCMCOBJ=    476.40448173646627     
 iteration         8100 MCMCOBJ=    489.18240588700991     
 iteration         8120 MCMCOBJ=    498.16651142508510     
 iteration         8140 MCMCOBJ=    474.47433539116304     
 iteration         8160 MCMCOBJ=    541.23632963880971     
 iteration         8180 MCMCOBJ=    493.31665462372325     
 iteration         8200 MCMCOBJ=    497.00200831736549     
 iteration         8220 MCMCOBJ=    498.05262044447466     
 iteration         8240 MCMCOBJ=    477.33882455805468     
 iteration         8260 MCMCOBJ=    457.72489311776206     
 iteration         8280 MCMCOBJ=    497.21744260621131     
 iteration         8300 MCMCOBJ=    479.31631347023267     
 iteration         8320 MCMCOBJ=    482.91627640491640     
 iteration         8340 MCMCOBJ=    464.02851010744627     
 iteration         8360 MCMCOBJ=    482.17662380668929     
 iteration         8380 MCMCOBJ=    481.26938224872913     
 iteration         8400 MCMCOBJ=    456.94839295818031     
 iteration         8420 MCMCOBJ=    477.12751808663455     
 iteration         8440 MCMCOBJ=    509.67647847163619     
 iteration         8460 MCMCOBJ=    473.43512109265396     
 iteration         8480 MCMCOBJ=    475.78495437618369     
 iteration         8500 MCMCOBJ=    501.57229008604025     
 iteration         8520 MCMCOBJ=    458.99693779929862     
 iteration         8540 MCMCOBJ=    464.08877339854496     
 iteration         8560 MCMCOBJ=    468.30832329347902     
 iteration         8580 MCMCOBJ=    496.10741178074630     
 iteration         8600 MCMCOBJ=    483.86125023654176     
 iteration         8620 MCMCOBJ=    498.03831284642882     
 iteration         8640 MCMCOBJ=    489.15697687214379     
 iteration         8660 MCMCOBJ=    477.89934342803843     
 iteration         8680 MCMCOBJ=    474.75685123944533     
 iteration         8700 MCMCOBJ=    489.79472482334410     
 iteration         8720 MCMCOBJ=    499.96309644796912     
 iteration         8740 MCMCOBJ=    463.05831705862732     
 iteration         8760 MCMCOBJ=    504.55771582438717     
 iteration         8780 MCMCOBJ=    493.51735452170647     
 iteration         8800 MCMCOBJ=    480.78486321862533     
 iteration         8820 MCMCOBJ=    472.18378040422778     
 iteration         8840 MCMCOBJ=    497.52170694204432     
 iteration         8860 MCMCOBJ=    467.88467909649694     
 iteration         8880 MCMCOBJ=    465.71104717299983     
 iteration         8900 MCMCOBJ=    479.27459246756536     
 iteration         8920 MCMCOBJ=    514.99058101557762     
 iteration         8940 MCMCOBJ=    476.81689870612689     
 iteration         8960 MCMCOBJ=    513.93230007110014     
 iteration         8980 MCMCOBJ=    477.23181606851574     
 iteration         9000 MCMCOBJ=    478.63096971744613     
 iteration         9020 MCMCOBJ=    459.28551962892612     
 iteration         9040 MCMCOBJ=    481.63567586917225     
 iteration         9060 MCMCOBJ=    494.73580519392812     
 iteration         9080 MCMCOBJ=    471.25271959632295     
 iteration         9100 MCMCOBJ=    471.73462803481897     
 iteration         9120 MCMCOBJ=    477.20617214781169     
 iteration         9140 MCMCOBJ=    466.68339351540698     
 iteration         9160 MCMCOBJ=    485.74089106843161     
 iteration         9180 MCMCOBJ=    463.60713753403309     
 iteration         9200 MCMCOBJ=    471.34051594880219     
 iteration         9220 MCMCOBJ=    452.42557160031788     
 iteration         9240 MCMCOBJ=    453.46791563261155     
 iteration         9260 MCMCOBJ=    468.72805189438122     
 iteration         9280 MCMCOBJ=    470.29863954517174     
 iteration         9300 MCMCOBJ=    495.69733268842299     
 iteration         9320 MCMCOBJ=    477.14821566250305     
 iteration         9340 MCMCOBJ=    467.65737058398093     
 iteration         9360 MCMCOBJ=    528.02028376307965     
 iteration         9380 MCMCOBJ=    482.70599481319948     
 iteration         9400 MCMCOBJ=    512.76055197057610     
 iteration         9420 MCMCOBJ=    472.92860224136598     
 iteration         9440 MCMCOBJ=    489.85854787659900     
 iteration         9460 MCMCOBJ=    490.81843563379476     
 iteration         9480 MCMCOBJ=    488.33002623328878     
 iteration         9500 MCMCOBJ=    485.77418067522268     
 iteration         9520 MCMCOBJ=    510.42674993480176     
 iteration         9540 MCMCOBJ=    489.50484755032761     
 iteration         9560 MCMCOBJ=    467.24580740764071     
 iteration         9580 MCMCOBJ=    488.54556035636188     
 iteration         9600 MCMCOBJ=    491.72786099904914     
 iteration         9620 MCMCOBJ=    505.47821386302292     
 iteration         9640 MCMCOBJ=    469.08707787895042     
 iteration         9660 MCMCOBJ=    485.79460077564858     
 iteration         9680 MCMCOBJ=    475.49350661276435     
 iteration         9700 MCMCOBJ=    487.38986797768717     
 iteration         9720 MCMCOBJ=    477.36601319693858     
 iteration         9740 MCMCOBJ=    508.33502115257755     
 iteration         9760 MCMCOBJ=    508.97189743904892     
 iteration         9780 MCMCOBJ=    482.17266507544230     
 iteration         9800 MCMCOBJ=    496.15368974182968     
 iteration         9820 MCMCOBJ=    475.13049941772704     
 iteration         9840 MCMCOBJ=    474.49356325231253     
 iteration         9860 MCMCOBJ=    491.02399233909512     
 iteration         9880 MCMCOBJ=    488.09532061324182     
 iteration         9900 MCMCOBJ=    482.64560155750070     
 iteration         9920 MCMCOBJ=    515.75102389096003     
 iteration         9940 MCMCOBJ=    472.00543772348925     
 iteration         9960 MCMCOBJ=    472.22660682980774     
 iteration         9980 MCMCOBJ=    498.91033304379550     
 iteration        10000 MCMCOBJ=    491.37876231324253     
 BURN-IN WAS COMPLETED

 #TERM:
 STATISTICAL PORTION WAS COMPLETED
  
 TOTAL DATA POINTS NORMALLY DISTRIBUTED (N):          250
 N*LOG(2PI) CONSTANT TO OBJECTIVE FUNCTION:    459.46926660233635     
 OBJECTIVE FUNCTION VALUE WITHOUT CONSTANT:    485.31507612375964     
 OBJECTIVE FUNCTION VALUE WITH CONSTANT:       944.78434272609593     
 REPORTED OBJECTIVE FUNCTION DOES NOT CONTAIN CONSTANT
  
 TOTAL EFFECTIVE ETAS (NIND*NETA):                           100
 NIND*NETA*LOG(2PI) CONSTANT TO OBJECTIVE FUNCTION:    183.78770664093454     
 OBJECTIVE FUNCTION VALUE WITHOUT CONSTANT:    485.31507612375964     
 OBJECTIVE FUNCTION VALUE WITH CONSTANT:       669.10278276469421     
 REPORTED OBJECTIVE FUNCTION DOES NOT CONTAIN CONSTANT
  
 PRIOR CONSTANT TO OBJECTIVE FUNCTION:    30.823646298206345     
 OBJECTIVE FUNCTION VALUE WITHOUT CONSTANT:    485.31507612375964     
 OBJECTIVE FUNCTION VALUE WITH CONSTANT:       516.13872242196601     
 REPORTED OBJECTIVE FUNCTION DOES NOT CONTAIN CONSTANT
  
 #TERE:
 Elapsed estimation  time in seconds:    74.61
 Elapsed covariance  time in seconds:     0.00
1
 
 
 
 
 
 
 
 
 
 
 
 
 
 
 
 
 
 
 
 
 ************************************************************************************************************************
 ********************                                                                                ********************
 ********************                              MCMC BAYESIAN ANALYSIS                            ********************
 #OBJT:**************                       AVERAGE VALUE OF LIKELIHOOD FUNCTION                     ********************
 ********************                                                                                ********************
 ************************************************************************************************************************
 





 #OBJV:********************************************      485.315       **************************************************
 #OBJS:********************************************       17.515 (STD) **************************************************
1
 ************************************************************************************************************************
 ********************                                                                                ********************
 ********************                              MCMC BAYESIAN ANALYSIS                            ********************
 ********************                             FINAL PARAMETER ESTIMATE                           ********************
 ********************                                                                                ********************
 ************************************************************************************************************************
 


 THETA - VECTOR OF FIXED EFFECTS PARAMETERS   *********


         THETA(CL) THETA(V) 
 
         3.32E+00  3.50E+01
 


 OMEGA - COV MATRIX FOR RANDOM EFFECTS - ETAS  ********


         ETA(CL)   ETA(V)   
 
 ETA(CL)
+        1.00E-01
 
 ETA(V)
+        1.39E-02  4.45E-02
 


 SIGMA - COV MATRIX FOR RANDOM EFFECTS - EPSILONS  ****


         EPS1     
 
 EPS1
+        4.67E-02
 
1


 OMEGA - CORR MATRIX FOR RANDOM EFFECTS - ETAS  *******


         ETA(CL)   ETA(V)   
 
 ETA(CL)
+        3.15E-01
 
 ETA(V)
+        2.04E-01  2.09E-01
 


 SIGMA - CORR MATRIX FOR RANDOM EFFECTS - EPSILONS  ***


         EPS1     
 
 EPS1
+        2.16E-01
 
1
 ************************************************************************************************************************
 ********************                                                                                ********************
 ********************                              MCMC BAYESIAN ANALYSIS                            ********************
 ********************                STANDARD ERROR OF ESTIMATE (From Sample Variance)               ********************
 ********************                                                                                ********************
 ************************************************************************************************************************
 


 THETA - VECTOR OF FIXED EFFECTS PARAMETERS   *********


         THETA(CL) THETA(V) 
 
         1.56E-01  1.30E+00
 


 OMEGA - COV MATRIX FOR RANDOM EFFECTS - ETAS  ********


         ETA(CL)   ETA(V)   
 
 ETA(CL)
+        2.32E-02
 
 ETA(V)
+        1.23E-02  1.27E-02
 


 SIGMA - COV MATRIX FOR RANDOM EFFECTS - EPSILONS  ****


         EPS1     
 
 EPS1
+        5.42E-03
 
1


 OMEGA - CORR MATRIX FOR RANDOM EFFECTS - ETAS  *******


         ETA(CL)   ETA(V)   
 
 ETA(CL)
+        3.56E-02
 
 ETA(V)
+        1.65E-01  2.93E-02
 


 SIGMA - CORR MATRIX FOR RANDOM EFFECTS - EPSILONS  ***


         EPS1     
 
 EPS1
+        1.24E-02
 
1
 ************************************************************************************************************************
 ********************                                                                                ********************
 ********************                              MCMC BAYESIAN ANALYSIS                            ********************
 ********************               COVARIANCE MATRIX OF ESTIMATE (From Sample Variance)             ********************
 ********************                                                                                ********************
 ************************************************************************************************************************
 

            TH 1      TH 2      OM11      OM12      OM22      SG11  
 
 TH 1
+        2.44E-02
 
 TH 2
+        4.81E-02  1.70E+00
 
 OM11
+       -3.51E-05  1.79E-03  5.36E-04
 
 OM12
+        8.25E-05  3.77E-04  9.60E-05  1.52E-04
 
 OM22
+       -1.79E-05  3.59E-04  2.43E-05  5.28E-05  1.61E-04
 
 SG11
+        3.38E-05  7.21E-04 -3.58E-06 -4.29E-06 -6.21E-06  2.93E-05
 
1
 ************************************************************************************************************************
 ********************                                                                                ********************
 ********************                              MCMC BAYESIAN ANALYSIS                            ********************
 ********************              CORRELATION MATRIX OF ESTIMATE (From Sample Variance)             ********************
 ********************                                                                                ********************
 ************************************************************************************************************************
 

            TH 1      TH 2      OM11      OM12      OM22      SG11  
 
 TH 1
+        1.56E-01
 
 TH 2
+        2.36E-01  1.30E+00
 
 OM11
+       -9.70E-03  5.92E-02  2.32E-02
 
 OM12
+        4.28E-02  2.34E-02  3.36E-01  1.23E-02
 
 OM22
+       -9.02E-03  2.16E-02  8.26E-02  3.37E-01  1.27E-02
 
 SG11
+        4.00E-02  1.02E-01 -2.85E-02 -6.42E-02 -9.02E-02  5.42E-03
 
1
 ************************************************************************************************************************
 ********************                                                                                ********************
 ********************                              MCMC BAYESIAN ANALYSIS                            ********************
 ********************           INVERSE COVARIANCE MATRIX OF ESTIMATE (From Sample Variance)         ********************
 ********************                                                                                ********************
 ************************************************************************************************************************
 

            TH 1      TH 2      OM11      OM12      OM22      SG11  
 
 TH 1
+        4.36E+01
 
 TH 2
+       -1.23E+00  6.32E-01
 
 OM11
+        1.23E+01 -2.35E+00  2.12E+03
 
 OM12
+       -3.45E+01  8.82E-01 -1.38E+03  8.35E+03
 
 OM22
+        1.63E+01 -2.04E+00  1.46E+02 -2.51E+03  7.05E+03
 
 SG11
+       -2.00E+01 -1.47E+01  1.30E+02  5.40E+02  1.17E+03  3.48E+04
 
 Elapsed postprocess time in seconds:     0.00
 #CPUT: Total CPU Time in Seconds,       74.359
Stop Time: 
Sat 12/10/2016 
04:25 PM
