Mon 12/12/2016 
10:02 PM
$PROB one cmpt simple mu modeled bayes multidose tr
$SUB ADVAN1 TRANS2
$INPUT ID TIME DV OBSNUM CMT EVID AMT RATE ADDL II 
$DATA ..\mdata\simple_nocovar_56id_6tp_md.csv
IGNORE=@ IGNORE=(OBSNUM.EQN.1) IGNORE=(OBSNUM.EQN.2) IGNORE=(OBSNUM.EQN.4) IGNORE=(OBSNUM.EQN.5) IGNORE=(OBSNUM.EQN.6)
$ABBR REPLACE THETA(CL, V) = THETA(1 to 2)
$ABBR REPLACE ETA(CL, V) = ETA(1 to 2)

$THETAI
THETA(1:NTHETA)=LOG(THETAI(1:NTHETA))
THETAP(1:NTHETAP)=LOG(THETAPI(1:NTHETAP))
$THETAR
THETAR(1:NTHETA)=EXP(THETA(1:NTHETA))
THETAPR(1:NTHETAP)=EXP(THETAP(1:NTHETAP))

$PRIOR NWPRI 

$PK
"USE NMBAYES_INT, ONLY: ITER_REPORT,BAYES_EXTRA_REQUEST,BAYES_EXTRA
; Request extra information for Bayesian analysis.
; An extra call will then be made for accepted samples
"BAYES_EXTRA_REQUEST=1

MU_1 = THETA(CL)
MU_2 = THETA(V)
CL = EXP(MU_1 + ETA(CL))
V = EXP(MU_2 + ETA(V))
S1 = V

"IF(BAYES_EXTRA==1 .AND. ITER_REPORT>=0 .AND. TIME==0.0) THEN
"WRITE(50,98) ITER_REPORT,ID,CL,V
"98 FORMAT(I12,1X,F14.0,4(1X,1PG12.5))
"ENDIF

$ERROR
IPRED=F
Y = IPRED*(1 + ERR(1))  

$THETA
(0.001, 2.5) ; TVCL
(0.001, 46) ; TVV

$OMEGA BLOCK(2)
0.1    ; nCL
0.1  0.1  ; nV

$SIGMA
0.03 ; PROP

; THETA PRIORS
$THETAP (2.5 FIX) (46 FIX) 

; THETA (uniformative) PRIORs
$THETAPV BLOCK(2)
10000 FIX
0.0 10000 

$OMEGAP BLOCK(2)
0.2 FIX
0 0.2

; degrees of freedom to prior omega matrix - low dof = highly uninformative
$OMEGAPD (2 FIX)

$EST METHOD=CHAIN FILE=..\run007chains.chn NSAMPLE=0 ISAMPLE=4 DF=20
$EST METHOD=BAYES INTER NBURN=4000 NITER=10000 PRINT=20 NOPRIOR=0 CTYPE=3 CITER=10 SEED=56664
  
NM-TRAN MESSAGES 
  
 WARNINGS AND ERRORS (IF ANY) FOR PROBLEM    1
             
 (WARNING  2) NM-TRAN INFERS THAT THE DATA ARE POPULATION.

 (MU_WARNING 20) MU_001: MU_ VARIABLE SHOULD NOT BE DEFINED AFTER VERBATIM CODE.
  
License Registered to: Devin Pastoor
Expiration Date:    14 NOV 2017
Current Date:       12 DEC 2016
Days until program expires : 337
1NONLINEAR MIXED EFFECTS MODEL PROGRAM (NONMEM) VERSION 7.4.0 alpha14 (nm74a14)
 ORIGINALLY DEVELOPED BY STUART BEAL, LEWIS SHEINER, AND ALISON BOECKMANN
 CURRENT DEVELOPERS ARE ROBERT BAUER, ICON DEVELOPMENT SOLUTIONS,
 AND ALISON BOECKMANN. IMPLEMENTATION, EFFICIENCY, AND STANDARDIZATION
 PERFORMED BY NOUS INFOSYSTEMS.

 PROBLEM NO.:         1
 one cmpt simple mu modeled bayes multidose tr
0DATA CHECKOUT RUN:              NO
 DATA SET LOCATED ON UNIT NO.:    2
 THIS UNIT TO BE REWOUND:        NO
 NO. OF DATA RECS IN DATA SET:      112
 NO. OF DATA ITEMS IN DATA SET:  11
 ID DATA ITEM IS DATA ITEM NO.:   1
 DEP VARIABLE IS DATA ITEM NO.:   3
 MDV DATA ITEM IS DATA ITEM NO.: 11
0INDICES PASSED TO SUBROUTINE PRED:
   6   2   7   8   0  10   5   0   0   0   9
0LABELS FOR DATA ITEMS:
 ID TIME DV OBSNUM CMT EVID AMT RATE ADDL II MDV
0LABELS FOR THETAS
 THETA(1)=THETA(CL)
 THETA(2)=THETA(V)
0LABELS FOR ETAS
 ETA(1)=ETA(CL)
0LABELS FOR ETAS
 ETA(2)=ETA(V)
0FORMAT FOR DATA:
 (2E3.0,E17.0,3E2.0,2E5.0,E2.0,E3.0,1F2.0)

 TOT. NO. OF OBS RECS:       56
 TOT. NO. OF INDIVIDUALS:     56
0LENGTH OF THETA:   5
0DEFAULT THETA BOUNDARY TEST OMITTED:    NO
0OMEGA HAS BLOCK FORM:
  1
  1  1
  0  0  2
  0  0  2  2
  0  0  0  0  3
  0  0  0  0  3  3
0DEFAULT OMEGA BOUNDARY TEST OMITTED:    NO
0SIGMA HAS SIMPLE DIAGONAL FORM WITH DIMENSION:   1
0DEFAULT SIGMA BOUNDARY TEST OMITTED:    NO
0INITIAL ESTIMATE OF THETA:
 LOWER BOUND    INITIAL EST    UPPER BOUND
  0.1000E-02     0.2500E+01     0.1000E+07
  0.1000E-02     0.4600E+02     0.1000E+07
  0.2500E+01     0.2500E+01     0.2500E+01
  0.4600E+02     0.4600E+02     0.4600E+02
  0.2000E+01     0.2000E+01     0.2000E+01
0INITIAL ESTIMATE OF OMEGA:
 BLOCK SET NO.   BLOCK                                                                    FIXED
        1                                                                                   NO
 DIAGONAL SHIFT OF  1.1000E-07 WAS IMPOSED TO ENSURE POSITIVE DEFINITENESS
                  0.1000E+00
                  0.1000E+00   0.1000E+00
        2                                                                                  YES
                  0.1000E+05
                  0.0000E+00   0.1000E+05
        3                                                                                  YES
                  0.2000E+00
                  0.0000E+00   0.2000E+00
0INITIAL ESTIMATE OF SIGMA:
 0.3000E-01
0
 THETAI SUBROUTINE USER-SUPPLIED
 THETAR SUBROUTINE USER-SUPPLIED
 PRIOR SUBROUTINE USER-SUPPLIED
1DOUBLE PRECISION PREDPP VERSION 7.4.0 alpha14 (nm74a14)

 ONE COMPARTMENT MODEL (ADVAN1)
0MAXIMUM NO. OF BASIC PK PARAMETERS:   2
0BASIC PK PARAMETERS (AFTER TRANSLATION):
   ELIMINATION RATE (K) IS BASIC PK PARAMETER NO.:  1

 TRANSLATOR WILL CONVERT PARAMETERS
 CLEARANCE (CL) AND VOLUME (V) TO K (TRANS2)
0COMPARTMENT ATTRIBUTES
 COMPT. NO.   FUNCTION   INITIAL    ON/OFF      DOSE      DEFAULT    DEFAULT
                         STATUS     ALLOWED    ALLOWED    FOR DOSE   FOR OBS.
    1         CENTRAL      ON         NO         YES        YES        YES
    2         OUTPUT       OFF        YES        NO         NO         NO
1
 ADDITIONAL PK PARAMETERS - ASSIGNMENT OF ROWS IN GG
 COMPT. NO.                             INDICES
              SCALE      BIOAVAIL.   ZERO-ORDER  ZERO-ORDER  ABSORB
                         FRACTION    RATE        DURATION    LAG
    1            3           *           *           *           *
    2            *           -           -           -           -
             - PARAMETER IS NOT ALLOWED FOR THIS MODEL
             * PARAMETER IS NOT SUPPLIED BY PK SUBROUTINE;
               WILL DEFAULT TO ONE IF APPLICABLE
0DATA ITEM INDICES USED BY PRED ARE:
   EVENT ID DATA ITEM IS DATA ITEM NO.:      6
   TIME DATA ITEM IS DATA ITEM NO.:          2
   DOSE AMOUNT DATA ITEM IS DATA ITEM NO.:   7
   DOSE RATE DATA ITEM IS DATA ITEM NO.:     8
   INTERVAL DATA ITEM IS DATA ITEM NO.:     10
   ADDL. DOSES DATA ITEM IS DATA ITEM NO.:   9
   COMPT. NO. DATA ITEM IS DATA ITEM NO.:    5

0PK SUBROUTINE CALLED WITH EVERY EVENT RECORD.
 PK SUBROUTINE NOT CALLED AT NONEVENT (ADDITIONAL OR LAGGED) DOSE TIMES.
0ERROR SUBROUTINE CALLED WITH EVERY EVENT RECORD.
1


 #TBLN:      1
 #METH: Chain Method Processing

 RANDOM GENERATION TYPE (CTYPE):     0
 RANDOM GENERATION SEED (SEED):      11456
 RANDOM SAMPLE SELECTION (ISAMPLE):  4
 RANDOM SAMPLE RANGE END (ISAMPEND): -2147483647
 NUMBER OF RANDOM SAMPLES (NSAMPLE): 0
 UNIFORM FRACTIONAL RANGE (IACCEPT): 0.400000000000000
 RANDOM SELECTION TYPE (SELECT):     0
 DEG. FR. TO GENERATE OMEGAS (DF):   20
 DEG. FR. TO GENERATE SIGMAS (DFS):  -1
 CHAIN FILE (FILE):                  ..\run007chains.chn
 EXCL. TITLE IN CHAIN FILE (NOTITLE):NO
 EX. COL. LBS. IN CHAIN FL.(NOLABEL):NO
 FORMAT FOR CHAIN FILE (FORMAT):     S1PE12.5
 PAR. ORDER in CHAIN FILE (ORDER):   TSOL
 RANDOM SAMPLING METHOD (RANMETHOD):3U

 THE FOLLOWING LABELS ARE EQUIVALENT
 PRED=NPRED
 RES=NRES
 WRES=NWRES
 IWRS=NIWRES
 IPRD=NIPRED
 IRS=NIRES



 FROM SAMPLE 4 OF CHAIN FILE ..\run007chains.chn
 NEW INITIAL ESTIMATES OF THETA
  0.6050E-01
  0.1739E-02
 NEW INITIAL ESTIMATES OF OMEGA
  0.1747E+00
  0.1747E+00  0.1748E+00
 NEW INITIAL ESTIMATES OF SIGMA
  0.4110E-01
1


 #TBLN:      1
 #METH: MCMC Bayesian Analysis

 ESTIMATION STEP OMITTED:                 NO
 ANALYSIS TYPE:                           POPULATION
 NUMBER OF SADDLE POINT RESET ITERATIONS:      0
 GRADIENT METHOD USED:               NOSLOW
 CONDITIONAL ESTIMATES USED:              YES
 CENTERED ETA:                            NO
 EPS-ETA INTERACTION:                     YES
 LAPLACIAN OBJ. FUNC.:                    NO
 NO. OF FUNCT. EVALS. ALLOWED:            840
 NO. OF SIG. FIGURES REQUIRED:            3
 INTERMEDIATE PRINTOUT:                   YES
 ESTIMATE OUTPUT TO MSF:                  NO
 IND. OBJ. FUNC. VALUES SORTED:           NO
 NUMERICAL DERIVATIVE
       FILE REQUEST (NUMDER):               NONE
 MAP (ETAHAT) ESTIMATION METHOD (OPTMAP):   0
 ETA HESSIAN EVALUATION METHOD (ETADER):    0
 INITIAL ETA FOR MAP ESTIMATION (MCETA):    0
 SIGDIGITS FOR MAP ESTIMATION (SIGLO):      100
 GRADIENT SIGDIGITS OF
       FIXED EFFECTS PARAMETERS (SIGL):     100
 NOPRIOR SETTING (NOPRIOR):                 OFF
 NOCOV SETTING (NOCOV):                     OFF
 DERCONT SETTING (DERCONT):                 OFF
 FINAL ETA RE-EVALUATION (FNLETA):          ON
 EXCLUDE NON-INFLUENTIAL (NON-INFL.) ETAS
       IN SHRINKAGE (ETASTYPE):             NO
 NON-INFL. ETA CORRECTION (NONINFETA):      OFF
 RAW OUTPUT FILE (FILE): run013c4.ext
 EXCLUDE TITLE (NOTITLE):                   NO
 EXCLUDE COLUMN LABELS (NOLABEL):           NO
 FORMAT FOR ADDITIONAL FILES (FORMAT):      S1PE12.5
 PARAMETER ORDER FOR OUTPUTS (ORDER):       TSOL
 WISHART PRIOR DF INTERPRETATION (WISHTYPE):0
 KNUTHSUMOFF:                               0
 INCLUDE LNTWOPI:                           NO
 INCLUDE CONSTANT TERM TO PRIOR (PRIORC):   NO
 INCLUDE CONSTANT TERM TO OMEGA (ETA) (OLNTWOPI):NO
 EM OR BAYESIAN METHOD USED:                MCMC BAYESIAN (BAYES)
 MU MODELING PATTERN (MUM):
 GRADIENT/GIBBS PATTERN (GRD):
 AUTOMATIC SETTING FEATURE (AUTO):          OFF
 CONVERGENCE TYPE (CTYPE):                  3
 KEEP ITERATIONS (THIN):            1
 CONVERGENCE INTERVAL (CINTERVAL):          20
 CONVERGENCE ITERATIONS (CITER):            10
 CONVERGENCE ALPHA ERROR (CALPHA):          5.000000000000000E-02
 BURN-IN ITERATIONS (NBURN):                4000
 ITERATIONS (NITER):                        10000
 ANEAL SETTING (CONSTRAIN):                 1
 STARTING SEED FOR MC METHODS (SEED):       56664
 MC SAMPLES PER SUBJECT (ISAMPLE):          1
 RANDOM SAMPLING METHOD (RANMETHOD):        3U
 PROPOSAL DENSITY SCALING RANGE
              (ISCALE_MIN, ISCALE_MAX):     1.000000000000000E-06   ,1000000.00000000
 SAMPLE ACCEPTANCE RATE (IACCEPT):          0.400000000000000
 METROPOLIS HASTINGS SAMPLING FOR INDIVIDUAL ETAS:
 SAMPLES FOR GLOBAL SEARCH KERNEL (ISAMPLE_M1):          2
 SAMPLES FOR NEIGHBOR SEARCH KERNEL (ISAMPLE_M1A):       0
 SAMPLES FOR MASS/IMP/POST. MATRIX SEARCH (ISAMPLE_M1B): 2
 SAMPLES FOR LOCAL SEARCH KERNEL (ISAMPLE_M2):           2
 SAMPLES FOR LOCAL UNIVARIATE KERNEL (ISAMPLE_M3):       2
 PWR. WT. MASS/IMP/POST MATRIX ACCUM. FOR ETAS (IKAPPA): 1.00000000000000
 MASS/IMP./POST. MATRIX REFRESH SETTING (MASSREST):      -1
 METROPOLIS HASTINGS POPULATION SAMPLING FOR NON-GIBBS
 SAMPLED THETAS AND SIGMAS:
 PROPOSAL DENSITY SCALING RANGE
              (PSCALE_MIN, PSCALE_MAX):   1.000000000000000E-02   ,1000.00000000000
 SAMPLE ACCEPTANCE RATE (PACCEPT):                       0.500000000000000
 SAMPLES FOR GLOBAL SEARCH KERNEL (PSAMPLE_M1):          1
 SAMPLES FOR LOCAL SEARCH KERNEL (PSAMPLE_M2):           -1
 SAMPLES FOR LOCAL UNIVARIATE KERNEL (PSAMPLE_M3):       1
 METROPOLIS HASTINGS POPULATION SAMPLING FOR NON-GIBBS
 SAMPLED OMEGAS:
 SAMPLE ACCEPTANCE RATE (OACCEPT):                       0.500000000000000
 SAMPLES FOR GLOBAL SEARCH KERNEL (OSAMPLE_M1):          -1
 SAMPLES FOR LOCAL SEARCH KERNEL (OSAMPLE_M2):           -1
 SAMPLES FOR LOCAL UNIVARIATE SEARCH KERNEL (OSAMPLE_M3):0
 DEG. FR. FOR T DIST.  PRIOR FOR THETAS (TTDF):        0.00000000000000
 DEG. FR. FOR LKJ CORRELATION PRIOR FOR OMEGAS (OLKJDF): 0.00000000000000
 WEIGHT FACTOR FOR STD PRIOR FOR OMEGAS (OVARF): 1.00000000000000
 DEG. FR. FOR LKJ CORRELATION PRIOR FOR SIGMAS (SLKJDF): 0.00000000000000
 WEIGHT FACTOR FOR STD PRIOR FOR SIGMAS (SVARF): 1.00000000000000


 THE FOLLOWING LABELS ARE EQUIVALENT
 PRED=PREDI
 RES=RESI
 WRES=WRESI
 IWRS=IWRESI
 IPRD=IPREDI
 IRS=IRESI

 EM/BAYES SETUP:
 THETAS THAT ARE MU MODELED:
   1   2
 THETAS THAT ARE GIBBS SAMPLED:
   1   2
 THETAS THAT ARE METROPOLIS-HASTINGS SAMPLED:
 
 SIGMAS THAT ARE GIBBS SAMPLED:
   1
 SIGMAS THAT ARE METROPOLIS-HASTINGS SAMPLED:
 
 OMEGAS ARE GIBBS SAMPLED

 MONITORING OF SEARCH:

 Burn-in Mode
 iteration        -4000 MCMCOBJ=    838829895.58416295     
 iteration        -3980 MCMCOBJ=    110.62135656945017     
 iteration        -3960 MCMCOBJ=    36.367926553892225     
 iteration        -3940 MCMCOBJ=   -81.114086329436347     
 iteration        -3920 MCMCOBJ=   -134.04673202224407     
 iteration        -3900 MCMCOBJ=   -133.34346265527543     
 iteration        -3880 MCMCOBJ=   -196.23695468362311     
 iteration        -3860 MCMCOBJ=   -173.82657407165780     
 iteration        -3840 MCMCOBJ=   -224.36229627396668     
 iteration        -3820 MCMCOBJ=   -260.08147401833429     
 iteration        -3800 MCMCOBJ=   -347.99255899798550     
 iteration        -3780 MCMCOBJ=   -324.65285547784612     
 iteration        -3760 MCMCOBJ=   -224.37033384871336     
 iteration        -3740 MCMCOBJ=   -219.73358048660558     
 iteration        -3720 MCMCOBJ=   -348.15616737434789     
 iteration        -3700 MCMCOBJ=   -287.60703914267327     
 Convergence achieved
 Sampling Mode
 iteration            0 MCMCOBJ=   -268.34765370929335     
 iteration           20 MCMCOBJ=   -196.61016268713820     
 iteration           40 MCMCOBJ=   -122.78541253550425     
 iteration           60 MCMCOBJ=   -202.64284761960866     
 iteration           80 MCMCOBJ=   -128.23728942722542     
 iteration          100 MCMCOBJ=   -140.27726355684709     
 iteration          120 MCMCOBJ=   -223.64099888877740     
 iteration          140 MCMCOBJ=   -217.00397738903754     
 iteration          160 MCMCOBJ=   -211.67274130085053     
 iteration          180 MCMCOBJ=   -99.129157674033010     
 iteration          200 MCMCOBJ=   -211.78560355724630     
 iteration          220 MCMCOBJ=   -249.13745600961673     
 iteration          240 MCMCOBJ=   -212.88612836443210     
 iteration          260 MCMCOBJ=   -211.81220973409773     
 iteration          280 MCMCOBJ=   -244.53655098431037     
 iteration          300 MCMCOBJ=   -277.74936893131246     
 iteration          320 MCMCOBJ=   -332.46048358445864     
 iteration          340 MCMCOBJ=   -407.76602088825592     
 iteration          360 MCMCOBJ=   -436.39805934870009     
 iteration          380 MCMCOBJ=   -448.83368558369710     
 iteration          400 MCMCOBJ=   -522.18931488727264     
 iteration          420 MCMCOBJ=   -599.63070272397999     
 iteration          440 MCMCOBJ=   -450.40701190277281     
 iteration          460 MCMCOBJ=   -450.81097429413751     
 iteration          480 MCMCOBJ=   -451.71956838324928     
 iteration          500 MCMCOBJ=   -420.60657677572101     
 iteration          520 MCMCOBJ=   -364.42502298185144     
 iteration          540 MCMCOBJ=   -188.86460840310207     
 iteration          560 MCMCOBJ=   -134.62430812852892     
 iteration          580 MCMCOBJ=   -189.38505516064583     
 iteration          600 MCMCOBJ=   -189.11082922961492     
 iteration          620 MCMCOBJ=   -312.37574316515651     
 iteration          640 MCMCOBJ=   -281.86620583420620     
 iteration          660 MCMCOBJ=   -303.92803575390690     
 iteration          680 MCMCOBJ=   -311.43375593185777     
 iteration          700 MCMCOBJ=   -357.43902753551407     
 iteration          720 MCMCOBJ=   -283.89806021690129     
 iteration          740 MCMCOBJ=   -323.85269141678765     
 iteration          760 MCMCOBJ=   -335.28724788040410     
 iteration          780 MCMCOBJ=   -375.31685518359228     
 iteration          800 MCMCOBJ=   -371.59470982954804     
 iteration          820 MCMCOBJ=   -434.70569040092971     
 iteration          840 MCMCOBJ=   -429.01494912481394     
 iteration          860 MCMCOBJ=   -399.81010320421035     
 iteration          880 MCMCOBJ=   -381.54999776242937     
 iteration          900 MCMCOBJ=   -377.58627599244943     
 iteration          920 MCMCOBJ=   -371.62347219868911     
 iteration          940 MCMCOBJ=   -459.65793316793190     
 iteration          960 MCMCOBJ=   -479.99531242430237     
 iteration          980 MCMCOBJ=   -574.35371107453125     
 iteration         1000 MCMCOBJ=   -642.76512780182338     
 iteration         1020 MCMCOBJ=   -736.36237289441203     
 iteration         1040 MCMCOBJ=   -646.30025580434005     
 iteration         1060 MCMCOBJ=   -610.52420364404782     
 iteration         1080 MCMCOBJ=   -607.49148914984903     
 iteration         1100 MCMCOBJ=   -608.37991614262648     
 iteration         1120 MCMCOBJ=   -651.86345149844669     
 iteration         1140 MCMCOBJ=   -641.04370151671196     
 iteration         1160 MCMCOBJ=   -588.04038404810774     
 iteration         1180 MCMCOBJ=   -590.49850416065806     
 iteration         1200 MCMCOBJ=   -670.40297071081477     
 iteration         1220 MCMCOBJ=   -690.39248090735373     
 iteration         1240 MCMCOBJ=   -705.61845410426304     
 iteration         1260 MCMCOBJ=   -652.77859166134203     
 iteration         1280 MCMCOBJ=   -631.97341500824268     
 iteration         1300 MCMCOBJ=   -701.49273256040703     
 iteration         1320 MCMCOBJ=   -701.11591289427668     
 iteration         1340 MCMCOBJ=   -715.58749302901629     
 iteration         1360 MCMCOBJ=   -738.33643216758503     
 iteration         1380 MCMCOBJ=   -698.71688830460175     
 iteration         1400 MCMCOBJ=   -670.08275371511468     
 iteration         1420 MCMCOBJ=   -602.32930124586608     
 iteration         1440 MCMCOBJ=   -618.57990758259632     
 iteration         1460 MCMCOBJ=   -671.43243583918741     
 iteration         1480 MCMCOBJ=   -650.55415367759826     
 iteration         1500 MCMCOBJ=   -613.38444777093912     
 iteration         1520 MCMCOBJ=   -589.35635561390473     
 iteration         1540 MCMCOBJ=   -669.36984456339405     
 iteration         1560 MCMCOBJ=   -675.73761602085494     
 iteration         1580 MCMCOBJ=   -573.52377092187589     
 iteration         1600 MCMCOBJ=   -548.91298879470810     
 iteration         1620 MCMCOBJ=   -521.00721274768023     
 iteration         1640 MCMCOBJ=   -482.80416365555209     
 iteration         1660 MCMCOBJ=   -571.48480155414256     
 iteration         1680 MCMCOBJ=   -593.27770051217351     
 iteration         1700 MCMCOBJ=   -596.06917475793023     
 iteration         1720 MCMCOBJ=   -570.16696910273970     
 iteration         1740 MCMCOBJ=   -535.33389322667199     
 iteration         1760 MCMCOBJ=   -554.83051191635991     
 iteration         1780 MCMCOBJ=   -562.20076063725662     
 iteration         1800 MCMCOBJ=   -498.88890218987137     
 iteration         1820 MCMCOBJ=   -567.44949128230064     
 iteration         1840 MCMCOBJ=   -610.18072281099955     
 iteration         1860 MCMCOBJ=   -648.85843684770384     
 iteration         1880 MCMCOBJ=   -653.85182681011531     
 iteration         1900 MCMCOBJ=   -597.94079464064828     
 iteration         1920 MCMCOBJ=   -531.08887241567368     
 iteration         1940 MCMCOBJ=   -486.41601185133226     
 iteration         1960 MCMCOBJ=   -574.08908693486660     
 iteration         1980 MCMCOBJ=   -508.09435781292285     
 iteration         2000 MCMCOBJ=   -477.91500567660535     
 iteration         2020 MCMCOBJ=   -543.36976048234101     
 iteration         2040 MCMCOBJ=   -480.89252706251193     
 iteration         2060 MCMCOBJ=   -445.99640565392400     
 iteration         2080 MCMCOBJ=   -449.97358485180069     
 iteration         2100 MCMCOBJ=   -547.12545867971937     
 iteration         2120 MCMCOBJ=   -564.43810668100491     
 iteration         2140 MCMCOBJ=   -604.77349594191026     
 iteration         2160 MCMCOBJ=   -667.06486303808356     
 iteration         2180 MCMCOBJ=   -755.56031450148919     
 iteration         2200 MCMCOBJ=   -722.59529686846975     
 iteration         2220 MCMCOBJ=   -668.45152978771125     
 iteration         2240 MCMCOBJ=   -650.87424629534792     
 iteration         2260 MCMCOBJ=   -580.91577422941941     
 iteration         2280 MCMCOBJ=   -647.54289719787221     
 iteration         2300 MCMCOBJ=   -512.81629356165729     
 iteration         2320 MCMCOBJ=   -613.48654793603237     
 iteration         2340 MCMCOBJ=   -616.43466069970191     
 iteration         2360 MCMCOBJ=   -599.95142711443941     
 iteration         2380 MCMCOBJ=   -665.30497544595960     
 iteration         2400 MCMCOBJ=   -730.24211934646428     
 iteration         2420 MCMCOBJ=   -777.44843775961840     
 iteration         2440 MCMCOBJ=   -799.67692400187275     
 iteration         2460 MCMCOBJ=   -818.79435969311214     
 iteration         2480 MCMCOBJ=   -770.12496909827109     
 iteration         2500 MCMCOBJ=   -782.10731945942609     
 iteration         2520 MCMCOBJ=   -715.52817275689335     
 iteration         2540 MCMCOBJ=   -716.05628926242855     
 iteration         2560 MCMCOBJ=   -816.20962419046248     
 iteration         2580 MCMCOBJ=   -827.20156003950012     
 iteration         2600 MCMCOBJ=   -731.53052769103613     
 iteration         2620 MCMCOBJ=   -733.39307388277200     
 iteration         2640 MCMCOBJ=   -673.84501229201373     
 iteration         2660 MCMCOBJ=   -605.24733157741264     
 iteration         2680 MCMCOBJ=   -715.51206461918309     
 iteration         2700 MCMCOBJ=   -774.25997458778704     
 iteration         2720 MCMCOBJ=   -825.17576971576375     
 iteration         2740 MCMCOBJ=   -878.27856104577256     
 iteration         2760 MCMCOBJ=   -774.51719227424758     
 iteration         2780 MCMCOBJ=   -761.91115111940678     
 iteration         2800 MCMCOBJ=   -840.41129389943785     
 iteration         2820 MCMCOBJ=   -837.90726497442131     
 iteration         2840 MCMCOBJ=   -771.92139131021702     
 iteration         2860 MCMCOBJ=   -695.64867771315858     
 iteration         2880 MCMCOBJ=   -795.21903278614468     
 iteration         2900 MCMCOBJ=   -799.12534352842499     
 iteration         2920 MCMCOBJ=   -894.75236162685223     
 iteration         2940 MCMCOBJ=   -887.30119661613514     
 iteration         2960 MCMCOBJ=   -981.70934473790555     
 iteration         2980 MCMCOBJ=   -952.95511654235941     
 iteration         3000 MCMCOBJ=   -960.12558392142228     
 iteration         3020 MCMCOBJ=   -978.48295450260377     
 iteration         3040 MCMCOBJ=   -859.74913394058296     
 iteration         3060 MCMCOBJ=   -865.15459007119148     
 iteration         3080 MCMCOBJ=   -736.30769882649213     
 iteration         3100 MCMCOBJ=   -716.97770352398300     
 iteration         3120 MCMCOBJ=   -657.16046251457942     
 iteration         3140 MCMCOBJ=   -620.31107950949013     
 iteration         3160 MCMCOBJ=   -689.63464302471687     
 iteration         3180 MCMCOBJ=   -681.95472638701142     
 iteration         3200 MCMCOBJ=   -624.92315391770296     
 iteration         3220 MCMCOBJ=   -695.04550598698950     
 iteration         3240 MCMCOBJ=   -628.07571227418487     
 iteration         3260 MCMCOBJ=   -578.08437067805380     
 iteration         3280 MCMCOBJ=   -727.76697145094033     
 iteration         3300 MCMCOBJ=   -696.17598354499501     
 iteration         3320 MCMCOBJ=   -640.29825437254226     
 iteration         3340 MCMCOBJ=   -734.27750660436209     
 iteration         3360 MCMCOBJ=   -749.69008581470189     
 iteration         3380 MCMCOBJ=   -684.70142374873365     
 iteration         3400 MCMCOBJ=   -724.74180437396092     
 iteration         3420 MCMCOBJ=   -733.54836593917230     
 iteration         3440 MCMCOBJ=   -739.83044550492400     
 iteration         3460 MCMCOBJ=   -751.16534385921045     
 iteration         3480 MCMCOBJ=   -832.79515932977301     
 iteration         3500 MCMCOBJ=   -719.09982972229739     
 iteration         3520 MCMCOBJ=   -717.28131074367730     
 iteration         3540 MCMCOBJ=   -709.74901237732956     
 iteration         3560 MCMCOBJ=   -654.69850829776306     
 iteration         3580 MCMCOBJ=   -658.55299255753050     
 iteration         3600 MCMCOBJ=   -704.66701208854147     
 iteration         3620 MCMCOBJ=   -640.45272808517063     
 iteration         3640 MCMCOBJ=   -480.31828411325210     
 iteration         3660 MCMCOBJ=   -599.28696189050402     
 iteration         3680 MCMCOBJ=   -613.32843896879615     
 iteration         3700 MCMCOBJ=   -534.52550036277796     
 iteration         3720 MCMCOBJ=   -484.70504804621783     
 iteration         3740 MCMCOBJ=   -419.07287478539979     
 iteration         3760 MCMCOBJ=   -380.58128493953831     
 iteration         3780 MCMCOBJ=   -398.49930826213540     
 iteration         3800 MCMCOBJ=   -422.91437806132734     
 iteration         3820 MCMCOBJ=   -444.12339435760333     
 iteration         3840 MCMCOBJ=   -453.59601715574018     
 iteration         3860 MCMCOBJ=   -373.65294928183738     
 iteration         3880 MCMCOBJ=   -380.01405072888673     
 iteration         3900 MCMCOBJ=   -450.23054539212006     
 iteration         3920 MCMCOBJ=   -490.93779836951973     
 iteration         3940 MCMCOBJ=   -640.11467897225930     
 iteration         3960 MCMCOBJ=   -558.22492383083261     
 iteration         3980 MCMCOBJ=   -496.24376206843505     
 iteration         4000 MCMCOBJ=   -399.29631300893476     
 iteration         4020 MCMCOBJ=   -236.24485005460483     
 iteration         4040 MCMCOBJ=   -174.87446203043152     
 iteration         4060 MCMCOBJ=   -237.36117778698778     
 iteration         4080 MCMCOBJ=   -270.25302991042980     
 iteration         4100 MCMCOBJ=   -288.20452745724327     
 iteration         4120 MCMCOBJ=   -396.55403062096769     
 iteration         4140 MCMCOBJ=   -407.38770683821156     
 iteration         4160 MCMCOBJ=   -392.09619970467338     
 iteration         4180 MCMCOBJ=   -297.58523112295512     
 iteration         4200 MCMCOBJ=   -427.88582663126277     
 iteration         4220 MCMCOBJ=   -472.92640753014098     
 iteration         4240 MCMCOBJ=   -502.87482534505222     
 iteration         4260 MCMCOBJ=   -512.69500527279286     
 iteration         4280 MCMCOBJ=   -434.14056187142165     
 iteration         4300 MCMCOBJ=   -338.78228540902700     
 iteration         4320 MCMCOBJ=   -357.21963757820248     
 iteration         4340 MCMCOBJ=   -310.04329846126473     
 iteration         4360 MCMCOBJ=   -267.08706360085296     
 iteration         4380 MCMCOBJ=   -213.46976974631190     
 iteration         4400 MCMCOBJ=   -273.11870317411928     
 iteration         4420 MCMCOBJ=   -274.90718864674432     
 iteration         4440 MCMCOBJ=   -384.16334275413521     
 iteration         4460 MCMCOBJ=   -411.46275933251826     
 iteration         4480 MCMCOBJ=   -364.72411176084154     
 iteration         4500 MCMCOBJ=   -376.24385707756107     
 iteration         4520 MCMCOBJ=   -419.85963928162084     
 iteration         4540 MCMCOBJ=   -377.20855632512240     
 iteration         4560 MCMCOBJ=   -430.68547679916571     
 iteration         4580 MCMCOBJ=   -480.95974394981147     
 iteration         4600 MCMCOBJ=   -408.02703882885044     
 iteration         4620 MCMCOBJ=   -354.03489637712244     
 iteration         4640 MCMCOBJ=   -420.27901565175063     
 iteration         4660 MCMCOBJ=   -421.32931844925128     
 iteration         4680 MCMCOBJ=   -374.44485456876902     
 iteration         4700 MCMCOBJ=   -321.84239248618240     
 iteration         4720 MCMCOBJ=   -243.71404938275427     
 iteration         4740 MCMCOBJ=   -196.23671937015692     
 iteration         4760 MCMCOBJ=   -188.52894173845016     
 iteration         4780 MCMCOBJ=   -220.56870996941927     
 iteration         4800 MCMCOBJ=   -267.63463152721698     
 iteration         4820 MCMCOBJ=   -247.27650286726305     
 iteration         4840 MCMCOBJ=   -220.85046285799288     
 iteration         4860 MCMCOBJ=   -356.53999026580220     
 iteration         4880 MCMCOBJ=   -372.70656159707227     
 iteration         4900 MCMCOBJ=   -406.85267221445554     
 iteration         4920 MCMCOBJ=   -309.17870588218102     
 iteration         4940 MCMCOBJ=   -363.14563476420136     
 iteration         4960 MCMCOBJ=   -261.00357944892926     
 iteration         4980 MCMCOBJ=   -365.37752921362477     
 iteration         5000 MCMCOBJ=   -400.77349845893735     
 iteration         5020 MCMCOBJ=   -423.05266417484978     
 iteration         5040 MCMCOBJ=   -449.86353675579295     
 iteration         5060 MCMCOBJ=   -301.78115382247290     
 iteration         5080 MCMCOBJ=   -258.13166438664422     
 iteration         5100 MCMCOBJ=   -189.41566014820714     
 iteration         5120 MCMCOBJ=   -204.51802858989092     
 iteration         5140 MCMCOBJ=   -206.84571668838024     
 iteration         5160 MCMCOBJ=   -125.34190272472830     
 iteration         5180 MCMCOBJ=   -144.29465562756076     
 iteration         5200 MCMCOBJ=   -273.03469587888890     
 iteration         5220 MCMCOBJ=   -223.60574958845447     
 iteration         5240 MCMCOBJ=   -291.41954667969225     
 iteration         5260 MCMCOBJ=   -151.02661014254755     
 iteration         5280 MCMCOBJ=   -218.83333160426747     
 iteration         5300 MCMCOBJ=   -264.45343431652157     
 iteration         5320 MCMCOBJ=   -229.51126516327554     
 iteration         5340 MCMCOBJ=   -255.18118207086772     
 iteration         5360 MCMCOBJ=   -264.97893636585553     
 iteration         5380 MCMCOBJ=   -239.15524173367308     
 iteration         5400 MCMCOBJ=   -293.02435560376421     
 iteration         5420 MCMCOBJ=   -377.18149759786604     
 iteration         5440 MCMCOBJ=   -450.24429664880716     
 iteration         5460 MCMCOBJ=   -468.14972845370295     
 iteration         5480 MCMCOBJ=   -579.23565806161230     
 iteration         5500 MCMCOBJ=   -500.06416472593622     
 iteration         5520 MCMCOBJ=   -544.37465024568291     
 iteration         5540 MCMCOBJ=   -541.89023482638038     
 iteration         5560 MCMCOBJ=   -504.44831714519256     
 iteration         5580 MCMCOBJ=   -551.38324382937458     
 iteration         5600 MCMCOBJ=   -507.13692160383499     
 iteration         5620 MCMCOBJ=   -582.97865290876950     
 iteration         5640 MCMCOBJ=   -586.98093048757096     
 iteration         5660 MCMCOBJ=   -607.74242939180954     
 iteration         5680 MCMCOBJ=   -682.40655913291016     
 iteration         5700 MCMCOBJ=   -667.13016024221349     
 iteration         5720 MCMCOBJ=   -599.93353842151532     
 iteration         5740 MCMCOBJ=   -710.03962088141736     
 iteration         5760 MCMCOBJ=   -662.02156396152134     
 iteration         5780 MCMCOBJ=   -687.95051097968383     
 iteration         5800 MCMCOBJ=   -655.67161520648267     
 iteration         5820 MCMCOBJ=   -635.73140018482241     
 iteration         5840 MCMCOBJ=   -564.91945522442279     
 iteration         5860 MCMCOBJ=   -546.51547055172171     
 iteration         5880 MCMCOBJ=   -598.66970732401944     
 iteration         5900 MCMCOBJ=   -572.52545843359735     
 iteration         5920 MCMCOBJ=   -555.86188602849847     
 iteration         5940 MCMCOBJ=   -515.06298641031992     
 iteration         5960 MCMCOBJ=   -540.94670353027618     
 iteration         5980 MCMCOBJ=   -551.78501855920501     
 iteration         6000 MCMCOBJ=   -516.22150293537345     
 iteration         6020 MCMCOBJ=   -486.79313103606563     
 iteration         6040 MCMCOBJ=   -467.26327851698017     
 iteration         6060 MCMCOBJ=   -429.82175813527948     
 iteration         6080 MCMCOBJ=   -424.42858350871796     
 iteration         6100 MCMCOBJ=   -396.30586922361391     
 iteration         6120 MCMCOBJ=   -417.71278175665617     
 iteration         6140 MCMCOBJ=   -328.03172303675746     
 iteration         6160 MCMCOBJ=   -396.72660774709004     
 iteration         6180 MCMCOBJ=   -288.97918814752967     
 iteration         6200 MCMCOBJ=   -425.12959652076148     
 iteration         6220 MCMCOBJ=   -473.26277378735500     
 iteration         6240 MCMCOBJ=   -408.32031678871846     
 iteration         6260 MCMCOBJ=   -528.96034912912648     
 iteration         6280 MCMCOBJ=   -487.68287822024030     
 iteration         6300 MCMCOBJ=   -505.23332312307019     
 iteration         6320 MCMCOBJ=   -427.22006750897475     
 iteration         6340 MCMCOBJ=   -457.33830578566841     
 iteration         6360 MCMCOBJ=   -493.40435410608080     
 iteration         6380 MCMCOBJ=   -515.45940616615064     
 iteration         6400 MCMCOBJ=   -493.54714399099350     
 iteration         6420 MCMCOBJ=   -468.49370848991452     
 iteration         6440 MCMCOBJ=   -564.92353679635005     
 iteration         6460 MCMCOBJ=   -630.62731137774813     
 iteration         6480 MCMCOBJ=   -588.87207290915865     
 iteration         6500 MCMCOBJ=   -572.78846750575531     
 iteration         6520 MCMCOBJ=   -565.54943649388690     
 iteration         6540 MCMCOBJ=   -601.37061065644446     
 iteration         6560 MCMCOBJ=   -523.11963963732035     
 iteration         6580 MCMCOBJ=   -512.97000587990453     
 iteration         6600 MCMCOBJ=   -552.36337976673440     
 iteration         6620 MCMCOBJ=   -603.30690691709231     
 iteration         6640 MCMCOBJ=   -632.55136834281177     
 iteration         6660 MCMCOBJ=   -647.82661400747861     
 iteration         6680 MCMCOBJ=   -729.48447677535262     
 iteration         6700 MCMCOBJ=   -687.56824800953962     
 iteration         6720 MCMCOBJ=   -702.95217454261763     
 iteration         6740 MCMCOBJ=   -725.32967617281315     
 iteration         6760 MCMCOBJ=   -727.07790388554542     
 iteration         6780 MCMCOBJ=   -845.22942582482244     
 iteration         6800 MCMCOBJ=   -748.60948143881581     
 iteration         6820 MCMCOBJ=   -749.74692756008699     
 iteration         6840 MCMCOBJ=   -732.20568776054517     
 iteration         6860 MCMCOBJ=   -749.48704835593071     
 iteration         6880 MCMCOBJ=   -829.91376123051111     
 iteration         6900 MCMCOBJ=   -932.99499279004044     
 iteration         6920 MCMCOBJ=   -766.32459516805784     
 iteration         6940 MCMCOBJ=   -763.40020072250218     
 iteration         6960 MCMCOBJ=   -772.43686078487872     
 iteration         6980 MCMCOBJ=   -704.00674139139505     
 iteration         7000 MCMCOBJ=   -737.94967834222678     
 iteration         7020 MCMCOBJ=   -817.96465389497871     
 iteration         7040 MCMCOBJ=   -925.82735125867953     
 iteration         7060 MCMCOBJ=   -855.91711915549774     
 iteration         7080 MCMCOBJ=   -962.92631210686091     
 iteration         7100 MCMCOBJ=   -1074.3519430481779     
 iteration         7120 MCMCOBJ=   -1108.6952393802853     
 iteration         7140 MCMCOBJ=   -1101.7286730608835     
 iteration         7160 MCMCOBJ=   -1132.3817970456257     
 iteration         7180 MCMCOBJ=   -1119.8777885724965     
 iteration         7200 MCMCOBJ=   -1101.1814979726482     
 iteration         7220 MCMCOBJ=   -1044.4223770914782     
 iteration         7240 MCMCOBJ=   -1060.8057039700304     
 iteration         7260 MCMCOBJ=   -1066.2790270021142     
 iteration         7280 MCMCOBJ=   -1003.9788669423775     
 iteration         7300 MCMCOBJ=   -977.93478772363596     
 iteration         7320 MCMCOBJ=   -1056.6100247443042     
 iteration         7340 MCMCOBJ=   -1063.5594700212191     
 iteration         7360 MCMCOBJ=   -1056.6606557236262     
 iteration         7380 MCMCOBJ=   -1067.0864296182369     
 iteration         7400 MCMCOBJ=   -999.52421985505373     
 iteration         7420 MCMCOBJ=   -957.66728910906045     
 iteration         7440 MCMCOBJ=   -841.68036930494668     
 iteration         7460 MCMCOBJ=   -871.68541501254117     
 iteration         7480 MCMCOBJ=   -783.08269356083713     
 iteration         7500 MCMCOBJ=   -603.35884296982033     
 iteration         7520 MCMCOBJ=   -674.55629755962536     
 iteration         7540 MCMCOBJ=   -638.22904746498341     
 iteration         7560 MCMCOBJ=   -676.20037950505639     
 iteration         7580 MCMCOBJ=   -636.93455504130054     
 iteration         7600 MCMCOBJ=   -679.55494101861302     
 iteration         7620 MCMCOBJ=   -682.07349824293340     
 iteration         7640 MCMCOBJ=   -626.97646206537570     
 iteration         7660 MCMCOBJ=   -502.51100582684114     
 iteration         7680 MCMCOBJ=   -497.81899371929433     
 iteration         7700 MCMCOBJ=   -513.93296443917711     
 iteration         7720 MCMCOBJ=   -507.45980641151215     
 iteration         7740 MCMCOBJ=   -573.62007887053596     
 iteration         7760 MCMCOBJ=   -617.54776725178908     
 iteration         7780 MCMCOBJ=   -643.06554429399307     
 iteration         7800 MCMCOBJ=   -670.44411250808253     
 iteration         7820 MCMCOBJ=   -695.57884416500065     
 iteration         7840 MCMCOBJ=   -725.27402372330494     
 iteration         7860 MCMCOBJ=   -728.75576349341941     
 iteration         7880 MCMCOBJ=   -745.36774705872642     
 iteration         7900 MCMCOBJ=   -718.65127291441422     
 iteration         7920 MCMCOBJ=   -627.41441669037840     
 iteration         7940 MCMCOBJ=   -620.09494418603617     
 iteration         7960 MCMCOBJ=   -605.54143613352585     
 iteration         7980 MCMCOBJ=   -606.13161798826559     
 iteration         8000 MCMCOBJ=   -579.78291307773111     
 iteration         8020 MCMCOBJ=   -592.17186204570544     
 iteration         8040 MCMCOBJ=   -608.19349582840459     
 iteration         8060 MCMCOBJ=   -703.88637908616920     
 iteration         8080 MCMCOBJ=   -711.19453823643187     
 iteration         8100 MCMCOBJ=   -755.64949467429039     
 iteration         8120 MCMCOBJ=   -700.95386875929103     
 iteration         8140 MCMCOBJ=   -615.26321311019501     
 iteration         8160 MCMCOBJ=   -625.39509606244440     
 iteration         8180 MCMCOBJ=   -548.91299438128488     
 iteration         8200 MCMCOBJ=   -512.26251854409782     
 iteration         8220 MCMCOBJ=   -505.73308938744373     
 iteration         8240 MCMCOBJ=   -565.26012463935206     
 iteration         8260 MCMCOBJ=   -625.52917512492354     
 iteration         8280 MCMCOBJ=   -622.20703010008765     
 iteration         8300 MCMCOBJ=   -636.94424053598470     
 iteration         8320 MCMCOBJ=   -594.12453156359209     
 iteration         8340 MCMCOBJ=   -514.91136619433075     
 iteration         8360 MCMCOBJ=   -497.11219666960631     
 iteration         8380 MCMCOBJ=   -436.41500495578919     
 iteration         8400 MCMCOBJ=   -498.09963980785636     
 iteration         8420 MCMCOBJ=   -475.58750263628332     
 iteration         8440 MCMCOBJ=   -540.60803495659820     
 iteration         8460 MCMCOBJ=   -582.52616785383896     
 iteration         8480 MCMCOBJ=   -582.22333490922051     
 iteration         8500 MCMCOBJ=   -683.29320637675244     
 iteration         8520 MCMCOBJ=   -651.43338933475297     
 iteration         8540 MCMCOBJ=   -625.90988012265916     
 iteration         8560 MCMCOBJ=   -642.48192410128729     
 iteration         8580 MCMCOBJ=   -606.41107052788357     
 iteration         8600 MCMCOBJ=   -651.69852858893955     
 iteration         8620 MCMCOBJ=   -686.72568981255654     
 iteration         8640 MCMCOBJ=   -623.55701532260309     
 iteration         8660 MCMCOBJ=   -637.74470963956026     
 iteration         8680 MCMCOBJ=   -430.13136041023625     
 iteration         8700 MCMCOBJ=   -475.65046795146964     
 iteration         8720 MCMCOBJ=   -447.49314196299161     
 iteration         8740 MCMCOBJ=   -454.59916104354983     
 iteration         8760 MCMCOBJ=   -432.86918546353149     
 iteration         8780 MCMCOBJ=   -386.58275451780912     
 iteration         8800 MCMCOBJ=   -314.74524999351451     
 iteration         8820 MCMCOBJ=   -248.73887716947516     
 iteration         8840 MCMCOBJ=   -57.523084149532281     
 iteration         8860 MCMCOBJ=   -65.909000701157368     
 iteration         8880 MCMCOBJ=   -20.517580929997937     
 iteration         8900 MCMCOBJ=    64.559883743555559     
 iteration         8920 MCMCOBJ=    44.645276683375513     
 iteration         8940 MCMCOBJ=    45.611283664547280     
 iteration         8960 MCMCOBJ=    108.01542333324133     
 iteration         8980 MCMCOBJ=    57.768948449632447     
 iteration         9000 MCMCOBJ=    90.191956913872531     
 iteration         9020 MCMCOBJ=   -5.7896731611271059     
 iteration         9040 MCMCOBJ=    49.611563231251075     
 iteration         9060 MCMCOBJ=    43.194559595908053     
 iteration         9080 MCMCOBJ=    24.694184627752520     
 iteration         9100 MCMCOBJ=    29.812337046354259     
 iteration         9120 MCMCOBJ=    22.871229361719433     
 iteration         9140 MCMCOBJ=   -8.6857213368506674     
 iteration         9160 MCMCOBJ=    8.0111213636527836     
 iteration         9180 MCMCOBJ=   -11.978186099047930     
 iteration         9200 MCMCOBJ=    30.347888768057206     
 iteration         9220 MCMCOBJ=    29.495137815074685     
 iteration         9240 MCMCOBJ=   -101.20367104623115     
 iteration         9260 MCMCOBJ=   -113.11002685187403     
 iteration         9280 MCMCOBJ=   -98.601055986802848     
 iteration         9300 MCMCOBJ=   -28.665887464531760     
 iteration         9320 MCMCOBJ=   -93.913927739376390     
 iteration         9340 MCMCOBJ=   -10.544032707523908     
 iteration         9360 MCMCOBJ=   -84.802993644736276     
 iteration         9380 MCMCOBJ=   -106.35599909047177     
 iteration         9400 MCMCOBJ=   -102.03057536988963     
 iteration         9420 MCMCOBJ=   -94.399383535020846     
 iteration         9440 MCMCOBJ=   -54.705312132530636     
 iteration         9460 MCMCOBJ=   -48.564243635811799     
 iteration         9480 MCMCOBJ=   -10.803982116113868     
 iteration         9500 MCMCOBJ=   -46.303902679637247     
 iteration         9520 MCMCOBJ=   -58.647480753782666     
 iteration         9540 MCMCOBJ=   -30.850224725728562     
 iteration         9560 MCMCOBJ=    30.697159963207937     
 iteration         9580 MCMCOBJ=    18.010909980234342     
 iteration         9600 MCMCOBJ=    38.501426441924522     
 iteration         9620 MCMCOBJ=    42.274777711571744     
 iteration         9640 MCMCOBJ=   -6.7364339144252874     
 iteration         9660 MCMCOBJ=    17.813643516852750     
 iteration         9680 MCMCOBJ=    30.268269291464843     
 iteration         9700 MCMCOBJ=    46.594587271869386     
 iteration         9720 MCMCOBJ=    35.364957486163945     
 iteration         9740 MCMCOBJ=    56.711148136670566     
 iteration         9760 MCMCOBJ=    11.625248439514930     
 iteration         9780 MCMCOBJ=    46.425447645758439     
 iteration         9800 MCMCOBJ=    88.252254876556933     
 iteration         9820 MCMCOBJ=    16.869999735676132     
 iteration         9840 MCMCOBJ=   -61.972044207621636     
 iteration         9860 MCMCOBJ=   -58.594396934770735     
 iteration         9880 MCMCOBJ=    58.214005885390691     
 iteration         9900 MCMCOBJ=    15.813296101189202     
 iteration         9920 MCMCOBJ=   -58.825323391604208     
 iteration         9940 MCMCOBJ=   -84.593737979968751     
 iteration         9960 MCMCOBJ=   -146.35434110243710     
 iteration         9980 MCMCOBJ=   -216.64357874839365     
 iteration        10000 MCMCOBJ=   -248.07282751363982     
 BURN-IN WAS COMPLETED

 #TERM:
 STATISTICAL PORTION WAS COMPLETED
  
 TOTAL DATA POINTS NORMALLY DISTRIBUTED (N):           56
 N*LOG(2PI) CONSTANT TO OBJECTIVE FUNCTION:    102.92111571892335     
 OBJECTIVE FUNCTION VALUE WITHOUT CONSTANT:   -494.44468995004053     
 OBJECTIVE FUNCTION VALUE WITH CONSTANT:      -391.52357423111721     
 REPORTED OBJECTIVE FUNCTION DOES NOT CONTAIN CONSTANT
  
 TOTAL EFFECTIVE ETAS (NIND*NETA):                           112
 NIND*NETA*LOG(2PI) CONSTANT TO OBJECTIVE FUNCTION:    205.84223143784669     
 OBJECTIVE FUNCTION VALUE WITHOUT CONSTANT:   -494.44468995004053     
 OBJECTIVE FUNCTION VALUE WITH CONSTANT:      -288.60245851219383     
 REPORTED OBJECTIVE FUNCTION DOES NOT CONTAIN CONSTANT
  
 PRIOR CONSTANT TO OBJECTIVE FUNCTION:    30.823646298206345     
 OBJECTIVE FUNCTION VALUE WITHOUT CONSTANT:   -494.44468995004053     
 OBJECTIVE FUNCTION VALUE WITH CONSTANT:      -463.62104365183416     
 REPORTED OBJECTIVE FUNCTION DOES NOT CONTAIN CONSTANT
  
 #TERE:
 Elapsed estimation  time in seconds:    68.98
 Elapsed covariance  time in seconds:     0.00
1
 
 
 
 
 
 
 
 
 
 
 
 
 
 
 
 
 
 
 
 
 ************************************************************************************************************************
 ********************                                                                                ********************
 ********************                              MCMC BAYESIAN ANALYSIS                            ********************
 #OBJT:**************                       AVERAGE VALUE OF LIKELIHOOD FUNCTION                     ********************
 ********************                                                                                ********************
 ************************************************************************************************************************
 





 #OBJV:********************************************     -494.445       **************************************************
 #OBJS:********************************************      263.175 (STD) **************************************************
1
 ************************************************************************************************************************
 ********************                                                                                ********************
 ********************                              MCMC BAYESIAN ANALYSIS                            ********************
 ********************                             FINAL PARAMETER ESTIMATE                           ********************
 ********************                                                                                ********************
 ************************************************************************************************************************
 


 THETA - VECTOR OF FIXED EFFECTS PARAMETERS   *********


         THETA(CL) THETA(V) 
 
         2.61E+00  1.85E+01
 


 OMEGA - COV MATRIX FOR RANDOM EFFECTS - ETAS  ********


         ETA(CL)   ETA(V)   
 
 ETA(CL)
+        9.86E-02
 
 ETA(V)
+        5.36E-02  1.53E-01
 


 SIGMA - COV MATRIX FOR RANDOM EFFECTS - EPSILONS  ****


         EPS1     
 
 EPS1
+        3.84E-03
 
1


 OMEGA - CORR MATRIX FOR RANDOM EFFECTS - ETAS  *******


         ETA(CL)   ETA(V)   
 
 ETA(CL)
+        2.93E-01
 
 ETA(V)
+        4.77E-01  3.77E-01
 


 SIGMA - CORR MATRIX FOR RANDOM EFFECTS - EPSILONS  ***


         EPS1     
 
 EPS1
+        2.35E-02
 
1
 ************************************************************************************************************************
 ********************                                                                                ********************
 ********************                              MCMC BAYESIAN ANALYSIS                            ********************
 ********************                STANDARD ERROR OF ESTIMATE (From Sample Variance)               ********************
 ********************                                                                                ********************
 ************************************************************************************************************************
 


 THETA - VECTOR OF FIXED EFFECTS PARAMETERS   *********


         THETA(CL) THETA(V) 
 
         4.78E-01  1.49E+01
 


 OMEGA - COV MATRIX FOR RANDOM EFFECTS - ETAS  ********


         ETA(CL)   ETA(V)   
 
 ETA(CL)
+        1.38E-01
 
 ETA(V)
+        5.72E-02  8.87E-02
 


 SIGMA - COV MATRIX FOR RANDOM EFFECTS - EPSILONS  ****


         EPS1     
 
 EPS1
+        1.41E-02
 
1


 OMEGA - CORR MATRIX FOR RANDOM EFFECTS - ETAS  *******


         ETA(CL)   ETA(V)   
 
 ETA(CL)
+        1.12E-01
 
 ETA(V)
+        2.83E-01  1.04E-01
 


 SIGMA - CORR MATRIX FOR RANDOM EFFECTS - EPSILONS  ***


         EPS1     
 
 EPS1
+        5.73E-02
 
1
 ************************************************************************************************************************
 ********************                                                                                ********************
 ********************                              MCMC BAYESIAN ANALYSIS                            ********************
 ********************               COVARIANCE MATRIX OF ESTIMATE (From Sample Variance)             ********************
 ********************                                                                                ********************
 ************************************************************************************************************************
 

            TH 1      TH 2      OM11      OM12      OM22      SG11  
 
 TH 1
+        2.28E-01
 
 TH 2
+       -2.01E+00  2.21E+02
 
 OM11
+       -3.47E-02  1.31E+00  1.90E-02
 
 OM12
+        1.55E-04 -4.24E-01 -1.50E-03  3.27E-03
 
 OM22
+       -8.99E-03 -5.33E-02  1.20E-03  3.09E-03  7.86E-03
 
 SG11
+       -6.86E-04  1.12E-01  2.04E-04 -2.46E-04 -3.29E-05  1.98E-04
 
1
 ************************************************************************************************************************
 ********************                                                                                ********************
 ********************                              MCMC BAYESIAN ANALYSIS                            ********************
 ********************              CORRELATION MATRIX OF ESTIMATE (From Sample Variance)             ********************
 ********************                                                                                ********************
 ************************************************************************************************************************
 

            TH 1      TH 2      OM11      OM12      OM22      SG11  
 
 TH 1
+        4.78E-01
 
 TH 2
+       -2.83E-01  1.49E+01
 
 OM11
+       -5.27E-01  6.40E-01  1.38E-01
 
 OM12
+        5.67E-03 -4.99E-01 -1.91E-01  5.72E-02
 
 OM22
+       -2.12E-01 -4.04E-02  9.80E-02  6.11E-01  8.87E-02
 
 SG11
+       -1.02E-01  5.35E-01  1.05E-01 -3.06E-01 -2.64E-02  1.41E-02
 
1
 ************************************************************************************************************************
 ********************                                                                                ********************
 ********************                              MCMC BAYESIAN ANALYSIS                            ********************
 ********************           INVERSE COVARIANCE MATRIX OF ESTIMATE (From Sample Variance)         ********************
 ********************                                                                                ********************
 ************************************************************************************************************************
 

            TH 1      TH 2      OM11      OM12      OM22      SG11  
 
 TH 1
+        6.43E+00
 
 TH 2
+       -4.21E-02  1.58E-02
 
 OM11
+        1.37E+01 -9.53E-01  1.36E+02
 
 OM12
+       -3.42E+00  1.56E+00 -3.50E+01  7.74E+02
 
 OM22
+        6.45E+00 -4.37E-01  3.91E+00 -2.92E+02  2.46E+02
 
 SG11
+        2.88E+01 -6.24E+00  4.03E+02  5.56E+01 -5.77E+01  8.32E+03
 
 Elapsed postprocess time in seconds:     0.00
 #CPUT: Total CPU Time in Seconds,       40.375
Stop Time: 
Mon 12/12/2016 
10:03 PM
