Mon 12/12/2016 
10:04 PM
$PROB one cmpt simple mu modeled bayes multidose s2trough
$SUB ADVAN1 TRANS2
$INPUT ID TIME DV OBSNUM CMT EVID AMT RATE ADDL II 
$DATA ..\mdata\simple_nocovar_56id_6tp_md.csv
IGNORE=@ IGNORE=(OBSNUM.EQN.1) IGNORE=(OBSNUM.EQN.2) IGNORE=(OBSNUM.EQN.4) IGNORE=(OBSNUM.EQN.5)
$ABBR REPLACE THETA(CL, V) = THETA(1 to 2)
$ABBR REPLACE ETA(CL, V) = ETA(1 to 2)

$THETAI
THETA(1:NTHETA)=LOG(THETAI(1:NTHETA))
THETAP(1:NTHETAP)=LOG(THETAPI(1:NTHETAP))
$THETAR
THETAR(1:NTHETA)=EXP(THETA(1:NTHETA))
THETAPR(1:NTHETAP)=EXP(THETAP(1:NTHETAP))

$PRIOR NWPRI 

$PK
"USE NMBAYES_INT, ONLY: ITER_REPORT,BAYES_EXTRA_REQUEST,BAYES_EXTRA
; Request extra information for Bayesian analysis.
; An extra call will then be made for accepted samples
"BAYES_EXTRA_REQUEST=1

MU_1 = THETA(CL)
MU_2 = THETA(V)
CL = EXP(MU_1 + ETA(CL))
V = EXP(MU_2 + ETA(V))
S1 = V

"IF(BAYES_EXTRA==1 .AND. ITER_REPORT>=0 .AND. TIME==0.0) THEN
"WRITE(50,98) ITER_REPORT,ID,CL,V
"98 FORMAT(I12,1X,F14.0,4(1X,1PG12.5))
"ENDIF

$ERROR
IPRED=F
Y = IPRED*(1 + ERR(1))  

$THETA
(0.001, 2.5) ; TVCL
(0.001, 46) ; TVV

$OMEGA BLOCK(2)
0.1    ; nCL
0.1  0.1  ; nV

$SIGMA
0.03 ; PROP

; THETA PRIORS
$THETAP (2.5 FIX) (46 FIX) 

; THETA (uniformative) PRIORs
$THETAPV BLOCK(2)
10000 FIX
0.0 10000 

$OMEGAP BLOCK(2)
0.2 FIX
0 0.2

; degrees of freedom to prior omega matrix - low dof = highly uninformative
$OMEGAPD (2 FIX)

$EST METHOD=CHAIN FILE=..\run007chains.chn NSAMPLE=0 ISAMPLE=1 DF=20
$EST METHOD=BAYES INTER NBURN=4000 NITER=10000 PRINT=20 NOPRIOR=0 CTYPE=3 CITER=10 SEED=56664
  
NM-TRAN MESSAGES 
  
 WARNINGS AND ERRORS (IF ANY) FOR PROBLEM    1
             
 (WARNING  2) NM-TRAN INFERS THAT THE DATA ARE POPULATION.

 (MU_WARNING 20) MU_001: MU_ VARIABLE SHOULD NOT BE DEFINED AFTER VERBATIM CODE.
  
License Registered to: Devin Pastoor
Expiration Date:    14 NOV 2017
Current Date:       12 DEC 2016
Days until program expires : 337
1NONLINEAR MIXED EFFECTS MODEL PROGRAM (NONMEM) VERSION 7.4.0 alpha14 (nm74a14)
 ORIGINALLY DEVELOPED BY STUART BEAL, LEWIS SHEINER, AND ALISON BOECKMANN
 CURRENT DEVELOPERS ARE ROBERT BAUER, ICON DEVELOPMENT SOLUTIONS,
 AND ALISON BOECKMANN. IMPLEMENTATION, EFFICIENCY, AND STANDARDIZATION
 PERFORMED BY NOUS INFOSYSTEMS.

 PROBLEM NO.:         1
 one cmpt simple mu modeled bayes multidose s2trough
0DATA CHECKOUT RUN:              NO
 DATA SET LOCATED ON UNIT NO.:    2
 THIS UNIT TO BE REWOUND:        NO
 NO. OF DATA RECS IN DATA SET:      168
 NO. OF DATA ITEMS IN DATA SET:  11
 ID DATA ITEM IS DATA ITEM NO.:   1
 DEP VARIABLE IS DATA ITEM NO.:   3
 MDV DATA ITEM IS DATA ITEM NO.: 11
0INDICES PASSED TO SUBROUTINE PRED:
   6   2   7   8   0  10   5   0   0   0   9
0LABELS FOR DATA ITEMS:
 ID TIME DV OBSNUM CMT EVID AMT RATE ADDL II MDV
0LABELS FOR THETAS
 THETA(1)=THETA(CL)
 THETA(2)=THETA(V)
0LABELS FOR ETAS
 ETA(1)=ETA(CL)
0LABELS FOR ETAS
 ETA(2)=ETA(V)
0FORMAT FOR DATA:
 (2E3.0,E17.0,3E2.0,2E5.0,E2.0,E3.0,1F2.0)

 TOT. NO. OF OBS RECS:      112
 TOT. NO. OF INDIVIDUALS:     56
0LENGTH OF THETA:   5
0DEFAULT THETA BOUNDARY TEST OMITTED:    NO
0OMEGA HAS BLOCK FORM:
  1
  1  1
  0  0  2
  0  0  2  2
  0  0  0  0  3
  0  0  0  0  3  3
0DEFAULT OMEGA BOUNDARY TEST OMITTED:    NO
0SIGMA HAS SIMPLE DIAGONAL FORM WITH DIMENSION:   1
0DEFAULT SIGMA BOUNDARY TEST OMITTED:    NO
0INITIAL ESTIMATE OF THETA:
 LOWER BOUND    INITIAL EST    UPPER BOUND
  0.1000E-02     0.2500E+01     0.1000E+07
  0.1000E-02     0.4600E+02     0.1000E+07
  0.2500E+01     0.2500E+01     0.2500E+01
  0.4600E+02     0.4600E+02     0.4600E+02
  0.2000E+01     0.2000E+01     0.2000E+01
0INITIAL ESTIMATE OF OMEGA:
 BLOCK SET NO.   BLOCK                                                                    FIXED
        1                                                                                   NO
 DIAGONAL SHIFT OF  1.1000E-07 WAS IMPOSED TO ENSURE POSITIVE DEFINITENESS
                  0.1000E+00
                  0.1000E+00   0.1000E+00
        2                                                                                  YES
                  0.1000E+05
                  0.0000E+00   0.1000E+05
        3                                                                                  YES
                  0.2000E+00
                  0.0000E+00   0.2000E+00
0INITIAL ESTIMATE OF SIGMA:
 0.3000E-01
0
 THETAI SUBROUTINE USER-SUPPLIED
 THETAR SUBROUTINE USER-SUPPLIED
 PRIOR SUBROUTINE USER-SUPPLIED
1DOUBLE PRECISION PREDPP VERSION 7.4.0 alpha14 (nm74a14)

 ONE COMPARTMENT MODEL (ADVAN1)
0MAXIMUM NO. OF BASIC PK PARAMETERS:   2
0BASIC PK PARAMETERS (AFTER TRANSLATION):
   ELIMINATION RATE (K) IS BASIC PK PARAMETER NO.:  1

 TRANSLATOR WILL CONVERT PARAMETERS
 CLEARANCE (CL) AND VOLUME (V) TO K (TRANS2)
0COMPARTMENT ATTRIBUTES
 COMPT. NO.   FUNCTION   INITIAL    ON/OFF      DOSE      DEFAULT    DEFAULT
                         STATUS     ALLOWED    ALLOWED    FOR DOSE   FOR OBS.
    1         CENTRAL      ON         NO         YES        YES        YES
    2         OUTPUT       OFF        YES        NO         NO         NO
1
 ADDITIONAL PK PARAMETERS - ASSIGNMENT OF ROWS IN GG
 COMPT. NO.                             INDICES
              SCALE      BIOAVAIL.   ZERO-ORDER  ZERO-ORDER  ABSORB
                         FRACTION    RATE        DURATION    LAG
    1            3           *           *           *           *
    2            *           -           -           -           -
             - PARAMETER IS NOT ALLOWED FOR THIS MODEL
             * PARAMETER IS NOT SUPPLIED BY PK SUBROUTINE;
               WILL DEFAULT TO ONE IF APPLICABLE
0DATA ITEM INDICES USED BY PRED ARE:
   EVENT ID DATA ITEM IS DATA ITEM NO.:      6
   TIME DATA ITEM IS DATA ITEM NO.:          2
   DOSE AMOUNT DATA ITEM IS DATA ITEM NO.:   7
   DOSE RATE DATA ITEM IS DATA ITEM NO.:     8
   INTERVAL DATA ITEM IS DATA ITEM NO.:     10
   ADDL. DOSES DATA ITEM IS DATA ITEM NO.:   9
   COMPT. NO. DATA ITEM IS DATA ITEM NO.:    5

0PK SUBROUTINE CALLED WITH EVERY EVENT RECORD.
 PK SUBROUTINE NOT CALLED AT NONEVENT (ADDITIONAL OR LAGGED) DOSE TIMES.
0ERROR SUBROUTINE CALLED WITH EVERY EVENT RECORD.
1


 #TBLN:      1
 #METH: Chain Method Processing

 RANDOM GENERATION TYPE (CTYPE):     0
 RANDOM GENERATION SEED (SEED):      11456
 RANDOM SAMPLE SELECTION (ISAMPLE):  1
 RANDOM SAMPLE RANGE END (ISAMPEND): -2147483647
 NUMBER OF RANDOM SAMPLES (NSAMPLE): 0
 UNIFORM FRACTIONAL RANGE (IACCEPT): 0.400000000000000
 RANDOM SELECTION TYPE (SELECT):     0
 DEG. FR. TO GENERATE OMEGAS (DF):   20
 DEG. FR. TO GENERATE SIGMAS (DFS):  -1
 CHAIN FILE (FILE):                  ..\run007chains.chn
 EXCL. TITLE IN CHAIN FILE (NOTITLE):NO
 EX. COL. LBS. IN CHAIN FL.(NOLABEL):NO
 FORMAT FOR CHAIN FILE (FORMAT):     S1PE12.5
 PAR. ORDER in CHAIN FILE (ORDER):   TSOL
 RANDOM SAMPLING METHOD (RANMETHOD):3U

 THE FOLLOWING LABELS ARE EQUIVALENT
 PRED=NPRED
 RES=NRES
 WRES=NWRES
 IWRS=NIWRES
 IPRD=NIPRED
 IRS=NIRES



 FROM SAMPLE 1 OF CHAIN FILE ..\run007chains.chn
 NEW INITIAL ESTIMATES OF THETA
  0.2537E-01
  0.6427E-01
 NEW INITIAL ESTIMATES OF OMEGA
 DIAGONAL SHIFT OF  1.2800E-07 WAS IMPOSED ON OMEGAS TO ENSURE POSITIVE DEFINITENESS
  0.1164E+00
  0.1164E+00  0.1164E+00
 NEW INITIAL ESTIMATES OF SIGMA
  0.3730E-01
1


 #TBLN:      1
 #METH: MCMC Bayesian Analysis

 ESTIMATION STEP OMITTED:                 NO
 ANALYSIS TYPE:                           POPULATION
 NUMBER OF SADDLE POINT RESET ITERATIONS:      0
 GRADIENT METHOD USED:               NOSLOW
 CONDITIONAL ESTIMATES USED:              YES
 CENTERED ETA:                            NO
 EPS-ETA INTERACTION:                     YES
 LAPLACIAN OBJ. FUNC.:                    NO
 NO. OF FUNCT. EVALS. ALLOWED:            840
 NO. OF SIG. FIGURES REQUIRED:            3
 INTERMEDIATE PRINTOUT:                   YES
 ESTIMATE OUTPUT TO MSF:                  NO
 IND. OBJ. FUNC. VALUES SORTED:           NO
 NUMERICAL DERIVATIVE
       FILE REQUEST (NUMDER):               NONE
 MAP (ETAHAT) ESTIMATION METHOD (OPTMAP):   0
 ETA HESSIAN EVALUATION METHOD (ETADER):    0
 INITIAL ETA FOR MAP ESTIMATION (MCETA):    0
 SIGDIGITS FOR MAP ESTIMATION (SIGLO):      100
 GRADIENT SIGDIGITS OF
       FIXED EFFECTS PARAMETERS (SIGL):     100
 NOPRIOR SETTING (NOPRIOR):                 OFF
 NOCOV SETTING (NOCOV):                     OFF
 DERCONT SETTING (DERCONT):                 OFF
 FINAL ETA RE-EVALUATION (FNLETA):          ON
 EXCLUDE NON-INFLUENTIAL (NON-INFL.) ETAS
       IN SHRINKAGE (ETASTYPE):             NO
 NON-INFL. ETA CORRECTION (NONINFETA):      OFF
 RAW OUTPUT FILE (FILE): run011c1.ext
 EXCLUDE TITLE (NOTITLE):                   NO
 EXCLUDE COLUMN LABELS (NOLABEL):           NO
 FORMAT FOR ADDITIONAL FILES (FORMAT):      S1PE12.5
 PARAMETER ORDER FOR OUTPUTS (ORDER):       TSOL
 WISHART PRIOR DF INTERPRETATION (WISHTYPE):0
 KNUTHSUMOFF:                               0
 INCLUDE LNTWOPI:                           NO
 INCLUDE CONSTANT TERM TO PRIOR (PRIORC):   NO
 INCLUDE CONSTANT TERM TO OMEGA (ETA) (OLNTWOPI):NO
 EM OR BAYESIAN METHOD USED:                MCMC BAYESIAN (BAYES)
 MU MODELING PATTERN (MUM):
 GRADIENT/GIBBS PATTERN (GRD):
 AUTOMATIC SETTING FEATURE (AUTO):          OFF
 CONVERGENCE TYPE (CTYPE):                  3
 KEEP ITERATIONS (THIN):            1
 CONVERGENCE INTERVAL (CINTERVAL):          20
 CONVERGENCE ITERATIONS (CITER):            10
 CONVERGENCE ALPHA ERROR (CALPHA):          5.000000000000000E-02
 BURN-IN ITERATIONS (NBURN):                4000
 ITERATIONS (NITER):                        10000
 ANEAL SETTING (CONSTRAIN):                 1
 STARTING SEED FOR MC METHODS (SEED):       56664
 MC SAMPLES PER SUBJECT (ISAMPLE):          1
 RANDOM SAMPLING METHOD (RANMETHOD):        3U
 PROPOSAL DENSITY SCALING RANGE
              (ISCALE_MIN, ISCALE_MAX):     1.000000000000000E-06   ,1000000.00000000
 SAMPLE ACCEPTANCE RATE (IACCEPT):          0.400000000000000
 METROPOLIS HASTINGS SAMPLING FOR INDIVIDUAL ETAS:
 SAMPLES FOR GLOBAL SEARCH KERNEL (ISAMPLE_M1):          2
 SAMPLES FOR NEIGHBOR SEARCH KERNEL (ISAMPLE_M1A):       0
 SAMPLES FOR MASS/IMP/POST. MATRIX SEARCH (ISAMPLE_M1B): 2
 SAMPLES FOR LOCAL SEARCH KERNEL (ISAMPLE_M2):           2
 SAMPLES FOR LOCAL UNIVARIATE KERNEL (ISAMPLE_M3):       2
 PWR. WT. MASS/IMP/POST MATRIX ACCUM. FOR ETAS (IKAPPA): 1.00000000000000
 MASS/IMP./POST. MATRIX REFRESH SETTING (MASSREST):      -1
 METROPOLIS HASTINGS POPULATION SAMPLING FOR NON-GIBBS
 SAMPLED THETAS AND SIGMAS:
 PROPOSAL DENSITY SCALING RANGE
              (PSCALE_MIN, PSCALE_MAX):   1.000000000000000E-02   ,1000.00000000000
 SAMPLE ACCEPTANCE RATE (PACCEPT):                       0.500000000000000
 SAMPLES FOR GLOBAL SEARCH KERNEL (PSAMPLE_M1):          1
 SAMPLES FOR LOCAL SEARCH KERNEL (PSAMPLE_M2):           -1
 SAMPLES FOR LOCAL UNIVARIATE KERNEL (PSAMPLE_M3):       1
 METROPOLIS HASTINGS POPULATION SAMPLING FOR NON-GIBBS
 SAMPLED OMEGAS:
 SAMPLE ACCEPTANCE RATE (OACCEPT):                       0.500000000000000
 SAMPLES FOR GLOBAL SEARCH KERNEL (OSAMPLE_M1):          -1
 SAMPLES FOR LOCAL SEARCH KERNEL (OSAMPLE_M2):           -1
 SAMPLES FOR LOCAL UNIVARIATE SEARCH KERNEL (OSAMPLE_M3):0
 DEG. FR. FOR T DIST.  PRIOR FOR THETAS (TTDF):        0.00000000000000
 DEG. FR. FOR LKJ CORRELATION PRIOR FOR OMEGAS (OLKJDF): 0.00000000000000
 WEIGHT FACTOR FOR STD PRIOR FOR OMEGAS (OVARF): 1.00000000000000
 DEG. FR. FOR LKJ CORRELATION PRIOR FOR SIGMAS (SLKJDF): 0.00000000000000
 WEIGHT FACTOR FOR STD PRIOR FOR SIGMAS (SVARF): 1.00000000000000


 THE FOLLOWING LABELS ARE EQUIVALENT
 PRED=PREDI
 RES=RESI
 WRES=WRESI
 IWRS=IWRESI
 IPRD=IPREDI
 IRS=IRESI

 EM/BAYES SETUP:
 THETAS THAT ARE MU MODELED:
   1   2
 THETAS THAT ARE GIBBS SAMPLED:
   1   2
 THETAS THAT ARE METROPOLIS-HASTINGS SAMPLED:
 
 SIGMAS THAT ARE GIBBS SAMPLED:
   1
 SIGMAS THAT ARE METROPOLIS-HASTINGS SAMPLED:
 
 OMEGAS ARE GIBBS SAMPLED

 MONITORING OF SEARCH:

 Burn-in Mode
 iteration        -4000 MCMCOBJ=    3132634.3780582584     
 iteration        -3980 MCMCOBJ=    151.19104649301767     
 iteration        -3960 MCMCOBJ=    192.76727880482451     
 iteration        -3940 MCMCOBJ=    152.38775830238765     
 iteration        -3920 MCMCOBJ=    130.72259382912293     
 iteration        -3900 MCMCOBJ=    161.71825722549670     
 iteration        -3880 MCMCOBJ=    124.61318069492211     
 iteration        -3860 MCMCOBJ=    114.19894543176777     
 iteration        -3840 MCMCOBJ=    113.21634298530861     
 iteration        -3820 MCMCOBJ=    130.66308710189364     
 iteration        -3800 MCMCOBJ=    231.75001225498403     
 iteration        -3780 MCMCOBJ=    169.14006197548920     
 iteration        -3760 MCMCOBJ=    112.23542452715203     
 iteration        -3740 MCMCOBJ=    117.68505176306759     
 iteration        -3720 MCMCOBJ=    124.65190407648927     
 iteration        -3700 MCMCOBJ=    110.28077841311253     
 iteration        -3680 MCMCOBJ=    137.81479996868885     
 iteration        -3660 MCMCOBJ=    165.56436637869285     
 iteration        -3640 MCMCOBJ=    157.28425727571351     
 Convergence achieved
 Sampling Mode
 iteration            0 MCMCOBJ=    163.01205658598403     
 iteration           20 MCMCOBJ=    160.02268871451014     
 iteration           40 MCMCOBJ=    184.04186346453616     
 iteration           60 MCMCOBJ=    216.92959491849575     
 iteration           80 MCMCOBJ=    232.58944923850399     
 iteration          100 MCMCOBJ=    220.19686083427968     
 iteration          120 MCMCOBJ=    251.04485455621523     
 iteration          140 MCMCOBJ=    194.53665510310933     
 iteration          160 MCMCOBJ=    228.08577435442814     
 iteration          180 MCMCOBJ=    136.98838233152955     
 iteration          200 MCMCOBJ=    200.97569454880031     
 iteration          220 MCMCOBJ=    162.39067107763154     
 iteration          240 MCMCOBJ=    164.67605682974516     
 iteration          260 MCMCOBJ=    171.62442295814398     
 iteration          280 MCMCOBJ=    195.39180909792844     
 iteration          300 MCMCOBJ=    206.95762072241561     
 iteration          320 MCMCOBJ=    149.04944848200472     
 iteration          340 MCMCOBJ=    163.95538593951301     
 iteration          360 MCMCOBJ=    191.03309737857748     
 iteration          380 MCMCOBJ=    253.24827877670589     
 iteration          400 MCMCOBJ=    205.08717360217685     
 iteration          420 MCMCOBJ=    166.49234823149717     
 iteration          440 MCMCOBJ=    228.07650316472044     
 iteration          460 MCMCOBJ=    184.56910609317916     
 iteration          480 MCMCOBJ=    216.75192715782751     
 iteration          500 MCMCOBJ=    227.41212056612787     
 iteration          520 MCMCOBJ=    272.20876001878952     
 iteration          540 MCMCOBJ=    218.62073881131434     
 iteration          560 MCMCOBJ=    212.32439672948664     
 iteration          580 MCMCOBJ=    209.22160301664130     
 iteration          600 MCMCOBJ=    205.42960154382101     
 iteration          620 MCMCOBJ=    219.70100805837035     
 iteration          640 MCMCOBJ=    188.00585374590665     
 iteration          660 MCMCOBJ=    160.16280689180107     
 iteration          680 MCMCOBJ=    212.71456796295521     
 iteration          700 MCMCOBJ=    185.68928359258337     
 iteration          720 MCMCOBJ=    193.06285482661670     
 iteration          740 MCMCOBJ=    226.69877890179103     
 iteration          760 MCMCOBJ=    229.90963090587670     
 iteration          780 MCMCOBJ=    160.82786559450108     
 iteration          800 MCMCOBJ=    161.85204668423384     
 iteration          820 MCMCOBJ=    168.89605526905319     
 iteration          840 MCMCOBJ=    172.60914373066967     
 iteration          860 MCMCOBJ=    141.60706410864992     
 iteration          880 MCMCOBJ=    186.91663716566291     
 iteration          900 MCMCOBJ=    197.12828652704218     
 iteration          920 MCMCOBJ=    219.15064193280858     
 iteration          940 MCMCOBJ=    215.11098323394114     
 iteration          960 MCMCOBJ=    247.28567328862349     
 iteration          980 MCMCOBJ=    184.82027953568695     
 iteration         1000 MCMCOBJ=    198.73321564844019     
 iteration         1020 MCMCOBJ=    141.71064674321300     
 iteration         1040 MCMCOBJ=    161.93448334802201     
 iteration         1060 MCMCOBJ=    200.25155536086061     
 iteration         1080 MCMCOBJ=    151.03298862142569     
 iteration         1100 MCMCOBJ=    195.45824279480343     
 iteration         1120 MCMCOBJ=    164.95015126696592     
 iteration         1140 MCMCOBJ=    202.87492558246652     
 iteration         1160 MCMCOBJ=    224.84569377831991     
 iteration         1180 MCMCOBJ=    176.72232619786871     
 iteration         1200 MCMCOBJ=    196.32530657074696     
 iteration         1220 MCMCOBJ=    208.70879968968242     
 iteration         1240 MCMCOBJ=    190.44627345738297     
 iteration         1260 MCMCOBJ=    178.88629342387682     
 iteration         1280 MCMCOBJ=    183.36246279354501     
 iteration         1300 MCMCOBJ=    148.42664992065477     
 iteration         1320 MCMCOBJ=    204.84743630824713     
 iteration         1340 MCMCOBJ=    172.24520030298473     
 iteration         1360 MCMCOBJ=    212.51424268019451     
 iteration         1380 MCMCOBJ=    215.00644269387973     
 iteration         1400 MCMCOBJ=    203.83415700498662     
 iteration         1420 MCMCOBJ=    201.82100027038905     
 iteration         1440 MCMCOBJ=    173.34084936849979     
 iteration         1460 MCMCOBJ=    248.54090316901548     
 iteration         1480 MCMCOBJ=    215.93189139826387     
 iteration         1500 MCMCOBJ=    236.31495123765956     
 iteration         1520 MCMCOBJ=    181.30829887833335     
 iteration         1540 MCMCOBJ=    179.37262579602583     
 iteration         1560 MCMCOBJ=    249.59834065924016     
 iteration         1580 MCMCOBJ=    243.43536201961606     
 iteration         1600 MCMCOBJ=    134.43746597546146     
 iteration         1620 MCMCOBJ=    153.19136236210588     
 iteration         1640 MCMCOBJ=    173.38219667407367     
 iteration         1660 MCMCOBJ=    187.97087675129063     
 iteration         1680 MCMCOBJ=    185.07298780712227     
 iteration         1700 MCMCOBJ=    194.34333089290888     
 iteration         1720 MCMCOBJ=    133.42827065336732     
 iteration         1740 MCMCOBJ=    187.93705829663966     
 iteration         1760 MCMCOBJ=    214.33592751414889     
 iteration         1780 MCMCOBJ=    171.30461525730519     
 iteration         1800 MCMCOBJ=    208.78608679186669     
 iteration         1820 MCMCOBJ=    204.08146251982481     
 iteration         1840 MCMCOBJ=    207.01468658776665     
 iteration         1860 MCMCOBJ=    186.69382582007822     
 iteration         1880 MCMCOBJ=    220.11408100307315     
 iteration         1900 MCMCOBJ=    245.20248345835756     
 iteration         1920 MCMCOBJ=    214.32722159539344     
 iteration         1940 MCMCOBJ=    182.41240938120916     
 iteration         1960 MCMCOBJ=    243.28281025224538     
 iteration         1980 MCMCOBJ=    187.74610372854622     
 iteration         2000 MCMCOBJ=    175.02940183121117     
 iteration         2020 MCMCOBJ=    220.18422448278264     
 iteration         2040 MCMCOBJ=    207.37264329732423     
 iteration         2060 MCMCOBJ=    163.87127184491791     
 iteration         2080 MCMCOBJ=    204.59112960513224     
 iteration         2100 MCMCOBJ=    254.86165547816631     
 iteration         2120 MCMCOBJ=    160.89028119766203     
 iteration         2140 MCMCOBJ=    190.11851610567248     
 iteration         2160 MCMCOBJ=    188.64368680174030     
 iteration         2180 MCMCOBJ=    209.51386345372975     
 iteration         2200 MCMCOBJ=    167.37681122224330     
 iteration         2220 MCMCOBJ=    189.53866377733624     
 iteration         2240 MCMCOBJ=    207.14769657731571     
 iteration         2260 MCMCOBJ=    204.62237411014436     
 iteration         2280 MCMCOBJ=    127.55674367076692     
 iteration         2300 MCMCOBJ=    158.75356443967974     
 iteration         2320 MCMCOBJ=    209.52236661627987     
 iteration         2340 MCMCOBJ=    156.96177112591570     
 iteration         2360 MCMCOBJ=    132.02188730050432     
 iteration         2380 MCMCOBJ=    201.94867146622744     
 iteration         2400 MCMCOBJ=    142.00508152303576     
 iteration         2420 MCMCOBJ=    203.88270087679618     
 iteration         2440 MCMCOBJ=    159.61673270592590     
 iteration         2460 MCMCOBJ=    180.60100335608664     
 iteration         2480 MCMCOBJ=    194.71959820896569     
 iteration         2500 MCMCOBJ=    180.88005327225554     
 iteration         2520 MCMCOBJ=    164.10232940085433     
 iteration         2540 MCMCOBJ=    232.75197599255156     
 iteration         2560 MCMCOBJ=    173.71806859038364     
 iteration         2580 MCMCOBJ=    205.61190768860905     
 iteration         2600 MCMCOBJ=    178.47915161553115     
 iteration         2620 MCMCOBJ=    195.67088771681534     
 iteration         2640 MCMCOBJ=    121.18988263593324     
 iteration         2660 MCMCOBJ=    171.55416289529489     
 iteration         2680 MCMCOBJ=    193.23692706933448     
 iteration         2700 MCMCOBJ=    173.65697133219288     
 iteration         2720 MCMCOBJ=    183.40987873704731     
 iteration         2740 MCMCOBJ=    218.96291740409899     
 iteration         2760 MCMCOBJ=    172.35010891399367     
 iteration         2780 MCMCOBJ=    174.72925934865947     
 iteration         2800 MCMCOBJ=    205.51408403831459     
 iteration         2820 MCMCOBJ=    162.67669579668606     
 iteration         2840 MCMCOBJ=    241.11484403005346     
 iteration         2860 MCMCOBJ=    188.35882392443818     
 iteration         2880 MCMCOBJ=    179.20919963241602     
 iteration         2900 MCMCOBJ=    196.03366459200993     
 iteration         2920 MCMCOBJ=    183.90861963585084     
 iteration         2940 MCMCOBJ=    210.93586909184947     
 iteration         2960 MCMCOBJ=    228.20604029206936     
 iteration         2980 MCMCOBJ=    281.29769801233641     
 iteration         3000 MCMCOBJ=    185.49199875534734     
 iteration         3020 MCMCOBJ=    255.50183185821578     
 iteration         3040 MCMCOBJ=    246.62198484021374     
 iteration         3060 MCMCOBJ=    238.80738130970039     
 iteration         3080 MCMCOBJ=    221.88600451578841     
 iteration         3100 MCMCOBJ=    224.78838464848317     
 iteration         3120 MCMCOBJ=    219.61947980356453     
 iteration         3140 MCMCOBJ=    227.15876181012973     
 iteration         3160 MCMCOBJ=    178.90847090798562     
 iteration         3180 MCMCOBJ=    211.04756576158769     
 iteration         3200 MCMCOBJ=    209.09560533536657     
 iteration         3220 MCMCOBJ=    170.06302232103155     
 iteration         3240 MCMCOBJ=    194.70380631577706     
 iteration         3260 MCMCOBJ=    187.36558166875778     
 iteration         3280 MCMCOBJ=    151.28778582552511     
 iteration         3300 MCMCOBJ=    190.22534015681478     
 iteration         3320 MCMCOBJ=    170.64501440080235     
 iteration         3340 MCMCOBJ=    171.01249035421085     
 iteration         3360 MCMCOBJ=    142.61182757780097     
 iteration         3380 MCMCOBJ=    216.19710654290790     
 iteration         3400 MCMCOBJ=    204.61965303077741     
 iteration         3420 MCMCOBJ=    205.88121053778093     
 iteration         3440 MCMCOBJ=    200.82630505613093     
 iteration         3460 MCMCOBJ=    217.22339247856681     
 iteration         3480 MCMCOBJ=    187.96697574316505     
 iteration         3500 MCMCOBJ=    215.14060696955974     
 iteration         3520 MCMCOBJ=    222.37341763072882     
 iteration         3540 MCMCOBJ=    186.00165785019379     
 iteration         3560 MCMCOBJ=    195.82085433288557     
 iteration         3580 MCMCOBJ=    206.38977162364779     
 iteration         3600 MCMCOBJ=    183.31198975528662     
 iteration         3620 MCMCOBJ=    194.94230589006887     
 iteration         3640 MCMCOBJ=    198.38674221887641     
 iteration         3660 MCMCOBJ=    156.93166088638361     
 iteration         3680 MCMCOBJ=    188.45504072009413     
 iteration         3700 MCMCOBJ=    255.51375411086465     
 iteration         3720 MCMCOBJ=    222.46371551606902     
 iteration         3740 MCMCOBJ=    186.07643339572112     
 iteration         3760 MCMCOBJ=    173.36420059188811     
 iteration         3780 MCMCOBJ=    235.94445033423114     
 iteration         3800 MCMCOBJ=    216.04236654161443     
 iteration         3820 MCMCOBJ=    171.46302395091413     
 iteration         3840 MCMCOBJ=    207.60096200584144     
 iteration         3860 MCMCOBJ=    209.77490240021794     
 iteration         3880 MCMCOBJ=    111.35563507766231     
 iteration         3900 MCMCOBJ=    133.32427403262764     
 iteration         3920 MCMCOBJ=    201.56154279126753     
 iteration         3940 MCMCOBJ=    202.31451084539756     
 iteration         3960 MCMCOBJ=    191.37799675471786     
 iteration         3980 MCMCOBJ=    193.10991617103466     
 iteration         4000 MCMCOBJ=    221.57135003513204     
 iteration         4020 MCMCOBJ=    264.53977402445867     
 iteration         4040 MCMCOBJ=    209.39243511115421     
 iteration         4060 MCMCOBJ=    189.59044859721908     
 iteration         4080 MCMCOBJ=    174.92577643801098     
 iteration         4100 MCMCOBJ=    177.11355608727467     
 iteration         4120 MCMCOBJ=    169.38574895788463     
 iteration         4140 MCMCOBJ=    169.84575894114050     
 iteration         4160 MCMCOBJ=    270.14353296289056     
 iteration         4180 MCMCOBJ=    138.03678140842928     
 iteration         4200 MCMCOBJ=    136.02244466626507     
 iteration         4220 MCMCOBJ=    235.82497983849768     
 iteration         4240 MCMCOBJ=    170.02443806676976     
 iteration         4260 MCMCOBJ=    224.32953375385463     
 iteration         4280 MCMCOBJ=    225.66259390370502     
 iteration         4300 MCMCOBJ=    179.02376508208437     
 iteration         4320 MCMCOBJ=    278.36440640218461     
 iteration         4340 MCMCOBJ=    190.55301447283131     
 iteration         4360 MCMCOBJ=    214.00513423209611     
 iteration         4380 MCMCOBJ=    210.30815982842407     
 iteration         4400 MCMCOBJ=    188.47066400747298     
 iteration         4420 MCMCOBJ=    197.23779378028954     
 iteration         4440 MCMCOBJ=    220.14719550864112     
 iteration         4460 MCMCOBJ=    167.21406591134291     
 iteration         4480 MCMCOBJ=    143.41209055858954     
 iteration         4500 MCMCOBJ=    152.54678429592337     
 iteration         4520 MCMCOBJ=    202.22824221908533     
 iteration         4540 MCMCOBJ=    208.29522652813452     
 iteration         4560 MCMCOBJ=    230.82974799931051     
 iteration         4580 MCMCOBJ=    211.88417594663267     
 iteration         4600 MCMCOBJ=    151.39306171301544     
 iteration         4620 MCMCOBJ=    198.40276671120833     
 iteration         4640 MCMCOBJ=    240.18373519801801     
 iteration         4660 MCMCOBJ=    246.12249360197822     
 iteration         4680 MCMCOBJ=    194.78691244547628     
 iteration         4700 MCMCOBJ=    231.38205206256026     
 iteration         4720 MCMCOBJ=    190.10573195056247     
 iteration         4740 MCMCOBJ=    147.12784795049558     
 iteration         4760 MCMCOBJ=    206.05185724959074     
 iteration         4780 MCMCOBJ=    191.58399277132409     
 iteration         4800 MCMCOBJ=    132.50453779579436     
 iteration         4820 MCMCOBJ=    148.03597342705345     
 iteration         4840 MCMCOBJ=    146.95562790444512     
 iteration         4860 MCMCOBJ=    188.50011654916167     
 iteration         4880 MCMCOBJ=    243.61092405692438     
 iteration         4900 MCMCOBJ=    224.40678586928539     
 iteration         4920 MCMCOBJ=    172.51982671684422     
 iteration         4940 MCMCOBJ=    191.98735854672751     
 iteration         4960 MCMCOBJ=    224.78102927755018     
 iteration         4980 MCMCOBJ=    177.28935620965655     
 iteration         5000 MCMCOBJ=    198.25702755493296     
 iteration         5020 MCMCOBJ=    183.01029790038828     
 iteration         5040 MCMCOBJ=    191.24329545870916     
 iteration         5060 MCMCOBJ=    205.51184286254500     
 iteration         5080 MCMCOBJ=    206.77879675737492     
 iteration         5100 MCMCOBJ=    189.38481370650410     
 iteration         5120 MCMCOBJ=    166.61830384879383     
 iteration         5140 MCMCOBJ=    165.08515119695639     
 iteration         5160 MCMCOBJ=    263.40843202891233     
 iteration         5180 MCMCOBJ=    164.33632564951949     
 iteration         5200 MCMCOBJ=    234.82301248728521     
 iteration         5220 MCMCOBJ=    237.02097521721029     
 iteration         5240 MCMCOBJ=    227.60413607466316     
 iteration         5260 MCMCOBJ=    205.17006273953820     
 iteration         5280 MCMCOBJ=    217.03140895195259     
 iteration         5300 MCMCOBJ=    263.53407568250680     
 iteration         5320 MCMCOBJ=    204.55432632701496     
 iteration         5340 MCMCOBJ=    167.81100007832919     
 iteration         5360 MCMCOBJ=    207.64248024059410     
 iteration         5380 MCMCOBJ=    190.28787185567833     
 iteration         5400 MCMCOBJ=    213.67970207305038     
 iteration         5420 MCMCOBJ=    229.58010497153691     
 iteration         5440 MCMCOBJ=    182.42770598159063     
 iteration         5460 MCMCOBJ=    181.20065134301166     
 iteration         5480 MCMCOBJ=    210.21266478793777     
 iteration         5500 MCMCOBJ=    139.50830770006453     
 iteration         5520 MCMCOBJ=    223.86627493672955     
 iteration         5540 MCMCOBJ=    177.62980576122206     
 iteration         5560 MCMCOBJ=    124.88101893403649     
 iteration         5580 MCMCOBJ=    170.18743489107112     
 iteration         5600 MCMCOBJ=    202.18607948370351     
 iteration         5620 MCMCOBJ=    174.88211169822142     
 iteration         5640 MCMCOBJ=    137.73952858307018     
 iteration         5660 MCMCOBJ=    226.06228518887889     
 iteration         5680 MCMCOBJ=    196.70990605029317     
 iteration         5700 MCMCOBJ=    262.20969813573413     
 iteration         5720 MCMCOBJ=    207.01788358059989     
 iteration         5740 MCMCOBJ=    276.49016019950636     
 iteration         5760 MCMCOBJ=    200.91504247465542     
 iteration         5780 MCMCOBJ=    209.60908717369651     
 iteration         5800 MCMCOBJ=    173.82243448500142     
 iteration         5820 MCMCOBJ=    203.75070451888530     
 iteration         5840 MCMCOBJ=    186.36734153775004     
 iteration         5860 MCMCOBJ=    175.21314142487412     
 iteration         5880 MCMCOBJ=    240.64806506623094     
 iteration         5900 MCMCOBJ=    202.04535243877413     
 iteration         5920 MCMCOBJ=    187.42468907845915     
 iteration         5940 MCMCOBJ=    238.96509292861032     
 iteration         5960 MCMCOBJ=    210.24529336078541     
 iteration         5980 MCMCOBJ=    169.25075078850136     
 iteration         6000 MCMCOBJ=    231.48385449646662     
 iteration         6020 MCMCOBJ=    175.10998935683986     
 iteration         6040 MCMCOBJ=    158.85423346582868     
 iteration         6060 MCMCOBJ=    217.10282818545153     
 iteration         6080 MCMCOBJ=    192.41463559004245     
 iteration         6100 MCMCOBJ=    254.02039043441548     
 iteration         6120 MCMCOBJ=    200.98687263718742     
 iteration         6140 MCMCOBJ=    162.55363443185971     
 iteration         6160 MCMCOBJ=    195.68697114366270     
 iteration         6180 MCMCOBJ=    164.78882871129613     
 iteration         6200 MCMCOBJ=    212.01636703876252     
 iteration         6220 MCMCOBJ=    195.61940092588654     
 iteration         6240 MCMCOBJ=    236.55297092191776     
 iteration         6260 MCMCOBJ=    213.39940826501496     
 iteration         6280 MCMCOBJ=    142.40590560269123     
 iteration         6300 MCMCOBJ=    151.52927813592282     
 iteration         6320 MCMCOBJ=    188.24745476018506     
 iteration         6340 MCMCOBJ=    228.72586052977459     
 iteration         6360 MCMCOBJ=    193.86560668483639     
 iteration         6380 MCMCOBJ=    203.78334288370681     
 iteration         6400 MCMCOBJ=    143.58370667847169     
 iteration         6420 MCMCOBJ=    192.09614963344384     
 iteration         6440 MCMCOBJ=    195.71678158069790     
 iteration         6460 MCMCOBJ=    161.39530620042990     
 iteration         6480 MCMCOBJ=    218.63609063991899     
 iteration         6500 MCMCOBJ=    234.49390169830616     
 iteration         6520 MCMCOBJ=    146.12057451125384     
 iteration         6540 MCMCOBJ=    234.60088829267931     
 iteration         6560 MCMCOBJ=    184.04315498478502     
 iteration         6580 MCMCOBJ=    196.70531876672166     
 iteration         6600 MCMCOBJ=    149.17076566701030     
 iteration         6620 MCMCOBJ=    251.15746560073512     
 iteration         6640 MCMCOBJ=    203.44770534691020     
 iteration         6660 MCMCOBJ=    220.89975673244257     
 iteration         6680 MCMCOBJ=    178.83126421021521     
 iteration         6700 MCMCOBJ=    202.96212105654678     
 iteration         6720 MCMCOBJ=    224.18675795413060     
 iteration         6740 MCMCOBJ=    271.02526096820088     
 iteration         6760 MCMCOBJ=    239.40547925875128     
 iteration         6780 MCMCOBJ=    205.54939882644575     
 iteration         6800 MCMCOBJ=    194.73401741944451     
 iteration         6820 MCMCOBJ=    240.22319981081975     
 iteration         6840 MCMCOBJ=    224.62787969909846     
 iteration         6860 MCMCOBJ=    215.54782236650345     
 iteration         6880 MCMCOBJ=    164.82741489943123     
 iteration         6900 MCMCOBJ=    161.99830176796920     
 iteration         6920 MCMCOBJ=    243.26649106328077     
 iteration         6940 MCMCOBJ=    202.98206543549017     
 iteration         6960 MCMCOBJ=    212.00403251994879     
 iteration         6980 MCMCOBJ=    210.67832890926883     
 iteration         7000 MCMCOBJ=    219.70856323125244     
 iteration         7020 MCMCOBJ=    214.37092149529050     
 iteration         7040 MCMCOBJ=    179.45921609309468     
 iteration         7060 MCMCOBJ=    218.90757016506274     
 iteration         7080 MCMCOBJ=    176.50393048057907     
 iteration         7100 MCMCOBJ=    215.56196141987425     
 iteration         7120 MCMCOBJ=    208.62325267423344     
 iteration         7140 MCMCOBJ=    226.65384069068955     
 iteration         7160 MCMCOBJ=    223.18531712857234     
 iteration         7180 MCMCOBJ=    163.95236295242233     
 iteration         7200 MCMCOBJ=    203.86293725613768     
 iteration         7220 MCMCOBJ=    130.78735800856779     
 iteration         7240 MCMCOBJ=    169.62184487756281     
 iteration         7260 MCMCOBJ=    168.57188493073670     
 iteration         7280 MCMCOBJ=    170.22016790449743     
 iteration         7300 MCMCOBJ=    176.02293472065125     
 iteration         7320 MCMCOBJ=    191.51982332160830     
 iteration         7340 MCMCOBJ=    191.71696203923176     
 iteration         7360 MCMCOBJ=    190.79176272302450     
 iteration         7380 MCMCOBJ=    171.73806856366627     
 iteration         7400 MCMCOBJ=    146.83934691041068     
 iteration         7420 MCMCOBJ=    169.60306895219185     
 iteration         7440 MCMCOBJ=    205.16139982754689     
 iteration         7460 MCMCOBJ=    206.43023493865354     
 iteration         7480 MCMCOBJ=    181.21685558930102     
 iteration         7500 MCMCOBJ=    190.61287336775806     
 iteration         7520 MCMCOBJ=    225.47709105671981     
 iteration         7540 MCMCOBJ=    185.08617693096141     
 iteration         7560 MCMCOBJ=    183.21505004091046     
 iteration         7580 MCMCOBJ=    197.73990008730911     
 iteration         7600 MCMCOBJ=    202.34303745032807     
 iteration         7620 MCMCOBJ=    180.66266331351920     
 iteration         7640 MCMCOBJ=    197.29388465733436     
 iteration         7660 MCMCOBJ=    224.06664507892310     
 iteration         7680 MCMCOBJ=    221.92700691698428     
 iteration         7700 MCMCOBJ=    189.31110885134254     
 iteration         7720 MCMCOBJ=    133.36519157208747     
 iteration         7740 MCMCOBJ=    177.80668273377731     
 iteration         7760 MCMCOBJ=    230.94040622353839     
 iteration         7780 MCMCOBJ=    184.07291552865757     
 iteration         7800 MCMCOBJ=    184.09624763541424     
 iteration         7820 MCMCOBJ=    179.42211707195068     
 iteration         7840 MCMCOBJ=    214.75979667693622     
 iteration         7860 MCMCOBJ=    247.26387913078599     
 iteration         7880 MCMCOBJ=    229.47424023261803     
 iteration         7900 MCMCOBJ=    200.00557797641963     
 iteration         7920 MCMCOBJ=    163.20453054047721     
 iteration         7940 MCMCOBJ=    197.77198225304912     
 iteration         7960 MCMCOBJ=    216.29187029967540     
 iteration         7980 MCMCOBJ=    182.44190424051001     
 iteration         8000 MCMCOBJ=    184.78646912291066     
 iteration         8020 MCMCOBJ=    223.34483570169277     
 iteration         8040 MCMCOBJ=    213.93176882350198     
 iteration         8060 MCMCOBJ=    227.78742391873433     
 iteration         8080 MCMCOBJ=    210.09553480495055     
 iteration         8100 MCMCOBJ=    240.62979493102213     
 iteration         8120 MCMCOBJ=    181.96755882053455     
 iteration         8140 MCMCOBJ=    186.42727506816541     
 iteration         8160 MCMCOBJ=    181.25709599674281     
 iteration         8180 MCMCOBJ=    122.99885807282774     
 iteration         8200 MCMCOBJ=    174.59959250826279     
 iteration         8220 MCMCOBJ=    133.75833953068005     
 iteration         8240 MCMCOBJ=    140.43414085612599     
 iteration         8260 MCMCOBJ=    245.48155371546889     
 iteration         8280 MCMCOBJ=    282.70659919506647     
 iteration         8300 MCMCOBJ=    198.47112367538952     
 iteration         8320 MCMCOBJ=    158.67779791599020     
 iteration         8340 MCMCOBJ=    180.83266373095961     
 iteration         8360 MCMCOBJ=    170.39993086517563     
 iteration         8380 MCMCOBJ=    171.85082690411232     
 iteration         8400 MCMCOBJ=    219.12702361570194     
 iteration         8420 MCMCOBJ=    222.38569599867392     
 iteration         8440 MCMCOBJ=    217.72578375035732     
 iteration         8460 MCMCOBJ=    212.28450537568582     
 iteration         8480 MCMCOBJ=    209.60178852109473     
 iteration         8500 MCMCOBJ=    211.52258646015196     
 iteration         8520 MCMCOBJ=    221.93798228059944     
 iteration         8540 MCMCOBJ=    156.13555117999962     
 iteration         8560 MCMCOBJ=    176.38833277535286     
 iteration         8580 MCMCOBJ=    199.70694849467156     
 iteration         8600 MCMCOBJ=    194.04330908233931     
 iteration         8620 MCMCOBJ=    198.12915370051957     
 iteration         8640 MCMCOBJ=    180.14886099846015     
 iteration         8660 MCMCOBJ=    218.64696465830073     
 iteration         8680 MCMCOBJ=    161.18623465565676     
 iteration         8700 MCMCOBJ=    281.60226439840892     
 iteration         8720 MCMCOBJ=    226.30095037708165     
 iteration         8740 MCMCOBJ=    197.44508829129100     
 iteration         8760 MCMCOBJ=    131.22927146949402     
 iteration         8780 MCMCOBJ=    192.79169136981747     
 iteration         8800 MCMCOBJ=    200.93377680066743     
 iteration         8820 MCMCOBJ=    224.20959477168861     
 iteration         8840 MCMCOBJ=    232.49961975951794     
 iteration         8860 MCMCOBJ=    195.97681168118143     
 iteration         8880 MCMCOBJ=    154.89766230422308     
 iteration         8900 MCMCOBJ=    142.04797139664856     
 iteration         8920 MCMCOBJ=    156.34009219227664     
 iteration         8940 MCMCOBJ=    173.39751605006083     
 iteration         8960 MCMCOBJ=    158.45236565215779     
 iteration         8980 MCMCOBJ=    199.52856862285952     
 iteration         9000 MCMCOBJ=    137.59168569693765     
 iteration         9020 MCMCOBJ=    182.23786158267913     
 iteration         9040 MCMCOBJ=    182.85554022904162     
 iteration         9060 MCMCOBJ=    190.50408574392949     
 iteration         9080 MCMCOBJ=    189.28408437192206     
 iteration         9100 MCMCOBJ=    207.01218568839698     
 iteration         9120 MCMCOBJ=    208.37881728087871     
 iteration         9140 MCMCOBJ=    190.01208455900561     
 iteration         9160 MCMCOBJ=    207.43253302329742     
 iteration         9180 MCMCOBJ=    218.93698550940499     
 iteration         9200 MCMCOBJ=    211.95702908761345     
 iteration         9220 MCMCOBJ=    200.05714150986390     
 iteration         9240 MCMCOBJ=    263.97855757892387     
 iteration         9260 MCMCOBJ=    196.32588396094528     
 iteration         9280 MCMCOBJ=    178.25412925585644     
 iteration         9300 MCMCOBJ=    157.07864078124854     
 iteration         9320 MCMCOBJ=    197.01593886245522     
 iteration         9340 MCMCOBJ=    210.34785148227527     
 iteration         9360 MCMCOBJ=    169.16216175920135     
 iteration         9380 MCMCOBJ=    162.44403907337923     
 iteration         9400 MCMCOBJ=    196.24582783496592     
 iteration         9420 MCMCOBJ=    178.70687294501997     
 iteration         9440 MCMCOBJ=    229.60984657801077     
 iteration         9460 MCMCOBJ=    175.76244938113669     
 iteration         9480 MCMCOBJ=    237.38179775773509     
 iteration         9500 MCMCOBJ=    171.17653527178183     
 iteration         9520 MCMCOBJ=    186.29059605189394     
 iteration         9540 MCMCOBJ=    191.01856031209297     
 iteration         9560 MCMCOBJ=    209.69226004764516     
 iteration         9580 MCMCOBJ=    187.09899203795459     
 iteration         9600 MCMCOBJ=    223.56971452015219     
 iteration         9620 MCMCOBJ=    231.70173448026000     
 iteration         9640 MCMCOBJ=    189.41629963160665     
 iteration         9660 MCMCOBJ=    161.91126503029787     
 iteration         9680 MCMCOBJ=    185.17477958862443     
 iteration         9700 MCMCOBJ=    236.67612343414982     
 iteration         9720 MCMCOBJ=    198.67182991911372     
 iteration         9740 MCMCOBJ=    195.94794512197754     
 iteration         9760 MCMCOBJ=    207.11037931765958     
 iteration         9780 MCMCOBJ=    253.12460286630494     
 iteration         9800 MCMCOBJ=    227.44877709836001     
 iteration         9820 MCMCOBJ=    156.88828449890684     
 iteration         9840 MCMCOBJ=    182.74093594163782     
 iteration         9860 MCMCOBJ=    161.80943670503504     
 iteration         9880 MCMCOBJ=    159.67319124818519     
 iteration         9900 MCMCOBJ=    179.01734073191940     
 iteration         9920 MCMCOBJ=    210.14449427686401     
 iteration         9940 MCMCOBJ=    238.06098550350370     
 iteration         9960 MCMCOBJ=    231.30956624199558     
 iteration         9980 MCMCOBJ=    214.14450318779751     
 iteration        10000 MCMCOBJ=    226.65607350022503     
 BURN-IN WAS COMPLETED

 #TERM:
 STATISTICAL PORTION WAS COMPLETED
  
 TOTAL DATA POINTS NORMALLY DISTRIBUTED (N):          112
 N*LOG(2PI) CONSTANT TO OBJECTIVE FUNCTION:    205.84223143784669     
 OBJECTIVE FUNCTION VALUE WITHOUT CONSTANT:    194.89602150092986     
 OBJECTIVE FUNCTION VALUE WITH CONSTANT:       400.73825293877655     
 REPORTED OBJECTIVE FUNCTION DOES NOT CONTAIN CONSTANT
  
 TOTAL EFFECTIVE ETAS (NIND*NETA):                           112
 NIND*NETA*LOG(2PI) CONSTANT TO OBJECTIVE FUNCTION:    205.84223143784669     
 OBJECTIVE FUNCTION VALUE WITHOUT CONSTANT:    194.89602150092986     
 OBJECTIVE FUNCTION VALUE WITH CONSTANT:       400.73825293877655     
 REPORTED OBJECTIVE FUNCTION DOES NOT CONTAIN CONSTANT
  
 PRIOR CONSTANT TO OBJECTIVE FUNCTION:    30.823646298206345     
 OBJECTIVE FUNCTION VALUE WITHOUT CONSTANT:    194.89602150092986     
 OBJECTIVE FUNCTION VALUE WITH CONSTANT:       225.71966779913620     
 REPORTED OBJECTIVE FUNCTION DOES NOT CONTAIN CONSTANT
  
 #TERE:
 Elapsed estimation  time in seconds:    82.55
 Elapsed covariance  time in seconds:     0.00
1
 
 
 
 
 
 
 
 
 
 
 
 
 
 
 
 
 
 
 
 
 ************************************************************************************************************************
 ********************                                                                                ********************
 ********************                              MCMC BAYESIAN ANALYSIS                            ********************
 #OBJT:**************                       AVERAGE VALUE OF LIKELIHOOD FUNCTION                     ********************
 ********************                                                                                ********************
 ************************************************************************************************************************
 





 #OBJV:********************************************      194.896       **************************************************
 #OBJS:********************************************       31.058 (STD) **************************************************
1
 ************************************************************************************************************************
 ********************                                                                                ********************
 ********************                              MCMC BAYESIAN ANALYSIS                            ********************
 ********************                             FINAL PARAMETER ESTIMATE                           ********************
 ********************                                                                                ********************
 ************************************************************************************************************************
 


 THETA - VECTOR OF FIXED EFFECTS PARAMETERS   *********


         THETA(CL) THETA(V) 
 
         2.87E+00  4.20E+01
 


 OMEGA - COV MATRIX FOR RANDOM EFFECTS - ETAS  ********


         ETA(CL)   ETA(V)   
 
 ETA(CL)
+        1.40E-01
 
 ETA(V)
+       -9.14E-03  1.30E-01
 


 SIGMA - COV MATRIX FOR RANDOM EFFECTS - EPSILONS  ****


         EPS1     
 
 EPS1
+        4.26E-02
 
1


 OMEGA - CORR MATRIX FOR RANDOM EFFECTS - ETAS  *******


         ETA(CL)   ETA(V)   
 
 ETA(CL)
+        3.68E-01
 
 ETA(V)
+       -6.53E-02  3.45E-01
 


 SIGMA - CORR MATRIX FOR RANDOM EFFECTS - EPSILONS  ***


         EPS1     
 
 EPS1
+        2.05E-01
 
1
 ************************************************************************************************************************
 ********************                                                                                ********************
 ********************                              MCMC BAYESIAN ANALYSIS                            ********************
 ********************                STANDARD ERROR OF ESTIMATE (From Sample Variance)               ********************
 ********************                                                                                ********************
 ************************************************************************************************************************
 


 THETA - VECTOR OF FIXED EFFECTS PARAMETERS   *********


         THETA(CL) THETA(V) 
 
         3.79E-01  8.94E+00
 


 OMEGA - COV MATRIX FOR RANDOM EFFECTS - ETAS  ********


         ETA(CL)   ETA(V)   
 
 ETA(CL)
+        5.44E-02
 
 ETA(V)
+        4.69E-02  8.78E-02
 


 SIGMA - COV MATRIX FOR RANDOM EFFECTS - EPSILONS  ****


         EPS1     
 
 EPS1
+        1.04E-02
 
1


 OMEGA - CORR MATRIX FOR RANDOM EFFECTS - ETAS  *******


         ETA(CL)   ETA(V)   
 
 ETA(CL)
+        6.94E-02
 
 ETA(V)
+        3.16E-01  1.07E-01
 


 SIGMA - CORR MATRIX FOR RANDOM EFFECTS - EPSILONS  ***


         EPS1     
 
 EPS1
+        2.38E-02
 
1
 ************************************************************************************************************************
 ********************                                                                                ********************
 ********************                              MCMC BAYESIAN ANALYSIS                            ********************
 ********************               COVARIANCE MATRIX OF ESTIMATE (From Sample Variance)             ********************
 ********************                                                                                ********************
 ************************************************************************************************************************
 

            TH 1      TH 2      OM11      OM12      OM22      SG11  
 
 TH 1
+        1.44E-01
 
 TH 2
+        1.13E+00  7.99E+01
 
 OM11
+       -2.17E-03  2.38E-01  2.96E-03
 
 OM12
+       -1.72E-03 -1.12E-01 -2.59E-04  2.20E-03
 
 OM22
+       -1.03E-02 -1.12E-01 -9.81E-04 -2.89E-04  7.71E-03
 
 SG11
+       -1.50E-03 -2.03E-02 -2.81E-05  8.88E-05 -2.99E-05  1.08E-04
 
1
 ************************************************************************************************************************
 ********************                                                                                ********************
 ********************                              MCMC BAYESIAN ANALYSIS                            ********************
 ********************              CORRELATION MATRIX OF ESTIMATE (From Sample Variance)             ********************
 ********************                                                                                ********************
 ************************************************************************************************************************
 

            TH 1      TH 2      OM11      OM12      OM22      SG11  
 
 TH 1
+        3.79E-01
 
 TH 2
+        3.35E-01  8.94E+00
 
 OM11
+       -1.05E-01  4.89E-01  5.44E-02
 
 OM12
+       -9.66E-02 -2.67E-01 -1.01E-01  4.69E-02
 
 OM22
+       -3.08E-01 -1.43E-01 -2.05E-01 -7.03E-02  8.78E-02
 
 SG11
+       -3.80E-01 -2.18E-01 -4.97E-02  1.82E-01 -3.27E-02  1.04E-02
 
1
 ************************************************************************************************************************
 ********************                                                                                ********************
 ********************                              MCMC BAYESIAN ANALYSIS                            ********************
 ********************           INVERSE COVARIANCE MATRIX OF ESTIMATE (From Sample Variance)         ********************
 ********************                                                                                ********************
 ************************************************************************************************************************
 

            TH 1      TH 2      OM11      OM12      OM22      SG11  
 
 TH 1
+        1.17E+01
 
 TH 2
+       -2.03E-01  2.18E-02
 
 OM11
+        3.18E+01 -1.90E+00  5.44E+02
 
 OM12
+       -7.24E-01  6.99E-01 -6.74E+00  5.04E+02
 
 OM22
+        1.72E+01 -1.67E-01  8.47E+01  2.62E+01  1.63E+02
 
 SG11
+        1.37E+02  1.69E-01  2.55E+02 -2.87E+02  2.52E+02  1.15E+04
 
 Elapsed postprocess time in seconds:     0.00
 #CPUT: Total CPU Time in Seconds,       50.875
Stop Time: 
Mon 12/12/2016 
10:05 PM
