Sat 12/10/2016 
04:10 PM
$PROB one cmpt simple mu modeled bayes
$SUB ADVAN1 TRANS2
$INPUT ID TIME DV CMT EVID AMT RATE
$DATA ..\mdata\simple_nocovar_50id_6tp.csv IGNORE=@
$ABBR REPLACE THETA(CL, V) = THETA(1 to 2)
$ABBR REPLACE ETA(CL, V) = ETA(1 to 2)

$THETAI
THETA(1:NTHETA)=LOG(THETAI(1:NTHETA))
THETAP(1:NTHETAP)=LOG(THETAPI(1:NTHETAP))
$THETAR
THETAR(1:NTHETA)=EXP(THETA(1:NTHETA))
THETAPR(1:NTHETAP)=EXP(THETAP(1:NTHETAP))

$PRIOR NWPRI 

$PK
"USE NMBAYES_INT, ONLY: ITER_REPORT,BAYES_EXTRA_REQUEST,BAYES_EXTRA
; Request extra information for Bayesian analysis.
; An extra call will then be made for accepted samples
"BAYES_EXTRA_REQUEST=1

MU_1 = THETA(CL)
MU_2 = THETA(V)
CL = EXP(MU_1 + ETA(CL))
V = EXP(MU_2 + ETA(V))
S1 = V

"IF(BAYES_EXTRA==1 .AND. ITER_REPORT>=0 .AND. TIME==0.0) THEN
"WRITE(50,98) ITER_REPORT,ID,CL,V
"98 FORMAT(I12,1X,F14.0,4(1X,1PG12.5))
"ENDIF

$ERROR
"USE NMBAYES_INT, ONLY: ITER_REPORT,BAYES_EXTRA_REQUEST,BAYES_EXTRA
"BAYES_EXTRA_REQUEST=1
IPRED=F
Y = IPRED*(1 + ERR(1))  
"IF(BAYES_EXTRA==1 .AND. ITER_REPORT>=0 ) THEN
"WRITE(51,97) ITER_REPORT,ID,TIME,F
"97 FORMAT(I12,1X,F14.0,2(1X,1PG12.5))
"ENDIF

$THETA
(0.001, 3) ; TVCL
(0.001, 34) ; TVV

$OMEGA BLOCK(2)
0.1    ; nCL
0.1  0.1  ; nV

$SIGMA
0.03 ; PROP

; THETA PRIORS
$THETAP (3 FIX) (34 FIX) 

; THETA (uniformative) PRIORs
$THETAPV BLOCK(2)
10000 FIX
0.0 10000 

$OMEGAP BLOCK(2)
0.2 FIX
0 0.2

; degrees of freedom to prior omega matrix - low dof = highly uninformative
$OMEGAPD (2 FIX)

$EST METHOD=CHAIN FILE=..\run006chains.chn NSAMPLE=0 ISAMPLE=3 DF=20
$EST METHOD=BAYES INTER NBURN=4000 NITER=10000 PRINT=20 NOPRIOR=0 CTYPE=3 CITER=10 SEED=10701
  
NM-TRAN MESSAGES 
  
 WARNINGS AND ERRORS (IF ANY) FOR PROBLEM    1
             
 (WARNING  2) NM-TRAN INFERS THAT THE DATA ARE POPULATION.

 (MU_WARNING 20) MU_001: MU_ VARIABLE SHOULD NOT BE DEFINED AFTER VERBATIM CODE.
  
License Registered to: Devin Pastoor
Expiration Date:    14 NOV 2017
Current Date:       10 DEC 2016
Days until program expires : 339
1NONLINEAR MIXED EFFECTS MODEL PROGRAM (NONMEM) VERSION 7.4.0 alpha14 (nm74a14)
 ORIGINALLY DEVELOPED BY STUART BEAL, LEWIS SHEINER, AND ALISON BOECKMANN
 CURRENT DEVELOPERS ARE ROBERT BAUER, ICON DEVELOPMENT SOLUTIONS,
 AND ALISON BOECKMANN. IMPLEMENTATION, EFFICIENCY, AND STANDARDIZATION
 PERFORMED BY NOUS INFOSYSTEMS.

 PROBLEM NO.:         1
 one cmpt simple mu modeled bayes
0DATA CHECKOUT RUN:              NO
 DATA SET LOCATED ON UNIT NO.:    2
 THIS UNIT TO BE REWOUND:        NO
 NO. OF DATA RECS IN DATA SET:      300
 NO. OF DATA ITEMS IN DATA SET:   8
 ID DATA ITEM IS DATA ITEM NO.:   1
 DEP VARIABLE IS DATA ITEM NO.:   3
 MDV DATA ITEM IS DATA ITEM NO.:  8
0INDICES PASSED TO SUBROUTINE PRED:
   5   2   6   7   0   0   4   0   0   0   0
0LABELS FOR DATA ITEMS:
 ID TIME DV CMT EVID AMT RATE MDV
0LABELS FOR THETAS
 THETA(1)=THETA(CL)
 THETA(2)=THETA(V)
0LABELS FOR ETAS
 ETA(1)=ETA(CL)
0LABELS FOR ETAS
 ETA(2)=ETA(V)
0FORMAT FOR DATA:
 (2E3.0,E18.0,2E2.0,2E5.0,1F2.0)

 TOT. NO. OF OBS RECS:      250
 TOT. NO. OF INDIVIDUALS:     50
0LENGTH OF THETA:   5
0DEFAULT THETA BOUNDARY TEST OMITTED:    NO
0OMEGA HAS BLOCK FORM:
  1
  1  1
  0  0  2
  0  0  2  2
  0  0  0  0  3
  0  0  0  0  3  3
0DEFAULT OMEGA BOUNDARY TEST OMITTED:    NO
0SIGMA HAS SIMPLE DIAGONAL FORM WITH DIMENSION:   1
0DEFAULT SIGMA BOUNDARY TEST OMITTED:    NO
0INITIAL ESTIMATE OF THETA:
 LOWER BOUND    INITIAL EST    UPPER BOUND
  0.1000E-02     0.3000E+01     0.1000E+07
  0.1000E-02     0.3400E+02     0.1000E+07
  0.3000E+01     0.3000E+01     0.3000E+01
  0.3400E+02     0.3400E+02     0.3400E+02
  0.2000E+01     0.2000E+01     0.2000E+01
0INITIAL ESTIMATE OF OMEGA:
 BLOCK SET NO.   BLOCK                                                                    FIXED
        1                                                                                   NO
 DIAGONAL SHIFT OF  1.1000E-07 WAS IMPOSED TO ENSURE POSITIVE DEFINITENESS
                  0.1000E+00
                  0.1000E+00   0.1000E+00
        2                                                                                  YES
                  0.1000E+05
                  0.0000E+00   0.1000E+05
        3                                                                                  YES
                  0.2000E+00
                  0.0000E+00   0.2000E+00
0INITIAL ESTIMATE OF SIGMA:
 0.3000E-01
0
 THETAI SUBROUTINE USER-SUPPLIED
 THETAR SUBROUTINE USER-SUPPLIED
 PRIOR SUBROUTINE USER-SUPPLIED
1DOUBLE PRECISION PREDPP VERSION 7.4.0 alpha14 (nm74a14)

 ONE COMPARTMENT MODEL (ADVAN1)
0MAXIMUM NO. OF BASIC PK PARAMETERS:   2
0BASIC PK PARAMETERS (AFTER TRANSLATION):
   ELIMINATION RATE (K) IS BASIC PK PARAMETER NO.:  1

 TRANSLATOR WILL CONVERT PARAMETERS
 CLEARANCE (CL) AND VOLUME (V) TO K (TRANS2)
0COMPARTMENT ATTRIBUTES
 COMPT. NO.   FUNCTION   INITIAL    ON/OFF      DOSE      DEFAULT    DEFAULT
                         STATUS     ALLOWED    ALLOWED    FOR DOSE   FOR OBS.
    1         CENTRAL      ON         NO         YES        YES        YES
    2         OUTPUT       OFF        YES        NO         NO         NO
1
 ADDITIONAL PK PARAMETERS - ASSIGNMENT OF ROWS IN GG
 COMPT. NO.                             INDICES
              SCALE      BIOAVAIL.   ZERO-ORDER  ZERO-ORDER  ABSORB
                         FRACTION    RATE        DURATION    LAG
    1            3           *           *           *           *
    2            *           -           -           -           -
             - PARAMETER IS NOT ALLOWED FOR THIS MODEL
             * PARAMETER IS NOT SUPPLIED BY PK SUBROUTINE;
               WILL DEFAULT TO ONE IF APPLICABLE
0DATA ITEM INDICES USED BY PRED ARE:
   EVENT ID DATA ITEM IS DATA ITEM NO.:      5
   TIME DATA ITEM IS DATA ITEM NO.:          2
   DOSE AMOUNT DATA ITEM IS DATA ITEM NO.:   6
   DOSE RATE DATA ITEM IS DATA ITEM NO.:     7
   COMPT. NO. DATA ITEM IS DATA ITEM NO.:    4

0PK SUBROUTINE CALLED WITH EVERY EVENT RECORD.
 PK SUBROUTINE NOT CALLED AT NONEVENT (ADDITIONAL OR LAGGED) DOSE TIMES.
0ERROR SUBROUTINE CALLED WITH EVERY EVENT RECORD.
1


 #TBLN:      1
 #METH: Chain Method Processing

 RANDOM GENERATION TYPE (CTYPE):     0
 RANDOM GENERATION SEED (SEED):      11456
 RANDOM SAMPLE SELECTION (ISAMPLE):  3
 RANDOM SAMPLE RANGE END (ISAMPEND): -2147483647
 NUMBER OF RANDOM SAMPLES (NSAMPLE): 0
 UNIFORM FRACTIONAL RANGE (IACCEPT): 0.400000000000000
 RANDOM SELECTION TYPE (SELECT):     0
 DEG. FR. TO GENERATE OMEGAS (DF):   20
 DEG. FR. TO GENERATE SIGMAS (DFS):  -1
 CHAIN FILE (FILE):                  ..\run006chains.chn
 EXCL. TITLE IN CHAIN FILE (NOTITLE):NO
 EX. COL. LBS. IN CHAIN FL.(NOLABEL):NO
 FORMAT FOR CHAIN FILE (FORMAT):     S1PE12.5
 PAR. ORDER in CHAIN FILE (ORDER):   TSOL
 RANDOM SAMPLING METHOD (RANMETHOD):3U

 THE FOLLOWING LABELS ARE EQUIVALENT
 PRED=NPRED
 RES=NRES
 WRES=NWRES
 IWRS=NIWRES
 IPRD=NIPRED
 IRS=NIRES



 FROM SAMPLE 3 OF CHAIN FILE ..\run006chains.chn
 NEW INITIAL ESTIMATES OF THETA
  0.1917E-01
  0.1666E+01
 NEW INITIAL ESTIMATES OF OMEGA
 DIAGONAL SHIFT OF  2.2018E-07 WAS IMPOSED ON OMEGAS TO ENSURE POSITIVE DEFINITENESS
  0.2002E+00
  0.2002E+00  0.2003E+00
 NEW INITIAL ESTIMATES OF SIGMA
  0.1176E-01
1


 #TBLN:      1
 #METH: MCMC Bayesian Analysis

 ESTIMATION STEP OMITTED:                 NO
 ANALYSIS TYPE:                           POPULATION
 NUMBER OF SADDLE POINT RESET ITERATIONS:      0
 GRADIENT METHOD USED:               NOSLOW
 CONDITIONAL ESTIMATES USED:              YES
 CENTERED ETA:                            NO
 EPS-ETA INTERACTION:                     YES
 LAPLACIAN OBJ. FUNC.:                    NO
 NO. OF FUNCT. EVALS. ALLOWED:            840
 NO. OF SIG. FIGURES REQUIRED:            3
 INTERMEDIATE PRINTOUT:                   YES
 ESTIMATE OUTPUT TO MSF:                  NO
 IND. OBJ. FUNC. VALUES SORTED:           NO
 NUMERICAL DERIVATIVE
       FILE REQUEST (NUMDER):               NONE
 MAP (ETAHAT) ESTIMATION METHOD (OPTMAP):   0
 ETA HESSIAN EVALUATION METHOD (ETADER):    0
 INITIAL ETA FOR MAP ESTIMATION (MCETA):    0
 SIGDIGITS FOR MAP ESTIMATION (SIGLO):      100
 GRADIENT SIGDIGITS OF
       FIXED EFFECTS PARAMETERS (SIGL):     100
 NOPRIOR SETTING (NOPRIOR):                 OFF
 NOCOV SETTING (NOCOV):                     OFF
 DERCONT SETTING (DERCONT):                 OFF
 FINAL ETA RE-EVALUATION (FNLETA):          ON
 EXCLUDE NON-INFLUENTIAL (NON-INFL.) ETAS
       IN SHRINKAGE (ETASTYPE):             NO
 NON-INFL. ETA CORRECTION (NONINFETA):      OFF
 RAW OUTPUT FILE (FILE): run006c3.ext
 EXCLUDE TITLE (NOTITLE):                   NO
 EXCLUDE COLUMN LABELS (NOLABEL):           NO
 FORMAT FOR ADDITIONAL FILES (FORMAT):      S1PE12.5
 PARAMETER ORDER FOR OUTPUTS (ORDER):       TSOL
 WISHART PRIOR DF INTERPRETATION (WISHTYPE):0
 KNUTHSUMOFF:                               0
 INCLUDE LNTWOPI:                           NO
 INCLUDE CONSTANT TERM TO PRIOR (PRIORC):   NO
 INCLUDE CONSTANT TERM TO OMEGA (ETA) (OLNTWOPI):NO
 EM OR BAYESIAN METHOD USED:                MCMC BAYESIAN (BAYES)
 MU MODELING PATTERN (MUM):
 GRADIENT/GIBBS PATTERN (GRD):
 AUTOMATIC SETTING FEATURE (AUTO):          OFF
 CONVERGENCE TYPE (CTYPE):                  3
 KEEP ITERATIONS (THIN):            1
 CONVERGENCE INTERVAL (CINTERVAL):          20
 CONVERGENCE ITERATIONS (CITER):            10
 CONVERGENCE ALPHA ERROR (CALPHA):          5.000000000000000E-02
 BURN-IN ITERATIONS (NBURN):                4000
 ITERATIONS (NITER):                        10000
 ANEAL SETTING (CONSTRAIN):                 1
 STARTING SEED FOR MC METHODS (SEED):       10701
 MC SAMPLES PER SUBJECT (ISAMPLE):          1
 RANDOM SAMPLING METHOD (RANMETHOD):        3U
 PROPOSAL DENSITY SCALING RANGE
              (ISCALE_MIN, ISCALE_MAX):     1.000000000000000E-06   ,1000000.00000000
 SAMPLE ACCEPTANCE RATE (IACCEPT):          0.400000000000000
 METROPOLIS HASTINGS SAMPLING FOR INDIVIDUAL ETAS:
 SAMPLES FOR GLOBAL SEARCH KERNEL (ISAMPLE_M1):          2
 SAMPLES FOR NEIGHBOR SEARCH KERNEL (ISAMPLE_M1A):       0
 SAMPLES FOR MASS/IMP/POST. MATRIX SEARCH (ISAMPLE_M1B): 2
 SAMPLES FOR LOCAL SEARCH KERNEL (ISAMPLE_M2):           2
 SAMPLES FOR LOCAL UNIVARIATE KERNEL (ISAMPLE_M3):       2
 PWR. WT. MASS/IMP/POST MATRIX ACCUM. FOR ETAS (IKAPPA): 1.00000000000000
 MASS/IMP./POST. MATRIX REFRESH SETTING (MASSREST):      -1
 METROPOLIS HASTINGS POPULATION SAMPLING FOR NON-GIBBS
 SAMPLED THETAS AND SIGMAS:
 PROPOSAL DENSITY SCALING RANGE
              (PSCALE_MIN, PSCALE_MAX):   1.000000000000000E-02   ,1000.00000000000
 SAMPLE ACCEPTANCE RATE (PACCEPT):                       0.500000000000000
 SAMPLES FOR GLOBAL SEARCH KERNEL (PSAMPLE_M1):          1
 SAMPLES FOR LOCAL SEARCH KERNEL (PSAMPLE_M2):           -1
 SAMPLES FOR LOCAL UNIVARIATE KERNEL (PSAMPLE_M3):       1
 METROPOLIS HASTINGS POPULATION SAMPLING FOR NON-GIBBS
 SAMPLED OMEGAS:
 SAMPLE ACCEPTANCE RATE (OACCEPT):                       0.500000000000000
 SAMPLES FOR GLOBAL SEARCH KERNEL (OSAMPLE_M1):          -1
 SAMPLES FOR LOCAL SEARCH KERNEL (OSAMPLE_M2):           -1
 SAMPLES FOR LOCAL UNIVARIATE SEARCH KERNEL (OSAMPLE_M3):0
 DEG. FR. FOR T DIST.  PRIOR FOR THETAS (TTDF):        0.00000000000000
 DEG. FR. FOR LKJ CORRELATION PRIOR FOR OMEGAS (OLKJDF): 0.00000000000000
 WEIGHT FACTOR FOR STD PRIOR FOR OMEGAS (OVARF): 1.00000000000000
 DEG. FR. FOR LKJ CORRELATION PRIOR FOR SIGMAS (SLKJDF): 0.00000000000000
 WEIGHT FACTOR FOR STD PRIOR FOR SIGMAS (SVARF): 1.00000000000000


 THE FOLLOWING LABELS ARE EQUIVALENT
 PRED=PREDI
 RES=RESI
 WRES=WRESI
 IWRS=IWRESI
 IPRD=IPREDI
 IRS=IRESI

 EM/BAYES SETUP:
 THETAS THAT ARE MU MODELED:
   1   2
 THETAS THAT ARE GIBBS SAMPLED:
   1   2
 THETAS THAT ARE METROPOLIS-HASTINGS SAMPLED:
 
 SIGMAS THAT ARE GIBBS SAMPLED:
   1
 SIGMAS THAT ARE METROPOLIS-HASTINGS SAMPLED:
 
 OMEGAS ARE GIBBS SAMPLED

 MONITORING OF SEARCH:

 Burn-in Mode
 iteration        -4000 MCMCOBJ=    1876218.1813353573     
 iteration        -3980 MCMCOBJ=    599.19230234687916     
 iteration        -3960 MCMCOBJ=    470.33094252293199     
 iteration        -3940 MCMCOBJ=    484.69081479538443     
 iteration        -3920 MCMCOBJ=    472.39746810257094     
 iteration        -3900 MCMCOBJ=    492.76765620336943     
 iteration        -3880 MCMCOBJ=    478.64110137048704     
 iteration        -3860 MCMCOBJ=    476.28129724609761     
 iteration        -3840 MCMCOBJ=    504.86830714122698     
 iteration        -3820 MCMCOBJ=    505.98295600568503     
 iteration        -3800 MCMCOBJ=    496.64041511344954     
 Convergence achieved
 Sampling Mode
 iteration            0 MCMCOBJ=    470.38396884866154     
 iteration           20 MCMCOBJ=    488.64815912355664     
 iteration           40 MCMCOBJ=    459.66003297603413     
 iteration           60 MCMCOBJ=    465.38592218563633     
 iteration           80 MCMCOBJ=    499.97459240680041     
 iteration          100 MCMCOBJ=    475.48283379215633     
 iteration          120 MCMCOBJ=    473.70341250421768     
 iteration          140 MCMCOBJ=    484.97944874179535     
 iteration          160 MCMCOBJ=    483.39281424727733     
 iteration          180 MCMCOBJ=    488.87402401803774     
 iteration          200 MCMCOBJ=    480.70006311271305     
 iteration          220 MCMCOBJ=    485.96915387967903     
 iteration          240 MCMCOBJ=    486.84621394617858     
 iteration          260 MCMCOBJ=    496.28436131128558     
 iteration          280 MCMCOBJ=    484.81507799064792     
 iteration          300 MCMCOBJ=    484.85225912861830     
 iteration          320 MCMCOBJ=    480.86109581912501     
 iteration          340 MCMCOBJ=    485.56616587760129     
 iteration          360 MCMCOBJ=    469.17868997574317     
 iteration          380 MCMCOBJ=    462.24255176774915     
 iteration          400 MCMCOBJ=    477.26244397554319     
 iteration          420 MCMCOBJ=    492.20041721592725     
 iteration          440 MCMCOBJ=    494.04037153085852     
 iteration          460 MCMCOBJ=    492.27014950483107     
 iteration          480 MCMCOBJ=    502.95152911328529     
 iteration          500 MCMCOBJ=    479.06495354748978     
 iteration          520 MCMCOBJ=    476.15912793975014     
 iteration          540 MCMCOBJ=    481.72141893842581     
 iteration          560 MCMCOBJ=    476.14753422932125     
 iteration          580 MCMCOBJ=    517.62587334825946     
 iteration          600 MCMCOBJ=    464.61535508814995     
 iteration          620 MCMCOBJ=    500.05849779475216     
 iteration          640 MCMCOBJ=    475.55825347060465     
 iteration          660 MCMCOBJ=    487.59934296284473     
 iteration          680 MCMCOBJ=    517.42993693098811     
 iteration          700 MCMCOBJ=    481.99731418638640     
 iteration          720 MCMCOBJ=    483.51795555030759     
 iteration          740 MCMCOBJ=    488.68854962576268     
 iteration          760 MCMCOBJ=    474.93788220515580     
 iteration          780 MCMCOBJ=    463.17461645644698     
 iteration          800 MCMCOBJ=    467.52702096438975     
 iteration          820 MCMCOBJ=    477.66627017723829     
 iteration          840 MCMCOBJ=    480.03102158253643     
 iteration          860 MCMCOBJ=    503.93339054400775     
 iteration          880 MCMCOBJ=    513.02418706033768     
 iteration          900 MCMCOBJ=    483.06830572850185     
 iteration          920 MCMCOBJ=    473.30636586038383     
 iteration          940 MCMCOBJ=    452.69833904109413     
 iteration          960 MCMCOBJ=    498.60145255016187     
 iteration          980 MCMCOBJ=    462.82031379327287     
 iteration         1000 MCMCOBJ=    504.25876777517846     
 iteration         1020 MCMCOBJ=    466.99526379188995     
 iteration         1040 MCMCOBJ=    466.82159131499708     
 iteration         1060 MCMCOBJ=    491.29156467919216     
 iteration         1080 MCMCOBJ=    482.78427952117505     
 iteration         1100 MCMCOBJ=    487.85345264089040     
 iteration         1120 MCMCOBJ=    494.68719732042166     
 iteration         1140 MCMCOBJ=    486.71677732120446     
 iteration         1160 MCMCOBJ=    482.43932042741625     
 iteration         1180 MCMCOBJ=    521.44299995171718     
 iteration         1200 MCMCOBJ=    490.41085536604089     
 iteration         1220 MCMCOBJ=    482.34422229320523     
 iteration         1240 MCMCOBJ=    476.04142692684070     
 iteration         1260 MCMCOBJ=    511.49741091982315     
 iteration         1280 MCMCOBJ=    490.10147379828231     
 iteration         1300 MCMCOBJ=    475.35965277387368     
 iteration         1320 MCMCOBJ=    486.79345116347048     
 iteration         1340 MCMCOBJ=    472.52131502671966     
 iteration         1360 MCMCOBJ=    495.90336958885956     
 iteration         1380 MCMCOBJ=    449.59198672206793     
 iteration         1400 MCMCOBJ=    509.10630616089850     
 iteration         1420 MCMCOBJ=    483.82935452008780     
 iteration         1440 MCMCOBJ=    482.95534948087061     
 iteration         1460 MCMCOBJ=    506.54577435478541     
 iteration         1480 MCMCOBJ=    465.03928872977468     
 iteration         1500 MCMCOBJ=    495.20467664220183     
 iteration         1520 MCMCOBJ=    487.92290021015936     
 iteration         1540 MCMCOBJ=    496.02997152157172     
 iteration         1560 MCMCOBJ=    468.09001276978529     
 iteration         1580 MCMCOBJ=    456.62086608589107     
 iteration         1600 MCMCOBJ=    471.39618324115071     
 iteration         1620 MCMCOBJ=    493.15826446700123     
 iteration         1640 MCMCOBJ=    507.83928916929398     
 iteration         1660 MCMCOBJ=    492.00311045681116     
 iteration         1680 MCMCOBJ=    487.61510050680027     
 iteration         1700 MCMCOBJ=    485.48887525308282     
 iteration         1720 MCMCOBJ=    494.41654330258746     
 iteration         1740 MCMCOBJ=    481.13031766359956     
 iteration         1760 MCMCOBJ=    477.82311666355645     
 iteration         1780 MCMCOBJ=    472.77011346876344     
 iteration         1800 MCMCOBJ=    458.64939828162267     
 iteration         1820 MCMCOBJ=    479.41296240907991     
 iteration         1840 MCMCOBJ=    493.14768529637593     
 iteration         1860 MCMCOBJ=    459.28366056022793     
 iteration         1880 MCMCOBJ=    474.22056186283169     
 iteration         1900 MCMCOBJ=    475.21896375958033     
 iteration         1920 MCMCOBJ=    487.08691201480548     
 iteration         1940 MCMCOBJ=    477.26657904563677     
 iteration         1960 MCMCOBJ=    454.36160518171727     
 iteration         1980 MCMCOBJ=    508.84022483386161     
 iteration         2000 MCMCOBJ=    445.46261274786252     
 iteration         2020 MCMCOBJ=    480.17602643428216     
 iteration         2040 MCMCOBJ=    459.02494603596574     
 iteration         2060 MCMCOBJ=    453.81526180456211     
 iteration         2080 MCMCOBJ=    471.62356223007305     
 iteration         2100 MCMCOBJ=    495.29972337271715     
 iteration         2120 MCMCOBJ=    485.42993362706534     
 iteration         2140 MCMCOBJ=    471.76339575810056     
 iteration         2160 MCMCOBJ=    501.11101579781138     
 iteration         2180 MCMCOBJ=    487.57882271155466     
 iteration         2200 MCMCOBJ=    490.16008773690612     
 iteration         2220 MCMCOBJ=    497.35015304957835     
 iteration         2240 MCMCOBJ=    475.30583434473965     
 iteration         2260 MCMCOBJ=    473.72735149027022     
 iteration         2280 MCMCOBJ=    497.76546575307310     
 iteration         2300 MCMCOBJ=    456.11303485933325     
 iteration         2320 MCMCOBJ=    508.70844951586980     
 iteration         2340 MCMCOBJ=    508.31211139214770     
 iteration         2360 MCMCOBJ=    497.47935887952076     
 iteration         2380 MCMCOBJ=    472.95277152762810     
 iteration         2400 MCMCOBJ=    475.11501730107653     
 iteration         2420 MCMCOBJ=    463.95996653547445     
 iteration         2440 MCMCOBJ=    502.06366162711197     
 iteration         2460 MCMCOBJ=    465.09867116021121     
 iteration         2480 MCMCOBJ=    502.18188255400889     
 iteration         2500 MCMCOBJ=    495.44337125359954     
 iteration         2520 MCMCOBJ=    469.08769844990314     
 iteration         2540 MCMCOBJ=    482.55145859260796     
 iteration         2560 MCMCOBJ=    513.95843720303208     
 iteration         2580 MCMCOBJ=    495.21223656404254     
 iteration         2600 MCMCOBJ=    485.30732179600233     
 iteration         2620 MCMCOBJ=    503.62509017490572     
 iteration         2640 MCMCOBJ=    464.12353508569737     
 iteration         2660 MCMCOBJ=    479.46398808756913     
 iteration         2680 MCMCOBJ=    486.99046523825973     
 iteration         2700 MCMCOBJ=    488.31312480726211     
 iteration         2720 MCMCOBJ=    473.85812161207934     
 iteration         2740 MCMCOBJ=    518.06880243284184     
 iteration         2760 MCMCOBJ=    504.47276971229633     
 iteration         2780 MCMCOBJ=    511.32374546762696     
 iteration         2800 MCMCOBJ=    503.65358803359766     
 iteration         2820 MCMCOBJ=    467.34666589977252     
 iteration         2840 MCMCOBJ=    495.26350461925955     
 iteration         2860 MCMCOBJ=    477.61015701527117     
 iteration         2880 MCMCOBJ=    485.57385710073765     
 iteration         2900 MCMCOBJ=    499.09386953111374     
 iteration         2920 MCMCOBJ=    486.14619466791282     
 iteration         2940 MCMCOBJ=    486.11424444020730     
 iteration         2960 MCMCOBJ=    501.55851502764705     
 iteration         2980 MCMCOBJ=    478.76430696230329     
 iteration         3000 MCMCOBJ=    456.33479828641919     
 iteration         3020 MCMCOBJ=    478.71165147281408     
 iteration         3040 MCMCOBJ=    500.73519991258348     
 iteration         3060 MCMCOBJ=    467.13693400463205     
 iteration         3080 MCMCOBJ=    512.99863396428486     
 iteration         3100 MCMCOBJ=    466.95385855103700     
 iteration         3120 MCMCOBJ=    487.87156082044010     
 iteration         3140 MCMCOBJ=    502.02654060212279     
 iteration         3160 MCMCOBJ=    475.39892888838534     
 iteration         3180 MCMCOBJ=    492.91320089071542     
 iteration         3200 MCMCOBJ=    461.79822839202893     
 iteration         3220 MCMCOBJ=    534.11866732269141     
 iteration         3240 MCMCOBJ=    492.86501733370619     
 iteration         3260 MCMCOBJ=    480.54967516671309     
 iteration         3280 MCMCOBJ=    493.37770397637109     
 iteration         3300 MCMCOBJ=    476.40916574413336     
 iteration         3320 MCMCOBJ=    480.26552988363767     
 iteration         3340 MCMCOBJ=    478.11399960976627     
 iteration         3360 MCMCOBJ=    451.08515333252649     
 iteration         3380 MCMCOBJ=    490.11437535228634     
 iteration         3400 MCMCOBJ=    482.89896541868256     
 iteration         3420 MCMCOBJ=    474.56638724768288     
 iteration         3440 MCMCOBJ=    470.36586009984728     
 iteration         3460 MCMCOBJ=    491.02757559319053     
 iteration         3480 MCMCOBJ=    488.83868038062371     
 iteration         3500 MCMCOBJ=    482.25173821687696     
 iteration         3520 MCMCOBJ=    520.07496058962818     
 iteration         3540 MCMCOBJ=    510.30768352355886     
 iteration         3560 MCMCOBJ=    467.11719699214717     
 iteration         3580 MCMCOBJ=    481.93486616869075     
 iteration         3600 MCMCOBJ=    473.51621304762307     
 iteration         3620 MCMCOBJ=    481.20264250583563     
 iteration         3640 MCMCOBJ=    481.31168774870332     
 iteration         3660 MCMCOBJ=    504.39298320363878     
 iteration         3680 MCMCOBJ=    475.26549879451915     
 iteration         3700 MCMCOBJ=    469.46597305715909     
 iteration         3720 MCMCOBJ=    464.17823906833348     
 iteration         3740 MCMCOBJ=    501.17105369913475     
 iteration         3760 MCMCOBJ=    476.99129905004213     
 iteration         3780 MCMCOBJ=    478.94318382543133     
 iteration         3800 MCMCOBJ=    490.70717920320720     
 iteration         3820 MCMCOBJ=    471.10093633143111     
 iteration         3840 MCMCOBJ=    537.40707147982198     
 iteration         3860 MCMCOBJ=    470.91423940145421     
 iteration         3880 MCMCOBJ=    480.75583831094798     
 iteration         3900 MCMCOBJ=    468.98500883071836     
 iteration         3920 MCMCOBJ=    495.19806969134731     
 iteration         3940 MCMCOBJ=    475.57652231250006     
 iteration         3960 MCMCOBJ=    463.86945270545880     
 iteration         3980 MCMCOBJ=    480.70729259835753     
 iteration         4000 MCMCOBJ=    503.47787635576003     
 iteration         4020 MCMCOBJ=    489.96986145738555     
 iteration         4040 MCMCOBJ=    481.42290227893216     
 iteration         4060 MCMCOBJ=    497.46937767128861     
 iteration         4080 MCMCOBJ=    526.37402441896324     
 iteration         4100 MCMCOBJ=    503.93163489051750     
 iteration         4120 MCMCOBJ=    462.55084409974847     
 iteration         4140 MCMCOBJ=    472.36389984220455     
 iteration         4160 MCMCOBJ=    492.33031303043896     
 iteration         4180 MCMCOBJ=    513.74713684759081     
 iteration         4200 MCMCOBJ=    513.28784399573965     
 iteration         4220 MCMCOBJ=    495.34246582673882     
 iteration         4240 MCMCOBJ=    490.10234524401847     
 iteration         4260 MCMCOBJ=    477.03284178034369     
 iteration         4280 MCMCOBJ=    522.52392946621694     
 iteration         4300 MCMCOBJ=    477.58576735583603     
 iteration         4320 MCMCOBJ=    479.15004555551303     
 iteration         4340 MCMCOBJ=    476.29016823951781     
 iteration         4360 MCMCOBJ=    505.22259250099967     
 iteration         4380 MCMCOBJ=    484.25126900962624     
 iteration         4400 MCMCOBJ=    499.76821707828827     
 iteration         4420 MCMCOBJ=    470.14923973214263     
 iteration         4440 MCMCOBJ=    493.52148142761791     
 iteration         4460 MCMCOBJ=    490.17291105016221     
 iteration         4480 MCMCOBJ=    490.31419793595688     
 iteration         4500 MCMCOBJ=    488.33634998906285     
 iteration         4520 MCMCOBJ=    461.28508282359155     
 iteration         4540 MCMCOBJ=    474.45213944084179     
 iteration         4560 MCMCOBJ=    468.62931393693680     
 iteration         4580 MCMCOBJ=    505.62606674941622     
 iteration         4600 MCMCOBJ=    454.18802375663438     
 iteration         4620 MCMCOBJ=    442.48078439891134     
 iteration         4640 MCMCOBJ=    491.34674584723149     
 iteration         4660 MCMCOBJ=    460.90151970851230     
 iteration         4680 MCMCOBJ=    439.57930162675802     
 iteration         4700 MCMCOBJ=    486.18147130092240     
 iteration         4720 MCMCOBJ=    473.51098605589806     
 iteration         4740 MCMCOBJ=    517.54619494564338     
 iteration         4760 MCMCOBJ=    483.36605840160706     
 iteration         4780 MCMCOBJ=    489.17647911812094     
 iteration         4800 MCMCOBJ=    500.84916602956213     
 iteration         4820 MCMCOBJ=    510.22704585200927     
 iteration         4840 MCMCOBJ=    487.71124082352026     
 iteration         4860 MCMCOBJ=    454.05833419339632     
 iteration         4880 MCMCOBJ=    479.59085301650759     
 iteration         4900 MCMCOBJ=    458.79207129503766     
 iteration         4920 MCMCOBJ=    465.72625983595350     
 iteration         4940 MCMCOBJ=    469.65915564781773     
 iteration         4960 MCMCOBJ=    482.97808367998124     
 iteration         4980 MCMCOBJ=    489.12311640379431     
 iteration         5000 MCMCOBJ=    520.46998943816800     
 iteration         5020 MCMCOBJ=    472.87343773549196     
 iteration         5040 MCMCOBJ=    489.86490570736743     
 iteration         5060 MCMCOBJ=    473.41046428076123     
 iteration         5080 MCMCOBJ=    509.92376986809376     
 iteration         5100 MCMCOBJ=    483.15894080517040     
 iteration         5120 MCMCOBJ=    479.35307459221616     
 iteration         5140 MCMCOBJ=    497.26302557185033     
 iteration         5160 MCMCOBJ=    475.36849662854723     
 iteration         5180 MCMCOBJ=    475.16450081902002     
 iteration         5200 MCMCOBJ=    447.80242132505759     
 iteration         5220 MCMCOBJ=    476.04046165681763     
 iteration         5240 MCMCOBJ=    463.84766710247004     
 iteration         5260 MCMCOBJ=    497.80349100433352     
 iteration         5280 MCMCOBJ=    463.61245868200956     
 iteration         5300 MCMCOBJ=    497.24083139566812     
 iteration         5320 MCMCOBJ=    494.73772653285278     
 iteration         5340 MCMCOBJ=    501.06643012098237     
 iteration         5360 MCMCOBJ=    474.70953900051779     
 iteration         5380 MCMCOBJ=    460.21020916950499     
 iteration         5400 MCMCOBJ=    520.48017760128789     
 iteration         5420 MCMCOBJ=    491.91876185504884     
 iteration         5440 MCMCOBJ=    488.70539919234312     
 iteration         5460 MCMCOBJ=    485.38147528528287     
 iteration         5480 MCMCOBJ=    475.06501852854171     
 iteration         5500 MCMCOBJ=    513.52878278805611     
 iteration         5520 MCMCOBJ=    453.93340126459725     
 iteration         5540 MCMCOBJ=    498.40355099357231     
 iteration         5560 MCMCOBJ=    515.92049565498667     
 iteration         5580 MCMCOBJ=    465.74935292487561     
 iteration         5600 MCMCOBJ=    484.66262799935714     
 iteration         5620 MCMCOBJ=    493.97508889225662     
 iteration         5640 MCMCOBJ=    512.24057613809748     
 iteration         5660 MCMCOBJ=    539.51815596105962     
 iteration         5680 MCMCOBJ=    496.55430299321165     
 iteration         5700 MCMCOBJ=    508.08221079101014     
 iteration         5720 MCMCOBJ=    493.48144603483814     
 iteration         5740 MCMCOBJ=    449.68522824876072     
 iteration         5760 MCMCOBJ=    464.83053209135517     
 iteration         5780 MCMCOBJ=    516.48537969401525     
 iteration         5800 MCMCOBJ=    462.67425440815123     
 iteration         5820 MCMCOBJ=    461.66835219322525     
 iteration         5840 MCMCOBJ=    491.81034416865822     
 iteration         5860 MCMCOBJ=    503.96439284033477     
 iteration         5880 MCMCOBJ=    513.21221907829317     
 iteration         5900 MCMCOBJ=    475.97050263881385     
 iteration         5920 MCMCOBJ=    491.93674918553683     
 iteration         5940 MCMCOBJ=    478.97084328314583     
 iteration         5960 MCMCOBJ=    494.82072801396453     
 iteration         5980 MCMCOBJ=    475.35030714612867     
 iteration         6000 MCMCOBJ=    456.84333545140748     
 iteration         6020 MCMCOBJ=    512.71712669858778     
 iteration         6040 MCMCOBJ=    474.46516928653148     
 iteration         6060 MCMCOBJ=    498.23725374788449     
 iteration         6080 MCMCOBJ=    481.38113704635430     
 iteration         6100 MCMCOBJ=    495.79306630867529     
 iteration         6120 MCMCOBJ=    476.36702705028989     
 iteration         6140 MCMCOBJ=    479.46839777642168     
 iteration         6160 MCMCOBJ=    497.17153490862682     
 iteration         6180 MCMCOBJ=    469.26681381160444     
 iteration         6200 MCMCOBJ=    490.59318059870361     
 iteration         6220 MCMCOBJ=    458.96343917723806     
 iteration         6240 MCMCOBJ=    512.49560654063089     
 iteration         6260 MCMCOBJ=    450.56932703894233     
 iteration         6280 MCMCOBJ=    489.54965979455471     
 iteration         6300 MCMCOBJ=    524.35830704696093     
 iteration         6320 MCMCOBJ=    456.78211856599830     
 iteration         6340 MCMCOBJ=    506.10942163035276     
 iteration         6360 MCMCOBJ=    506.99295007019049     
 iteration         6380 MCMCOBJ=    494.43253288970311     
 iteration         6400 MCMCOBJ=    485.94896088640553     
 iteration         6420 MCMCOBJ=    503.47420839570799     
 iteration         6440 MCMCOBJ=    470.88484054582688     
 iteration         6460 MCMCOBJ=    516.71782375724206     
 iteration         6480 MCMCOBJ=    487.67692726955516     
 iteration         6500 MCMCOBJ=    484.88051093353261     
 iteration         6520 MCMCOBJ=    475.45960995959382     
 iteration         6540 MCMCOBJ=    496.16843610640768     
 iteration         6560 MCMCOBJ=    514.90729140055566     
 iteration         6580 MCMCOBJ=    462.24723442211064     
 iteration         6600 MCMCOBJ=    492.25526379865579     
 iteration         6620 MCMCOBJ=    484.27464201822806     
 iteration         6640 MCMCOBJ=    482.81556507696206     
 iteration         6660 MCMCOBJ=    519.45785633386060     
 iteration         6680 MCMCOBJ=    490.18359412703563     
 iteration         6700 MCMCOBJ=    502.09313359960743     
 iteration         6720 MCMCOBJ=    469.08093199115052     
 iteration         6740 MCMCOBJ=    460.01130453149307     
 iteration         6760 MCMCOBJ=    467.20702828972401     
 iteration         6780 MCMCOBJ=    479.96708343749162     
 iteration         6800 MCMCOBJ=    498.39721401318678     
 iteration         6820 MCMCOBJ=    451.32862990199897     
 iteration         6840 MCMCOBJ=    470.82849379903888     
 iteration         6860 MCMCOBJ=    462.17443227878903     
 iteration         6880 MCMCOBJ=    521.04818621000561     
 iteration         6900 MCMCOBJ=    453.12524054901752     
 iteration         6920 MCMCOBJ=    501.86845098739724     
 iteration         6940 MCMCOBJ=    509.10582348163683     
 iteration         6960 MCMCOBJ=    481.25068729376744     
 iteration         6980 MCMCOBJ=    497.64407379624777     
 iteration         7000 MCMCOBJ=    471.01933615039479     
 iteration         7020 MCMCOBJ=    470.73141938446344     
 iteration         7040 MCMCOBJ=    474.19793269689274     
 iteration         7060 MCMCOBJ=    482.54637596764525     
 iteration         7080 MCMCOBJ=    488.31780134910548     
 iteration         7100 MCMCOBJ=    501.77608173052022     
 iteration         7120 MCMCOBJ=    482.91162973458711     
 iteration         7140 MCMCOBJ=    494.05420626444402     
 iteration         7160 MCMCOBJ=    514.86808863954980     
 iteration         7180 MCMCOBJ=    504.91449755864357     
 iteration         7200 MCMCOBJ=    488.70988185316855     
 iteration         7220 MCMCOBJ=    468.29861039967057     
 iteration         7240 MCMCOBJ=    489.79356506932322     
 iteration         7260 MCMCOBJ=    502.88175199657996     
 iteration         7280 MCMCOBJ=    523.18144196306127     
 iteration         7300 MCMCOBJ=    455.53738642241933     
 iteration         7320 MCMCOBJ=    498.48775310173721     
 iteration         7340 MCMCOBJ=    502.60164890134740     
 iteration         7360 MCMCOBJ=    475.50007616603881     
 iteration         7380 MCMCOBJ=    520.87663059832710     
 iteration         7400 MCMCOBJ=    460.67052872441838     
 iteration         7420 MCMCOBJ=    465.84482257267149     
 iteration         7440 MCMCOBJ=    465.13289694020216     
 iteration         7460 MCMCOBJ=    507.33347986517066     
 iteration         7480 MCMCOBJ=    485.09661401023970     
 iteration         7500 MCMCOBJ=    463.52197595340186     
 iteration         7520 MCMCOBJ=    470.58330732580538     
 iteration         7540 MCMCOBJ=    468.98586859826884     
 iteration         7560 MCMCOBJ=    461.91333303744113     
 iteration         7580 MCMCOBJ=    473.57796686152602     
 iteration         7600 MCMCOBJ=    482.30520988887940     
 iteration         7620 MCMCOBJ=    538.82380844912154     
 iteration         7640 MCMCOBJ=    514.34821684652957     
 iteration         7660 MCMCOBJ=    524.25358758718846     
 iteration         7680 MCMCOBJ=    486.89815455196754     
 iteration         7700 MCMCOBJ=    496.60844859386714     
 iteration         7720 MCMCOBJ=    483.81090934439112     
 iteration         7740 MCMCOBJ=    505.48604720438340     
 iteration         7760 MCMCOBJ=    470.36114567498782     
 iteration         7780 MCMCOBJ=    485.62067195841763     
 iteration         7800 MCMCOBJ=    521.04196815034948     
 iteration         7820 MCMCOBJ=    489.06726487095966     
 iteration         7840 MCMCOBJ=    467.61221795694638     
 iteration         7860 MCMCOBJ=    466.62936326849592     
 iteration         7880 MCMCOBJ=    485.98812969721854     
 iteration         7900 MCMCOBJ=    480.81657873927617     
 iteration         7920 MCMCOBJ=    471.67532730549385     
 iteration         7940 MCMCOBJ=    473.74753809148712     
 iteration         7960 MCMCOBJ=    454.48486516215326     
 iteration         7980 MCMCOBJ=    485.59974427795083     
 iteration         8000 MCMCOBJ=    521.76668827926881     
 iteration         8020 MCMCOBJ=    488.31092584820436     
 iteration         8040 MCMCOBJ=    460.78688409323780     
 iteration         8060 MCMCOBJ=    455.17180988561449     
 iteration         8080 MCMCOBJ=    446.40931796173544     
 iteration         8100 MCMCOBJ=    487.75834275379390     
 iteration         8120 MCMCOBJ=    465.04168986280837     
 iteration         8140 MCMCOBJ=    456.73195680596933     
 iteration         8160 MCMCOBJ=    483.81008065581904     
 iteration         8180 MCMCOBJ=    504.25930556934293     
 iteration         8200 MCMCOBJ=    465.94632406456032     
 iteration         8220 MCMCOBJ=    479.81916042534669     
 iteration         8240 MCMCOBJ=    502.93083345594744     
 iteration         8260 MCMCOBJ=    464.82651208072008     
 iteration         8280 MCMCOBJ=    506.18096706973307     
 iteration         8300 MCMCOBJ=    511.51141097009804     
 iteration         8320 MCMCOBJ=    471.71346523833921     
 iteration         8340 MCMCOBJ=    510.29537815229639     
 iteration         8360 MCMCOBJ=    460.30560665755115     
 iteration         8380 MCMCOBJ=    497.45358071092539     
 iteration         8400 MCMCOBJ=    503.88582789661854     
 iteration         8420 MCMCOBJ=    496.89146288120384     
 iteration         8440 MCMCOBJ=    487.83058712474707     
 iteration         8460 MCMCOBJ=    460.11352758372891     
 iteration         8480 MCMCOBJ=    480.14597168698339     
 iteration         8500 MCMCOBJ=    470.41115968730429     
 iteration         8520 MCMCOBJ=    476.95992485760678     
 iteration         8540 MCMCOBJ=    510.01716062787710     
 iteration         8560 MCMCOBJ=    473.25721853256118     
 iteration         8580 MCMCOBJ=    499.88098773295064     
 iteration         8600 MCMCOBJ=    479.41820106514791     
 iteration         8620 MCMCOBJ=    506.26129060220910     
 iteration         8640 MCMCOBJ=    473.75315472534896     
 iteration         8660 MCMCOBJ=    491.70721756807882     
 iteration         8680 MCMCOBJ=    506.33303190486987     
 iteration         8700 MCMCOBJ=    510.29837144428666     
 iteration         8720 MCMCOBJ=    486.01548638344781     
 iteration         8740 MCMCOBJ=    505.01509583777300     
 iteration         8760 MCMCOBJ=    475.98780225404687     
 iteration         8780 MCMCOBJ=    490.88082169957511     
 iteration         8800 MCMCOBJ=    466.97238759768811     
 iteration         8820 MCMCOBJ=    478.07399703529580     
 iteration         8840 MCMCOBJ=    516.56064040787771     
 iteration         8860 MCMCOBJ=    481.66151174563635     
 iteration         8880 MCMCOBJ=    490.64847388893469     
 iteration         8900 MCMCOBJ=    497.20592163032643     
 iteration         8920 MCMCOBJ=    470.95278847893769     
 iteration         8940 MCMCOBJ=    453.43436728666723     
 iteration         8960 MCMCOBJ=    490.60405445162974     
 iteration         8980 MCMCOBJ=    503.53077464166853     
 iteration         9000 MCMCOBJ=    507.19430239550331     
 iteration         9020 MCMCOBJ=    489.74002682646136     
 iteration         9040 MCMCOBJ=    495.52344635673973     
 iteration         9060 MCMCOBJ=    475.57416290748159     
 iteration         9080 MCMCOBJ=    454.01914590381756     
 iteration         9100 MCMCOBJ=    489.12701580302621     
 iteration         9120 MCMCOBJ=    503.44422775985242     
 iteration         9140 MCMCOBJ=    455.93123189245563     
 iteration         9160 MCMCOBJ=    492.36902437864592     
 iteration         9180 MCMCOBJ=    477.67822507525324     
 iteration         9200 MCMCOBJ=    482.44244979425628     
 iteration         9220 MCMCOBJ=    481.47423421945791     
 iteration         9240 MCMCOBJ=    470.74139189823802     
 iteration         9260 MCMCOBJ=    471.93500148219516     
 iteration         9280 MCMCOBJ=    481.23422133465436     
 iteration         9300 MCMCOBJ=    478.48585544569522     
 iteration         9320 MCMCOBJ=    482.46608728558294     
 iteration         9340 MCMCOBJ=    471.74819305293335     
 iteration         9360 MCMCOBJ=    477.07520901137036     
 iteration         9380 MCMCOBJ=    484.30422222009258     
 iteration         9400 MCMCOBJ=    519.79729554701862     
 iteration         9420 MCMCOBJ=    451.78518512046440     
 iteration         9440 MCMCOBJ=    491.37027752508180     
 iteration         9460 MCMCOBJ=    469.52889009765278     
 iteration         9480 MCMCOBJ=    457.02200584634824     
 iteration         9500 MCMCOBJ=    481.89102321254006     
 iteration         9520 MCMCOBJ=    487.24176142195233     
 iteration         9540 MCMCOBJ=    476.56610171995823     
 iteration         9560 MCMCOBJ=    522.71666982423517     
 iteration         9580 MCMCOBJ=    528.74218274328268     
 iteration         9600 MCMCOBJ=    472.56954115475833     
 iteration         9620 MCMCOBJ=    475.73718264320837     
 iteration         9640 MCMCOBJ=    461.51914960795557     
 iteration         9660 MCMCOBJ=    492.96152180031493     
 iteration         9680 MCMCOBJ=    492.95310764488227     
 iteration         9700 MCMCOBJ=    465.75388418746985     
 iteration         9720 MCMCOBJ=    453.02315558728304     
 iteration         9740 MCMCOBJ=    486.18650816443903     
 iteration         9760 MCMCOBJ=    496.50223663134273     
 iteration         9780 MCMCOBJ=    481.43721462037303     
 iteration         9800 MCMCOBJ=    481.47293977084746     
 iteration         9820 MCMCOBJ=    505.77662598069674     
 iteration         9840 MCMCOBJ=    503.11896288840558     
 iteration         9860 MCMCOBJ=    480.94817175224176     
 iteration         9880 MCMCOBJ=    502.96918546549284     
 iteration         9900 MCMCOBJ=    452.31262282759769     
 iteration         9920 MCMCOBJ=    498.79964275781543     
 iteration         9940 MCMCOBJ=    501.04444191190669     
 iteration         9960 MCMCOBJ=    479.37060835222138     
 iteration         9980 MCMCOBJ=    508.67830889213707     
 iteration        10000 MCMCOBJ=    475.29033450585177     
 BURN-IN WAS COMPLETED

 #TERM:
 STATISTICAL PORTION WAS COMPLETED
  
 TOTAL DATA POINTS NORMALLY DISTRIBUTED (N):          250
 N*LOG(2PI) CONSTANT TO OBJECTIVE FUNCTION:    459.46926660233635     
 OBJECTIVE FUNCTION VALUE WITHOUT CONSTANT:    485.68617606930570     
 OBJECTIVE FUNCTION VALUE WITH CONSTANT:       945.15544267164205     
 REPORTED OBJECTIVE FUNCTION DOES NOT CONTAIN CONSTANT
  
 TOTAL EFFECTIVE ETAS (NIND*NETA):                           100
 NIND*NETA*LOG(2PI) CONSTANT TO OBJECTIVE FUNCTION:    183.78770664093454     
 OBJECTIVE FUNCTION VALUE WITHOUT CONSTANT:    485.68617606930570     
 OBJECTIVE FUNCTION VALUE WITH CONSTANT:       669.47388271024022     
 REPORTED OBJECTIVE FUNCTION DOES NOT CONTAIN CONSTANT
  
 PRIOR CONSTANT TO OBJECTIVE FUNCTION:    30.823646298206345     
 OBJECTIVE FUNCTION VALUE WITHOUT CONSTANT:    485.68617606930570     
 OBJECTIVE FUNCTION VALUE WITH CONSTANT:       516.50982236751202     
 REPORTED OBJECTIVE FUNCTION DOES NOT CONTAIN CONSTANT
  
 #TERE:
 Elapsed estimation  time in seconds:    89.91
 Elapsed covariance  time in seconds:     0.00
1
 
 
 
 
 
 
 
 
 
 
 
 
 
 
 
 
 
 
 
 
 ************************************************************************************************************************
 ********************                                                                                ********************
 ********************                              MCMC BAYESIAN ANALYSIS                            ********************
 #OBJT:**************                       AVERAGE VALUE OF LIKELIHOOD FUNCTION                     ********************
 ********************                                                                                ********************
 ************************************************************************************************************************
 





 #OBJV:********************************************      485.686       **************************************************
 #OBJS:********************************************       17.638 (STD) **************************************************
1
 ************************************************************************************************************************
 ********************                                                                                ********************
 ********************                              MCMC BAYESIAN ANALYSIS                            ********************
 ********************                             FINAL PARAMETER ESTIMATE                           ********************
 ********************                                                                                ********************
 ************************************************************************************************************************
 


 THETA - VECTOR OF FIXED EFFECTS PARAMETERS   *********


         THETA(CL) THETA(V) 
 
         3.33E+00  3.50E+01
 


 OMEGA - COV MATRIX FOR RANDOM EFFECTS - ETAS  ********


         ETA(CL)   ETA(V)   
 
 ETA(CL)
+        1.00E-01
 
 ETA(V)
+        1.38E-02  4.48E-02
 


 SIGMA - COV MATRIX FOR RANDOM EFFECTS - EPSILONS  ****


         EPS1     
 
 EPS1
+        4.67E-02
 
1


 OMEGA - CORR MATRIX FOR RANDOM EFFECTS - ETAS  *******


         ETA(CL)   ETA(V)   
 
 ETA(CL)
+        3.15E-01
 
 ETA(V)
+        2.00E-01  2.10E-01
 


 SIGMA - CORR MATRIX FOR RANDOM EFFECTS - EPSILONS  ***


         EPS1     
 
 EPS1
+        2.16E-01
 
1
 ************************************************************************************************************************
 ********************                                                                                ********************
 ********************                              MCMC BAYESIAN ANALYSIS                            ********************
 ********************                STANDARD ERROR OF ESTIMATE (From Sample Variance)               ********************
 ********************                                                                                ********************
 ************************************************************************************************************************
 


 THETA - VECTOR OF FIXED EFFECTS PARAMETERS   *********


         THETA(CL) THETA(V) 
 
         1.56E-01  1.33E+00
 


 OMEGA - COV MATRIX FOR RANDOM EFFECTS - ETAS  ********


         ETA(CL)   ETA(V)   
 
 ETA(CL)
+        2.27E-02
 
 ETA(V)
+        1.25E-02  1.28E-02
 


 SIGMA - COV MATRIX FOR RANDOM EFFECTS - EPSILONS  ****


         EPS1     
 
 EPS1
+        5.45E-03
 
1


 OMEGA - CORR MATRIX FOR RANDOM EFFECTS - ETAS  *******


         ETA(CL)   ETA(V)   
 
 ETA(CL)
+        3.50E-02
 
 ETA(V)
+        1.67E-01  2.94E-02
 


 SIGMA - CORR MATRIX FOR RANDOM EFFECTS - EPSILONS  ***


         EPS1     
 
 EPS1
+        1.25E-02
 
1
 ************************************************************************************************************************
 ********************                                                                                ********************
 ********************                              MCMC BAYESIAN ANALYSIS                            ********************
 ********************               COVARIANCE MATRIX OF ESTIMATE (From Sample Variance)             ********************
 ********************                                                                                ********************
 ************************************************************************************************************************
 

            TH 1      TH 2      OM11      OM12      OM22      SG11  
 
 TH 1
+        2.43E-02
 
 TH 2
+        5.62E-02  1.77E+00
 
 OM11
+        3.20E-05  1.42E-03  5.15E-04
 
 OM12
+        1.05E-04  1.43E-05  9.41E-05  1.56E-04
 
 OM22
+       -4.58E-05 -1.35E-04  2.70E-05  5.55E-05  1.63E-04
 
 SG11
+        6.17E-05  8.55E-04 -3.84E-06 -2.53E-06 -4.96E-06  2.97E-05
 
1
 ************************************************************************************************************************
 ********************                                                                                ********************
 ********************                              MCMC BAYESIAN ANALYSIS                            ********************
 ********************              CORRELATION MATRIX OF ESTIMATE (From Sample Variance)             ********************
 ********************                                                                                ********************
 ************************************************************************************************************************
 

            TH 1      TH 2      OM11      OM12      OM22      SG11  
 
 TH 1
+        1.56E-01
 
 TH 2
+        2.71E-01  1.33E+00
 
 OM11
+        9.04E-03  4.72E-02  2.27E-02
 
 OM12
+        5.38E-02  8.58E-04  3.32E-01  1.25E-02
 
 OM22
+       -2.30E-02 -7.95E-03  9.31E-02  3.48E-01  1.28E-02
 
 SG11
+        7.27E-02  1.18E-01 -3.11E-02 -3.71E-02 -7.12E-02  5.45E-03
 
1
 ************************************************************************************************************************
 ********************                                                                                ********************
 ********************                              MCMC BAYESIAN ANALYSIS                            ********************
 ********************           INVERSE COVARIANCE MATRIX OF ESTIMATE (From Sample Variance)         ********************
 ********************                                                                                ********************
 ************************************************************************************************************************
 

            TH 1      TH 2      OM11      OM12      OM22      SG11  
 
 TH 1
+        4.48E+01
 
 TH 2
+       -1.40E+00  6.19E-01
 
 OM11
+        7.45E+00 -2.10E+00  2.19E+03
 
 OM12
+       -4.36E+01  2.16E+00 -1.36E+03  8.18E+03
 
 OM22
+        2.35E+01 -7.31E-01  1.08E+02 -2.56E+03  7.02E+03
 
 SG11
+       -5.16E+01 -1.51E+01  2.31E+02  1.20E+02  9.40E+02  3.44E+04
 
 Elapsed postprocess time in seconds:     0.00
 #CPUT: Total CPU Time in Seconds,       88.719
Stop Time: 
Sat 12/10/2016 
04:12 PM
