Mon 12/12/2016 
10:05 PM
$PROB one cmpt simple mu modeled bayes multidose tr
$SUB ADVAN1 TRANS2
$INPUT ID TIME DV OBSNUM CMT EVID AMT RATE ADDL II 
$DATA ..\mdata\simple_nocovar_56id_6tp_md.csv
IGNORE=@ IGNORE=(OBSNUM.EQN.1) IGNORE=(OBSNUM.EQN.2) IGNORE=(OBSNUM.EQN.4) IGNORE=(OBSNUM.EQN.5) IGNORE=(OBSNUM.EQN.6)
$ABBR REPLACE THETA(CL, V) = THETA(1 to 2)
$ABBR REPLACE ETA(CL, V) = ETA(1 to 2)

$THETAI
THETA(1:NTHETA)=LOG(THETAI(1:NTHETA))
THETAP(1:NTHETAP)=LOG(THETAPI(1:NTHETAP))
$THETAR
THETAR(1:NTHETA)=EXP(THETA(1:NTHETA))
THETAPR(1:NTHETAP)=EXP(THETAP(1:NTHETAP))

$PRIOR NWPRI 

$PK
"USE NMBAYES_INT, ONLY: ITER_REPORT,BAYES_EXTRA_REQUEST,BAYES_EXTRA
; Request extra information for Bayesian analysis.
; An extra call will then be made for accepted samples
"BAYES_EXTRA_REQUEST=1

MU_1 = THETA(CL)
MU_2 = THETA(V)
CL = EXP(MU_1 + ETA(CL))
V = EXP(MU_2 + ETA(V))
S1 = V

"IF(BAYES_EXTRA==1 .AND. ITER_REPORT>=0 .AND. TIME==0.0) THEN
"WRITE(50,98) ITER_REPORT,ID,CL,V
"98 FORMAT(I12,1X,F14.0,4(1X,1PG12.5))
"ENDIF

$ERROR
IPRED=F
Y = IPRED*(1 + ERR(1))  

$THETA
(0.001, 2.5) ; TVCL
(0.001, 46) ; TVV

$OMEGA BLOCK(2)
0.1    ; nCL
0.1  0.1  ; nV

$SIGMA
0.03 ; PROP

; THETA PRIORS
$THETAP (2.5 FIX) (46 FIX) 

; THETA (uniformative) PRIORs
$THETAPV BLOCK(2)
10000 FIX
0.0 10000 

$OMEGAP BLOCK(2)
0.2 FIX
0 0.2

; degrees of freedom to prior omega matrix - low dof = highly uninformative
$OMEGAPD (2 FIX)

$EST METHOD=CHAIN FILE=..\run007chains.chn NSAMPLE=0 ISAMPLE=3 DF=20
$EST METHOD=BAYES INTER NBURN=4000 NITER=10000 PRINT=20 NOPRIOR=0 CTYPE=3 CITER=10 SEED=56664
  
NM-TRAN MESSAGES 
  
 WARNINGS AND ERRORS (IF ANY) FOR PROBLEM    1
             
 (WARNING  2) NM-TRAN INFERS THAT THE DATA ARE POPULATION.

 (MU_WARNING 20) MU_001: MU_ VARIABLE SHOULD NOT BE DEFINED AFTER VERBATIM CODE.
  
License Registered to: Devin Pastoor
Expiration Date:    14 NOV 2017
Current Date:       12 DEC 2016
Days until program expires : 337
1NONLINEAR MIXED EFFECTS MODEL PROGRAM (NONMEM) VERSION 7.4.0 alpha14 (nm74a14)
 ORIGINALLY DEVELOPED BY STUART BEAL, LEWIS SHEINER, AND ALISON BOECKMANN
 CURRENT DEVELOPERS ARE ROBERT BAUER, ICON DEVELOPMENT SOLUTIONS,
 AND ALISON BOECKMANN. IMPLEMENTATION, EFFICIENCY, AND STANDARDIZATION
 PERFORMED BY NOUS INFOSYSTEMS.

 PROBLEM NO.:         1
 one cmpt simple mu modeled bayes multidose tr
0DATA CHECKOUT RUN:              NO
 DATA SET LOCATED ON UNIT NO.:    2
 THIS UNIT TO BE REWOUND:        NO
 NO. OF DATA RECS IN DATA SET:      112
 NO. OF DATA ITEMS IN DATA SET:  11
 ID DATA ITEM IS DATA ITEM NO.:   1
 DEP VARIABLE IS DATA ITEM NO.:   3
 MDV DATA ITEM IS DATA ITEM NO.: 11
0INDICES PASSED TO SUBROUTINE PRED:
   6   2   7   8   0  10   5   0   0   0   9
0LABELS FOR DATA ITEMS:
 ID TIME DV OBSNUM CMT EVID AMT RATE ADDL II MDV
0LABELS FOR THETAS
 THETA(1)=THETA(CL)
 THETA(2)=THETA(V)
0LABELS FOR ETAS
 ETA(1)=ETA(CL)
0LABELS FOR ETAS
 ETA(2)=ETA(V)
0FORMAT FOR DATA:
 (2E3.0,E17.0,3E2.0,2E5.0,E2.0,E3.0,1F2.0)

 TOT. NO. OF OBS RECS:       56
 TOT. NO. OF INDIVIDUALS:     56
0LENGTH OF THETA:   5
0DEFAULT THETA BOUNDARY TEST OMITTED:    NO
0OMEGA HAS BLOCK FORM:
  1
  1  1
  0  0  2
  0  0  2  2
  0  0  0  0  3
  0  0  0  0  3  3
0DEFAULT OMEGA BOUNDARY TEST OMITTED:    NO
0SIGMA HAS SIMPLE DIAGONAL FORM WITH DIMENSION:   1
0DEFAULT SIGMA BOUNDARY TEST OMITTED:    NO
0INITIAL ESTIMATE OF THETA:
 LOWER BOUND    INITIAL EST    UPPER BOUND
  0.1000E-02     0.2500E+01     0.1000E+07
  0.1000E-02     0.4600E+02     0.1000E+07
  0.2500E+01     0.2500E+01     0.2500E+01
  0.4600E+02     0.4600E+02     0.4600E+02
  0.2000E+01     0.2000E+01     0.2000E+01
0INITIAL ESTIMATE OF OMEGA:
 BLOCK SET NO.   BLOCK                                                                    FIXED
        1                                                                                   NO
 DIAGONAL SHIFT OF  1.1000E-07 WAS IMPOSED TO ENSURE POSITIVE DEFINITENESS
                  0.1000E+00
                  0.1000E+00   0.1000E+00
        2                                                                                  YES
                  0.1000E+05
                  0.0000E+00   0.1000E+05
        3                                                                                  YES
                  0.2000E+00
                  0.0000E+00   0.2000E+00
0INITIAL ESTIMATE OF SIGMA:
 0.3000E-01
0
 THETAI SUBROUTINE USER-SUPPLIED
 THETAR SUBROUTINE USER-SUPPLIED
 PRIOR SUBROUTINE USER-SUPPLIED
1DOUBLE PRECISION PREDPP VERSION 7.4.0 alpha14 (nm74a14)

 ONE COMPARTMENT MODEL (ADVAN1)
0MAXIMUM NO. OF BASIC PK PARAMETERS:   2
0BASIC PK PARAMETERS (AFTER TRANSLATION):
   ELIMINATION RATE (K) IS BASIC PK PARAMETER NO.:  1

 TRANSLATOR WILL CONVERT PARAMETERS
 CLEARANCE (CL) AND VOLUME (V) TO K (TRANS2)
0COMPARTMENT ATTRIBUTES
 COMPT. NO.   FUNCTION   INITIAL    ON/OFF      DOSE      DEFAULT    DEFAULT
                         STATUS     ALLOWED    ALLOWED    FOR DOSE   FOR OBS.
    1         CENTRAL      ON         NO         YES        YES        YES
    2         OUTPUT       OFF        YES        NO         NO         NO
1
 ADDITIONAL PK PARAMETERS - ASSIGNMENT OF ROWS IN GG
 COMPT. NO.                             INDICES
              SCALE      BIOAVAIL.   ZERO-ORDER  ZERO-ORDER  ABSORB
                         FRACTION    RATE        DURATION    LAG
    1            3           *           *           *           *
    2            *           -           -           -           -
             - PARAMETER IS NOT ALLOWED FOR THIS MODEL
             * PARAMETER IS NOT SUPPLIED BY PK SUBROUTINE;
               WILL DEFAULT TO ONE IF APPLICABLE
0DATA ITEM INDICES USED BY PRED ARE:
   EVENT ID DATA ITEM IS DATA ITEM NO.:      6
   TIME DATA ITEM IS DATA ITEM NO.:          2
   DOSE AMOUNT DATA ITEM IS DATA ITEM NO.:   7
   DOSE RATE DATA ITEM IS DATA ITEM NO.:     8
   INTERVAL DATA ITEM IS DATA ITEM NO.:     10
   ADDL. DOSES DATA ITEM IS DATA ITEM NO.:   9
   COMPT. NO. DATA ITEM IS DATA ITEM NO.:    5

0PK SUBROUTINE CALLED WITH EVERY EVENT RECORD.
 PK SUBROUTINE NOT CALLED AT NONEVENT (ADDITIONAL OR LAGGED) DOSE TIMES.
0ERROR SUBROUTINE CALLED WITH EVERY EVENT RECORD.
1


 #TBLN:      1
 #METH: Chain Method Processing

 RANDOM GENERATION TYPE (CTYPE):     0
 RANDOM GENERATION SEED (SEED):      11456
 RANDOM SAMPLE SELECTION (ISAMPLE):  3
 RANDOM SAMPLE RANGE END (ISAMPEND): -2147483647
 NUMBER OF RANDOM SAMPLES (NSAMPLE): 0
 UNIFORM FRACTIONAL RANGE (IACCEPT): 0.400000000000000
 RANDOM SELECTION TYPE (SELECT):     0
 DEG. FR. TO GENERATE OMEGAS (DF):   20
 DEG. FR. TO GENERATE SIGMAS (DFS):  -1
 CHAIN FILE (FILE):                  ..\run007chains.chn
 EXCL. TITLE IN CHAIN FILE (NOTITLE):NO
 EX. COL. LBS. IN CHAIN FL.(NOLABEL):NO
 FORMAT FOR CHAIN FILE (FORMAT):     S1PE12.5
 PAR. ORDER in CHAIN FILE (ORDER):   TSOL
 RANDOM SAMPLING METHOD (RANMETHOD):3U

 THE FOLLOWING LABELS ARE EQUIVALENT
 PRED=NPRED
 RES=NRES
 WRES=NWRES
 IWRS=NIWRES
 IPRD=NIPRED
 IRS=NIRES



 FROM SAMPLE 3 OF CHAIN FILE ..\run007chains.chn
 NEW INITIAL ESTIMATES OF THETA
  0.1754E-01
  0.2172E+01
 NEW INITIAL ESTIMATES OF OMEGA
 DIAGONAL SHIFT OF  2.2018E-07 WAS IMPOSED ON OMEGAS TO ENSURE POSITIVE DEFINITENESS
  0.2002E+00
  0.2002E+00  0.2003E+00
 NEW INITIAL ESTIMATES OF SIGMA
  0.1176E-01
1


 #TBLN:      1
 #METH: MCMC Bayesian Analysis

 ESTIMATION STEP OMITTED:                 NO
 ANALYSIS TYPE:                           POPULATION
 NUMBER OF SADDLE POINT RESET ITERATIONS:      0
 GRADIENT METHOD USED:               NOSLOW
 CONDITIONAL ESTIMATES USED:              YES
 CENTERED ETA:                            NO
 EPS-ETA INTERACTION:                     YES
 LAPLACIAN OBJ. FUNC.:                    NO
 NO. OF FUNCT. EVALS. ALLOWED:            840
 NO. OF SIG. FIGURES REQUIRED:            3
 INTERMEDIATE PRINTOUT:                   YES
 ESTIMATE OUTPUT TO MSF:                  NO
 IND. OBJ. FUNC. VALUES SORTED:           NO
 NUMERICAL DERIVATIVE
       FILE REQUEST (NUMDER):               NONE
 MAP (ETAHAT) ESTIMATION METHOD (OPTMAP):   0
 ETA HESSIAN EVALUATION METHOD (ETADER):    0
 INITIAL ETA FOR MAP ESTIMATION (MCETA):    0
 SIGDIGITS FOR MAP ESTIMATION (SIGLO):      100
 GRADIENT SIGDIGITS OF
       FIXED EFFECTS PARAMETERS (SIGL):     100
 NOPRIOR SETTING (NOPRIOR):                 OFF
 NOCOV SETTING (NOCOV):                     OFF
 DERCONT SETTING (DERCONT):                 OFF
 FINAL ETA RE-EVALUATION (FNLETA):          ON
 EXCLUDE NON-INFLUENTIAL (NON-INFL.) ETAS
       IN SHRINKAGE (ETASTYPE):             NO
 NON-INFL. ETA CORRECTION (NONINFETA):      OFF
 RAW OUTPUT FILE (FILE): run013c3.ext
 EXCLUDE TITLE (NOTITLE):                   NO
 EXCLUDE COLUMN LABELS (NOLABEL):           NO
 FORMAT FOR ADDITIONAL FILES (FORMAT):      S1PE12.5
 PARAMETER ORDER FOR OUTPUTS (ORDER):       TSOL
 WISHART PRIOR DF INTERPRETATION (WISHTYPE):0
 KNUTHSUMOFF:                               0
 INCLUDE LNTWOPI:                           NO
 INCLUDE CONSTANT TERM TO PRIOR (PRIORC):   NO
 INCLUDE CONSTANT TERM TO OMEGA (ETA) (OLNTWOPI):NO
 EM OR BAYESIAN METHOD USED:                MCMC BAYESIAN (BAYES)
 MU MODELING PATTERN (MUM):
 GRADIENT/GIBBS PATTERN (GRD):
 AUTOMATIC SETTING FEATURE (AUTO):          OFF
 CONVERGENCE TYPE (CTYPE):                  3
 KEEP ITERATIONS (THIN):            1
 CONVERGENCE INTERVAL (CINTERVAL):          20
 CONVERGENCE ITERATIONS (CITER):            10
 CONVERGENCE ALPHA ERROR (CALPHA):          5.000000000000000E-02
 BURN-IN ITERATIONS (NBURN):                4000
 ITERATIONS (NITER):                        10000
 ANEAL SETTING (CONSTRAIN):                 1
 STARTING SEED FOR MC METHODS (SEED):       56664
 MC SAMPLES PER SUBJECT (ISAMPLE):          1
 RANDOM SAMPLING METHOD (RANMETHOD):        3U
 PROPOSAL DENSITY SCALING RANGE
              (ISCALE_MIN, ISCALE_MAX):     1.000000000000000E-06   ,1000000.00000000
 SAMPLE ACCEPTANCE RATE (IACCEPT):          0.400000000000000
 METROPOLIS HASTINGS SAMPLING FOR INDIVIDUAL ETAS:
 SAMPLES FOR GLOBAL SEARCH KERNEL (ISAMPLE_M1):          2
 SAMPLES FOR NEIGHBOR SEARCH KERNEL (ISAMPLE_M1A):       0
 SAMPLES FOR MASS/IMP/POST. MATRIX SEARCH (ISAMPLE_M1B): 2
 SAMPLES FOR LOCAL SEARCH KERNEL (ISAMPLE_M2):           2
 SAMPLES FOR LOCAL UNIVARIATE KERNEL (ISAMPLE_M3):       2
 PWR. WT. MASS/IMP/POST MATRIX ACCUM. FOR ETAS (IKAPPA): 1.00000000000000
 MASS/IMP./POST. MATRIX REFRESH SETTING (MASSREST):      -1
 METROPOLIS HASTINGS POPULATION SAMPLING FOR NON-GIBBS
 SAMPLED THETAS AND SIGMAS:
 PROPOSAL DENSITY SCALING RANGE
              (PSCALE_MIN, PSCALE_MAX):   1.000000000000000E-02   ,1000.00000000000
 SAMPLE ACCEPTANCE RATE (PACCEPT):                       0.500000000000000
 SAMPLES FOR GLOBAL SEARCH KERNEL (PSAMPLE_M1):          1
 SAMPLES FOR LOCAL SEARCH KERNEL (PSAMPLE_M2):           -1
 SAMPLES FOR LOCAL UNIVARIATE KERNEL (PSAMPLE_M3):       1
 METROPOLIS HASTINGS POPULATION SAMPLING FOR NON-GIBBS
 SAMPLED OMEGAS:
 SAMPLE ACCEPTANCE RATE (OACCEPT):                       0.500000000000000
 SAMPLES FOR GLOBAL SEARCH KERNEL (OSAMPLE_M1):          -1
 SAMPLES FOR LOCAL SEARCH KERNEL (OSAMPLE_M2):           -1
 SAMPLES FOR LOCAL UNIVARIATE SEARCH KERNEL (OSAMPLE_M3):0
 DEG. FR. FOR T DIST.  PRIOR FOR THETAS (TTDF):        0.00000000000000
 DEG. FR. FOR LKJ CORRELATION PRIOR FOR OMEGAS (OLKJDF): 0.00000000000000
 WEIGHT FACTOR FOR STD PRIOR FOR OMEGAS (OVARF): 1.00000000000000
 DEG. FR. FOR LKJ CORRELATION PRIOR FOR SIGMAS (SLKJDF): 0.00000000000000
 WEIGHT FACTOR FOR STD PRIOR FOR SIGMAS (SVARF): 1.00000000000000


 THE FOLLOWING LABELS ARE EQUIVALENT
 PRED=PREDI
 RES=RESI
 WRES=WRESI
 IWRS=IWRESI
 IPRD=IPREDI
 IRS=IRESI

 EM/BAYES SETUP:
 THETAS THAT ARE MU MODELED:
   1   2
 THETAS THAT ARE GIBBS SAMPLED:
   1   2
 THETAS THAT ARE METROPOLIS-HASTINGS SAMPLED:
 
 SIGMAS THAT ARE GIBBS SAMPLED:
   1
 SIGMAS THAT ARE METROPOLIS-HASTINGS SAMPLED:
 
 OMEGAS ARE GIBBS SAMPLED

 MONITORING OF SEARCH:

 Burn-in Mode
 iteration        -4000 MCMCOBJ=    1859646.3744444575     
 iteration        -3980 MCMCOBJ=   -42.635149877393140     
 iteration        -3960 MCMCOBJ=   -52.136635952581152     
 iteration        -3940 MCMCOBJ=   -30.457619588882025     
 iteration        -3920 MCMCOBJ=   -2.7282902198368286     
 iteration        -3900 MCMCOBJ=   -6.0171874268846128     
 iteration        -3880 MCMCOBJ=    26.631853219976684     
 iteration        -3860 MCMCOBJ=   -21.011003927396722     
 iteration        -3840 MCMCOBJ=   -74.586039049731752     
 iteration        -3820 MCMCOBJ=   -84.003515252157300     
 iteration        -3800 MCMCOBJ=   -64.106019096331664     
 iteration        -3780 MCMCOBJ=    7.8981852110938338     
 iteration        -3760 MCMCOBJ=    84.418013549197951     
 iteration        -3740 MCMCOBJ=   -37.992646005901193     
 iteration        -3720 MCMCOBJ=   -18.355211969673647     
 iteration        -3700 MCMCOBJ=    15.728456128153979     
 iteration        -3680 MCMCOBJ=   -14.881378126479440     
 iteration        -3660 MCMCOBJ=   -18.182931710457922     
 Convergence achieved
 Sampling Mode
 iteration            0 MCMCOBJ=    31.667151127577213     
 iteration           20 MCMCOBJ=    13.782247841356364     
 iteration           40 MCMCOBJ=    56.956554808337820     
 iteration           60 MCMCOBJ=    41.997660629712001     
 iteration           80 MCMCOBJ=   -32.131152770951957     
 iteration          100 MCMCOBJ=    15.895803092944840     
 iteration          120 MCMCOBJ=   -28.241751692572681     
 iteration          140 MCMCOBJ=   -50.876917551214554     
 iteration          160 MCMCOBJ=   -164.40648732783905     
 iteration          180 MCMCOBJ=   -204.83160312481266     
 iteration          200 MCMCOBJ=   -168.93450082185498     
 iteration          220 MCMCOBJ=   -175.26113606509134     
 iteration          240 MCMCOBJ=   -146.64455664146254     
 iteration          260 MCMCOBJ=   -190.85324332335452     
 iteration          280 MCMCOBJ=   -126.82877087210463     
 iteration          300 MCMCOBJ=   -77.681423491017995     
 iteration          320 MCMCOBJ=   -160.98033164160333     
 iteration          340 MCMCOBJ=   -117.08999556317819     
 iteration          360 MCMCOBJ=   -253.20138273706240     
 iteration          380 MCMCOBJ=   -224.50151192234935     
 iteration          400 MCMCOBJ=   -112.23006736212962     
 iteration          420 MCMCOBJ=   -88.622742867308006     
 iteration          440 MCMCOBJ=   -103.02671195715662     
 iteration          460 MCMCOBJ=   -31.727721931561501     
 iteration          480 MCMCOBJ=   -29.402078377998830     
 iteration          500 MCMCOBJ=    98.761675227779008     
 iteration          520 MCMCOBJ=    14.430766885780454     
 iteration          540 MCMCOBJ=    61.534133449525960     
 iteration          560 MCMCOBJ=    63.293999598155459     
 iteration          580 MCMCOBJ=   -38.471104741147116     
 iteration          600 MCMCOBJ=   -19.217281037562280     
 iteration          620 MCMCOBJ=   -38.573332825937577     
 iteration          640 MCMCOBJ=   -46.048882234601919     
 iteration          660 MCMCOBJ=   -76.148540525255711     
 iteration          680 MCMCOBJ=   -170.64541410633595     
 iteration          700 MCMCOBJ=   -242.17428065160809     
 iteration          720 MCMCOBJ=   -270.22762405209443     
 iteration          740 MCMCOBJ=   -227.31029893262931     
 iteration          760 MCMCOBJ=   -215.38969541446681     
 iteration          780 MCMCOBJ=   -297.84855097548933     
 iteration          800 MCMCOBJ=   -339.61507661299396     
 iteration          820 MCMCOBJ=   -374.15955983494285     
 iteration          840 MCMCOBJ=   -286.60526311008226     
 iteration          860 MCMCOBJ=   -334.05153980214214     
 iteration          880 MCMCOBJ=   -388.14966217501922     
 iteration          900 MCMCOBJ=   -359.69499469454132     
 iteration          920 MCMCOBJ=   -359.42925378627666     
 iteration          940 MCMCOBJ=   -356.12561232526559     
 iteration          960 MCMCOBJ=   -284.69256721228317     
 iteration          980 MCMCOBJ=   -356.25070495184497     
 iteration         1000 MCMCOBJ=   -364.66225869546111     
 iteration         1020 MCMCOBJ=   -366.37308405620064     
 iteration         1040 MCMCOBJ=   -397.36990813215965     
 iteration         1060 MCMCOBJ=   -382.54482503441744     
 iteration         1080 MCMCOBJ=   -400.53571418487604     
 iteration         1100 MCMCOBJ=   -477.86297181499572     
 iteration         1120 MCMCOBJ=   -512.82055851586210     
 iteration         1140 MCMCOBJ=   -496.01729015506885     
 iteration         1160 MCMCOBJ=   -558.03328357468649     
 iteration         1180 MCMCOBJ=   -581.80541189854102     
 iteration         1200 MCMCOBJ=   -562.07768515579573     
 iteration         1220 MCMCOBJ=   -502.61235688683178     
 iteration         1240 MCMCOBJ=   -558.44235908257053     
 iteration         1260 MCMCOBJ=   -607.53530178284973     
 iteration         1280 MCMCOBJ=   -588.14709970053889     
 iteration         1300 MCMCOBJ=   -543.05130475562305     
 iteration         1320 MCMCOBJ=   -543.64694849989564     
 iteration         1340 MCMCOBJ=   -512.28642128461786     
 iteration         1360 MCMCOBJ=   -614.63717562551403     
 iteration         1380 MCMCOBJ=   -574.52432979515663     
 iteration         1400 MCMCOBJ=   -527.26019669805453     
 iteration         1420 MCMCOBJ=   -520.80944531973955     
 iteration         1440 MCMCOBJ=   -482.75854145763759     
 iteration         1460 MCMCOBJ=   -606.60865185083128     
 iteration         1480 MCMCOBJ=   -610.33149146177743     
 iteration         1500 MCMCOBJ=   -690.75695218662338     
 iteration         1520 MCMCOBJ=   -642.76700021673651     
 iteration         1540 MCMCOBJ=   -560.28728438472524     
 iteration         1560 MCMCOBJ=   -561.03525323542840     
 iteration         1580 MCMCOBJ=   -622.62471495294085     
 iteration         1600 MCMCOBJ=   -620.63566251839063     
 iteration         1620 MCMCOBJ=   -611.19811793013741     
 iteration         1640 MCMCOBJ=   -586.07177105766107     
 iteration         1660 MCMCOBJ=   -658.08754186044382     
 iteration         1680 MCMCOBJ=   -653.31638090419153     
 iteration         1700 MCMCOBJ=   -633.90698111999143     
 iteration         1720 MCMCOBJ=   -575.37365835409514     
 iteration         1740 MCMCOBJ=   -548.38418580270786     
 iteration         1760 MCMCOBJ=   -446.50155893349944     
 iteration         1780 MCMCOBJ=   -488.22925682199491     
 iteration         1800 MCMCOBJ=   -570.58588236225933     
 iteration         1820 MCMCOBJ=   -601.86575048230020     
 iteration         1840 MCMCOBJ=   -635.49521616244579     
 iteration         1860 MCMCOBJ=   -603.52557375935965     
 iteration         1880 MCMCOBJ=   -638.95520491181185     
 iteration         1900 MCMCOBJ=   -630.38586283684685     
 iteration         1920 MCMCOBJ=   -589.58797668728073     
 iteration         1940 MCMCOBJ=   -514.91494684097029     
 iteration         1960 MCMCOBJ=   -501.70391080917000     
 iteration         1980 MCMCOBJ=   -497.26833377863016     
 iteration         2000 MCMCOBJ=   -528.30568984565537     
 iteration         2020 MCMCOBJ=   -492.33075790825512     
 iteration         2040 MCMCOBJ=   -443.77102313596282     
 iteration         2060 MCMCOBJ=   -561.33818050392392     
 iteration         2080 MCMCOBJ=   -577.22846715066157     
 iteration         2100 MCMCOBJ=   -511.10651757013443     
 iteration         2120 MCMCOBJ=   -518.91894578692859     
 iteration         2140 MCMCOBJ=   -607.35740450830713     
 iteration         2160 MCMCOBJ=   -579.07486127493769     
 iteration         2180 MCMCOBJ=   -659.37568326926680     
 iteration         2200 MCMCOBJ=   -667.59800936223223     
 iteration         2220 MCMCOBJ=   -683.40363029981302     
 iteration         2240 MCMCOBJ=   -720.10601119161481     
 iteration         2260 MCMCOBJ=   -656.34928207680252     
 iteration         2280 MCMCOBJ=   -724.98389231286637     
 iteration         2300 MCMCOBJ=   -684.49023458962574     
 iteration         2320 MCMCOBJ=   -633.72636959585350     
 iteration         2340 MCMCOBJ=   -690.69172423822613     
 iteration         2360 MCMCOBJ=   -732.03485074242371     
 iteration         2380 MCMCOBJ=   -727.49167608374319     
 iteration         2400 MCMCOBJ=   -829.03488601668369     
 iteration         2420 MCMCOBJ=   -767.99421912058597     
 iteration         2440 MCMCOBJ=   -768.77932278717503     
 iteration         2460 MCMCOBJ=   -796.15016113054935     
 iteration         2480 MCMCOBJ=   -789.36884569741699     
 iteration         2500 MCMCOBJ=   -779.58980889286954     
 iteration         2520 MCMCOBJ=   -816.29908806614731     
 iteration         2540 MCMCOBJ=   -873.60898519350246     
 iteration         2560 MCMCOBJ=   -884.38242825209079     
 iteration         2580 MCMCOBJ=   -858.07605572534726     
 iteration         2600 MCMCOBJ=   -921.65933124951073     
 iteration         2620 MCMCOBJ=   -955.86619016735551     
 iteration         2640 MCMCOBJ=   -950.89469180334402     
 iteration         2660 MCMCOBJ=   -914.07810587719575     
 iteration         2680 MCMCOBJ=   -867.18266376547990     
 iteration         2700 MCMCOBJ=   -868.85960253833343     
 iteration         2720 MCMCOBJ=   -783.91340852657015     
 iteration         2740 MCMCOBJ=   -888.06572627736057     
 iteration         2760 MCMCOBJ=   -921.87174297684453     
 iteration         2780 MCMCOBJ=   -924.55945810938647     
 iteration         2800 MCMCOBJ=   -911.38622651271646     
 iteration         2820 MCMCOBJ=   -894.75566915269803     
 iteration         2840 MCMCOBJ=   -956.63714841363583     
 iteration         2860 MCMCOBJ=   -949.34863614027017     
 iteration         2880 MCMCOBJ=   -988.20078599917269     
 iteration         2900 MCMCOBJ=   -1021.9427417534614     
 iteration         2920 MCMCOBJ=   -1039.7405074413025     
 iteration         2940 MCMCOBJ=   -1058.8151391865874     
 iteration         2960 MCMCOBJ=   -991.58843311540807     
 iteration         2980 MCMCOBJ=   -1011.2077359012692     
 iteration         3000 MCMCOBJ=   -1009.5408431557395     
 iteration         3020 MCMCOBJ=   -1073.1576902863303     
 iteration         3040 MCMCOBJ=   -973.24818412225056     
 iteration         3060 MCMCOBJ=   -1024.4180225889222     
 iteration         3080 MCMCOBJ=   -1003.7368780035955     
 iteration         3100 MCMCOBJ=   -899.87480654322655     
 iteration         3120 MCMCOBJ=   -975.20936300862013     
 iteration         3140 MCMCOBJ=   -991.33850118775752     
 iteration         3160 MCMCOBJ=   -972.08278771462585     
 iteration         3180 MCMCOBJ=   -1016.2992149012485     
 iteration         3200 MCMCOBJ=   -1048.4603000098916     
 iteration         3220 MCMCOBJ=   -1047.0933331936362     
 iteration         3240 MCMCOBJ=   -1056.8226062723277     
 iteration         3260 MCMCOBJ=   -1013.5946988190017     
 iteration         3280 MCMCOBJ=   -968.39026097102010     
 iteration         3300 MCMCOBJ=   -994.65429621332032     
 iteration         3320 MCMCOBJ=   -988.93910688233314     
 iteration         3340 MCMCOBJ=   -972.67084863517630     
 iteration         3360 MCMCOBJ=   -1025.7124005087221     
 iteration         3380 MCMCOBJ=   -1032.2792077524846     
 iteration         3400 MCMCOBJ=   -1032.7586028815729     
 iteration         3420 MCMCOBJ=   -1083.0556520892378     
 iteration         3440 MCMCOBJ=   -1075.4099978670720     
 iteration         3460 MCMCOBJ=   -1039.9543108486350     
 iteration         3480 MCMCOBJ=   -1024.0371651644632     
 iteration         3500 MCMCOBJ=   -1052.4588526526638     
 iteration         3520 MCMCOBJ=   -1001.4286725974557     
 iteration         3540 MCMCOBJ=   -1014.1073930543791     
 iteration         3560 MCMCOBJ=   -1040.6222263738107     
 iteration         3580 MCMCOBJ=   -1064.4522396592320     
 iteration         3600 MCMCOBJ=   -984.96099357573883     
 iteration         3620 MCMCOBJ=   -1026.8037168005967     
 iteration         3640 MCMCOBJ=   -1019.4169118969830     
 iteration         3660 MCMCOBJ=   -1023.3510688020195     
 iteration         3680 MCMCOBJ=   -1027.2939197582534     
 iteration         3700 MCMCOBJ=   -1037.6191163128938     
 iteration         3720 MCMCOBJ=   -1048.1973317817494     
 iteration         3740 MCMCOBJ=   -1040.1921521862450     
 iteration         3760 MCMCOBJ=   -1070.7862454611779     
 iteration         3780 MCMCOBJ=   -1034.9364310715257     
 iteration         3800 MCMCOBJ=   -1007.9339928745491     
 iteration         3820 MCMCOBJ=   -1063.9807409708728     
 iteration         3840 MCMCOBJ=   -1050.3483892771624     
 iteration         3860 MCMCOBJ=   -1043.2077329524684     
 iteration         3880 MCMCOBJ=   -1011.8651192985287     
 iteration         3900 MCMCOBJ=   -1113.0048119790188     
 iteration         3920 MCMCOBJ=   -1115.7026265769273     
 iteration         3940 MCMCOBJ=   -1139.6167901476294     
 iteration         3960 MCMCOBJ=   -1137.4789113154739     
 iteration         3980 MCMCOBJ=   -1148.3166412989281     
 iteration         4000 MCMCOBJ=   -1169.0500502433028     
 iteration         4020 MCMCOBJ=   -1157.0101934799702     
 iteration         4040 MCMCOBJ=   -1152.6653791968479     
 iteration         4060 MCMCOBJ=   -1167.7662011530454     
 iteration         4080 MCMCOBJ=   -1128.6016101004818     
 iteration         4100 MCMCOBJ=   -1125.1697522901234     
 iteration         4120 MCMCOBJ=   -1153.5388149206474     
 iteration         4140 MCMCOBJ=   -1126.7449769880971     
 iteration         4160 MCMCOBJ=   -1129.3437233603106     
 iteration         4180 MCMCOBJ=   -1074.6450881110429     
 iteration         4200 MCMCOBJ=   -1031.4594684612371     
 iteration         4220 MCMCOBJ=   -1009.5102807706324     
 iteration         4240 MCMCOBJ=   -995.86860525223108     
 iteration         4260 MCMCOBJ=   -1020.2690826341930     
 iteration         4280 MCMCOBJ=   -863.51020398538753     
 iteration         4300 MCMCOBJ=   -761.31192298945155     
 iteration         4320 MCMCOBJ=   -661.43087374685263     
 iteration         4340 MCMCOBJ=   -644.42960097591583     
 iteration         4360 MCMCOBJ=   -680.40085707957076     
 iteration         4380 MCMCOBJ=   -684.07736651217920     
 iteration         4400 MCMCOBJ=   -688.15890217520052     
 iteration         4420 MCMCOBJ=   -658.86241526623326     
 iteration         4440 MCMCOBJ=   -580.78288461468412     
 iteration         4460 MCMCOBJ=   -587.93162507355476     
 iteration         4480 MCMCOBJ=   -604.79201215828709     
 iteration         4500 MCMCOBJ=   -473.46606112441651     
 iteration         4520 MCMCOBJ=   -502.35402517773946     
 iteration         4540 MCMCOBJ=   -637.52034687257867     
 iteration         4560 MCMCOBJ=   -630.94186698742999     
 iteration         4580 MCMCOBJ=   -598.52152491040169     
 iteration         4600 MCMCOBJ=   -702.92042842793660     
 iteration         4620 MCMCOBJ=   -685.13182487767290     
 iteration         4640 MCMCOBJ=   -628.46283287149004     
 iteration         4660 MCMCOBJ=   -646.57118853730606     
 iteration         4680 MCMCOBJ=   -669.22912326040841     
 iteration         4700 MCMCOBJ=   -678.55557883572544     
 iteration         4720 MCMCOBJ=   -653.79954571440533     
 iteration         4740 MCMCOBJ=   -624.56544356809377     
 iteration         4760 MCMCOBJ=   -675.92616460994691     
 iteration         4780 MCMCOBJ=   -580.57730086062418     
 iteration         4800 MCMCOBJ=   -542.79053545373631     
 iteration         4820 MCMCOBJ=   -579.89160494100759     
 iteration         4840 MCMCOBJ=   -551.33732291227511     
 iteration         4860 MCMCOBJ=   -658.62703582651443     
 iteration         4880 MCMCOBJ=   -669.58079183400741     
 iteration         4900 MCMCOBJ=   -675.22898064188030     
 iteration         4920 MCMCOBJ=   -680.73248261064964     
 iteration         4940 MCMCOBJ=   -664.31470466955966     
 iteration         4960 MCMCOBJ=   -642.19320675055758     
 iteration         4980 MCMCOBJ=   -656.51294881248134     
 iteration         5000 MCMCOBJ=   -634.47518499985517     
 iteration         5020 MCMCOBJ=   -507.28196348552586     
 iteration         5040 MCMCOBJ=   -407.84152005425386     
 iteration         5060 MCMCOBJ=   -538.20673658813939     
 iteration         5080 MCMCOBJ=   -516.08033955433427     
 iteration         5100 MCMCOBJ=   -548.14817966579585     
 iteration         5120 MCMCOBJ=   -506.35771280891470     
 iteration         5140 MCMCOBJ=   -520.24633799526453     
 iteration         5160 MCMCOBJ=   -591.22488348942932     
 iteration         5180 MCMCOBJ=   -489.52235725168521     
 iteration         5200 MCMCOBJ=   -479.39598617473160     
 iteration         5220 MCMCOBJ=   -464.46265963695140     
 iteration         5240 MCMCOBJ=   -590.08428180052192     
 iteration         5260 MCMCOBJ=   -568.46682914404448     
 iteration         5280 MCMCOBJ=   -582.61056094076662     
 iteration         5300 MCMCOBJ=   -615.62852260943839     
 iteration         5320 MCMCOBJ=   -588.39786230732022     
 iteration         5340 MCMCOBJ=   -583.51137642512674     
 iteration         5360 MCMCOBJ=   -562.94294106380539     
 iteration         5380 MCMCOBJ=   -613.89730005794172     
 iteration         5400 MCMCOBJ=   -601.35228461977340     
 iteration         5420 MCMCOBJ=   -469.98859479202605     
 iteration         5440 MCMCOBJ=   -593.12593431233927     
 iteration         5460 MCMCOBJ=   -549.56982409712282     
 iteration         5480 MCMCOBJ=   -428.78223995195958     
 iteration         5500 MCMCOBJ=   -461.93021886433291     
 iteration         5520 MCMCOBJ=   -455.94138282401764     
 iteration         5540 MCMCOBJ=   -469.53218868139561     
 iteration         5560 MCMCOBJ=   -447.11607666055090     
 iteration         5580 MCMCOBJ=   -469.30686254167762     
 iteration         5600 MCMCOBJ=   -479.88869048802599     
 iteration         5620 MCMCOBJ=   -363.87792699726754     
 iteration         5640 MCMCOBJ=   -392.09589057802037     
 iteration         5660 MCMCOBJ=   -470.12797811174534     
 iteration         5680 MCMCOBJ=   -487.60133988052598     
 iteration         5700 MCMCOBJ=   -468.93365066408705     
 iteration         5720 MCMCOBJ=   -467.73688778681395     
 iteration         5740 MCMCOBJ=   -500.70985677127584     
 iteration         5760 MCMCOBJ=   -473.42942989616193     
 iteration         5780 MCMCOBJ=   -451.79616088143001     
 iteration         5800 MCMCOBJ=   -422.69242798561100     
 iteration         5820 MCMCOBJ=   -464.49905267351227     
 iteration         5840 MCMCOBJ=   -461.83165706387786     
 iteration         5860 MCMCOBJ=   -411.48156209923059     
 iteration         5880 MCMCOBJ=   -329.61631175108232     
 iteration         5900 MCMCOBJ=   -317.94840247026059     
 iteration         5920 MCMCOBJ=   -350.31226715149899     
 iteration         5940 MCMCOBJ=   -306.91590376999557     
 iteration         5960 MCMCOBJ=   -245.44296735529022     
 iteration         5980 MCMCOBJ=   -184.63985299953890     
 iteration         6000 MCMCOBJ=   -77.897480830498196     
 iteration         6020 MCMCOBJ=   -148.82758312678666     
 iteration         6040 MCMCOBJ=   -96.771775855015079     
 iteration         6060 MCMCOBJ=   -75.761559216462331     
 iteration         6080 MCMCOBJ=   -38.546671651425960     
 iteration         6100 MCMCOBJ=   -58.245002283986373     
 iteration         6120 MCMCOBJ=   0.88215908365396078     
 iteration         6140 MCMCOBJ=    10.368462318756956     
 iteration         6160 MCMCOBJ=   -143.04988913126996     
 iteration         6180 MCMCOBJ=   -197.67820426381672     
 iteration         6200 MCMCOBJ=   -143.32798971113385     
 iteration         6220 MCMCOBJ=   -223.68023358770435     
 iteration         6240 MCMCOBJ=   -167.43760411595204     
 iteration         6260 MCMCOBJ=   -141.93842051482378     
 iteration         6280 MCMCOBJ=   -108.48539427567748     
 iteration         6300 MCMCOBJ=   -40.735753583858816     
 iteration         6320 MCMCOBJ=   -130.53724487323740     
 iteration         6340 MCMCOBJ=   -213.97568429856184     
 iteration         6360 MCMCOBJ=   -227.47299472929959     
 iteration         6380 MCMCOBJ=   -239.05568339504748     
 iteration         6400 MCMCOBJ=   -268.99870958553538     
 iteration         6420 MCMCOBJ=   -285.40127458172134     
 iteration         6440 MCMCOBJ=   -227.32293054893179     
 iteration         6460 MCMCOBJ=   -148.49855144804536     
 iteration         6480 MCMCOBJ=   -186.29233824836288     
 iteration         6500 MCMCOBJ=   -132.63072764773867     
 iteration         6520 MCMCOBJ=   -102.04367912258283     
 iteration         6540 MCMCOBJ=   -16.290183536021182     
 iteration         6560 MCMCOBJ=    11.765838663418549     
 iteration         6580 MCMCOBJ=   -26.382191645584616     
 iteration         6600 MCMCOBJ=   -3.1611307640359327     
 iteration         6620 MCMCOBJ=    2.2543192819008402     
 iteration         6640 MCMCOBJ=   -171.45627766155400     
 iteration         6660 MCMCOBJ=   -178.82809410441695     
 iteration         6680 MCMCOBJ=   -175.59655612679106     
 iteration         6700 MCMCOBJ=   -126.09228506250824     
 iteration         6720 MCMCOBJ=   -72.378358819944324     
 iteration         6740 MCMCOBJ=   -158.47035923322636     
 iteration         6760 MCMCOBJ=   -173.02012271768609     
 iteration         6780 MCMCOBJ=   -154.45276118465569     
 iteration         6800 MCMCOBJ=   -186.83530252133227     
 iteration         6820 MCMCOBJ=   -118.82460647173220     
 iteration         6840 MCMCOBJ=   -191.49740137633742     
 iteration         6860 MCMCOBJ=   -211.21434204741414     
 iteration         6880 MCMCOBJ=   -151.44517208390934     
 iteration         6900 MCMCOBJ=   -192.14403209090233     
 iteration         6920 MCMCOBJ=   -184.01896872262799     
 iteration         6940 MCMCOBJ=   -188.46817719757524     
 iteration         6960 MCMCOBJ=   -233.27937080730570     
 iteration         6980 MCMCOBJ=   -346.23650510591085     
 iteration         7000 MCMCOBJ=   -365.02881071223868     
 iteration         7020 MCMCOBJ=   -369.66565929684816     
 iteration         7040 MCMCOBJ=   -402.27784293726012     
 iteration         7060 MCMCOBJ=   -405.90846746213231     
 iteration         7080 MCMCOBJ=   -449.74877157316899     
 iteration         7100 MCMCOBJ=   -429.32344004899829     
 iteration         7120 MCMCOBJ=   -495.58633794625877     
 iteration         7140 MCMCOBJ=   -479.24233664108527     
 iteration         7160 MCMCOBJ=   -436.19083345072966     
 iteration         7180 MCMCOBJ=   -357.70891525023490     
 iteration         7200 MCMCOBJ=   -463.55303698632855     
 iteration         7220 MCMCOBJ=   -545.08305349058105     
 iteration         7240 MCMCOBJ=   -501.67997844600978     
 iteration         7260 MCMCOBJ=   -435.44882959895551     
 iteration         7280 MCMCOBJ=   -442.31716573699731     
 iteration         7300 MCMCOBJ=   -449.05912252983734     
 iteration         7320 MCMCOBJ=   -383.59239718126270     
 iteration         7340 MCMCOBJ=   -425.97319811288321     
 iteration         7360 MCMCOBJ=   -387.25540801533742     
 iteration         7380 MCMCOBJ=   -373.12874291282276     
 iteration         7400 MCMCOBJ=   -292.36618641484819     
 iteration         7420 MCMCOBJ=   -354.73925480665122     
 iteration         7440 MCMCOBJ=   -338.82929693808597     
 iteration         7460 MCMCOBJ=   -327.78947001265612     
 iteration         7480 MCMCOBJ=   -220.76000733880460     
 iteration         7500 MCMCOBJ=   -212.05513338409438     
 iteration         7520 MCMCOBJ=   -115.06680457363188     
 iteration         7540 MCMCOBJ=   -193.57312120343477     
 iteration         7560 MCMCOBJ=   -197.59672438584616     
 iteration         7580 MCMCOBJ=   -181.92124184668720     
 iteration         7600 MCMCOBJ=   -271.88891553456267     
 iteration         7620 MCMCOBJ=   -218.20084932791104     
 iteration         7640 MCMCOBJ=   -186.53149585564955     
 iteration         7660 MCMCOBJ=   -144.99727871732543     
 iteration         7680 MCMCOBJ=   -95.095531746894267     
 iteration         7700 MCMCOBJ=   -169.52805909691267     
 iteration         7720 MCMCOBJ=   -176.86665431769214     
 iteration         7740 MCMCOBJ=   -169.19193180042055     
 iteration         7760 MCMCOBJ=   -116.58694652515206     
 iteration         7780 MCMCOBJ=   -132.59831096674026     
 iteration         7800 MCMCOBJ=   -136.26807294775065     
 iteration         7820 MCMCOBJ=   -82.756506361622954     
 iteration         7840 MCMCOBJ=   -62.375650040321105     
 iteration         7860 MCMCOBJ=   -4.2153138087483697     
 iteration         7880 MCMCOBJ=   -89.873894182682079     
 iteration         7900 MCMCOBJ=   -79.980453066605961     
 iteration         7920 MCMCOBJ=   -153.16037294482416     
 iteration         7940 MCMCOBJ=   -18.264644093161106     
 iteration         7960 MCMCOBJ=    16.067541057087343     
 iteration         7980 MCMCOBJ=   -66.466667595161070     
 iteration         8000 MCMCOBJ=   -67.773270832437788     
 iteration         8020 MCMCOBJ=   -188.95385871399156     
 iteration         8040 MCMCOBJ=   -61.852587143623538     
 iteration         8060 MCMCOBJ=   -80.627711311624338     
 iteration         8080 MCMCOBJ=   -26.913443199433100     
 iteration         8100 MCMCOBJ=    21.272747156969697     
 iteration         8120 MCMCOBJ=    61.017028597048146     
 iteration         8140 MCMCOBJ=    103.26944738861478     
 iteration         8160 MCMCOBJ=    150.57137169001695     
 iteration         8180 MCMCOBJ=    84.269351994207867     
 iteration         8200 MCMCOBJ=   -50.428636273194101     
 iteration         8220 MCMCOBJ=   -40.928988888454001     
 iteration         8240 MCMCOBJ=   -117.76123730600044     
 iteration         8260 MCMCOBJ=   -129.52780198117523     
 iteration         8280 MCMCOBJ=   -139.03597009313043     
 iteration         8300 MCMCOBJ=   -28.216822558447962     
 iteration         8320 MCMCOBJ=    9.4034893428965312     
 iteration         8340 MCMCOBJ=    31.786812581127560     
 iteration         8360 MCMCOBJ=    76.823972045483615     
 iteration         8380 MCMCOBJ=    63.410331979172966     
 iteration         8400 MCMCOBJ=    96.601582259473716     
 iteration         8420 MCMCOBJ=   -74.336435629056837     
 iteration         8440 MCMCOBJ=    110.32685173981126     
 iteration         8460 MCMCOBJ=    42.089736120203717     
 iteration         8480 MCMCOBJ=    16.762216469948736     
 iteration         8500 MCMCOBJ=    100.72609718250959     
 iteration         8520 MCMCOBJ=    95.196682222923769     
 iteration         8540 MCMCOBJ=    2.2380044554152927     
 iteration         8560 MCMCOBJ=    41.516874805380034     
 iteration         8580 MCMCOBJ=   -4.3767248800407978     
 iteration         8600 MCMCOBJ=    8.4015719082600437     
 iteration         8620 MCMCOBJ=   -5.7453874488735490     
 iteration         8640 MCMCOBJ=    80.527058917766126     
 iteration         8660 MCMCOBJ=   -63.125176620418962     
 iteration         8680 MCMCOBJ=   -18.908728493281203     
 iteration         8700 MCMCOBJ=    95.064468450165919     
 iteration         8720 MCMCOBJ=    74.995136561705337     
 iteration         8740 MCMCOBJ=   -27.928655503933353     
 iteration         8760 MCMCOBJ=    35.132809837845741     
 iteration         8780 MCMCOBJ=    8.8881377314995476     
 iteration         8800 MCMCOBJ=    32.039136153290848     
 iteration         8820 MCMCOBJ=   -22.891836265260782     
 iteration         8840 MCMCOBJ=    21.581562738705685     
 iteration         8860 MCMCOBJ=    71.893664051860441     
 iteration         8880 MCMCOBJ=    51.163983902876950     
 iteration         8900 MCMCOBJ=    49.526651809213789     
 iteration         8920 MCMCOBJ=    13.889554491773275     
 iteration         8940 MCMCOBJ=   -30.007769103707986     
 iteration         8960 MCMCOBJ=   -8.6547511543132263     
 iteration         8980 MCMCOBJ=   -53.096745575143736     
 iteration         9000 MCMCOBJ=   -51.085499980909063     
 iteration         9020 MCMCOBJ=   -130.91835148998314     
 iteration         9040 MCMCOBJ=   -78.508018354139125     
 iteration         9060 MCMCOBJ=   -140.57426467251474     
 iteration         9080 MCMCOBJ=   -181.32005890471856     
 iteration         9100 MCMCOBJ=   -187.45349447051325     
 iteration         9120 MCMCOBJ=   -204.74230732327425     
 iteration         9140 MCMCOBJ=   -212.81173623968610     
 iteration         9160 MCMCOBJ=   -185.61907995714765     
 iteration         9180 MCMCOBJ=   -159.05075085602772     
 iteration         9200 MCMCOBJ=   -251.04868742784228     
 iteration         9220 MCMCOBJ=   -291.94980388696752     
 iteration         9240 MCMCOBJ=   -258.10467509739374     
 iteration         9260 MCMCOBJ=   -220.14459808540107     
 iteration         9280 MCMCOBJ=   -149.00981697519725     
 iteration         9300 MCMCOBJ=   -142.86173683422865     
 iteration         9320 MCMCOBJ=   -264.64551576936435     
 iteration         9340 MCMCOBJ=   -248.08960087923660     
 iteration         9360 MCMCOBJ=   -283.47684782433367     
 iteration         9380 MCMCOBJ=   -292.14390865253569     
 iteration         9400 MCMCOBJ=   -343.37248503940361     
 iteration         9420 MCMCOBJ=   -340.13433295429382     
 iteration         9440 MCMCOBJ=   -347.38538714257754     
 iteration         9460 MCMCOBJ=   -367.02570683577142     
 iteration         9480 MCMCOBJ=   -329.36729714931511     
 iteration         9500 MCMCOBJ=   -242.95566627507543     
 iteration         9520 MCMCOBJ=   -291.85515352599862     
 iteration         9540 MCMCOBJ=   -362.18762345017041     
 iteration         9560 MCMCOBJ=   -386.10176407586613     
 iteration         9580 MCMCOBJ=   -281.27042377533905     
 iteration         9600 MCMCOBJ=   -296.81624184504000     
 iteration         9620 MCMCOBJ=   -229.23525601337295     
 iteration         9640 MCMCOBJ=   -272.89677091178794     
 iteration         9660 MCMCOBJ=   -303.33283028664800     
 iteration         9680 MCMCOBJ=   -261.82565157473090     
 iteration         9700 MCMCOBJ=   -348.99583665925479     
 iteration         9720 MCMCOBJ=   -351.87453882711651     
 iteration         9740 MCMCOBJ=   -417.03681729899512     
 iteration         9760 MCMCOBJ=   -398.94082726760155     
 iteration         9780 MCMCOBJ=   -433.77885537308748     
 iteration         9800 MCMCOBJ=   -484.33495997851946     
 iteration         9820 MCMCOBJ=   -579.52902075488191     
 iteration         9840 MCMCOBJ=   -638.97492737820880     
 iteration         9860 MCMCOBJ=   -648.00066845726519     
 iteration         9880 MCMCOBJ=   -647.97973029723323     
 iteration         9900 MCMCOBJ=   -678.78775453516096     
 iteration         9920 MCMCOBJ=   -665.75794936296325     
 iteration         9940 MCMCOBJ=   -649.91497286155288     
 iteration         9960 MCMCOBJ=   -738.54242000561794     
 iteration         9980 MCMCOBJ=   -777.26000386849773     
 iteration        10000 MCMCOBJ=   -739.53707830277540     
 BURN-IN WAS COMPLETED

 #TERM:
 STATISTICAL PORTION WAS COMPLETED
  
 TOTAL DATA POINTS NORMALLY DISTRIBUTED (N):           56
 N*LOG(2PI) CONSTANT TO OBJECTIVE FUNCTION:    102.92111571892335     
 OBJECTIVE FUNCTION VALUE WITHOUT CONSTANT:   -451.78383102216492     
 OBJECTIVE FUNCTION VALUE WITH CONSTANT:      -348.86271530324154     
 REPORTED OBJECTIVE FUNCTION DOES NOT CONTAIN CONSTANT
  
 TOTAL EFFECTIVE ETAS (NIND*NETA):                           112
 NIND*NETA*LOG(2PI) CONSTANT TO OBJECTIVE FUNCTION:    205.84223143784669     
 OBJECTIVE FUNCTION VALUE WITHOUT CONSTANT:   -451.78383102216492     
 OBJECTIVE FUNCTION VALUE WITH CONSTANT:      -245.94159958431823     
 REPORTED OBJECTIVE FUNCTION DOES NOT CONTAIN CONSTANT
  
 PRIOR CONSTANT TO OBJECTIVE FUNCTION:    30.823646298206345     
 OBJECTIVE FUNCTION VALUE WITHOUT CONSTANT:   -451.78383102216492     
 OBJECTIVE FUNCTION VALUE WITH CONSTANT:      -420.96018472395855     
 REPORTED OBJECTIVE FUNCTION DOES NOT CONTAIN CONSTANT
  
 #TERE:
 Elapsed estimation  time in seconds:    53.52
 Elapsed covariance  time in seconds:     0.00
1
 
 
 
 
 
 
 
 
 
 
 
 
 
 
 
 
 
 
 
 
 ************************************************************************************************************************
 ********************                                                                                ********************
 ********************                              MCMC BAYESIAN ANALYSIS                            ********************
 #OBJT:**************                       AVERAGE VALUE OF LIKELIHOOD FUNCTION                     ********************
 ********************                                                                                ********************
 ************************************************************************************************************************
 





 #OBJV:********************************************     -451.784       **************************************************
 #OBJS:********************************************      344.486 (STD) **************************************************
1
 ************************************************************************************************************************
 ********************                                                                                ********************
 ********************                              MCMC BAYESIAN ANALYSIS                            ********************
 ********************                             FINAL PARAMETER ESTIMATE                           ********************
 ********************                                                                                ********************
 ************************************************************************************************************************
 


 THETA - VECTOR OF FIXED EFFECTS PARAMETERS   *********


         THETA(CL) THETA(V) 
 
         3.95E-01  9.38E+01
 


 OMEGA - COV MATRIX FOR RANDOM EFFECTS - ETAS  ********


         ETA(CL)   ETA(V)   
 
 ETA(CL)
+        5.01E-01
 
 ETA(V)
+        3.40E-02  1.47E-01
 


 SIGMA - COV MATRIX FOR RANDOM EFFECTS - EPSILONS  ****


         EPS1     
 
 EPS1
+        4.60E-03
 
1


 OMEGA - CORR MATRIX FOR RANDOM EFFECTS - ETAS  *******


         ETA(CL)   ETA(V)   
 
 ETA(CL)
+        6.51E-01
 
 ETA(V)
+        1.44E-01  3.79E-01
 


 SIGMA - CORR MATRIX FOR RANDOM EFFECTS - EPSILONS  ***


         EPS1     
 
 EPS1
+        3.00E-02
 
1
 ************************************************************************************************************************
 ********************                                                                                ********************
 ********************                              MCMC BAYESIAN ANALYSIS                            ********************
 ********************                STANDARD ERROR OF ESTIMATE (From Sample Variance)               ********************
 ********************                                                                                ********************
 ************************************************************************************************************************
 


 THETA - VECTOR OF FIXED EFFECTS PARAMETERS   *********


         THETA(CL) THETA(V) 
 
         3.85E-01  7.78E+00
 


 OMEGA - COV MATRIX FOR RANDOM EFFECTS - ETAS  ********


         ETA(CL)   ETA(V)   
 
 ETA(CL)
+        4.76E-01
 
 ETA(V)
+        1.38E-01  4.05E-02
 


 SIGMA - COV MATRIX FOR RANDOM EFFECTS - EPSILONS  ****


         EPS1     
 
 EPS1
+        1.48E-02
 
1


 OMEGA - CORR MATRIX FOR RANDOM EFFECTS - ETAS  *******


         ETA(CL)   ETA(V)   
 
 ETA(CL)
+        2.78E-01
 
 ETA(V)
+        4.27E-01  5.15E-02
 


 SIGMA - CORR MATRIX FOR RANDOM EFFECTS - EPSILONS  ***


         EPS1     
 
 EPS1
+        6.09E-02
 
1
 ************************************************************************************************************************
 ********************                                                                                ********************
 ********************                              MCMC BAYESIAN ANALYSIS                            ********************
 ********************               COVARIANCE MATRIX OF ESTIMATE (From Sample Variance)             ********************
 ********************                                                                                ********************
 ************************************************************************************************************************
 

            TH 1      TH 2      OM11      OM12      OM22      SG11  
 
 TH 1
+        1.48E-01
 
 TH 2
+       -2.18E+00  6.06E+01
 
 OM11
+       -3.14E-02  1.90E-01  2.26E-01
 
 OM12
+        9.29E-03 -2.82E-02 -1.56E-02  1.92E-02
 
 OM22
+        3.43E-03 -5.73E-02 -5.29E-04 -1.62E-03  1.64E-03
 
 SG11
+        1.06E-03 -2.58E-02 -8.69E-04 -2.86E-04 -1.48E-04  2.18E-04
 
1
 ************************************************************************************************************************
 ********************                                                                                ********************
 ********************                              MCMC BAYESIAN ANALYSIS                            ********************
 ********************              CORRELATION MATRIX OF ESTIMATE (From Sample Variance)             ********************
 ********************                                                                                ********************
 ************************************************************************************************************************
 

            TH 1      TH 2      OM11      OM12      OM22      SG11  
 
 TH 1
+        3.85E-01
 
 TH 2
+       -7.27E-01  7.78E+00
 
 OM11
+       -1.71E-01  5.13E-02  4.76E-01
 
 OM12
+        1.74E-01 -2.62E-02 -2.37E-01  1.38E-01
 
 OM22
+        2.20E-01 -1.82E-01 -2.74E-02 -2.89E-01  4.05E-02
 
 SG11
+        1.87E-01 -2.24E-01 -1.24E-01 -1.40E-01 -2.48E-01  1.48E-02
 
1
 ************************************************************************************************************************
 ********************                                                                                ********************
 ********************                              MCMC BAYESIAN ANALYSIS                            ********************
 ********************           INVERSE COVARIANCE MATRIX OF ESTIMATE (From Sample Variance)         ********************
 ********************                                                                                ********************
 ************************************************************************************************************************
 

            TH 1      TH 2      OM11      OM12      OM22      SG11  
 
 TH 1
+        1.64E+01
 
 TH 2
+        5.36E-01  3.66E-02
 
 OM11
+        9.28E-01  4.26E-02  5.00E+00
 
 OM12
+       -9.50E+00 -1.26E-01  4.93E+00  7.32E+01
 
 OM22
+       -2.86E+01  2.16E-01  9.02E+00  1.09E+02  8.72E+02
 
 SG11
+       -4.49E+01  1.85E+00  3.30E+01  2.21E+02  9.37E+02  6.07E+03
 
 Elapsed postprocess time in seconds:     0.00
 #CPUT: Total CPU Time in Seconds,       38.688
Stop Time: 
Mon 12/12/2016 
10:06 PM
