Mon 12/12/2016 
10:02 PM
$PROB one cmpt simple mu modeled bayes multidose s1dpt
$SUB ADVAN1 TRANS2
$INPUT ID TIME DV OBSNUM CMT EVID AMT RATE ADDL II 
$DATA ..\mdata\simple_nocovar_56id_6tp_md.csv
IGNORE=@ IGNORE=(OBSNUM.EQN.2) IGNORE=(OBSNUM.EQN.4) IGNORE=(OBSNUM.EQN.5)
$ABBR REPLACE THETA(CL, V) = THETA(1 to 2)
$ABBR REPLACE ETA(CL, V) = ETA(1 to 2)

$THETAI
THETA(1:NTHETA)=LOG(THETAI(1:NTHETA))
THETAP(1:NTHETAP)=LOG(THETAPI(1:NTHETAP))
$THETAR
THETAR(1:NTHETA)=EXP(THETA(1:NTHETA))
THETAPR(1:NTHETAP)=EXP(THETAP(1:NTHETAP))

$PRIOR NWPRI 

$PK
"USE NMBAYES_INT, ONLY: ITER_REPORT,BAYES_EXTRA_REQUEST,BAYES_EXTRA
; Request extra information for Bayesian analysis.
; An extra call will then be made for accepted samples
"BAYES_EXTRA_REQUEST=1

MU_1 = THETA(CL)
MU_2 = THETA(V)
CL = EXP(MU_1 + ETA(CL))
V = EXP(MU_2 + ETA(V))
S1 = V

"IF(BAYES_EXTRA==1 .AND. ITER_REPORT>=0 .AND. TIME==0.0) THEN
"WRITE(50,98) ITER_REPORT,ID,CL,V
"98 FORMAT(I12,1X,F14.0,4(1X,1PG12.5))
"ENDIF

$ERROR
IPRED=F
Y = IPRED*(1 + ERR(1))  

$THETA
(0.001, 2.5) ; TVCL
(0.001, 46) ; TVV

$OMEGA BLOCK(2)
0.1    ; nCL
0.1  0.1  ; nV

$SIGMA
0.03 ; PROP

; THETA PRIORS
$THETAP (2.5 FIX) (46 FIX) 

; THETA (uniformative) PRIORs
$THETAPV BLOCK(2)
10000 FIX
0.0 10000 

$OMEGAP BLOCK(2)
0.2 FIX
0 0.2

; degrees of freedom to prior omega matrix - low dof = highly uninformative
$OMEGAPD (2 FIX)

$EST METHOD=CHAIN FILE=..\run007chains.chn NSAMPLE=0 ISAMPLE=1 DF=20
$EST METHOD=BAYES INTER NBURN=4000 NITER=10000 PRINT=20 NOPRIOR=0 CTYPE=3 CITER=10 SEED=56664
  
NM-TRAN MESSAGES 
  
 WARNINGS AND ERRORS (IF ANY) FOR PROBLEM    1
             
 (WARNING  2) NM-TRAN INFERS THAT THE DATA ARE POPULATION.

 (MU_WARNING 20) MU_001: MU_ VARIABLE SHOULD NOT BE DEFINED AFTER VERBATIM CODE.
  
License Registered to: Devin Pastoor
Expiration Date:    14 NOV 2017
Current Date:       12 DEC 2016
Days until program expires : 337
1NONLINEAR MIXED EFFECTS MODEL PROGRAM (NONMEM) VERSION 7.4.0 alpha14 (nm74a14)
 ORIGINALLY DEVELOPED BY STUART BEAL, LEWIS SHEINER, AND ALISON BOECKMANN
 CURRENT DEVELOPERS ARE ROBERT BAUER, ICON DEVELOPMENT SOLUTIONS,
 AND ALISON BOECKMANN. IMPLEMENTATION, EFFICIENCY, AND STANDARDIZATION
 PERFORMED BY NOUS INFOSYSTEMS.

 PROBLEM NO.:         1
 one cmpt simple mu modeled bayes multidose s1dpt
0DATA CHECKOUT RUN:              NO
 DATA SET LOCATED ON UNIT NO.:    2
 THIS UNIT TO BE REWOUND:        NO
 NO. OF DATA RECS IN DATA SET:      224
 NO. OF DATA ITEMS IN DATA SET:  11
 ID DATA ITEM IS DATA ITEM NO.:   1
 DEP VARIABLE IS DATA ITEM NO.:   3
 MDV DATA ITEM IS DATA ITEM NO.: 11
0INDICES PASSED TO SUBROUTINE PRED:
   6   2   7   8   0  10   5   0   0   0   9
0LABELS FOR DATA ITEMS:
 ID TIME DV OBSNUM CMT EVID AMT RATE ADDL II MDV
0LABELS FOR THETAS
 THETA(1)=THETA(CL)
 THETA(2)=THETA(V)
0LABELS FOR ETAS
 ETA(1)=ETA(CL)
0LABELS FOR ETAS
 ETA(2)=ETA(V)
0FORMAT FOR DATA:
 (2E3.0,E17.0,3E2.0,2E5.0,E2.0,E3.0,1F2.0)

 TOT. NO. OF OBS RECS:      168
 TOT. NO. OF INDIVIDUALS:     56
0LENGTH OF THETA:   5
0DEFAULT THETA BOUNDARY TEST OMITTED:    NO
0OMEGA HAS BLOCK FORM:
  1
  1  1
  0  0  2
  0  0  2  2
  0  0  0  0  3
  0  0  0  0  3  3
0DEFAULT OMEGA BOUNDARY TEST OMITTED:    NO
0SIGMA HAS SIMPLE DIAGONAL FORM WITH DIMENSION:   1
0DEFAULT SIGMA BOUNDARY TEST OMITTED:    NO
0INITIAL ESTIMATE OF THETA:
 LOWER BOUND    INITIAL EST    UPPER BOUND
  0.1000E-02     0.2500E+01     0.1000E+07
  0.1000E-02     0.4600E+02     0.1000E+07
  0.2500E+01     0.2500E+01     0.2500E+01
  0.4600E+02     0.4600E+02     0.4600E+02
  0.2000E+01     0.2000E+01     0.2000E+01
0INITIAL ESTIMATE OF OMEGA:
 BLOCK SET NO.   BLOCK                                                                    FIXED
        1                                                                                   NO
 DIAGONAL SHIFT OF  1.1000E-07 WAS IMPOSED TO ENSURE POSITIVE DEFINITENESS
                  0.1000E+00
                  0.1000E+00   0.1000E+00
        2                                                                                  YES
                  0.1000E+05
                  0.0000E+00   0.1000E+05
        3                                                                                  YES
                  0.2000E+00
                  0.0000E+00   0.2000E+00
0INITIAL ESTIMATE OF SIGMA:
 0.3000E-01
0
 THETAI SUBROUTINE USER-SUPPLIED
 THETAR SUBROUTINE USER-SUPPLIED
 PRIOR SUBROUTINE USER-SUPPLIED
1DOUBLE PRECISION PREDPP VERSION 7.4.0 alpha14 (nm74a14)

 ONE COMPARTMENT MODEL (ADVAN1)
0MAXIMUM NO. OF BASIC PK PARAMETERS:   2
0BASIC PK PARAMETERS (AFTER TRANSLATION):
   ELIMINATION RATE (K) IS BASIC PK PARAMETER NO.:  1

 TRANSLATOR WILL CONVERT PARAMETERS
 CLEARANCE (CL) AND VOLUME (V) TO K (TRANS2)
0COMPARTMENT ATTRIBUTES
 COMPT. NO.   FUNCTION   INITIAL    ON/OFF      DOSE      DEFAULT    DEFAULT
                         STATUS     ALLOWED    ALLOWED    FOR DOSE   FOR OBS.
    1         CENTRAL      ON         NO         YES        YES        YES
    2         OUTPUT       OFF        YES        NO         NO         NO
1
 ADDITIONAL PK PARAMETERS - ASSIGNMENT OF ROWS IN GG
 COMPT. NO.                             INDICES
              SCALE      BIOAVAIL.   ZERO-ORDER  ZERO-ORDER  ABSORB
                         FRACTION    RATE        DURATION    LAG
    1            3           *           *           *           *
    2            *           -           -           -           -
             - PARAMETER IS NOT ALLOWED FOR THIS MODEL
             * PARAMETER IS NOT SUPPLIED BY PK SUBROUTINE;
               WILL DEFAULT TO ONE IF APPLICABLE
0DATA ITEM INDICES USED BY PRED ARE:
   EVENT ID DATA ITEM IS DATA ITEM NO.:      6
   TIME DATA ITEM IS DATA ITEM NO.:          2
   DOSE AMOUNT DATA ITEM IS DATA ITEM NO.:   7
   DOSE RATE DATA ITEM IS DATA ITEM NO.:     8
   INTERVAL DATA ITEM IS DATA ITEM NO.:     10
   ADDL. DOSES DATA ITEM IS DATA ITEM NO.:   9
   COMPT. NO. DATA ITEM IS DATA ITEM NO.:    5

0PK SUBROUTINE CALLED WITH EVERY EVENT RECORD.
 PK SUBROUTINE NOT CALLED AT NONEVENT (ADDITIONAL OR LAGGED) DOSE TIMES.
0ERROR SUBROUTINE CALLED WITH EVERY EVENT RECORD.
1


 #TBLN:      1
 #METH: Chain Method Processing

 RANDOM GENERATION TYPE (CTYPE):     0
 RANDOM GENERATION SEED (SEED):      11456
 RANDOM SAMPLE SELECTION (ISAMPLE):  1
 RANDOM SAMPLE RANGE END (ISAMPEND): -2147483647
 NUMBER OF RANDOM SAMPLES (NSAMPLE): 0
 UNIFORM FRACTIONAL RANGE (IACCEPT): 0.400000000000000
 RANDOM SELECTION TYPE (SELECT):     0
 DEG. FR. TO GENERATE OMEGAS (DF):   20
 DEG. FR. TO GENERATE SIGMAS (DFS):  -1
 CHAIN FILE (FILE):                  ..\run007chains.chn
 EXCL. TITLE IN CHAIN FILE (NOTITLE):NO
 EX. COL. LBS. IN CHAIN FL.(NOLABEL):NO
 FORMAT FOR CHAIN FILE (FORMAT):     S1PE12.5
 PAR. ORDER in CHAIN FILE (ORDER):   TSOL
 RANDOM SAMPLING METHOD (RANMETHOD):3U

 THE FOLLOWING LABELS ARE EQUIVALENT
 PRED=NPRED
 RES=NRES
 WRES=NWRES
 IWRS=NIWRES
 IPRD=NIPRED
 IRS=NIRES



 FROM SAMPLE 1 OF CHAIN FILE ..\run007chains.chn
 NEW INITIAL ESTIMATES OF THETA
  0.2537E-01
  0.6427E-01
 NEW INITIAL ESTIMATES OF OMEGA
 DIAGONAL SHIFT OF  1.2800E-07 WAS IMPOSED ON OMEGAS TO ENSURE POSITIVE DEFINITENESS
  0.1164E+00
  0.1164E+00  0.1164E+00
 NEW INITIAL ESTIMATES OF SIGMA
  0.3730E-01
1


 #TBLN:      1
 #METH: MCMC Bayesian Analysis

 ESTIMATION STEP OMITTED:                 NO
 ANALYSIS TYPE:                           POPULATION
 NUMBER OF SADDLE POINT RESET ITERATIONS:      0
 GRADIENT METHOD USED:               NOSLOW
 CONDITIONAL ESTIMATES USED:              YES
 CENTERED ETA:                            NO
 EPS-ETA INTERACTION:                     YES
 LAPLACIAN OBJ. FUNC.:                    NO
 NO. OF FUNCT. EVALS. ALLOWED:            840
 NO. OF SIG. FIGURES REQUIRED:            3
 INTERMEDIATE PRINTOUT:                   YES
 ESTIMATE OUTPUT TO MSF:                  NO
 IND. OBJ. FUNC. VALUES SORTED:           NO
 NUMERICAL DERIVATIVE
       FILE REQUEST (NUMDER):               NONE
 MAP (ETAHAT) ESTIMATION METHOD (OPTMAP):   0
 ETA HESSIAN EVALUATION METHOD (ETADER):    0
 INITIAL ETA FOR MAP ESTIMATION (MCETA):    0
 SIGDIGITS FOR MAP ESTIMATION (SIGLO):      100
 GRADIENT SIGDIGITS OF
       FIXED EFFECTS PARAMETERS (SIGL):     100
 NOPRIOR SETTING (NOPRIOR):                 OFF
 NOCOV SETTING (NOCOV):                     OFF
 DERCONT SETTING (DERCONT):                 OFF
 FINAL ETA RE-EVALUATION (FNLETA):          ON
 EXCLUDE NON-INFLUENTIAL (NON-INFL.) ETAS
       IN SHRINKAGE (ETASTYPE):             NO
 NON-INFL. ETA CORRECTION (NONINFETA):      OFF
 RAW OUTPUT FILE (FILE): run009c1.ext
 EXCLUDE TITLE (NOTITLE):                   NO
 EXCLUDE COLUMN LABELS (NOLABEL):           NO
 FORMAT FOR ADDITIONAL FILES (FORMAT):      S1PE12.5
 PARAMETER ORDER FOR OUTPUTS (ORDER):       TSOL
 WISHART PRIOR DF INTERPRETATION (WISHTYPE):0
 KNUTHSUMOFF:                               0
 INCLUDE LNTWOPI:                           NO
 INCLUDE CONSTANT TERM TO PRIOR (PRIORC):   NO
 INCLUDE CONSTANT TERM TO OMEGA (ETA) (OLNTWOPI):NO
 EM OR BAYESIAN METHOD USED:                MCMC BAYESIAN (BAYES)
 MU MODELING PATTERN (MUM):
 GRADIENT/GIBBS PATTERN (GRD):
 AUTOMATIC SETTING FEATURE (AUTO):          OFF
 CONVERGENCE TYPE (CTYPE):                  3
 KEEP ITERATIONS (THIN):            1
 CONVERGENCE INTERVAL (CINTERVAL):          20
 CONVERGENCE ITERATIONS (CITER):            10
 CONVERGENCE ALPHA ERROR (CALPHA):          5.000000000000000E-02
 BURN-IN ITERATIONS (NBURN):                4000
 ITERATIONS (NITER):                        10000
 ANEAL SETTING (CONSTRAIN):                 1
 STARTING SEED FOR MC METHODS (SEED):       56664
 MC SAMPLES PER SUBJECT (ISAMPLE):          1
 RANDOM SAMPLING METHOD (RANMETHOD):        3U
 PROPOSAL DENSITY SCALING RANGE
              (ISCALE_MIN, ISCALE_MAX):     1.000000000000000E-06   ,1000000.00000000
 SAMPLE ACCEPTANCE RATE (IACCEPT):          0.400000000000000
 METROPOLIS HASTINGS SAMPLING FOR INDIVIDUAL ETAS:
 SAMPLES FOR GLOBAL SEARCH KERNEL (ISAMPLE_M1):          2
 SAMPLES FOR NEIGHBOR SEARCH KERNEL (ISAMPLE_M1A):       0
 SAMPLES FOR MASS/IMP/POST. MATRIX SEARCH (ISAMPLE_M1B): 2
 SAMPLES FOR LOCAL SEARCH KERNEL (ISAMPLE_M2):           2
 SAMPLES FOR LOCAL UNIVARIATE KERNEL (ISAMPLE_M3):       2
 PWR. WT. MASS/IMP/POST MATRIX ACCUM. FOR ETAS (IKAPPA): 1.00000000000000
 MASS/IMP./POST. MATRIX REFRESH SETTING (MASSREST):      -1
 METROPOLIS HASTINGS POPULATION SAMPLING FOR NON-GIBBS
 SAMPLED THETAS AND SIGMAS:
 PROPOSAL DENSITY SCALING RANGE
              (PSCALE_MIN, PSCALE_MAX):   1.000000000000000E-02   ,1000.00000000000
 SAMPLE ACCEPTANCE RATE (PACCEPT):                       0.500000000000000
 SAMPLES FOR GLOBAL SEARCH KERNEL (PSAMPLE_M1):          1
 SAMPLES FOR LOCAL SEARCH KERNEL (PSAMPLE_M2):           -1
 SAMPLES FOR LOCAL UNIVARIATE KERNEL (PSAMPLE_M3):       1
 METROPOLIS HASTINGS POPULATION SAMPLING FOR NON-GIBBS
 SAMPLED OMEGAS:
 SAMPLE ACCEPTANCE RATE (OACCEPT):                       0.500000000000000
 SAMPLES FOR GLOBAL SEARCH KERNEL (OSAMPLE_M1):          -1
 SAMPLES FOR LOCAL SEARCH KERNEL (OSAMPLE_M2):           -1
 SAMPLES FOR LOCAL UNIVARIATE SEARCH KERNEL (OSAMPLE_M3):0
 DEG. FR. FOR T DIST.  PRIOR FOR THETAS (TTDF):        0.00000000000000
 DEG. FR. FOR LKJ CORRELATION PRIOR FOR OMEGAS (OLKJDF): 0.00000000000000
 WEIGHT FACTOR FOR STD PRIOR FOR OMEGAS (OVARF): 1.00000000000000
 DEG. FR. FOR LKJ CORRELATION PRIOR FOR SIGMAS (SLKJDF): 0.00000000000000
 WEIGHT FACTOR FOR STD PRIOR FOR SIGMAS (SVARF): 1.00000000000000


 THE FOLLOWING LABELS ARE EQUIVALENT
 PRED=PREDI
 RES=RESI
 WRES=WRESI
 IWRS=IWRESI
 IPRD=IPREDI
 IRS=IRESI

 EM/BAYES SETUP:
 THETAS THAT ARE MU MODELED:
   1   2
 THETAS THAT ARE GIBBS SAMPLED:
   1   2
 THETAS THAT ARE METROPOLIS-HASTINGS SAMPLED:
 
 SIGMAS THAT ARE GIBBS SAMPLED:
   1
 SIGMAS THAT ARE METROPOLIS-HASTINGS SAMPLED:
 
 OMEGAS ARE GIBBS SAMPLED

 MONITORING OF SEARCH:

 Burn-in Mode
 iteration        -4000 MCMCOBJ=    3134922.9429416233     
 iteration        -3980 MCMCOBJ=    1008.4662987492793     
 iteration        -3960 MCMCOBJ=    880.76465500536392     
 iteration        -3940 MCMCOBJ=    787.30798375573113     
 iteration        -3920 MCMCOBJ=    618.41160977620655     
 iteration        -3900 MCMCOBJ=    370.13275527953823     
 iteration        -3880 MCMCOBJ=    348.57267141573590     
 iteration        -3860 MCMCOBJ=    366.43159263022608     
 iteration        -3840 MCMCOBJ=    383.74395690867914     
 iteration        -3820 MCMCOBJ=    356.26095047329233     
 iteration        -3800 MCMCOBJ=    418.95551520141822     
 iteration        -3780 MCMCOBJ=    382.48673258221976     
 iteration        -3760 MCMCOBJ=    351.64473362729478     
 iteration        -3740 MCMCOBJ=    364.44540294710777     
 Convergence achieved
 Sampling Mode
 iteration            0 MCMCOBJ=    344.58514210215333     
 iteration           20 MCMCOBJ=    370.45754929985281     
 iteration           40 MCMCOBJ=    349.83897392888912     
 iteration           60 MCMCOBJ=    386.38520577571785     
 iteration           80 MCMCOBJ=    324.51664354689882     
 iteration          100 MCMCOBJ=    374.26209077206016     
 iteration          120 MCMCOBJ=    360.75262295690641     
 iteration          140 MCMCOBJ=    339.73233074359774     
 iteration          160 MCMCOBJ=    378.08373402226715     
 iteration          180 MCMCOBJ=    374.12824113454900     
 iteration          200 MCMCOBJ=    427.27821228808500     
 iteration          220 MCMCOBJ=    372.23195266526722     
 iteration          240 MCMCOBJ=    407.69235049512361     
 iteration          260 MCMCOBJ=    381.26394247170452     
 iteration          280 MCMCOBJ=    375.51853557877314     
 iteration          300 MCMCOBJ=    357.14709313988374     
 iteration          320 MCMCOBJ=    357.95643651480924     
 iteration          340 MCMCOBJ=    365.70978243783321     
 iteration          360 MCMCOBJ=    405.03361499156733     
 iteration          380 MCMCOBJ=    387.88987906101153     
 iteration          400 MCMCOBJ=    385.82764533228385     
 iteration          420 MCMCOBJ=    374.84212683513778     
 iteration          440 MCMCOBJ=    414.70977669507937     
 iteration          460 MCMCOBJ=    394.57363155809048     
 iteration          480 MCMCOBJ=    402.93779236087090     
 iteration          500 MCMCOBJ=    354.97339346907722     
 iteration          520 MCMCOBJ=    369.32777706282047     
 iteration          540 MCMCOBJ=    379.81702163127960     
 iteration          560 MCMCOBJ=    372.91163104377830     
 iteration          580 MCMCOBJ=    378.35876015580965     
 iteration          600 MCMCOBJ=    373.30405564825634     
 iteration          620 MCMCOBJ=    375.97004023505480     
 iteration          640 MCMCOBJ=    350.95556223440246     
 iteration          660 MCMCOBJ=    353.71200203389014     
 iteration          680 MCMCOBJ=    379.51960030363091     
 iteration          700 MCMCOBJ=    393.20235818692049     
 iteration          720 MCMCOBJ=    364.98909726421715     
 iteration          740 MCMCOBJ=    357.10852881718466     
 iteration          760 MCMCOBJ=    379.98582912222986     
 iteration          780 MCMCOBJ=    435.99257866300024     
 iteration          800 MCMCOBJ=    388.20445806349858     
 iteration          820 MCMCOBJ=    393.13314549453156     
 iteration          840 MCMCOBJ=    381.54638693141192     
 iteration          860 MCMCOBJ=    405.05442075908826     
 iteration          880 MCMCOBJ=    377.70715906741094     
 iteration          900 MCMCOBJ=    400.32347657454687     
 iteration          920 MCMCOBJ=    370.66931462464237     
 iteration          940 MCMCOBJ=    386.22356020285901     
 iteration          960 MCMCOBJ=    394.61806615923996     
 iteration          980 MCMCOBJ=    378.00260880661466     
 iteration         1000 MCMCOBJ=    372.21322742187027     
 iteration         1020 MCMCOBJ=    378.56894577182180     
 iteration         1040 MCMCOBJ=    348.65685537866000     
 iteration         1060 MCMCOBJ=    348.33188333552141     
 iteration         1080 MCMCOBJ=    359.74217401843708     
 iteration         1100 MCMCOBJ=    386.33948723177599     
 iteration         1120 MCMCOBJ=    362.45597123771245     
 iteration         1140 MCMCOBJ=    382.27456394926799     
 iteration         1160 MCMCOBJ=    358.90367094936505     
 iteration         1180 MCMCOBJ=    342.28369889303553     
 iteration         1200 MCMCOBJ=    368.46949278806278     
 iteration         1220 MCMCOBJ=    365.77044241944083     
 iteration         1240 MCMCOBJ=    338.47940370395168     
 iteration         1260 MCMCOBJ=    334.16688555936037     
 iteration         1280 MCMCOBJ=    357.31269641906209     
 iteration         1300 MCMCOBJ=    361.35507910481169     
 iteration         1320 MCMCOBJ=    408.16466128169338     
 iteration         1340 MCMCOBJ=    340.35333095758585     
 iteration         1360 MCMCOBJ=    365.40287434791793     
 iteration         1380 MCMCOBJ=    351.73370093251498     
 iteration         1400 MCMCOBJ=    370.30571709191378     
 iteration         1420 MCMCOBJ=    377.38049507989302     
 iteration         1440 MCMCOBJ=    381.41287380433641     
 iteration         1460 MCMCOBJ=    347.09744936500590     
 iteration         1480 MCMCOBJ=    413.63210988045461     
 iteration         1500 MCMCOBJ=    382.87498736049247     
 iteration         1520 MCMCOBJ=    347.30617080098841     
 iteration         1540 MCMCOBJ=    354.39274394312986     
 iteration         1560 MCMCOBJ=    351.70270671489436     
 iteration         1580 MCMCOBJ=    366.77466249867251     
 iteration         1600 MCMCOBJ=    401.74445927561254     
 iteration         1620 MCMCOBJ=    391.63601042433339     
 iteration         1640 MCMCOBJ=    343.42275281270179     
 iteration         1660 MCMCOBJ=    351.67151048466491     
 iteration         1680 MCMCOBJ=    374.83534496532246     
 iteration         1700 MCMCOBJ=    335.21061172969388     
 iteration         1720 MCMCOBJ=    401.35131841369412     
 iteration         1740 MCMCOBJ=    370.71453375552869     
 iteration         1760 MCMCOBJ=    366.82476780869894     
 iteration         1780 MCMCOBJ=    405.41037801211513     
 iteration         1800 MCMCOBJ=    348.59068043555294     
 iteration         1820 MCMCOBJ=    369.97768973010460     
 iteration         1840 MCMCOBJ=    379.45786430495434     
 iteration         1860 MCMCOBJ=    371.93550760589784     
 iteration         1880 MCMCOBJ=    352.89867362848304     
 iteration         1900 MCMCOBJ=    379.93021695280981     
 iteration         1920 MCMCOBJ=    390.87143330137957     
 iteration         1940 MCMCOBJ=    349.02516420503429     
 iteration         1960 MCMCOBJ=    403.67611632542679     
 iteration         1980 MCMCOBJ=    359.08347637737120     
 iteration         2000 MCMCOBJ=    365.61397413825392     
 iteration         2020 MCMCOBJ=    371.03165756480746     
 iteration         2040 MCMCOBJ=    378.33055723375617     
 iteration         2060 MCMCOBJ=    352.28615635005360     
 iteration         2080 MCMCOBJ=    363.25612766557697     
 iteration         2100 MCMCOBJ=    380.44433843839494     
 iteration         2120 MCMCOBJ=    397.01248458566675     
 iteration         2140 MCMCOBJ=    391.99246878492301     
 iteration         2160 MCMCOBJ=    353.95109525913870     
 iteration         2180 MCMCOBJ=    369.54719647734925     
 iteration         2200 MCMCOBJ=    364.52665925823362     
 iteration         2220 MCMCOBJ=    355.37140535694203     
 iteration         2240 MCMCOBJ=    388.54735204089320     
 iteration         2260 MCMCOBJ=    372.87062090267273     
 iteration         2280 MCMCOBJ=    408.81889661899658     
 iteration         2300 MCMCOBJ=    371.57130535326161     
 iteration         2320 MCMCOBJ=    398.89086453958998     
 iteration         2340 MCMCOBJ=    357.99026163349384     
 iteration         2360 MCMCOBJ=    377.06067561261045     
 iteration         2380 MCMCOBJ=    413.01525827785855     
 iteration         2400 MCMCOBJ=    379.00269703597286     
 iteration         2420 MCMCOBJ=    385.83981818834559     
 iteration         2440 MCMCOBJ=    386.44633221171983     
 iteration         2460 MCMCOBJ=    376.73059521802173     
 iteration         2480 MCMCOBJ=    378.81324409126188     
 iteration         2500 MCMCOBJ=    390.54970682151770     
 iteration         2520 MCMCOBJ=    340.03617476093876     
 iteration         2540 MCMCOBJ=    341.05140994228213     
 iteration         2560 MCMCOBJ=    378.18496093024868     
 iteration         2580 MCMCOBJ=    344.80856429799451     
 iteration         2600 MCMCOBJ=    402.24623348936314     
 iteration         2620 MCMCOBJ=    357.59807282451942     
 iteration         2640 MCMCOBJ=    342.69896528404223     
 iteration         2660 MCMCOBJ=    355.93910901129959     
 iteration         2680 MCMCOBJ=    380.93941109454363     
 iteration         2700 MCMCOBJ=    391.15417473376698     
 iteration         2720 MCMCOBJ=    358.90409200267652     
 iteration         2740 MCMCOBJ=    401.02052224828589     
 iteration         2760 MCMCOBJ=    403.77750684963968     
 iteration         2780 MCMCOBJ=    398.19894855928777     
 iteration         2800 MCMCOBJ=    360.76375404192578     
 iteration         2820 MCMCOBJ=    335.20528045535247     
 iteration         2840 MCMCOBJ=    394.43227976154094     
 iteration         2860 MCMCOBJ=    366.68032388783803     
 iteration         2880 MCMCOBJ=    359.28247449751757     
 iteration         2900 MCMCOBJ=    390.24026353525915     
 iteration         2920 MCMCOBJ=    387.26423379142864     
 iteration         2940 MCMCOBJ=    360.48512526474394     
 iteration         2960 MCMCOBJ=    358.63428475391100     
 iteration         2980 MCMCOBJ=    359.53780492225349     
 iteration         3000 MCMCOBJ=    375.55515713254158     
 iteration         3020 MCMCOBJ=    370.78064907900517     
 iteration         3040 MCMCOBJ=    400.29065648072520     
 iteration         3060 MCMCOBJ=    363.36637750165909     
 iteration         3080 MCMCOBJ=    352.03097279261777     
 iteration         3100 MCMCOBJ=    366.98495490758586     
 iteration         3120 MCMCOBJ=    379.58949354352978     
 iteration         3140 MCMCOBJ=    371.47450894085335     
 iteration         3160 MCMCOBJ=    379.01876880875585     
 iteration         3180 MCMCOBJ=    391.62818818898313     
 iteration         3200 MCMCOBJ=    395.41629363146922     
 iteration         3220 MCMCOBJ=    381.51139479670712     
 iteration         3240 MCMCOBJ=    396.59326005482706     
 iteration         3260 MCMCOBJ=    409.24141850194741     
 iteration         3280 MCMCOBJ=    341.95023716030244     
 iteration         3300 MCMCOBJ=    374.05083415713790     
 iteration         3320 MCMCOBJ=    357.85601446664782     
 iteration         3340 MCMCOBJ=    345.72405613566605     
 iteration         3360 MCMCOBJ=    354.74431783977093     
 iteration         3380 MCMCOBJ=    349.33269685971328     
 iteration         3400 MCMCOBJ=    354.03109034285711     
 iteration         3420 MCMCOBJ=    339.23364938273295     
 iteration         3440 MCMCOBJ=    355.15448156722107     
 iteration         3460 MCMCOBJ=    371.93872063497747     
 iteration         3480 MCMCOBJ=    390.37751795356985     
 iteration         3500 MCMCOBJ=    373.40512709031344     
 iteration         3520 MCMCOBJ=    375.35659076438225     
 iteration         3540 MCMCOBJ=    377.08846045351083     
 iteration         3560 MCMCOBJ=    378.89339734476800     
 iteration         3580 MCMCOBJ=    397.54539649671381     
 iteration         3600 MCMCOBJ=    418.82631841505241     
 iteration         3620 MCMCOBJ=    369.30765930346428     
 iteration         3640 MCMCOBJ=    361.48278738344129     
 iteration         3660 MCMCOBJ=    382.42315684469082     
 iteration         3680 MCMCOBJ=    373.83314405759063     
 iteration         3700 MCMCOBJ=    403.72353131838611     
 iteration         3720 MCMCOBJ=    374.46136753261612     
 iteration         3740 MCMCOBJ=    365.18520053547866     
 iteration         3760 MCMCOBJ=    382.25260733095774     
 iteration         3780 MCMCOBJ=    381.18484180860332     
 iteration         3800 MCMCOBJ=    321.54765690535123     
 iteration         3820 MCMCOBJ=    338.44515529571731     
 iteration         3840 MCMCOBJ=    361.44206755872125     
 iteration         3860 MCMCOBJ=    374.26710629431386     
 iteration         3880 MCMCOBJ=    374.15388668019580     
 iteration         3900 MCMCOBJ=    345.35500255129631     
 iteration         3920 MCMCOBJ=    345.94965199573949     
 iteration         3940 MCMCOBJ=    369.23798379096087     
 iteration         3960 MCMCOBJ=    385.43501263535103     
 iteration         3980 MCMCOBJ=    415.97467294846200     
 iteration         4000 MCMCOBJ=    344.45444041473496     
 iteration         4020 MCMCOBJ=    393.39639430089613     
 iteration         4040 MCMCOBJ=    376.81553041852851     
 iteration         4060 MCMCOBJ=    316.29293689786385     
 iteration         4080 MCMCOBJ=    373.71364382203626     
 iteration         4100 MCMCOBJ=    401.97635941356674     
 iteration         4120 MCMCOBJ=    385.16278893441000     
 iteration         4140 MCMCOBJ=    373.22783295961540     
 iteration         4160 MCMCOBJ=    394.34356454844277     
 iteration         4180 MCMCOBJ=    371.84408902642264     
 iteration         4200 MCMCOBJ=    404.86266458499040     
 iteration         4220 MCMCOBJ=    375.93034790768809     
 iteration         4240 MCMCOBJ=    372.19692166371840     
 iteration         4260 MCMCOBJ=    389.99572743891162     
 iteration         4280 MCMCOBJ=    340.99376633188314     
 iteration         4300 MCMCOBJ=    368.36645850228700     
 iteration         4320 MCMCOBJ=    376.99649053938697     
 iteration         4340 MCMCOBJ=    365.41520626358624     
 iteration         4360 MCMCOBJ=    356.57715637653126     
 iteration         4380 MCMCOBJ=    385.42262662250869     
 iteration         4400 MCMCOBJ=    387.15422871807795     
 iteration         4420 MCMCOBJ=    394.13939211539326     
 iteration         4440 MCMCOBJ=    395.88432800539624     
 iteration         4460 MCMCOBJ=    364.98308410297744     
 iteration         4480 MCMCOBJ=    352.14798148271416     
 iteration         4500 MCMCOBJ=    355.76993438295409     
 iteration         4520 MCMCOBJ=    373.65151392131696     
 iteration         4540 MCMCOBJ=    407.97481199998361     
 iteration         4560 MCMCOBJ=    382.95757406528827     
 iteration         4580 MCMCOBJ=    342.11896213152011     
 iteration         4600 MCMCOBJ=    366.57310821231545     
 iteration         4620 MCMCOBJ=    357.71767382653132     
 iteration         4640 MCMCOBJ=    359.31226573460924     
 iteration         4660 MCMCOBJ=    360.78329810770418     
 iteration         4680 MCMCOBJ=    357.42430178081094     
 iteration         4700 MCMCOBJ=    371.84225308295305     
 iteration         4720 MCMCOBJ=    386.01666752713396     
 iteration         4740 MCMCOBJ=    395.77534005345404     
 iteration         4760 MCMCOBJ=    365.67895927407528     
 iteration         4780 MCMCOBJ=    397.15069055098905     
 iteration         4800 MCMCOBJ=    375.07484099576129     
 iteration         4820 MCMCOBJ=    356.00758664244586     
 iteration         4840 MCMCOBJ=    380.76065387080104     
 iteration         4860 MCMCOBJ=    356.77940123653298     
 iteration         4880 MCMCOBJ=    358.69958192425287     
 iteration         4900 MCMCOBJ=    349.78845448636224     
 iteration         4920 MCMCOBJ=    394.74704984066636     
 iteration         4940 MCMCOBJ=    374.73032696647977     
 iteration         4960 MCMCOBJ=    354.87797991336822     
 iteration         4980 MCMCOBJ=    399.58936676820065     
 iteration         5000 MCMCOBJ=    364.24372357782204     
 iteration         5020 MCMCOBJ=    362.21988996960528     
 iteration         5040 MCMCOBJ=    332.15773761411310     
 iteration         5060 MCMCOBJ=    402.17301662736037     
 iteration         5080 MCMCOBJ=    377.82816369761804     
 iteration         5100 MCMCOBJ=    392.45587069037572     
 iteration         5120 MCMCOBJ=    378.33777813290561     
 iteration         5140 MCMCOBJ=    401.43317249503730     
 iteration         5160 MCMCOBJ=    393.23844618732920     
 iteration         5180 MCMCOBJ=    387.78571705725767     
 iteration         5200 MCMCOBJ=    366.87969171138036     
 iteration         5220 MCMCOBJ=    331.29871994472677     
 iteration         5240 MCMCOBJ=    340.91713325708440     
 iteration         5260 MCMCOBJ=    384.95616266468198     
 iteration         5280 MCMCOBJ=    388.25250209946495     
 iteration         5300 MCMCOBJ=    358.14626057321345     
 iteration         5320 MCMCOBJ=    397.06830359605141     
 iteration         5340 MCMCOBJ=    374.84712197066074     
 iteration         5360 MCMCOBJ=    353.72956998720451     
 iteration         5380 MCMCOBJ=    370.91107751113628     
 iteration         5400 MCMCOBJ=    387.80795651345363     
 iteration         5420 MCMCOBJ=    364.48600409431009     
 iteration         5440 MCMCOBJ=    353.04294761920033     
 iteration         5460 MCMCOBJ=    413.28179654789159     
 iteration         5480 MCMCOBJ=    338.80895437847198     
 iteration         5500 MCMCOBJ=    367.46940565739180     
 iteration         5520 MCMCOBJ=    362.72234211479679     
 iteration         5540 MCMCOBJ=    364.59958921609137     
 iteration         5560 MCMCOBJ=    408.08906715119826     
 iteration         5580 MCMCOBJ=    374.70554004131537     
 iteration         5600 MCMCOBJ=    369.66282969949947     
 iteration         5620 MCMCOBJ=    371.78737298523180     
 iteration         5640 MCMCOBJ=    377.82375934091516     
 iteration         5660 MCMCOBJ=    370.20408534649545     
 iteration         5680 MCMCOBJ=    384.90390723160368     
 iteration         5700 MCMCOBJ=    386.31092330064553     
 iteration         5720 MCMCOBJ=    399.20892730938493     
 iteration         5740 MCMCOBJ=    376.73073814768026     
 iteration         5760 MCMCOBJ=    356.34668594314252     
 iteration         5780 MCMCOBJ=    368.97374370916475     
 iteration         5800 MCMCOBJ=    369.63793393632835     
 iteration         5820 MCMCOBJ=    365.46800315606401     
 iteration         5840 MCMCOBJ=    365.77539081849619     
 iteration         5860 MCMCOBJ=    392.30465995300210     
 iteration         5880 MCMCOBJ=    386.16744426655600     
 iteration         5900 MCMCOBJ=    364.39167865731963     
 iteration         5920 MCMCOBJ=    370.46356797852042     
 iteration         5940 MCMCOBJ=    411.42166590444634     
 iteration         5960 MCMCOBJ=    407.38884761702820     
 iteration         5980 MCMCOBJ=    379.75594927203730     
 iteration         6000 MCMCOBJ=    405.18425710619124     
 iteration         6020 MCMCOBJ=    397.70341403573542     
 iteration         6040 MCMCOBJ=    389.91093854392830     
 iteration         6060 MCMCOBJ=    343.59735435262792     
 iteration         6080 MCMCOBJ=    358.04178841073843     
 iteration         6100 MCMCOBJ=    377.91702244601322     
 iteration         6120 MCMCOBJ=    360.14436107150999     
 iteration         6140 MCMCOBJ=    418.67016148326366     
 iteration         6160 MCMCOBJ=    373.41074390739402     
 iteration         6180 MCMCOBJ=    378.27469265026264     
 iteration         6200 MCMCOBJ=    360.23009681029640     
 iteration         6220 MCMCOBJ=    358.94333932389827     
 iteration         6240 MCMCOBJ=    376.04012840438105     
 iteration         6260 MCMCOBJ=    381.86366359146217     
 iteration         6280 MCMCOBJ=    388.94114985738059     
 iteration         6300 MCMCOBJ=    391.53506579850557     
 iteration         6320 MCMCOBJ=    352.73599479696156     
 iteration         6340 MCMCOBJ=    418.03417444516452     
 iteration         6360 MCMCOBJ=    381.80880692256824     
 iteration         6380 MCMCOBJ=    347.58577162209997     
 iteration         6400 MCMCOBJ=    390.32670431160898     
 iteration         6420 MCMCOBJ=    331.98503582976224     
 iteration         6440 MCMCOBJ=    363.92179055469853     
 iteration         6460 MCMCOBJ=    380.70048763040381     
 iteration         6480 MCMCOBJ=    369.96079123610554     
 iteration         6500 MCMCOBJ=    362.19674197820643     
 iteration         6520 MCMCOBJ=    389.66903225767589     
 iteration         6540 MCMCOBJ=    339.90053260190433     
 iteration         6560 MCMCOBJ=    373.60239123682260     
 iteration         6580 MCMCOBJ=    370.32441825714704     
 iteration         6600 MCMCOBJ=    395.37906935420654     
 iteration         6620 MCMCOBJ=    357.84316751323570     
 iteration         6640 MCMCOBJ=    380.79493209069602     
 iteration         6660 MCMCOBJ=    388.48294061647795     
 iteration         6680 MCMCOBJ=    361.39149655177033     
 iteration         6700 MCMCOBJ=    386.69287226084469     
 iteration         6720 MCMCOBJ=    366.48867239409776     
 iteration         6740 MCMCOBJ=    399.34220890173464     
 iteration         6760 MCMCOBJ=    380.39207913820610     
 iteration         6780 MCMCOBJ=    373.88613318575955     
 iteration         6800 MCMCOBJ=    362.61408727587002     
 iteration         6820 MCMCOBJ=    360.95385500612440     
 iteration         6840 MCMCOBJ=    334.61974639954883     
 iteration         6860 MCMCOBJ=    362.29739123539326     
 iteration         6880 MCMCOBJ=    372.53873707588690     
 iteration         6900 MCMCOBJ=    384.76190478515429     
 iteration         6920 MCMCOBJ=    371.51320112792911     
 iteration         6940 MCMCOBJ=    371.63860821284550     
 iteration         6960 MCMCOBJ=    351.28118855715292     
 iteration         6980 MCMCOBJ=    348.76144221026766     
 iteration         7000 MCMCOBJ=    368.24284998743121     
 iteration         7020 MCMCOBJ=    373.24184039995379     
 iteration         7040 MCMCOBJ=    367.93061091513266     
 iteration         7060 MCMCOBJ=    391.57776725623739     
 iteration         7080 MCMCOBJ=    364.12584108873580     
 iteration         7100 MCMCOBJ=    375.65201045017903     
 iteration         7120 MCMCOBJ=    390.87380934374499     
 iteration         7140 MCMCOBJ=    365.71174014014787     
 iteration         7160 MCMCOBJ=    347.75408097074921     
 iteration         7180 MCMCOBJ=    345.78578655910786     
 iteration         7200 MCMCOBJ=    394.86288163312202     
 iteration         7220 MCMCOBJ=    384.03184325103030     
 iteration         7240 MCMCOBJ=    406.61489098569854     
 iteration         7260 MCMCOBJ=    399.67569255332438     
 iteration         7280 MCMCOBJ=    351.04930838814170     
 iteration         7300 MCMCOBJ=    402.74395900980062     
 iteration         7320 MCMCOBJ=    399.76537762281822     
 iteration         7340 MCMCOBJ=    403.83894947224803     
 iteration         7360 MCMCOBJ=    370.42126668353558     
 iteration         7380 MCMCOBJ=    327.83710240737838     
 iteration         7400 MCMCOBJ=    366.25456891953422     
 iteration         7420 MCMCOBJ=    402.30296905947790     
 iteration         7440 MCMCOBJ=    371.87928648669350     
 iteration         7460 MCMCOBJ=    377.75701103212657     
 iteration         7480 MCMCOBJ=    371.65128372219613     
 iteration         7500 MCMCOBJ=    364.23319775953343     
 iteration         7520 MCMCOBJ=    357.62991983138897     
 iteration         7540 MCMCOBJ=    353.60739649341679     
 iteration         7560 MCMCOBJ=    400.61598286825813     
 iteration         7580 MCMCOBJ=    378.15917029674512     
 iteration         7600 MCMCOBJ=    410.47396636695777     
 iteration         7620 MCMCOBJ=    377.28143019548742     
 iteration         7640 MCMCOBJ=    355.29851396025214     
 iteration         7660 MCMCOBJ=    403.72850149368497     
 iteration         7680 MCMCOBJ=    373.36500029197055     
 iteration         7700 MCMCOBJ=    370.28486922472672     
 iteration         7720 MCMCOBJ=    343.83812467012575     
 iteration         7740 MCMCOBJ=    362.17112405042570     
 iteration         7760 MCMCOBJ=    380.90788034545017     
 iteration         7780 MCMCOBJ=    406.57695965427195     
 iteration         7800 MCMCOBJ=    339.40207606812669     
 iteration         7820 MCMCOBJ=    390.66782181544227     
 iteration         7840 MCMCOBJ=    351.34448944968722     
 iteration         7860 MCMCOBJ=    347.37596492055809     
 iteration         7880 MCMCOBJ=    352.11399372960619     
 iteration         7900 MCMCOBJ=    370.19864512911374     
 iteration         7920 MCMCOBJ=    347.56886697030620     
 iteration         7940 MCMCOBJ=    336.91451147876313     
 iteration         7960 MCMCOBJ=    371.34773970181243     
 iteration         7980 MCMCOBJ=    368.44555038612970     
 iteration         8000 MCMCOBJ=    359.73860485681683     
 iteration         8020 MCMCOBJ=    394.07196148008688     
 iteration         8040 MCMCOBJ=    373.46007591406016     
 iteration         8060 MCMCOBJ=    396.15532331503357     
 iteration         8080 MCMCOBJ=    414.90801265522339     
 iteration         8100 MCMCOBJ=    408.54128123799404     
 iteration         8120 MCMCOBJ=    374.19949492466981     
 iteration         8140 MCMCOBJ=    349.18948710373661     
 iteration         8160 MCMCOBJ=    372.38653708337586     
 iteration         8180 MCMCOBJ=    371.14609399419652     
 iteration         8200 MCMCOBJ=    366.03131520854834     
 iteration         8220 MCMCOBJ=    376.35761101448196     
 iteration         8240 MCMCOBJ=    381.09164874093295     
 iteration         8260 MCMCOBJ=    390.00121217136871     
 iteration         8280 MCMCOBJ=    378.05333631939374     
 iteration         8300 MCMCOBJ=    416.24334433669242     
 iteration         8320 MCMCOBJ=    369.18752372162197     
 iteration         8340 MCMCOBJ=    363.03695796272802     
 iteration         8360 MCMCOBJ=    392.21653159040079     
 iteration         8380 MCMCOBJ=    374.50570328525572     
 iteration         8400 MCMCOBJ=    345.58003115026759     
 iteration         8420 MCMCOBJ=    359.45520849858110     
 iteration         8440 MCMCOBJ=    386.94327669818051     
 iteration         8460 MCMCOBJ=    388.88662466225662     
 iteration         8480 MCMCOBJ=    394.94317899514039     
 iteration         8500 MCMCOBJ=    361.89684728585161     
 iteration         8520 MCMCOBJ=    353.51862597156003     
 iteration         8540 MCMCOBJ=    433.44834627777766     
 iteration         8560 MCMCOBJ=    404.33351841596385     
 iteration         8580 MCMCOBJ=    349.00983585530076     
 iteration         8600 MCMCOBJ=    403.72468482495566     
 iteration         8620 MCMCOBJ=    350.67948637781490     
 iteration         8640 MCMCOBJ=    356.17413809512459     
 iteration         8660 MCMCOBJ=    368.15430723088741     
 iteration         8680 MCMCOBJ=    396.37559161944637     
 iteration         8700 MCMCOBJ=    338.67019181537052     
 iteration         8720 MCMCOBJ=    348.03270187349523     
 iteration         8740 MCMCOBJ=    372.65364624544418     
 iteration         8760 MCMCOBJ=    382.03368990471427     
 iteration         8780 MCMCOBJ=    404.36177544077077     
 iteration         8800 MCMCOBJ=    364.29730332189297     
 iteration         8820 MCMCOBJ=    391.75119388201534     
 iteration         8840 MCMCOBJ=    362.95753345151144     
 iteration         8860 MCMCOBJ=    360.80989883803869     
 iteration         8880 MCMCOBJ=    351.26653989521265     
 iteration         8900 MCMCOBJ=    367.06310340247592     
 iteration         8920 MCMCOBJ=    378.19110720194192     
 iteration         8940 MCMCOBJ=    360.51306986063742     
 iteration         8960 MCMCOBJ=    362.78141345681234     
 iteration         8980 MCMCOBJ=    388.75888556033010     
 iteration         9000 MCMCOBJ=    362.95831697909364     
 iteration         9020 MCMCOBJ=    365.01305369190351     
 iteration         9040 MCMCOBJ=    368.84332058659095     
 iteration         9060 MCMCOBJ=    379.86661246482083     
 iteration         9080 MCMCOBJ=    402.28307212479137     
 iteration         9100 MCMCOBJ=    360.66174397034871     
 iteration         9120 MCMCOBJ=    351.69237835764346     
 iteration         9140 MCMCOBJ=    365.02215454084364     
 iteration         9160 MCMCOBJ=    372.55181989695973     
 iteration         9180 MCMCOBJ=    388.53237505345777     
 iteration         9200 MCMCOBJ=    389.06874736968660     
 iteration         9220 MCMCOBJ=    355.04681826083782     
 iteration         9240 MCMCOBJ=    377.04855159291679     
 iteration         9260 MCMCOBJ=    362.05139381524816     
 iteration         9280 MCMCOBJ=    357.01509500400425     
 iteration         9300 MCMCOBJ=    385.56224202630148     
 iteration         9320 MCMCOBJ=    365.39249098762133     
 iteration         9340 MCMCOBJ=    377.20247891862380     
 iteration         9360 MCMCOBJ=    354.60295926678833     
 iteration         9380 MCMCOBJ=    396.75117441983559     
 iteration         9400 MCMCOBJ=    349.32563253350645     
 iteration         9420 MCMCOBJ=    377.05859674708984     
 iteration         9440 MCMCOBJ=    381.99178265238083     
 iteration         9460 MCMCOBJ=    348.03944908921341     
 iteration         9480 MCMCOBJ=    371.04463831686576     
 iteration         9500 MCMCOBJ=    378.46088526049255     
 iteration         9520 MCMCOBJ=    366.41142373538861     
 iteration         9540 MCMCOBJ=    377.77252857573319     
 iteration         9560 MCMCOBJ=    378.00067087531380     
 iteration         9580 MCMCOBJ=    378.42298924890940     
 iteration         9600 MCMCOBJ=    391.39351345060976     
 iteration         9620 MCMCOBJ=    386.24270427958118     
 iteration         9640 MCMCOBJ=    386.96844991319551     
 iteration         9660 MCMCOBJ=    380.44928697494333     
 iteration         9680 MCMCOBJ=    358.67641772868524     
 iteration         9700 MCMCOBJ=    399.32404355310035     
 iteration         9720 MCMCOBJ=    366.78775784462931     
 iteration         9740 MCMCOBJ=    410.18619995911882     
 iteration         9760 MCMCOBJ=    386.44520006375109     
 iteration         9780 MCMCOBJ=    388.30284985605437     
 iteration         9800 MCMCOBJ=    401.26374477712557     
 iteration         9820 MCMCOBJ=    384.24359847458595     
 iteration         9840 MCMCOBJ=    408.56684071757434     
 iteration         9860 MCMCOBJ=    367.00932821620933     
 iteration         9880 MCMCOBJ=    392.40767979161620     
 iteration         9900 MCMCOBJ=    386.73319073804885     
 iteration         9920 MCMCOBJ=    367.84971139304668     
 iteration         9940 MCMCOBJ=    387.56994726941178     
 iteration         9960 MCMCOBJ=    381.03671012293944     
 iteration         9980 MCMCOBJ=    376.80971699623365     
 iteration        10000 MCMCOBJ=    363.46934367724691     
 BURN-IN WAS COMPLETED

 #TERM:
 STATISTICAL PORTION WAS COMPLETED
  
 TOTAL DATA POINTS NORMALLY DISTRIBUTED (N):          168
 N*LOG(2PI) CONSTANT TO OBJECTIVE FUNCTION:    308.76334715677001     
 OBJECTIVE FUNCTION VALUE WITHOUT CONSTANT:    375.30725352201785     
 OBJECTIVE FUNCTION VALUE WITH CONSTANT:       684.07060067878786     
 REPORTED OBJECTIVE FUNCTION DOES NOT CONTAIN CONSTANT
  
 TOTAL EFFECTIVE ETAS (NIND*NETA):                           112
 NIND*NETA*LOG(2PI) CONSTANT TO OBJECTIVE FUNCTION:    205.84223143784669     
 OBJECTIVE FUNCTION VALUE WITHOUT CONSTANT:    375.30725352201785     
 OBJECTIVE FUNCTION VALUE WITH CONSTANT:       581.14948495986459     
 REPORTED OBJECTIVE FUNCTION DOES NOT CONTAIN CONSTANT
  
 PRIOR CONSTANT TO OBJECTIVE FUNCTION:    30.823646298206345     
 OBJECTIVE FUNCTION VALUE WITHOUT CONSTANT:    375.30725352201785     
 OBJECTIVE FUNCTION VALUE WITH CONSTANT:       406.13089982022422     
 REPORTED OBJECTIVE FUNCTION DOES NOT CONTAIN CONSTANT
  
 #TERE:
 Elapsed estimation  time in seconds:    89.42
 Elapsed covariance  time in seconds:     0.00
1
 
 
 
 
 
 
 
 
 
 
 
 
 
 
 
 
 
 
 
 
 ************************************************************************************************************************
 ********************                                                                                ********************
 ********************                              MCMC BAYESIAN ANALYSIS                            ********************
 #OBJT:**************                       AVERAGE VALUE OF LIKELIHOOD FUNCTION                     ********************
 ********************                                                                                ********************
 ************************************************************************************************************************
 





 #OBJV:********************************************      375.307       **************************************************
 #OBJS:********************************************       20.203 (STD) **************************************************
1
 ************************************************************************************************************************
 ********************                                                                                ********************
 ********************                              MCMC BAYESIAN ANALYSIS                            ********************
 ********************                             FINAL PARAMETER ESTIMATE                           ********************
 ********************                                                                                ********************
 ************************************************************************************************************************
 


 THETA - VECTOR OF FIXED EFFECTS PARAMETERS   *********


         THETA(CL) THETA(V) 
 
         3.17E+00  3.47E+01
 


 OMEGA - COV MATRIX FOR RANDOM EFFECTS - ETAS  ********


         ETA(CL)   ETA(V)   
 
 ETA(CL)
+        1.00E-01
 
 ETA(V)
+        1.17E-02  5.23E-02
 


 SIGMA - COV MATRIX FOR RANDOM EFFECTS - EPSILONS  ****


         EPS1     
 
 EPS1
+        4.11E-02
 
1


 OMEGA - CORR MATRIX FOR RANDOM EFFECTS - ETAS  *******


         ETA(CL)   ETA(V)   
 
 ETA(CL)
+        3.14E-01
 
 ETA(V)
+        1.59E-01  2.26E-01
 


 SIGMA - CORR MATRIX FOR RANDOM EFFECTS - EPSILONS  ***


         EPS1     
 
 EPS1
+        2.02E-01
 
1
 ************************************************************************************************************************
 ********************                                                                                ********************
 ********************                              MCMC BAYESIAN ANALYSIS                            ********************
 ********************                STANDARD ERROR OF ESTIMATE (From Sample Variance)               ********************
 ********************                                                                                ********************
 ************************************************************************************************************************
 


 THETA - VECTOR OF FIXED EFFECTS PARAMETERS   *********


         THETA(CL) THETA(V) 
 
         1.48E-01  1.52E+00
 


 OMEGA - COV MATRIX FOR RANDOM EFFECTS - ETAS  ********


         ETA(CL)   ETA(V)   
 
 ETA(CL)
+        2.33E-02
 
 ETA(V)
+        1.45E-02  1.63E-02
 


 SIGMA - COV MATRIX FOR RANDOM EFFECTS - EPSILONS  ****


         EPS1     
 
 EPS1
+        6.75E-03
 
1


 OMEGA - CORR MATRIX FOR RANDOM EFFECTS - ETAS  *******


         ETA(CL)   ETA(V)   
 
 ETA(CL)
+        3.61E-02
 
 ETA(V)
+        1.87E-01  3.48E-02
 


 SIGMA - CORR MATRIX FOR RANDOM EFFECTS - EPSILONS  ***


         EPS1     
 
 EPS1
+        1.65E-02
 
1
 ************************************************************************************************************************
 ********************                                                                                ********************
 ********************                              MCMC BAYESIAN ANALYSIS                            ********************
 ********************               COVARIANCE MATRIX OF ESTIMATE (From Sample Variance)             ********************
 ********************                                                                                ********************
 ************************************************************************************************************************
 

            TH 1      TH 2      OM11      OM12      OM22      SG11  
 
 TH 1
+        2.19E-02
 
 TH 2
+        3.10E-02  2.31E+00
 
 OM11
+       -2.08E-04  4.65E-03  5.44E-04
 
 OM12
+        2.24E-04  3.21E-04  6.58E-05  2.11E-04
 
 OM22
+       -1.49E-04  1.18E-03  1.76E-05  5.47E-05  2.66E-04
 
 SG11
+        5.28E-05  2.20E-04 -1.70E-05 -4.34E-06 -1.62E-05  4.56E-05
 
1
 ************************************************************************************************************************
 ********************                                                                                ********************
 ********************                              MCMC BAYESIAN ANALYSIS                            ********************
 ********************              CORRELATION MATRIX OF ESTIMATE (From Sample Variance)             ********************
 ********************                                                                                ********************
 ************************************************************************************************************************
 

            TH 1      TH 2      OM11      OM12      OM22      SG11  
 
 TH 1
+        1.48E-01
 
 TH 2
+        1.38E-01  1.52E+00
 
 OM11
+       -6.03E-02  1.31E-01  2.33E-02
 
 OM12
+        1.04E-01  1.45E-02  1.94E-01  1.45E-02
 
 OM22
+       -6.20E-02  4.76E-02  4.64E-02  2.31E-01  1.63E-02
 
 SG11
+        5.29E-02  2.15E-02 -1.08E-01 -4.42E-02 -1.47E-01  6.75E-03
 
1
 ************************************************************************************************************************
 ********************                                                                                ********************
 ********************                              MCMC BAYESIAN ANALYSIS                            ********************
 ********************           INVERSE COVARIANCE MATRIX OF ESTIMATE (From Sample Variance)         ********************
 ********************                                                                                ********************
 ************************************************************************************************************************
 

            TH 1      TH 2      OM11      OM12      OM22      SG11  
 
 TH 1
+        4.81E+01
 
 TH 2
+       -7.15E-01  4.53E-01
 
 OM11
+        3.07E+01 -4.43E+00  1.98E+03
 
 OM12
+       -7.09E+01  2.10E+00 -6.52E+02  5.30E+03
 
 OM22
+        4.08E+01 -2.78E+00  8.18E+01 -1.10E+03  4.11E+03
 
 SG11
+       -3.31E+01 -3.80E+00  6.92E+02 -5.88E+01  1.35E+03  2.27E+04
 
 Elapsed postprocess time in seconds:     0.00
 #CPUT: Total CPU Time in Seconds,       58.203
Stop Time: 
Mon 12/12/2016 
10:04 PM
