Mon 12/12/2016 
10:05 PM
$PROB one cmpt simple mu modeled bayes multidose s1d
$SUB ADVAN1 TRANS2
$INPUT ID TIME DV OBSNUM CMT EVID AMT RATE ADDL II 
$DATA ..\mdata\simple_nocovar_56id_6tp_md.csv
IGNORE=@ IGNORE=(OBSNUM.EQN.2) IGNORE=(OBSNUM.EQN.4) IGNORE=(OBSNUM.EQN.5) IGNORE=(OBSNUM.EQN.6)
$ABBR REPLACE THETA(CL, V) = THETA(1 to 2)
$ABBR REPLACE ETA(CL, V) = ETA(1 to 2)

$THETAI
THETA(1:NTHETA)=LOG(THETAI(1:NTHETA))
THETAP(1:NTHETAP)=LOG(THETAPI(1:NTHETAP))
$THETAR
THETAR(1:NTHETA)=EXP(THETA(1:NTHETA))
THETAPR(1:NTHETAP)=EXP(THETAP(1:NTHETAP))

$PRIOR NWPRI 

$PK
"USE NMBAYES_INT, ONLY: ITER_REPORT,BAYES_EXTRA_REQUEST,BAYES_EXTRA
; Request extra information for Bayesian analysis.
; An extra call will then be made for accepted samples
"BAYES_EXTRA_REQUEST=1

MU_1 = THETA(CL)
MU_2 = THETA(V)
CL = EXP(MU_1 + ETA(CL))
V = EXP(MU_2 + ETA(V))
S1 = V

"IF(BAYES_EXTRA==1 .AND. ITER_REPORT>=0 .AND. TIME==0.0) THEN
"WRITE(50,98) ITER_REPORT,ID,CL,V
"98 FORMAT(I12,1X,F14.0,4(1X,1PG12.5))
"ENDIF

$ERROR
IPRED=F
Y = IPRED*(1 + ERR(1))  

$THETA
(0.001, 2.5) ; TVCL
(0.001, 46) ; TVV

$OMEGA BLOCK(2)
0.1    ; nCL
0.1  0.1  ; nV

$SIGMA
0.03 ; PROP

; THETA PRIORS
$THETAP (2.5 FIX) (46 FIX) 

; THETA (uniformative) PRIORs
$THETAPV BLOCK(2)
10000 FIX
0.0 10000 

$OMEGAP BLOCK(2)
0.2 FIX
0 0.2

; degrees of freedom to prior omega matrix - low dof = highly uninformative
$OMEGAPD (2 FIX)

$EST METHOD=CHAIN FILE=..\run007chains.chn NSAMPLE=0 ISAMPLE=3 DF=20
$EST METHOD=BAYES INTER NBURN=4000 NITER=10000 PRINT=20 NOPRIOR=0 CTYPE=3 CITER=10 SEED=56664
  
NM-TRAN MESSAGES 
  
 WARNINGS AND ERRORS (IF ANY) FOR PROBLEM    1
             
 (WARNING  2) NM-TRAN INFERS THAT THE DATA ARE POPULATION.

 (MU_WARNING 20) MU_001: MU_ VARIABLE SHOULD NOT BE DEFINED AFTER VERBATIM CODE.
  
License Registered to: Devin Pastoor
Expiration Date:    14 NOV 2017
Current Date:       12 DEC 2016
Days until program expires : 337
1NONLINEAR MIXED EFFECTS MODEL PROGRAM (NONMEM) VERSION 7.4.0 alpha14 (nm74a14)
 ORIGINALLY DEVELOPED BY STUART BEAL, LEWIS SHEINER, AND ALISON BOECKMANN
 CURRENT DEVELOPERS ARE ROBERT BAUER, ICON DEVELOPMENT SOLUTIONS,
 AND ALISON BOECKMANN. IMPLEMENTATION, EFFICIENCY, AND STANDARDIZATION
 PERFORMED BY NOUS INFOSYSTEMS.

 PROBLEM NO.:         1
 one cmpt simple mu modeled bayes multidose s1d
0DATA CHECKOUT RUN:              NO
 DATA SET LOCATED ON UNIT NO.:    2
 THIS UNIT TO BE REWOUND:        NO
 NO. OF DATA RECS IN DATA SET:      168
 NO. OF DATA ITEMS IN DATA SET:  11
 ID DATA ITEM IS DATA ITEM NO.:   1
 DEP VARIABLE IS DATA ITEM NO.:   3
 MDV DATA ITEM IS DATA ITEM NO.: 11
0INDICES PASSED TO SUBROUTINE PRED:
   6   2   7   8   0  10   5   0   0   0   9
0LABELS FOR DATA ITEMS:
 ID TIME DV OBSNUM CMT EVID AMT RATE ADDL II MDV
0LABELS FOR THETAS
 THETA(1)=THETA(CL)
 THETA(2)=THETA(V)
0LABELS FOR ETAS
 ETA(1)=ETA(CL)
0LABELS FOR ETAS
 ETA(2)=ETA(V)
0FORMAT FOR DATA:
 (2E3.0,E17.0,3E2.0,2E5.0,E2.0,E3.0,1F2.0)

 TOT. NO. OF OBS RECS:      112
 TOT. NO. OF INDIVIDUALS:     56
0LENGTH OF THETA:   5
0DEFAULT THETA BOUNDARY TEST OMITTED:    NO
0OMEGA HAS BLOCK FORM:
  1
  1  1
  0  0  2
  0  0  2  2
  0  0  0  0  3
  0  0  0  0  3  3
0DEFAULT OMEGA BOUNDARY TEST OMITTED:    NO
0SIGMA HAS SIMPLE DIAGONAL FORM WITH DIMENSION:   1
0DEFAULT SIGMA BOUNDARY TEST OMITTED:    NO
0INITIAL ESTIMATE OF THETA:
 LOWER BOUND    INITIAL EST    UPPER BOUND
  0.1000E-02     0.2500E+01     0.1000E+07
  0.1000E-02     0.4600E+02     0.1000E+07
  0.2500E+01     0.2500E+01     0.2500E+01
  0.4600E+02     0.4600E+02     0.4600E+02
  0.2000E+01     0.2000E+01     0.2000E+01
0INITIAL ESTIMATE OF OMEGA:
 BLOCK SET NO.   BLOCK                                                                    FIXED
        1                                                                                   NO
 DIAGONAL SHIFT OF  1.1000E-07 WAS IMPOSED TO ENSURE POSITIVE DEFINITENESS
                  0.1000E+00
                  0.1000E+00   0.1000E+00
        2                                                                                  YES
                  0.1000E+05
                  0.0000E+00   0.1000E+05
        3                                                                                  YES
                  0.2000E+00
                  0.0000E+00   0.2000E+00
0INITIAL ESTIMATE OF SIGMA:
 0.3000E-01
0
 THETAI SUBROUTINE USER-SUPPLIED
 THETAR SUBROUTINE USER-SUPPLIED
 PRIOR SUBROUTINE USER-SUPPLIED
1DOUBLE PRECISION PREDPP VERSION 7.4.0 alpha14 (nm74a14)

 ONE COMPARTMENT MODEL (ADVAN1)
0MAXIMUM NO. OF BASIC PK PARAMETERS:   2
0BASIC PK PARAMETERS (AFTER TRANSLATION):
   ELIMINATION RATE (K) IS BASIC PK PARAMETER NO.:  1

 TRANSLATOR WILL CONVERT PARAMETERS
 CLEARANCE (CL) AND VOLUME (V) TO K (TRANS2)
0COMPARTMENT ATTRIBUTES
 COMPT. NO.   FUNCTION   INITIAL    ON/OFF      DOSE      DEFAULT    DEFAULT
                         STATUS     ALLOWED    ALLOWED    FOR DOSE   FOR OBS.
    1         CENTRAL      ON         NO         YES        YES        YES
    2         OUTPUT       OFF        YES        NO         NO         NO
1
 ADDITIONAL PK PARAMETERS - ASSIGNMENT OF ROWS IN GG
 COMPT. NO.                             INDICES
              SCALE      BIOAVAIL.   ZERO-ORDER  ZERO-ORDER  ABSORB
                         FRACTION    RATE        DURATION    LAG
    1            3           *           *           *           *
    2            *           -           -           -           -
             - PARAMETER IS NOT ALLOWED FOR THIS MODEL
             * PARAMETER IS NOT SUPPLIED BY PK SUBROUTINE;
               WILL DEFAULT TO ONE IF APPLICABLE
0DATA ITEM INDICES USED BY PRED ARE:
   EVENT ID DATA ITEM IS DATA ITEM NO.:      6
   TIME DATA ITEM IS DATA ITEM NO.:          2
   DOSE AMOUNT DATA ITEM IS DATA ITEM NO.:   7
   DOSE RATE DATA ITEM IS DATA ITEM NO.:     8
   INTERVAL DATA ITEM IS DATA ITEM NO.:     10
   ADDL. DOSES DATA ITEM IS DATA ITEM NO.:   9
   COMPT. NO. DATA ITEM IS DATA ITEM NO.:    5

0PK SUBROUTINE CALLED WITH EVERY EVENT RECORD.
 PK SUBROUTINE NOT CALLED AT NONEVENT (ADDITIONAL OR LAGGED) DOSE TIMES.
0ERROR SUBROUTINE CALLED WITH EVERY EVENT RECORD.
1


 #TBLN:      1
 #METH: Chain Method Processing

 RANDOM GENERATION TYPE (CTYPE):     0
 RANDOM GENERATION SEED (SEED):      11456
 RANDOM SAMPLE SELECTION (ISAMPLE):  3
 RANDOM SAMPLE RANGE END (ISAMPEND): -2147483647
 NUMBER OF RANDOM SAMPLES (NSAMPLE): 0
 UNIFORM FRACTIONAL RANGE (IACCEPT): 0.400000000000000
 RANDOM SELECTION TYPE (SELECT):     0
 DEG. FR. TO GENERATE OMEGAS (DF):   20
 DEG. FR. TO GENERATE SIGMAS (DFS):  -1
 CHAIN FILE (FILE):                  ..\run007chains.chn
 EXCL. TITLE IN CHAIN FILE (NOTITLE):NO
 EX. COL. LBS. IN CHAIN FL.(NOLABEL):NO
 FORMAT FOR CHAIN FILE (FORMAT):     S1PE12.5
 PAR. ORDER in CHAIN FILE (ORDER):   TSOL
 RANDOM SAMPLING METHOD (RANMETHOD):3U

 THE FOLLOWING LABELS ARE EQUIVALENT
 PRED=NPRED
 RES=NRES
 WRES=NWRES
 IWRS=NIWRES
 IPRD=NIPRED
 IRS=NIRES



 FROM SAMPLE 3 OF CHAIN FILE ..\run007chains.chn
 NEW INITIAL ESTIMATES OF THETA
  0.1754E-01
  0.2172E+01
 NEW INITIAL ESTIMATES OF OMEGA
 DIAGONAL SHIFT OF  2.2018E-07 WAS IMPOSED ON OMEGAS TO ENSURE POSITIVE DEFINITENESS
  0.2002E+00
  0.2002E+00  0.2003E+00
 NEW INITIAL ESTIMATES OF SIGMA
  0.1176E-01
1


 #TBLN:      1
 #METH: MCMC Bayesian Analysis

 ESTIMATION STEP OMITTED:                 NO
 ANALYSIS TYPE:                           POPULATION
 NUMBER OF SADDLE POINT RESET ITERATIONS:      0
 GRADIENT METHOD USED:               NOSLOW
 CONDITIONAL ESTIMATES USED:              YES
 CENTERED ETA:                            NO
 EPS-ETA INTERACTION:                     YES
 LAPLACIAN OBJ. FUNC.:                    NO
 NO. OF FUNCT. EVALS. ALLOWED:            840
 NO. OF SIG. FIGURES REQUIRED:            3
 INTERMEDIATE PRINTOUT:                   YES
 ESTIMATE OUTPUT TO MSF:                  NO
 IND. OBJ. FUNC. VALUES SORTED:           NO
 NUMERICAL DERIVATIVE
       FILE REQUEST (NUMDER):               NONE
 MAP (ETAHAT) ESTIMATION METHOD (OPTMAP):   0
 ETA HESSIAN EVALUATION METHOD (ETADER):    0
 INITIAL ETA FOR MAP ESTIMATION (MCETA):    0
 SIGDIGITS FOR MAP ESTIMATION (SIGLO):      100
 GRADIENT SIGDIGITS OF
       FIXED EFFECTS PARAMETERS (SIGL):     100
 NOPRIOR SETTING (NOPRIOR):                 OFF
 NOCOV SETTING (NOCOV):                     OFF
 DERCONT SETTING (DERCONT):                 OFF
 FINAL ETA RE-EVALUATION (FNLETA):          ON
 EXCLUDE NON-INFLUENTIAL (NON-INFL.) ETAS
       IN SHRINKAGE (ETASTYPE):             NO
 NON-INFL. ETA CORRECTION (NONINFETA):      OFF
 RAW OUTPUT FILE (FILE): run012c3.ext
 EXCLUDE TITLE (NOTITLE):                   NO
 EXCLUDE COLUMN LABELS (NOLABEL):           NO
 FORMAT FOR ADDITIONAL FILES (FORMAT):      S1PE12.5
 PARAMETER ORDER FOR OUTPUTS (ORDER):       TSOL
 WISHART PRIOR DF INTERPRETATION (WISHTYPE):0
 KNUTHSUMOFF:                               0
 INCLUDE LNTWOPI:                           NO
 INCLUDE CONSTANT TERM TO PRIOR (PRIORC):   NO
 INCLUDE CONSTANT TERM TO OMEGA (ETA) (OLNTWOPI):NO
 EM OR BAYESIAN METHOD USED:                MCMC BAYESIAN (BAYES)
 MU MODELING PATTERN (MUM):
 GRADIENT/GIBBS PATTERN (GRD):
 AUTOMATIC SETTING FEATURE (AUTO):          OFF
 CONVERGENCE TYPE (CTYPE):                  3
 KEEP ITERATIONS (THIN):            1
 CONVERGENCE INTERVAL (CINTERVAL):          20
 CONVERGENCE ITERATIONS (CITER):            10
 CONVERGENCE ALPHA ERROR (CALPHA):          5.000000000000000E-02
 BURN-IN ITERATIONS (NBURN):                4000
 ITERATIONS (NITER):                        10000
 ANEAL SETTING (CONSTRAIN):                 1
 STARTING SEED FOR MC METHODS (SEED):       56664
 MC SAMPLES PER SUBJECT (ISAMPLE):          1
 RANDOM SAMPLING METHOD (RANMETHOD):        3U
 PROPOSAL DENSITY SCALING RANGE
              (ISCALE_MIN, ISCALE_MAX):     1.000000000000000E-06   ,1000000.00000000
 SAMPLE ACCEPTANCE RATE (IACCEPT):          0.400000000000000
 METROPOLIS HASTINGS SAMPLING FOR INDIVIDUAL ETAS:
 SAMPLES FOR GLOBAL SEARCH KERNEL (ISAMPLE_M1):          2
 SAMPLES FOR NEIGHBOR SEARCH KERNEL (ISAMPLE_M1A):       0
 SAMPLES FOR MASS/IMP/POST. MATRIX SEARCH (ISAMPLE_M1B): 2
 SAMPLES FOR LOCAL SEARCH KERNEL (ISAMPLE_M2):           2
 SAMPLES FOR LOCAL UNIVARIATE KERNEL (ISAMPLE_M3):       2
 PWR. WT. MASS/IMP/POST MATRIX ACCUM. FOR ETAS (IKAPPA): 1.00000000000000
 MASS/IMP./POST. MATRIX REFRESH SETTING (MASSREST):      -1
 METROPOLIS HASTINGS POPULATION SAMPLING FOR NON-GIBBS
 SAMPLED THETAS AND SIGMAS:
 PROPOSAL DENSITY SCALING RANGE
              (PSCALE_MIN, PSCALE_MAX):   1.000000000000000E-02   ,1000.00000000000
 SAMPLE ACCEPTANCE RATE (PACCEPT):                       0.500000000000000
 SAMPLES FOR GLOBAL SEARCH KERNEL (PSAMPLE_M1):          1
 SAMPLES FOR LOCAL SEARCH KERNEL (PSAMPLE_M2):           -1
 SAMPLES FOR LOCAL UNIVARIATE KERNEL (PSAMPLE_M3):       1
 METROPOLIS HASTINGS POPULATION SAMPLING FOR NON-GIBBS
 SAMPLED OMEGAS:
 SAMPLE ACCEPTANCE RATE (OACCEPT):                       0.500000000000000
 SAMPLES FOR GLOBAL SEARCH KERNEL (OSAMPLE_M1):          -1
 SAMPLES FOR LOCAL SEARCH KERNEL (OSAMPLE_M2):           -1
 SAMPLES FOR LOCAL UNIVARIATE SEARCH KERNEL (OSAMPLE_M3):0
 DEG. FR. FOR T DIST.  PRIOR FOR THETAS (TTDF):        0.00000000000000
 DEG. FR. FOR LKJ CORRELATION PRIOR FOR OMEGAS (OLKJDF): 0.00000000000000
 WEIGHT FACTOR FOR STD PRIOR FOR OMEGAS (OVARF): 1.00000000000000
 DEG. FR. FOR LKJ CORRELATION PRIOR FOR SIGMAS (SLKJDF): 0.00000000000000
 WEIGHT FACTOR FOR STD PRIOR FOR SIGMAS (SVARF): 1.00000000000000


 THE FOLLOWING LABELS ARE EQUIVALENT
 PRED=PREDI
 RES=RESI
 WRES=WRESI
 IWRS=IWRESI
 IPRD=IPREDI
 IRS=IRESI

 EM/BAYES SETUP:
 THETAS THAT ARE MU MODELED:
   1   2
 THETAS THAT ARE GIBBS SAMPLED:
   1   2
 THETAS THAT ARE METROPOLIS-HASTINGS SAMPLED:
 
 SIGMAS THAT ARE GIBBS SAMPLED:
   1
 SIGMAS THAT ARE METROPOLIS-HASTINGS SAMPLED:
 
 OMEGAS ARE GIBBS SAMPLED

 MONITORING OF SEARCH:

 Burn-in Mode
 iteration        -4000 MCMCOBJ=    1863924.0444389719     
 iteration        -3980 MCMCOBJ=    364.20158267904242     
 iteration        -3960 MCMCOBJ=    388.48326892274690     
 iteration        -3940 MCMCOBJ=    209.02324688499394     
 iteration        -3920 MCMCOBJ=    163.05575577305265     
 iteration        -3900 MCMCOBJ=    179.89783073425656     
 iteration        -3880 MCMCOBJ=    120.59996469599379     
 iteration        -3860 MCMCOBJ=    174.44976348751817     
 iteration        -3840 MCMCOBJ=    157.40041035287010     
 iteration        -3820 MCMCOBJ=    208.31841803443990     
 iteration        -3800 MCMCOBJ=    211.83883772490435     
 iteration        -3780 MCMCOBJ=    200.48748103823908     
 Convergence achieved
 Sampling Mode
 iteration            0 MCMCOBJ=    215.23569455814697     
 iteration           20 MCMCOBJ=    154.83572622335461     
 iteration           40 MCMCOBJ=    160.32102546190282     
 iteration           60 MCMCOBJ=    157.18189223320903     
 iteration           80 MCMCOBJ=    125.84819888688178     
 iteration          100 MCMCOBJ=    190.12315606084547     
 iteration          120 MCMCOBJ=    164.20477061595824     
 iteration          140 MCMCOBJ=    138.20413653182206     
 iteration          160 MCMCOBJ=    198.73849452339780     
 iteration          180 MCMCOBJ=    200.94896713822538     
 iteration          200 MCMCOBJ=    104.35823686604853     
 iteration          220 MCMCOBJ=    141.91780944854082     
 iteration          240 MCMCOBJ=    65.600511499723211     
 iteration          260 MCMCOBJ=    185.61643865503692     
 iteration          280 MCMCOBJ=    121.47318375529500     
 iteration          300 MCMCOBJ=    105.62607086144982     
 iteration          320 MCMCOBJ=    192.82654524984346     
 iteration          340 MCMCOBJ=    180.02154793899533     
 iteration          360 MCMCOBJ=    197.77519213115812     
 iteration          380 MCMCOBJ=    122.06335273132943     
 iteration          400 MCMCOBJ=    102.91628661471681     
 iteration          420 MCMCOBJ=    130.05218293973445     
 iteration          440 MCMCOBJ=    202.10886455281386     
 iteration          460 MCMCOBJ=    177.80661435851238     
 iteration          480 MCMCOBJ=    118.67113598972210     
 iteration          500 MCMCOBJ=    167.84906355018228     
 iteration          520 MCMCOBJ=    187.90991376348077     
 iteration          540 MCMCOBJ=    179.53742793427017     
 iteration          560 MCMCOBJ=    176.24922748359003     
 iteration          580 MCMCOBJ=    155.55787415771061     
 iteration          600 MCMCOBJ=    157.89077687683675     
 iteration          620 MCMCOBJ=    175.73094790965271     
 iteration          640 MCMCOBJ=    178.27176210449787     
 iteration          660 MCMCOBJ=    205.15844701057645     
 iteration          680 MCMCOBJ=    148.29052349332082     
 iteration          700 MCMCOBJ=    208.62136932457469     
 iteration          720 MCMCOBJ=    90.342011914986784     
 iteration          740 MCMCOBJ=    128.02749142598307     
 iteration          760 MCMCOBJ=    126.27593702666076     
 iteration          780 MCMCOBJ=    155.48606411928969     
 iteration          800 MCMCOBJ=    149.13124624080959     
 iteration          820 MCMCOBJ=    233.20157608874808     
 iteration          840 MCMCOBJ=    167.65140247495449     
 iteration          860 MCMCOBJ=    207.27670722185070     
 iteration          880 MCMCOBJ=    192.66081982573039     
 iteration          900 MCMCOBJ=    200.81689484250603     
 iteration          920 MCMCOBJ=    178.78619320589291     
 iteration          940 MCMCOBJ=    208.71819289734313     
 iteration          960 MCMCOBJ=    173.58809401988864     
 iteration          980 MCMCOBJ=    158.23588893130346     
 iteration         1000 MCMCOBJ=    154.84643969375469     
 iteration         1020 MCMCOBJ=    169.75216234047514     
 iteration         1040 MCMCOBJ=    144.56321959762008     
 iteration         1060 MCMCOBJ=    76.338401998353874     
 iteration         1080 MCMCOBJ=    96.558738306082162     
 iteration         1100 MCMCOBJ=    81.148527106357108     
 iteration         1120 MCMCOBJ=    223.56203800937655     
 iteration         1140 MCMCOBJ=    191.31535186403974     
 iteration         1160 MCMCOBJ=    172.98036951150951     
 iteration         1180 MCMCOBJ=    167.89751127232930     
 iteration         1200 MCMCOBJ=    177.66266824775795     
 iteration         1220 MCMCOBJ=    158.73018375276021     
 iteration         1240 MCMCOBJ=    167.26792206094515     
 iteration         1260 MCMCOBJ=    190.20373330990552     
 iteration         1280 MCMCOBJ=    138.17250975668739     
 iteration         1300 MCMCOBJ=    129.50298700953533     
 iteration         1320 MCMCOBJ=    120.51623303455304     
 iteration         1340 MCMCOBJ=    180.53436682909546     
 iteration         1360 MCMCOBJ=    146.71988448107308     
 iteration         1380 MCMCOBJ=    165.93232412447563     
 iteration         1400 MCMCOBJ=    202.20761692127905     
 iteration         1420 MCMCOBJ=    176.64299693447245     
 iteration         1440 MCMCOBJ=    187.97506325456106     
 iteration         1460 MCMCOBJ=    186.87367943676858     
 iteration         1480 MCMCOBJ=    130.70820863059441     
 iteration         1500 MCMCOBJ=    183.12589894839888     
 iteration         1520 MCMCOBJ=    158.92627278628862     
 iteration         1540 MCMCOBJ=    203.05878272937133     
 iteration         1560 MCMCOBJ=    178.57127744570019     
 iteration         1580 MCMCOBJ=    116.09833145889687     
 iteration         1600 MCMCOBJ=    174.39456849483523     
 iteration         1620 MCMCOBJ=    81.542318255114509     
 iteration         1640 MCMCOBJ=    153.41888621744371     
 iteration         1660 MCMCOBJ=    66.232416167835666     
 iteration         1680 MCMCOBJ=    193.94304748405028     
 iteration         1700 MCMCOBJ=    232.26428956477210     
 iteration         1720 MCMCOBJ=    236.78936070160626     
 iteration         1740 MCMCOBJ=    164.24297304133989     
 iteration         1760 MCMCOBJ=    170.81522770983364     
 iteration         1780 MCMCOBJ=    157.91336572063278     
 iteration         1800 MCMCOBJ=    149.96211264399736     
 iteration         1820 MCMCOBJ=    106.00965204182177     
 iteration         1840 MCMCOBJ=    184.53681942052313     
 iteration         1860 MCMCOBJ=    125.47306627043169     
 iteration         1880 MCMCOBJ=    136.05023303040983     
 iteration         1900 MCMCOBJ=    173.61556060802477     
 iteration         1920 MCMCOBJ=    93.572741310539854     
 iteration         1940 MCMCOBJ=    69.601138209752477     
 iteration         1960 MCMCOBJ=    110.61986534342387     
 iteration         1980 MCMCOBJ=    143.42364039693300     
 iteration         2000 MCMCOBJ=    167.48588494809235     
 iteration         2020 MCMCOBJ=    214.17280272771094     
 iteration         2040 MCMCOBJ=    157.09280803313587     
 iteration         2060 MCMCOBJ=    130.40149754999698     
 iteration         2080 MCMCOBJ=    176.43724561067981     
 iteration         2100 MCMCOBJ=    180.90215729465015     
 iteration         2120 MCMCOBJ=    107.14448782885106     
 iteration         2140 MCMCOBJ=    107.61809444051642     
 iteration         2160 MCMCOBJ=    138.99057716642002     
 iteration         2180 MCMCOBJ=    137.29540403211632     
 iteration         2200 MCMCOBJ=    164.57419153826169     
 iteration         2220 MCMCOBJ=    114.68040711019665     
 iteration         2240 MCMCOBJ=    152.17818625816508     
 iteration         2260 MCMCOBJ=    179.83702558387159     
 iteration         2280 MCMCOBJ=    164.33076952199806     
 iteration         2300 MCMCOBJ=    138.42403385511477     
 iteration         2320 MCMCOBJ=    160.07816905097346     
 iteration         2340 MCMCOBJ=    119.12806830770384     
 iteration         2360 MCMCOBJ=    168.90692068041568     
 iteration         2380 MCMCOBJ=    222.85179700071876     
 iteration         2400 MCMCOBJ=    187.81435188384000     
 iteration         2420 MCMCOBJ=    138.35065862831900     
 iteration         2440 MCMCOBJ=    68.070717766308221     
 iteration         2460 MCMCOBJ=    1.5032089925279049     
 iteration         2480 MCMCOBJ=   -17.218082179054857     
 iteration         2500 MCMCOBJ=    51.549924117775404     
 iteration         2520 MCMCOBJ=    161.34734175890330     
 iteration         2540 MCMCOBJ=    148.63873220444856     
 iteration         2560 MCMCOBJ=    177.25426276711153     
 iteration         2580 MCMCOBJ=    182.95861724825207     
 iteration         2600 MCMCOBJ=    159.83483021714153     
 iteration         2620 MCMCOBJ=    144.42379642798571     
 iteration         2640 MCMCOBJ=    90.703264578312371     
 iteration         2660 MCMCOBJ=    47.564794935672815     
 iteration         2680 MCMCOBJ=    177.18211295994101     
 iteration         2700 MCMCOBJ=    166.14635762458585     
 iteration         2720 MCMCOBJ=    156.11381502371430     
 iteration         2740 MCMCOBJ=    113.47887249800691     
 iteration         2760 MCMCOBJ=    188.20086395769633     
 iteration         2780 MCMCOBJ=    111.62058470948820     
 iteration         2800 MCMCOBJ=    143.51905924379793     
 iteration         2820 MCMCOBJ=    151.99352429145480     
 iteration         2840 MCMCOBJ=    158.34656232114116     
 iteration         2860 MCMCOBJ=    178.82503721450425     
 iteration         2880 MCMCOBJ=    170.04831238607122     
 iteration         2900 MCMCOBJ=    114.58536888722438     
 iteration         2920 MCMCOBJ=    164.01057005809574     
 iteration         2940 MCMCOBJ=    160.91360838320165     
 iteration         2960 MCMCOBJ=    154.97880331206187     
 iteration         2980 MCMCOBJ=    174.35805566455440     
 iteration         3000 MCMCOBJ=    164.22571353528389     
 iteration         3020 MCMCOBJ=    151.68634301312431     
 iteration         3040 MCMCOBJ=    128.74298540558655     
 iteration         3060 MCMCOBJ=    176.07641321395636     
 iteration         3080 MCMCOBJ=    149.57650431434720     
 iteration         3100 MCMCOBJ=    191.00124745366548     
 iteration         3120 MCMCOBJ=    195.10202672935335     
 iteration         3140 MCMCOBJ=    222.22342846595558     
 iteration         3160 MCMCOBJ=    211.81115236038985     
 iteration         3180 MCMCOBJ=    132.66604235298186     
 iteration         3200 MCMCOBJ=    156.90157208215979     
 iteration         3220 MCMCOBJ=    194.53030155373196     
 iteration         3240 MCMCOBJ=    153.17034413262235     
 iteration         3260 MCMCOBJ=    136.34148930514462     
 iteration         3280 MCMCOBJ=    162.70081586447088     
 iteration         3300 MCMCOBJ=    166.62336108822163     
 iteration         3320 MCMCOBJ=    165.87424460881448     
 iteration         3340 MCMCOBJ=    212.93159168666037     
 iteration         3360 MCMCOBJ=    165.24418550017069     
 iteration         3380 MCMCOBJ=    163.95414322060614     
 iteration         3400 MCMCOBJ=    134.19688397280865     
 iteration         3420 MCMCOBJ=    210.24530790115412     
 iteration         3440 MCMCOBJ=    200.21366718482642     
 iteration         3460 MCMCOBJ=    148.70892310706193     
 iteration         3480 MCMCOBJ=    191.96692338404992     
 iteration         3500 MCMCOBJ=    132.09776208717275     
 iteration         3520 MCMCOBJ=    152.38929752309920     
 iteration         3540 MCMCOBJ=    174.76753498022435     
 iteration         3560 MCMCOBJ=    168.95751092296473     
 iteration         3580 MCMCOBJ=    187.04075951053721     
 iteration         3600 MCMCOBJ=    188.23776929601010     
 iteration         3620 MCMCOBJ=    132.35520479493997     
 iteration         3640 MCMCOBJ=    210.23884667858565     
 iteration         3660 MCMCOBJ=    150.01833750924277     
 iteration         3680 MCMCOBJ=    202.57533985544941     
 iteration         3700 MCMCOBJ=    192.89090873027723     
 iteration         3720 MCMCOBJ=    160.96000960373689     
 iteration         3740 MCMCOBJ=    141.10210441604943     
 iteration         3760 MCMCOBJ=    201.76079212976614     
 iteration         3780 MCMCOBJ=    159.11536635465026     
 iteration         3800 MCMCOBJ=    183.64254171440740     
 iteration         3820 MCMCOBJ=    225.03235788461390     
 iteration         3840 MCMCOBJ=    173.39696562637039     
 iteration         3860 MCMCOBJ=    68.784891905619787     
 iteration         3880 MCMCOBJ=    91.060505880401152     
 iteration         3900 MCMCOBJ=    140.69829118008147     
 iteration         3920 MCMCOBJ=    209.69928189924337     
 iteration         3940 MCMCOBJ=    129.57977399212461     
 iteration         3960 MCMCOBJ=    169.53961297188582     
 iteration         3980 MCMCOBJ=    180.97999415821940     
 iteration         4000 MCMCOBJ=    204.69372920556609     
 iteration         4020 MCMCOBJ=    194.07578071703890     
 iteration         4040 MCMCOBJ=    149.44662927644328     
 iteration         4060 MCMCOBJ=    213.74758931315938     
 iteration         4080 MCMCOBJ=    166.50059234514845     
 iteration         4100 MCMCOBJ=    108.44225046988788     
 iteration         4120 MCMCOBJ=    169.83650199492408     
 iteration         4140 MCMCOBJ=    151.22220053010116     
 iteration         4160 MCMCOBJ=    156.51274694274042     
 iteration         4180 MCMCOBJ=    194.86610074129095     
 iteration         4200 MCMCOBJ=    185.64849646453649     
 iteration         4220 MCMCOBJ=    180.62101975247262     
 iteration         4240 MCMCOBJ=    159.75028005015312     
 iteration         4260 MCMCOBJ=    160.84370998467273     
 iteration         4280 MCMCOBJ=    165.40815227775329     
 iteration         4300 MCMCOBJ=    138.34853458383486     
 iteration         4320 MCMCOBJ=    121.91199478796624     
 iteration         4340 MCMCOBJ=    159.85759423815060     
 iteration         4360 MCMCOBJ=    157.61638739113025     
 iteration         4380 MCMCOBJ=    64.029333188255819     
 iteration         4400 MCMCOBJ=    197.41554539518629     
 iteration         4420 MCMCOBJ=    161.35682133499637     
 iteration         4440 MCMCOBJ=    133.22251573255363     
 iteration         4460 MCMCOBJ=    242.65639863331691     
 iteration         4480 MCMCOBJ=    203.45566803708741     
 iteration         4500 MCMCOBJ=    174.43214003916097     
 iteration         4520 MCMCOBJ=    127.55668946958407     
 iteration         4540 MCMCOBJ=    136.90286154210139     
 iteration         4560 MCMCOBJ=    176.86116462876242     
 iteration         4580 MCMCOBJ=    142.29783412839618     
 iteration         4600 MCMCOBJ=    134.02172769845009     
 iteration         4620 MCMCOBJ=    195.87268384315328     
 iteration         4640 MCMCOBJ=    145.74311149117784     
 iteration         4660 MCMCOBJ=    94.326277504962903     
 iteration         4680 MCMCOBJ=    153.77440856607373     
 iteration         4700 MCMCOBJ=    191.98342693268245     
 iteration         4720 MCMCOBJ=    150.26007209079251     
 iteration         4740 MCMCOBJ=    162.37845384059901     
 iteration         4760 MCMCOBJ=    203.78890359238275     
 iteration         4780 MCMCOBJ=    164.94670416240575     
 iteration         4800 MCMCOBJ=    165.08261045846501     
 iteration         4820 MCMCOBJ=    177.35680919935410     
 iteration         4840 MCMCOBJ=    150.58867392915644     
 iteration         4860 MCMCOBJ=    186.92707649583232     
 iteration         4880 MCMCOBJ=    179.08018949195446     
 iteration         4900 MCMCOBJ=    214.76009044467028     
 iteration         4920 MCMCOBJ=    159.60097235083839     
 iteration         4940 MCMCOBJ=    156.78871986062006     
 iteration         4960 MCMCOBJ=    154.74783516850286     
 iteration         4980 MCMCOBJ=    140.41031824007516     
 iteration         5000 MCMCOBJ=    155.67515860327521     
 iteration         5020 MCMCOBJ=    196.94683961256095     
 iteration         5040 MCMCOBJ=    121.17155289658082     
 iteration         5060 MCMCOBJ=    129.89434506036827     
 iteration         5080 MCMCOBJ=    140.00092220916173     
 iteration         5100 MCMCOBJ=    228.66890471473687     
 iteration         5120 MCMCOBJ=    174.72345850088809     
 iteration         5140 MCMCOBJ=    206.46315719541931     
 iteration         5160 MCMCOBJ=    183.60192796817617     
 iteration         5180 MCMCOBJ=    218.75398631345993     
 iteration         5200 MCMCOBJ=    225.90889135991506     
 iteration         5220 MCMCOBJ=    116.53781372372201     
 iteration         5240 MCMCOBJ=    178.42601374146042     
 iteration         5260 MCMCOBJ=    132.88208907803369     
 iteration         5280 MCMCOBJ=    130.16848517887027     
 iteration         5300 MCMCOBJ=    141.21112968266985     
 iteration         5320 MCMCOBJ=    154.84205010195896     
 iteration         5340 MCMCOBJ=    205.66701401589583     
 iteration         5360 MCMCOBJ=    196.34570698061995     
 iteration         5380 MCMCOBJ=    165.69475672294863     
 iteration         5400 MCMCOBJ=    119.98903703617364     
 iteration         5420 MCMCOBJ=    112.74618182505715     
 iteration         5440 MCMCOBJ=    198.42434248705976     
 iteration         5460 MCMCOBJ=    137.20711005108419     
 iteration         5480 MCMCOBJ=    136.73738816864176     
 iteration         5500 MCMCOBJ=    196.76091045646834     
 iteration         5520 MCMCOBJ=    134.24552064375936     
 iteration         5540 MCMCOBJ=    225.48917357398534     
 iteration         5560 MCMCOBJ=    169.57655620962075     
 iteration         5580 MCMCOBJ=    115.72233518810661     
 iteration         5600 MCMCOBJ=    153.35500506014563     
 iteration         5620 MCMCOBJ=    167.13601536129832     
 iteration         5640 MCMCOBJ=    91.715035709154350     
 iteration         5660 MCMCOBJ=    137.18085876321015     
 iteration         5680 MCMCOBJ=    134.22989652510861     
 iteration         5700 MCMCOBJ=    203.23714772590472     
 iteration         5720 MCMCOBJ=    212.90132925385473     
 iteration         5740 MCMCOBJ=    186.30284553360136     
 iteration         5760 MCMCOBJ=    188.02746390103326     
 iteration         5780 MCMCOBJ=    134.01047724672603     
 iteration         5800 MCMCOBJ=    124.35982253464041     
 iteration         5820 MCMCOBJ=    192.87608153074666     
 iteration         5840 MCMCOBJ=    203.57149140248441     
 iteration         5860 MCMCOBJ=    142.56610425171559     
 iteration         5880 MCMCOBJ=    197.16559594488774     
 iteration         5900 MCMCOBJ=    172.43345624336661     
 iteration         5920 MCMCOBJ=    208.18754505633268     
 iteration         5940 MCMCOBJ=    129.02476611352535     
 iteration         5960 MCMCOBJ=    161.70224629787859     
 iteration         5980 MCMCOBJ=    146.35575877718964     
 iteration         6000 MCMCOBJ=    150.59839607185287     
 iteration         6020 MCMCOBJ=    178.33923027476689     
 iteration         6040 MCMCOBJ=    127.25586583156121     
 iteration         6060 MCMCOBJ=    140.64908494363158     
 iteration         6080 MCMCOBJ=    167.78145984411606     
 iteration         6100 MCMCOBJ=    150.97119261357662     
 iteration         6120 MCMCOBJ=    189.63583052098522     
 iteration         6140 MCMCOBJ=    223.38770642298897     
 iteration         6160 MCMCOBJ=    215.37469040693597     
 iteration         6180 MCMCOBJ=    105.79749642617782     
 iteration         6200 MCMCOBJ=    132.87384453619671     
 iteration         6220 MCMCOBJ=    127.35781646827255     
 iteration         6240 MCMCOBJ=    127.09748008394891     
 iteration         6260 MCMCOBJ=    166.79183877922597     
 iteration         6280 MCMCOBJ=    130.19491497221944     
 iteration         6300 MCMCOBJ=    183.29007317281145     
 iteration         6320 MCMCOBJ=    168.32084097231595     
 iteration         6340 MCMCOBJ=    95.219258189775729     
 iteration         6360 MCMCOBJ=    175.47534959531524     
 iteration         6380 MCMCOBJ=    219.94589602104270     
 iteration         6400 MCMCOBJ=    166.87475049412515     
 iteration         6420 MCMCOBJ=    136.90188432136429     
 iteration         6440 MCMCOBJ=    107.03602206556683     
 iteration         6460 MCMCOBJ=    99.176169088854536     
 iteration         6480 MCMCOBJ=    132.70446409171731     
 iteration         6500 MCMCOBJ=    136.00796270350389     
 iteration         6520 MCMCOBJ=    152.44213713536794     
 iteration         6540 MCMCOBJ=    165.26917474275783     
 iteration         6560 MCMCOBJ=    192.94286296735683     
 iteration         6580 MCMCOBJ=    191.56707179949061     
 iteration         6600 MCMCOBJ=    165.24790446406064     
 iteration         6620 MCMCOBJ=    227.31054184719474     
 iteration         6640 MCMCOBJ=    144.05032008971583     
 iteration         6660 MCMCOBJ=    96.072807991767718     
 iteration         6680 MCMCOBJ=    175.22963842670524     
 iteration         6700 MCMCOBJ=    162.63396241383549     
 iteration         6720 MCMCOBJ=    134.74050760966085     
 iteration         6740 MCMCOBJ=    142.30024503116621     
 iteration         6760 MCMCOBJ=    187.41658575991991     
 iteration         6780 MCMCOBJ=    158.25308081703429     
 iteration         6800 MCMCOBJ=    227.83570325351215     
 iteration         6820 MCMCOBJ=    183.54148747029822     
 iteration         6840 MCMCOBJ=    189.21587834318666     
 iteration         6860 MCMCOBJ=    193.18190758838318     
 iteration         6880 MCMCOBJ=    201.14474195719038     
 iteration         6900 MCMCOBJ=    263.19133392477261     
 iteration         6920 MCMCOBJ=    171.15557253072248     
 iteration         6940 MCMCOBJ=    137.57879875926901     
 iteration         6960 MCMCOBJ=    171.01133318911604     
 iteration         6980 MCMCOBJ=    177.70819625661676     
 iteration         7000 MCMCOBJ=    175.13086233284128     
 iteration         7020 MCMCOBJ=    60.503935895885334     
 iteration         7040 MCMCOBJ=    102.43402801352394     
 iteration         7060 MCMCOBJ=    254.88923858294663     
 iteration         7080 MCMCOBJ=    166.15295785224993     
 iteration         7100 MCMCOBJ=    224.10777245331943     
 iteration         7120 MCMCOBJ=    159.73453734914852     
 iteration         7140 MCMCOBJ=    175.80169319604244     
 iteration         7160 MCMCOBJ=    96.917813697781185     
 iteration         7180 MCMCOBJ=    88.816607752795790     
 iteration         7200 MCMCOBJ=    155.23163757924141     
 iteration         7220 MCMCOBJ=    95.868797192840361     
 iteration         7240 MCMCOBJ=    221.63698848450213     
 iteration         7260 MCMCOBJ=    209.64319234853420     
 iteration         7280 MCMCOBJ=    161.02658493978123     
 iteration         7300 MCMCOBJ=    171.05661356019931     
 iteration         7320 MCMCOBJ=    85.595897614695318     
 iteration         7340 MCMCOBJ=    187.69460947884420     
 iteration         7360 MCMCOBJ=    106.71534087541244     
 iteration         7380 MCMCOBJ=    186.88801588386090     
 iteration         7400 MCMCOBJ=    164.41056201238126     
 iteration         7420 MCMCOBJ=    174.82837877523315     
 iteration         7440 MCMCOBJ=    149.35797264117551     
 iteration         7460 MCMCOBJ=    104.93349419963054     
 iteration         7480 MCMCOBJ=    88.209203210308672     
 iteration         7500 MCMCOBJ=    139.74400664840053     
 iteration         7520 MCMCOBJ=    147.59600697951407     
 iteration         7540 MCMCOBJ=    159.06279455798443     
 iteration         7560 MCMCOBJ=    161.45469267019010     
 iteration         7580 MCMCOBJ=    190.77739139954005     
 iteration         7600 MCMCOBJ=    178.33950847943922     
 iteration         7620 MCMCOBJ=    205.36218802137705     
 iteration         7640 MCMCOBJ=    200.04129157766789     
 iteration         7660 MCMCOBJ=    208.15683451169789     
 iteration         7680 MCMCOBJ=    164.18088679458668     
 iteration         7700 MCMCOBJ=    225.04914623503825     
 iteration         7720 MCMCOBJ=    185.78994102230322     
 iteration         7740 MCMCOBJ=    170.35623044023913     
 iteration         7760 MCMCOBJ=    199.21917949719315     
 iteration         7780 MCMCOBJ=    95.838420066541929     
 iteration         7800 MCMCOBJ=    109.13435330394564     
 iteration         7820 MCMCOBJ=    155.26352855114871     
 iteration         7840 MCMCOBJ=    181.16980377100253     
 iteration         7860 MCMCOBJ=    128.14990956378927     
 iteration         7880 MCMCOBJ=    181.27180198340821     
 iteration         7900 MCMCOBJ=    211.89829711823919     
 iteration         7920 MCMCOBJ=    185.17611149714517     
 iteration         7940 MCMCOBJ=    166.14859395433206     
 iteration         7960 MCMCOBJ=    184.81277953797618     
 iteration         7980 MCMCOBJ=    143.26082914374331     
 iteration         8000 MCMCOBJ=    149.05749493528623     
 iteration         8020 MCMCOBJ=    168.79136988531658     
 iteration         8040 MCMCOBJ=    162.91548585622718     
 iteration         8060 MCMCOBJ=    107.59699963488745     
 iteration         8080 MCMCOBJ=    133.04579323883618     
 iteration         8100 MCMCOBJ=    173.48595405814345     
 iteration         8120 MCMCOBJ=    177.31626416380647     
 iteration         8140 MCMCOBJ=    147.77824150724217     
 iteration         8160 MCMCOBJ=    196.31812586431030     
 iteration         8180 MCMCOBJ=    193.83603572114788     
 iteration         8200 MCMCOBJ=    207.28382944579579     
 iteration         8220 MCMCOBJ=    109.37611383157500     
 iteration         8240 MCMCOBJ=    214.53639748659077     
 iteration         8260 MCMCOBJ=    184.79197314535341     
 iteration         8280 MCMCOBJ=    126.89607273360602     
 iteration         8300 MCMCOBJ=    176.35232995953751     
 iteration         8320 MCMCOBJ=    170.12003758451928     
 iteration         8340 MCMCOBJ=    169.17686235557429     
 iteration         8360 MCMCOBJ=    168.69115601685971     
 iteration         8380 MCMCOBJ=    192.88461796502875     
 iteration         8400 MCMCOBJ=    168.87112715662087     
 iteration         8420 MCMCOBJ=    223.35323367936513     
 iteration         8440 MCMCOBJ=    115.66471093549504     
 iteration         8460 MCMCOBJ=    146.45111989560272     
 iteration         8480 MCMCOBJ=    107.02925419295899     
 iteration         8500 MCMCOBJ=    115.83209886730067     
 iteration         8520 MCMCOBJ=    139.41936893184547     
 iteration         8540 MCMCOBJ=    59.470404294815914     
 iteration         8560 MCMCOBJ=    152.31167083803433     
 iteration         8580 MCMCOBJ=    186.37661246839022     
 iteration         8600 MCMCOBJ=    173.03689400575200     
 iteration         8620 MCMCOBJ=    193.62993240979836     
 iteration         8640 MCMCOBJ=    238.84424505145671     
 iteration         8660 MCMCOBJ=    193.97692405788780     
 iteration         8680 MCMCOBJ=    138.30384625990501     
 iteration         8700 MCMCOBJ=    214.44510339865332     
 iteration         8720 MCMCOBJ=    179.05507421920507     
 iteration         8740 MCMCOBJ=    202.62357500030234     
 iteration         8760 MCMCOBJ=    102.06899184919311     
 iteration         8780 MCMCOBJ=    114.88698991529562     
 iteration         8800 MCMCOBJ=    74.105797866042408     
 iteration         8820 MCMCOBJ=    166.97041816432284     
 iteration         8840 MCMCOBJ=    150.69733868554266     
 iteration         8860 MCMCOBJ=    141.52916188139025     
 iteration         8880 MCMCOBJ=    126.72184727138313     
 iteration         8900 MCMCOBJ=    160.28598667429827     
 iteration         8920 MCMCOBJ=    170.92354470958134     
 iteration         8940 MCMCOBJ=    179.48492827982292     
 iteration         8960 MCMCOBJ=    193.41467455955149     
 iteration         8980 MCMCOBJ=    174.18261997574385     
 iteration         9000 MCMCOBJ=    214.63567477342667     
 iteration         9020 MCMCOBJ=    174.07088836822811     
 iteration         9040 MCMCOBJ=    92.892799468914177     
 iteration         9060 MCMCOBJ=    148.46295364275326     
 iteration         9080 MCMCOBJ=    229.19120242213214     
 iteration         9100 MCMCOBJ=    132.63872519587119     
 iteration         9120 MCMCOBJ=    138.88977582152472     
 iteration         9140 MCMCOBJ=    138.15865963347662     
 iteration         9160 MCMCOBJ=    174.51347445545031     
 iteration         9180 MCMCOBJ=    191.17076160070951     
 iteration         9200 MCMCOBJ=    143.38123186487653     
 iteration         9220 MCMCOBJ=    151.50226201161013     
 iteration         9240 MCMCOBJ=    126.10753024005052     
 iteration         9260 MCMCOBJ=    129.16407536515393     
 iteration         9280 MCMCOBJ=    155.41808653685226     
 iteration         9300 MCMCOBJ=    115.81134430810975     
 iteration         9320 MCMCOBJ=    183.70755904915967     
 iteration         9340 MCMCOBJ=    193.06195768036093     
 iteration         9360 MCMCOBJ=    175.04068493897537     
 iteration         9380 MCMCOBJ=    155.59559446874164     
 iteration         9400 MCMCOBJ=    121.99983918025090     
 iteration         9420 MCMCOBJ=    161.93193356070867     
 iteration         9440 MCMCOBJ=    88.748969852548171     
 iteration         9460 MCMCOBJ=    173.77820725411524     
 iteration         9480 MCMCOBJ=    188.84205200725037     
 iteration         9500 MCMCOBJ=    150.67872671004713     
 iteration         9520 MCMCOBJ=    151.32137486661478     
 iteration         9540 MCMCOBJ=    143.28751321157165     
 iteration         9560 MCMCOBJ=    120.71797374075177     
 iteration         9580 MCMCOBJ=    85.598531232845929     
 iteration         9600 MCMCOBJ=    147.92676912349424     
 iteration         9620 MCMCOBJ=    219.73968814552242     
 iteration         9640 MCMCOBJ=    127.03029257919634     
 iteration         9660 MCMCOBJ=    144.70003715874719     
 iteration         9680 MCMCOBJ=    166.02773599704133     
 iteration         9700 MCMCOBJ=    185.17369720092788     
 iteration         9720 MCMCOBJ=    190.98076275584594     
 iteration         9740 MCMCOBJ=    239.41781226268142     
 iteration         9760 MCMCOBJ=    215.83354788412041     
 iteration         9780 MCMCOBJ=    167.51421812662554     
 iteration         9800 MCMCOBJ=    178.20063463444129     
 iteration         9820 MCMCOBJ=    177.89904373231391     
 iteration         9840 MCMCOBJ=    177.63939183052076     
 iteration         9860 MCMCOBJ=    190.42808406278886     
 iteration         9880 MCMCOBJ=    142.33315132671041     
 iteration         9900 MCMCOBJ=    160.11013503598033     
 iteration         9920 MCMCOBJ=    174.77863387881641     
 iteration         9940 MCMCOBJ=    169.47898452692294     
 iteration         9960 MCMCOBJ=    149.47844034225739     
 iteration         9980 MCMCOBJ=    193.36217370164297     
 iteration        10000 MCMCOBJ=    181.16643666762039     
 BURN-IN WAS COMPLETED

 #TERM:
 STATISTICAL PORTION WAS COMPLETED
  
 TOTAL DATA POINTS NORMALLY DISTRIBUTED (N):          112
 N*LOG(2PI) CONSTANT TO OBJECTIVE FUNCTION:    205.84223143784669     
 OBJECTIVE FUNCTION VALUE WITHOUT CONSTANT:    160.09203631313557     
 OBJECTIVE FUNCTION VALUE WITH CONSTANT:       365.93426775098226     
 REPORTED OBJECTIVE FUNCTION DOES NOT CONTAIN CONSTANT
  
 TOTAL EFFECTIVE ETAS (NIND*NETA):                           112
 NIND*NETA*LOG(2PI) CONSTANT TO OBJECTIVE FUNCTION:    205.84223143784669     
 OBJECTIVE FUNCTION VALUE WITHOUT CONSTANT:    160.09203631313557     
 OBJECTIVE FUNCTION VALUE WITH CONSTANT:       365.93426775098226     
 REPORTED OBJECTIVE FUNCTION DOES NOT CONTAIN CONSTANT
  
 PRIOR CONSTANT TO OBJECTIVE FUNCTION:    30.823646298206345     
 OBJECTIVE FUNCTION VALUE WITHOUT CONSTANT:    160.09203631313557     
 OBJECTIVE FUNCTION VALUE WITH CONSTANT:       190.91568261134191     
 REPORTED OBJECTIVE FUNCTION DOES NOT CONTAIN CONSTANT
  
 #TERE:
 Elapsed estimation  time in seconds:    64.83
 Elapsed covariance  time in seconds:     0.00
1
 
 
 
 
 
 
 
 
 
 
 
 
 
 
 
 
 
 
 
 
 ************************************************************************************************************************
 ********************                                                                                ********************
 ********************                              MCMC BAYESIAN ANALYSIS                            ********************
 #OBJT:**************                       AVERAGE VALUE OF LIKELIHOOD FUNCTION                     ********************
 ********************                                                                                ********************
 ************************************************************************************************************************
 





 #OBJV:********************************************      160.092       **************************************************
 #OBJS:********************************************       37.469 (STD) **************************************************
1
 ************************************************************************************************************************
 ********************                                                                                ********************
 ********************                              MCMC BAYESIAN ANALYSIS                            ********************
 ********************                             FINAL PARAMETER ESTIMATE                           ********************
 ********************                                                                                ********************
 ************************************************************************************************************************
 


 THETA - VECTOR OF FIXED EFFECTS PARAMETERS   *********


         THETA(CL) THETA(V) 
 
         3.29E+00  3.42E+01
 


 OMEGA - COV MATRIX FOR RANDOM EFFECTS - ETAS  ********


         ETA(CL)   ETA(V)   
 
 ETA(CL)
+        1.01E-01
 
 ETA(V)
+        9.28E-03  6.44E-02
 


 SIGMA - COV MATRIX FOR RANDOM EFFECTS - EPSILONS  ****


         EPS1     
 
 EPS1
+        2.81E-02
 
1


 OMEGA - CORR MATRIX FOR RANDOM EFFECTS - ETAS  *******


         ETA(CL)   ETA(V)   
 
 ETA(CL)
+        3.15E-01
 
 ETA(V)
+        1.18E-01  2.51E-01
 


 SIGMA - CORR MATRIX FOR RANDOM EFFECTS - EPSILONS  ***


         EPS1     
 
 EPS1
+        1.64E-01
 
1
 ************************************************************************************************************************
 ********************                                                                                ********************
 ********************                              MCMC BAYESIAN ANALYSIS                            ********************
 ********************                STANDARD ERROR OF ESTIMATE (From Sample Variance)               ********************
 ********************                                                                                ********************
 ************************************************************************************************************************
 


 THETA - VECTOR OF FIXED EFFECTS PARAMETERS   *********


         THETA(CL) THETA(V) 
 
         1.64E-01  1.49E+00
 


 OMEGA - COV MATRIX FOR RANDOM EFFECTS - ETAS  ********


         ETA(CL)   ETA(V)   
 
 ETA(CL)
+        2.83E-02
 
 ETA(V)
+        1.56E-02  1.96E-02
 


 SIGMA - COV MATRIX FOR RANDOM EFFECTS - EPSILONS  ****


         EPS1     
 
 EPS1
+        1.24E-02
 
1


 OMEGA - CORR MATRIX FOR RANDOM EFFECTS - ETAS  *******


         ETA(CL)   ETA(V)   
 
 ETA(CL)
+        4.40E-02
 
 ETA(V)
+        1.88E-01  3.81E-02
 


 SIGMA - CORR MATRIX FOR RANDOM EFFECTS - EPSILONS  ***


         EPS1     
 
 EPS1
+        3.67E-02
 
1
 ************************************************************************************************************************
 ********************                                                                                ********************
 ********************                              MCMC BAYESIAN ANALYSIS                            ********************
 ********************               COVARIANCE MATRIX OF ESTIMATE (From Sample Variance)             ********************
 ********************                                                                                ********************
 ************************************************************************************************************************
 

            TH 1      TH 2      OM11      OM12      OM22      SG11  
 
 TH 1
+        2.68E-02
 
 TH 2
+        3.85E-03  2.23E+00
 
 OM11
+       -4.92E-04  2.85E-03  8.03E-04
 
 OM12
+        3.84E-04 -7.02E-04  2.52E-05  2.44E-04
 
 OM22
+       -2.50E-04  7.15E-04  1.17E-04  2.32E-05  3.84E-04
 
 SG11
+        2.67E-05  1.17E-03 -1.49E-04 -3.51E-06 -9.84E-05  1.55E-04
 
1
 ************************************************************************************************************************
 ********************                                                                                ********************
 ********************                              MCMC BAYESIAN ANALYSIS                            ********************
 ********************              CORRELATION MATRIX OF ESTIMATE (From Sample Variance)             ********************
 ********************                                                                                ********************
 ************************************************************************************************************************
 

            TH 1      TH 2      OM11      OM12      OM22      SG11  
 
 TH 1
+        1.64E-01
 
 TH 2
+        1.58E-02  1.49E+00
 
 OM11
+       -1.06E-01  6.74E-02  2.83E-02
 
 OM12
+        1.50E-01 -3.01E-02  5.69E-02  1.56E-02
 
 OM22
+       -7.79E-02  2.45E-02  2.11E-01  7.56E-02  1.96E-02
 
 SG11
+        1.31E-02  6.31E-02 -4.22E-01 -1.81E-02 -4.04E-01  1.24E-02
 
1
 ************************************************************************************************************************
 ********************                                                                                ********************
 ********************                              MCMC BAYESIAN ANALYSIS                            ********************
 ********************           INVERSE COVARIANCE MATRIX OF ESTIMATE (From Sample Variance)         ********************
 ********************                                                                                ********************
 ************************************************************************************************************************
 

            TH 1      TH 2      OM11      OM12      OM22      SG11  
 
 TH 1
+        3.91E+01
 
 TH 2
+       -1.59E-01  4.58E-01
 
 OM11
+        2.97E+01 -2.86E+00  1.56E+03
 
 OM12
+       -6.74E+01  1.96E+00 -1.89E+02  4.25E+03
 
 OM22
+        3.14E+01 -2.13E+00 -6.21E+01 -3.22E+02  3.17E+03
 
 SG11
+        4.15E+01 -7.51E+00  1.47E+03 -2.93E+02  1.96E+03  9.18E+03
 
 Elapsed postprocess time in seconds:     0.00
 #CPUT: Total CPU Time in Seconds,       45.906
Stop Time: 
Mon 12/12/2016 
10:06 PM
