Tue 01/03/2017 
10:25 PM
$PROB one cmpt simple mu modeled bayes multidose nids: 18 scenario: s2d
;; based_on: run100
$SUB ADVAN1 TRANS2
$INPUT ID TIME DV OBSNUM CMT EVID AMT RATE ADDL II 
$DATA ..\..\mdata\simple_nocovar_56id_6tp_md.csv
IGNORE=@ 
IGNORE=(OBSNUM.EQN.2)
IGNORE=(OBSNUM.EQN.5)
IGNORE=(ID.GT.18)
$ABBR REPLACE THETA(CL, V) = THETA(1 to 2)
$ABBR REPLACE ETA(CL, V) = ETA(1 to 2)

$THETAI
THETA(1:NTHETA)=LOG(THETAI(1:NTHETA))
THETAP(1:NTHETAP)=LOG(THETAPI(1:NTHETAP))
$THETAR
THETAR(1:NTHETA)=EXP(THETA(1:NTHETA))
THETAPR(1:NTHETAP)=EXP(THETAP(1:NTHETAP))

$PRIOR NWPRI 

$PK
"USE NMBAYES_INT, ONLY: ITER_REPORT,BAYES_EXTRA_REQUEST,BAYES_EXTRA
; Request extra information for Bayesian analysis.
; An extra call will then be made for accepted samples
"BAYES_EXTRA_REQUEST=1

MU_1 = THETA(CL)
MU_2 = THETA(V)
CL = EXP(MU_1 + ETA(CL))
V = EXP(MU_2 + ETA(V))
S1 = V

"IF(BAYES_EXTRA==1 .AND. ITER_REPORT>=0 .AND. TIME==0.0) THEN
"WRITE(50,98) ITER_REPORT,ID,CL,V
"98 FORMAT(I12,1X,F14.0,4(1X,1PG12.5))
"ENDIF

$ERROR
IPRED=F
Y = IPRED*(1 + ERR(1))  

$THETA
(0.001, 2.5) ; TVCL
(0.001, 46) ; TVV

$OMEGA BLOCK(2)
0.1    ; nCL
0.1  0.1  ; nV

$SIGMA
0.03 ; PROP

; THETA PRIORS
$THETAP (2.5 FIX) (46 FIX) 

; THETA (uniformative) PRIORs
$THETAPV BLOCK(2)
10000 FIX
0.0 10000 

$OMEGAP BLOCK(2)
0.2 FIX
0 0.2

; degrees of freedom to prior omega matrix - low dof = highly uninformative
$OMEGAPD (2 FIX)

$EST METHOD=CHAIN FILE=..\run100.chn NSAMPLE=0 ISAMPLE=2 DF=20
$EST METHOD=BAYES INTER NBURN=4000 NITER=10000 PRINT=20 NOPRIOR=0 CTYPE=3 CITER=10 SEED=56664
  
NM-TRAN MESSAGES 
  
 WARNINGS AND ERRORS (IF ANY) FOR PROBLEM    1
             
 (WARNING  2) NM-TRAN INFERS THAT THE DATA ARE POPULATION.

 (MU_WARNING 20) MU_001: MU_ VARIABLE SHOULD NOT BE DEFINED AFTER VERBATIM CODE.
  
License Registered to: Devin Pastoor
Expiration Date:    14 NOV 2017
Current Date:        3 JAN 2017
Days until program expires : 311
1NONLINEAR MIXED EFFECTS MODEL PROGRAM (NONMEM) VERSION 7.4.0 alpha14 (nm74a14)
 ORIGINALLY DEVELOPED BY STUART BEAL, LEWIS SHEINER, AND ALISON BOECKMANN
 CURRENT DEVELOPERS ARE ROBERT BAUER, ICON DEVELOPMENT SOLUTIONS,
 AND ALISON BOECKMANN. IMPLEMENTATION, EFFICIENCY, AND STANDARDIZATION
 PERFORMED BY NOUS INFOSYSTEMS.

 PROBLEM NO.:         1
 one cmpt simple mu modeled bayes multidose nids: 18 scenario: s2d
0DATA CHECKOUT RUN:              NO
 DATA SET LOCATED ON UNIT NO.:    2
 THIS UNIT TO BE REWOUND:        NO
 NO. OF DATA RECS IN DATA SET:       90
 NO. OF DATA ITEMS IN DATA SET:  11
 ID DATA ITEM IS DATA ITEM NO.:   1
 DEP VARIABLE IS DATA ITEM NO.:   3
 MDV DATA ITEM IS DATA ITEM NO.: 11
0INDICES PASSED TO SUBROUTINE PRED:
   6   2   7   8   0  10   5   0   0   0   9
0LABELS FOR DATA ITEMS:
 ID TIME DV OBSNUM CMT EVID AMT RATE ADDL II MDV
0LABELS FOR THETAS
 THETA(1)=THETA(CL)
 THETA(2)=THETA(V)
0LABELS FOR ETAS
 ETA(1)=ETA(CL)
0LABELS FOR ETAS
 ETA(2)=ETA(V)
0FORMAT FOR DATA:
 (2E3.0,E17.0,3E2.0,2E5.0,E2.0,E3.0,1F2.0)

 TOT. NO. OF OBS RECS:       72
 TOT. NO. OF INDIVIDUALS:     18
0LENGTH OF THETA:   5
0DEFAULT THETA BOUNDARY TEST OMITTED:    NO
0OMEGA HAS BLOCK FORM:
  1
  1  1
  0  0  2
  0  0  2  2
  0  0  0  0  3
  0  0  0  0  3  3
0DEFAULT OMEGA BOUNDARY TEST OMITTED:    NO
0SIGMA HAS SIMPLE DIAGONAL FORM WITH DIMENSION:   1
0DEFAULT SIGMA BOUNDARY TEST OMITTED:    NO
0INITIAL ESTIMATE OF THETA:
 LOWER BOUND    INITIAL EST    UPPER BOUND
  0.1000E-02     0.2500E+01     0.1000E+07
  0.1000E-02     0.4600E+02     0.1000E+07
  0.2500E+01     0.2500E+01     0.2500E+01
  0.4600E+02     0.4600E+02     0.4600E+02
  0.2000E+01     0.2000E+01     0.2000E+01
0INITIAL ESTIMATE OF OMEGA:
 BLOCK SET NO.   BLOCK                                                                    FIXED
        1                                                                                   NO
 DIAGONAL SHIFT OF  1.1000E-07 WAS IMPOSED TO ENSURE POSITIVE DEFINITENESS
                  0.1000E+00
                  0.1000E+00   0.1000E+00
        2                                                                                  YES
                  0.1000E+05
                  0.0000E+00   0.1000E+05
        3                                                                                  YES
                  0.2000E+00
                  0.0000E+00   0.2000E+00
0INITIAL ESTIMATE OF SIGMA:
 0.3000E-01
0
 THETAI SUBROUTINE USER-SUPPLIED
 THETAR SUBROUTINE USER-SUPPLIED
 PRIOR SUBROUTINE USER-SUPPLIED
1DOUBLE PRECISION PREDPP VERSION 7.4.0 alpha14 (nm74a14)

 ONE COMPARTMENT MODEL (ADVAN1)
0MAXIMUM NO. OF BASIC PK PARAMETERS:   2
0BASIC PK PARAMETERS (AFTER TRANSLATION):
   ELIMINATION RATE (K) IS BASIC PK PARAMETER NO.:  1

 TRANSLATOR WILL CONVERT PARAMETERS
 CLEARANCE (CL) AND VOLUME (V) TO K (TRANS2)
0COMPARTMENT ATTRIBUTES
 COMPT. NO.   FUNCTION   INITIAL    ON/OFF      DOSE      DEFAULT    DEFAULT
                         STATUS     ALLOWED    ALLOWED    FOR DOSE   FOR OBS.
    1         CENTRAL      ON         NO         YES        YES        YES
    2         OUTPUT       OFF        YES        NO         NO         NO
1
 ADDITIONAL PK PARAMETERS - ASSIGNMENT OF ROWS IN GG
 COMPT. NO.                             INDICES
              SCALE      BIOAVAIL.   ZERO-ORDER  ZERO-ORDER  ABSORB
                         FRACTION    RATE        DURATION    LAG
    1            3           *           *           *           *
    2            *           -           -           -           -
             - PARAMETER IS NOT ALLOWED FOR THIS MODEL
             * PARAMETER IS NOT SUPPLIED BY PK SUBROUTINE;
               WILL DEFAULT TO ONE IF APPLICABLE
0DATA ITEM INDICES USED BY PRED ARE:
   EVENT ID DATA ITEM IS DATA ITEM NO.:      6
   TIME DATA ITEM IS DATA ITEM NO.:          2
   DOSE AMOUNT DATA ITEM IS DATA ITEM NO.:   7
   DOSE RATE DATA ITEM IS DATA ITEM NO.:     8
   INTERVAL DATA ITEM IS DATA ITEM NO.:     10
   ADDL. DOSES DATA ITEM IS DATA ITEM NO.:   9
   COMPT. NO. DATA ITEM IS DATA ITEM NO.:    5

0PK SUBROUTINE CALLED WITH EVERY EVENT RECORD.
 PK SUBROUTINE NOT CALLED AT NONEVENT (ADDITIONAL OR LAGGED) DOSE TIMES.
0ERROR SUBROUTINE CALLED WITH EVERY EVENT RECORD.
1


 #TBLN:      1
 #METH: Chain Method Processing

 RANDOM GENERATION TYPE (CTYPE):     0
 RANDOM GENERATION SEED (SEED):      11456
 RANDOM SAMPLE SELECTION (ISAMPLE):  2
 RANDOM SAMPLE RANGE END (ISAMPEND): -2147483647
 NUMBER OF RANDOM SAMPLES (NSAMPLE): 0
 UNIFORM FRACTIONAL RANGE (IACCEPT): 0.400000000000000
 RANDOM SELECTION TYPE (SELECT):     0
 DEG. FR. TO GENERATE OMEGAS (DF):   20
 DEG. FR. TO GENERATE SIGMAS (DFS):  -1
 CHAIN FILE (FILE):                  ..\run100.chn
 EXCL. TITLE IN CHAIN FILE (NOTITLE):NO
 EX. COL. LBS. IN CHAIN FL.(NOLABEL):NO
 FORMAT FOR CHAIN FILE (FORMAT):     S1PE12.5
 PAR. ORDER in CHAIN FILE (ORDER):   TSOL
 RANDOM SAMPLING METHOD (RANMETHOD):3U

 THE FOLLOWING LABELS ARE EQUIVALENT
 PRED=NPRED
 RES=NRES
 WRES=NWRES
 IWRS=NIWRES
 IPRD=NIPRED
 IRS=NIRES



 FROM SAMPLE 2 OF CHAIN FILE ..\run100.chn
 NEW INITIAL ESTIMATES OF THETA
  0.3533E+01
  0.1015E-01
 NEW INITIAL ESTIMATES OF OMEGA
  0.1302E+00
  0.1302E+00  0.1302E+00
 NEW INITIAL ESTIMATES OF SIGMA
  0.4169E-01
1


 #TBLN:      1
 #METH: MCMC Bayesian Analysis

 ESTIMATION STEP OMITTED:                 NO
 ANALYSIS TYPE:                           POPULATION
 NUMBER OF SADDLE POINT RESET ITERATIONS:      0
 GRADIENT METHOD USED:               NOSLOW
 CONDITIONAL ESTIMATES USED:              YES
 CENTERED ETA:                            NO
 EPS-ETA INTERACTION:                     YES
 LAPLACIAN OBJ. FUNC.:                    NO
 NO. OF FUNCT. EVALS. ALLOWED:            840
 NO. OF SIG. FIGURES REQUIRED:            3
 INTERMEDIATE PRINTOUT:                   YES
 ESTIMATE OUTPUT TO MSF:                  NO
 IND. OBJ. FUNC. VALUES SORTED:           NO
 NUMERICAL DERIVATIVE
       FILE REQUEST (NUMDER):               NONE
 MAP (ETAHAT) ESTIMATION METHOD (OPTMAP):   0
 ETA HESSIAN EVALUATION METHOD (ETADER):    0
 INITIAL ETA FOR MAP ESTIMATION (MCETA):    0
 SIGDIGITS FOR MAP ESTIMATION (SIGLO):      100
 GRADIENT SIGDIGITS OF
       FIXED EFFECTS PARAMETERS (SIGL):     100
 NOPRIOR SETTING (NOPRIOR):                 OFF
 NOCOV SETTING (NOCOV):                     OFF
 DERCONT SETTING (DERCONT):                 OFF
 FINAL ETA RE-EVALUATION (FNLETA):          ON
 EXCLUDE NON-INFLUENTIAL (NON-INFL.) ETAS
       IN SHRINKAGE (ETASTYPE):             NO
 NON-INFL. ETA CORRECTION (NONINFETA):      OFF
 RAW OUTPUT FILE (FILE): run107_nids_18_s2d_c2.ext
 EXCLUDE TITLE (NOTITLE):                   NO
 EXCLUDE COLUMN LABELS (NOLABEL):           NO
 FORMAT FOR ADDITIONAL FILES (FORMAT):      S1PE12.5
 PARAMETER ORDER FOR OUTPUTS (ORDER):       TSOL
 WISHART PRIOR DF INTERPRETATION (WISHTYPE):0
 KNUTHSUMOFF:                               0
 INCLUDE LNTWOPI:                           NO
 INCLUDE CONSTANT TERM TO PRIOR (PRIORC):   NO
 INCLUDE CONSTANT TERM TO OMEGA (ETA) (OLNTWOPI):NO
 EM OR BAYESIAN METHOD USED:                MCMC BAYESIAN (BAYES)
 MU MODELING PATTERN (MUM):
 GRADIENT/GIBBS PATTERN (GRD):
 AUTOMATIC SETTING FEATURE (AUTO):          OFF
 CONVERGENCE TYPE (CTYPE):                  3
 KEEP ITERATIONS (THIN):            1
 CONVERGENCE INTERVAL (CINTERVAL):          20
 CONVERGENCE ITERATIONS (CITER):            10
 CONVERGENCE ALPHA ERROR (CALPHA):          5.000000000000000E-02
 BURN-IN ITERATIONS (NBURN):                4000
 ITERATIONS (NITER):                        10000
 ANEAL SETTING (CONSTRAIN):                 1
 STARTING SEED FOR MC METHODS (SEED):       56664
 MC SAMPLES PER SUBJECT (ISAMPLE):          1
 RANDOM SAMPLING METHOD (RANMETHOD):        3U
 PROPOSAL DENSITY SCALING RANGE
              (ISCALE_MIN, ISCALE_MAX):     1.000000000000000E-06   ,1000000.00000000
 SAMPLE ACCEPTANCE RATE (IACCEPT):          0.400000000000000
 METROPOLIS HASTINGS SAMPLING FOR INDIVIDUAL ETAS:
 SAMPLES FOR GLOBAL SEARCH KERNEL (ISAMPLE_M1):          2
 SAMPLES FOR NEIGHBOR SEARCH KERNEL (ISAMPLE_M1A):       0
 SAMPLES FOR MASS/IMP/POST. MATRIX SEARCH (ISAMPLE_M1B): 2
 SAMPLES FOR LOCAL SEARCH KERNEL (ISAMPLE_M2):           2
 SAMPLES FOR LOCAL UNIVARIATE KERNEL (ISAMPLE_M3):       2
 PWR. WT. MASS/IMP/POST MATRIX ACCUM. FOR ETAS (IKAPPA): 1.00000000000000
 MASS/IMP./POST. MATRIX REFRESH SETTING (MASSREST):      -1
 METROPOLIS HASTINGS POPULATION SAMPLING FOR NON-GIBBS
 SAMPLED THETAS AND SIGMAS:
 PROPOSAL DENSITY SCALING RANGE
              (PSCALE_MIN, PSCALE_MAX):   1.000000000000000E-02   ,1000.00000000000
 SAMPLE ACCEPTANCE RATE (PACCEPT):                       0.500000000000000
 SAMPLES FOR GLOBAL SEARCH KERNEL (PSAMPLE_M1):          1
 SAMPLES FOR LOCAL SEARCH KERNEL (PSAMPLE_M2):           -1
 SAMPLES FOR LOCAL UNIVARIATE KERNEL (PSAMPLE_M3):       1
 METROPOLIS HASTINGS POPULATION SAMPLING FOR NON-GIBBS
 SAMPLED OMEGAS:
 SAMPLE ACCEPTANCE RATE (OACCEPT):                       0.500000000000000
 SAMPLES FOR GLOBAL SEARCH KERNEL (OSAMPLE_M1):          -1
 SAMPLES FOR LOCAL SEARCH KERNEL (OSAMPLE_M2):           -1
 SAMPLES FOR LOCAL UNIVARIATE SEARCH KERNEL (OSAMPLE_M3):0
 DEG. FR. FOR T DIST.  PRIOR FOR THETAS (TTDF):        0.00000000000000
 DEG. FR. FOR LKJ CORRELATION PRIOR FOR OMEGAS (OLKJDF): 0.00000000000000
 WEIGHT FACTOR FOR STD PRIOR FOR OMEGAS (OVARF): 1.00000000000000
 DEG. FR. FOR LKJ CORRELATION PRIOR FOR SIGMAS (SLKJDF): 0.00000000000000
 WEIGHT FACTOR FOR STD PRIOR FOR SIGMAS (SVARF): 1.00000000000000


 THE FOLLOWING LABELS ARE EQUIVALENT
 PRED=PREDI
 RES=RESI
 WRES=WRESI
 IWRS=IWRESI
 IPRD=IPREDI
 IRS=IRESI

 EM/BAYES SETUP:
 THETAS THAT ARE MU MODELED:
   1   2
 THETAS THAT ARE GIBBS SAMPLED:
   1   2
 THETAS THAT ARE METROPOLIS-HASTINGS SAMPLED:
 
 SIGMAS THAT ARE GIBBS SAMPLED:
   1
 SIGMAS THAT ARE METROPOLIS-HASTINGS SAMPLED:
 
 OMEGAS ARE GIBBS SAMPLED

 MONITORING OF SEARCH:

 Burn-in Mode
 iteration        -4000 MCMCOBJ=    736597636.44964492     
 iteration        -3980 MCMCOBJ=    229.82689746057218     
 iteration        -3960 MCMCOBJ=    228.90559527192872     
 iteration        -3940 MCMCOBJ=    225.59870054358700     
 iteration        -3920 MCMCOBJ=    225.50416371443504     
 iteration        -3900 MCMCOBJ=    239.87842925924417     
 iteration        -3880 MCMCOBJ=    257.44154619448653     
 iteration        -3860 MCMCOBJ=    218.17542106772578     
 iteration        -3840 MCMCOBJ=    233.06524734322721     
 iteration        -3820 MCMCOBJ=    250.15566344408538     
 iteration        -3800 MCMCOBJ=    260.60217778444445     
 Convergence achieved
 Sampling Mode
 iteration            0 MCMCOBJ=    265.11626527561953     
 iteration           20 MCMCOBJ=    243.20901758794929     
 iteration           40 MCMCOBJ=    225.72393436014468     
 iteration           60 MCMCOBJ=    242.35966451923605     
 iteration           80 MCMCOBJ=    221.50529647862476     
 iteration          100 MCMCOBJ=    235.11967095728494     
 iteration          120 MCMCOBJ=    234.13535192283618     
 iteration          140 MCMCOBJ=    235.02323538820093     
 iteration          160 MCMCOBJ=    221.17773234563168     
 iteration          180 MCMCOBJ=    235.36107862535701     
 iteration          200 MCMCOBJ=    220.44116821300472     
 iteration          220 MCMCOBJ=    223.10942439639510     
 iteration          240 MCMCOBJ=    228.34683204309235     
 iteration          260 MCMCOBJ=    242.73363765815230     
 iteration          280 MCMCOBJ=    214.80814206373029     
 iteration          300 MCMCOBJ=    253.92728874662191     
 iteration          320 MCMCOBJ=    237.97831956197783     
 iteration          340 MCMCOBJ=    252.21843653100132     
 iteration          360 MCMCOBJ=    243.90615524330556     
 iteration          380 MCMCOBJ=    236.73602280501709     
 iteration          400 MCMCOBJ=    234.58874727276711     
 iteration          420 MCMCOBJ=    234.30482117009416     
 iteration          440 MCMCOBJ=    227.03999899828875     
 iteration          460 MCMCOBJ=    236.35510963848222     
 iteration          480 MCMCOBJ=    225.48584365833099     
 iteration          500 MCMCOBJ=    231.94360468958575     
 iteration          520 MCMCOBJ=    245.14829841317464     
 iteration          540 MCMCOBJ=    241.95482965422184     
 iteration          560 MCMCOBJ=    229.75865447417576     
 iteration          580 MCMCOBJ=    248.81050503866155     
 iteration          600 MCMCOBJ=    233.65933548595339     
 iteration          620 MCMCOBJ=    238.22437225383098     
 iteration          640 MCMCOBJ=    233.18702953730556     
 iteration          660 MCMCOBJ=    226.70914136086540     
 iteration          680 MCMCOBJ=    234.44695503902528     
 iteration          700 MCMCOBJ=    237.88789393491484     
 iteration          720 MCMCOBJ=    232.36229177485930     
 iteration          740 MCMCOBJ=    248.69923166803085     
 iteration          760 MCMCOBJ=    225.52729921321722     
 iteration          780 MCMCOBJ=    234.04445692689850     
 iteration          800 MCMCOBJ=    243.56962071696870     
 iteration          820 MCMCOBJ=    259.67360636958955     
 iteration          840 MCMCOBJ=    232.25832113544078     
 iteration          860 MCMCOBJ=    253.26091666906188     
 iteration          880 MCMCOBJ=    232.84120131021606     
 iteration          900 MCMCOBJ=    238.46603656767039     
 iteration          920 MCMCOBJ=    230.29199286735121     
 iteration          940 MCMCOBJ=    253.62490732705064     
 iteration          960 MCMCOBJ=    243.53590216788811     
 iteration          980 MCMCOBJ=    232.52672406188648     
 iteration         1000 MCMCOBJ=    239.09019929900828     
 iteration         1020 MCMCOBJ=    238.44079957601895     
 iteration         1040 MCMCOBJ=    233.39750710072826     
 iteration         1060 MCMCOBJ=    244.62932618383340     
 iteration         1080 MCMCOBJ=    243.12533380341353     
 iteration         1100 MCMCOBJ=    217.02200067210950     
 iteration         1120 MCMCOBJ=    235.45014694066055     
 iteration         1140 MCMCOBJ=    220.13445090109585     
 iteration         1160 MCMCOBJ=    236.13748039091607     
 iteration         1180 MCMCOBJ=    225.53220023569480     
 iteration         1200 MCMCOBJ=    223.50494098297830     
 iteration         1220 MCMCOBJ=    224.33033515322310     
 iteration         1240 MCMCOBJ=    228.88940476164834     
 iteration         1260 MCMCOBJ=    235.59788807994306     
 iteration         1280 MCMCOBJ=    246.57592765596809     
 iteration         1300 MCMCOBJ=    222.41642168560045     
 iteration         1320 MCMCOBJ=    257.85149492400632     
 iteration         1340 MCMCOBJ=    239.00686652115812     
 iteration         1360 MCMCOBJ=    230.45375912255696     
 iteration         1380 MCMCOBJ=    236.82430867699961     
 iteration         1400 MCMCOBJ=    225.26291821373013     
 iteration         1420 MCMCOBJ=    227.86900082974734     
 iteration         1440 MCMCOBJ=    231.41576018621069     
 iteration         1460 MCMCOBJ=    235.73976025464933     
 iteration         1480 MCMCOBJ=    225.97059981540411     
 iteration         1500 MCMCOBJ=    229.69635827947141     
 iteration         1520 MCMCOBJ=    237.82862857043673     
 iteration         1540 MCMCOBJ=    244.17045665551055     
 iteration         1560 MCMCOBJ=    216.24834181564825     
 iteration         1580 MCMCOBJ=    239.37473458573774     
 iteration         1600 MCMCOBJ=    214.90695702647190     
 iteration         1620 MCMCOBJ=    247.91886779558607     
 iteration         1640 MCMCOBJ=    253.24656273653605     
 iteration         1660 MCMCOBJ=    240.20777317518548     
 iteration         1680 MCMCOBJ=    261.72394098695327     
 iteration         1700 MCMCOBJ=    229.65063711068555     
 iteration         1720 MCMCOBJ=    237.51734554901145     
 iteration         1740 MCMCOBJ=    251.85746745819833     
 iteration         1760 MCMCOBJ=    233.83318860744103     
 iteration         1780 MCMCOBJ=    238.74522985776989     
 iteration         1800 MCMCOBJ=    229.76580305230485     
 iteration         1820 MCMCOBJ=    237.77630451288744     
 iteration         1840 MCMCOBJ=    245.77615900542671     
 iteration         1860 MCMCOBJ=    223.14624936583587     
 iteration         1880 MCMCOBJ=    241.55672749024296     
 iteration         1900 MCMCOBJ=    229.31679727232853     
 iteration         1920 MCMCOBJ=    250.81197338580191     
 iteration         1940 MCMCOBJ=    253.66138396946565     
 iteration         1960 MCMCOBJ=    231.06145186856429     
 iteration         1980 MCMCOBJ=    237.04152292754713     
 iteration         2000 MCMCOBJ=    227.40612167475695     
 iteration         2020 MCMCOBJ=    238.76635471968470     
 iteration         2040 MCMCOBJ=    235.77505115702797     
 iteration         2060 MCMCOBJ=    223.60690570490559     
 iteration         2080 MCMCOBJ=    237.42790349420062     
 iteration         2100 MCMCOBJ=    243.33442386601325     
 iteration         2120 MCMCOBJ=    231.91620121392819     
 iteration         2140 MCMCOBJ=    247.08422712005125     
 iteration         2160 MCMCOBJ=    225.36180179302121     
 iteration         2180 MCMCOBJ=    233.31630381962611     
 iteration         2200 MCMCOBJ=    248.13566688478261     
 iteration         2220 MCMCOBJ=    226.18878877251416     
 iteration         2240 MCMCOBJ=    240.40095480284631     
 iteration         2260 MCMCOBJ=    243.15063102062865     
 iteration         2280 MCMCOBJ=    228.84979988208516     
 iteration         2300 MCMCOBJ=    231.89509309534003     
 iteration         2320 MCMCOBJ=    233.75112180312362     
 iteration         2340 MCMCOBJ=    231.43511991302066     
 iteration         2360 MCMCOBJ=    252.34685168169565     
 iteration         2380 MCMCOBJ=    247.94640639381487     
 iteration         2400 MCMCOBJ=    241.99331963517074     
 iteration         2420 MCMCOBJ=    223.61274124867114     
 iteration         2440 MCMCOBJ=    252.48188848594833     
 iteration         2460 MCMCOBJ=    242.44225089981214     
 iteration         2480 MCMCOBJ=    225.75706480613999     
 iteration         2500 MCMCOBJ=    246.37952555380031     
 iteration         2520 MCMCOBJ=    225.55130495656846     
 iteration         2540 MCMCOBJ=    234.72761931946414     
 iteration         2560 MCMCOBJ=    234.53892695430568     
 iteration         2580 MCMCOBJ=    230.75990465084527     
 iteration         2600 MCMCOBJ=    238.98237731553843     
 iteration         2620 MCMCOBJ=    232.60740723041141     
 iteration         2640 MCMCOBJ=    220.94108476716951     
 iteration         2660 MCMCOBJ=    245.81617517225303     
 iteration         2680 MCMCOBJ=    250.42855434171210     
 iteration         2700 MCMCOBJ=    234.00823000169140     
 iteration         2720 MCMCOBJ=    234.13344249930083     
 iteration         2740 MCMCOBJ=    244.59067415175571     
 iteration         2760 MCMCOBJ=    235.02253980227036     
 iteration         2780 MCMCOBJ=    222.95777571755852     
 iteration         2800 MCMCOBJ=    240.36412709430024     
 iteration         2820 MCMCOBJ=    232.39332029399947     
 iteration         2840 MCMCOBJ=    220.32344809210238     
 iteration         2860 MCMCOBJ=    230.03501219502553     
 iteration         2880 MCMCOBJ=    241.07553951692239     
 iteration         2900 MCMCOBJ=    239.32858160166575     
 iteration         2920 MCMCOBJ=    223.28093466960789     
 iteration         2940 MCMCOBJ=    223.16732428314756     
 iteration         2960 MCMCOBJ=    239.34019852672307     
 iteration         2980 MCMCOBJ=    264.89580876900487     
 iteration         3000 MCMCOBJ=    223.71887716509218     
 iteration         3020 MCMCOBJ=    218.95626951080837     
 iteration         3040 MCMCOBJ=    223.34147945120316     
 iteration         3060 MCMCOBJ=    229.07297772242296     
 iteration         3080 MCMCOBJ=    228.87445290472505     
 iteration         3100 MCMCOBJ=    228.58520748655846     
 iteration         3120 MCMCOBJ=    234.57597316676865     
 iteration         3140 MCMCOBJ=    236.79355624319771     
 iteration         3160 MCMCOBJ=    244.37703582905368     
 iteration         3180 MCMCOBJ=    233.06232684474085     
 iteration         3200 MCMCOBJ=    237.45720910874172     
 iteration         3220 MCMCOBJ=    236.17846530804215     
 iteration         3240 MCMCOBJ=    238.17476447186277     
 iteration         3260 MCMCOBJ=    224.02153762934637     
 iteration         3280 MCMCOBJ=    227.11916850036445     
 iteration         3300 MCMCOBJ=    238.50764818884721     
 iteration         3320 MCMCOBJ=    251.45060268541812     
 iteration         3340 MCMCOBJ=    272.47799779557334     
 iteration         3360 MCMCOBJ=    248.66562542597353     
 iteration         3380 MCMCOBJ=    228.03974041558320     
 iteration         3400 MCMCOBJ=    237.66835797117622     
 iteration         3420 MCMCOBJ=    224.26536711264137     
 iteration         3440 MCMCOBJ=    235.24607772857763     
 iteration         3460 MCMCOBJ=    229.08598493106783     
 iteration         3480 MCMCOBJ=    238.17305964264176     
 iteration         3500 MCMCOBJ=    238.82823201010058     
 iteration         3520 MCMCOBJ=    226.98072360635129     
 iteration         3540 MCMCOBJ=    235.63497149339261     
 iteration         3560 MCMCOBJ=    236.41301957779319     
 iteration         3580 MCMCOBJ=    227.11887601019450     
 iteration         3600 MCMCOBJ=    284.20262389671575     
 iteration         3620 MCMCOBJ=    235.51146638070745     
 iteration         3640 MCMCOBJ=    243.00962979258929     
 iteration         3660 MCMCOBJ=    228.84453660807068     
 iteration         3680 MCMCOBJ=    224.03615710708470     
 iteration         3700 MCMCOBJ=    224.76327254697637     
 iteration         3720 MCMCOBJ=    247.90294271935369     
 iteration         3740 MCMCOBJ=    246.96120970069055     
 iteration         3760 MCMCOBJ=    228.59465508121693     
 iteration         3780 MCMCOBJ=    214.73135089218422     
 iteration         3800 MCMCOBJ=    225.10272141221884     
 iteration         3820 MCMCOBJ=    246.20258602000723     
 iteration         3840 MCMCOBJ=    224.45208919008840     
 iteration         3860 MCMCOBJ=    250.77551778231501     
 iteration         3880 MCMCOBJ=    218.18184828604166     
 iteration         3900 MCMCOBJ=    230.13491769678140     
 iteration         3920 MCMCOBJ=    230.06755366602991     
 iteration         3940 MCMCOBJ=    218.69997213574069     
 iteration         3960 MCMCOBJ=    226.96755031493109     
 iteration         3980 MCMCOBJ=    241.02415950759467     
 iteration         4000 MCMCOBJ=    222.25576369359979     
 iteration         4020 MCMCOBJ=    238.52246862413088     
 iteration         4040 MCMCOBJ=    240.59619789861475     
 iteration         4060 MCMCOBJ=    238.34243997315158     
 iteration         4080 MCMCOBJ=    226.37679404599547     
 iteration         4100 MCMCOBJ=    237.83461164269937     
 iteration         4120 MCMCOBJ=    235.69358482812342     
 iteration         4140 MCMCOBJ=    241.05108961566177     
 iteration         4160 MCMCOBJ=    226.87633943199580     
 iteration         4180 MCMCOBJ=    245.34066275745971     
 iteration         4200 MCMCOBJ=    234.38564438330536     
 iteration         4220 MCMCOBJ=    229.10395263511185     
 iteration         4240 MCMCOBJ=    230.14105765799152     
 iteration         4260 MCMCOBJ=    248.20973065867969     
 iteration         4280 MCMCOBJ=    234.97134183764237     
 iteration         4300 MCMCOBJ=    240.09405969829328     
 iteration         4320 MCMCOBJ=    244.20138831450359     
 iteration         4340 MCMCOBJ=    231.04864518920931     
 iteration         4360 MCMCOBJ=    238.81449553277977     
 iteration         4380 MCMCOBJ=    219.48593033057105     
 iteration         4400 MCMCOBJ=    237.85597137724167     
 iteration         4420 MCMCOBJ=    236.98564469909189     
 iteration         4440 MCMCOBJ=    239.80980298647933     
 iteration         4460 MCMCOBJ=    223.74812508177851     
 iteration         4480 MCMCOBJ=    229.73080605144682     
 iteration         4500 MCMCOBJ=    235.01257196348004     
 iteration         4520 MCMCOBJ=    226.86259042231904     
 iteration         4540 MCMCOBJ=    228.02604075429883     
 iteration         4560 MCMCOBJ=    239.80204150480159     
 iteration         4580 MCMCOBJ=    240.11764345104163     
 iteration         4600 MCMCOBJ=    221.21046558352509     
 iteration         4620 MCMCOBJ=    244.33709190314192     
 iteration         4640 MCMCOBJ=    235.79207963636887     
 iteration         4660 MCMCOBJ=    230.13683680861067     
 iteration         4680 MCMCOBJ=    250.01352906854405     
 iteration         4700 MCMCOBJ=    243.45771459376380     
 iteration         4720 MCMCOBJ=    222.87649859912042     
 iteration         4740 MCMCOBJ=    240.40713620558637     
 iteration         4760 MCMCOBJ=    242.35919637250933     
 iteration         4780 MCMCOBJ=    246.41013808668521     
 iteration         4800 MCMCOBJ=    221.70515588205197     
 iteration         4820 MCMCOBJ=    232.67695482874450     
 iteration         4840 MCMCOBJ=    246.13835390551131     
 iteration         4860 MCMCOBJ=    244.37450008398267     
 iteration         4880 MCMCOBJ=    234.94090343457987     
 iteration         4900 MCMCOBJ=    223.41686337839434     
 iteration         4920 MCMCOBJ=    236.19731288825861     
 iteration         4940 MCMCOBJ=    224.07156441101085     
 iteration         4960 MCMCOBJ=    239.48614775178811     
 iteration         4980 MCMCOBJ=    245.41712299795140     
 iteration         5000 MCMCOBJ=    257.99583607825326     
 iteration         5020 MCMCOBJ=    236.21874050135438     
 iteration         5040 MCMCOBJ=    244.06457989518708     
 iteration         5060 MCMCOBJ=    229.39234981392840     
 iteration         5080 MCMCOBJ=    227.33980722538831     
 iteration         5100 MCMCOBJ=    251.67197932136355     
 iteration         5120 MCMCOBJ=    252.57283147164685     
 iteration         5140 MCMCOBJ=    228.52517514281141     
 iteration         5160 MCMCOBJ=    245.80868273897053     
 iteration         5180 MCMCOBJ=    232.47770016336315     
 iteration         5200 MCMCOBJ=    240.78178818259565     
 iteration         5220 MCMCOBJ=    238.57087152440374     
 iteration         5240 MCMCOBJ=    233.54038691049786     
 iteration         5260 MCMCOBJ=    221.52151804314255     
 iteration         5280 MCMCOBJ=    236.02793920655367     
 iteration         5300 MCMCOBJ=    248.59415180288792     
 iteration         5320 MCMCOBJ=    242.00143773435246     
 iteration         5340 MCMCOBJ=    231.70222276021073     
 iteration         5360 MCMCOBJ=    233.94971127624106     
 iteration         5380 MCMCOBJ=    232.77140583365696     
 iteration         5400 MCMCOBJ=    229.19257736774898     
 iteration         5420 MCMCOBJ=    248.50725400183435     
 iteration         5440 MCMCOBJ=    223.96158574532765     
 iteration         5460 MCMCOBJ=    236.13728285207156     
 iteration         5480 MCMCOBJ=    214.64221317760757     
 iteration         5500 MCMCOBJ=    237.99572242634912     
 iteration         5520 MCMCOBJ=    244.48738441342081     
 iteration         5540 MCMCOBJ=    226.85013654797143     
 iteration         5560 MCMCOBJ=    212.96624293169566     
 iteration         5580 MCMCOBJ=    229.18633862318299     
 iteration         5600 MCMCOBJ=    249.28181537684216     
 iteration         5620 MCMCOBJ=    242.19492822305867     
 iteration         5640 MCMCOBJ=    220.94314430775839     
 iteration         5660 MCMCOBJ=    249.56040556931322     
 iteration         5680 MCMCOBJ=    259.05966705781606     
 iteration         5700 MCMCOBJ=    237.90929721584345     
 iteration         5720 MCMCOBJ=    226.79439947094465     
 iteration         5740 MCMCOBJ=    214.00539799188834     
 iteration         5760 MCMCOBJ=    231.77211155026080     
 iteration         5780 MCMCOBJ=    235.06634266848516     
 iteration         5800 MCMCOBJ=    217.14194445164418     
 iteration         5820 MCMCOBJ=    236.81398105984982     
 iteration         5840 MCMCOBJ=    217.66562217479793     
 iteration         5860 MCMCOBJ=    228.27656111466786     
 iteration         5880 MCMCOBJ=    241.43272163942322     
 iteration         5900 MCMCOBJ=    220.31554829039680     
 iteration         5920 MCMCOBJ=    237.70657336483100     
 iteration         5940 MCMCOBJ=    229.31861694206992     
 iteration         5960 MCMCOBJ=    245.70104313444077     
 iteration         5980 MCMCOBJ=    226.52296159768250     
 iteration         6000 MCMCOBJ=    250.75592768902067     
 iteration         6020 MCMCOBJ=    231.45960100681515     
 iteration         6040 MCMCOBJ=    250.44488714055097     
 iteration         6060 MCMCOBJ=    245.27557444349691     
 iteration         6080 MCMCOBJ=    260.38255959733419     
 iteration         6100 MCMCOBJ=    264.94088027682898     
 iteration         6120 MCMCOBJ=    230.30982950352856     
 iteration         6140 MCMCOBJ=    233.08431275523586     
 iteration         6160 MCMCOBJ=    226.41205679897143     
 iteration         6180 MCMCOBJ=    222.12804790937963     
 iteration         6200 MCMCOBJ=    273.26703996946316     
 iteration         6220 MCMCOBJ=    238.91219525248542     
 iteration         6240 MCMCOBJ=    236.78523519418238     
 iteration         6260 MCMCOBJ=    239.19306086022172     
 iteration         6280 MCMCOBJ=    259.51761995017995     
 iteration         6300 MCMCOBJ=    227.64788856308334     
 iteration         6320 MCMCOBJ=    233.30736225388821     
 iteration         6340 MCMCOBJ=    229.38693926706384     
 iteration         6360 MCMCOBJ=    236.71990736757465     
 iteration         6380 MCMCOBJ=    251.90558522876395     
 iteration         6400 MCMCOBJ=    223.92000030876000     
 iteration         6420 MCMCOBJ=    235.33894741813177     
 iteration         6440 MCMCOBJ=    245.59645393268070     
 iteration         6460 MCMCOBJ=    237.44406403157245     
 iteration         6480 MCMCOBJ=    241.46374778593449     
 iteration         6500 MCMCOBJ=    236.99106117959346     
 iteration         6520 MCMCOBJ=    244.51720168444490     
 iteration         6540 MCMCOBJ=    224.16821170410830     
 iteration         6560 MCMCOBJ=    229.34149866254825     
 iteration         6580 MCMCOBJ=    239.52662620248429     
 iteration         6600 MCMCOBJ=    225.41126614093309     
 iteration         6620 MCMCOBJ=    251.22280426813037     
 iteration         6640 MCMCOBJ=    249.98529924940971     
 iteration         6660 MCMCOBJ=    233.38656290449089     
 iteration         6680 MCMCOBJ=    222.71697624753415     
 iteration         6700 MCMCOBJ=    246.74268082635044     
 iteration         6720 MCMCOBJ=    239.79813940827123     
 iteration         6740 MCMCOBJ=    228.16873199637593     
 iteration         6760 MCMCOBJ=    247.53443661782390     
 iteration         6780 MCMCOBJ=    213.87774136548330     
 iteration         6800 MCMCOBJ=    235.08922777911286     
 iteration         6820 MCMCOBJ=    235.28856555037976     
 iteration         6840 MCMCOBJ=    228.68113355733604     
 iteration         6860 MCMCOBJ=    238.27775752269775     
 iteration         6880 MCMCOBJ=    241.38470307455717     
 iteration         6900 MCMCOBJ=    212.34269518847762     
 iteration         6920 MCMCOBJ=    265.38604496069837     
 iteration         6940 MCMCOBJ=    246.23907920695419     
 iteration         6960 MCMCOBJ=    247.47947198624951     
 iteration         6980 MCMCOBJ=    230.80773690504483     
 iteration         7000 MCMCOBJ=    237.60470276591130     
 iteration         7020 MCMCOBJ=    220.56421361717543     
 iteration         7040 MCMCOBJ=    224.43879802661428     
 iteration         7060 MCMCOBJ=    217.68962550631326     
 iteration         7080 MCMCOBJ=    229.37772195006806     
 iteration         7100 MCMCOBJ=    256.57745048114447     
 iteration         7120 MCMCOBJ=    235.02489210372769     
 iteration         7140 MCMCOBJ=    234.81571521764374     
 iteration         7160 MCMCOBJ=    232.38506086710777     
 iteration         7180 MCMCOBJ=    227.70461018213891     
 iteration         7200 MCMCOBJ=    233.85438427305726     
 iteration         7220 MCMCOBJ=    246.87744488079261     
 iteration         7240 MCMCOBJ=    234.86817246266264     
 iteration         7260 MCMCOBJ=    249.73624751473932     
 iteration         7280 MCMCOBJ=    234.57119035307488     
 iteration         7300 MCMCOBJ=    240.08722255156911     
 iteration         7320 MCMCOBJ=    247.18386524414149     
 iteration         7340 MCMCOBJ=    230.31938890963278     
 iteration         7360 MCMCOBJ=    232.18469163412163     
 iteration         7380 MCMCOBJ=    240.90582360483393     
 iteration         7400 MCMCOBJ=    260.99275254398623     
 iteration         7420 MCMCOBJ=    228.45935581944497     
 iteration         7440 MCMCOBJ=    271.34410333676533     
 iteration         7460 MCMCOBJ=    232.15074995535323     
 iteration         7480 MCMCOBJ=    227.85703057535676     
 iteration         7500 MCMCOBJ=    225.19826863623038     
 iteration         7520 MCMCOBJ=    247.99044384595635     
 iteration         7540 MCMCOBJ=    237.01576583733382     
 iteration         7560 MCMCOBJ=    242.70056904246283     
 iteration         7580 MCMCOBJ=    253.70873205496707     
 iteration         7600 MCMCOBJ=    241.69047216403351     
 iteration         7620 MCMCOBJ=    241.54330172797378     
 iteration         7640 MCMCOBJ=    221.21988965318491     
 iteration         7660 MCMCOBJ=    229.88343307988055     
 iteration         7680 MCMCOBJ=    213.63847684518717     
 iteration         7700 MCMCOBJ=    223.24554982106099     
 iteration         7720 MCMCOBJ=    242.44746319235153     
 iteration         7740 MCMCOBJ=    231.22694807345556     
 iteration         7760 MCMCOBJ=    250.67179839700361     
 iteration         7780 MCMCOBJ=    222.68476203090162     
 iteration         7800 MCMCOBJ=    232.69959684664857     
 iteration         7820 MCMCOBJ=    260.56429790129181     
 iteration         7840 MCMCOBJ=    229.74863607755918     
 iteration         7860 MCMCOBJ=    237.52748345471099     
 iteration         7880 MCMCOBJ=    216.61481996017699     
 iteration         7900 MCMCOBJ=    217.76869695732697     
 iteration         7920 MCMCOBJ=    230.92613979409677     
 iteration         7940 MCMCOBJ=    236.99265780896573     
 iteration         7960 MCMCOBJ=    231.22083665377386     
 iteration         7980 MCMCOBJ=    244.26247171105263     
 iteration         8000 MCMCOBJ=    228.17081909250780     
 iteration         8020 MCMCOBJ=    235.95161076879526     
 iteration         8040 MCMCOBJ=    232.07933465069621     
 iteration         8060 MCMCOBJ=    243.82592845616304     
 iteration         8080 MCMCOBJ=    229.63564094136021     
 iteration         8100 MCMCOBJ=    248.78243857416348     
 iteration         8120 MCMCOBJ=    243.38566305210131     
 iteration         8140 MCMCOBJ=    272.21106602812159     
 iteration         8160 MCMCOBJ=    231.10149673439761     
 iteration         8180 MCMCOBJ=    230.22366974883295     
 iteration         8200 MCMCOBJ=    218.02606356336446     
 iteration         8220 MCMCOBJ=    219.18771087109565     
 iteration         8240 MCMCOBJ=    251.53414996725533     
 iteration         8260 MCMCOBJ=    222.91385094511014     
 iteration         8280 MCMCOBJ=    219.25739804988601     
 iteration         8300 MCMCOBJ=    234.14662373115880     
 iteration         8320 MCMCOBJ=    232.59504332081113     
 iteration         8340 MCMCOBJ=    239.78900343540676     
 iteration         8360 MCMCOBJ=    221.76477069269637     
 iteration         8380 MCMCOBJ=    229.21576861410156     
 iteration         8400 MCMCOBJ=    235.24128053362222     
 iteration         8420 MCMCOBJ=    229.83303777010664     
 iteration         8440 MCMCOBJ=    243.86025337220650     
 iteration         8460 MCMCOBJ=    232.67858480068787     
 iteration         8480 MCMCOBJ=    239.60158449292658     
 iteration         8500 MCMCOBJ=    241.05627445472177     
 iteration         8520 MCMCOBJ=    254.22349471329326     
 iteration         8540 MCMCOBJ=    232.65390107444449     
 iteration         8560 MCMCOBJ=    208.48032151255325     
 iteration         8580 MCMCOBJ=    240.34161771001226     
 iteration         8600 MCMCOBJ=    241.89365750905873     
 iteration         8620 MCMCOBJ=    247.22297508487250     
 iteration         8640 MCMCOBJ=    230.53091857638435     
 iteration         8660 MCMCOBJ=    223.92318524602152     
 iteration         8680 MCMCOBJ=    229.55715906757052     
 iteration         8700 MCMCOBJ=    254.95569161229244     
 iteration         8720 MCMCOBJ=    234.21247240491775     
 iteration         8740 MCMCOBJ=    242.02034344688445     
 iteration         8760 MCMCOBJ=    223.02220029427559     
 iteration         8780 MCMCOBJ=    229.87752404460124     
 iteration         8800 MCMCOBJ=    232.86379513942143     
 iteration         8820 MCMCOBJ=    235.98764604907166     
 iteration         8840 MCMCOBJ=    252.10510154794162     
 iteration         8860 MCMCOBJ=    238.97740496156209     
 iteration         8880 MCMCOBJ=    216.66673630698040     
 iteration         8900 MCMCOBJ=    241.63073615588272     
 iteration         8920 MCMCOBJ=    247.10653683159052     
 iteration         8940 MCMCOBJ=    247.41236705951661     
 iteration         8960 MCMCOBJ=    243.01993041422477     
 iteration         8980 MCMCOBJ=    236.85489113764493     
 iteration         9000 MCMCOBJ=    227.45063818418384     
 iteration         9020 MCMCOBJ=    226.63364470954622     
 iteration         9040 MCMCOBJ=    225.06836597703352     
 iteration         9060 MCMCOBJ=    229.38556314184049     
 iteration         9080 MCMCOBJ=    240.72705118535021     
 iteration         9100 MCMCOBJ=    235.40304190944752     
 iteration         9120 MCMCOBJ=    233.75503596577255     
 iteration         9140 MCMCOBJ=    232.01665501217221     
 iteration         9160 MCMCOBJ=    241.70962861506223     
 iteration         9180 MCMCOBJ=    239.07795101088365     
 iteration         9200 MCMCOBJ=    220.59782650581013     
 iteration         9220 MCMCOBJ=    260.79827317749584     
 iteration         9240 MCMCOBJ=    216.53065617487701     
 iteration         9260 MCMCOBJ=    234.31669863951512     
 iteration         9280 MCMCOBJ=    256.13080587380722     
 iteration         9300 MCMCOBJ=    224.95877625553385     
 iteration         9320 MCMCOBJ=    211.66307671663759     
 iteration         9340 MCMCOBJ=    247.40167402516641     
 iteration         9360 MCMCOBJ=    227.76540700412335     
 iteration         9380 MCMCOBJ=    230.23298669672181     
 iteration         9400 MCMCOBJ=    241.50922815794263     
 iteration         9420 MCMCOBJ=    247.57522484078410     
 iteration         9440 MCMCOBJ=    233.26864866466792     
 iteration         9460 MCMCOBJ=    225.09463570271933     
 iteration         9480 MCMCOBJ=    228.44332620253451     
 iteration         9500 MCMCOBJ=    219.96661226588682     
 iteration         9520 MCMCOBJ=    249.85815849389348     
 iteration         9540 MCMCOBJ=    234.51650562889569     
 iteration         9560 MCMCOBJ=    219.39412590527118     
 iteration         9580 MCMCOBJ=    214.30341397630738     
 iteration         9600 MCMCOBJ=    239.41235119282274     
 iteration         9620 MCMCOBJ=    223.21720099784582     
 iteration         9640 MCMCOBJ=    236.14278739253149     
 iteration         9660 MCMCOBJ=    258.81698364048634     
 iteration         9680 MCMCOBJ=    243.37155628824925     
 iteration         9700 MCMCOBJ=    222.28516215562283     
 iteration         9720 MCMCOBJ=    227.58757377796741     
 iteration         9740 MCMCOBJ=    230.54895054209146     
 iteration         9760 MCMCOBJ=    228.82027214899259     
 iteration         9780 MCMCOBJ=    226.41617181032049     
 iteration         9800 MCMCOBJ=    245.79403299186697     
 iteration         9820 MCMCOBJ=    213.82880795084137     
 iteration         9840 MCMCOBJ=    215.70183940507752     
 iteration         9860 MCMCOBJ=    245.48870688754255     
 iteration         9880 MCMCOBJ=    227.88231666904923     
 iteration         9900 MCMCOBJ=    211.72101272536014     
 iteration         9920 MCMCOBJ=    256.36857231439598     
 iteration         9940 MCMCOBJ=    218.55726470132385     
 iteration         9960 MCMCOBJ=    246.90274150448224     
 iteration         9980 MCMCOBJ=    240.42820203484078     
 iteration        10000 MCMCOBJ=    245.88826060596270     
 BURN-IN WAS COMPLETED

 #TERM:
 STATISTICAL PORTION WAS COMPLETED
  
 TOTAL DATA POINTS NORMALLY DISTRIBUTED (N):           72
 N*LOG(2PI) CONSTANT TO OBJECTIVE FUNCTION:    132.32714878147286     
 OBJECTIVE FUNCTION VALUE WITHOUT CONSTANT:    235.85468451694874     
 OBJECTIVE FUNCTION VALUE WITH CONSTANT:       368.18183329842157     
 REPORTED OBJECTIVE FUNCTION DOES NOT CONTAIN CONSTANT
  
 TOTAL EFFECTIVE ETAS (NIND*NETA):                            36
 NIND*NETA*LOG(2PI) CONSTANT TO OBJECTIVE FUNCTION:    66.163574390736429     
 OBJECTIVE FUNCTION VALUE WITHOUT CONSTANT:    235.85468451694874     
 OBJECTIVE FUNCTION VALUE WITH CONSTANT:       302.01825890768515     
 REPORTED OBJECTIVE FUNCTION DOES NOT CONTAIN CONSTANT
  
 PRIOR CONSTANT TO OBJECTIVE FUNCTION:    30.823646298206345     
 OBJECTIVE FUNCTION VALUE WITHOUT CONSTANT:    235.85468451694874     
 OBJECTIVE FUNCTION VALUE WITH CONSTANT:       266.67833081515511     
 REPORTED OBJECTIVE FUNCTION DOES NOT CONTAIN CONSTANT
  
 #TERE:
 Elapsed estimation  time in seconds:    29.93
 Elapsed covariance  time in seconds:     0.00
1
 
 
 
 
 
 
 
 
 
 
 
 
 
 
 
 
 
 
 
 
 ************************************************************************************************************************
 ********************                                                                                ********************
 ********************                              MCMC BAYESIAN ANALYSIS                            ********************
 #OBJT:**************                       AVERAGE VALUE OF LIKELIHOOD FUNCTION                     ********************
 ********************                                                                                ********************
 ************************************************************************************************************************
 





 #OBJV:********************************************      235.855       **************************************************
 #OBJS:********************************************       11.114 (STD) **************************************************
1
 ************************************************************************************************************************
 ********************                                                                                ********************
 ********************                              MCMC BAYESIAN ANALYSIS                            ********************
 ********************                             FINAL PARAMETER ESTIMATE                           ********************
 ********************                                                                                ********************
 ************************************************************************************************************************
 


 THETA - VECTOR OF FIXED EFFECTS PARAMETERS   *********


         THETA(CL) THETA(V) 
 
         3.48E+00  3.65E+01
 


 OMEGA - COV MATRIX FOR RANDOM EFFECTS - ETAS  ********


         ETA(CL)   ETA(V)   
 
 ETA(CL)
+        1.60E-01
 
 ETA(V)
+        3.70E-02  7.35E-02
 


 SIGMA - COV MATRIX FOR RANDOM EFFECTS - EPSILONS  ****


         EPS1     
 
 EPS1
+        5.38E-02
 
1


 OMEGA - CORR MATRIX FOR RANDOM EFFECTS - ETAS  *******


         ETA(CL)   ETA(V)   
 
 ETA(CL)
+        3.92E-01
 
 ETA(V)
+        3.33E-01  2.65E-01
 


 SIGMA - CORR MATRIX FOR RANDOM EFFECTS - EPSILONS  ***


         EPS1     
 
 EPS1
+        2.30E-01
 
1
 ************************************************************************************************************************
 ********************                                                                                ********************
 ********************                              MCMC BAYESIAN ANALYSIS                            ********************
 ********************                STANDARD ERROR OF ESTIMATE (From Sample Variance)               ********************
 ********************                                                                                ********************
 ************************************************************************************************************************
 


 THETA - VECTOR OF FIXED EFFECTS PARAMETERS   *********


         THETA(CL) THETA(V) 
 
         3.52E-01  3.04E+00
 


 OMEGA - COV MATRIX FOR RANDOM EFFECTS - ETAS  ********


         ETA(CL)   ETA(V)   
 
 ETA(CL)
+        6.59E-02
 
 ETA(V)
+        3.50E-02  3.33E-02
 


 SIGMA - COV MATRIX FOR RANDOM EFFECTS - EPSILONS  ****


         EPS1     
 
 EPS1
+        1.23E-02
 
1


 OMEGA - CORR MATRIX FOR RANDOM EFFECTS - ETAS  *******


         ETA(CL)   ETA(V)   
 
 ETA(CL)
+        7.69E-02
 
 ETA(V)
+        2.48E-01  5.68E-02
 


 SIGMA - CORR MATRIX FOR RANDOM EFFECTS - EPSILONS  ***


         EPS1     
 
 EPS1
+        2.58E-02
 
1
 ************************************************************************************************************************
 ********************                                                                                ********************
 ********************                              MCMC BAYESIAN ANALYSIS                            ********************
 ********************               COVARIANCE MATRIX OF ESTIMATE (From Sample Variance)             ********************
 ********************                                                                                ********************
 ************************************************************************************************************************
 

            TH 1      TH 2      OM11      OM12      OM22      SG11  
 
 TH 1
+        1.24E-01
 
 TH 2
+        2.56E-01  9.23E+00
 
 OM11
+       -1.54E-03  1.43E-02  4.35E-03
 
 OM12
+        5.44E-04 -4.74E-04  8.58E-04  1.22E-03
 
 OM22
+       -6.64E-05 -2.25E-03  2.77E-04  5.74E-04  1.11E-03
 
 SG11
+        2.04E-04  3.42E-03 -3.88E-05 -1.73E-05  2.54E-06  1.52E-04
 
1
 ************************************************************************************************************************
 ********************                                                                                ********************
 ********************                              MCMC BAYESIAN ANALYSIS                            ********************
 ********************              CORRELATION MATRIX OF ESTIMATE (From Sample Variance)             ********************
 ********************                                                                                ********************
 ************************************************************************************************************************
 

            TH 1      TH 2      OM11      OM12      OM22      SG11  
 
 TH 1
+        3.52E-01
 
 TH 2
+        2.40E-01  3.04E+00
 
 OM11
+       -6.65E-02  7.16E-02  6.59E-02
 
 OM12
+        4.42E-02 -4.46E-03  3.72E-01  3.50E-02
 
 OM22
+       -5.67E-03 -2.22E-02  1.26E-01  4.93E-01  3.33E-02
 
 SG11
+        4.72E-02  9.15E-02 -4.77E-02 -4.01E-02  6.19E-03  1.23E-02
 
1
 ************************************************************************************************************************
 ********************                                                                                ********************
 ********************                              MCMC BAYESIAN ANALYSIS                            ********************
 ********************           INVERSE COVARIANCE MATRIX OF ESTIMATE (From Sample Variance)         ********************
 ********************                                                                                ********************
 ************************************************************************************************************************
 

            TH 1      TH 2      OM11      OM12      OM22      SG11  
 
 TH 1
+        8.73E+00
 
 TH 2
+       -2.48E-01  1.17E-01
 
 OM11
+        5.53E+00 -5.99E-01  2.74E+02
 
 OM12
+       -9.63E+00  4.80E-01 -2.13E+02  1.25E+03
 
 OM22
+        3.64E+00  1.29E-01  4.09E+01 -5.94E+02  1.20E+03
 
 SG11
+       -5.90E+00 -2.41E+00  5.11E+01  1.00E+02 -8.51E+01  6.68E+03
 
 Elapsed postprocess time in seconds:     0.00
 #CPUT: Total CPU Time in Seconds,       22.609
Stop Time: 
Tue 01/03/2017 
10:25 PM
