Tue 01/03/2017 
10:24 PM
$PROB one cmpt simple mu modeled bayes multidose nids: 9 scenario: s1d
;; based_on: run100
$SUB ADVAN1 TRANS2
$INPUT ID TIME DV OBSNUM CMT EVID AMT RATE ADDL II 
$DATA ..\..\mdata\simple_nocovar_56id_6tp_md.csv
IGNORE=@ 
IGNORE=(OBSNUM.EQN.2)
IGNORE=(OBSNUM.EQN.4)
IGNORE=(OBSNUM.EQN.5)
IGNORE=(OBSNUM.EQN.6)
IGNORE=(ID.GT.9)
$ABBR REPLACE THETA(CL, V) = THETA(1 to 2)
$ABBR REPLACE ETA(CL, V) = ETA(1 to 2)

$THETAI
THETA(1:NTHETA)=LOG(THETAI(1:NTHETA))
THETAP(1:NTHETAP)=LOG(THETAPI(1:NTHETAP))
$THETAR
THETAR(1:NTHETA)=EXP(THETA(1:NTHETA))
THETAPR(1:NTHETAP)=EXP(THETAP(1:NTHETAP))

$PRIOR NWPRI 

$PK
"USE NMBAYES_INT, ONLY: ITER_REPORT,BAYES_EXTRA_REQUEST,BAYES_EXTRA
; Request extra information for Bayesian analysis.
; An extra call will then be made for accepted samples
"BAYES_EXTRA_REQUEST=1

MU_1 = THETA(CL)
MU_2 = THETA(V)
CL = EXP(MU_1 + ETA(CL))
V = EXP(MU_2 + ETA(V))
S1 = V

"IF(BAYES_EXTRA==1 .AND. ITER_REPORT>=0 .AND. TIME==0.0) THEN
"WRITE(50,98) ITER_REPORT,ID,CL,V
"98 FORMAT(I12,1X,F14.0,4(1X,1PG12.5))
"ENDIF

$ERROR
IPRED=F
Y = IPRED*(1 + ERR(1))  

$THETA
(0.001, 2.5) ; TVCL
(0.001, 46) ; TVV

$OMEGA BLOCK(2)
0.1    ; nCL
0.1  0.1  ; nV

$SIGMA
0.03 ; PROP

; THETA PRIORS
$THETAP (2.5 FIX) (46 FIX) 

; THETA (uniformative) PRIORs
$THETAPV BLOCK(2)
10000 FIX
0.0 10000 

$OMEGAP BLOCK(2)
0.2 FIX
0 0.2

; degrees of freedom to prior omega matrix - low dof = highly uninformative
$OMEGAPD (2 FIX)

$EST METHOD=CHAIN FILE=..\run100.chn NSAMPLE=0 ISAMPLE=2 DF=20
$EST METHOD=BAYES INTER NBURN=4000 NITER=10000 PRINT=20 NOPRIOR=0 CTYPE=3 CITER=10 SEED=56664
  
NM-TRAN MESSAGES 
  
 WARNINGS AND ERRORS (IF ANY) FOR PROBLEM    1
             
 (WARNING  2) NM-TRAN INFERS THAT THE DATA ARE POPULATION.

 (MU_WARNING 20) MU_001: MU_ VARIABLE SHOULD NOT BE DEFINED AFTER VERBATIM CODE.
  
License Registered to: Devin Pastoor
Expiration Date:    14 NOV 2017
Current Date:        3 JAN 2017
Days until program expires : 311
1NONLINEAR MIXED EFFECTS MODEL PROGRAM (NONMEM) VERSION 7.4.0 alpha14 (nm74a14)
 ORIGINALLY DEVELOPED BY STUART BEAL, LEWIS SHEINER, AND ALISON BOECKMANN
 CURRENT DEVELOPERS ARE ROBERT BAUER, ICON DEVELOPMENT SOLUTIONS,
 AND ALISON BOECKMANN. IMPLEMENTATION, EFFICIENCY, AND STANDARDIZATION
 PERFORMED BY NOUS INFOSYSTEMS.

 PROBLEM NO.:         1
 one cmpt simple mu modeled bayes multidose nids: 9 scenario: s1d
0DATA CHECKOUT RUN:              NO
 DATA SET LOCATED ON UNIT NO.:    2
 THIS UNIT TO BE REWOUND:        NO
 NO. OF DATA RECS IN DATA SET:       27
 NO. OF DATA ITEMS IN DATA SET:  11
 ID DATA ITEM IS DATA ITEM NO.:   1
 DEP VARIABLE IS DATA ITEM NO.:   3
 MDV DATA ITEM IS DATA ITEM NO.: 11
0INDICES PASSED TO SUBROUTINE PRED:
   6   2   7   8   0  10   5   0   0   0   9
0LABELS FOR DATA ITEMS:
 ID TIME DV OBSNUM CMT EVID AMT RATE ADDL II MDV
0LABELS FOR THETAS
 THETA(1)=THETA(CL)
 THETA(2)=THETA(V)
0LABELS FOR ETAS
 ETA(1)=ETA(CL)
0LABELS FOR ETAS
 ETA(2)=ETA(V)
0FORMAT FOR DATA:
 (E2.0,E3.0,E17.0,3E2.0,2E5.0,E2.0,E3.0,1F2.0)

 TOT. NO. OF OBS RECS:       18
 TOT. NO. OF INDIVIDUALS:      9
0LENGTH OF THETA:   5
0DEFAULT THETA BOUNDARY TEST OMITTED:    NO
0OMEGA HAS BLOCK FORM:
  1
  1  1
  0  0  2
  0  0  2  2
  0  0  0  0  3
  0  0  0  0  3  3
0DEFAULT OMEGA BOUNDARY TEST OMITTED:    NO
0SIGMA HAS SIMPLE DIAGONAL FORM WITH DIMENSION:   1
0DEFAULT SIGMA BOUNDARY TEST OMITTED:    NO
0INITIAL ESTIMATE OF THETA:
 LOWER BOUND    INITIAL EST    UPPER BOUND
  0.1000E-02     0.2500E+01     0.1000E+07
  0.1000E-02     0.4600E+02     0.1000E+07
  0.2500E+01     0.2500E+01     0.2500E+01
  0.4600E+02     0.4600E+02     0.4600E+02
  0.2000E+01     0.2000E+01     0.2000E+01
0INITIAL ESTIMATE OF OMEGA:
 BLOCK SET NO.   BLOCK                                                                    FIXED
        1                                                                                   NO
 DIAGONAL SHIFT OF  1.1000E-07 WAS IMPOSED TO ENSURE POSITIVE DEFINITENESS
                  0.1000E+00
                  0.1000E+00   0.1000E+00
        2                                                                                  YES
                  0.1000E+05
                  0.0000E+00   0.1000E+05
        3                                                                                  YES
                  0.2000E+00
                  0.0000E+00   0.2000E+00
0INITIAL ESTIMATE OF SIGMA:
 0.3000E-01
0
 THETAI SUBROUTINE USER-SUPPLIED
 THETAR SUBROUTINE USER-SUPPLIED
 PRIOR SUBROUTINE USER-SUPPLIED
1DOUBLE PRECISION PREDPP VERSION 7.4.0 alpha14 (nm74a14)

 ONE COMPARTMENT MODEL (ADVAN1)
0MAXIMUM NO. OF BASIC PK PARAMETERS:   2
0BASIC PK PARAMETERS (AFTER TRANSLATION):
   ELIMINATION RATE (K) IS BASIC PK PARAMETER NO.:  1

 TRANSLATOR WILL CONVERT PARAMETERS
 CLEARANCE (CL) AND VOLUME (V) TO K (TRANS2)
0COMPARTMENT ATTRIBUTES
 COMPT. NO.   FUNCTION   INITIAL    ON/OFF      DOSE      DEFAULT    DEFAULT
                         STATUS     ALLOWED    ALLOWED    FOR DOSE   FOR OBS.
    1         CENTRAL      ON         NO         YES        YES        YES
    2         OUTPUT       OFF        YES        NO         NO         NO
1
 ADDITIONAL PK PARAMETERS - ASSIGNMENT OF ROWS IN GG
 COMPT. NO.                             INDICES
              SCALE      BIOAVAIL.   ZERO-ORDER  ZERO-ORDER  ABSORB
                         FRACTION    RATE        DURATION    LAG
    1            3           *           *           *           *
    2            *           -           -           -           -
             - PARAMETER IS NOT ALLOWED FOR THIS MODEL
             * PARAMETER IS NOT SUPPLIED BY PK SUBROUTINE;
               WILL DEFAULT TO ONE IF APPLICABLE
0DATA ITEM INDICES USED BY PRED ARE:
   EVENT ID DATA ITEM IS DATA ITEM NO.:      6
   TIME DATA ITEM IS DATA ITEM NO.:          2
   DOSE AMOUNT DATA ITEM IS DATA ITEM NO.:   7
   DOSE RATE DATA ITEM IS DATA ITEM NO.:     8
   INTERVAL DATA ITEM IS DATA ITEM NO.:     10
   ADDL. DOSES DATA ITEM IS DATA ITEM NO.:   9
   COMPT. NO. DATA ITEM IS DATA ITEM NO.:    5

0PK SUBROUTINE CALLED WITH EVERY EVENT RECORD.
 PK SUBROUTINE NOT CALLED AT NONEVENT (ADDITIONAL OR LAGGED) DOSE TIMES.
0ERROR SUBROUTINE CALLED WITH EVERY EVENT RECORD.
1


 #TBLN:      1
 #METH: Chain Method Processing

 RANDOM GENERATION TYPE (CTYPE):     0
 RANDOM GENERATION SEED (SEED):      11456
 RANDOM SAMPLE SELECTION (ISAMPLE):  2
 RANDOM SAMPLE RANGE END (ISAMPEND): -2147483647
 NUMBER OF RANDOM SAMPLES (NSAMPLE): 0
 UNIFORM FRACTIONAL RANGE (IACCEPT): 0.400000000000000
 RANDOM SELECTION TYPE (SELECT):     0
 DEG. FR. TO GENERATE OMEGAS (DF):   20
 DEG. FR. TO GENERATE SIGMAS (DFS):  -1
 CHAIN FILE (FILE):                  ..\run100.chn
 EXCL. TITLE IN CHAIN FILE (NOTITLE):NO
 EX. COL. LBS. IN CHAIN FL.(NOLABEL):NO
 FORMAT FOR CHAIN FILE (FORMAT):     S1PE12.5
 PAR. ORDER in CHAIN FILE (ORDER):   TSOL
 RANDOM SAMPLING METHOD (RANMETHOD):3U

 THE FOLLOWING LABELS ARE EQUIVALENT
 PRED=NPRED
 RES=NRES
 WRES=NWRES
 IWRS=NIWRES
 IPRD=NIPRED
 IRS=NIRES



 FROM SAMPLE 2 OF CHAIN FILE ..\run100.chn
 NEW INITIAL ESTIMATES OF THETA
  0.3533E+01
  0.1015E-01
 NEW INITIAL ESTIMATES OF OMEGA
  0.1302E+00
  0.1302E+00  0.1302E+00
 NEW INITIAL ESTIMATES OF SIGMA
  0.4169E-01
1


 #TBLN:      1
 #METH: MCMC Bayesian Analysis

 ESTIMATION STEP OMITTED:                 NO
 ANALYSIS TYPE:                           POPULATION
 NUMBER OF SADDLE POINT RESET ITERATIONS:      0
 GRADIENT METHOD USED:               NOSLOW
 CONDITIONAL ESTIMATES USED:              YES
 CENTERED ETA:                            NO
 EPS-ETA INTERACTION:                     YES
 LAPLACIAN OBJ. FUNC.:                    NO
 NO. OF FUNCT. EVALS. ALLOWED:            840
 NO. OF SIG. FIGURES REQUIRED:            3
 INTERMEDIATE PRINTOUT:                   YES
 ESTIMATE OUTPUT TO MSF:                  NO
 IND. OBJ. FUNC. VALUES SORTED:           NO
 NUMERICAL DERIVATIVE
       FILE REQUEST (NUMDER):               NONE
 MAP (ETAHAT) ESTIMATION METHOD (OPTMAP):   0
 ETA HESSIAN EVALUATION METHOD (ETADER):    0
 INITIAL ETA FOR MAP ESTIMATION (MCETA):    0
 SIGDIGITS FOR MAP ESTIMATION (SIGLO):      100
 GRADIENT SIGDIGITS OF
       FIXED EFFECTS PARAMETERS (SIGL):     100
 NOPRIOR SETTING (NOPRIOR):                 OFF
 NOCOV SETTING (NOCOV):                     OFF
 DERCONT SETTING (DERCONT):                 OFF
 FINAL ETA RE-EVALUATION (FNLETA):          ON
 EXCLUDE NON-INFLUENTIAL (NON-INFL.) ETAS
       IN SHRINKAGE (ETASTYPE):             NO
 NON-INFL. ETA CORRECTION (NONINFETA):      OFF
 RAW OUTPUT FILE (FILE): run105_nids_9_s1d_c2.ext
 EXCLUDE TITLE (NOTITLE):                   NO
 EXCLUDE COLUMN LABELS (NOLABEL):           NO
 FORMAT FOR ADDITIONAL FILES (FORMAT):      S1PE12.5
 PARAMETER ORDER FOR OUTPUTS (ORDER):       TSOL
 WISHART PRIOR DF INTERPRETATION (WISHTYPE):0
 KNUTHSUMOFF:                               0
 INCLUDE LNTWOPI:                           NO
 INCLUDE CONSTANT TERM TO PRIOR (PRIORC):   NO
 INCLUDE CONSTANT TERM TO OMEGA (ETA) (OLNTWOPI):NO
 EM OR BAYESIAN METHOD USED:                MCMC BAYESIAN (BAYES)
 MU MODELING PATTERN (MUM):
 GRADIENT/GIBBS PATTERN (GRD):
 AUTOMATIC SETTING FEATURE (AUTO):          OFF
 CONVERGENCE TYPE (CTYPE):                  3
 KEEP ITERATIONS (THIN):            1
 CONVERGENCE INTERVAL (CINTERVAL):          20
 CONVERGENCE ITERATIONS (CITER):            10
 CONVERGENCE ALPHA ERROR (CALPHA):          5.000000000000000E-02
 BURN-IN ITERATIONS (NBURN):                4000
 ITERATIONS (NITER):                        10000
 ANEAL SETTING (CONSTRAIN):                 1
 STARTING SEED FOR MC METHODS (SEED):       56664
 MC SAMPLES PER SUBJECT (ISAMPLE):          1
 RANDOM SAMPLING METHOD (RANMETHOD):        3U
 PROPOSAL DENSITY SCALING RANGE
              (ISCALE_MIN, ISCALE_MAX):     1.000000000000000E-06   ,1000000.00000000
 SAMPLE ACCEPTANCE RATE (IACCEPT):          0.400000000000000
 METROPOLIS HASTINGS SAMPLING FOR INDIVIDUAL ETAS:
 SAMPLES FOR GLOBAL SEARCH KERNEL (ISAMPLE_M1):          2
 SAMPLES FOR NEIGHBOR SEARCH KERNEL (ISAMPLE_M1A):       0
 SAMPLES FOR MASS/IMP/POST. MATRIX SEARCH (ISAMPLE_M1B): 2
 SAMPLES FOR LOCAL SEARCH KERNEL (ISAMPLE_M2):           2
 SAMPLES FOR LOCAL UNIVARIATE KERNEL (ISAMPLE_M3):       2
 PWR. WT. MASS/IMP/POST MATRIX ACCUM. FOR ETAS (IKAPPA): 1.00000000000000
 MASS/IMP./POST. MATRIX REFRESH SETTING (MASSREST):      -1
 METROPOLIS HASTINGS POPULATION SAMPLING FOR NON-GIBBS
 SAMPLED THETAS AND SIGMAS:
 PROPOSAL DENSITY SCALING RANGE
              (PSCALE_MIN, PSCALE_MAX):   1.000000000000000E-02   ,1000.00000000000
 SAMPLE ACCEPTANCE RATE (PACCEPT):                       0.500000000000000
 SAMPLES FOR GLOBAL SEARCH KERNEL (PSAMPLE_M1):          1
 SAMPLES FOR LOCAL SEARCH KERNEL (PSAMPLE_M2):           -1
 SAMPLES FOR LOCAL UNIVARIATE KERNEL (PSAMPLE_M3):       1
 METROPOLIS HASTINGS POPULATION SAMPLING FOR NON-GIBBS
 SAMPLED OMEGAS:
 SAMPLE ACCEPTANCE RATE (OACCEPT):                       0.500000000000000
 SAMPLES FOR GLOBAL SEARCH KERNEL (OSAMPLE_M1):          -1
 SAMPLES FOR LOCAL SEARCH KERNEL (OSAMPLE_M2):           -1
 SAMPLES FOR LOCAL UNIVARIATE SEARCH KERNEL (OSAMPLE_M3):0
 DEG. FR. FOR T DIST.  PRIOR FOR THETAS (TTDF):        0.00000000000000
 DEG. FR. FOR LKJ CORRELATION PRIOR FOR OMEGAS (OLKJDF): 0.00000000000000
 WEIGHT FACTOR FOR STD PRIOR FOR OMEGAS (OVARF): 1.00000000000000
 DEG. FR. FOR LKJ CORRELATION PRIOR FOR SIGMAS (SLKJDF): 0.00000000000000
 WEIGHT FACTOR FOR STD PRIOR FOR SIGMAS (SVARF): 1.00000000000000


 THE FOLLOWING LABELS ARE EQUIVALENT
 PRED=PREDI
 RES=RESI
 WRES=WRESI
 IWRS=IWRESI
 IPRD=IPREDI
 IRS=IRESI

 EM/BAYES SETUP:
 THETAS THAT ARE MU MODELED:
   1   2
 THETAS THAT ARE GIBBS SAMPLED:
   1   2
 THETAS THAT ARE METROPOLIS-HASTINGS SAMPLED:
 
 SIGMAS THAT ARE GIBBS SAMPLED:
   1
 SIGMAS THAT ARE METROPOLIS-HASTINGS SAMPLED:
 
 OMEGAS ARE GIBBS SAMPLED

 MONITORING OF SEARCH:

 Burn-in Mode
 iteration        -4000 MCMCOBJ=    325790817.97873658     
 iteration        -3980 MCMCOBJ=    144.38878910491269     
 iteration        -3960 MCMCOBJ=    61.986245801948009     
 iteration        -3940 MCMCOBJ=    68.397287236246228     
 iteration        -3920 MCMCOBJ=    55.909591001267380     
 iteration        -3900 MCMCOBJ=    20.073162811819547     
 iteration        -3880 MCMCOBJ=    30.599852222627892     
 iteration        -3860 MCMCOBJ=    14.536116357705636     
 iteration        -3840 MCMCOBJ=    23.634245569040377     
 iteration        -3820 MCMCOBJ=    22.985008524141548     
 iteration        -3800 MCMCOBJ=    50.470435673789225     
 iteration        -3780 MCMCOBJ=    54.238282913507227     
 Convergence achieved
 Sampling Mode
 iteration            0 MCMCOBJ=    54.456346448188093     
 iteration           20 MCMCOBJ=    63.106306822127749     
 iteration           40 MCMCOBJ=    4.8715622215370269     
 iteration           60 MCMCOBJ=   -22.183833113506221     
 iteration           80 MCMCOBJ=   -4.6867270861652557     
 iteration          100 MCMCOBJ=    20.534211862562707     
 iteration          120 MCMCOBJ=    37.193933206827296     
 iteration          140 MCMCOBJ=    41.238794799897981     
 iteration          160 MCMCOBJ=    24.393157413724385     
 iteration          180 MCMCOBJ=    30.394517445714943     
 iteration          200 MCMCOBJ=   -13.088352151932529     
 iteration          220 MCMCOBJ=    11.825404261515521     
 iteration          240 MCMCOBJ=    43.104363232280264     
 iteration          260 MCMCOBJ=    44.466645472187757     
 iteration          280 MCMCOBJ=    33.720663844570922     
 iteration          300 MCMCOBJ=    42.800558856592509     
 iteration          320 MCMCOBJ=    8.1998140160332706     
 iteration          340 MCMCOBJ=    5.7175338799177142     
 iteration          360 MCMCOBJ=    37.056085165270382     
 iteration          380 MCMCOBJ=    6.4498167339349770     
 iteration          400 MCMCOBJ=    2.0824142409080135     
 iteration          420 MCMCOBJ=   -15.199456816685572     
 iteration          440 MCMCOBJ=   -16.270578399261058     
 iteration          460 MCMCOBJ=   -5.0728074236602509     
 iteration          480 MCMCOBJ=   -47.275710849068645     
 iteration          500 MCMCOBJ=   -35.847745882175808     
 iteration          520 MCMCOBJ=   -32.527203849987835     
 iteration          540 MCMCOBJ=   -50.718645681318179     
 iteration          560 MCMCOBJ=   -20.198246436135889     
 iteration          580 MCMCOBJ=   -27.682658284757022     
 iteration          600 MCMCOBJ=   -21.425227039792190     
 iteration          620 MCMCOBJ=    30.529357588841261     
 iteration          640 MCMCOBJ=    31.414554255410671     
 iteration          660 MCMCOBJ=    22.617381596873148     
 iteration          680 MCMCOBJ=   -20.726429919865957     
 iteration          700 MCMCOBJ=   -17.923430626349109     
 iteration          720 MCMCOBJ=   -22.883940882287188     
 iteration          740 MCMCOBJ=   -37.257204746094985     
 iteration          760 MCMCOBJ=   -31.202623302989206     
 iteration          780 MCMCOBJ=   -6.4608439977796044     
 iteration          800 MCMCOBJ=    21.714773562187553     
 iteration          820 MCMCOBJ=    47.234115447055352     
 iteration          840 MCMCOBJ=    18.235768901404864     
 iteration          860 MCMCOBJ=    45.339172376469506     
 iteration          880 MCMCOBJ=    43.698401037382773     
 iteration          900 MCMCOBJ=    54.889018655517347     
 iteration          920 MCMCOBJ=   0.16749359885572504     
 iteration          940 MCMCOBJ=    44.091298595331558     
 iteration          960 MCMCOBJ=    53.200882592304090     
 iteration          980 MCMCOBJ=    40.972031966212136     
 iteration         1000 MCMCOBJ=    30.610374140225002     
 iteration         1020 MCMCOBJ=   -21.485785455344310     
 iteration         1040 MCMCOBJ=   -23.275264252383923     
 iteration         1060 MCMCOBJ=    25.516687404163370     
 iteration         1080 MCMCOBJ=    22.699112809709142     
 iteration         1100 MCMCOBJ=    11.425107093822243     
 iteration         1120 MCMCOBJ=    18.166296024241142     
 iteration         1140 MCMCOBJ=    25.150256649499418     
 iteration         1160 MCMCOBJ=    28.355864348327636     
 iteration         1180 MCMCOBJ=   -1.1867697347595256     
 iteration         1200 MCMCOBJ=    15.263234132413167     
 iteration         1220 MCMCOBJ=    11.956175489148849     
 iteration         1240 MCMCOBJ=   -10.292801039009492     
 iteration         1260 MCMCOBJ=   -25.274222358061451     
 iteration         1280 MCMCOBJ=   -3.3666858693786814     
 iteration         1300 MCMCOBJ=    39.487766926467565     
 iteration         1320 MCMCOBJ=    20.599249777367490     
 iteration         1340 MCMCOBJ=    17.468928217454707     
 iteration         1360 MCMCOBJ=   -37.133545901606787     
 iteration         1380 MCMCOBJ=   -22.071104751866972     
 iteration         1400 MCMCOBJ=   -33.707781854552280     
 iteration         1420 MCMCOBJ=   -77.572844483919823     
 iteration         1440 MCMCOBJ=   -34.642712131906777     
 iteration         1460 MCMCOBJ=   -33.279159892142438     
 iteration         1480 MCMCOBJ=   -11.386587722788718     
 iteration         1500 MCMCOBJ=   -61.928682123286279     
 iteration         1520 MCMCOBJ=   -95.740884719403127     
 iteration         1540 MCMCOBJ=   -100.04895741326730     
 iteration         1560 MCMCOBJ=   -107.36439887107117     
 iteration         1580 MCMCOBJ=   -121.91335911120896     
 iteration         1600 MCMCOBJ=   -82.136673771074911     
 iteration         1620 MCMCOBJ=   -71.451680910368410     
 iteration         1640 MCMCOBJ=   -78.232479164402662     
 iteration         1660 MCMCOBJ=   -77.321508412388980     
 iteration         1680 MCMCOBJ=   -71.732485260023921     
 iteration         1700 MCMCOBJ=   -65.886144063468976     
 iteration         1720 MCMCOBJ=   -65.328813882877739     
 iteration         1740 MCMCOBJ=   -83.068739878114485     
 iteration         1760 MCMCOBJ=   -98.715107995934446     
 iteration         1780 MCMCOBJ=   -97.895253281890120     
 iteration         1800 MCMCOBJ=   -109.51605531082073     
 iteration         1820 MCMCOBJ=   -114.48787680758053     
 iteration         1840 MCMCOBJ=   -81.391518555709226     
 iteration         1860 MCMCOBJ=   -56.587912986347135     
 iteration         1880 MCMCOBJ=   -61.228724618268288     
 iteration         1900 MCMCOBJ=   -55.566699489165401     
 iteration         1920 MCMCOBJ=   -51.756911393648799     
 iteration         1940 MCMCOBJ=   -66.206269778128359     
 iteration         1960 MCMCOBJ=   -84.196083204438821     
 iteration         1980 MCMCOBJ=   -87.149580309786089     
 iteration         2000 MCMCOBJ=   -55.318374848717824     
 iteration         2020 MCMCOBJ=    1.8861808025662228     
 iteration         2040 MCMCOBJ=    3.6851980975559808     
 iteration         2060 MCMCOBJ=    45.458394198834483     
 iteration         2080 MCMCOBJ=    10.709878533079944     
 iteration         2100 MCMCOBJ=    42.332574034699576     
 iteration         2120 MCMCOBJ=    3.7022742446092551     
 iteration         2140 MCMCOBJ=   -39.479538449853770     
 iteration         2160 MCMCOBJ=    15.343920084922036     
 iteration         2180 MCMCOBJ=   -1.0786718777177315     
 iteration         2200 MCMCOBJ=   -29.708805135969403     
 iteration         2220 MCMCOBJ=   -7.7805311098215251     
 iteration         2240 MCMCOBJ=    35.993224814684723     
 iteration         2260 MCMCOBJ=    41.578116804328488     
 iteration         2280 MCMCOBJ=    59.920918557732229     
 iteration         2300 MCMCOBJ=    26.543228517411645     
 iteration         2320 MCMCOBJ=    36.788155525217945     
 iteration         2340 MCMCOBJ=    37.005931155012448     
 iteration         2360 MCMCOBJ=    42.275599410689992     
 iteration         2380 MCMCOBJ=    23.949245915077174     
 iteration         2400 MCMCOBJ=    16.031020008361661     
 iteration         2420 MCMCOBJ=    6.0349093239043166     
 iteration         2440 MCMCOBJ=   -37.171574479073897     
 iteration         2460 MCMCOBJ=    21.390959601238869     
 iteration         2480 MCMCOBJ=   -9.1695452446184760     
 iteration         2500 MCMCOBJ=   -26.712213185772434     
 iteration         2520 MCMCOBJ=    1.7715062534943331     
 iteration         2540 MCMCOBJ=   0.68681160582722844     
 iteration         2560 MCMCOBJ=    12.007675433787847     
 iteration         2580 MCMCOBJ=    30.649584489057027     
 iteration         2600 MCMCOBJ=    38.931602521041071     
 iteration         2620 MCMCOBJ=    44.085375062127909     
 iteration         2640 MCMCOBJ=    21.873954322191246     
 iteration         2660 MCMCOBJ=   -2.2720910875635330     
 iteration         2680 MCMCOBJ=    13.115945317314377     
 iteration         2700 MCMCOBJ=   -5.9474033967658091     
 iteration         2720 MCMCOBJ=   -48.170836665361243     
 iteration         2740 MCMCOBJ=   -67.890342481923184     
 iteration         2760 MCMCOBJ=   -83.316075127530922     
 iteration         2780 MCMCOBJ=   -94.837153365953256     
 iteration         2800 MCMCOBJ=   -33.119648588134275     
 iteration         2820 MCMCOBJ=   -46.199009683008626     
 iteration         2840 MCMCOBJ=   -56.669324857760380     
 iteration         2860 MCMCOBJ=   -54.874607024715232     
 iteration         2880 MCMCOBJ=   -61.477992905330538     
 iteration         2900 MCMCOBJ=   -78.582860896750233     
 iteration         2920 MCMCOBJ=   -42.330098813098303     
 iteration         2940 MCMCOBJ=   -16.408766383794127     
 iteration         2960 MCMCOBJ=    3.9180601748097725     
 iteration         2980 MCMCOBJ=    9.8858376264380414     
 iteration         3000 MCMCOBJ=    33.690195799110498     
 iteration         3020 MCMCOBJ=    41.118951391477957     
 iteration         3040 MCMCOBJ=    18.031361332052079     
 iteration         3060 MCMCOBJ=    34.176232076717106     
 iteration         3080 MCMCOBJ=    62.834351420138482     
 iteration         3100 MCMCOBJ=    40.975156357110436     
 iteration         3120 MCMCOBJ=    43.840150378355546     
 iteration         3140 MCMCOBJ=    23.222052475088038     
 iteration         3160 MCMCOBJ=    5.3014053289980527     
 iteration         3180 MCMCOBJ=    26.011720960912896     
 iteration         3200 MCMCOBJ=    27.163752492825292     
 iteration         3220 MCMCOBJ=    33.810720104076864     
 iteration         3240 MCMCOBJ=    24.783611033366242     
 iteration         3260 MCMCOBJ=    55.088108597970781     
 iteration         3280 MCMCOBJ=    23.880702994107143     
 iteration         3300 MCMCOBJ=   -18.559301513776841     
 iteration         3320 MCMCOBJ=   -13.827694899674594     
 iteration         3340 MCMCOBJ=   -43.972451636389160     
 iteration         3360 MCMCOBJ=   -84.587224570948763     
 iteration         3380 MCMCOBJ=   -81.495042112623494     
 iteration         3400 MCMCOBJ=   -117.83830389323994     
 iteration         3420 MCMCOBJ=   -157.59314759991787     
 iteration         3440 MCMCOBJ=   -87.990595323566794     
 iteration         3460 MCMCOBJ=   -84.887292195002445     
 iteration         3480 MCMCOBJ=   -93.834121293521790     
 iteration         3500 MCMCOBJ=   -63.482254538741699     
 iteration         3520 MCMCOBJ=   -53.233194256776869     
 iteration         3540 MCMCOBJ=   -79.328773294925327     
 iteration         3560 MCMCOBJ=   -47.359532597264689     
 iteration         3580 MCMCOBJ=   -9.6708867715704727     
 iteration         3600 MCMCOBJ=   -39.925604062668441     
 iteration         3620 MCMCOBJ=   -52.836377885233844     
 iteration         3640 MCMCOBJ=   -104.64765983935514     
 iteration         3660 MCMCOBJ=   -142.52151987223502     
 iteration         3680 MCMCOBJ=   -183.09961977654157     
 iteration         3700 MCMCOBJ=   -147.68424665794501     
 iteration         3720 MCMCOBJ=   -172.73517574981065     
 iteration         3740 MCMCOBJ=   -190.61115018090359     
 iteration         3760 MCMCOBJ=   -192.59813035294192     
 iteration         3780 MCMCOBJ=   -221.76253255864401     
 iteration         3800 MCMCOBJ=   -201.73575516558307     
 iteration         3820 MCMCOBJ=   -209.49949107738760     
 iteration         3840 MCMCOBJ=   -216.41832455736943     
 iteration         3860 MCMCOBJ=   -200.77800537150421     
 iteration         3880 MCMCOBJ=   -155.61938672871142     
 iteration         3900 MCMCOBJ=   -173.31520307928173     
 iteration         3920 MCMCOBJ=   -192.49692371467609     
 iteration         3940 MCMCOBJ=   -178.54120733262411     
 iteration         3960 MCMCOBJ=   -215.28199069523890     
 iteration         3980 MCMCOBJ=   -206.59431304982056     
 iteration         4000 MCMCOBJ=   -150.01202589636384     
 iteration         4020 MCMCOBJ=   -120.18102327588822     
 iteration         4040 MCMCOBJ=   -134.42829569875659     
 iteration         4060 MCMCOBJ=   -146.52944626384914     
 iteration         4080 MCMCOBJ=   -156.98365797764421     
 iteration         4100 MCMCOBJ=   -211.47691775667533     
 iteration         4120 MCMCOBJ=   -195.09033876964384     
 iteration         4140 MCMCOBJ=   -194.64189317174072     
 iteration         4160 MCMCOBJ=   -226.56146815860237     
 iteration         4180 MCMCOBJ=   -201.69049993389822     
 iteration         4200 MCMCOBJ=   -212.21695177175451     
 iteration         4220 MCMCOBJ=   -237.20401162410843     
 iteration         4240 MCMCOBJ=   -236.38343021636166     
 iteration         4260 MCMCOBJ=   -244.80864736660777     
 iteration         4280 MCMCOBJ=   -252.21470748809787     
 iteration         4300 MCMCOBJ=   -241.03933991114408     
 iteration         4320 MCMCOBJ=   -243.54880013131574     
 iteration         4340 MCMCOBJ=   -179.71040662683643     
 iteration         4360 MCMCOBJ=   -227.28124599974427     
 iteration         4380 MCMCOBJ=   -216.25732615613649     
 iteration         4400 MCMCOBJ=   -236.16037616185733     
 iteration         4420 MCMCOBJ=   -240.47098337564020     
 iteration         4440 MCMCOBJ=   -205.20828015424553     
 iteration         4460 MCMCOBJ=   -214.45209257805365     
 iteration         4480 MCMCOBJ=   -261.08718328432343     
 iteration         4500 MCMCOBJ=   -240.92964039591692     
 iteration         4520 MCMCOBJ=   -228.76161724428655     
 iteration         4540 MCMCOBJ=   -233.97346938850623     
 iteration         4560 MCMCOBJ=   -219.85560544312867     
 iteration         4580 MCMCOBJ=   -218.64596087160902     
 iteration         4600 MCMCOBJ=   -192.59052556559953     
 iteration         4620 MCMCOBJ=   -209.91150120576927     
 iteration         4640 MCMCOBJ=   -192.02244161972388     
 iteration         4660 MCMCOBJ=   -168.01939212397363     
 iteration         4680 MCMCOBJ=   -142.24942913741572     
 iteration         4700 MCMCOBJ=   -115.28906349175938     
 iteration         4720 MCMCOBJ=   -90.255875202987383     
 iteration         4740 MCMCOBJ=   -73.497314203214358     
 iteration         4760 MCMCOBJ=   -149.48100565926660     
 iteration         4780 MCMCOBJ=   -147.38760185008053     
 iteration         4800 MCMCOBJ=   -101.21554249454607     
 iteration         4820 MCMCOBJ=   -124.57071927429541     
 iteration         4840 MCMCOBJ=   -102.68593926028618     
 iteration         4860 MCMCOBJ=   -97.031650542107528     
 iteration         4880 MCMCOBJ=   -25.609543552590932     
 iteration         4900 MCMCOBJ=    39.727006482142457     
 iteration         4920 MCMCOBJ=    37.554952706711134     
 iteration         4940 MCMCOBJ=    33.425784643785946     
 iteration         4960 MCMCOBJ=    35.122148567309253     
 iteration         4980 MCMCOBJ=    33.214001596075249     
 iteration         5000 MCMCOBJ=    32.863526610543914     
 iteration         5020 MCMCOBJ=    16.074477450014559     
 iteration         5040 MCMCOBJ=   -24.033296041730342     
 iteration         5060 MCMCOBJ=   -17.777392706335082     
 iteration         5080 MCMCOBJ=   -4.3514264461985492     
 iteration         5100 MCMCOBJ=   -26.577427540560407     
 iteration         5120 MCMCOBJ=    13.655985736879087     
 iteration         5140 MCMCOBJ=   -6.2501701814155259     
 iteration         5160 MCMCOBJ=   -17.653703658470846     
 iteration         5180 MCMCOBJ=   -30.270021708324272     
 iteration         5200 MCMCOBJ=   -54.856799120050532     
 iteration         5220 MCMCOBJ=   -53.625475322224815     
 iteration         5240 MCMCOBJ=   -35.621690653543105     
 iteration         5260 MCMCOBJ=   -7.0596444710322048     
 iteration         5280 MCMCOBJ=   -5.0675910313027233     
 iteration         5300 MCMCOBJ=    54.561633460393118     
 iteration         5320 MCMCOBJ=    8.9663494161029451     
 iteration         5340 MCMCOBJ=    53.033595269878468     
 iteration         5360 MCMCOBJ=   -6.3005241043354410     
 iteration         5380 MCMCOBJ=    1.0814625789197212     
 iteration         5400 MCMCOBJ=    5.3208218322041709     
 iteration         5420 MCMCOBJ=    4.3466747792316012     
 iteration         5440 MCMCOBJ=    22.707029153923184     
 iteration         5460 MCMCOBJ=    51.571712596729469     
 iteration         5480 MCMCOBJ=    19.559906787663213     
 iteration         5500 MCMCOBJ=   -23.016647767956716     
 iteration         5520 MCMCOBJ=   -48.174846085081029     
 iteration         5540 MCMCOBJ=   -47.204185197550991     
 iteration         5560 MCMCOBJ=   -56.310726747381061     
 iteration         5580 MCMCOBJ=   -88.119060497154280     
 iteration         5600 MCMCOBJ=   -67.922775335137928     
 iteration         5620 MCMCOBJ=   -91.633690328706507     
 iteration         5640 MCMCOBJ=   -81.947066707112725     
 iteration         5660 MCMCOBJ=   -65.450827088519659     
 iteration         5680 MCMCOBJ=   -32.615251200827984     
 iteration         5700 MCMCOBJ=   -12.246577904036467     
 iteration         5720 MCMCOBJ=   -15.635674677910105     
 iteration         5740 MCMCOBJ=   -60.106959572498376     
 iteration         5760 MCMCOBJ=   -61.978085211913104     
 iteration         5780 MCMCOBJ=   -37.179739780480659     
 iteration         5800 MCMCOBJ=   -27.408412783579443     
 iteration         5820 MCMCOBJ=    11.780208898446007     
 iteration         5840 MCMCOBJ=    13.945265964655979     
 iteration         5860 MCMCOBJ=    39.402048740891289     
 iteration         5880 MCMCOBJ=    43.408237844663937     
 iteration         5900 MCMCOBJ=    53.647764455156548     
 iteration         5920 MCMCOBJ=    3.6924856110278537     
 iteration         5940 MCMCOBJ=   -27.078361997474186     
 iteration         5960 MCMCOBJ=    12.145063346264905     
 iteration         5980 MCMCOBJ=    17.976596737447021     
 iteration         6000 MCMCOBJ=    9.2133072533237019     
 iteration         6020 MCMCOBJ=    53.071437658562296     
 iteration         6040 MCMCOBJ=    26.813446648566796     
 iteration         6060 MCMCOBJ=    13.402648301946172     
 iteration         6080 MCMCOBJ=    41.878438550360450     
 iteration         6100 MCMCOBJ=    57.414635905594011     
 iteration         6120 MCMCOBJ=    19.939884182981768     
 iteration         6140 MCMCOBJ=    20.973594555938416     
 iteration         6160 MCMCOBJ=    13.997727739146804     
 iteration         6180 MCMCOBJ=    15.546923902554378     
 iteration         6200 MCMCOBJ=    5.9925693059753948     
 iteration         6220 MCMCOBJ=    15.243267055843701     
 iteration         6240 MCMCOBJ=   -16.297189564309175     
 iteration         6260 MCMCOBJ=   -38.900361186226043     
 iteration         6280 MCMCOBJ=    11.145776150400501     
 iteration         6300 MCMCOBJ=    71.494202459581217     
 iteration         6320 MCMCOBJ=    48.547671691004844     
 iteration         6340 MCMCOBJ=    16.667227946171778     
 iteration         6360 MCMCOBJ=    49.693029125629295     
 iteration         6380 MCMCOBJ=    11.355402733797874     
 iteration         6400 MCMCOBJ=    26.889543603602593     
 iteration         6420 MCMCOBJ=    1.7723163342290158     
 iteration         6440 MCMCOBJ=   -2.5749899415398620     
 iteration         6460 MCMCOBJ=   -41.058381771377334     
 iteration         6480 MCMCOBJ=   -10.298963485220998     
 iteration         6500 MCMCOBJ=   -45.096909689491895     
 iteration         6520 MCMCOBJ=   -83.303107340653483     
 iteration         6540 MCMCOBJ=   -96.922108386500469     
 iteration         6560 MCMCOBJ=   -44.986795594890211     
 iteration         6580 MCMCOBJ=   -27.637136762471734     
 iteration         6600 MCMCOBJ=   -30.653701370178467     
 iteration         6620 MCMCOBJ=   -21.145674569712899     
 iteration         6640 MCMCOBJ=   -21.448336719585296     
 iteration         6660 MCMCOBJ=   -34.568686234738415     
 iteration         6680 MCMCOBJ=   -61.253317519699870     
 iteration         6700 MCMCOBJ=   -76.250892365149568     
 iteration         6720 MCMCOBJ=   -116.39748524640788     
 iteration         6740 MCMCOBJ=   -156.52491023323884     
 iteration         6760 MCMCOBJ=   -151.83323115208555     
 iteration         6780 MCMCOBJ=   -216.81183451450650     
 iteration         6800 MCMCOBJ=   -253.22692030734996     
 iteration         6820 MCMCOBJ=   -246.11154576139006     
 iteration         6840 MCMCOBJ=   -236.92340435698756     
 iteration         6860 MCMCOBJ=   -231.04040845595296     
 iteration         6880 MCMCOBJ=   -235.67056874937043     
 iteration         6900 MCMCOBJ=   -209.89353725541196     
 iteration         6920 MCMCOBJ=   -222.07213670943798     
 iteration         6940 MCMCOBJ=   -223.63231057600737     
 iteration         6960 MCMCOBJ=   -229.12527550571528     
 iteration         6980 MCMCOBJ=   -185.57841269972502     
 iteration         7000 MCMCOBJ=   -195.21073971053573     
 iteration         7020 MCMCOBJ=   -217.63236953350130     
 iteration         7040 MCMCOBJ=   -225.79894642007804     
 iteration         7060 MCMCOBJ=   -221.42872579121115     
 iteration         7080 MCMCOBJ=   -199.10067382191616     
 iteration         7100 MCMCOBJ=   -115.10971512246678     
 iteration         7120 MCMCOBJ=   -142.81421737439524     
 iteration         7140 MCMCOBJ=   -145.88082693122743     
 iteration         7160 MCMCOBJ=   -114.50346578082532     
 iteration         7180 MCMCOBJ=   -115.53227060847796     
 iteration         7200 MCMCOBJ=   -94.886268078308930     
 iteration         7220 MCMCOBJ=   -70.151082527382400     
 iteration         7240 MCMCOBJ=   -53.572876411621749     
 iteration         7260 MCMCOBJ=   -90.488827820157866     
 iteration         7280 MCMCOBJ=   -34.106600925631646     
 iteration         7300 MCMCOBJ=   -51.899449041172964     
 iteration         7320 MCMCOBJ=   -63.115026310048982     
 iteration         7340 MCMCOBJ=   -98.873818415221592     
 iteration         7360 MCMCOBJ=   -78.709771150028899     
 iteration         7380 MCMCOBJ=   -99.677314769481740     
 iteration         7400 MCMCOBJ=   -145.11958866852581     
 iteration         7420 MCMCOBJ=   -138.47285743782996     
 iteration         7440 MCMCOBJ=   -109.21831076082232     
 iteration         7460 MCMCOBJ=   -128.60087580256132     
 iteration         7480 MCMCOBJ=   -114.06958146541837     
 iteration         7500 MCMCOBJ=   -109.87386402574296     
 iteration         7520 MCMCOBJ=   -44.655843534462306     
 iteration         7540 MCMCOBJ=   -63.468629381985330     
 iteration         7560 MCMCOBJ=   -81.802537797043399     
 iteration         7580 MCMCOBJ=   -89.881861905819434     
 iteration         7600 MCMCOBJ=   -94.736172396992586     
 iteration         7620 MCMCOBJ=   -147.08770119111236     
 iteration         7640 MCMCOBJ=   -130.17911056391404     
 iteration         7660 MCMCOBJ=   -126.20980367842439     
 iteration         7680 MCMCOBJ=   -87.517812090393676     
 iteration         7700 MCMCOBJ=   -10.179066862088321     
 iteration         7720 MCMCOBJ=   -29.629492794641500     
 iteration         7740 MCMCOBJ=   -51.678621700418788     
 iteration         7760 MCMCOBJ=   -62.972841431485570     
 iteration         7780 MCMCOBJ=   -107.78952729796644     
 iteration         7800 MCMCOBJ=   -131.02906276165561     
 iteration         7820 MCMCOBJ=   -146.82163883065178     
 iteration         7840 MCMCOBJ=   -170.89740395493214     
 iteration         7860 MCMCOBJ=   -138.60356489004479     
 iteration         7880 MCMCOBJ=   -145.86507670235719     
 iteration         7900 MCMCOBJ=   -135.22733125280376     
 iteration         7920 MCMCOBJ=   -148.50806775516423     
 iteration         7940 MCMCOBJ=   -179.35260557345310     
 iteration         7960 MCMCOBJ=   -225.74937273400184     
 iteration         7980 MCMCOBJ=   -202.73498763216796     
 iteration         8000 MCMCOBJ=   -194.68564637560306     
 iteration         8020 MCMCOBJ=   -177.75432744356050     
 iteration         8040 MCMCOBJ=   -206.44544766523987     
 iteration         8060 MCMCOBJ=   -214.03338265609273     
 iteration         8080 MCMCOBJ=   -229.09957873398898     
 iteration         8100 MCMCOBJ=   -228.67246978273405     
 iteration         8120 MCMCOBJ=   -184.82678354617377     
 iteration         8140 MCMCOBJ=   -229.33606156596554     
 iteration         8160 MCMCOBJ=   -210.21760161597780     
 iteration         8180 MCMCOBJ=   -154.26311789618350     
 iteration         8200 MCMCOBJ=   -108.94907336547746     
 iteration         8220 MCMCOBJ=   -152.47494925647280     
 iteration         8240 MCMCOBJ=   -146.67775211133528     
 iteration         8260 MCMCOBJ=   -115.14693423500061     
 iteration         8280 MCMCOBJ=   -108.69562038063177     
 iteration         8300 MCMCOBJ=   -149.04045957652778     
 iteration         8320 MCMCOBJ=   -153.06469716779606     
 iteration         8340 MCMCOBJ=   -160.47511155875404     
 iteration         8360 MCMCOBJ=   -187.80602331892973     
 iteration         8380 MCMCOBJ=   -228.51332146305924     
 iteration         8400 MCMCOBJ=   -221.78337942225090     
 iteration         8420 MCMCOBJ=   -225.63794132817284     
 iteration         8440 MCMCOBJ=   -196.47356661218654     
 iteration         8460 MCMCOBJ=   -186.04334110368623     
 iteration         8480 MCMCOBJ=   -163.56031688905597     
 iteration         8500 MCMCOBJ=   -130.29940463254437     
 iteration         8520 MCMCOBJ=   -120.48679599115729     
 iteration         8540 MCMCOBJ=   -131.53720064957844     
 iteration         8560 MCMCOBJ=   -102.84790780926672     
 iteration         8580 MCMCOBJ=   -70.865389173256887     
 iteration         8600 MCMCOBJ=   -79.372889005805973     
 iteration         8620 MCMCOBJ=   -64.898261381972475     
 iteration         8640 MCMCOBJ=   -22.496049963815143     
 iteration         8660 MCMCOBJ=   -56.591556607097424     
 iteration         8680 MCMCOBJ=   -23.967871887273237     
 iteration         8700 MCMCOBJ=   -1.8027566496670249     
 iteration         8720 MCMCOBJ=   -36.583026766514323     
 iteration         8740 MCMCOBJ=   -28.940999547441010     
 iteration         8760 MCMCOBJ=    2.8013274717581629     
 iteration         8780 MCMCOBJ=    1.4819865836830644     
 iteration         8800 MCMCOBJ=    18.667213302236529     
 iteration         8820 MCMCOBJ=    32.544306310939731     
 iteration         8840 MCMCOBJ=    28.510225223232176     
 iteration         8860 MCMCOBJ=    25.333298225803464     
 iteration         8880 MCMCOBJ=   -34.844329997699219     
 iteration         8900 MCMCOBJ=   -23.703643834124914     
 iteration         8920 MCMCOBJ=   -65.200913636302531     
 iteration         8940 MCMCOBJ=   -70.707943767621487     
 iteration         8960 MCMCOBJ=   -99.602619575956581     
 iteration         8980 MCMCOBJ=   -67.546575277196908     
 iteration         9000 MCMCOBJ=   -46.525263269874472     
 iteration         9020 MCMCOBJ=    5.6215378403153853     
 iteration         9040 MCMCOBJ=    33.699043694816474     
 iteration         9060 MCMCOBJ=   -9.0756174458779633     
 iteration         9080 MCMCOBJ=   -9.1583053555981042     
 iteration         9100 MCMCOBJ=    1.5620128033609328     
 iteration         9120 MCMCOBJ=   -10.924404333644283     
 iteration         9140 MCMCOBJ=   -3.4314442474377298     
 iteration         9160 MCMCOBJ=    12.253183722180838     
 iteration         9180 MCMCOBJ=    31.653940791943064     
 iteration         9200 MCMCOBJ=    54.180668705112801     
 iteration         9220 MCMCOBJ=    40.973825661626456     
 iteration         9240 MCMCOBJ=    59.725527934746552     
 iteration         9260 MCMCOBJ=    25.822477536076967     
 iteration         9280 MCMCOBJ=  -0.55599078956378822     
 iteration         9300 MCMCOBJ=   -16.015566016385932     
 iteration         9320 MCMCOBJ=   -22.462336116665131     
 iteration         9340 MCMCOBJ=    43.847575911262588     
 iteration         9360 MCMCOBJ=    2.4568834051294952     
 iteration         9380 MCMCOBJ=    9.5832579588937961     
 iteration         9400 MCMCOBJ=   -2.9261543811704174     
 iteration         9420 MCMCOBJ=   -24.713915828652883     
 iteration         9440 MCMCOBJ=   -35.903365939053963     
 iteration         9460 MCMCOBJ=    6.1195697511537466     
 iteration         9480 MCMCOBJ=   -15.880217094324006     
 iteration         9500 MCMCOBJ=    8.7645189110989481     
 iteration         9520 MCMCOBJ=    18.544986734521665     
 iteration         9540 MCMCOBJ=    21.313341928386979     
 iteration         9560 MCMCOBJ=    33.136770628861882     
 iteration         9580 MCMCOBJ=    37.240396781135026     
 iteration         9600 MCMCOBJ=    43.614638833702436     
 iteration         9620 MCMCOBJ=    43.414458022811175     
 iteration         9640 MCMCOBJ=    42.697065500973487     
 iteration         9660 MCMCOBJ=    48.036767391161476     
 iteration         9680 MCMCOBJ=   -18.166815787281205     
 iteration         9700 MCMCOBJ=    2.1935862809395634     
 iteration         9720 MCMCOBJ=   -16.689989700536014     
 iteration         9740 MCMCOBJ=    21.778628045558818     
 iteration         9760 MCMCOBJ=    24.707393754184800     
 iteration         9780 MCMCOBJ=    13.587322019927626     
 iteration         9800 MCMCOBJ=    53.557734540102317     
 iteration         9820 MCMCOBJ=   -8.5616187889910904     
 iteration         9840 MCMCOBJ=   -2.0767337277062357     
 iteration         9860 MCMCOBJ=    15.779007627456037     
 iteration         9880 MCMCOBJ=    5.5314620819563753     
 iteration         9900 MCMCOBJ=    37.709635370705548     
 iteration         9920 MCMCOBJ=   -6.3821516092866544     
 iteration         9940 MCMCOBJ=   -9.2997458212862210     
 iteration         9960 MCMCOBJ=   -38.919301252400196     
 iteration         9980 MCMCOBJ=   -52.567756920867851     
 iteration        10000 MCMCOBJ=   -38.263526009267714     
 BURN-IN WAS COMPLETED

 #TERM:
 STATISTICAL PORTION WAS COMPLETED
  
 TOTAL DATA POINTS NORMALLY DISTRIBUTED (N):           18
 N*LOG(2PI) CONSTANT TO OBJECTIVE FUNCTION:    33.081787195368214     
 OBJECTIVE FUNCTION VALUE WITHOUT CONSTANT:   -57.461441720351331     
 OBJECTIVE FUNCTION VALUE WITH CONSTANT:      -24.379654524983117     
 REPORTED OBJECTIVE FUNCTION DOES NOT CONTAIN CONSTANT
  
 TOTAL EFFECTIVE ETAS (NIND*NETA):                            18
 NIND*NETA*LOG(2PI) CONSTANT TO OBJECTIVE FUNCTION:    33.081787195368214     
 OBJECTIVE FUNCTION VALUE WITHOUT CONSTANT:   -57.461441720351331     
 OBJECTIVE FUNCTION VALUE WITH CONSTANT:      -24.379654524983117     
 REPORTED OBJECTIVE FUNCTION DOES NOT CONTAIN CONSTANT
  
 PRIOR CONSTANT TO OBJECTIVE FUNCTION:    30.823646298206345     
 OBJECTIVE FUNCTION VALUE WITHOUT CONSTANT:   -57.461441720351331     
 OBJECTIVE FUNCTION VALUE WITH CONSTANT:      -26.637795422144986     
 REPORTED OBJECTIVE FUNCTION DOES NOT CONTAIN CONSTANT
  
 #TERE:
 Elapsed estimation  time in seconds:    14.95
 Elapsed covariance  time in seconds:     0.00
1
 
 
 
 
 
 
 
 
 
 
 
 
 
 
 
 
 
 
 
 
 ************************************************************************************************************************
 ********************                                                                                ********************
 ********************                              MCMC BAYESIAN ANALYSIS                            ********************
 #OBJT:**************                       AVERAGE VALUE OF LIKELIHOOD FUNCTION                     ********************
 ********************                                                                                ********************
 ************************************************************************************************************************
 





 #OBJV:********************************************      -57.461       **************************************************
 #OBJS:********************************************       85.779 (STD) **************************************************
1
 ************************************************************************************************************************
 ********************                                                                                ********************
 ********************                              MCMC BAYESIAN ANALYSIS                            ********************
 ********************                             FINAL PARAMETER ESTIMATE                           ********************
 ********************                                                                                ********************
 ************************************************************************************************************************
 


 THETA - VECTOR OF FIXED EFFECTS PARAMETERS   *********


         THETA(CL) THETA(V) 
 
         3.61E+00  3.82E+01
 


 OMEGA - COV MATRIX FOR RANDOM EFFECTS - ETAS  ********


         ETA(CL)   ETA(V)   
 
 ETA(CL)
+        1.59E-01
 
 ETA(V)
+        3.73E-02  1.10E-01
 


 SIGMA - COV MATRIX FOR RANDOM EFFECTS - EPSILONS  ****


         EPS1     
 
 EPS1
+        4.88E-03
 
1


 OMEGA - CORR MATRIX FOR RANDOM EFFECTS - ETAS  *******


         ETA(CL)   ETA(V)   
 
 ETA(CL)
+        3.87E-01
 
 ETA(V)
+        2.68E-01  3.21E-01
 


 SIGMA - CORR MATRIX FOR RANDOM EFFECTS - EPSILONS  ***


         EPS1     
 
 EPS1
+        4.02E-02
 
1
 ************************************************************************************************************************
 ********************                                                                                ********************
 ********************                              MCMC BAYESIAN ANALYSIS                            ********************
 ********************                STANDARD ERROR OF ESTIMATE (From Sample Variance)               ********************
 ********************                                                                                ********************
 ************************************************************************************************************************
 


 THETA - VECTOR OF FIXED EFFECTS PARAMETERS   *********


         THETA(CL) THETA(V) 
 
         5.08E-01  4.44E+00
 


 OMEGA - COV MATRIX FOR RANDOM EFFECTS - ETAS  ********


         ETA(CL)   ETA(V)   
 
 ETA(CL)
+        9.23E-02
 
 ETA(V)
+        5.39E-02  6.29E-02
 


 SIGMA - COV MATRIX FOR RANDOM EFFECTS - EPSILONS  ****


         EPS1     
 
 EPS1
+        1.27E-02
 
1


 OMEGA - CORR MATRIX FOR RANDOM EFFECTS - ETAS  *******


         ETA(CL)   ETA(V)   
 
 ETA(CL)
+        1.00E-01
 
 ETA(V)
+        2.90E-01  8.19E-02
 


 SIGMA - CORR MATRIX FOR RANDOM EFFECTS - EPSILONS  ***


         EPS1     
 
 EPS1
+        5.71E-02
 
1
 ************************************************************************************************************************
 ********************                                                                                ********************
 ********************                              MCMC BAYESIAN ANALYSIS                            ********************
 ********************               COVARIANCE MATRIX OF ESTIMATE (From Sample Variance)             ********************
 ********************                                                                                ********************
 ************************************************************************************************************************
 

            TH 1      TH 2      OM11      OM12      OM22      SG11  
 
 TH 1
+        2.58E-01
 
 TH 2
+        5.50E-01  1.97E+01
 
 OM11
+        3.84E-05  8.78E-03  8.51E-03
 
 OM12
+        6.39E-04 -1.11E-03  2.02E-03  2.90E-03
 
 OM22
+        1.80E-04  1.55E-03  9.91E-04  1.39E-03  3.96E-03
 
 SG11
+       -7.15E-04  5.15E-03 -5.03E-05 -6.77E-05  2.47E-06  1.62E-04
 
1
 ************************************************************************************************************************
 ********************                                                                                ********************
 ********************                              MCMC BAYESIAN ANALYSIS                            ********************
 ********************              CORRELATION MATRIX OF ESTIMATE (From Sample Variance)             ********************
 ********************                                                                                ********************
 ************************************************************************************************************************
 

            TH 1      TH 2      OM11      OM12      OM22      SG11  
 
 TH 1
+        5.08E-01
 
 TH 2
+        2.44E-01  4.44E+00
 
 OM11
+        8.20E-04  2.14E-02  9.23E-02
 
 OM12
+        2.34E-02 -4.66E-03  4.07E-01  5.39E-02
 
 OM22
+        5.64E-03  5.56E-03  1.71E-01  4.10E-01  6.29E-02
 
 SG11
+       -1.10E-01  9.11E-02 -4.28E-02 -9.86E-02  3.08E-03  1.27E-02
 
1
 ************************************************************************************************************************
 ********************                                                                                ********************
 ********************                              MCMC BAYESIAN ANALYSIS                            ********************
 ********************           INVERSE COVARIANCE MATRIX OF ESTIMATE (From Sample Variance)         ********************
 ********************                                                                                ********************
 ************************************************************************************************************************
 

            TH 1      TH 2      OM11      OM12      OM22      SG11  
 
 TH 1
+        4.21E+00
 
 TH 2
+       -1.24E-01  5.49E-02
 
 OM11
+        4.17E-01 -8.18E-02  1.41E+02
 
 OM12
+       -7.45E-01  5.91E-02 -9.77E+01  4.87E+02
 
 OM22
+        9.39E-04 -1.48E-02 -9.16E-01 -1.47E+02  3.04E+02
 
 SG11
+        2.23E+01 -2.28E+00  7.36E+00  1.70E+02 -6.56E+01  6.40E+03
 
 Elapsed postprocess time in seconds:     0.00
 #CPUT: Total CPU Time in Seconds,        9.578
Stop Time: 
Tue 01/03/2017 
10:25 PM
