Tue 01/03/2017 
10:26 PM
$PROB one cmpt simple mu modeled bayes multidose nids: 36 scenario: s1dpt
;; based_on: run100
$SUB ADVAN1 TRANS2
$INPUT ID TIME DV OBSNUM CMT EVID AMT RATE ADDL II 
$DATA ..\..\mdata\simple_nocovar_56id_6tp_md.csv
IGNORE=@ 
IGNORE=(OBSNUM.EQN.2)
IGNORE=(OBSNUM.EQN.4)
IGNORE=(OBSNUM.EQN.5)
IGNORE=(ID.GT.36)
$ABBR REPLACE THETA(CL, V) = THETA(1 to 2)
$ABBR REPLACE ETA(CL, V) = ETA(1 to 2)

$THETAI
THETA(1:NTHETA)=LOG(THETAI(1:NTHETA))
THETAP(1:NTHETAP)=LOG(THETAPI(1:NTHETAP))
$THETAR
THETAR(1:NTHETA)=EXP(THETA(1:NTHETA))
THETAPR(1:NTHETAP)=EXP(THETAP(1:NTHETAP))

$PRIOR NWPRI 

$PK
"USE NMBAYES_INT, ONLY: ITER_REPORT,BAYES_EXTRA_REQUEST,BAYES_EXTRA
; Request extra information for Bayesian analysis.
; An extra call will then be made for accepted samples
"BAYES_EXTRA_REQUEST=1

MU_1 = THETA(CL)
MU_2 = THETA(V)
CL = EXP(MU_1 + ETA(CL))
V = EXP(MU_2 + ETA(V))
S1 = V

"IF(BAYES_EXTRA==1 .AND. ITER_REPORT>=0 .AND. TIME==0.0) THEN
"WRITE(50,98) ITER_REPORT,ID,CL,V
"98 FORMAT(I12,1X,F14.0,4(1X,1PG12.5))
"ENDIF

$ERROR
IPRED=F
Y = IPRED*(1 + ERR(1))  

$THETA
(0.001, 2.5) ; TVCL
(0.001, 46) ; TVV

$OMEGA BLOCK(2)
0.1    ; nCL
0.1  0.1  ; nV

$SIGMA
0.03 ; PROP

; THETA PRIORS
$THETAP (2.5 FIX) (46 FIX) 

; THETA (uniformative) PRIORs
$THETAPV BLOCK(2)
10000 FIX
0.0 10000 

$OMEGAP BLOCK(2)
0.2 FIX
0 0.2

; degrees of freedom to prior omega matrix - low dof = highly uninformative
$OMEGAPD (2 FIX)

$EST METHOD=CHAIN FILE=..\run100.chn NSAMPLE=0 ISAMPLE=4 DF=20
$EST METHOD=BAYES INTER NBURN=4000 NITER=10000 PRINT=20 NOPRIOR=0 CTYPE=3 CITER=10 SEED=56664
  
NM-TRAN MESSAGES 
  
 WARNINGS AND ERRORS (IF ANY) FOR PROBLEM    1
             
 (WARNING  2) NM-TRAN INFERS THAT THE DATA ARE POPULATION.

 (MU_WARNING 20) MU_001: MU_ VARIABLE SHOULD NOT BE DEFINED AFTER VERBATIM CODE.
  
License Registered to: Devin Pastoor
Expiration Date:    14 NOV 2017
Current Date:        3 JAN 2017
Days until program expires : 311
1NONLINEAR MIXED EFFECTS MODEL PROGRAM (NONMEM) VERSION 7.4.0 alpha14 (nm74a14)
 ORIGINALLY DEVELOPED BY STUART BEAL, LEWIS SHEINER, AND ALISON BOECKMANN
 CURRENT DEVELOPERS ARE ROBERT BAUER, ICON DEVELOPMENT SOLUTIONS,
 AND ALISON BOECKMANN. IMPLEMENTATION, EFFICIENCY, AND STANDARDIZATION
 PERFORMED BY NOUS INFOSYSTEMS.

 PROBLEM NO.:         1
 one cmpt simple mu modeled bayes multidose nids: 36 scenario: s1dpt
0DATA CHECKOUT RUN:              NO
 DATA SET LOCATED ON UNIT NO.:    2
 THIS UNIT TO BE REWOUND:        NO
 NO. OF DATA RECS IN DATA SET:      144
 NO. OF DATA ITEMS IN DATA SET:  11
 ID DATA ITEM IS DATA ITEM NO.:   1
 DEP VARIABLE IS DATA ITEM NO.:   3
 MDV DATA ITEM IS DATA ITEM NO.: 11
0INDICES PASSED TO SUBROUTINE PRED:
   6   2   7   8   0  10   5   0   0   0   9
0LABELS FOR DATA ITEMS:
 ID TIME DV OBSNUM CMT EVID AMT RATE ADDL II MDV
0LABELS FOR THETAS
 THETA(1)=THETA(CL)
 THETA(2)=THETA(V)
0LABELS FOR ETAS
 ETA(1)=ETA(CL)
0LABELS FOR ETAS
 ETA(2)=ETA(V)
0FORMAT FOR DATA:
 (2E3.0,E17.0,3E2.0,2E5.0,E2.0,E3.0,1F2.0)

 TOT. NO. OF OBS RECS:      108
 TOT. NO. OF INDIVIDUALS:     36
0LENGTH OF THETA:   5
0DEFAULT THETA BOUNDARY TEST OMITTED:    NO
0OMEGA HAS BLOCK FORM:
  1
  1  1
  0  0  2
  0  0  2  2
  0  0  0  0  3
  0  0  0  0  3  3
0DEFAULT OMEGA BOUNDARY TEST OMITTED:    NO
0SIGMA HAS SIMPLE DIAGONAL FORM WITH DIMENSION:   1
0DEFAULT SIGMA BOUNDARY TEST OMITTED:    NO
0INITIAL ESTIMATE OF THETA:
 LOWER BOUND    INITIAL EST    UPPER BOUND
  0.1000E-02     0.2500E+01     0.1000E+07
  0.1000E-02     0.4600E+02     0.1000E+07
  0.2500E+01     0.2500E+01     0.2500E+01
  0.4600E+02     0.4600E+02     0.4600E+02
  0.2000E+01     0.2000E+01     0.2000E+01
0INITIAL ESTIMATE OF OMEGA:
 BLOCK SET NO.   BLOCK                                                                    FIXED
        1                                                                                   NO
 DIAGONAL SHIFT OF  1.1000E-07 WAS IMPOSED TO ENSURE POSITIVE DEFINITENESS
                  0.1000E+00
                  0.1000E+00   0.1000E+00
        2                                                                                  YES
                  0.1000E+05
                  0.0000E+00   0.1000E+05
        3                                                                                  YES
                  0.2000E+00
                  0.0000E+00   0.2000E+00
0INITIAL ESTIMATE OF SIGMA:
 0.3000E-01
0
 THETAI SUBROUTINE USER-SUPPLIED
 THETAR SUBROUTINE USER-SUPPLIED
 PRIOR SUBROUTINE USER-SUPPLIED
1DOUBLE PRECISION PREDPP VERSION 7.4.0 alpha14 (nm74a14)

 ONE COMPARTMENT MODEL (ADVAN1)
0MAXIMUM NO. OF BASIC PK PARAMETERS:   2
0BASIC PK PARAMETERS (AFTER TRANSLATION):
   ELIMINATION RATE (K) IS BASIC PK PARAMETER NO.:  1

 TRANSLATOR WILL CONVERT PARAMETERS
 CLEARANCE (CL) AND VOLUME (V) TO K (TRANS2)
0COMPARTMENT ATTRIBUTES
 COMPT. NO.   FUNCTION   INITIAL    ON/OFF      DOSE      DEFAULT    DEFAULT
                         STATUS     ALLOWED    ALLOWED    FOR DOSE   FOR OBS.
    1         CENTRAL      ON         NO         YES        YES        YES
    2         OUTPUT       OFF        YES        NO         NO         NO
1
 ADDITIONAL PK PARAMETERS - ASSIGNMENT OF ROWS IN GG
 COMPT. NO.                             INDICES
              SCALE      BIOAVAIL.   ZERO-ORDER  ZERO-ORDER  ABSORB
                         FRACTION    RATE        DURATION    LAG
    1            3           *           *           *           *
    2            *           -           -           -           -
             - PARAMETER IS NOT ALLOWED FOR THIS MODEL
             * PARAMETER IS NOT SUPPLIED BY PK SUBROUTINE;
               WILL DEFAULT TO ONE IF APPLICABLE
0DATA ITEM INDICES USED BY PRED ARE:
   EVENT ID DATA ITEM IS DATA ITEM NO.:      6
   TIME DATA ITEM IS DATA ITEM NO.:          2
   DOSE AMOUNT DATA ITEM IS DATA ITEM NO.:   7
   DOSE RATE DATA ITEM IS DATA ITEM NO.:     8
   INTERVAL DATA ITEM IS DATA ITEM NO.:     10
   ADDL. DOSES DATA ITEM IS DATA ITEM NO.:   9
   COMPT. NO. DATA ITEM IS DATA ITEM NO.:    5

0PK SUBROUTINE CALLED WITH EVERY EVENT RECORD.
 PK SUBROUTINE NOT CALLED AT NONEVENT (ADDITIONAL OR LAGGED) DOSE TIMES.
0ERROR SUBROUTINE CALLED WITH EVERY EVENT RECORD.
1


 #TBLN:      1
 #METH: Chain Method Processing

 RANDOM GENERATION TYPE (CTYPE):     0
 RANDOM GENERATION SEED (SEED):      11456
 RANDOM SAMPLE SELECTION (ISAMPLE):  4
 RANDOM SAMPLE RANGE END (ISAMPEND): -2147483647
 NUMBER OF RANDOM SAMPLES (NSAMPLE): 0
 UNIFORM FRACTIONAL RANGE (IACCEPT): 0.400000000000000
 RANDOM SELECTION TYPE (SELECT):     0
 DEG. FR. TO GENERATE OMEGAS (DF):   20
 DEG. FR. TO GENERATE SIGMAS (DFS):  -1
 CHAIN FILE (FILE):                  ..\run100.chn
 EXCL. TITLE IN CHAIN FILE (NOTITLE):NO
 EX. COL. LBS. IN CHAIN FL.(NOLABEL):NO
 FORMAT FOR CHAIN FILE (FORMAT):     S1PE12.5
 PAR. ORDER in CHAIN FILE (ORDER):   TSOL
 RANDOM SAMPLING METHOD (RANMETHOD):3U

 THE FOLLOWING LABELS ARE EQUIVALENT
 PRED=NPRED
 RES=NRES
 WRES=NWRES
 IWRS=NIWRES
 IPRD=NIPRED
 IRS=NIRES



 FROM SAMPLE 4 OF CHAIN FILE ..\run100.chn
 NEW INITIAL ESTIMATES OF THETA
  0.6050E-01
  0.1739E-02
 NEW INITIAL ESTIMATES OF OMEGA
  0.1747E+00
  0.1747E+00  0.1748E+00
 NEW INITIAL ESTIMATES OF SIGMA
  0.4110E-01
1


 #TBLN:      1
 #METH: MCMC Bayesian Analysis

 ESTIMATION STEP OMITTED:                 NO
 ANALYSIS TYPE:                           POPULATION
 NUMBER OF SADDLE POINT RESET ITERATIONS:      0
 GRADIENT METHOD USED:               NOSLOW
 CONDITIONAL ESTIMATES USED:              YES
 CENTERED ETA:                            NO
 EPS-ETA INTERACTION:                     YES
 LAPLACIAN OBJ. FUNC.:                    NO
 NO. OF FUNCT. EVALS. ALLOWED:            840
 NO. OF SIG. FIGURES REQUIRED:            3
 INTERMEDIATE PRINTOUT:                   YES
 ESTIMATE OUTPUT TO MSF:                  NO
 IND. OBJ. FUNC. VALUES SORTED:           NO
 NUMERICAL DERIVATIVE
       FILE REQUEST (NUMDER):               NONE
 MAP (ETAHAT) ESTIMATION METHOD (OPTMAP):   0
 ETA HESSIAN EVALUATION METHOD (ETADER):    0
 INITIAL ETA FOR MAP ESTIMATION (MCETA):    0
 SIGDIGITS FOR MAP ESTIMATION (SIGLO):      100
 GRADIENT SIGDIGITS OF
       FIXED EFFECTS PARAMETERS (SIGL):     100
 NOPRIOR SETTING (NOPRIOR):                 OFF
 NOCOV SETTING (NOCOV):                     OFF
 DERCONT SETTING (DERCONT):                 OFF
 FINAL ETA RE-EVALUATION (FNLETA):          ON
 EXCLUDE NON-INFLUENTIAL (NON-INFL.) ETAS
       IN SHRINKAGE (ETASTYPE):             NO
 NON-INFL. ETA CORRECTION (NONINFETA):      OFF
 RAW OUTPUT FILE (FILE): run114_nids_36_s1dpt_c4.ext
 EXCLUDE TITLE (NOTITLE):                   NO
 EXCLUDE COLUMN LABELS (NOLABEL):           NO
 FORMAT FOR ADDITIONAL FILES (FORMAT):      S1PE12.5
 PARAMETER ORDER FOR OUTPUTS (ORDER):       TSOL
 WISHART PRIOR DF INTERPRETATION (WISHTYPE):0
 KNUTHSUMOFF:                               0
 INCLUDE LNTWOPI:                           NO
 INCLUDE CONSTANT TERM TO PRIOR (PRIORC):   NO
 INCLUDE CONSTANT TERM TO OMEGA (ETA) (OLNTWOPI):NO
 EM OR BAYESIAN METHOD USED:                MCMC BAYESIAN (BAYES)
 MU MODELING PATTERN (MUM):
 GRADIENT/GIBBS PATTERN (GRD):
 AUTOMATIC SETTING FEATURE (AUTO):          OFF
 CONVERGENCE TYPE (CTYPE):                  3
 KEEP ITERATIONS (THIN):            1
 CONVERGENCE INTERVAL (CINTERVAL):          20
 CONVERGENCE ITERATIONS (CITER):            10
 CONVERGENCE ALPHA ERROR (CALPHA):          5.000000000000000E-02
 BURN-IN ITERATIONS (NBURN):                4000
 ITERATIONS (NITER):                        10000
 ANEAL SETTING (CONSTRAIN):                 1
 STARTING SEED FOR MC METHODS (SEED):       56664
 MC SAMPLES PER SUBJECT (ISAMPLE):          1
 RANDOM SAMPLING METHOD (RANMETHOD):        3U
 PROPOSAL DENSITY SCALING RANGE
              (ISCALE_MIN, ISCALE_MAX):     1.000000000000000E-06   ,1000000.00000000
 SAMPLE ACCEPTANCE RATE (IACCEPT):          0.400000000000000
 METROPOLIS HASTINGS SAMPLING FOR INDIVIDUAL ETAS:
 SAMPLES FOR GLOBAL SEARCH KERNEL (ISAMPLE_M1):          2
 SAMPLES FOR NEIGHBOR SEARCH KERNEL (ISAMPLE_M1A):       0
 SAMPLES FOR MASS/IMP/POST. MATRIX SEARCH (ISAMPLE_M1B): 2
 SAMPLES FOR LOCAL SEARCH KERNEL (ISAMPLE_M2):           2
 SAMPLES FOR LOCAL UNIVARIATE KERNEL (ISAMPLE_M3):       2
 PWR. WT. MASS/IMP/POST MATRIX ACCUM. FOR ETAS (IKAPPA): 1.00000000000000
 MASS/IMP./POST. MATRIX REFRESH SETTING (MASSREST):      -1
 METROPOLIS HASTINGS POPULATION SAMPLING FOR NON-GIBBS
 SAMPLED THETAS AND SIGMAS:
 PROPOSAL DENSITY SCALING RANGE
              (PSCALE_MIN, PSCALE_MAX):   1.000000000000000E-02   ,1000.00000000000
 SAMPLE ACCEPTANCE RATE (PACCEPT):                       0.500000000000000
 SAMPLES FOR GLOBAL SEARCH KERNEL (PSAMPLE_M1):          1
 SAMPLES FOR LOCAL SEARCH KERNEL (PSAMPLE_M2):           -1
 SAMPLES FOR LOCAL UNIVARIATE KERNEL (PSAMPLE_M3):       1
 METROPOLIS HASTINGS POPULATION SAMPLING FOR NON-GIBBS
 SAMPLED OMEGAS:
 SAMPLE ACCEPTANCE RATE (OACCEPT):                       0.500000000000000
 SAMPLES FOR GLOBAL SEARCH KERNEL (OSAMPLE_M1):          -1
 SAMPLES FOR LOCAL SEARCH KERNEL (OSAMPLE_M2):           -1
 SAMPLES FOR LOCAL UNIVARIATE SEARCH KERNEL (OSAMPLE_M3):0
 DEG. FR. FOR T DIST.  PRIOR FOR THETAS (TTDF):        0.00000000000000
 DEG. FR. FOR LKJ CORRELATION PRIOR FOR OMEGAS (OLKJDF): 0.00000000000000
 WEIGHT FACTOR FOR STD PRIOR FOR OMEGAS (OVARF): 1.00000000000000
 DEG. FR. FOR LKJ CORRELATION PRIOR FOR SIGMAS (SLKJDF): 0.00000000000000
 WEIGHT FACTOR FOR STD PRIOR FOR SIGMAS (SVARF): 1.00000000000000


 THE FOLLOWING LABELS ARE EQUIVALENT
 PRED=PREDI
 RES=RESI
 WRES=WRESI
 IWRS=IWRESI
 IPRD=IPREDI
 IRS=IRESI

 EM/BAYES SETUP:
 THETAS THAT ARE MU MODELED:
   1   2
 THETAS THAT ARE GIBBS SAMPLED:
   1   2
 THETAS THAT ARE METROPOLIS-HASTINGS SAMPLED:
 
 SIGMAS THAT ARE GIBBS SAMPLED:
   1
 SIGMAS THAT ARE METROPOLIS-HASTINGS SAMPLED:
 
 OMEGAS ARE GIBBS SAMPLED

 MONITORING OF SEARCH:

 Burn-in Mode
 iteration        -4000 MCMCOBJ=    744116666.71373081     
 iteration        -3980 MCMCOBJ=    629.08817180459448     
 iteration        -3960 MCMCOBJ=    561.33571123576860     
 iteration        -3940 MCMCOBJ=    268.18348629695049     
 iteration        -3920 MCMCOBJ=    244.11487973341079     
 iteration        -3900 MCMCOBJ=    277.80891606544509     
 iteration        -3880 MCMCOBJ=    284.61070113129216     
 iteration        -3860 MCMCOBJ=    301.41579263564705     
 iteration        -3840 MCMCOBJ=    261.26513721953546     
 iteration        -3820 MCMCOBJ=    223.46112383341702     
 iteration        -3800 MCMCOBJ=    242.66527582336525     
 iteration        -3780 MCMCOBJ=    269.24468247769795     
 Convergence achieved
 Sampling Mode
 iteration            0 MCMCOBJ=    273.18182965326656     
 iteration           20 MCMCOBJ=    246.18300611497492     
 iteration           40 MCMCOBJ=    259.53138144684380     
 iteration           60 MCMCOBJ=    279.96055412047002     
 iteration           80 MCMCOBJ=    263.78960228895232     
 iteration          100 MCMCOBJ=    271.79539492410765     
 iteration          120 MCMCOBJ=    249.15508892035086     
 iteration          140 MCMCOBJ=    243.62251312404476     
 iteration          160 MCMCOBJ=    221.65191875758913     
 iteration          180 MCMCOBJ=    232.96230271489537     
 iteration          200 MCMCOBJ=    222.69162845188927     
 iteration          220 MCMCOBJ=    263.84609336577324     
 iteration          240 MCMCOBJ=    237.26049474470139     
 iteration          260 MCMCOBJ=    251.41253118084404     
 iteration          280 MCMCOBJ=    258.02813677599676     
 iteration          300 MCMCOBJ=    255.18138470445351     
 iteration          320 MCMCOBJ=    261.44908143828093     
 iteration          340 MCMCOBJ=    257.39766855272023     
 iteration          360 MCMCOBJ=    262.29292502605517     
 iteration          380 MCMCOBJ=    272.39815094346687     
 iteration          400 MCMCOBJ=    220.80741626675808     
 iteration          420 MCMCOBJ=    270.04711566287102     
 iteration          440 MCMCOBJ=    250.87012105922832     
 iteration          460 MCMCOBJ=    277.24910468046522     
 iteration          480 MCMCOBJ=    245.13168860753237     
 iteration          500 MCMCOBJ=    278.49440427681390     
 iteration          520 MCMCOBJ=    245.25504985320541     
 iteration          540 MCMCOBJ=    259.75576350110833     
 iteration          560 MCMCOBJ=    226.76834122521433     
 iteration          580 MCMCOBJ=    248.14060181720060     
 iteration          600 MCMCOBJ=    246.07033063303598     
 iteration          620 MCMCOBJ=    259.53459052355487     
 iteration          640 MCMCOBJ=    271.64305212962574     
 iteration          660 MCMCOBJ=    250.77487858454600     
 iteration          680 MCMCOBJ=    272.90842381489483     
 iteration          700 MCMCOBJ=    250.94978562065248     
 iteration          720 MCMCOBJ=    284.66847659486911     
 iteration          740 MCMCOBJ=    258.64338212643202     
 iteration          760 MCMCOBJ=    242.72663827022660     
 iteration          780 MCMCOBJ=    250.98128506729225     
 iteration          800 MCMCOBJ=    297.58259790478144     
 iteration          820 MCMCOBJ=    236.44138468907977     
 iteration          840 MCMCOBJ=    259.05759019533031     
 iteration          860 MCMCOBJ=    263.38989925603698     
 iteration          880 MCMCOBJ=    250.79231673172714     
 iteration          900 MCMCOBJ=    271.35927313707083     
 iteration          920 MCMCOBJ=    262.29596920290504     
 iteration          940 MCMCOBJ=    249.24015172222434     
 iteration          960 MCMCOBJ=    265.15523321386110     
 iteration          980 MCMCOBJ=    220.86733412415933     
 iteration         1000 MCMCOBJ=    239.35762529122562     
 iteration         1020 MCMCOBJ=    244.92135751072266     
 iteration         1040 MCMCOBJ=    265.39649342213067     
 iteration         1060 MCMCOBJ=    242.25886266094514     
 iteration         1080 MCMCOBJ=    270.34032824883622     
 iteration         1100 MCMCOBJ=    270.93657227681808     
 iteration         1120 MCMCOBJ=    238.21102954457618     
 iteration         1140 MCMCOBJ=    246.24662093616814     
 iteration         1160 MCMCOBJ=    263.42310104850935     
 iteration         1180 MCMCOBJ=    244.22150885059432     
 iteration         1200 MCMCOBJ=    238.42127435453571     
 iteration         1220 MCMCOBJ=    241.22018412273795     
 iteration         1240 MCMCOBJ=    252.66644040854931     
 iteration         1260 MCMCOBJ=    224.29384748134211     
 iteration         1280 MCMCOBJ=    255.35529937508056     
 iteration         1300 MCMCOBJ=    265.05963721586636     
 iteration         1320 MCMCOBJ=    235.57819647291154     
 iteration         1340 MCMCOBJ=    260.52125762392717     
 iteration         1360 MCMCOBJ=    238.58224805300958     
 iteration         1380 MCMCOBJ=    248.17358938704319     
 iteration         1400 MCMCOBJ=    260.53450235115588     
 iteration         1420 MCMCOBJ=    256.07372846928746     
 iteration         1440 MCMCOBJ=    254.01805728131421     
 iteration         1460 MCMCOBJ=    252.91219939371166     
 iteration         1480 MCMCOBJ=    254.11901395459748     
 iteration         1500 MCMCOBJ=    258.16652020406781     
 iteration         1520 MCMCOBJ=    248.05468216426752     
 iteration         1540 MCMCOBJ=    255.64996090974293     
 iteration         1560 MCMCOBJ=    240.38431907298965     
 iteration         1580 MCMCOBJ=    269.02991819752714     
 iteration         1600 MCMCOBJ=    242.48959446224634     
 iteration         1620 MCMCOBJ=    243.83496279130898     
 iteration         1640 MCMCOBJ=    239.90022521161194     
 iteration         1660 MCMCOBJ=    255.78512085942651     
 iteration         1680 MCMCOBJ=    236.75018834060597     
 iteration         1700 MCMCOBJ=    252.95221901594994     
 iteration         1720 MCMCOBJ=    259.61044290827385     
 iteration         1740 MCMCOBJ=    231.47927756190910     
 iteration         1760 MCMCOBJ=    257.46751440963720     
 iteration         1780 MCMCOBJ=    263.65453066287427     
 iteration         1800 MCMCOBJ=    257.71983778374408     
 iteration         1820 MCMCOBJ=    267.07133859156795     
 iteration         1840 MCMCOBJ=    238.75364282655113     
 iteration         1860 MCMCOBJ=    264.29014398062668     
 iteration         1880 MCMCOBJ=    266.62253868623890     
 iteration         1900 MCMCOBJ=    250.96041497122354     
 iteration         1920 MCMCOBJ=    266.44564172690872     
 iteration         1940 MCMCOBJ=    255.85616637683628     
 iteration         1960 MCMCOBJ=    271.30825586790314     
 iteration         1980 MCMCOBJ=    268.96449783818684     
 iteration         2000 MCMCOBJ=    267.15244404919383     
 iteration         2020 MCMCOBJ=    255.85935094536779     
 iteration         2040 MCMCOBJ=    263.33350537519789     
 iteration         2060 MCMCOBJ=    236.78327835265438     
 iteration         2080 MCMCOBJ=    242.99321282375232     
 iteration         2100 MCMCOBJ=    247.75306126092471     
 iteration         2120 MCMCOBJ=    261.48946587601409     
 iteration         2140 MCMCOBJ=    257.28307607971817     
 iteration         2160 MCMCOBJ=    291.40791569691828     
 iteration         2180 MCMCOBJ=    265.01765601938024     
 iteration         2200 MCMCOBJ=    271.84235767185089     
 iteration         2220 MCMCOBJ=    250.19817388395737     
 iteration         2240 MCMCOBJ=    271.68993007763282     
 iteration         2260 MCMCOBJ=    258.73809196931830     
 iteration         2280 MCMCOBJ=    237.28108653835179     
 iteration         2300 MCMCOBJ=    227.49003052179907     
 iteration         2320 MCMCOBJ=    257.23309460387986     
 iteration         2340 MCMCOBJ=    250.35904008706987     
 iteration         2360 MCMCOBJ=    234.26175436694049     
 iteration         2380 MCMCOBJ=    232.03270986175789     
 iteration         2400 MCMCOBJ=    236.49960150124292     
 iteration         2420 MCMCOBJ=    240.55051345684726     
 iteration         2440 MCMCOBJ=    231.46038703182322     
 iteration         2460 MCMCOBJ=    240.42818127530356     
 iteration         2480 MCMCOBJ=    279.78407546784518     
 iteration         2500 MCMCOBJ=    241.06707876664365     
 iteration         2520 MCMCOBJ=    274.91209719410176     
 iteration         2540 MCMCOBJ=    248.74254125914706     
 iteration         2560 MCMCOBJ=    234.36596358231057     
 iteration         2580 MCMCOBJ=    245.78709755178997     
 iteration         2600 MCMCOBJ=    269.01108683490702     
 iteration         2620 MCMCOBJ=    260.84965929589987     
 iteration         2640 MCMCOBJ=    250.99682454604115     
 iteration         2660 MCMCOBJ=    278.43441656574481     
 iteration         2680 MCMCOBJ=    268.56564061137368     
 iteration         2700 MCMCOBJ=    238.34663769349328     
 iteration         2720 MCMCOBJ=    253.91344870161345     
 iteration         2740 MCMCOBJ=    236.41156266869856     
 iteration         2760 MCMCOBJ=    245.86677753286864     
 iteration         2780 MCMCOBJ=    250.52174672167891     
 iteration         2800 MCMCOBJ=    244.97199491977932     
 iteration         2820 MCMCOBJ=    246.16820649313931     
 iteration         2840 MCMCOBJ=    246.79801268384946     
 iteration         2860 MCMCOBJ=    267.01810391649519     
 iteration         2880 MCMCOBJ=    244.15341342848308     
 iteration         2900 MCMCOBJ=    227.86454884015831     
 iteration         2920 MCMCOBJ=    251.69371022516052     
 iteration         2940 MCMCOBJ=    264.16842999377229     
 iteration         2960 MCMCOBJ=    266.81036045162159     
 iteration         2980 MCMCOBJ=    238.64670698925167     
 iteration         3000 MCMCOBJ=    232.37941393418438     
 iteration         3020 MCMCOBJ=    258.88367656818821     
 iteration         3040 MCMCOBJ=    237.33622447137495     
 iteration         3060 MCMCOBJ=    258.93367447046751     
 iteration         3080 MCMCOBJ=    237.70237992684636     
 iteration         3100 MCMCOBJ=    277.48403473142298     
 iteration         3120 MCMCOBJ=    283.04616131246718     
 iteration         3140 MCMCOBJ=    230.48203364567627     
 iteration         3160 MCMCOBJ=    241.50541783998406     
 iteration         3180 MCMCOBJ=    248.91571209667845     
 iteration         3200 MCMCOBJ=    251.38047077968534     
 iteration         3220 MCMCOBJ=    242.36962509285661     
 iteration         3240 MCMCOBJ=    269.26202449420111     
 iteration         3260 MCMCOBJ=    250.14668215485977     
 iteration         3280 MCMCOBJ=    220.17794196519293     
 iteration         3300 MCMCOBJ=    249.72847322314041     
 iteration         3320 MCMCOBJ=    288.07024364451951     
 iteration         3340 MCMCOBJ=    238.30722144018648     
 iteration         3360 MCMCOBJ=    261.62305709867707     
 iteration         3380 MCMCOBJ=    247.72574066657367     
 iteration         3400 MCMCOBJ=    272.59195790605867     
 iteration         3420 MCMCOBJ=    257.61273078369879     
 iteration         3440 MCMCOBJ=    234.67156230315868     
 iteration         3460 MCMCOBJ=    275.43203808313694     
 iteration         3480 MCMCOBJ=    266.80773211828688     
 iteration         3500 MCMCOBJ=    241.48573252373632     
 iteration         3520 MCMCOBJ=    226.83720600495573     
 iteration         3540 MCMCOBJ=    232.73617577588161     
 iteration         3560 MCMCOBJ=    243.06347679039914     
 iteration         3580 MCMCOBJ=    249.13899420738619     
 iteration         3600 MCMCOBJ=    236.68663901721010     
 iteration         3620 MCMCOBJ=    241.05901324566190     
 iteration         3640 MCMCOBJ=    227.72186968851886     
 iteration         3660 MCMCOBJ=    254.80166028164768     
 iteration         3680 MCMCOBJ=    254.89947940124296     
 iteration         3700 MCMCOBJ=    237.24210592493512     
 iteration         3720 MCMCOBJ=    231.01036288373442     
 iteration         3740 MCMCOBJ=    274.99848313310014     
 iteration         3760 MCMCOBJ=    292.81130422087705     
 iteration         3780 MCMCOBJ=    266.27895887378872     
 iteration         3800 MCMCOBJ=    225.20098236940171     
 iteration         3820 MCMCOBJ=    238.55481545728151     
 iteration         3840 MCMCOBJ=    251.46566763327016     
 iteration         3860 MCMCOBJ=    221.64878062012104     
 iteration         3880 MCMCOBJ=    262.83322000123957     
 iteration         3900 MCMCOBJ=    246.76972203438220     
 iteration         3920 MCMCOBJ=    256.42021090216144     
 iteration         3940 MCMCOBJ=    239.79333249141024     
 iteration         3960 MCMCOBJ=    271.90663709814368     
 iteration         3980 MCMCOBJ=    223.39174422987912     
 iteration         4000 MCMCOBJ=    249.65832061447182     
 iteration         4020 MCMCOBJ=    248.13545446337574     
 iteration         4040 MCMCOBJ=    270.94736654817780     
 iteration         4060 MCMCOBJ=    273.85685664548345     
 iteration         4080 MCMCOBJ=    277.64307679537387     
 iteration         4100 MCMCOBJ=    238.38098950236324     
 iteration         4120 MCMCOBJ=    256.70987945641036     
 iteration         4140 MCMCOBJ=    253.56767571278408     
 iteration         4160 MCMCOBJ=    257.18031400559067     
 iteration         4180 MCMCOBJ=    222.35785683663096     
 iteration         4200 MCMCOBJ=    237.62485400955345     
 iteration         4220 MCMCOBJ=    272.36556640538191     
 iteration         4240 MCMCOBJ=    254.72653363999854     
 iteration         4260 MCMCOBJ=    253.35030432586112     
 iteration         4280 MCMCOBJ=    244.12987198897423     
 iteration         4300 MCMCOBJ=    263.88718379214305     
 iteration         4320 MCMCOBJ=    236.13040082747025     
 iteration         4340 MCMCOBJ=    231.62023070409398     
 iteration         4360 MCMCOBJ=    264.17667687635054     
 iteration         4380 MCMCOBJ=    239.30818365550547     
 iteration         4400 MCMCOBJ=    242.68343866997870     
 iteration         4420 MCMCOBJ=    237.92423628101409     
 iteration         4440 MCMCOBJ=    241.51630060099987     
 iteration         4460 MCMCOBJ=    246.07064542664000     
 iteration         4480 MCMCOBJ=    265.09139085592977     
 iteration         4500 MCMCOBJ=    259.52455832471912     
 iteration         4520 MCMCOBJ=    240.11696872659371     
 iteration         4540 MCMCOBJ=    240.83174486893526     
 iteration         4560 MCMCOBJ=    238.30709186993099     
 iteration         4580 MCMCOBJ=    255.77571451268025     
 iteration         4600 MCMCOBJ=    277.33145038897436     
 iteration         4620 MCMCOBJ=    229.86509157907940     
 iteration         4640 MCMCOBJ=    245.71408352339819     
 iteration         4660 MCMCOBJ=    264.60349781855405     
 iteration         4680 MCMCOBJ=    264.84762869975168     
 iteration         4700 MCMCOBJ=    239.84304107156009     
 iteration         4720 MCMCOBJ=    228.64167052678448     
 iteration         4740 MCMCOBJ=    240.24702904121733     
 iteration         4760 MCMCOBJ=    251.35933702552191     
 iteration         4780 MCMCOBJ=    278.01806258421897     
 iteration         4800 MCMCOBJ=    259.72957919534355     
 iteration         4820 MCMCOBJ=    242.15650378533149     
 iteration         4840 MCMCOBJ=    242.84842743172584     
 iteration         4860 MCMCOBJ=    269.98194456407845     
 iteration         4880 MCMCOBJ=    256.40993985801117     
 iteration         4900 MCMCOBJ=    281.86491144219161     
 iteration         4920 MCMCOBJ=    243.76039102608388     
 iteration         4940 MCMCOBJ=    236.62969353832881     
 iteration         4960 MCMCOBJ=    287.69373739030954     
 iteration         4980 MCMCOBJ=    283.52861395232213     
 iteration         5000 MCMCOBJ=    260.75593322586093     
 iteration         5020 MCMCOBJ=    234.52856284375460     
 iteration         5040 MCMCOBJ=    227.06416441916627     
 iteration         5060 MCMCOBJ=    247.83275094699678     
 iteration         5080 MCMCOBJ=    248.07233754848613     
 iteration         5100 MCMCOBJ=    249.71473917588173     
 iteration         5120 MCMCOBJ=    252.03872912781424     
 iteration         5140 MCMCOBJ=    261.02439367542667     
 iteration         5160 MCMCOBJ=    232.86036624219392     
 iteration         5180 MCMCOBJ=    258.64884098749008     
 iteration         5200 MCMCOBJ=    254.64176953136615     
 iteration         5220 MCMCOBJ=    243.14890892912834     
 iteration         5240 MCMCOBJ=    233.46075282648292     
 iteration         5260 MCMCOBJ=    262.67783900794444     
 iteration         5280 MCMCOBJ=    254.20214542285439     
 iteration         5300 MCMCOBJ=    270.97337059296251     
 iteration         5320 MCMCOBJ=    234.12849318083045     
 iteration         5340 MCMCOBJ=    270.19559667921425     
 iteration         5360 MCMCOBJ=    261.55032445556873     
 iteration         5380 MCMCOBJ=    276.89858950131122     
 iteration         5400 MCMCOBJ=    240.60154817296976     
 iteration         5420 MCMCOBJ=    224.97419177855346     
 iteration         5440 MCMCOBJ=    232.63266699366005     
 iteration         5460 MCMCOBJ=    265.96155451886153     
 iteration         5480 MCMCOBJ=    279.94078130742730     
 iteration         5500 MCMCOBJ=    252.12813423428975     
 iteration         5520 MCMCOBJ=    268.52167396199019     
 iteration         5540 MCMCOBJ=    282.25176558381673     
 iteration         5560 MCMCOBJ=    252.09936878688774     
 iteration         5580 MCMCOBJ=    235.80097102106186     
 iteration         5600 MCMCOBJ=    256.64118046867645     
 iteration         5620 MCMCOBJ=    260.63895840087008     
 iteration         5640 MCMCOBJ=    247.27844620122406     
 iteration         5660 MCMCOBJ=    246.85809425055669     
 iteration         5680 MCMCOBJ=    215.90854273988111     
 iteration         5700 MCMCOBJ=    250.29953075518202     
 iteration         5720 MCMCOBJ=    254.44335071336826     
 iteration         5740 MCMCOBJ=    269.49668257473661     
 iteration         5760 MCMCOBJ=    256.16188574744814     
 iteration         5780 MCMCOBJ=    247.47223917511053     
 iteration         5800 MCMCOBJ=    244.35353138333997     
 iteration         5820 MCMCOBJ=    265.11130983473731     
 iteration         5840 MCMCOBJ=    227.93605102176861     
 iteration         5860 MCMCOBJ=    236.76487723938769     
 iteration         5880 MCMCOBJ=    241.14495916397220     
 iteration         5900 MCMCOBJ=    258.17537403053171     
 iteration         5920 MCMCOBJ=    247.60743356722995     
 iteration         5940 MCMCOBJ=    254.55552772971095     
 iteration         5960 MCMCOBJ=    251.08373137630971     
 iteration         5980 MCMCOBJ=    254.70028063663747     
 iteration         6000 MCMCOBJ=    242.62167799005502     
 iteration         6020 MCMCOBJ=    242.34136013641765     
 iteration         6040 MCMCOBJ=    242.08439418735318     
 iteration         6060 MCMCOBJ=    265.49995946615240     
 iteration         6080 MCMCOBJ=    263.40959636548467     
 iteration         6100 MCMCOBJ=    278.58374236819850     
 iteration         6120 MCMCOBJ=    254.75805219393018     
 iteration         6140 MCMCOBJ=    284.69705575615285     
 iteration         6160 MCMCOBJ=    261.23195562552087     
 iteration         6180 MCMCOBJ=    245.74583455711303     
 iteration         6200 MCMCOBJ=    267.05089020083824     
 iteration         6220 MCMCOBJ=    270.79924287487142     
 iteration         6240 MCMCOBJ=    261.80079083569524     
 iteration         6260 MCMCOBJ=    243.54704035704177     
 iteration         6280 MCMCOBJ=    283.11353132850360     
 iteration         6300 MCMCOBJ=    273.51186549503899     
 iteration         6320 MCMCOBJ=    260.14054246690245     
 iteration         6340 MCMCOBJ=    246.59410013139862     
 iteration         6360 MCMCOBJ=    259.83172255364684     
 iteration         6380 MCMCOBJ=    262.81837598403109     
 iteration         6400 MCMCOBJ=    282.25045760348007     
 iteration         6420 MCMCOBJ=    249.36339207947680     
 iteration         6440 MCMCOBJ=    238.40298716380352     
 iteration         6460 MCMCOBJ=    247.83816447762334     
 iteration         6480 MCMCOBJ=    241.35948806913808     
 iteration         6500 MCMCOBJ=    244.38340392452315     
 iteration         6520 MCMCOBJ=    251.60419302865924     
 iteration         6540 MCMCOBJ=    273.37189459511285     
 iteration         6560 MCMCOBJ=    275.27895476169766     
 iteration         6580 MCMCOBJ=    269.01479538830853     
 iteration         6600 MCMCOBJ=    279.63818472385714     
 iteration         6620 MCMCOBJ=    242.13554842562857     
 iteration         6640 MCMCOBJ=    238.48926059291028     
 iteration         6660 MCMCOBJ=    257.05287487530074     
 iteration         6680 MCMCOBJ=    227.06515832534322     
 iteration         6700 MCMCOBJ=    252.21032328706841     
 iteration         6720 MCMCOBJ=    254.07036687177163     
 iteration         6740 MCMCOBJ=    258.60080147578850     
 iteration         6760 MCMCOBJ=    224.10339571510266     
 iteration         6780 MCMCOBJ=    248.63318412530708     
 iteration         6800 MCMCOBJ=    261.79898313225345     
 iteration         6820 MCMCOBJ=    275.20333879410998     
 iteration         6840 MCMCOBJ=    288.17997164856627     
 iteration         6860 MCMCOBJ=    230.03678966394065     
 iteration         6880 MCMCOBJ=    253.38495404572367     
 iteration         6900 MCMCOBJ=    234.85585290788407     
 iteration         6920 MCMCOBJ=    224.87902619511004     
 iteration         6940 MCMCOBJ=    230.43555351819586     
 iteration         6960 MCMCOBJ=    253.02705345662591     
 iteration         6980 MCMCOBJ=    249.84070142163301     
 iteration         7000 MCMCOBJ=    252.15216265464520     
 iteration         7020 MCMCOBJ=    266.60764676084193     
 iteration         7040 MCMCOBJ=    270.24843195225878     
 iteration         7060 MCMCOBJ=    225.34445262047078     
 iteration         7080 MCMCOBJ=    272.05249232088624     
 iteration         7100 MCMCOBJ=    252.06453397744914     
 iteration         7120 MCMCOBJ=    267.61456154035346     
 iteration         7140 MCMCOBJ=    262.93973262864171     
 iteration         7160 MCMCOBJ=    249.05634539082274     
 iteration         7180 MCMCOBJ=    240.82854286598061     
 iteration         7200 MCMCOBJ=    239.46737542140056     
 iteration         7220 MCMCOBJ=    242.90477402403494     
 iteration         7240 MCMCOBJ=    256.37954393427617     
 iteration         7260 MCMCOBJ=    237.61779904024328     
 iteration         7280 MCMCOBJ=    259.03546986635342     
 iteration         7300 MCMCOBJ=    247.05380780329074     
 iteration         7320 MCMCOBJ=    244.00896298706473     
 iteration         7340 MCMCOBJ=    232.09165088378387     
 iteration         7360 MCMCOBJ=    236.66774370978735     
 iteration         7380 MCMCOBJ=    267.76350664282722     
 iteration         7400 MCMCOBJ=    247.37481709556079     
 iteration         7420 MCMCOBJ=    248.17365944756293     
 iteration         7440 MCMCOBJ=    265.21165728335160     
 iteration         7460 MCMCOBJ=    275.85897081133390     
 iteration         7480 MCMCOBJ=    234.44228953858632     
 iteration         7500 MCMCOBJ=    243.30850538475147     
 iteration         7520 MCMCOBJ=    240.10474797254113     
 iteration         7540 MCMCOBJ=    256.90359720626452     
 iteration         7560 MCMCOBJ=    226.27580158429220     
 iteration         7580 MCMCOBJ=    251.76057074279012     
 iteration         7600 MCMCOBJ=    264.62672587404893     
 iteration         7620 MCMCOBJ=    257.52591796007789     
 iteration         7640 MCMCOBJ=    274.19355850717977     
 iteration         7660 MCMCOBJ=    231.96315277461321     
 iteration         7680 MCMCOBJ=    244.33818392599224     
 iteration         7700 MCMCOBJ=    250.98120149939433     
 iteration         7720 MCMCOBJ=    266.81834305515542     
 iteration         7740 MCMCOBJ=    239.50534763942269     
 iteration         7760 MCMCOBJ=    258.16007185373172     
 iteration         7780 MCMCOBJ=    246.33333410146562     
 iteration         7800 MCMCOBJ=    227.22596381775963     
 iteration         7820 MCMCOBJ=    285.99488961505051     
 iteration         7840 MCMCOBJ=    244.20473807957561     
 iteration         7860 MCMCOBJ=    220.37939363130278     
 iteration         7880 MCMCOBJ=    259.07830926443819     
 iteration         7900 MCMCOBJ=    272.70128081922365     
 iteration         7920 MCMCOBJ=    267.38106546312548     
 iteration         7940 MCMCOBJ=    281.01657351042894     
 iteration         7960 MCMCOBJ=    261.05193597124611     
 iteration         7980 MCMCOBJ=    249.55378155491519     
 iteration         8000 MCMCOBJ=    222.39121060188751     
 iteration         8020 MCMCOBJ=    265.01428346195888     
 iteration         8040 MCMCOBJ=    241.23779054474306     
 iteration         8060 MCMCOBJ=    240.55432263029886     
 iteration         8080 MCMCOBJ=    242.60178859721182     
 iteration         8100 MCMCOBJ=    228.54536917885667     
 iteration         8120 MCMCOBJ=    242.85056694979417     
 iteration         8140 MCMCOBJ=    277.03901877036293     
 iteration         8160 MCMCOBJ=    273.81109284954118     
 iteration         8180 MCMCOBJ=    249.96066501698573     
 iteration         8200 MCMCOBJ=    233.56356796997648     
 iteration         8220 MCMCOBJ=    246.85580174722872     
 iteration         8240 MCMCOBJ=    246.57688068209208     
 iteration         8260 MCMCOBJ=    232.46916731646203     
 iteration         8280 MCMCOBJ=    295.28221111406697     
 iteration         8300 MCMCOBJ=    238.02468203919770     
 iteration         8320 MCMCOBJ=    253.85363232437834     
 iteration         8340 MCMCOBJ=    235.09449150456553     
 iteration         8360 MCMCOBJ=    302.32772094569185     
 iteration         8380 MCMCOBJ=    255.20982344492307     
 iteration         8400 MCMCOBJ=    212.45669145533299     
 iteration         8420 MCMCOBJ=    242.23726969663824     
 iteration         8440 MCMCOBJ=    237.91355894339750     
 iteration         8460 MCMCOBJ=    253.90833982602931     
 iteration         8480 MCMCOBJ=    232.77801872102788     
 iteration         8500 MCMCOBJ=    221.83291141957531     
 iteration         8520 MCMCOBJ=    287.96974326280389     
 iteration         8540 MCMCOBJ=    245.43643997900077     
 iteration         8560 MCMCOBJ=    242.08253531039153     
 iteration         8580 MCMCOBJ=    240.79114259461736     
 iteration         8600 MCMCOBJ=    255.17912426814101     
 iteration         8620 MCMCOBJ=    262.65997612392152     
 iteration         8640 MCMCOBJ=    238.38763501224491     
 iteration         8660 MCMCOBJ=    252.45446161465108     
 iteration         8680 MCMCOBJ=    239.62550964727873     
 iteration         8700 MCMCOBJ=    260.28026327665322     
 iteration         8720 MCMCOBJ=    272.89703461672809     
 iteration         8740 MCMCOBJ=    226.87208636453477     
 iteration         8760 MCMCOBJ=    235.68258459382852     
 iteration         8780 MCMCOBJ=    236.24039339513092     
 iteration         8800 MCMCOBJ=    234.63937542505420     
 iteration         8820 MCMCOBJ=    274.10577005167210     
 iteration         8840 MCMCOBJ=    261.89689648280324     
 iteration         8860 MCMCOBJ=    244.34099467828275     
 iteration         8880 MCMCOBJ=    236.03863108051328     
 iteration         8900 MCMCOBJ=    252.88853372756890     
 iteration         8920 MCMCOBJ=    267.48706536239814     
 iteration         8940 MCMCOBJ=    228.33570205570609     
 iteration         8960 MCMCOBJ=    245.05019471838204     
 iteration         8980 MCMCOBJ=    250.05017621600430     
 iteration         9000 MCMCOBJ=    238.49629211145125     
 iteration         9020 MCMCOBJ=    222.37074248390269     
 iteration         9040 MCMCOBJ=    256.42178716353231     
 iteration         9060 MCMCOBJ=    241.90871526780606     
 iteration         9080 MCMCOBJ=    242.98786045097950     
 iteration         9100 MCMCOBJ=    234.59223932468382     
 iteration         9120 MCMCOBJ=    231.04475673341969     
 iteration         9140 MCMCOBJ=    250.24755214300626     
 iteration         9160 MCMCOBJ=    269.62054470566653     
 iteration         9180 MCMCOBJ=    226.43709254872141     
 iteration         9200 MCMCOBJ=    245.38246308268270     
 iteration         9220 MCMCOBJ=    226.26589365326186     
 iteration         9240 MCMCOBJ=    257.92124600940735     
 iteration         9260 MCMCOBJ=    256.65613881413708     
 iteration         9280 MCMCOBJ=    271.00211181855565     
 iteration         9300 MCMCOBJ=    253.00818042642058     
 iteration         9320 MCMCOBJ=    252.86335329205727     
 iteration         9340 MCMCOBJ=    235.40006875955177     
 iteration         9360 MCMCOBJ=    237.10837114670809     
 iteration         9380 MCMCOBJ=    272.10961431661383     
 iteration         9400 MCMCOBJ=    242.57729455049019     
 iteration         9420 MCMCOBJ=    250.44530206057109     
 iteration         9440 MCMCOBJ=    269.76190264947712     
 iteration         9460 MCMCOBJ=    250.84180486769182     
 iteration         9480 MCMCOBJ=    263.26090065104512     
 iteration         9500 MCMCOBJ=    232.15482404530826     
 iteration         9520 MCMCOBJ=    275.78778698817069     
 iteration         9540 MCMCOBJ=    263.07028631843696     
 iteration         9560 MCMCOBJ=    266.80123223795482     
 iteration         9580 MCMCOBJ=    236.36225761272726     
 iteration         9600 MCMCOBJ=    238.01008077334754     
 iteration         9620 MCMCOBJ=    229.24933976655595     
 iteration         9640 MCMCOBJ=    274.23122030595226     
 iteration         9660 MCMCOBJ=    262.31610924830215     
 iteration         9680 MCMCOBJ=    233.16505935666839     
 iteration         9700 MCMCOBJ=    262.23986899940047     
 iteration         9720 MCMCOBJ=    269.79126819936420     
 iteration         9740 MCMCOBJ=    245.12189703066196     
 iteration         9760 MCMCOBJ=    257.04930207152609     
 iteration         9780 MCMCOBJ=    237.41593898618311     
 iteration         9800 MCMCOBJ=    224.69022378814617     
 iteration         9820 MCMCOBJ=    245.74237265739430     
 iteration         9840 MCMCOBJ=    244.81034055534639     
 iteration         9860 MCMCOBJ=    254.92378809408387     
 iteration         9880 MCMCOBJ=    265.90106709606897     
 iteration         9900 MCMCOBJ=    252.43764109688976     
 iteration         9920 MCMCOBJ=    262.23819328262658     
 iteration         9940 MCMCOBJ=    239.83998332613106     
 iteration         9960 MCMCOBJ=    269.12101386698379     
 iteration         9980 MCMCOBJ=    240.12301875233950     
 iteration        10000 MCMCOBJ=    244.31129572186939     
 BURN-IN WAS COMPLETED

 #TERM:
 STATISTICAL PORTION WAS COMPLETED
  
 TOTAL DATA POINTS NORMALLY DISTRIBUTED (N):          108
 N*LOG(2PI) CONSTANT TO OBJECTIVE FUNCTION:    198.49072317220930     
 OBJECTIVE FUNCTION VALUE WITHOUT CONSTANT:    250.84809661034632     
 OBJECTIVE FUNCTION VALUE WITH CONSTANT:       449.33881978255562     
 REPORTED OBJECTIVE FUNCTION DOES NOT CONTAIN CONSTANT
  
 TOTAL EFFECTIVE ETAS (NIND*NETA):                            72
 NIND*NETA*LOG(2PI) CONSTANT TO OBJECTIVE FUNCTION:    132.32714878147286     
 OBJECTIVE FUNCTION VALUE WITHOUT CONSTANT:    250.84809661034632     
 OBJECTIVE FUNCTION VALUE WITH CONSTANT:       383.17524539181920     
 REPORTED OBJECTIVE FUNCTION DOES NOT CONTAIN CONSTANT
  
 PRIOR CONSTANT TO OBJECTIVE FUNCTION:    30.823646298206345     
 OBJECTIVE FUNCTION VALUE WITHOUT CONSTANT:    250.84809661034632     
 OBJECTIVE FUNCTION VALUE WITH CONSTANT:       281.67174290855269     
 REPORTED OBJECTIVE FUNCTION DOES NOT CONTAIN CONSTANT
  
 #TERE:
 Elapsed estimation  time in seconds:    45.52
 Elapsed covariance  time in seconds:     0.00
1
 
 
 
 
 
 
 
 
 
 
 
 
 
 
 
 
 
 
 
 
 ************************************************************************************************************************
 ********************                                                                                ********************
 ********************                              MCMC BAYESIAN ANALYSIS                            ********************
 #OBJT:**************                       AVERAGE VALUE OF LIKELIHOOD FUNCTION                     ********************
 ********************                                                                                ********************
 ************************************************************************************************************************
 





 #OBJV:********************************************      250.848       **************************************************
 #OBJS:********************************************       16.421 (STD) **************************************************
1
 ************************************************************************************************************************
 ********************                                                                                ********************
 ********************                              MCMC BAYESIAN ANALYSIS                            ********************
 ********************                             FINAL PARAMETER ESTIMATE                           ********************
 ********************                                                                                ********************
 ************************************************************************************************************************
 


 THETA - VECTOR OF FIXED EFFECTS PARAMETERS   *********


         THETA(CL) THETA(V) 
 
         3.14E+00  3.55E+01
 


 OMEGA - COV MATRIX FOR RANDOM EFFECTS - ETAS  ********


         ETA(CL)   ETA(V)   
 
 ETA(CL)
+        1.13E-01
 
 ETA(V)
+        2.71E-02  6.59E-02
 


 SIGMA - COV MATRIX FOR RANDOM EFFECTS - EPSILONS  ****


         EPS1     
 
 EPS1
+        3.88E-02
 
1


 OMEGA - CORR MATRIX FOR RANDOM EFFECTS - ETAS  *******


         ETA(CL)   ETA(V)   
 
 ETA(CL)
+        3.33E-01
 
 ETA(V)
+        3.11E-01  2.53E-01
 


 SIGMA - CORR MATRIX FOR RANDOM EFFECTS - EPSILONS  ***


         EPS1     
 
 EPS1
+        1.96E-01
 
1
 ************************************************************************************************************************
 ********************                                                                                ********************
 ********************                              MCMC BAYESIAN ANALYSIS                            ********************
 ********************                STANDARD ERROR OF ESTIMATE (From Sample Variance)               ********************
 ********************                                                                                ********************
 ************************************************************************************************************************
 


 THETA - VECTOR OF FIXED EFFECTS PARAMETERS   *********


         THETA(CL) THETA(V) 
 
         1.93E-01  2.00E+00
 


 OMEGA - COV MATRIX FOR RANDOM EFFECTS - ETAS  ********


         ETA(CL)   ETA(V)   
 
 ETA(CL)
+        3.29E-02
 
 ETA(V)
+        2.06E-02  2.25E-02
 


 SIGMA - COV MATRIX FOR RANDOM EFFECTS - EPSILONS  ****


         EPS1     
 
 EPS1
+        8.25E-03
 
1


 OMEGA - CORR MATRIX FOR RANDOM EFFECTS - ETAS  *******


         ETA(CL)   ETA(V)   
 
 ETA(CL)
+        4.73E-02
 
 ETA(V)
+        2.01E-01  4.25E-02
 


 SIGMA - CORR MATRIX FOR RANDOM EFFECTS - EPSILONS  ***


         EPS1     
 
 EPS1
+        2.05E-02
 
1
 ************************************************************************************************************************
 ********************                                                                                ********************
 ********************                              MCMC BAYESIAN ANALYSIS                            ********************
 ********************               COVARIANCE MATRIX OF ESTIMATE (From Sample Variance)             ********************
 ********************                                                                                ********************
 ************************************************************************************************************************
 

            TH 1      TH 2      OM11      OM12      OM22      SG11  
 
 TH 1
+        3.74E-02
 
 TH 2
+        8.26E-02  4.00E+00
 
 OM11
+       -2.84E-04  5.26E-03  1.08E-03
 
 OM12
+        2.89E-04  5.48E-05  2.45E-04  4.26E-04
 
 OM22
+       -1.47E-04  1.66E-03  9.08E-05  1.80E-04  5.08E-04
 
 SG11
+        8.77E-05  7.51E-04 -2.64E-05 -1.27E-05 -2.03E-05  6.81E-05
 
1
 ************************************************************************************************************************
 ********************                                                                                ********************
 ********************                              MCMC BAYESIAN ANALYSIS                            ********************
 ********************              CORRELATION MATRIX OF ESTIMATE (From Sample Variance)             ********************
 ********************                                                                                ********************
 ************************************************************************************************************************
 

            TH 1      TH 2      OM11      OM12      OM22      SG11  
 
 TH 1
+        1.93E-01
 
 TH 2
+        2.13E-01  2.00E+00
 
 OM11
+       -4.46E-02  7.98E-02  3.29E-02
 
 OM12
+        7.23E-02  1.33E-03  3.61E-01  2.06E-02
 
 OM22
+       -3.36E-02  3.69E-02  1.22E-01  3.88E-01  2.25E-02
 
 SG11
+        5.50E-02  4.55E-02 -9.72E-02 -7.44E-02 -1.09E-01  8.25E-03
 
1
 ************************************************************************************************************************
 ********************                                                                                ********************
 ********************                              MCMC BAYESIAN ANALYSIS                            ********************
 ********************           INVERSE COVARIANCE MATRIX OF ESTIMATE (From Sample Variance)         ********************
 ********************                                                                                ********************
 ************************************************************************************************************************
 

            TH 1      TH 2      OM11      OM12      OM22      SG11  
 
 TH 1
+        2.86E+01
 
 TH 2
+       -6.16E-01  2.66E-01
 
 OM11
+        1.69E+01 -1.85E+00  1.09E+03
 
 OM12
+       -3.82E+01  2.02E+00 -6.54E+02  3.19E+03
 
 OM22
+        1.98E+01 -1.55E+00  6.17E+01 -1.03E+03  2.36E+03
 
 SG11
+       -2.47E+01 -2.95E+00  3.17E+02  5.94E+01  5.25E+02  1.50E+04
 
 Elapsed postprocess time in seconds:     0.00
 #CPUT: Total CPU Time in Seconds,       38.094
Stop Time: 
Tue 01/03/2017 
10:27 PM
