Tue 01/03/2017 
10:25 PM
$PROB one cmpt simple mu modeled bayes multidose nids: 9 scenario: tr
;; based_on: run100
$SUB ADVAN1 TRANS2
$INPUT ID TIME DV OBSNUM CMT EVID AMT RATE ADDL II 
$DATA ..\..\mdata\simple_nocovar_56id_6tp_md.csv
IGNORE=@ 
IGNORE=(OBSNUM.EQN.1)
IGNORE=(OBSNUM.EQN.2)
IGNORE=(OBSNUM.EQN.4)
IGNORE=(OBSNUM.EQN.5)
IGNORE=(OBSNUM.EQN.6)
IGNORE=(ID.GT.9)
$ABBR REPLACE THETA(CL, V) = THETA(1 to 2)
$ABBR REPLACE ETA(CL, V) = ETA(1 to 2)

$THETAI
THETA(1:NTHETA)=LOG(THETAI(1:NTHETA))
THETAP(1:NTHETAP)=LOG(THETAPI(1:NTHETAP))
$THETAR
THETAR(1:NTHETA)=EXP(THETA(1:NTHETA))
THETAPR(1:NTHETAP)=EXP(THETAP(1:NTHETAP))

$PRIOR NWPRI 

$PK
"USE NMBAYES_INT, ONLY: ITER_REPORT,BAYES_EXTRA_REQUEST,BAYES_EXTRA
; Request extra information for Bayesian analysis.
; An extra call will then be made for accepted samples
"BAYES_EXTRA_REQUEST=1

MU_1 = THETA(CL)
MU_2 = THETA(V)
CL = EXP(MU_1 + ETA(CL))
V = EXP(MU_2 + ETA(V))
S1 = V

"IF(BAYES_EXTRA==1 .AND. ITER_REPORT>=0 .AND. TIME==0.0) THEN
"WRITE(50,98) ITER_REPORT,ID,CL,V
"98 FORMAT(I12,1X,F14.0,4(1X,1PG12.5))
"ENDIF

$ERROR
IPRED=F
Y = IPRED*(1 + ERR(1))  

$THETA
(0.001, 2.5) ; TVCL
(0.001, 46) ; TVV

$OMEGA BLOCK(2)
0.1    ; nCL
0.1  0.1  ; nV

$SIGMA
0.03 ; PROP

; THETA PRIORS
$THETAP (2.5 FIX) (46 FIX) 

; THETA (uniformative) PRIORs
$THETAPV BLOCK(2)
10000 FIX
0.0 10000 

$OMEGAP BLOCK(2)
0.2 FIX
0 0.2

; degrees of freedom to prior omega matrix - low dof = highly uninformative
$OMEGAPD (2 FIX)

$EST METHOD=CHAIN FILE=..\run100.chn NSAMPLE=0 ISAMPLE=4 DF=20
$EST METHOD=BAYES INTER NBURN=4000 NITER=10000 PRINT=20 NOPRIOR=0 CTYPE=3 CITER=10 SEED=56664
  
NM-TRAN MESSAGES 
  
 WARNINGS AND ERRORS (IF ANY) FOR PROBLEM    1
             
 (WARNING  2) NM-TRAN INFERS THAT THE DATA ARE POPULATION.

 (MU_WARNING 20) MU_001: MU_ VARIABLE SHOULD NOT BE DEFINED AFTER VERBATIM CODE.
  
License Registered to: Devin Pastoor
Expiration Date:    14 NOV 2017
Current Date:        3 JAN 2017
Days until program expires : 311
1NONLINEAR MIXED EFFECTS MODEL PROGRAM (NONMEM) VERSION 7.4.0 alpha14 (nm74a14)
 ORIGINALLY DEVELOPED BY STUART BEAL, LEWIS SHEINER, AND ALISON BOECKMANN
 CURRENT DEVELOPERS ARE ROBERT BAUER, ICON DEVELOPMENT SOLUTIONS,
 AND ALISON BOECKMANN. IMPLEMENTATION, EFFICIENCY, AND STANDARDIZATION
 PERFORMED BY NOUS INFOSYSTEMS.

 PROBLEM NO.:         1
 one cmpt simple mu modeled bayes multidose nids: 9 scenario: tr
0DATA CHECKOUT RUN:              NO
 DATA SET LOCATED ON UNIT NO.:    2
 THIS UNIT TO BE REWOUND:        NO
 NO. OF DATA RECS IN DATA SET:       18
 NO. OF DATA ITEMS IN DATA SET:  11
 ID DATA ITEM IS DATA ITEM NO.:   1
 DEP VARIABLE IS DATA ITEM NO.:   3
 MDV DATA ITEM IS DATA ITEM NO.: 11
0INDICES PASSED TO SUBROUTINE PRED:
   6   2   7   8   0  10   5   0   0   0   9
0LABELS FOR DATA ITEMS:
 ID TIME DV OBSNUM CMT EVID AMT RATE ADDL II MDV
0LABELS FOR THETAS
 THETA(1)=THETA(CL)
 THETA(2)=THETA(V)
0LABELS FOR ETAS
 ETA(1)=ETA(CL)
0LABELS FOR ETAS
 ETA(2)=ETA(V)
0FORMAT FOR DATA:
 (E2.0,E3.0,E17.0,3E2.0,2E5.0,E2.0,E3.0,1F2.0)

 TOT. NO. OF OBS RECS:        9
 TOT. NO. OF INDIVIDUALS:      9
0LENGTH OF THETA:   5
0DEFAULT THETA BOUNDARY TEST OMITTED:    NO
0OMEGA HAS BLOCK FORM:
  1
  1  1
  0  0  2
  0  0  2  2
  0  0  0  0  3
  0  0  0  0  3  3
0DEFAULT OMEGA BOUNDARY TEST OMITTED:    NO
0SIGMA HAS SIMPLE DIAGONAL FORM WITH DIMENSION:   1
0DEFAULT SIGMA BOUNDARY TEST OMITTED:    NO
0INITIAL ESTIMATE OF THETA:
 LOWER BOUND    INITIAL EST    UPPER BOUND
  0.1000E-02     0.2500E+01     0.1000E+07
  0.1000E-02     0.4600E+02     0.1000E+07
  0.2500E+01     0.2500E+01     0.2500E+01
  0.4600E+02     0.4600E+02     0.4600E+02
  0.2000E+01     0.2000E+01     0.2000E+01
0INITIAL ESTIMATE OF OMEGA:
 BLOCK SET NO.   BLOCK                                                                    FIXED
        1                                                                                   NO
 DIAGONAL SHIFT OF  1.1000E-07 WAS IMPOSED TO ENSURE POSITIVE DEFINITENESS
                  0.1000E+00
                  0.1000E+00   0.1000E+00
        2                                                                                  YES
                  0.1000E+05
                  0.0000E+00   0.1000E+05
        3                                                                                  YES
                  0.2000E+00
                  0.0000E+00   0.2000E+00
0INITIAL ESTIMATE OF SIGMA:
 0.3000E-01
0
 THETAI SUBROUTINE USER-SUPPLIED
 THETAR SUBROUTINE USER-SUPPLIED
 PRIOR SUBROUTINE USER-SUPPLIED
1DOUBLE PRECISION PREDPP VERSION 7.4.0 alpha14 (nm74a14)

 ONE COMPARTMENT MODEL (ADVAN1)
0MAXIMUM NO. OF BASIC PK PARAMETERS:   2
0BASIC PK PARAMETERS (AFTER TRANSLATION):
   ELIMINATION RATE (K) IS BASIC PK PARAMETER NO.:  1

 TRANSLATOR WILL CONVERT PARAMETERS
 CLEARANCE (CL) AND VOLUME (V) TO K (TRANS2)
0COMPARTMENT ATTRIBUTES
 COMPT. NO.   FUNCTION   INITIAL    ON/OFF      DOSE      DEFAULT    DEFAULT
                         STATUS     ALLOWED    ALLOWED    FOR DOSE   FOR OBS.
    1         CENTRAL      ON         NO         YES        YES        YES
    2         OUTPUT       OFF        YES        NO         NO         NO
1
 ADDITIONAL PK PARAMETERS - ASSIGNMENT OF ROWS IN GG
 COMPT. NO.                             INDICES
              SCALE      BIOAVAIL.   ZERO-ORDER  ZERO-ORDER  ABSORB
                         FRACTION    RATE        DURATION    LAG
    1            3           *           *           *           *
    2            *           -           -           -           -
             - PARAMETER IS NOT ALLOWED FOR THIS MODEL
             * PARAMETER IS NOT SUPPLIED BY PK SUBROUTINE;
               WILL DEFAULT TO ONE IF APPLICABLE
0DATA ITEM INDICES USED BY PRED ARE:
   EVENT ID DATA ITEM IS DATA ITEM NO.:      6
   TIME DATA ITEM IS DATA ITEM NO.:          2
   DOSE AMOUNT DATA ITEM IS DATA ITEM NO.:   7
   DOSE RATE DATA ITEM IS DATA ITEM NO.:     8
   INTERVAL DATA ITEM IS DATA ITEM NO.:     10
   ADDL. DOSES DATA ITEM IS DATA ITEM NO.:   9
   COMPT. NO. DATA ITEM IS DATA ITEM NO.:    5

0PK SUBROUTINE CALLED WITH EVERY EVENT RECORD.
 PK SUBROUTINE NOT CALLED AT NONEVENT (ADDITIONAL OR LAGGED) DOSE TIMES.
0ERROR SUBROUTINE CALLED WITH EVERY EVENT RECORD.
1


 #TBLN:      1
 #METH: Chain Method Processing

 RANDOM GENERATION TYPE (CTYPE):     0
 RANDOM GENERATION SEED (SEED):      11456
 RANDOM SAMPLE SELECTION (ISAMPLE):  4
 RANDOM SAMPLE RANGE END (ISAMPEND): -2147483647
 NUMBER OF RANDOM SAMPLES (NSAMPLE): 0
 UNIFORM FRACTIONAL RANGE (IACCEPT): 0.400000000000000
 RANDOM SELECTION TYPE (SELECT):     0
 DEG. FR. TO GENERATE OMEGAS (DF):   20
 DEG. FR. TO GENERATE SIGMAS (DFS):  -1
 CHAIN FILE (FILE):                  ..\run100.chn
 EXCL. TITLE IN CHAIN FILE (NOTITLE):NO
 EX. COL. LBS. IN CHAIN FL.(NOLABEL):NO
 FORMAT FOR CHAIN FILE (FORMAT):     S1PE12.5
 PAR. ORDER in CHAIN FILE (ORDER):   TSOL
 RANDOM SAMPLING METHOD (RANMETHOD):3U

 THE FOLLOWING LABELS ARE EQUIVALENT
 PRED=NPRED
 RES=NRES
 WRES=NWRES
 IWRS=NIWRES
 IPRD=NIPRED
 IRS=NIRES



 FROM SAMPLE 4 OF CHAIN FILE ..\run100.chn
 NEW INITIAL ESTIMATES OF THETA
  0.6050E-01
  0.1739E-02
 NEW INITIAL ESTIMATES OF OMEGA
  0.1747E+00
  0.1747E+00  0.1748E+00
 NEW INITIAL ESTIMATES OF SIGMA
  0.4110E-01
1


 #TBLN:      1
 #METH: MCMC Bayesian Analysis

 ESTIMATION STEP OMITTED:                 NO
 ANALYSIS TYPE:                           POPULATION
 NUMBER OF SADDLE POINT RESET ITERATIONS:      0
 GRADIENT METHOD USED:               NOSLOW
 CONDITIONAL ESTIMATES USED:              YES
 CENTERED ETA:                            NO
 EPS-ETA INTERACTION:                     YES
 LAPLACIAN OBJ. FUNC.:                    NO
 NO. OF FUNCT. EVALS. ALLOWED:            840
 NO. OF SIG. FIGURES REQUIRED:            3
 INTERMEDIATE PRINTOUT:                   YES
 ESTIMATE OUTPUT TO MSF:                  NO
 IND. OBJ. FUNC. VALUES SORTED:           NO
 NUMERICAL DERIVATIVE
       FILE REQUEST (NUMDER):               NONE
 MAP (ETAHAT) ESTIMATION METHOD (OPTMAP):   0
 ETA HESSIAN EVALUATION METHOD (ETADER):    0
 INITIAL ETA FOR MAP ESTIMATION (MCETA):    0
 SIGDIGITS FOR MAP ESTIMATION (SIGLO):      100
 GRADIENT SIGDIGITS OF
       FIXED EFFECTS PARAMETERS (SIGL):     100
 NOPRIOR SETTING (NOPRIOR):                 OFF
 NOCOV SETTING (NOCOV):                     OFF
 DERCONT SETTING (DERCONT):                 OFF
 FINAL ETA RE-EVALUATION (FNLETA):          ON
 EXCLUDE NON-INFLUENTIAL (NON-INFL.) ETAS
       IN SHRINKAGE (ETASTYPE):             NO
 NON-INFL. ETA CORRECTION (NONINFETA):      OFF
 RAW OUTPUT FILE (FILE): run106_nids_9_tr_c4.ext
 EXCLUDE TITLE (NOTITLE):                   NO
 EXCLUDE COLUMN LABELS (NOLABEL):           NO
 FORMAT FOR ADDITIONAL FILES (FORMAT):      S1PE12.5
 PARAMETER ORDER FOR OUTPUTS (ORDER):       TSOL
 WISHART PRIOR DF INTERPRETATION (WISHTYPE):0
 KNUTHSUMOFF:                               0
 INCLUDE LNTWOPI:                           NO
 INCLUDE CONSTANT TERM TO PRIOR (PRIORC):   NO
 INCLUDE CONSTANT TERM TO OMEGA (ETA) (OLNTWOPI):NO
 EM OR BAYESIAN METHOD USED:                MCMC BAYESIAN (BAYES)
 MU MODELING PATTERN (MUM):
 GRADIENT/GIBBS PATTERN (GRD):
 AUTOMATIC SETTING FEATURE (AUTO):          OFF
 CONVERGENCE TYPE (CTYPE):                  3
 KEEP ITERATIONS (THIN):            1
 CONVERGENCE INTERVAL (CINTERVAL):          20
 CONVERGENCE ITERATIONS (CITER):            10
 CONVERGENCE ALPHA ERROR (CALPHA):          5.000000000000000E-02
 BURN-IN ITERATIONS (NBURN):                4000
 ITERATIONS (NITER):                        10000
 ANEAL SETTING (CONSTRAIN):                 1
 STARTING SEED FOR MC METHODS (SEED):       56664
 MC SAMPLES PER SUBJECT (ISAMPLE):          1
 RANDOM SAMPLING METHOD (RANMETHOD):        3U
 PROPOSAL DENSITY SCALING RANGE
              (ISCALE_MIN, ISCALE_MAX):     1.000000000000000E-06   ,1000000.00000000
 SAMPLE ACCEPTANCE RATE (IACCEPT):          0.400000000000000
 METROPOLIS HASTINGS SAMPLING FOR INDIVIDUAL ETAS:
 SAMPLES FOR GLOBAL SEARCH KERNEL (ISAMPLE_M1):          2
 SAMPLES FOR NEIGHBOR SEARCH KERNEL (ISAMPLE_M1A):       0
 SAMPLES FOR MASS/IMP/POST. MATRIX SEARCH (ISAMPLE_M1B): 2
 SAMPLES FOR LOCAL SEARCH KERNEL (ISAMPLE_M2):           2
 SAMPLES FOR LOCAL UNIVARIATE KERNEL (ISAMPLE_M3):       2
 PWR. WT. MASS/IMP/POST MATRIX ACCUM. FOR ETAS (IKAPPA): 1.00000000000000
 MASS/IMP./POST. MATRIX REFRESH SETTING (MASSREST):      -1
 METROPOLIS HASTINGS POPULATION SAMPLING FOR NON-GIBBS
 SAMPLED THETAS AND SIGMAS:
 PROPOSAL DENSITY SCALING RANGE
              (PSCALE_MIN, PSCALE_MAX):   1.000000000000000E-02   ,1000.00000000000
 SAMPLE ACCEPTANCE RATE (PACCEPT):                       0.500000000000000
 SAMPLES FOR GLOBAL SEARCH KERNEL (PSAMPLE_M1):          1
 SAMPLES FOR LOCAL SEARCH KERNEL (PSAMPLE_M2):           -1
 SAMPLES FOR LOCAL UNIVARIATE KERNEL (PSAMPLE_M3):       1
 METROPOLIS HASTINGS POPULATION SAMPLING FOR NON-GIBBS
 SAMPLED OMEGAS:
 SAMPLE ACCEPTANCE RATE (OACCEPT):                       0.500000000000000
 SAMPLES FOR GLOBAL SEARCH KERNEL (OSAMPLE_M1):          -1
 SAMPLES FOR LOCAL SEARCH KERNEL (OSAMPLE_M2):           -1
 SAMPLES FOR LOCAL UNIVARIATE SEARCH KERNEL (OSAMPLE_M3):0
 DEG. FR. FOR T DIST.  PRIOR FOR THETAS (TTDF):        0.00000000000000
 DEG. FR. FOR LKJ CORRELATION PRIOR FOR OMEGAS (OLKJDF): 0.00000000000000
 WEIGHT FACTOR FOR STD PRIOR FOR OMEGAS (OVARF): 1.00000000000000
 DEG. FR. FOR LKJ CORRELATION PRIOR FOR SIGMAS (SLKJDF): 0.00000000000000
 WEIGHT FACTOR FOR STD PRIOR FOR SIGMAS (SVARF): 1.00000000000000


 THE FOLLOWING LABELS ARE EQUIVALENT
 PRED=PREDI
 RES=RESI
 WRES=WRESI
 IWRS=IWRESI
 IPRD=IPREDI
 IRS=IRESI

 EM/BAYES SETUP:
 THETAS THAT ARE MU MODELED:
   1   2
 THETAS THAT ARE GIBBS SAMPLED:
   1   2
 THETAS THAT ARE METROPOLIS-HASTINGS SAMPLED:
 
 SIGMAS THAT ARE GIBBS SAMPLED:
   1
 SIGMAS THAT ARE METROPOLIS-HASTINGS SAMPLED:
 
 OMEGAS ARE GIBBS SAMPLED

 MONITORING OF SEARCH:

 Burn-in Mode
 iteration        -4000 MCMCOBJ=    131484048.69778399     
 iteration        -3980 MCMCOBJ=    33.070262533848656     
 iteration        -3960 MCMCOBJ=    3.3505395759484040     
 iteration        -3940 MCMCOBJ=    24.780948497096439     
 iteration        -3920 MCMCOBJ=  -0.82572188792971390     
 iteration        -3900 MCMCOBJ=    11.702912821074216     
 iteration        -3880 MCMCOBJ=    35.796366788336577     
 iteration        -3860 MCMCOBJ=  -0.42614788706363965     
 iteration        -3840 MCMCOBJ=   -8.4297837849003940     
 iteration        -3820 MCMCOBJ=   -4.9870426149772609     
 iteration        -3800 MCMCOBJ=    10.016649117175014     
 iteration        -3780 MCMCOBJ=    28.788677158594304     
 iteration        -3760 MCMCOBJ=    16.364428391203624     
 iteration        -3740 MCMCOBJ=   -2.6098830009080847     
 Convergence achieved
 Sampling Mode
 iteration            0 MCMCOBJ=   -1.5483710812160414     
 iteration           20 MCMCOBJ=   -42.692457294233286     
 iteration           40 MCMCOBJ=   -52.914431298066070     
 iteration           60 MCMCOBJ=   -93.951305115144123     
 iteration           80 MCMCOBJ=   -87.412461474084623     
 iteration          100 MCMCOBJ=   -80.492624735976847     
 iteration          120 MCMCOBJ=   -91.459078750722924     
 iteration          140 MCMCOBJ=   -113.50289594437554     
 iteration          160 MCMCOBJ=   -104.87474050042306     
 iteration          180 MCMCOBJ=   -121.46519871333568     
 iteration          200 MCMCOBJ=   -116.81114161527442     
 iteration          220 MCMCOBJ=   -127.72951166163324     
 iteration          240 MCMCOBJ=   -130.43156601462863     
 iteration          260 MCMCOBJ=   -134.52458877321044     
 iteration          280 MCMCOBJ=   -136.74172876659907     
 iteration          300 MCMCOBJ=   -129.06254396911316     
 iteration          320 MCMCOBJ=   -137.71308801024219     
 iteration          340 MCMCOBJ=   -132.70631523313673     
 iteration          360 MCMCOBJ=   -125.93070215102533     
 iteration          380 MCMCOBJ=   -129.34189919883693     
 iteration          400 MCMCOBJ=   -130.60813892531132     
 iteration          420 MCMCOBJ=   -119.21321794607677     
 iteration          440 MCMCOBJ=   -129.00767084561130     
 iteration          460 MCMCOBJ=   -127.35069835581423     
 iteration          480 MCMCOBJ=   -116.03006720185144     
 iteration          500 MCMCOBJ=   -95.127566297690052     
 iteration          520 MCMCOBJ=   -101.91099290700171     
 iteration          540 MCMCOBJ=   -75.328617883449510     
 iteration          560 MCMCOBJ=   -78.841553809774524     
 iteration          580 MCMCOBJ=   -93.193000522850781     
 iteration          600 MCMCOBJ=   -104.22079565257154     
 iteration          620 MCMCOBJ=   -90.149492225230887     
 iteration          640 MCMCOBJ=   -101.04080599712081     
 iteration          660 MCMCOBJ=   -110.24695962749904     
 iteration          680 MCMCOBJ=   -119.07039403988394     
 iteration          700 MCMCOBJ=   -105.53910369827140     
 iteration          720 MCMCOBJ=   -102.34016685035552     
 iteration          740 MCMCOBJ=   -69.367576972510221     
 iteration          760 MCMCOBJ=   -64.619085024718629     
 iteration          780 MCMCOBJ=   -68.600125200389229     
 iteration          800 MCMCOBJ=   -38.183532477842625     
 iteration          820 MCMCOBJ=   -18.385230462003594     
 iteration          840 MCMCOBJ=   -29.910152740960452     
 iteration          860 MCMCOBJ=   -7.1497519290834814     
 iteration          880 MCMCOBJ=   -27.627623037240912     
 iteration          900 MCMCOBJ=   -21.303001440894175     
 iteration          920 MCMCOBJ=   -57.057039943298790     
 iteration          940 MCMCOBJ=   -49.868975418255197     
 iteration          960 MCMCOBJ=   -64.834732382444301     
 iteration          980 MCMCOBJ=   -55.680137521641420     
 iteration         1000 MCMCOBJ=   -40.425979834920312     
 iteration         1020 MCMCOBJ=   -26.078992689205972     
 iteration         1040 MCMCOBJ=   -21.942431827407379     
 iteration         1060 MCMCOBJ=   -41.031141022426844     
 iteration         1080 MCMCOBJ=   -40.882557529699938     
 iteration         1100 MCMCOBJ=    12.812403196307777     
 iteration         1120 MCMCOBJ=    17.484534258999908     
 iteration         1140 MCMCOBJ=   -7.4129732201088308     
 iteration         1160 MCMCOBJ=    18.844565692451049     
 iteration         1180 MCMCOBJ=    28.045823912222772     
 iteration         1200 MCMCOBJ=    6.0216768456785541     
 iteration         1220 MCMCOBJ=    7.9092156117780315     
 iteration         1240 MCMCOBJ=    24.364986069711236     
 iteration         1260 MCMCOBJ=    21.571463876969418     
 iteration         1280 MCMCOBJ=    35.007229094670130     
 iteration         1300 MCMCOBJ=    26.841709781191703     
 iteration         1320 MCMCOBJ=    15.014283585441037     
 iteration         1340 MCMCOBJ=    18.266712643614138     
 iteration         1360 MCMCOBJ=    24.702420393819732     
 iteration         1380 MCMCOBJ=   -2.5004675233494207     
 iteration         1400 MCMCOBJ=    3.3472985963676605     
 iteration         1420 MCMCOBJ=   -16.848950990588992     
 iteration         1440 MCMCOBJ=   -21.849661203253739     
 iteration         1460 MCMCOBJ=   -24.594011647521501     
 iteration         1480 MCMCOBJ=   -39.882272248071089     
 iteration         1500 MCMCOBJ=   -3.8404738300326988     
 iteration         1520 MCMCOBJ=   -31.459779164423413     
 iteration         1540 MCMCOBJ=    4.8058193299067229     
 iteration         1560 MCMCOBJ=   -4.6321378461184377     
 iteration         1580 MCMCOBJ=   -3.3665112801873582     
 iteration         1600 MCMCOBJ=   -7.1363592839608945     
 iteration         1620 MCMCOBJ=    8.3265455131868311     
 iteration         1640 MCMCOBJ=    21.086943633559418     
 iteration         1660 MCMCOBJ=    15.111396953969441     
 iteration         1680 MCMCOBJ=    24.994043547799453     
 iteration         1700 MCMCOBJ=    5.9214250216373632     
 iteration         1720 MCMCOBJ=    5.3755523967733945     
 iteration         1740 MCMCOBJ=    14.511348201677494     
 iteration         1760 MCMCOBJ=    25.539306763524607     
 iteration         1780 MCMCOBJ=    5.2937977289677969     
 iteration         1800 MCMCOBJ=    12.086230591440643     
 iteration         1820 MCMCOBJ=   -13.709705928599826     
 iteration         1840 MCMCOBJ=   -7.5170845228618592     
 iteration         1860 MCMCOBJ=   -5.0059843704311158     
 iteration         1880 MCMCOBJ=   -30.004091865277790     
 iteration         1900 MCMCOBJ=   -14.081980435197668     
 iteration         1920 MCMCOBJ=    10.512344906044008     
 iteration         1940 MCMCOBJ=   -3.5899751928407895     
 iteration         1960 MCMCOBJ=    34.757722731944789     
 iteration         1980 MCMCOBJ=    16.017218888382281     
 iteration         2000 MCMCOBJ=    3.1422218827613042     
 iteration         2020 MCMCOBJ=    17.060343277623140     
 iteration         2040 MCMCOBJ=    14.214912564022816     
 iteration         2060 MCMCOBJ=    29.869599508425388     
 iteration         2080 MCMCOBJ=    30.964848518648740     
 iteration         2100 MCMCOBJ=    37.609886030880183     
 iteration         2120 MCMCOBJ=    16.686551269039281     
 iteration         2140 MCMCOBJ=    18.597524363779964     
 iteration         2160 MCMCOBJ=   -3.7745417293287349     
 iteration         2180 MCMCOBJ=    26.883656718732841     
 iteration         2200 MCMCOBJ=    11.042556675925816     
 iteration         2220 MCMCOBJ=    29.029833455695183     
 iteration         2240 MCMCOBJ=    11.292722535030933     
 iteration         2260 MCMCOBJ=   -4.5534346885756349     
 iteration         2280 MCMCOBJ=    19.683720618169122     
 iteration         2300 MCMCOBJ=    47.130694874503398     
 iteration         2320 MCMCOBJ=    10.560015537211578     
 iteration         2340 MCMCOBJ=    18.215676934501122     
 iteration         2360 MCMCOBJ=    3.1636944565314358     
 iteration         2380 MCMCOBJ=    12.709276736758715     
 iteration         2400 MCMCOBJ=    14.619720481454248     
 iteration         2420 MCMCOBJ=    10.408952494753009     
 iteration         2440 MCMCOBJ=   -15.203667414637813     
 iteration         2460 MCMCOBJ=   -17.205769714974636     
 iteration         2480 MCMCOBJ=   -24.299802440192270     
 iteration         2500 MCMCOBJ=   -33.784416328749153     
 iteration         2520 MCMCOBJ=   -56.484909359766860     
 iteration         2540 MCMCOBJ=   -71.845521762839354     
 iteration         2560 MCMCOBJ=   -54.308305947537001     
 iteration         2580 MCMCOBJ=   -45.028308372059577     
 iteration         2600 MCMCOBJ=   -76.897635599845245     
 iteration         2620 MCMCOBJ=   -49.362187001908438     
 iteration         2640 MCMCOBJ=   -49.190201111781590     
 iteration         2660 MCMCOBJ=   -12.152269790771246     
 iteration         2680 MCMCOBJ=   -22.001782247678211     
 iteration         2700 MCMCOBJ=   -11.786495408172852     
 iteration         2720 MCMCOBJ=   -52.506675887089152     
 iteration         2740 MCMCOBJ=   -45.929614956133058     
 iteration         2760 MCMCOBJ=   -53.592646789337785     
 iteration         2780 MCMCOBJ=   -72.777627363650268     
 iteration         2800 MCMCOBJ=   -58.162598266667466     
 iteration         2820 MCMCOBJ=   -69.079186302721524     
 iteration         2840 MCMCOBJ=   -45.667843664216775     
 iteration         2860 MCMCOBJ=   -48.011222013330517     
 iteration         2880 MCMCOBJ=    1.5733133918238882     
 iteration         2900 MCMCOBJ=   -27.927602355595443     
 iteration         2920 MCMCOBJ=   -59.132187177745962     
 iteration         2940 MCMCOBJ=   -72.326535460913675     
 iteration         2960 MCMCOBJ=   -41.156181660537158     
 iteration         2980 MCMCOBJ=    15.070129475826050     
 iteration         3000 MCMCOBJ=   -9.3114371922124519     
 iteration         3020 MCMCOBJ=    20.293945662753330     
 iteration         3040 MCMCOBJ=    11.552176243666715     
 iteration         3060 MCMCOBJ=    30.935004678808728     
 iteration         3080 MCMCOBJ=    23.163335709857414     
 iteration         3100 MCMCOBJ=    14.587588256830825     
 iteration         3120 MCMCOBJ=    11.594312457071439     
 iteration         3140 MCMCOBJ=    16.954565370753571     
 iteration         3160 MCMCOBJ=    6.8340783350391670     
 iteration         3180 MCMCOBJ=    13.802632200885007     
 iteration         3200 MCMCOBJ=    29.579024833381801     
 iteration         3220 MCMCOBJ=    3.5000585271120062     
 iteration         3240 MCMCOBJ=   -1.9716664300869744     
 iteration         3260 MCMCOBJ=    20.200310668991172     
 iteration         3280 MCMCOBJ=    13.685879499376121     
 iteration         3300 MCMCOBJ=    6.5959155528152218     
 iteration         3320 MCMCOBJ=   -7.9298964133338616     
 iteration         3340 MCMCOBJ=    11.839258658549044     
 iteration         3360 MCMCOBJ=    23.794043034270583     
 iteration         3380 MCMCOBJ=    22.712535504804002     
 iteration         3400 MCMCOBJ=    22.456042816846594     
 iteration         3420 MCMCOBJ=    21.674410884130392     
 iteration         3440 MCMCOBJ=   -15.268846680028140     
 iteration         3460 MCMCOBJ=    21.140164834907910     
 iteration         3480 MCMCOBJ=    18.344381343378256     
 iteration         3500 MCMCOBJ=    11.447489427501594     
 iteration         3520 MCMCOBJ=    9.8252831452906353     
 iteration         3540 MCMCOBJ=    22.957305546509989     
 iteration         3560 MCMCOBJ=   -21.306291222006699     
 iteration         3580 MCMCOBJ=   0.27107461252311899     
 iteration         3600 MCMCOBJ=   -1.6040115655403357     
 iteration         3620 MCMCOBJ=   -2.0344247985382662     
 iteration         3640 MCMCOBJ=    15.156376364278529     
 iteration         3660 MCMCOBJ=    23.579279152761838     
 iteration         3680 MCMCOBJ=    15.260789203041647     
 iteration         3700 MCMCOBJ=   -1.4008778497406338     
 iteration         3720 MCMCOBJ=    12.040706770020748     
 iteration         3740 MCMCOBJ=    40.214480773512292     
 iteration         3760 MCMCOBJ=    8.0281202685938702     
 iteration         3780 MCMCOBJ=    2.4251148494744288     
 iteration         3800 MCMCOBJ=  -0.84168476219778587     
 iteration         3820 MCMCOBJ=    2.5453722074834793     
 iteration         3840 MCMCOBJ=    26.192381474696120     
 iteration         3860 MCMCOBJ=    26.551791703315672     
 iteration         3880 MCMCOBJ=    25.411762816345650     
 iteration         3900 MCMCOBJ=   -5.1874102329473990     
 iteration         3920 MCMCOBJ=    1.7087455573543919     
 iteration         3940 MCMCOBJ=    24.070541981648869     
 iteration         3960 MCMCOBJ=  -0.36982180590691210     
 iteration         3980 MCMCOBJ=   -25.918850471402841     
 iteration         4000 MCMCOBJ=   -14.449555843250890     
 iteration         4020 MCMCOBJ=   -27.909794026293653     
 iteration         4040 MCMCOBJ=   -11.966011947013703     
 iteration         4060 MCMCOBJ=   -11.374891431927715     
 iteration         4080 MCMCOBJ=    24.017866098749050     
 iteration         4100 MCMCOBJ=    2.7915983399089246     
 iteration         4120 MCMCOBJ=    26.501174099202228     
 iteration         4140 MCMCOBJ=    23.667165479719230     
 iteration         4160 MCMCOBJ=    19.816433112745553     
 iteration         4180 MCMCOBJ=    30.799100380163019     
 iteration         4200 MCMCOBJ=    11.802722686376940     
 iteration         4220 MCMCOBJ=    12.702767939153400     
 iteration         4240 MCMCOBJ=    7.3770178162124375E-002
 iteration         4260 MCMCOBJ=    12.011768880564047     
 iteration         4280 MCMCOBJ=    15.390092515729171     
 iteration         4300 MCMCOBJ=    17.510349300219950     
 iteration         4320 MCMCOBJ=   -16.195675190050398     
 iteration         4340 MCMCOBJ=  -0.79565910661581973     
 iteration         4360 MCMCOBJ=   -5.7337420050381693     
 iteration         4380 MCMCOBJ=    11.257520672612500     
 iteration         4400 MCMCOBJ=    13.511023505515290     
 iteration         4420 MCMCOBJ=    21.193914198579446     
 iteration         4440 MCMCOBJ=    36.155394745931858     
 iteration         4460 MCMCOBJ=    7.6510421609310706     
 iteration         4480 MCMCOBJ=    10.666772008734563     
 iteration         4500 MCMCOBJ=   -10.968571934376977     
 iteration         4520 MCMCOBJ=   -39.586518212380078     
 iteration         4540 MCMCOBJ=   -34.844726693274403     
 iteration         4560 MCMCOBJ=    1.7387033122044968     
 iteration         4580 MCMCOBJ=   -13.511089447021934     
 iteration         4600 MCMCOBJ=   -18.835157024762083     
 iteration         4620 MCMCOBJ=    14.046569627156490     
 iteration         4640 MCMCOBJ=    21.922108235292583     
 iteration         4660 MCMCOBJ=   -6.0781092614939176     
 iteration         4680 MCMCOBJ=   -3.0222381336387532     
 iteration         4700 MCMCOBJ=    13.071295551426736     
 iteration         4720 MCMCOBJ=    27.344412231495038     
 iteration         4740 MCMCOBJ=    16.541852638020455     
 iteration         4760 MCMCOBJ=    27.285875800347917     
 iteration         4780 MCMCOBJ=    30.048995561464892     
 iteration         4800 MCMCOBJ=    3.8933468967425529     
 iteration         4820 MCMCOBJ=    19.064490086487790     
 iteration         4840 MCMCOBJ=   -2.6609888869096423     
 iteration         4860 MCMCOBJ=   -20.624744183100944     
 iteration         4880 MCMCOBJ=   -3.2476119931711493     
 iteration         4900 MCMCOBJ=   -21.042881026237570     
 iteration         4920 MCMCOBJ=   -16.972638688521887     
 iteration         4940 MCMCOBJ=    4.8348103480324616     
 iteration         4960 MCMCOBJ=   -3.9420476307777110     
 iteration         4980 MCMCOBJ=    11.811529540869911     
 iteration         5000 MCMCOBJ=    20.690313086111352     
 iteration         5020 MCMCOBJ=   -6.9759034689677417     
 iteration         5040 MCMCOBJ=   -48.396784854263274     
 iteration         5060 MCMCOBJ=   -8.7115885429257247     
 iteration         5080 MCMCOBJ=   -30.642937903683677     
 iteration         5100 MCMCOBJ=   -53.951156430843689     
 iteration         5120 MCMCOBJ=   -53.585203148818458     
 iteration         5140 MCMCOBJ=   -62.462188000586544     
 iteration         5160 MCMCOBJ=   -91.527363824676840     
 iteration         5180 MCMCOBJ=   -77.727841844285521     
 iteration         5200 MCMCOBJ=   -88.653293780494508     
 iteration         5220 MCMCOBJ=   -94.356974036287141     
 iteration         5240 MCMCOBJ=   -131.03296952811010     
 iteration         5260 MCMCOBJ=   -113.66642465500473     
 iteration         5280 MCMCOBJ=   -92.415840220023469     
 iteration         5300 MCMCOBJ=   -86.410797456426678     
 iteration         5320 MCMCOBJ=   -96.551524144409512     
 iteration         5340 MCMCOBJ=   -94.239038607468174     
 iteration         5360 MCMCOBJ=   -106.32236120293548     
 iteration         5380 MCMCOBJ=   -96.504361812575169     
 iteration         5400 MCMCOBJ=   -68.612875952174647     
 iteration         5420 MCMCOBJ=   -121.14048603700303     
 iteration         5440 MCMCOBJ=   -119.12141213587805     
 iteration         5460 MCMCOBJ=   -116.32123022713560     
 iteration         5480 MCMCOBJ=   -123.13777418970551     
 iteration         5500 MCMCOBJ=   -120.31241443928420     
 iteration         5520 MCMCOBJ=   -84.142905491294698     
 iteration         5540 MCMCOBJ=   -39.983489794615998     
 iteration         5560 MCMCOBJ=   -46.887300370377382     
 iteration         5580 MCMCOBJ=   -15.347890427657148     
 iteration         5600 MCMCOBJ=    10.979570228015071     
 iteration         5620 MCMCOBJ=    3.5725064340803954     
 iteration         5640 MCMCOBJ=   -12.486144572812734     
 iteration         5660 MCMCOBJ=    1.0297461884663401     
 iteration         5680 MCMCOBJ=    14.834340456530125     
 iteration         5700 MCMCOBJ=    8.8667582873714785     
 iteration         5720 MCMCOBJ=    14.317079359955294     
 iteration         5740 MCMCOBJ=    13.678399802225847     
 iteration         5760 MCMCOBJ=    11.254491317842216     
 iteration         5780 MCMCOBJ=   -18.849960258870649     
 iteration         5800 MCMCOBJ=   0.18030049310975474     
 iteration         5820 MCMCOBJ=    15.146312206468204     
 iteration         5840 MCMCOBJ=   -20.480971972479718     
 iteration         5860 MCMCOBJ=   -18.881927801475889     
 iteration         5880 MCMCOBJ=    6.1769784339653535     
 iteration         5900 MCMCOBJ=    10.758306457308088     
 iteration         5920 MCMCOBJ=    11.470812521699393     
 iteration         5940 MCMCOBJ=    14.768091455628559     
 iteration         5960 MCMCOBJ=    4.2659758304440789     
 iteration         5980 MCMCOBJ=    17.903673151759328     
 iteration         6000 MCMCOBJ=    3.6168961528995975     
 iteration         6020 MCMCOBJ=    22.348388502758961     
 iteration         6040 MCMCOBJ=   -10.042054676870036     
 iteration         6060 MCMCOBJ=   -56.875537050795323     
 iteration         6080 MCMCOBJ=   -59.856009363082038     
 iteration         6100 MCMCOBJ=   -66.501217716603875     
 iteration         6120 MCMCOBJ=   -20.658201453966505     
 iteration         6140 MCMCOBJ=   -14.212068828247176     
 iteration         6160 MCMCOBJ=    7.6347818196981931     
 iteration         6180 MCMCOBJ=   -32.437982324218751     
 iteration         6200 MCMCOBJ=   -45.298791714748390     
 iteration         6220 MCMCOBJ=   -71.210047375999608     
 iteration         6240 MCMCOBJ=   -103.47297498246425     
 iteration         6260 MCMCOBJ=   -113.99373740025824     
 iteration         6280 MCMCOBJ=   -113.15556053614760     
 iteration         6300 MCMCOBJ=   -95.850935414754829     
 iteration         6320 MCMCOBJ=   -59.220326060336788     
 iteration         6340 MCMCOBJ=   -76.866867877418358     
 iteration         6360 MCMCOBJ=   -92.406173562527457     
 iteration         6380 MCMCOBJ=   -77.060264884309220     
 iteration         6400 MCMCOBJ=   -78.541590563181742     
 iteration         6420 MCMCOBJ=   -73.451270191824307     
 iteration         6440 MCMCOBJ=   -110.23184371286447     
 iteration         6460 MCMCOBJ=   -114.83103863670300     
 iteration         6480 MCMCOBJ=   -64.134237342269969     
 iteration         6500 MCMCOBJ=   -70.348931167292463     
 iteration         6520 MCMCOBJ=   -90.925810337465578     
 iteration         6540 MCMCOBJ=   -94.453523061345379     
 iteration         6560 MCMCOBJ=   -100.30840230407240     
 iteration         6580 MCMCOBJ=   -79.594158488627855     
 iteration         6600 MCMCOBJ=   -57.010516851894792     
 iteration         6620 MCMCOBJ=   -40.145310428822313     
 iteration         6640 MCMCOBJ=   -56.990255227498636     
 iteration         6660 MCMCOBJ=   -57.669783273363166     
 iteration         6680 MCMCOBJ=   -56.132944582100542     
 iteration         6700 MCMCOBJ=   -92.217425288800442     
 iteration         6720 MCMCOBJ=   -114.43688496411156     
 iteration         6740 MCMCOBJ=   -105.17893736604860     
 iteration         6760 MCMCOBJ=   -110.34422494210877     
 iteration         6780 MCMCOBJ=   -142.88359763223562     
 iteration         6800 MCMCOBJ=   -144.21827406256432     
 iteration         6820 MCMCOBJ=   -144.41829379796465     
 iteration         6840 MCMCOBJ=   -140.13207667651193     
 iteration         6860 MCMCOBJ=   -138.91687832301776     
 iteration         6880 MCMCOBJ=   -137.23883209315889     
 iteration         6900 MCMCOBJ=   -138.89047961736699     
 iteration         6920 MCMCOBJ=   -133.09944042215415     
 iteration         6940 MCMCOBJ=   -137.15086861446301     
 iteration         6960 MCMCOBJ=   -142.67614674122575     
 iteration         6980 MCMCOBJ=   -149.63929333479908     
 iteration         7000 MCMCOBJ=   -144.98002670991283     
 iteration         7020 MCMCOBJ=   -128.23667450037280     
 iteration         7040 MCMCOBJ=   -133.86003857224810     
 iteration         7060 MCMCOBJ=   -142.55443461956773     
 iteration         7080 MCMCOBJ=   -127.21415898629694     
 iteration         7100 MCMCOBJ=   -117.65834102001206     
 iteration         7120 MCMCOBJ=   -105.32991725633393     
 iteration         7140 MCMCOBJ=   -94.997932386402610     
 iteration         7160 MCMCOBJ=   -98.431052878434542     
 iteration         7180 MCMCOBJ=   -117.19239170756886     
 iteration         7200 MCMCOBJ=   -124.64363933183616     
 iteration         7220 MCMCOBJ=   -138.00427521598908     
 iteration         7240 MCMCOBJ=   -136.46866254052551     
 iteration         7260 MCMCOBJ=   -148.29867986398099     
 iteration         7280 MCMCOBJ=   -140.26694806211518     
 iteration         7300 MCMCOBJ=   -127.78439906056822     
 iteration         7320 MCMCOBJ=   -129.35508005199065     
 iteration         7340 MCMCOBJ=   -100.34668507612078     
 iteration         7360 MCMCOBJ=   -112.03064801859793     
 iteration         7380 MCMCOBJ=   -106.50370903132858     
 iteration         7400 MCMCOBJ=   -129.17383367700216     
 iteration         7420 MCMCOBJ=   -134.07454573585184     
 iteration         7440 MCMCOBJ=   -125.92472960054518     
 iteration         7460 MCMCOBJ=   -124.10795421412837     
 iteration         7480 MCMCOBJ=   -134.27788680581730     
 iteration         7500 MCMCOBJ=   -122.24261927198282     
 iteration         7520 MCMCOBJ=   -135.61277758912502     
 iteration         7540 MCMCOBJ=   -145.90767896367629     
 iteration         7560 MCMCOBJ=   -138.81981472179723     
 iteration         7580 MCMCOBJ=   -153.67261983569978     
 iteration         7600 MCMCOBJ=   -131.19120733652227     
 iteration         7620 MCMCOBJ=   -138.32932866797958     
 iteration         7640 MCMCOBJ=   -127.33180534680744     
 iteration         7660 MCMCOBJ=   -126.37719816227224     
 iteration         7680 MCMCOBJ=   -136.96987810233898     
 iteration         7700 MCMCOBJ=   -140.82700968083731     
 iteration         7720 MCMCOBJ=   -139.19142545754991     
 iteration         7740 MCMCOBJ=   -139.58058100290020     
 iteration         7760 MCMCOBJ=   -119.70152706987098     
 iteration         7780 MCMCOBJ=   -127.60361239040225     
 iteration         7800 MCMCOBJ=   -120.40022955379550     
 iteration         7820 MCMCOBJ=   -79.733059529552335     
 iteration         7840 MCMCOBJ=   -64.800269495359672     
 iteration         7860 MCMCOBJ=   -9.5756908591492156     
 iteration         7880 MCMCOBJ=   -38.243012331737766     
 iteration         7900 MCMCOBJ=   -44.626028534496037     
 iteration         7920 MCMCOBJ=   -23.445430452026340     
 iteration         7940 MCMCOBJ=    7.4223930523738577     
 iteration         7960 MCMCOBJ=    21.210940365497407     
 iteration         7980 MCMCOBJ=    14.592188765718545     
 iteration         8000 MCMCOBJ=    17.712248968390448     
 iteration         8020 MCMCOBJ=    4.7913916361995526     
 iteration         8040 MCMCOBJ=   -10.751545637620117     
 iteration         8060 MCMCOBJ=   -57.050329496645475     
 iteration         8080 MCMCOBJ=   -56.541851442334647     
 iteration         8100 MCMCOBJ=   -109.01342981710765     
 iteration         8120 MCMCOBJ=   -81.236822569151883     
 iteration         8140 MCMCOBJ=   -90.025547793353084     
 iteration         8160 MCMCOBJ=   -59.082628136070937     
 iteration         8180 MCMCOBJ=   -65.144929113909868     
 iteration         8200 MCMCOBJ=   -78.976775752796456     
 iteration         8220 MCMCOBJ=   -99.555366958259711     
 iteration         8240 MCMCOBJ=   -80.424850750934283     
 iteration         8260 MCMCOBJ=   -98.343189892620359     
 iteration         8280 MCMCOBJ=   -91.349236652120396     
 iteration         8300 MCMCOBJ=   -85.629734580336518     
 iteration         8320 MCMCOBJ=   -67.650884581717023     
 iteration         8340 MCMCOBJ=   -98.342718943765135     
 iteration         8360 MCMCOBJ=   -97.677531478206049     
 iteration         8380 MCMCOBJ=   -106.34789740528724     
 iteration         8400 MCMCOBJ=   -134.23867162700736     
 iteration         8420 MCMCOBJ=   -133.65638739793607     
 iteration         8440 MCMCOBJ=   -141.84669844309852     
 iteration         8460 MCMCOBJ=   -143.82041565672955     
 iteration         8480 MCMCOBJ=   -136.80325065138422     
 iteration         8500 MCMCOBJ=   -140.86112315588707     
 iteration         8520 MCMCOBJ=   -151.35928470933840     
 iteration         8540 MCMCOBJ=   -139.28806094265474     
 iteration         8560 MCMCOBJ=   -123.64784658124603     
 iteration         8580 MCMCOBJ=   -130.27090735242967     
 iteration         8600 MCMCOBJ=   -137.88019732865206     
 iteration         8620 MCMCOBJ=   -128.03951997479325     
 iteration         8640 MCMCOBJ=   -126.89628546320006     
 iteration         8660 MCMCOBJ=   -142.89191340989856     
 iteration         8680 MCMCOBJ=   -127.13459991044729     
 iteration         8700 MCMCOBJ=   -131.12290994620400     
 iteration         8720 MCMCOBJ=   -94.152679999702130     
 iteration         8740 MCMCOBJ=   -108.89129006717408     
 iteration         8760 MCMCOBJ=   -103.50522278319434     
 iteration         8780 MCMCOBJ=   -118.12609404078799     
 iteration         8800 MCMCOBJ=   -105.68705613440113     
 iteration         8820 MCMCOBJ=   -102.53766508906166     
 iteration         8840 MCMCOBJ=   -99.059677092327235     
 iteration         8860 MCMCOBJ=   -102.05416067941604     
 iteration         8880 MCMCOBJ=   -106.03342976080125     
 iteration         8900 MCMCOBJ=   -128.45056132797114     
 iteration         8920 MCMCOBJ=   -125.95969414313713     
 iteration         8940 MCMCOBJ=   -136.55162743190564     
 iteration         8960 MCMCOBJ=   -129.18195524083333     
 iteration         8980 MCMCOBJ=   -133.85830524352806     
 iteration         9000 MCMCOBJ=   -130.91603182537636     
 iteration         9020 MCMCOBJ=   -138.20455975876220     
 iteration         9040 MCMCOBJ=   -114.92091633921802     
 iteration         9060 MCMCOBJ=   -83.577769052364744     
 iteration         9080 MCMCOBJ=   -88.999732724110061     
 iteration         9100 MCMCOBJ=   -59.373936937338812     
 iteration         9120 MCMCOBJ=   -45.990573258251764     
 iteration         9140 MCMCOBJ=   -42.089473109029250     
 iteration         9160 MCMCOBJ=   -10.082441283341065     
 iteration         9180 MCMCOBJ=    40.317947547484508     
 iteration         9200 MCMCOBJ=    6.8349814933887245     
 iteration         9220 MCMCOBJ=    14.288815765109733     
 iteration         9240 MCMCOBJ=    13.031152037477611     
 iteration         9260 MCMCOBJ=    15.987810917867685     
 iteration         9280 MCMCOBJ=    32.437812118400139     
 iteration         9300 MCMCOBJ=    21.495734150509936     
 iteration         9320 MCMCOBJ=    21.456871908290314     
 iteration         9340 MCMCOBJ=   -11.421296879762437     
 iteration         9360 MCMCOBJ=    3.0866818108307448     
 iteration         9380 MCMCOBJ=    10.842044339181333     
 iteration         9400 MCMCOBJ=    13.885597302998690     
 iteration         9420 MCMCOBJ=   -28.190394867972419     
 iteration         9440 MCMCOBJ=    33.059929390980116     
 iteration         9460 MCMCOBJ=    7.3290925553938404     
 iteration         9480 MCMCOBJ=    9.9655495595228949     
 iteration         9500 MCMCOBJ=    26.959835743827544     
 iteration         9520 MCMCOBJ=    14.241311700540759     
 iteration         9540 MCMCOBJ=    38.967407004014717     
 iteration         9560 MCMCOBJ=    10.807918690483588     
 iteration         9580 MCMCOBJ=    11.678567060308071     
 iteration         9600 MCMCOBJ=   -2.9954834711406111     
 iteration         9620 MCMCOBJ=    20.228417602939029     
 iteration         9640 MCMCOBJ=    11.031311191928133     
 iteration         9660 MCMCOBJ=    11.277904653859531     
 iteration         9680 MCMCOBJ=    7.6556716166605217     
 iteration         9700 MCMCOBJ=    16.805639833466110     
 iteration         9720 MCMCOBJ=   -10.090857134518149     
 iteration         9740 MCMCOBJ=   -11.188014555406260     
 iteration         9760 MCMCOBJ=    6.6178140359868474     
 iteration         9780 MCMCOBJ=   -1.2749030454002532     
 iteration         9800 MCMCOBJ=  -0.55901034570839603     
 iteration         9820 MCMCOBJ=   -5.8879260787108745     
 iteration         9840 MCMCOBJ=   -27.231231360564404     
 iteration         9860 MCMCOBJ=   -36.400880002312221     
 iteration         9880 MCMCOBJ=   -21.047485009262090     
 iteration         9900 MCMCOBJ=   -34.698409916881516     
 iteration         9920 MCMCOBJ=   -56.095647994718725     
 iteration         9940 MCMCOBJ=   -61.437233846511980     
 iteration         9960 MCMCOBJ=   -76.653272524041626     
 iteration         9980 MCMCOBJ=   -55.974433558004755     
 iteration        10000 MCMCOBJ=   -32.269739449499212     
 BURN-IN WAS COMPLETED

 #TERM:
 STATISTICAL PORTION WAS COMPLETED
  
 TOTAL DATA POINTS NORMALLY DISTRIBUTED (N):            9
 N*LOG(2PI) CONSTANT TO OBJECTIVE FUNCTION:    16.540893597684107     
 OBJECTIVE FUNCTION VALUE WITHOUT CONSTANT:   -44.510769337925687     
 OBJECTIVE FUNCTION VALUE WITH CONSTANT:      -27.969875740241580     
 REPORTED OBJECTIVE FUNCTION DOES NOT CONTAIN CONSTANT
  
 TOTAL EFFECTIVE ETAS (NIND*NETA):                            18
 NIND*NETA*LOG(2PI) CONSTANT TO OBJECTIVE FUNCTION:    33.081787195368214     
 OBJECTIVE FUNCTION VALUE WITHOUT CONSTANT:   -44.510769337925687     
 OBJECTIVE FUNCTION VALUE WITH CONSTANT:      -11.428982142557473     
 REPORTED OBJECTIVE FUNCTION DOES NOT CONTAIN CONSTANT
  
 PRIOR CONSTANT TO OBJECTIVE FUNCTION:    30.823646298206345     
 OBJECTIVE FUNCTION VALUE WITHOUT CONSTANT:   -44.510769337925687     
 OBJECTIVE FUNCTION VALUE WITH CONSTANT:      -13.687123039719342     
 REPORTED OBJECTIVE FUNCTION DOES NOT CONTAIN CONSTANT
  
 #TERE:
 Elapsed estimation  time in seconds:    15.00
 Elapsed covariance  time in seconds:     0.00
1
 
 
 
 
 
 
 
 
 
 
 
 
 
 
 
 
 
 
 
 
 ************************************************************************************************************************
 ********************                                                                                ********************
 ********************                              MCMC BAYESIAN ANALYSIS                            ********************
 #OBJT:**************                       AVERAGE VALUE OF LIKELIHOOD FUNCTION                     ********************
 ********************                                                                                ********************
 ************************************************************************************************************************
 





 #OBJV:********************************************      -44.511       **************************************************
 #OBJS:********************************************       57.664 (STD) **************************************************
1
 ************************************************************************************************************************
 ********************                                                                                ********************
 ********************                              MCMC BAYESIAN ANALYSIS                            ********************
 ********************                             FINAL PARAMETER ESTIMATE                           ********************
 ********************                                                                                ********************
 ************************************************************************************************************************
 


 THETA - VECTOR OF FIXED EFFECTS PARAMETERS   *********


         THETA(CL) THETA(V) 
 
         1.91E+00  5.87E+01
 


 OMEGA - COV MATRIX FOR RANDOM EFFECTS - ETAS  ********


         ETA(CL)   ETA(V)   
 
 ETA(CL)
+        3.33E-01
 
 ETA(V)
+        6.16E-03  2.43E-01
 


 SIGMA - COV MATRIX FOR RANDOM EFFECTS - EPSILONS  ****


         EPS1     
 
 EPS1
+        1.56E-02
 
1


 OMEGA - CORR MATRIX FOR RANDOM EFFECTS - ETAS  *******


         ETA(CL)   ETA(V)   
 
 ETA(CL)
+        5.00E-01
 
 ETA(V)
+        4.80E-02  4.59E-01
 


 SIGMA - CORR MATRIX FOR RANDOM EFFECTS - EPSILONS  ***


         EPS1     
 
 EPS1
+        5.95E-02
 
1
 ************************************************************************************************************************
 ********************                                                                                ********************
 ********************                              MCMC BAYESIAN ANALYSIS                            ********************
 ********************                STANDARD ERROR OF ESTIMATE (From Sample Variance)               ********************
 ********************                                                                                ********************
 ************************************************************************************************************************
 


 THETA - VECTOR OF FIXED EFFECTS PARAMETERS   *********


         THETA(CL) THETA(V) 
 
         1.08E+00  2.69E+01
 


 OMEGA - COV MATRIX FOR RANDOM EFFECTS - ETAS  ********


         ETA(CL)   ETA(V)   
 
 ETA(CL)
+        5.32E-01
 
 ETA(V)
+        1.40E-01  2.27E-01
 


 SIGMA - COV MATRIX FOR RANDOM EFFECTS - EPSILONS  ****


         EPS1     
 
 EPS1
+        6.78E-02
 
1


 OMEGA - CORR MATRIX FOR RANDOM EFFECTS - ETAS  *******


         ETA(CL)   ETA(V)   
 
 ETA(CL)
+        2.88E-01
 
 ETA(V)
+        4.05E-01  1.80E-01
 


 SIGMA - CORR MATRIX FOR RANDOM EFFECTS - EPSILONS  ***


         EPS1     
 
 EPS1
+        1.10E-01
 
1
 ************************************************************************************************************************
 ********************                                                                                ********************
 ********************                              MCMC BAYESIAN ANALYSIS                            ********************
 ********************               COVARIANCE MATRIX OF ESTIMATE (From Sample Variance)             ********************
 ********************                                                                                ********************
 ************************************************************************************************************************
 

            TH 1      TH 2      OM11      OM12      OM22      SG11  
 
 TH 1
+        1.16E+00
 
 TH 2
+       -2.14E+01  7.24E+02
 
 OM11
+       -1.72E-01  3.51E+00  2.83E-01
 
 OM12
+        2.23E-02 -5.28E-01 -1.03E-02  1.96E-02
 
 OM22
+        3.95E-02 -1.31E+00 -1.63E-02  1.66E-03  5.14E-02
 
 SG11
+       -1.07E-03  2.36E-01 -1.32E-03 -2.52E-04 -8.21E-04  4.60E-03
 
1
 ************************************************************************************************************************
 ********************                                                                                ********************
 ********************                              MCMC BAYESIAN ANALYSIS                            ********************
 ********************              CORRELATION MATRIX OF ESTIMATE (From Sample Variance)             ********************
 ********************                                                                                ********************
 ************************************************************************************************************************
 

            TH 1      TH 2      OM11      OM12      OM22      SG11  
 
 TH 1
+        1.08E+00
 
 TH 2
+       -7.36E-01  2.69E+01
 
 OM11
+       -3.00E-01  2.45E-01  5.32E-01
 
 OM12
+        1.48E-01 -1.40E-01 -1.38E-01  1.40E-01
 
 OM22
+        1.62E-01 -2.15E-01 -1.35E-01  5.23E-02  2.27E-01
 
 SG11
+       -1.47E-02  1.29E-01 -3.65E-02 -2.65E-02 -5.34E-02  6.78E-02
 
1
 ************************************************************************************************************************
 ********************                                                                                ********************
 ********************                              MCMC BAYESIAN ANALYSIS                            ********************
 ********************           INVERSE COVARIANCE MATRIX OF ESTIMATE (From Sample Variance)         ********************
 ********************                                                                                ********************
 ************************************************************************************************************************
 

            TH 1      TH 2      OM11      OM12      OM22      SG11  
 
 TH 1
+        1.97E+00
 
 TH 2
+        5.63E-02  3.18E-03
 
 OM11
+        4.73E-01 -3.33E-03  3.96E+00
 
 OM12
+       -5.12E-01  1.50E-02  1.41E+00  5.27E+01
 
 OM22
+        5.29E-02  3.40E-02  7.89E-01 -4.46E-01  2.06E+01
 
 SG11
+       -2.31E+00 -1.44E-01  1.63E+00  2.32E+00  2.14E+00  2.25E+02
 
 Elapsed postprocess time in seconds:     0.00
 #CPUT: Total CPU Time in Seconds,        8.391
Stop Time: 
Tue 01/03/2017 
10:25 PM
