Tue 01/03/2017 
10:24 PM
$PROB one cmpt simple mu modeled bayes multidose nids: 9 scenario: s1d
;; based_on: run100
$SUB ADVAN1 TRANS2
$INPUT ID TIME DV OBSNUM CMT EVID AMT RATE ADDL II 
$DATA ..\..\mdata\simple_nocovar_56id_6tp_md.csv
IGNORE=@ 
IGNORE=(OBSNUM.EQN.2)
IGNORE=(OBSNUM.EQN.4)
IGNORE=(OBSNUM.EQN.5)
IGNORE=(OBSNUM.EQN.6)
IGNORE=(ID.GT.9)
$ABBR REPLACE THETA(CL, V) = THETA(1 to 2)
$ABBR REPLACE ETA(CL, V) = ETA(1 to 2)

$THETAI
THETA(1:NTHETA)=LOG(THETAI(1:NTHETA))
THETAP(1:NTHETAP)=LOG(THETAPI(1:NTHETAP))
$THETAR
THETAR(1:NTHETA)=EXP(THETA(1:NTHETA))
THETAPR(1:NTHETAP)=EXP(THETAP(1:NTHETAP))

$PRIOR NWPRI 

$PK
"USE NMBAYES_INT, ONLY: ITER_REPORT,BAYES_EXTRA_REQUEST,BAYES_EXTRA
; Request extra information for Bayesian analysis.
; An extra call will then be made for accepted samples
"BAYES_EXTRA_REQUEST=1

MU_1 = THETA(CL)
MU_2 = THETA(V)
CL = EXP(MU_1 + ETA(CL))
V = EXP(MU_2 + ETA(V))
S1 = V

"IF(BAYES_EXTRA==1 .AND. ITER_REPORT>=0 .AND. TIME==0.0) THEN
"WRITE(50,98) ITER_REPORT,ID,CL,V
"98 FORMAT(I12,1X,F14.0,4(1X,1PG12.5))
"ENDIF

$ERROR
IPRED=F
Y = IPRED*(1 + ERR(1))  

$THETA
(0.001, 2.5) ; TVCL
(0.001, 46) ; TVV

$OMEGA BLOCK(2)
0.1    ; nCL
0.1  0.1  ; nV

$SIGMA
0.03 ; PROP

; THETA PRIORS
$THETAP (2.5 FIX) (46 FIX) 

; THETA (uniformative) PRIORs
$THETAPV BLOCK(2)
10000 FIX
0.0 10000 

$OMEGAP BLOCK(2)
0.2 FIX
0 0.2

; degrees of freedom to prior omega matrix - low dof = highly uninformative
$OMEGAPD (2 FIX)

$EST METHOD=CHAIN FILE=..\run100.chn NSAMPLE=0 ISAMPLE=4 DF=20
$EST METHOD=BAYES INTER NBURN=4000 NITER=10000 PRINT=20 NOPRIOR=0 CTYPE=3 CITER=10 SEED=56664
  
NM-TRAN MESSAGES 
  
 WARNINGS AND ERRORS (IF ANY) FOR PROBLEM    1
             
 (WARNING  2) NM-TRAN INFERS THAT THE DATA ARE POPULATION.

 (MU_WARNING 20) MU_001: MU_ VARIABLE SHOULD NOT BE DEFINED AFTER VERBATIM CODE.
  
License Registered to: Devin Pastoor
Expiration Date:    14 NOV 2017
Current Date:        3 JAN 2017
Days until program expires : 311
1NONLINEAR MIXED EFFECTS MODEL PROGRAM (NONMEM) VERSION 7.4.0 alpha14 (nm74a14)
 ORIGINALLY DEVELOPED BY STUART BEAL, LEWIS SHEINER, AND ALISON BOECKMANN
 CURRENT DEVELOPERS ARE ROBERT BAUER, ICON DEVELOPMENT SOLUTIONS,
 AND ALISON BOECKMANN. IMPLEMENTATION, EFFICIENCY, AND STANDARDIZATION
 PERFORMED BY NOUS INFOSYSTEMS.

 PROBLEM NO.:         1
 one cmpt simple mu modeled bayes multidose nids: 9 scenario: s1d
0DATA CHECKOUT RUN:              NO
 DATA SET LOCATED ON UNIT NO.:    2
 THIS UNIT TO BE REWOUND:        NO
 NO. OF DATA RECS IN DATA SET:       27
 NO. OF DATA ITEMS IN DATA SET:  11
 ID DATA ITEM IS DATA ITEM NO.:   1
 DEP VARIABLE IS DATA ITEM NO.:   3
 MDV DATA ITEM IS DATA ITEM NO.: 11
0INDICES PASSED TO SUBROUTINE PRED:
   6   2   7   8   0  10   5   0   0   0   9
0LABELS FOR DATA ITEMS:
 ID TIME DV OBSNUM CMT EVID AMT RATE ADDL II MDV
0LABELS FOR THETAS
 THETA(1)=THETA(CL)
 THETA(2)=THETA(V)
0LABELS FOR ETAS
 ETA(1)=ETA(CL)
0LABELS FOR ETAS
 ETA(2)=ETA(V)
0FORMAT FOR DATA:
 (E2.0,E3.0,E17.0,3E2.0,2E5.0,E2.0,E3.0,1F2.0)

 TOT. NO. OF OBS RECS:       18
 TOT. NO. OF INDIVIDUALS:      9
0LENGTH OF THETA:   5
0DEFAULT THETA BOUNDARY TEST OMITTED:    NO
0OMEGA HAS BLOCK FORM:
  1
  1  1
  0  0  2
  0  0  2  2
  0  0  0  0  3
  0  0  0  0  3  3
0DEFAULT OMEGA BOUNDARY TEST OMITTED:    NO
0SIGMA HAS SIMPLE DIAGONAL FORM WITH DIMENSION:   1
0DEFAULT SIGMA BOUNDARY TEST OMITTED:    NO
0INITIAL ESTIMATE OF THETA:
 LOWER BOUND    INITIAL EST    UPPER BOUND
  0.1000E-02     0.2500E+01     0.1000E+07
  0.1000E-02     0.4600E+02     0.1000E+07
  0.2500E+01     0.2500E+01     0.2500E+01
  0.4600E+02     0.4600E+02     0.4600E+02
  0.2000E+01     0.2000E+01     0.2000E+01
0INITIAL ESTIMATE OF OMEGA:
 BLOCK SET NO.   BLOCK                                                                    FIXED
        1                                                                                   NO
 DIAGONAL SHIFT OF  1.1000E-07 WAS IMPOSED TO ENSURE POSITIVE DEFINITENESS
                  0.1000E+00
                  0.1000E+00   0.1000E+00
        2                                                                                  YES
                  0.1000E+05
                  0.0000E+00   0.1000E+05
        3                                                                                  YES
                  0.2000E+00
                  0.0000E+00   0.2000E+00
0INITIAL ESTIMATE OF SIGMA:
 0.3000E-01
0
 THETAI SUBROUTINE USER-SUPPLIED
 THETAR SUBROUTINE USER-SUPPLIED
 PRIOR SUBROUTINE USER-SUPPLIED
1DOUBLE PRECISION PREDPP VERSION 7.4.0 alpha14 (nm74a14)

 ONE COMPARTMENT MODEL (ADVAN1)
0MAXIMUM NO. OF BASIC PK PARAMETERS:   2
0BASIC PK PARAMETERS (AFTER TRANSLATION):
   ELIMINATION RATE (K) IS BASIC PK PARAMETER NO.:  1

 TRANSLATOR WILL CONVERT PARAMETERS
 CLEARANCE (CL) AND VOLUME (V) TO K (TRANS2)
0COMPARTMENT ATTRIBUTES
 COMPT. NO.   FUNCTION   INITIAL    ON/OFF      DOSE      DEFAULT    DEFAULT
                         STATUS     ALLOWED    ALLOWED    FOR DOSE   FOR OBS.
    1         CENTRAL      ON         NO         YES        YES        YES
    2         OUTPUT       OFF        YES        NO         NO         NO
1
 ADDITIONAL PK PARAMETERS - ASSIGNMENT OF ROWS IN GG
 COMPT. NO.                             INDICES
              SCALE      BIOAVAIL.   ZERO-ORDER  ZERO-ORDER  ABSORB
                         FRACTION    RATE        DURATION    LAG
    1            3           *           *           *           *
    2            *           -           -           -           -
             - PARAMETER IS NOT ALLOWED FOR THIS MODEL
             * PARAMETER IS NOT SUPPLIED BY PK SUBROUTINE;
               WILL DEFAULT TO ONE IF APPLICABLE
0DATA ITEM INDICES USED BY PRED ARE:
   EVENT ID DATA ITEM IS DATA ITEM NO.:      6
   TIME DATA ITEM IS DATA ITEM NO.:          2
   DOSE AMOUNT DATA ITEM IS DATA ITEM NO.:   7
   DOSE RATE DATA ITEM IS DATA ITEM NO.:     8
   INTERVAL DATA ITEM IS DATA ITEM NO.:     10
   ADDL. DOSES DATA ITEM IS DATA ITEM NO.:   9
   COMPT. NO. DATA ITEM IS DATA ITEM NO.:    5

0PK SUBROUTINE CALLED WITH EVERY EVENT RECORD.
 PK SUBROUTINE NOT CALLED AT NONEVENT (ADDITIONAL OR LAGGED) DOSE TIMES.
0ERROR SUBROUTINE CALLED WITH EVERY EVENT RECORD.
1


 #TBLN:      1
 #METH: Chain Method Processing

 RANDOM GENERATION TYPE (CTYPE):     0
 RANDOM GENERATION SEED (SEED):      11456
 RANDOM SAMPLE SELECTION (ISAMPLE):  4
 RANDOM SAMPLE RANGE END (ISAMPEND): -2147483647
 NUMBER OF RANDOM SAMPLES (NSAMPLE): 0
 UNIFORM FRACTIONAL RANGE (IACCEPT): 0.400000000000000
 RANDOM SELECTION TYPE (SELECT):     0
 DEG. FR. TO GENERATE OMEGAS (DF):   20
 DEG. FR. TO GENERATE SIGMAS (DFS):  -1
 CHAIN FILE (FILE):                  ..\run100.chn
 EXCL. TITLE IN CHAIN FILE (NOTITLE):NO
 EX. COL. LBS. IN CHAIN FL.(NOLABEL):NO
 FORMAT FOR CHAIN FILE (FORMAT):     S1PE12.5
 PAR. ORDER in CHAIN FILE (ORDER):   TSOL
 RANDOM SAMPLING METHOD (RANMETHOD):3U

 THE FOLLOWING LABELS ARE EQUIVALENT
 PRED=NPRED
 RES=NRES
 WRES=NWRES
 IWRS=NIWRES
 IPRD=NIPRED
 IRS=NIRES



 FROM SAMPLE 4 OF CHAIN FILE ..\run100.chn
 NEW INITIAL ESTIMATES OF THETA
  0.6050E-01
  0.1739E-02
 NEW INITIAL ESTIMATES OF OMEGA
  0.1747E+00
  0.1747E+00  0.1748E+00
 NEW INITIAL ESTIMATES OF SIGMA
  0.4110E-01
1


 #TBLN:      1
 #METH: MCMC Bayesian Analysis

 ESTIMATION STEP OMITTED:                 NO
 ANALYSIS TYPE:                           POPULATION
 NUMBER OF SADDLE POINT RESET ITERATIONS:      0
 GRADIENT METHOD USED:               NOSLOW
 CONDITIONAL ESTIMATES USED:              YES
 CENTERED ETA:                            NO
 EPS-ETA INTERACTION:                     YES
 LAPLACIAN OBJ. FUNC.:                    NO
 NO. OF FUNCT. EVALS. ALLOWED:            840
 NO. OF SIG. FIGURES REQUIRED:            3
 INTERMEDIATE PRINTOUT:                   YES
 ESTIMATE OUTPUT TO MSF:                  NO
 IND. OBJ. FUNC. VALUES SORTED:           NO
 NUMERICAL DERIVATIVE
       FILE REQUEST (NUMDER):               NONE
 MAP (ETAHAT) ESTIMATION METHOD (OPTMAP):   0
 ETA HESSIAN EVALUATION METHOD (ETADER):    0
 INITIAL ETA FOR MAP ESTIMATION (MCETA):    0
 SIGDIGITS FOR MAP ESTIMATION (SIGLO):      100
 GRADIENT SIGDIGITS OF
       FIXED EFFECTS PARAMETERS (SIGL):     100
 NOPRIOR SETTING (NOPRIOR):                 OFF
 NOCOV SETTING (NOCOV):                     OFF
 DERCONT SETTING (DERCONT):                 OFF
 FINAL ETA RE-EVALUATION (FNLETA):          ON
 EXCLUDE NON-INFLUENTIAL (NON-INFL.) ETAS
       IN SHRINKAGE (ETASTYPE):             NO
 NON-INFL. ETA CORRECTION (NONINFETA):      OFF
 RAW OUTPUT FILE (FILE): run105_nids_9_s1d_c4.ext
 EXCLUDE TITLE (NOTITLE):                   NO
 EXCLUDE COLUMN LABELS (NOLABEL):           NO
 FORMAT FOR ADDITIONAL FILES (FORMAT):      S1PE12.5
 PARAMETER ORDER FOR OUTPUTS (ORDER):       TSOL
 WISHART PRIOR DF INTERPRETATION (WISHTYPE):0
 KNUTHSUMOFF:                               0
 INCLUDE LNTWOPI:                           NO
 INCLUDE CONSTANT TERM TO PRIOR (PRIORC):   NO
 INCLUDE CONSTANT TERM TO OMEGA (ETA) (OLNTWOPI):NO
 EM OR BAYESIAN METHOD USED:                MCMC BAYESIAN (BAYES)
 MU MODELING PATTERN (MUM):
 GRADIENT/GIBBS PATTERN (GRD):
 AUTOMATIC SETTING FEATURE (AUTO):          OFF
 CONVERGENCE TYPE (CTYPE):                  3
 KEEP ITERATIONS (THIN):            1
 CONVERGENCE INTERVAL (CINTERVAL):          20
 CONVERGENCE ITERATIONS (CITER):            10
 CONVERGENCE ALPHA ERROR (CALPHA):          5.000000000000000E-02
 BURN-IN ITERATIONS (NBURN):                4000
 ITERATIONS (NITER):                        10000
 ANEAL SETTING (CONSTRAIN):                 1
 STARTING SEED FOR MC METHODS (SEED):       56664
 MC SAMPLES PER SUBJECT (ISAMPLE):          1
 RANDOM SAMPLING METHOD (RANMETHOD):        3U
 PROPOSAL DENSITY SCALING RANGE
              (ISCALE_MIN, ISCALE_MAX):     1.000000000000000E-06   ,1000000.00000000
 SAMPLE ACCEPTANCE RATE (IACCEPT):          0.400000000000000
 METROPOLIS HASTINGS SAMPLING FOR INDIVIDUAL ETAS:
 SAMPLES FOR GLOBAL SEARCH KERNEL (ISAMPLE_M1):          2
 SAMPLES FOR NEIGHBOR SEARCH KERNEL (ISAMPLE_M1A):       0
 SAMPLES FOR MASS/IMP/POST. MATRIX SEARCH (ISAMPLE_M1B): 2
 SAMPLES FOR LOCAL SEARCH KERNEL (ISAMPLE_M2):           2
 SAMPLES FOR LOCAL UNIVARIATE KERNEL (ISAMPLE_M3):       2
 PWR. WT. MASS/IMP/POST MATRIX ACCUM. FOR ETAS (IKAPPA): 1.00000000000000
 MASS/IMP./POST. MATRIX REFRESH SETTING (MASSREST):      -1
 METROPOLIS HASTINGS POPULATION SAMPLING FOR NON-GIBBS
 SAMPLED THETAS AND SIGMAS:
 PROPOSAL DENSITY SCALING RANGE
              (PSCALE_MIN, PSCALE_MAX):   1.000000000000000E-02   ,1000.00000000000
 SAMPLE ACCEPTANCE RATE (PACCEPT):                       0.500000000000000
 SAMPLES FOR GLOBAL SEARCH KERNEL (PSAMPLE_M1):          1
 SAMPLES FOR LOCAL SEARCH KERNEL (PSAMPLE_M2):           -1
 SAMPLES FOR LOCAL UNIVARIATE KERNEL (PSAMPLE_M3):       1
 METROPOLIS HASTINGS POPULATION SAMPLING FOR NON-GIBBS
 SAMPLED OMEGAS:
 SAMPLE ACCEPTANCE RATE (OACCEPT):                       0.500000000000000
 SAMPLES FOR GLOBAL SEARCH KERNEL (OSAMPLE_M1):          -1
 SAMPLES FOR LOCAL SEARCH KERNEL (OSAMPLE_M2):           -1
 SAMPLES FOR LOCAL UNIVARIATE SEARCH KERNEL (OSAMPLE_M3):0
 DEG. FR. FOR T DIST.  PRIOR FOR THETAS (TTDF):        0.00000000000000
 DEG. FR. FOR LKJ CORRELATION PRIOR FOR OMEGAS (OLKJDF): 0.00000000000000
 WEIGHT FACTOR FOR STD PRIOR FOR OMEGAS (OVARF): 1.00000000000000
 DEG. FR. FOR LKJ CORRELATION PRIOR FOR SIGMAS (SLKJDF): 0.00000000000000
 WEIGHT FACTOR FOR STD PRIOR FOR SIGMAS (SVARF): 1.00000000000000


 THE FOLLOWING LABELS ARE EQUIVALENT
 PRED=PREDI
 RES=RESI
 WRES=WRESI
 IWRS=IWRESI
 IPRD=IPREDI
 IRS=IRESI

 EM/BAYES SETUP:
 THETAS THAT ARE MU MODELED:
   1   2
 THETAS THAT ARE GIBBS SAMPLED:
   1   2
 THETAS THAT ARE METROPOLIS-HASTINGS SAMPLED:
 
 SIGMAS THAT ARE GIBBS SAMPLED:
   1
 SIGMAS THAT ARE METROPOLIS-HASTINGS SAMPLED:
 
 OMEGAS ARE GIBBS SAMPLED

 MONITORING OF SEARCH:

 Burn-in Mode
 iteration        -4000 MCMCOBJ=    131484307.74013682     
 iteration        -3980 MCMCOBJ=    154.80701612615837     
 iteration        -3960 MCMCOBJ=    50.778632197656556     
 iteration        -3940 MCMCOBJ=    59.991556540812645     
 iteration        -3920 MCMCOBJ=    54.524099949568431     
 iteration        -3900 MCMCOBJ=    22.698502581986489     
 iteration        -3880 MCMCOBJ=    51.968414000300285     
 iteration        -3860 MCMCOBJ=    8.8816931408329083     
 iteration        -3840 MCMCOBJ=    27.981595975788753     
 iteration        -3820 MCMCOBJ=    32.748730643345439     
 iteration        -3800 MCMCOBJ=    44.837996375301316     
 iteration        -3780 MCMCOBJ=    36.222895227742605     
 Convergence achieved
 Sampling Mode
 iteration            0 MCMCOBJ=    32.612071110508730     
 iteration           20 MCMCOBJ=   -12.884730029861123     
 iteration           40 MCMCOBJ=   -40.975079927211617     
 iteration           60 MCMCOBJ=   -85.673167936949028     
 iteration           80 MCMCOBJ=   -73.369448632313365     
 iteration          100 MCMCOBJ=   -71.824978606996879     
 iteration          120 MCMCOBJ=   -50.111476105313763     
 iteration          140 MCMCOBJ=    5.8299110604014279     
 iteration          160 MCMCOBJ=    30.050988120645865     
 iteration          180 MCMCOBJ=    17.677981098457526     
 iteration          200 MCMCOBJ=   -5.7483721594128641     
 iteration          220 MCMCOBJ=    28.500650867697310     
 iteration          240 MCMCOBJ=    39.275572091801720     
 iteration          260 MCMCOBJ=    49.085326820459102     
 iteration          280 MCMCOBJ=    2.2678727860229486     
 iteration          300 MCMCOBJ=    22.579094945142145     
 iteration          320 MCMCOBJ=    6.3285928299052285     
 iteration          340 MCMCOBJ=   -17.438727596978826     
 iteration          360 MCMCOBJ=   -4.7802991090908469     
 iteration          380 MCMCOBJ=   0.36564864762564747     
 iteration          400 MCMCOBJ=    17.175168524663682     
 iteration          420 MCMCOBJ=   -16.815352451321033     
 iteration          440 MCMCOBJ=   -49.224250019848213     
 iteration          460 MCMCOBJ=   -19.505386336338919     
 iteration          480 MCMCOBJ=   -62.471121449734085     
 iteration          500 MCMCOBJ=   -45.605536255698134     
 iteration          520 MCMCOBJ=   -72.100323521959879     
 iteration          540 MCMCOBJ=   -90.897363499836942     
 iteration          560 MCMCOBJ=   -51.729223940950732     
 iteration          580 MCMCOBJ=   -54.736172625967328     
 iteration          600 MCMCOBJ=   -59.408253759276349     
 iteration          620 MCMCOBJ=   -11.131960303522270     
 iteration          640 MCMCOBJ=   -52.055821988937723     
 iteration          660 MCMCOBJ=   -60.161527545883878     
 iteration          680 MCMCOBJ=   -84.738378520532152     
 iteration          700 MCMCOBJ=   -104.03214304823354     
 iteration          720 MCMCOBJ=   -116.44734721425753     
 iteration          740 MCMCOBJ=   -154.71731089411185     
 iteration          760 MCMCOBJ=   -166.51558480507430     
 iteration          780 MCMCOBJ=   -162.36338005819039     
 iteration          800 MCMCOBJ=   -141.79456202295887     
 iteration          820 MCMCOBJ=   -126.61792855144145     
 iteration          840 MCMCOBJ=   -117.52160149050904     
 iteration          860 MCMCOBJ=   -117.23975177358527     
 iteration          880 MCMCOBJ=   -51.506121512949008     
 iteration          900 MCMCOBJ=   -11.736177661660399     
 iteration          920 MCMCOBJ=   -28.041397850106044     
 iteration          940 MCMCOBJ=    7.1680281934526748     
 iteration          960 MCMCOBJ=    8.4498597007112686     
 iteration          980 MCMCOBJ=    19.073247810080918     
 iteration         1000 MCMCOBJ=    60.612036637419450     
 iteration         1020 MCMCOBJ=    19.598263978880180     
 iteration         1040 MCMCOBJ=    35.865808837837960     
 iteration         1060 MCMCOBJ=    37.180012476772966     
 iteration         1080 MCMCOBJ=    56.791080885893166     
 iteration         1100 MCMCOBJ=    40.047039306569587     
 iteration         1120 MCMCOBJ=    49.077713943305305     
 iteration         1140 MCMCOBJ=    20.919305548108639     
 iteration         1160 MCMCOBJ=    25.511543588385603     
 iteration         1180 MCMCOBJ=    20.236692913149245     
 iteration         1200 MCMCOBJ=    30.643052838171329     
 iteration         1220 MCMCOBJ=    23.586265574967904     
 iteration         1240 MCMCOBJ=   -2.7441320384345387     
 iteration         1260 MCMCOBJ=   -41.306149959440916     
 iteration         1280 MCMCOBJ=   -27.652110485394893     
 iteration         1300 MCMCOBJ=    13.960579272277887     
 iteration         1320 MCMCOBJ=   -1.5100383185980384     
 iteration         1340 MCMCOBJ=    31.785223010480568     
 iteration         1360 MCMCOBJ=    9.6948197777157645     
 iteration         1380 MCMCOBJ=    36.917771332198328     
 iteration         1400 MCMCOBJ=   -4.2890712131132371     
 iteration         1420 MCMCOBJ=   -20.832267563057528     
 iteration         1440 MCMCOBJ=    13.564561403847765     
 iteration         1460 MCMCOBJ=    8.9289556486970092     
 iteration         1480 MCMCOBJ=    21.632139316427391     
 iteration         1500 MCMCOBJ=    27.581014072810937     
 iteration         1520 MCMCOBJ=    16.531005930648615     
 iteration         1540 MCMCOBJ=   -27.979528438502534     
 iteration         1560 MCMCOBJ=   -48.319892292849907     
 iteration         1580 MCMCOBJ=   -65.091562321022892     
 iteration         1600 MCMCOBJ=   -36.714174385074458     
 iteration         1620 MCMCOBJ=   -27.940838890846639     
 iteration         1640 MCMCOBJ=    2.2909738558257904     
 iteration         1660 MCMCOBJ=    18.529441413811281     
 iteration         1680 MCMCOBJ=    33.166966836061619     
 iteration         1700 MCMCOBJ=    31.660090618557351     
 iteration         1720 MCMCOBJ=    12.312246074574256     
 iteration         1740 MCMCOBJ=   -8.9998790952282022     
 iteration         1760 MCMCOBJ=   -53.977632839749553     
 iteration         1780 MCMCOBJ=   -111.43534622112264     
 iteration         1800 MCMCOBJ=   -114.88373058683769     
 iteration         1820 MCMCOBJ=   -131.93547907205038     
 iteration         1840 MCMCOBJ=   -105.98253087799911     
 iteration         1860 MCMCOBJ=   -107.19234022052485     
 iteration         1880 MCMCOBJ=   -107.20043903820196     
 iteration         1900 MCMCOBJ=   -78.101394627889704     
 iteration         1920 MCMCOBJ=   -126.75575444033610     
 iteration         1940 MCMCOBJ=   -114.17049093806517     
 iteration         1960 MCMCOBJ=   -114.46417476225591     
 iteration         1980 MCMCOBJ=   -166.24934654901912     
 iteration         2000 MCMCOBJ=   -123.90300624134724     
 iteration         2020 MCMCOBJ=   -85.457982953134035     
 iteration         2040 MCMCOBJ=   -76.657133718778908     
 iteration         2060 MCMCOBJ=   -35.630243901025935     
 iteration         2080 MCMCOBJ=   -86.575350752268264     
 iteration         2100 MCMCOBJ=   -77.578707223665091     
 iteration         2120 MCMCOBJ=   -93.347258630133283     
 iteration         2140 MCMCOBJ=   -92.196902726281408     
 iteration         2160 MCMCOBJ=   -25.070705559124463     
 iteration         2180 MCMCOBJ=  -0.47285064744859867     
 iteration         2200 MCMCOBJ=    8.4163670567240629     
 iteration         2220 MCMCOBJ=    33.610893129344760     
 iteration         2240 MCMCOBJ=    44.837273471699028     
 iteration         2260 MCMCOBJ=    57.681168079159157     
 iteration         2280 MCMCOBJ=    52.357243379438231     
 iteration         2300 MCMCOBJ=    24.981959912164520     
 iteration         2320 MCMCOBJ=    38.117898894943579     
 iteration         2340 MCMCOBJ=    30.358443540190159     
 iteration         2360 MCMCOBJ=    39.470566577396077     
 iteration         2380 MCMCOBJ=    16.744812253478575     
 iteration         2400 MCMCOBJ=    34.252967988797394     
 iteration         2420 MCMCOBJ=    12.647489804240506     
 iteration         2440 MCMCOBJ=   -27.629301941001351     
 iteration         2460 MCMCOBJ=    43.616580427860818     
 iteration         2480 MCMCOBJ=    34.897091726575816     
 iteration         2500 MCMCOBJ=   -6.1131738204489592     
 iteration         2520 MCMCOBJ=    26.964382159241506     
 iteration         2540 MCMCOBJ=    2.9929825878704079     
 iteration         2560 MCMCOBJ=   -11.486420255343443     
 iteration         2580 MCMCOBJ=   -17.628918911672066     
 iteration         2600 MCMCOBJ=   -21.337424225265007     
 iteration         2620 MCMCOBJ=    9.8678685160157187     
 iteration         2640 MCMCOBJ=    10.214326227805827     
 iteration         2660 MCMCOBJ=   -23.482820787726098     
 iteration         2680 MCMCOBJ=   -14.621307172413889     
 iteration         2700 MCMCOBJ=   -38.631748737758151     
 iteration         2720 MCMCOBJ=   -100.77990053681012     
 iteration         2740 MCMCOBJ=   -115.30468490209643     
 iteration         2760 MCMCOBJ=   -91.764524653184338     
 iteration         2780 MCMCOBJ=   -36.427545982450852     
 iteration         2800 MCMCOBJ=    30.198003448440083     
 iteration         2820 MCMCOBJ=   -4.9178799362760008     
 iteration         2840 MCMCOBJ=    36.765633442384882     
 iteration         2860 MCMCOBJ=    25.614913474110832     
 iteration         2880 MCMCOBJ=    30.261206650072932     
 iteration         2900 MCMCOBJ=   -7.6586241998337279     
 iteration         2920 MCMCOBJ=  -0.82177468634819673     
 iteration         2940 MCMCOBJ=    21.557385138701946     
 iteration         2960 MCMCOBJ=    43.590466938580562     
 iteration         2980 MCMCOBJ=    48.967949088103246     
 iteration         3000 MCMCOBJ=    36.959912158417374     
 iteration         3020 MCMCOBJ=    52.504724618463300     
 iteration         3040 MCMCOBJ=    21.331864337146378     
 iteration         3060 MCMCOBJ=    42.707339668295560     
 iteration         3080 MCMCOBJ=    56.311724536496165     
 iteration         3100 MCMCOBJ=    44.418256179114287     
 iteration         3120 MCMCOBJ=    29.531354029400944     
 iteration         3140 MCMCOBJ=    13.004001517243212     
 iteration         3160 MCMCOBJ=    1.9973588828092614     
 iteration         3180 MCMCOBJ=   -18.565932458651623     
 iteration         3200 MCMCOBJ=   -16.828338657503100     
 iteration         3220 MCMCOBJ=   -3.9000287386391066     
 iteration         3240 MCMCOBJ=   -27.207213098717432     
 iteration         3260 MCMCOBJ=   -41.442647159728452     
 iteration         3280 MCMCOBJ=    1.2585244481385396     
 iteration         3300 MCMCOBJ=   -19.109465358050109     
 iteration         3320 MCMCOBJ=    1.0267245980059574     
 iteration         3340 MCMCOBJ=   -43.872285368905835     
 iteration         3360 MCMCOBJ=   -46.365907517519595     
 iteration         3380 MCMCOBJ=   -46.040618567083463     
 iteration         3400 MCMCOBJ=   -27.028407734288599     
 iteration         3420 MCMCOBJ=   -4.1322020112731579     
 iteration         3440 MCMCOBJ=    59.039045167595688     
 iteration         3460 MCMCOBJ=    24.066750991118404     
 iteration         3480 MCMCOBJ=    12.822748209495451     
 iteration         3500 MCMCOBJ=    40.775289174160875     
 iteration         3520 MCMCOBJ=    19.577408549709954     
 iteration         3540 MCMCOBJ=   -1.4555847861093969     
 iteration         3560 MCMCOBJ=    1.9225701644377131     
 iteration         3580 MCMCOBJ=    16.640979671762004     
 iteration         3600 MCMCOBJ=   0.48453948607858366     
 iteration         3620 MCMCOBJ=   -39.836673579550933     
 iteration         3640 MCMCOBJ=   -101.67028729643269     
 iteration         3660 MCMCOBJ=   -96.565981725082210     
 iteration         3680 MCMCOBJ=   -108.54359972887772     
 iteration         3700 MCMCOBJ=   -75.896270933454232     
 iteration         3720 MCMCOBJ=   -107.41174960751486     
 iteration         3740 MCMCOBJ=   -129.99293435100077     
 iteration         3760 MCMCOBJ=   -126.84826446290955     
 iteration         3780 MCMCOBJ=   -101.93855231092139     
 iteration         3800 MCMCOBJ=   -87.884281189782655     
 iteration         3820 MCMCOBJ=   -125.87875620453801     
 iteration         3840 MCMCOBJ=   -162.24467855209593     
 iteration         3860 MCMCOBJ=   -168.80490315497451     
 iteration         3880 MCMCOBJ=   -175.23276111562268     
 iteration         3900 MCMCOBJ=   -153.54285298413001     
 iteration         3920 MCMCOBJ=   -130.25447939424734     
 iteration         3940 MCMCOBJ=   -110.73163806265022     
 iteration         3960 MCMCOBJ=   -138.40469360505193     
 iteration         3980 MCMCOBJ=   -142.55119720390928     
 iteration         4000 MCMCOBJ=   -73.587401639570203     
 iteration         4020 MCMCOBJ=   -51.065869968466963     
 iteration         4040 MCMCOBJ=   -54.909995570225682     
 iteration         4060 MCMCOBJ=   -22.614007142076709     
 iteration         4080 MCMCOBJ=   -40.193581181861987     
 iteration         4100 MCMCOBJ=   -80.275035132518582     
 iteration         4120 MCMCOBJ=   -90.732047179812838     
 iteration         4140 MCMCOBJ=   -62.173404754320565     
 iteration         4160 MCMCOBJ=   -92.066659391635710     
 iteration         4180 MCMCOBJ=   -91.720079946065638     
 iteration         4200 MCMCOBJ=   -78.426598115685024     
 iteration         4220 MCMCOBJ=   -60.176783753549728     
 iteration         4240 MCMCOBJ=   -41.372778755285381     
 iteration         4260 MCMCOBJ=   -103.82319072549453     
 iteration         4280 MCMCOBJ=   -81.633746895559824     
 iteration         4300 MCMCOBJ=    19.890165044725837     
 iteration         4320 MCMCOBJ=   -14.527585615550430     
 iteration         4340 MCMCOBJ=    28.713178789907587     
 iteration         4360 MCMCOBJ=   -12.051686680386995     
 iteration         4380 MCMCOBJ=   -14.871618718462138     
 iteration         4400 MCMCOBJ=   -38.276907568472659     
 iteration         4420 MCMCOBJ=   -68.448427539742198     
 iteration         4440 MCMCOBJ=   -17.862314878604039     
 iteration         4460 MCMCOBJ=    4.5930400263455962     
 iteration         4480 MCMCOBJ=   -3.3497354019213272     
 iteration         4500 MCMCOBJ=    10.531573919139264     
 iteration         4520 MCMCOBJ=   -12.557825063252785     
 iteration         4540 MCMCOBJ=    1.6782033991324634     
 iteration         4560 MCMCOBJ=   -32.067851161605311     
 iteration         4580 MCMCOBJ=  -0.85821109170453724     
 iteration         4600 MCMCOBJ=    22.181296856496974     
 iteration         4620 MCMCOBJ=    1.8454152091299092     
 iteration         4640 MCMCOBJ=    9.1586485230853804E-002
 iteration         4660 MCMCOBJ=    54.893020006520672     
 iteration         4680 MCMCOBJ=    42.369029127021292     
 iteration         4700 MCMCOBJ=    2.7879246066888776     
 iteration         4720 MCMCOBJ=    22.688380530335237     
 iteration         4740 MCMCOBJ=   -32.522611545001375     
 iteration         4760 MCMCOBJ=   -119.78521302782330     
 iteration         4780 MCMCOBJ=   -125.07281293159920     
 iteration         4800 MCMCOBJ=   -90.534083912115136     
 iteration         4820 MCMCOBJ=   -108.76065750585022     
 iteration         4840 MCMCOBJ=   -91.038734374053647     
 iteration         4860 MCMCOBJ=   -72.465273991225317     
 iteration         4880 MCMCOBJ=   -44.228390030687279     
 iteration         4900 MCMCOBJ=   -63.080591236069822     
 iteration         4920 MCMCOBJ=   -74.094491781119487     
 iteration         4940 MCMCOBJ=   -77.455519075505137     
 iteration         4960 MCMCOBJ=   -104.77196085764861     
 iteration         4980 MCMCOBJ=   -116.21009605664197     
 iteration         5000 MCMCOBJ=   -142.10259926276098     
 iteration         5020 MCMCOBJ=   -186.49844896911739     
 iteration         5040 MCMCOBJ=   -156.19779551013437     
 iteration         5060 MCMCOBJ=   -186.71109301354659     
 iteration         5080 MCMCOBJ=   -201.86081924997563     
 iteration         5100 MCMCOBJ=   -185.91226540027580     
 iteration         5120 MCMCOBJ=   -112.08239616495996     
 iteration         5140 MCMCOBJ=   -95.899257356359698     
 iteration         5160 MCMCOBJ=   -101.46607975975836     
 iteration         5180 MCMCOBJ=   -151.28190064584228     
 iteration         5200 MCMCOBJ=   -150.50916418293659     
 iteration         5220 MCMCOBJ=   -160.30234264768589     
 iteration         5240 MCMCOBJ=   -132.86711450578969     
 iteration         5260 MCMCOBJ=   -102.73725274926414     
 iteration         5280 MCMCOBJ=   -77.823952383274019     
 iteration         5300 MCMCOBJ=   -18.100683603118362     
 iteration         5320 MCMCOBJ=   -64.734296184675927     
 iteration         5340 MCMCOBJ=   -38.286756246211304     
 iteration         5360 MCMCOBJ=   -63.500946136707213     
 iteration         5380 MCMCOBJ=   -72.832855028429776     
 iteration         5400 MCMCOBJ=   -105.86218282543716     
 iteration         5420 MCMCOBJ=   -81.013706238146469     
 iteration         5440 MCMCOBJ=   -96.465537051876154     
 iteration         5460 MCMCOBJ=   -71.857169085853684     
 iteration         5480 MCMCOBJ=   -36.761108055467297     
 iteration         5500 MCMCOBJ=   -44.340629723525680     
 iteration         5520 MCMCOBJ=   -52.298658219878405     
 iteration         5540 MCMCOBJ=   -18.586805340566535     
 iteration         5560 MCMCOBJ=   -49.049489480240666     
 iteration         5580 MCMCOBJ=   -46.928864904466899     
 iteration         5600 MCMCOBJ=   -6.3398743273011968     
 iteration         5620 MCMCOBJ=   -2.7549062790382619     
 iteration         5640 MCMCOBJ=   -24.716198560707742     
 iteration         5660 MCMCOBJ=   -19.920605447855802     
 iteration         5680 MCMCOBJ=   -18.930748112529024     
 iteration         5700 MCMCOBJ=   -5.8007109317677763     
 iteration         5720 MCMCOBJ=   -3.2118127994532739     
 iteration         5740 MCMCOBJ=   -4.4239363282647135     
 iteration         5760 MCMCOBJ=    18.273126956675409     
 iteration         5780 MCMCOBJ=    39.447071322846490     
 iteration         5800 MCMCOBJ=    29.585837676482768     
 iteration         5820 MCMCOBJ=    32.062459031718973     
 iteration         5840 MCMCOBJ=    28.035123278842235     
 iteration         5860 MCMCOBJ=    42.491776012525506     
 iteration         5880 MCMCOBJ=    45.925727531585061     
 iteration         5900 MCMCOBJ=    51.780312375879845     
 iteration         5920 MCMCOBJ=    14.866662066578714     
 iteration         5940 MCMCOBJ=   -14.002093076718234     
 iteration         5960 MCMCOBJ=   -3.6844904925045157     
 iteration         5980 MCMCOBJ=   -16.436253759916223     
 iteration         6000 MCMCOBJ=   -12.614358986834665     
 iteration         6020 MCMCOBJ=   -12.942558307114110     
 iteration         6040 MCMCOBJ=   -32.292750975028497     
 iteration         6060 MCMCOBJ=   -20.371903825684260     
 iteration         6080 MCMCOBJ=   -29.851712404405482     
 iteration         6100 MCMCOBJ=    17.651525162196997     
 iteration         6120 MCMCOBJ=   -30.321429537831243     
 iteration         6140 MCMCOBJ=    6.5474078850858968     
 iteration         6160 MCMCOBJ=    13.447577315265608     
 iteration         6180 MCMCOBJ=    28.702115325315663     
 iteration         6200 MCMCOBJ=    3.3528446036382968     
 iteration         6220 MCMCOBJ=    23.697348787173741     
 iteration         6240 MCMCOBJ=   -15.766271252881049     
 iteration         6260 MCMCOBJ=   -36.388668632309880     
 iteration         6280 MCMCOBJ=    10.560690180198042     
 iteration         6300 MCMCOBJ=    48.150409853346801     
 iteration         6320 MCMCOBJ=    49.909817389014897     
 iteration         6340 MCMCOBJ=    25.933383331429678     
 iteration         6360 MCMCOBJ=    48.971063442982576     
 iteration         6380 MCMCOBJ=    15.819094880538954     
 iteration         6400 MCMCOBJ=    39.372993039149101     
 iteration         6420 MCMCOBJ=    31.020579373699487     
 iteration         6440 MCMCOBJ=    8.9094022741385928     
 iteration         6460 MCMCOBJ=   -51.689001531722788     
 iteration         6480 MCMCOBJ=   -66.171653469624886     
 iteration         6500 MCMCOBJ=   -98.353430447656109     
 iteration         6520 MCMCOBJ=   -127.07407741170171     
 iteration         6540 MCMCOBJ=   -154.80035942874218     
 iteration         6560 MCMCOBJ=   -87.562746362790293     
 iteration         6580 MCMCOBJ=   -69.622054256511788     
 iteration         6600 MCMCOBJ=   -89.960572296988062     
 iteration         6620 MCMCOBJ=   -68.630099232243964     
 iteration         6640 MCMCOBJ=   -63.337252141840651     
 iteration         6660 MCMCOBJ=   -83.928845494183591     
 iteration         6680 MCMCOBJ=   -76.511673291157564     
 iteration         6700 MCMCOBJ=   -70.963721734660353     
 iteration         6720 MCMCOBJ=   -134.93064685490540     
 iteration         6740 MCMCOBJ=   -98.205034310650916     
 iteration         6760 MCMCOBJ=   -92.779582427801088     
 iteration         6780 MCMCOBJ=   -141.02386880842707     
 iteration         6800 MCMCOBJ=   -138.71911751774178     
 iteration         6820 MCMCOBJ=   -132.31997187935156     
 iteration         6840 MCMCOBJ=   -88.265244492715738     
 iteration         6860 MCMCOBJ=   -73.466613106700450     
 iteration         6880 MCMCOBJ=   -53.741486963904983     
 iteration         6900 MCMCOBJ=   -73.621226807762895     
 iteration         6920 MCMCOBJ=   -79.205932488093012     
 iteration         6940 MCMCOBJ=   -109.17026694488375     
 iteration         6960 MCMCOBJ=   -141.71115044259145     
 iteration         6980 MCMCOBJ=   -136.48697540381482     
 iteration         7000 MCMCOBJ=   -160.37006634788017     
 iteration         7020 MCMCOBJ=   -160.48009744877982     
 iteration         7040 MCMCOBJ=   -145.19248677752293     
 iteration         7060 MCMCOBJ=   -169.77586295256137     
 iteration         7080 MCMCOBJ=   -179.88737005362046     
 iteration         7100 MCMCOBJ=   -147.73073298372711     
 iteration         7120 MCMCOBJ=   -152.78343211589251     
 iteration         7140 MCMCOBJ=   -128.30763314365672     
 iteration         7160 MCMCOBJ=   -89.248583596795058     
 iteration         7180 MCMCOBJ=   -120.71195554947759     
 iteration         7200 MCMCOBJ=   -103.67096827211813     
 iteration         7220 MCMCOBJ=   -87.056226828977415     
 iteration         7240 MCMCOBJ=   -88.584812334863258     
 iteration         7260 MCMCOBJ=   -109.58449036170980     
 iteration         7280 MCMCOBJ=   -57.667322252417954     
 iteration         7300 MCMCOBJ=   -101.09525299451467     
 iteration         7320 MCMCOBJ=   -46.543174729266788     
 iteration         7340 MCMCOBJ=   -62.427222662247758     
 iteration         7360 MCMCOBJ=   -61.965441613261824     
 iteration         7380 MCMCOBJ=   -58.644441352586313     
 iteration         7400 MCMCOBJ=   -63.545730698302890     
 iteration         7420 MCMCOBJ=   -64.919741894411032     
 iteration         7440 MCMCOBJ=   -43.231508870643509     
 iteration         7460 MCMCOBJ=   -41.600653653759700     
 iteration         7480 MCMCOBJ=   -2.6666222953476422     
 iteration         7500 MCMCOBJ=   -42.099186755548160     
 iteration         7520 MCMCOBJ=    8.6436634316916940     
 iteration         7540 MCMCOBJ=   -2.6688358370719456     
 iteration         7560 MCMCOBJ=    25.382207476085142     
 iteration         7580 MCMCOBJ=    23.891663249525802     
 iteration         7600 MCMCOBJ=    22.432579899696208     
 iteration         7620 MCMCOBJ=   -7.8384987562054738     
 iteration         7640 MCMCOBJ=    9.0798197219396535     
 iteration         7660 MCMCOBJ=    19.358020711525757     
 iteration         7680 MCMCOBJ=    15.628899551763718     
 iteration         7700 MCMCOBJ=    44.921704821141134     
 iteration         7720 MCMCOBJ=    16.486933275757231     
 iteration         7740 MCMCOBJ=    14.756886948419069     
 iteration         7760 MCMCOBJ=   -26.164452982792696     
 iteration         7780 MCMCOBJ=   -8.2551042012373550     
 iteration         7800 MCMCOBJ=   -67.953903859096513     
 iteration         7820 MCMCOBJ=   -49.456422074890469     
 iteration         7840 MCMCOBJ=   -56.745613084037096     
 iteration         7860 MCMCOBJ=   -9.2975497043103879     
 iteration         7880 MCMCOBJ=   -13.389098382519256     
 iteration         7900 MCMCOBJ=   -14.464479254755755     
 iteration         7920 MCMCOBJ=   -3.7759324661546567     
 iteration         7940 MCMCOBJ=   -6.4565181266328286     
 iteration         7960 MCMCOBJ=   -20.332629455734690     
 iteration         7980 MCMCOBJ=   -27.893178835711005     
 iteration         8000 MCMCOBJ=  -0.24158074411557737     
 iteration         8020 MCMCOBJ=    6.8041477998640989     
 iteration         8040 MCMCOBJ=   -18.929684496496289     
 iteration         8060 MCMCOBJ=   -71.720390235697764     
 iteration         8080 MCMCOBJ=   -70.738849210115163     
 iteration         8100 MCMCOBJ=   -100.49753362063214     
 iteration         8120 MCMCOBJ=   -43.042667708333845     
 iteration         8140 MCMCOBJ=   -48.245447703169432     
 iteration         8160 MCMCOBJ=   -44.853976322200005     
 iteration         8180 MCMCOBJ=    22.540881886866334     
 iteration         8200 MCMCOBJ=   0.60582468745507501     
 iteration         8220 MCMCOBJ=   -51.092812898208329     
 iteration         8240 MCMCOBJ=   -46.245205343111394     
 iteration         8260 MCMCOBJ=   -27.761111853075143     
 iteration         8280 MCMCOBJ=    3.6488491520719104     
 iteration         8300 MCMCOBJ=   -2.3314590695693278     
 iteration         8320 MCMCOBJ=    10.562900278898828     
 iteration         8340 MCMCOBJ=    4.1506067626188328     
 iteration         8360 MCMCOBJ=    10.200914483763652     
 iteration         8380 MCMCOBJ=    13.435192232110692     
 iteration         8400 MCMCOBJ=    5.7055430858089977     
 iteration         8420 MCMCOBJ=   -6.2751828067518760     
 iteration         8440 MCMCOBJ=    52.751371026905630     
 iteration         8460 MCMCOBJ=    58.047530916902730     
 iteration         8480 MCMCOBJ=    69.686515198418533     
 iteration         8500 MCMCOBJ=    81.628131055282950     
 iteration         8520 MCMCOBJ=    22.344820499584930     
 iteration         8540 MCMCOBJ=   -7.5484199433971666     
 iteration         8560 MCMCOBJ=    33.616108548494601     
 iteration         8580 MCMCOBJ=    36.677494021988259     
 iteration         8600 MCMCOBJ=    7.5110630717615727     
 iteration         8620 MCMCOBJ=    1.8656878855763486     
 iteration         8640 MCMCOBJ=    10.281029478447580     
 iteration         8660 MCMCOBJ=    26.415712651084512     
 iteration         8680 MCMCOBJ=    28.162844854783458     
 iteration         8700 MCMCOBJ=    48.071892257394680     
 iteration         8720 MCMCOBJ=    2.6683800395843011     
 iteration         8740 MCMCOBJ=    16.747726316324087     
 iteration         8760 MCMCOBJ=    2.5900544296232058     
 iteration         8780 MCMCOBJ=    10.945414635552098     
 iteration         8800 MCMCOBJ=    22.358351456204055     
 iteration         8820 MCMCOBJ=    19.989794528515262     
 iteration         8840 MCMCOBJ=    44.937628791376433     
 iteration         8860 MCMCOBJ=    8.6867025074014119     
 iteration         8880 MCMCOBJ=   -34.240483279102925     
 iteration         8900 MCMCOBJ=    12.358912215398453     
 iteration         8920 MCMCOBJ=   -39.503277925030297     
 iteration         8940 MCMCOBJ=   -45.790907011094497     
 iteration         8960 MCMCOBJ=   -39.034782842143862     
 iteration         8980 MCMCOBJ=   -21.898834913923512     
 iteration         9000 MCMCOBJ=    23.089274474477691     
 iteration         9020 MCMCOBJ=    57.396393233850901     
 iteration         9040 MCMCOBJ=    62.202123714789657     
 iteration         9060 MCMCOBJ=   -2.0379888613683490     
 iteration         9080 MCMCOBJ=   -6.1601774095569830     
 iteration         9100 MCMCOBJ=    2.1239988689365150     
 iteration         9120 MCMCOBJ=   -19.341744811473152     
 iteration         9140 MCMCOBJ=    8.8820251360745051     
 iteration         9160 MCMCOBJ=    33.864139420148192     
 iteration         9180 MCMCOBJ=    33.365615757137263     
 iteration         9200 MCMCOBJ=    48.472026953226326     
 iteration         9220 MCMCOBJ=    47.641741761101606     
 iteration         9240 MCMCOBJ=    37.693933626841712     
 iteration         9260 MCMCOBJ=    42.724936467066044     
 iteration         9280 MCMCOBJ=    60.847875400801605     
 iteration         9300 MCMCOBJ=    1.2308775435508221     
 iteration         9320 MCMCOBJ=    3.1276512198397382     
 iteration         9340 MCMCOBJ=    52.980601615425030     
 iteration         9360 MCMCOBJ=    44.461559595682722     
 iteration         9380 MCMCOBJ=    26.265717142407830     
 iteration         9400 MCMCOBJ=   -17.626078494975694     
 iteration         9420 MCMCOBJ=   -28.752255728688073     
 iteration         9440 MCMCOBJ=   -25.989811347922025     
 iteration         9460 MCMCOBJ=   0.75735052019484872     
 iteration         9480 MCMCOBJ=   -3.1179364473046398     
 iteration         9500 MCMCOBJ=    24.330722717979949     
 iteration         9520 MCMCOBJ=    9.5047165122361026     
 iteration         9540 MCMCOBJ=   -5.6447194719657752     
 iteration         9560 MCMCOBJ=   -15.080488070865229     
 iteration         9580 MCMCOBJ=    8.4240846815018191     
 iteration         9600 MCMCOBJ=   -10.025622920821785     
 iteration         9620 MCMCOBJ=   -23.482569235347540     
 iteration         9640 MCMCOBJ=   -7.5542013674492896     
 iteration         9660 MCMCOBJ=    13.452734842317355     
 iteration         9680 MCMCOBJ=   -17.808897640567817     
 iteration         9700 MCMCOBJ=   -1.6884608813733288     
 iteration         9720 MCMCOBJ=   -13.839922904848851     
 iteration         9740 MCMCOBJ=    6.5602775801160949     
 iteration         9760 MCMCOBJ=    12.731686167595058     
 iteration         9780 MCMCOBJ=    14.258015568363174     
 iteration         9800 MCMCOBJ=    10.900327392542840     
 iteration         9820 MCMCOBJ=   -18.118247433621299     
 iteration         9840 MCMCOBJ=    3.3096821777043890     
 iteration         9860 MCMCOBJ=    51.592556452358430     
 iteration         9880 MCMCOBJ=    23.905251324140313     
 iteration         9900 MCMCOBJ=    44.138766968853481     
 iteration         9920 MCMCOBJ=    30.235181461926729     
 iteration         9940 MCMCOBJ=    35.824670458472283     
 iteration         9960 MCMCOBJ=    28.628380438453465     
 iteration         9980 MCMCOBJ=   0.32635609617716077     
 iteration        10000 MCMCOBJ=    3.1906661788278963     
 BURN-IN WAS COMPLETED

 #TERM:
 STATISTICAL PORTION WAS COMPLETED
  
 TOTAL DATA POINTS NORMALLY DISTRIBUTED (N):           18
 N*LOG(2PI) CONSTANT TO OBJECTIVE FUNCTION:    33.081787195368214     
 OBJECTIVE FUNCTION VALUE WITHOUT CONSTANT:   -29.073729719424925     
 OBJECTIVE FUNCTION VALUE WITH CONSTANT:       4.0080574759432892     
 REPORTED OBJECTIVE FUNCTION DOES NOT CONTAIN CONSTANT
  
 TOTAL EFFECTIVE ETAS (NIND*NETA):                            18
 NIND*NETA*LOG(2PI) CONSTANT TO OBJECTIVE FUNCTION:    33.081787195368214     
 OBJECTIVE FUNCTION VALUE WITHOUT CONSTANT:   -29.073729719424925     
 OBJECTIVE FUNCTION VALUE WITH CONSTANT:       4.0080574759432892     
 REPORTED OBJECTIVE FUNCTION DOES NOT CONTAIN CONSTANT
  
 PRIOR CONSTANT TO OBJECTIVE FUNCTION:    30.823646298206345     
 OBJECTIVE FUNCTION VALUE WITHOUT CONSTANT:   -29.073729719424925     
 OBJECTIVE FUNCTION VALUE WITH CONSTANT:       1.7499165787814199     
 REPORTED OBJECTIVE FUNCTION DOES NOT CONTAIN CONSTANT
  
 #TERE:
 Elapsed estimation  time in seconds:    15.07
 Elapsed covariance  time in seconds:     0.00
1
 
 
 
 
 
 
 
 
 
 
 
 
 
 
 
 
 
 
 
 
 ************************************************************************************************************************
 ********************                                                                                ********************
 ********************                              MCMC BAYESIAN ANALYSIS                            ********************
 #OBJT:**************                       AVERAGE VALUE OF LIKELIHOOD FUNCTION                     ********************
 ********************                                                                                ********************
 ************************************************************************************************************************
 





 #OBJV:********************************************      -29.074       **************************************************
 #OBJS:********************************************       59.574 (STD) **************************************************
1
 ************************************************************************************************************************
 ********************                                                                                ********************
 ********************                              MCMC BAYESIAN ANALYSIS                            ********************
 ********************                             FINAL PARAMETER ESTIMATE                           ********************
 ********************                                                                                ********************
 ************************************************************************************************************************
 


 THETA - VECTOR OF FIXED EFFECTS PARAMETERS   *********


         THETA(CL) THETA(V) 
 
         3.60E+00  3.82E+01
 


 OMEGA - COV MATRIX FOR RANDOM EFFECTS - ETAS  ********


         ETA(CL)   ETA(V)   
 
 ETA(CL)
+        1.59E-01
 
 ETA(V)
+        3.62E-02  1.10E-01
 


 SIGMA - COV MATRIX FOR RANDOM EFFECTS - EPSILONS  ****


         EPS1     
 
 EPS1
+        6.39E-03
 
1


 OMEGA - CORR MATRIX FOR RANDOM EFFECTS - ETAS  *******


         ETA(CL)   ETA(V)   
 
 ETA(CL)
+        3.86E-01
 
 ETA(V)
+        2.61E-01  3.21E-01
 


 SIGMA - CORR MATRIX FOR RANDOM EFFECTS - EPSILONS  ***


         EPS1     
 
 EPS1
+        4.93E-02
 
1
 ************************************************************************************************************************
 ********************                                                                                ********************
 ********************                              MCMC BAYESIAN ANALYSIS                            ********************
 ********************                STANDARD ERROR OF ESTIMATE (From Sample Variance)               ********************
 ********************                                                                                ********************
 ************************************************************************************************************************
 


 THETA - VECTOR OF FIXED EFFECTS PARAMETERS   *********


         THETA(CL) THETA(V) 
 
         5.13E-01  4.48E+00
 


 OMEGA - COV MATRIX FOR RANDOM EFFECTS - ETAS  ********


         ETA(CL)   ETA(V)   
 
 ETA(CL)
+        9.19E-02
 
 ETA(V)
+        5.45E-02  6.27E-02
 


 SIGMA - COV MATRIX FOR RANDOM EFFECTS - EPSILONS  ****


         EPS1     
 
 EPS1
+        1.55E-02
 
1


 OMEGA - CORR MATRIX FOR RANDOM EFFECTS - ETAS  *******


         ETA(CL)   ETA(V)   
 
 ETA(CL)
+        1.01E-01
 
 ETA(V)
+        2.97E-01  8.23E-02
 


 SIGMA - CORR MATRIX FOR RANDOM EFFECTS - EPSILONS  ***


         EPS1     
 
 EPS1
+        6.30E-02
 
1
 ************************************************************************************************************************
 ********************                                                                                ********************
 ********************                              MCMC BAYESIAN ANALYSIS                            ********************
 ********************               COVARIANCE MATRIX OF ESTIMATE (From Sample Variance)             ********************
 ********************                                                                                ********************
 ************************************************************************************************************************
 

            TH 1      TH 2      OM11      OM12      OM22      SG11  
 
 TH 1
+        2.63E-01
 
 TH 2
+        5.47E-01  2.00E+01
 
 OM11
+       -1.39E-04  9.46E-03  8.45E-03
 
 OM12
+        9.64E-04 -2.40E-03  1.92E-03  2.97E-03
 
 OM22
+       -2.68E-04  2.05E-03  9.75E-04  1.35E-03  3.93E-03
 
 SG11
+       -1.02E-03  7.61E-03 -5.70E-05 -1.15E-04  7.38E-06  2.40E-04
 
1
 ************************************************************************************************************************
 ********************                                                                                ********************
 ********************                              MCMC BAYESIAN ANALYSIS                            ********************
 ********************              CORRELATION MATRIX OF ESTIMATE (From Sample Variance)             ********************
 ********************                                                                                ********************
 ************************************************************************************************************************
 

            TH 1      TH 2      OM11      OM12      OM22      SG11  
 
 TH 1
+        5.13E-01
 
 TH 2
+        2.38E-01  4.48E+00
 
 OM11
+       -2.95E-03  2.30E-02  9.19E-02
 
 OM12
+        3.45E-02 -9.85E-03  3.83E-01  5.45E-02
 
 OM22
+       -8.34E-03  7.32E-03  1.69E-01  3.94E-01  6.27E-02
 
 SG11
+       -1.29E-01  1.10E-01 -4.00E-02 -1.36E-01  7.61E-03  1.55E-02
 
1
 ************************************************************************************************************************
 ********************                                                                                ********************
 ********************                              MCMC BAYESIAN ANALYSIS                            ********************
 ********************           INVERSE COVARIANCE MATRIX OF ESTIMATE (From Sample Variance)         ********************
 ********************                                                                                ********************
 ************************************************************************************************************************
 

            TH 1      TH 2      OM11      OM12      OM22      SG11  
 
 TH 1
+        4.14E+00
 
 TH 2
+       -1.22E-01  5.41E-02
 
 OM11
+        5.64E-01 -8.97E-02  1.39E+02
 
 OM12
+       -1.26E+00  7.06E-02 -8.84E+01  4.65E+02
 
 OM22
+        6.00E-01 -3.44E-02 -4.09E+00 -1.38E+02  3.03E+02
 
 SG11
+        2.10E+01 -2.22E+00 -4.03E+00  1.99E+02 -7.29E+01  4.43E+03
 
 Elapsed postprocess time in seconds:     0.00
 #CPUT: Total CPU Time in Seconds,        9.234
Stop Time: 
Tue 01/03/2017 
10:25 PM
