Tue 01/03/2017 
10:30 PM
$PROB one cmpt simple mu modeled bayes multidose nids: 56 scenario: s2trough
;; based_on: run100
$SUB ADVAN1 TRANS2
$INPUT ID TIME DV OBSNUM CMT EVID AMT RATE ADDL II 
$DATA ..\..\mdata\simple_nocovar_56id_6tp_md.csv
IGNORE=@ 
IGNORE=(OBSNUM.EQN.1)
IGNORE=(OBSNUM.EQN.2)
IGNORE=(OBSNUM.EQN.4)
IGNORE=(OBSNUM.EQN.5)
IGNORE=(ID.GT.56)
$ABBR REPLACE THETA(CL, V) = THETA(1 to 2)
$ABBR REPLACE ETA(CL, V) = ETA(1 to 2)

$THETAI
THETA(1:NTHETA)=LOG(THETAI(1:NTHETA))
THETAP(1:NTHETAP)=LOG(THETAPI(1:NTHETAP))
$THETAR
THETAR(1:NTHETA)=EXP(THETA(1:NTHETA))
THETAPR(1:NTHETAP)=EXP(THETAP(1:NTHETAP))

$PRIOR NWPRI 

$PK
"USE NMBAYES_INT, ONLY: ITER_REPORT,BAYES_EXTRA_REQUEST,BAYES_EXTRA
; Request extra information for Bayesian analysis.
; An extra call will then be made for accepted samples
"BAYES_EXTRA_REQUEST=1

MU_1 = THETA(CL)
MU_2 = THETA(V)
CL = EXP(MU_1 + ETA(CL))
V = EXP(MU_2 + ETA(V))
S1 = V

"IF(BAYES_EXTRA==1 .AND. ITER_REPORT>=0 .AND. TIME==0.0) THEN
"WRITE(50,98) ITER_REPORT,ID,CL,V
"98 FORMAT(I12,1X,F14.0,4(1X,1PG12.5))
"ENDIF

$ERROR
IPRED=F
Y = IPRED*(1 + ERR(1))  

$THETA
(0.001, 2.5) ; TVCL
(0.001, 46) ; TVV

$OMEGA BLOCK(2)
0.1    ; nCL
0.1  0.1  ; nV

$SIGMA
0.03 ; PROP

; THETA PRIORS
$THETAP (2.5 FIX) (46 FIX) 

; THETA (uniformative) PRIORs
$THETAPV BLOCK(2)
10000 FIX
0.0 10000 

$OMEGAP BLOCK(2)
0.2 FIX
0 0.2

; degrees of freedom to prior omega matrix - low dof = highly uninformative
$OMEGAPD (2 FIX)

$EST METHOD=CHAIN FILE=..\run100.chn NSAMPLE=0 ISAMPLE=2 DF=20
$EST METHOD=BAYES INTER NBURN=4000 NITER=10000 PRINT=20 NOPRIOR=0 CTYPE=3 CITER=10 SEED=56664
  
NM-TRAN MESSAGES 
  
 WARNINGS AND ERRORS (IF ANY) FOR PROBLEM    1
             
 (WARNING  2) NM-TRAN INFERS THAT THE DATA ARE POPULATION.

 (MU_WARNING 20) MU_001: MU_ VARIABLE SHOULD NOT BE DEFINED AFTER VERBATIM CODE.
  
License Registered to: Devin Pastoor
Expiration Date:    14 NOV 2017
Current Date:        3 JAN 2017
Days until program expires : 311
1NONLINEAR MIXED EFFECTS MODEL PROGRAM (NONMEM) VERSION 7.4.0 alpha14 (nm74a14)
 ORIGINALLY DEVELOPED BY STUART BEAL, LEWIS SHEINER, AND ALISON BOECKMANN
 CURRENT DEVELOPERS ARE ROBERT BAUER, ICON DEVELOPMENT SOLUTIONS,
 AND ALISON BOECKMANN. IMPLEMENTATION, EFFICIENCY, AND STANDARDIZATION
 PERFORMED BY NOUS INFOSYSTEMS.

 PROBLEM NO.:         1
 one cmpt simple mu modeled bayes multidose nids: 56 scenario: s2trough
0DATA CHECKOUT RUN:              NO
 DATA SET LOCATED ON UNIT NO.:    2
 THIS UNIT TO BE REWOUND:        NO
 NO. OF DATA RECS IN DATA SET:      168
 NO. OF DATA ITEMS IN DATA SET:  11
 ID DATA ITEM IS DATA ITEM NO.:   1
 DEP VARIABLE IS DATA ITEM NO.:   3
 MDV DATA ITEM IS DATA ITEM NO.: 11
0INDICES PASSED TO SUBROUTINE PRED:
   6   2   7   8   0  10   5   0   0   0   9
0LABELS FOR DATA ITEMS:
 ID TIME DV OBSNUM CMT EVID AMT RATE ADDL II MDV
0LABELS FOR THETAS
 THETA(1)=THETA(CL)
 THETA(2)=THETA(V)
0LABELS FOR ETAS
 ETA(1)=ETA(CL)
0LABELS FOR ETAS
 ETA(2)=ETA(V)
0FORMAT FOR DATA:
 (2E3.0,E17.0,3E2.0,2E5.0,E2.0,E3.0,1F2.0)

 TOT. NO. OF OBS RECS:      112
 TOT. NO. OF INDIVIDUALS:     56
0LENGTH OF THETA:   5
0DEFAULT THETA BOUNDARY TEST OMITTED:    NO
0OMEGA HAS BLOCK FORM:
  1
  1  1
  0  0  2
  0  0  2  2
  0  0  0  0  3
  0  0  0  0  3  3
0DEFAULT OMEGA BOUNDARY TEST OMITTED:    NO
0SIGMA HAS SIMPLE DIAGONAL FORM WITH DIMENSION:   1
0DEFAULT SIGMA BOUNDARY TEST OMITTED:    NO
0INITIAL ESTIMATE OF THETA:
 LOWER BOUND    INITIAL EST    UPPER BOUND
  0.1000E-02     0.2500E+01     0.1000E+07
  0.1000E-02     0.4600E+02     0.1000E+07
  0.2500E+01     0.2500E+01     0.2500E+01
  0.4600E+02     0.4600E+02     0.4600E+02
  0.2000E+01     0.2000E+01     0.2000E+01
0INITIAL ESTIMATE OF OMEGA:
 BLOCK SET NO.   BLOCK                                                                    FIXED
        1                                                                                   NO
 DIAGONAL SHIFT OF  1.1000E-07 WAS IMPOSED TO ENSURE POSITIVE DEFINITENESS
                  0.1000E+00
                  0.1000E+00   0.1000E+00
        2                                                                                  YES
                  0.1000E+05
                  0.0000E+00   0.1000E+05
        3                                                                                  YES
                  0.2000E+00
                  0.0000E+00   0.2000E+00
0INITIAL ESTIMATE OF SIGMA:
 0.3000E-01
0
 THETAI SUBROUTINE USER-SUPPLIED
 THETAR SUBROUTINE USER-SUPPLIED
 PRIOR SUBROUTINE USER-SUPPLIED
1DOUBLE PRECISION PREDPP VERSION 7.4.0 alpha14 (nm74a14)

 ONE COMPARTMENT MODEL (ADVAN1)
0MAXIMUM NO. OF BASIC PK PARAMETERS:   2
0BASIC PK PARAMETERS (AFTER TRANSLATION):
   ELIMINATION RATE (K) IS BASIC PK PARAMETER NO.:  1

 TRANSLATOR WILL CONVERT PARAMETERS
 CLEARANCE (CL) AND VOLUME (V) TO K (TRANS2)
0COMPARTMENT ATTRIBUTES
 COMPT. NO.   FUNCTION   INITIAL    ON/OFF      DOSE      DEFAULT    DEFAULT
                         STATUS     ALLOWED    ALLOWED    FOR DOSE   FOR OBS.
    1         CENTRAL      ON         NO         YES        YES        YES
    2         OUTPUT       OFF        YES        NO         NO         NO
1
 ADDITIONAL PK PARAMETERS - ASSIGNMENT OF ROWS IN GG
 COMPT. NO.                             INDICES
              SCALE      BIOAVAIL.   ZERO-ORDER  ZERO-ORDER  ABSORB
                         FRACTION    RATE        DURATION    LAG
    1            3           *           *           *           *
    2            *           -           -           -           -
             - PARAMETER IS NOT ALLOWED FOR THIS MODEL
             * PARAMETER IS NOT SUPPLIED BY PK SUBROUTINE;
               WILL DEFAULT TO ONE IF APPLICABLE
0DATA ITEM INDICES USED BY PRED ARE:
   EVENT ID DATA ITEM IS DATA ITEM NO.:      6
   TIME DATA ITEM IS DATA ITEM NO.:          2
   DOSE AMOUNT DATA ITEM IS DATA ITEM NO.:   7
   DOSE RATE DATA ITEM IS DATA ITEM NO.:     8
   INTERVAL DATA ITEM IS DATA ITEM NO.:     10
   ADDL. DOSES DATA ITEM IS DATA ITEM NO.:   9
   COMPT. NO. DATA ITEM IS DATA ITEM NO.:    5

0PK SUBROUTINE CALLED WITH EVERY EVENT RECORD.
 PK SUBROUTINE NOT CALLED AT NONEVENT (ADDITIONAL OR LAGGED) DOSE TIMES.
0ERROR SUBROUTINE CALLED WITH EVERY EVENT RECORD.
1


 #TBLN:      1
 #METH: Chain Method Processing

 RANDOM GENERATION TYPE (CTYPE):     0
 RANDOM GENERATION SEED (SEED):      11456
 RANDOM SAMPLE SELECTION (ISAMPLE):  2
 RANDOM SAMPLE RANGE END (ISAMPEND): -2147483647
 NUMBER OF RANDOM SAMPLES (NSAMPLE): 0
 UNIFORM FRACTIONAL RANGE (IACCEPT): 0.400000000000000
 RANDOM SELECTION TYPE (SELECT):     0
 DEG. FR. TO GENERATE OMEGAS (DF):   20
 DEG. FR. TO GENERATE SIGMAS (DFS):  -1
 CHAIN FILE (FILE):                  ..\run100.chn
 EXCL. TITLE IN CHAIN FILE (NOTITLE):NO
 EX. COL. LBS. IN CHAIN FL.(NOLABEL):NO
 FORMAT FOR CHAIN FILE (FORMAT):     S1PE12.5
 PAR. ORDER in CHAIN FILE (ORDER):   TSOL
 RANDOM SAMPLING METHOD (RANMETHOD):3U

 THE FOLLOWING LABELS ARE EQUIVALENT
 PRED=NPRED
 RES=NRES
 WRES=NWRES
 IWRS=NIWRES
 IPRD=NIPRED
 IRS=NIRES



 FROM SAMPLE 2 OF CHAIN FILE ..\run100.chn
 NEW INITIAL ESTIMATES OF THETA
  0.3533E+01
  0.1015E-01
 NEW INITIAL ESTIMATES OF OMEGA
  0.1302E+00
  0.1302E+00  0.1302E+00
 NEW INITIAL ESTIMATES OF SIGMA
  0.4169E-01
1


 #TBLN:      1
 #METH: MCMC Bayesian Analysis

 ESTIMATION STEP OMITTED:                 NO
 ANALYSIS TYPE:                           POPULATION
 NUMBER OF SADDLE POINT RESET ITERATIONS:      0
 GRADIENT METHOD USED:               NOSLOW
 CONDITIONAL ESTIMATES USED:              YES
 CENTERED ETA:                            NO
 EPS-ETA INTERACTION:                     YES
 LAPLACIAN OBJ. FUNC.:                    NO
 NO. OF FUNCT. EVALS. ALLOWED:            840
 NO. OF SIG. FIGURES REQUIRED:            3
 INTERMEDIATE PRINTOUT:                   YES
 ESTIMATE OUTPUT TO MSF:                  NO
 IND. OBJ. FUNC. VALUES SORTED:           NO
 NUMERICAL DERIVATIVE
       FILE REQUEST (NUMDER):               NONE
 MAP (ETAHAT) ESTIMATION METHOD (OPTMAP):   0
 ETA HESSIAN EVALUATION METHOD (ETADER):    0
 INITIAL ETA FOR MAP ESTIMATION (MCETA):    0
 SIGDIGITS FOR MAP ESTIMATION (SIGLO):      100
 GRADIENT SIGDIGITS OF
       FIXED EFFECTS PARAMETERS (SIGL):     100
 NOPRIOR SETTING (NOPRIOR):                 OFF
 NOCOV SETTING (NOCOV):                     OFF
 DERCONT SETTING (DERCONT):                 OFF
 FINAL ETA RE-EVALUATION (FNLETA):          ON
 EXCLUDE NON-INFLUENTIAL (NON-INFL.) ETAS
       IN SHRINKAGE (ETASTYPE):             NO
 NON-INFL. ETA CORRECTION (NONINFETA):      OFF
 RAW OUTPUT FILE (FILE): run122_nids_56_s2trough_c2.ext
 EXCLUDE TITLE (NOTITLE):                   NO
 EXCLUDE COLUMN LABELS (NOLABEL):           NO
 FORMAT FOR ADDITIONAL FILES (FORMAT):      S1PE12.5
 PARAMETER ORDER FOR OUTPUTS (ORDER):       TSOL
 WISHART PRIOR DF INTERPRETATION (WISHTYPE):0
 KNUTHSUMOFF:                               0
 INCLUDE LNTWOPI:                           NO
 INCLUDE CONSTANT TERM TO PRIOR (PRIORC):   NO
 INCLUDE CONSTANT TERM TO OMEGA (ETA) (OLNTWOPI):NO
 EM OR BAYESIAN METHOD USED:                MCMC BAYESIAN (BAYES)
 MU MODELING PATTERN (MUM):
 GRADIENT/GIBBS PATTERN (GRD):
 AUTOMATIC SETTING FEATURE (AUTO):          OFF
 CONVERGENCE TYPE (CTYPE):                  3
 KEEP ITERATIONS (THIN):            1
 CONVERGENCE INTERVAL (CINTERVAL):          20
 CONVERGENCE ITERATIONS (CITER):            10
 CONVERGENCE ALPHA ERROR (CALPHA):          5.000000000000000E-02
 BURN-IN ITERATIONS (NBURN):                4000
 ITERATIONS (NITER):                        10000
 ANEAL SETTING (CONSTRAIN):                 1
 STARTING SEED FOR MC METHODS (SEED):       56664
 MC SAMPLES PER SUBJECT (ISAMPLE):          1
 RANDOM SAMPLING METHOD (RANMETHOD):        3U
 PROPOSAL DENSITY SCALING RANGE
              (ISCALE_MIN, ISCALE_MAX):     1.000000000000000E-06   ,1000000.00000000
 SAMPLE ACCEPTANCE RATE (IACCEPT):          0.400000000000000
 METROPOLIS HASTINGS SAMPLING FOR INDIVIDUAL ETAS:
 SAMPLES FOR GLOBAL SEARCH KERNEL (ISAMPLE_M1):          2
 SAMPLES FOR NEIGHBOR SEARCH KERNEL (ISAMPLE_M1A):       0
 SAMPLES FOR MASS/IMP/POST. MATRIX SEARCH (ISAMPLE_M1B): 2
 SAMPLES FOR LOCAL SEARCH KERNEL (ISAMPLE_M2):           2
 SAMPLES FOR LOCAL UNIVARIATE KERNEL (ISAMPLE_M3):       2
 PWR. WT. MASS/IMP/POST MATRIX ACCUM. FOR ETAS (IKAPPA): 1.00000000000000
 MASS/IMP./POST. MATRIX REFRESH SETTING (MASSREST):      -1
 METROPOLIS HASTINGS POPULATION SAMPLING FOR NON-GIBBS
 SAMPLED THETAS AND SIGMAS:
 PROPOSAL DENSITY SCALING RANGE
              (PSCALE_MIN, PSCALE_MAX):   1.000000000000000E-02   ,1000.00000000000
 SAMPLE ACCEPTANCE RATE (PACCEPT):                       0.500000000000000
 SAMPLES FOR GLOBAL SEARCH KERNEL (PSAMPLE_M1):          1
 SAMPLES FOR LOCAL SEARCH KERNEL (PSAMPLE_M2):           -1
 SAMPLES FOR LOCAL UNIVARIATE KERNEL (PSAMPLE_M3):       1
 METROPOLIS HASTINGS POPULATION SAMPLING FOR NON-GIBBS
 SAMPLED OMEGAS:
 SAMPLE ACCEPTANCE RATE (OACCEPT):                       0.500000000000000
 SAMPLES FOR GLOBAL SEARCH KERNEL (OSAMPLE_M1):          -1
 SAMPLES FOR LOCAL SEARCH KERNEL (OSAMPLE_M2):           -1
 SAMPLES FOR LOCAL UNIVARIATE SEARCH KERNEL (OSAMPLE_M3):0
 DEG. FR. FOR T DIST.  PRIOR FOR THETAS (TTDF):        0.00000000000000
 DEG. FR. FOR LKJ CORRELATION PRIOR FOR OMEGAS (OLKJDF): 0.00000000000000
 WEIGHT FACTOR FOR STD PRIOR FOR OMEGAS (OVARF): 1.00000000000000
 DEG. FR. FOR LKJ CORRELATION PRIOR FOR SIGMAS (SLKJDF): 0.00000000000000
 WEIGHT FACTOR FOR STD PRIOR FOR SIGMAS (SVARF): 1.00000000000000


 THE FOLLOWING LABELS ARE EQUIVALENT
 PRED=PREDI
 RES=RESI
 WRES=WRESI
 IWRS=IWRESI
 IPRD=IPREDI
 IRS=IRESI

 EM/BAYES SETUP:
 THETAS THAT ARE MU MODELED:
   1   2
 THETAS THAT ARE GIBBS SAMPLED:
   1   2
 THETAS THAT ARE METROPOLIS-HASTINGS SAMPLED:
 
 SIGMAS THAT ARE GIBBS SAMPLED:
   1
 SIGMAS THAT ARE METROPOLIS-HASTINGS SAMPLED:
 
 OMEGAS ARE GIBBS SAMPLED

 MONITORING OF SEARCH:

 Burn-in Mode
 iteration        -4000 MCMCOBJ=    2347889377.3595090     
 iteration        -3980 MCMCOBJ=    471.76577487573280     
 iteration        -3960 MCMCOBJ=    450.18649333460593     
 iteration        -3940 MCMCOBJ=    379.04631762760653     
 iteration        -3920 MCMCOBJ=    142.89209837690058     
 iteration        -3900 MCMCOBJ=    152.73789113613640     
 iteration        -3880 MCMCOBJ=    227.28997471083503     
 iteration        -3860 MCMCOBJ=    211.94415771423621     
 iteration        -3840 MCMCOBJ=    176.23657753003639     
 iteration        -3820 MCMCOBJ=    240.62518659971562     
 iteration        -3800 MCMCOBJ=    261.07632567640985     
 iteration        -3780 MCMCOBJ=    200.84162928646657     
 iteration        -3760 MCMCOBJ=    205.38274092907471     
 iteration        -3740 MCMCOBJ=    173.33915305675237     
 iteration        -3720 MCMCOBJ=    139.79458104494410     
 iteration        -3700 MCMCOBJ=    237.85848973219044     
 Convergence achieved
 Sampling Mode
 iteration            0 MCMCOBJ=    216.41266148053600     
 iteration           20 MCMCOBJ=    191.65947195110613     
 iteration           40 MCMCOBJ=    155.11791058656596     
 iteration           60 MCMCOBJ=    154.24670441913395     
 iteration           80 MCMCOBJ=    163.07515801390844     
 iteration          100 MCMCOBJ=    148.37928113454879     
 iteration          120 MCMCOBJ=    153.79564977786214     
 iteration          140 MCMCOBJ=    237.94580502140150     
 iteration          160 MCMCOBJ=    202.08675814570131     
 iteration          180 MCMCOBJ=    173.50816550997766     
 iteration          200 MCMCOBJ=    137.42761598018450     
 iteration          220 MCMCOBJ=    153.17504562018740     
 iteration          240 MCMCOBJ=    161.04969901288854     
 iteration          260 MCMCOBJ=    216.29124384036609     
 iteration          280 MCMCOBJ=    149.29365700345332     
 iteration          300 MCMCOBJ=    151.31226366911403     
 iteration          320 MCMCOBJ=    229.96664914676273     
 iteration          340 MCMCOBJ=    179.66695389646233     
 iteration          360 MCMCOBJ=    230.50983866304361     
 iteration          380 MCMCOBJ=    197.35984829814709     
 iteration          400 MCMCOBJ=    147.23413988646570     
 iteration          420 MCMCOBJ=    154.19587257796107     
 iteration          440 MCMCOBJ=    209.60919134102051     
 iteration          460 MCMCOBJ=    226.88732602705886     
 iteration          480 MCMCOBJ=    218.19660481089664     
 iteration          500 MCMCOBJ=    223.75103668901943     
 iteration          520 MCMCOBJ=    172.25798696653681     
 iteration          540 MCMCOBJ=    168.68125864582944     
 iteration          560 MCMCOBJ=    239.51862462291635     
 iteration          580 MCMCOBJ=    271.60903723408330     
 iteration          600 MCMCOBJ=    226.84894220220229     
 iteration          620 MCMCOBJ=    203.78472683299563     
 iteration          640 MCMCOBJ=    202.63538472350555     
 iteration          660 MCMCOBJ=    184.17622097249514     
 iteration          680 MCMCOBJ=    185.31632384986901     
 iteration          700 MCMCOBJ=    193.27710276092867     
 iteration          720 MCMCOBJ=    149.05801423365668     
 iteration          740 MCMCOBJ=    212.06763114242685     
 iteration          760 MCMCOBJ=    207.86763011012363     
 iteration          780 MCMCOBJ=    175.86249674702128     
 iteration          800 MCMCOBJ=    210.13892013847232     
 iteration          820 MCMCOBJ=    212.35440698257901     
 iteration          840 MCMCOBJ=    160.71674131252598     
 iteration          860 MCMCOBJ=    192.91264760178649     
 iteration          880 MCMCOBJ=    224.50292334185528     
 iteration          900 MCMCOBJ=    189.37314258681997     
 iteration          920 MCMCOBJ=    124.40854522840880     
 iteration          940 MCMCOBJ=    154.99727629646614     
 iteration          960 MCMCOBJ=    197.74715207256821     
 iteration          980 MCMCOBJ=    202.36265126360001     
 iteration         1000 MCMCOBJ=    190.03135708215828     
 iteration         1020 MCMCOBJ=    209.42403386006762     
 iteration         1040 MCMCOBJ=    207.32637671875415     
 iteration         1060 MCMCOBJ=    233.72067262204376     
 iteration         1080 MCMCOBJ=    175.62049288012790     
 iteration         1100 MCMCOBJ=    194.09968294394579     
 iteration         1120 MCMCOBJ=    155.27204600046667     
 iteration         1140 MCMCOBJ=    152.40307417088664     
 iteration         1160 MCMCOBJ=    209.82645237495746     
 iteration         1180 MCMCOBJ=    159.77607051920049     
 iteration         1200 MCMCOBJ=    156.36818853914113     
 iteration         1220 MCMCOBJ=    206.44647791527063     
 iteration         1240 MCMCOBJ=    181.02341267256475     
 iteration         1260 MCMCOBJ=    229.60313889132243     
 iteration         1280 MCMCOBJ=    191.87266697374466     
 iteration         1300 MCMCOBJ=    255.87453761607068     
 iteration         1320 MCMCOBJ=    186.60890688450010     
 iteration         1340 MCMCOBJ=    163.46928227857478     
 iteration         1360 MCMCOBJ=    175.45033353653704     
 iteration         1380 MCMCOBJ=    191.76912264604698     
 iteration         1400 MCMCOBJ=    202.31463415880887     
 iteration         1420 MCMCOBJ=    221.62450073035413     
 iteration         1440 MCMCOBJ=    231.34613386979544     
 iteration         1460 MCMCOBJ=    224.90208484776795     
 iteration         1480 MCMCOBJ=    251.85707867499704     
 iteration         1500 MCMCOBJ=    209.13494603884843     
 iteration         1520 MCMCOBJ=    209.21331623091248     
 iteration         1540 MCMCOBJ=    175.55118102616814     
 iteration         1560 MCMCOBJ=    217.72871251326075     
 iteration         1580 MCMCOBJ=    195.28985448755600     
 iteration         1600 MCMCOBJ=    168.94388226509611     
 iteration         1620 MCMCOBJ=    241.74736810407347     
 iteration         1640 MCMCOBJ=    193.04259321880591     
 iteration         1660 MCMCOBJ=    142.69640632221160     
 iteration         1680 MCMCOBJ=    220.67322523131500     
 iteration         1700 MCMCOBJ=    175.52505903722337     
 iteration         1720 MCMCOBJ=    142.79994259679196     
 iteration         1740 MCMCOBJ=    147.24397963881572     
 iteration         1760 MCMCOBJ=    200.54271786181957     
 iteration         1780 MCMCOBJ=    179.51141235714135     
 iteration         1800 MCMCOBJ=    205.60680575970858     
 iteration         1820 MCMCOBJ=    205.22887082373069     
 iteration         1840 MCMCOBJ=    145.15887751968927     
 iteration         1860 MCMCOBJ=    183.84584874882680     
 iteration         1880 MCMCOBJ=    225.49572604578131     
 iteration         1900 MCMCOBJ=    168.54346616023767     
 iteration         1920 MCMCOBJ=    224.08908167739494     
 iteration         1940 MCMCOBJ=    180.79352903805258     
 iteration         1960 MCMCOBJ=    204.40863504535247     
 iteration         1980 MCMCOBJ=    204.81581146676953     
 iteration         2000 MCMCOBJ=    180.01243756325991     
 iteration         2020 MCMCOBJ=    221.35811594368295     
 iteration         2040 MCMCOBJ=    224.82789435250271     
 iteration         2060 MCMCOBJ=    186.15063038838207     
 iteration         2080 MCMCOBJ=    221.13744869110721     
 iteration         2100 MCMCOBJ=    194.97799238962151     
 iteration         2120 MCMCOBJ=    192.57109373008660     
 iteration         2140 MCMCOBJ=    193.12099017115091     
 iteration         2160 MCMCOBJ=    217.35094503582349     
 iteration         2180 MCMCOBJ=    193.02251169379215     
 iteration         2200 MCMCOBJ=    166.20847875101060     
 iteration         2220 MCMCOBJ=    196.45772636800481     
 iteration         2240 MCMCOBJ=    203.88572471462322     
 iteration         2260 MCMCOBJ=    166.56644944671558     
 iteration         2280 MCMCOBJ=    195.16619692264510     
 iteration         2300 MCMCOBJ=    190.10780922232362     
 iteration         2320 MCMCOBJ=    213.69999125085599     
 iteration         2340 MCMCOBJ=    171.19357826929098     
 iteration         2360 MCMCOBJ=    208.82648054458645     
 iteration         2380 MCMCOBJ=    205.39171228076933     
 iteration         2400 MCMCOBJ=    167.58513932044201     
 iteration         2420 MCMCOBJ=    161.70368078118432     
 iteration         2440 MCMCOBJ=    203.89279733716666     
 iteration         2460 MCMCOBJ=    162.62612609630145     
 iteration         2480 MCMCOBJ=    236.34287781433494     
 iteration         2500 MCMCOBJ=    193.19054409413314     
 iteration         2520 MCMCOBJ=    158.24553690322091     
 iteration         2540 MCMCOBJ=    196.93386825770492     
 iteration         2560 MCMCOBJ=    173.64068232411185     
 iteration         2580 MCMCOBJ=    192.85749204156014     
 iteration         2600 MCMCOBJ=    236.45331719549370     
 iteration         2620 MCMCOBJ=    210.63939067779128     
 iteration         2640 MCMCOBJ=    209.62216550988762     
 iteration         2660 MCMCOBJ=    134.68900670470504     
 iteration         2680 MCMCOBJ=    128.22773498665177     
 iteration         2700 MCMCOBJ=    139.18853313927181     
 iteration         2720 MCMCOBJ=    179.57155477055269     
 iteration         2740 MCMCOBJ=    194.24637068021050     
 iteration         2760 MCMCOBJ=    186.63616195244018     
 iteration         2780 MCMCOBJ=    212.86227787572884     
 iteration         2800 MCMCOBJ=    174.31733800516469     
 iteration         2820 MCMCOBJ=    152.67395520436247     
 iteration         2840 MCMCOBJ=    153.01917233132892     
 iteration         2860 MCMCOBJ=    234.78899388278859     
 iteration         2880 MCMCOBJ=    155.68337371571261     
 iteration         2900 MCMCOBJ=    237.52835609986803     
 iteration         2920 MCMCOBJ=    186.16428390460396     
 iteration         2940 MCMCOBJ=    167.99941591820416     
 iteration         2960 MCMCOBJ=    223.38398422640276     
 iteration         2980 MCMCOBJ=    174.01796877128558     
 iteration         3000 MCMCOBJ=    207.31599525604543     
 iteration         3020 MCMCOBJ=    219.54881740288428     
 iteration         3040 MCMCOBJ=    220.82160819223094     
 iteration         3060 MCMCOBJ=    200.05675812671936     
 iteration         3080 MCMCOBJ=    204.25323990612108     
 iteration         3100 MCMCOBJ=    206.10879973187778     
 iteration         3120 MCMCOBJ=    176.80952056929442     
 iteration         3140 MCMCOBJ=    174.10157694992873     
 iteration         3160 MCMCOBJ=    237.65854078732349     
 iteration         3180 MCMCOBJ=    142.93412742454268     
 iteration         3200 MCMCOBJ=    181.32804873705436     
 iteration         3220 MCMCOBJ=    151.94311894144559     
 iteration         3240 MCMCOBJ=    222.14103780056070     
 iteration         3260 MCMCOBJ=    242.37183008405123     
 iteration         3280 MCMCOBJ=    169.21066585969871     
 iteration         3300 MCMCOBJ=    160.51929634387866     
 iteration         3320 MCMCOBJ=    146.72640644819384     
 iteration         3340 MCMCOBJ=    155.96609200979063     
 iteration         3360 MCMCOBJ=    216.12696835586516     
 iteration         3380 MCMCOBJ=    199.12639931917121     
 iteration         3400 MCMCOBJ=    194.92887548398568     
 iteration         3420 MCMCOBJ=    165.71846472005029     
 iteration         3440 MCMCOBJ=    201.52436805250727     
 iteration         3460 MCMCOBJ=    215.13298899419078     
 iteration         3480 MCMCOBJ=    227.97775637749154     
 iteration         3500 MCMCOBJ=    195.03855950913501     
 iteration         3520 MCMCOBJ=    199.45560830544662     
 iteration         3540 MCMCOBJ=    181.83102892926200     
 iteration         3560 MCMCOBJ=    216.24961927240219     
 iteration         3580 MCMCOBJ=    197.85319590385845     
 iteration         3600 MCMCOBJ=    168.54504797884400     
 iteration         3620 MCMCOBJ=    199.57803525827092     
 iteration         3640 MCMCOBJ=    188.56822006793982     
 iteration         3660 MCMCOBJ=    202.19227786286012     
 iteration         3680 MCMCOBJ=    184.92609797670949     
 iteration         3700 MCMCOBJ=    199.03956926007231     
 iteration         3720 MCMCOBJ=    178.34068956850192     
 iteration         3740 MCMCOBJ=    209.21581937233447     
 iteration         3760 MCMCOBJ=    218.02556931497210     
 iteration         3780 MCMCOBJ=    177.17713982767472     
 iteration         3800 MCMCOBJ=    178.00070199042062     
 iteration         3820 MCMCOBJ=    189.82821521552981     
 iteration         3840 MCMCOBJ=    252.49410058421051     
 iteration         3860 MCMCOBJ=    182.31351079405303     
 iteration         3880 MCMCOBJ=    144.02275019201559     
 iteration         3900 MCMCOBJ=    209.84746927965912     
 iteration         3920 MCMCOBJ=    245.57725073155564     
 iteration         3940 MCMCOBJ=    178.39614905327403     
 iteration         3960 MCMCOBJ=    137.97059092225990     
 iteration         3980 MCMCOBJ=    222.24952949759736     
 iteration         4000 MCMCOBJ=    183.91577430381014     
 iteration         4020 MCMCOBJ=    192.78001614388145     
 iteration         4040 MCMCOBJ=    223.89761119470731     
 iteration         4060 MCMCOBJ=    179.81289896980977     
 iteration         4080 MCMCOBJ=    212.64028603448284     
 iteration         4100 MCMCOBJ=    189.22842155550384     
 iteration         4120 MCMCOBJ=    237.67254862956602     
 iteration         4140 MCMCOBJ=    208.71618219467658     
 iteration         4160 MCMCOBJ=    162.66978374079011     
 iteration         4180 MCMCOBJ=    176.42585902708618     
 iteration         4200 MCMCOBJ=    180.19258608559326     
 iteration         4220 MCMCOBJ=    206.59089614212161     
 iteration         4240 MCMCOBJ=    141.63976192195645     
 iteration         4260 MCMCOBJ=    147.36062676919178     
 iteration         4280 MCMCOBJ=    217.94437574614807     
 iteration         4300 MCMCOBJ=    191.41969821622817     
 iteration         4320 MCMCOBJ=    175.31953727914808     
 iteration         4340 MCMCOBJ=    225.05160479998185     
 iteration         4360 MCMCOBJ=    191.96993925769635     
 iteration         4380 MCMCOBJ=    197.64539902038243     
 iteration         4400 MCMCOBJ=    186.02756903235442     
 iteration         4420 MCMCOBJ=    177.11097080652360     
 iteration         4440 MCMCOBJ=    214.95046734484262     
 iteration         4460 MCMCOBJ=    218.21300028255683     
 iteration         4480 MCMCOBJ=    237.52119451032516     
 iteration         4500 MCMCOBJ=    215.24988257410945     
 iteration         4520 MCMCOBJ=    143.54779243091400     
 iteration         4540 MCMCOBJ=    177.74896059869437     
 iteration         4560 MCMCOBJ=    203.29404816601155     
 iteration         4580 MCMCOBJ=    190.88553027163871     
 iteration         4600 MCMCOBJ=    220.60166526235949     
 iteration         4620 MCMCOBJ=    251.73156737225599     
 iteration         4640 MCMCOBJ=    229.53049261577718     
 iteration         4660 MCMCOBJ=    202.40125776340543     
 iteration         4680 MCMCOBJ=    221.38789883380539     
 iteration         4700 MCMCOBJ=    279.64752458359942     
 iteration         4720 MCMCOBJ=    219.24902892888147     
 iteration         4740 MCMCOBJ=    182.60400512404672     
 iteration         4760 MCMCOBJ=    201.50734125815657     
 iteration         4780 MCMCOBJ=    182.14339670480226     
 iteration         4800 MCMCOBJ=    160.55457642501278     
 iteration         4820 MCMCOBJ=    211.41580737441907     
 iteration         4840 MCMCOBJ=    187.61237618719156     
 iteration         4860 MCMCOBJ=    162.11694086066763     
 iteration         4880 MCMCOBJ=    172.01911653074484     
 iteration         4900 MCMCOBJ=    164.82686533482948     
 iteration         4920 MCMCOBJ=    216.97250440709328     
 iteration         4940 MCMCOBJ=    222.53620596511340     
 iteration         4960 MCMCOBJ=    179.79500962899306     
 iteration         4980 MCMCOBJ=    172.29272540942770     
 iteration         5000 MCMCOBJ=    191.29233271293322     
 iteration         5020 MCMCOBJ=    249.17266759387104     
 iteration         5040 MCMCOBJ=    230.13070646794867     
 iteration         5060 MCMCOBJ=    250.38396157393876     
 iteration         5080 MCMCOBJ=    235.24320938022993     
 iteration         5100 MCMCOBJ=    241.31257478150931     
 iteration         5120 MCMCOBJ=    194.93281993196686     
 iteration         5140 MCMCOBJ=    202.89715906248568     
 iteration         5160 MCMCOBJ=    181.68907929919419     
 iteration         5180 MCMCOBJ=    163.35696977928811     
 iteration         5200 MCMCOBJ=    166.75951292369598     
 iteration         5220 MCMCOBJ=    228.13157076353377     
 iteration         5240 MCMCOBJ=    172.83903844698997     
 iteration         5260 MCMCOBJ=    255.25566813302510     
 iteration         5280 MCMCOBJ=    212.35509288713351     
 iteration         5300 MCMCOBJ=    213.86800084444212     
 iteration         5320 MCMCOBJ=    188.46944411498461     
 iteration         5340 MCMCOBJ=    228.22860715897374     
 iteration         5360 MCMCOBJ=    223.81085266462810     
 iteration         5380 MCMCOBJ=    206.19891432016050     
 iteration         5400 MCMCOBJ=    148.24541370063400     
 iteration         5420 MCMCOBJ=    188.25097909933606     
 iteration         5440 MCMCOBJ=    164.45256733565267     
 iteration         5460 MCMCOBJ=    176.64944172178670     
 iteration         5480 MCMCOBJ=    219.16007058739481     
 iteration         5500 MCMCOBJ=    188.67234988940427     
 iteration         5520 MCMCOBJ=    196.37550373653872     
 iteration         5540 MCMCOBJ=    236.69649569724101     
 iteration         5560 MCMCOBJ=    144.63287549599872     
 iteration         5580 MCMCOBJ=    172.14849117844037     
 iteration         5600 MCMCOBJ=    186.60924824008814     
 iteration         5620 MCMCOBJ=    126.90433926444081     
 iteration         5640 MCMCOBJ=    166.71997857864105     
 iteration         5660 MCMCOBJ=    205.13651281978656     
 iteration         5680 MCMCOBJ=    167.82495664518646     
 iteration         5700 MCMCOBJ=    197.08068201874758     
 iteration         5720 MCMCOBJ=    279.68850305849173     
 iteration         5740 MCMCOBJ=    227.23232246051629     
 iteration         5760 MCMCOBJ=    224.73641852764374     
 iteration         5780 MCMCOBJ=    180.59146999137715     
 iteration         5800 MCMCOBJ=    184.12572549531114     
 iteration         5820 MCMCOBJ=    196.89488880103343     
 iteration         5840 MCMCOBJ=    209.67141575829422     
 iteration         5860 MCMCOBJ=    219.02666421084740     
 iteration         5880 MCMCOBJ=    212.56133741278947     
 iteration         5900 MCMCOBJ=    183.11813067313386     
 iteration         5920 MCMCOBJ=    194.11744811899746     
 iteration         5940 MCMCOBJ=    228.16788574880167     
 iteration         5960 MCMCOBJ=    163.14295098859870     
 iteration         5980 MCMCOBJ=    213.85477361837013     
 iteration         6000 MCMCOBJ=    217.80933593053857     
 iteration         6020 MCMCOBJ=    219.37399749299880     
 iteration         6040 MCMCOBJ=    230.03399076929773     
 iteration         6060 MCMCOBJ=    188.51763903504050     
 iteration         6080 MCMCOBJ=    246.94550178308003     
 iteration         6100 MCMCOBJ=    189.45849844893323     
 iteration         6120 MCMCOBJ=    150.24272457062133     
 iteration         6140 MCMCOBJ=    155.64926164833770     
 iteration         6160 MCMCOBJ=    279.36970165617157     
 iteration         6180 MCMCOBJ=    193.02741251890828     
 iteration         6200 MCMCOBJ=    184.33837857043977     
 iteration         6220 MCMCOBJ=    206.39861633493345     
 iteration         6240 MCMCOBJ=    185.05952661993692     
 iteration         6260 MCMCOBJ=    208.42438649995196     
 iteration         6280 MCMCOBJ=    189.53566492786868     
 iteration         6300 MCMCOBJ=    240.65882999218420     
 iteration         6320 MCMCOBJ=    217.55202015149791     
 iteration         6340 MCMCOBJ=    163.08738792554252     
 iteration         6360 MCMCOBJ=    195.30680865988862     
 iteration         6380 MCMCOBJ=    180.76286169627622     
 iteration         6400 MCMCOBJ=    208.17126836468651     
 iteration         6420 MCMCOBJ=    169.90798641638526     
 iteration         6440 MCMCOBJ=    204.03462201359176     
 iteration         6460 MCMCOBJ=    117.64028929941860     
 iteration         6480 MCMCOBJ=    233.55686504348125     
 iteration         6500 MCMCOBJ=    180.46966069638114     
 iteration         6520 MCMCOBJ=    197.19242397697769     
 iteration         6540 MCMCOBJ=    267.98458253933893     
 iteration         6560 MCMCOBJ=    215.49314110481924     
 iteration         6580 MCMCOBJ=    184.78733205643752     
 iteration         6600 MCMCOBJ=    249.04449487704821     
 iteration         6620 MCMCOBJ=    201.35192469765070     
 iteration         6640 MCMCOBJ=    168.73186774937611     
 iteration         6660 MCMCOBJ=    164.17058341857796     
 iteration         6680 MCMCOBJ=    226.88142979991716     
 iteration         6700 MCMCOBJ=    179.86203452440213     
 iteration         6720 MCMCOBJ=    223.80410682371652     
 iteration         6740 MCMCOBJ=    186.93111868057849     
 iteration         6760 MCMCOBJ=    185.55178752126270     
 iteration         6780 MCMCOBJ=    215.73755637907351     
 iteration         6800 MCMCOBJ=    241.07905680911006     
 iteration         6820 MCMCOBJ=    214.68461644266895     
 iteration         6840 MCMCOBJ=    186.69317785251903     
 iteration         6860 MCMCOBJ=    203.98637440880316     
 iteration         6880 MCMCOBJ=    230.48260065652042     
 iteration         6900 MCMCOBJ=    201.78973205201112     
 iteration         6920 MCMCOBJ=    232.68872590855617     
 iteration         6940 MCMCOBJ=    134.95682231021721     
 iteration         6960 MCMCOBJ=    182.27410824912997     
 iteration         6980 MCMCOBJ=    233.35916550297867     
 iteration         7000 MCMCOBJ=    213.97371148318470     
 iteration         7020 MCMCOBJ=    203.56441522488302     
 iteration         7040 MCMCOBJ=    223.70034830497400     
 iteration         7060 MCMCOBJ=    197.97114650020197     
 iteration         7080 MCMCOBJ=    224.30367571263594     
 iteration         7100 MCMCOBJ=    227.83620345492594     
 iteration         7120 MCMCOBJ=    196.81536426611967     
 iteration         7140 MCMCOBJ=    159.73639510081503     
 iteration         7160 MCMCOBJ=    232.70725862186765     
 iteration         7180 MCMCOBJ=    189.35125914773937     
 iteration         7200 MCMCOBJ=    218.86093366376846     
 iteration         7220 MCMCOBJ=    235.24128751599039     
 iteration         7240 MCMCOBJ=    171.71926797297144     
 iteration         7260 MCMCOBJ=    247.12906368792855     
 iteration         7280 MCMCOBJ=    122.34852801814638     
 iteration         7300 MCMCOBJ=    214.30361080865342     
 iteration         7320 MCMCOBJ=    153.43313236547445     
 iteration         7340 MCMCOBJ=    157.32654492668786     
 iteration         7360 MCMCOBJ=    246.63446580553710     
 iteration         7380 MCMCOBJ=    187.52257525924060     
 iteration         7400 MCMCOBJ=    210.38718249015056     
 iteration         7420 MCMCOBJ=    188.79082198902901     
 iteration         7440 MCMCOBJ=    172.42559995581072     
 iteration         7460 MCMCOBJ=    144.40761802171579     
 iteration         7480 MCMCOBJ=    168.17875894327955     
 iteration         7500 MCMCOBJ=    210.00176987204219     
 iteration         7520 MCMCOBJ=    186.23694736823126     
 iteration         7540 MCMCOBJ=    210.83484856910673     
 iteration         7560 MCMCOBJ=    236.62205010242405     
 iteration         7580 MCMCOBJ=    229.49879615304863     
 iteration         7600 MCMCOBJ=    177.95639951920265     
 iteration         7620 MCMCOBJ=    188.85367278828014     
 iteration         7640 MCMCOBJ=    156.41471677248612     
 iteration         7660 MCMCOBJ=    165.72440211101275     
 iteration         7680 MCMCOBJ=    192.93018799028647     
 iteration         7700 MCMCOBJ=    185.85477405422276     
 iteration         7720 MCMCOBJ=    177.11922545907393     
 iteration         7740 MCMCOBJ=    227.53024094988521     
 iteration         7760 MCMCOBJ=    146.40484999904012     
 iteration         7780 MCMCOBJ=    177.10092543017711     
 iteration         7800 MCMCOBJ=    201.91487389336044     
 iteration         7820 MCMCOBJ=    225.97211046464361     
 iteration         7840 MCMCOBJ=    214.73071171235421     
 iteration         7860 MCMCOBJ=    224.13969450687074     
 iteration         7880 MCMCOBJ=    203.41473882504189     
 iteration         7900 MCMCOBJ=    196.36630872385811     
 iteration         7920 MCMCOBJ=    206.31374033312940     
 iteration         7940 MCMCOBJ=    190.54650973122898     
 iteration         7960 MCMCOBJ=    179.44850905908478     
 iteration         7980 MCMCOBJ=    161.52474907866255     
 iteration         8000 MCMCOBJ=    193.81201197412054     
 iteration         8020 MCMCOBJ=    202.88267584480687     
 iteration         8040 MCMCOBJ=    177.09716508716758     
 iteration         8060 MCMCOBJ=    177.88692131688154     
 iteration         8080 MCMCOBJ=    204.81136166185607     
 iteration         8100 MCMCOBJ=    221.16952141433399     
 iteration         8120 MCMCOBJ=    249.08974951958092     
 iteration         8140 MCMCOBJ=    245.02485039207500     
 iteration         8160 MCMCOBJ=    228.37260049803791     
 iteration         8180 MCMCOBJ=    180.27649442506353     
 iteration         8200 MCMCOBJ=    120.97627186942786     
 iteration         8220 MCMCOBJ=    153.78981243309698     
 iteration         8240 MCMCOBJ=    163.94728952726510     
 iteration         8260 MCMCOBJ=    165.93059943436324     
 iteration         8280 MCMCOBJ=    135.57770270507868     
 iteration         8300 MCMCOBJ=    150.60639916702223     
 iteration         8320 MCMCOBJ=    224.40970269275095     
 iteration         8340 MCMCOBJ=    268.32731335549295     
 iteration         8360 MCMCOBJ=    262.99823308771892     
 iteration         8380 MCMCOBJ=    169.90812061041098     
 iteration         8400 MCMCOBJ=    161.40753237104326     
 iteration         8420 MCMCOBJ=    173.64244405268579     
 iteration         8440 MCMCOBJ=    191.58956158074281     
 iteration         8460 MCMCOBJ=    219.76363342901416     
 iteration         8480 MCMCOBJ=    211.81061231745142     
 iteration         8500 MCMCOBJ=    233.86736871258478     
 iteration         8520 MCMCOBJ=    175.59998734056387     
 iteration         8540 MCMCOBJ=    199.62930091291815     
 iteration         8560 MCMCOBJ=    209.86009815390588     
 iteration         8580 MCMCOBJ=    204.01093023801414     
 iteration         8600 MCMCOBJ=    119.25894539281799     
 iteration         8620 MCMCOBJ=    202.01272043859544     
 iteration         8640 MCMCOBJ=    219.90354290486286     
 iteration         8660 MCMCOBJ=    190.01506506152825     
 iteration         8680 MCMCOBJ=    170.52509671124201     
 iteration         8700 MCMCOBJ=    157.72614086958421     
 iteration         8720 MCMCOBJ=    185.02035731423840     
 iteration         8740 MCMCOBJ=    207.04242335881574     
 iteration         8760 MCMCOBJ=    255.33541761116999     
 iteration         8780 MCMCOBJ=    164.01942560661044     
 iteration         8800 MCMCOBJ=    170.08388258488347     
 iteration         8820 MCMCOBJ=    160.94100526955756     
 iteration         8840 MCMCOBJ=    203.77402237384331     
 iteration         8860 MCMCOBJ=    175.87514231220328     
 iteration         8880 MCMCOBJ=    235.86754405122988     
 iteration         8900 MCMCOBJ=    226.17075124830447     
 iteration         8920 MCMCOBJ=    238.64645203802871     
 iteration         8940 MCMCOBJ=    173.34830183970911     
 iteration         8960 MCMCOBJ=    124.20962737177783     
 iteration         8980 MCMCOBJ=    166.49461552821455     
 iteration         9000 MCMCOBJ=    167.65695177214093     
 iteration         9020 MCMCOBJ=    199.35948370255468     
 iteration         9040 MCMCOBJ=    178.14085420399857     
 iteration         9060 MCMCOBJ=    139.33281393662432     
 iteration         9080 MCMCOBJ=    167.63590173790982     
 iteration         9100 MCMCOBJ=    166.02257117664234     
 iteration         9120 MCMCOBJ=    210.47736939578743     
 iteration         9140 MCMCOBJ=    254.16211871295457     
 iteration         9160 MCMCOBJ=    172.85252936797184     
 iteration         9180 MCMCOBJ=    194.11748089733925     
 iteration         9200 MCMCOBJ=    137.68792070309607     
 iteration         9220 MCMCOBJ=    231.12562230551418     
 iteration         9240 MCMCOBJ=    237.50628138172422     
 iteration         9260 MCMCOBJ=    248.99027341983705     
 iteration         9280 MCMCOBJ=    223.41291108651271     
 iteration         9300 MCMCOBJ=    248.84202127604075     
 iteration         9320 MCMCOBJ=    253.73766961617761     
 iteration         9340 MCMCOBJ=    172.01341991256626     
 iteration         9360 MCMCOBJ=    163.51289113166811     
 iteration         9380 MCMCOBJ=    218.57877465952845     
 iteration         9400 MCMCOBJ=    194.04961162833618     
 iteration         9420 MCMCOBJ=    196.57179164162508     
 iteration         9440 MCMCOBJ=    176.10588534213963     
 iteration         9460 MCMCOBJ=    186.28992655505070     
 iteration         9480 MCMCOBJ=    210.31418674414255     
 iteration         9500 MCMCOBJ=    200.06783584226773     
 iteration         9520 MCMCOBJ=    159.05896901011079     
 iteration         9540 MCMCOBJ=    228.60387716453303     
 iteration         9560 MCMCOBJ=    124.80267815062065     
 iteration         9580 MCMCOBJ=    160.96098335289827     
 iteration         9600 MCMCOBJ=    188.99166224790264     
 iteration         9620 MCMCOBJ=    242.52097188331825     
 iteration         9640 MCMCOBJ=    219.69556267437682     
 iteration         9660 MCMCOBJ=    245.95563447567005     
 iteration         9680 MCMCOBJ=    208.32983575282481     
 iteration         9700 MCMCOBJ=    198.90006570064509     
 iteration         9720 MCMCOBJ=    123.00653179640229     
 iteration         9740 MCMCOBJ=    169.79708264445298     
 iteration         9760 MCMCOBJ=    182.53284814648626     
 iteration         9780 MCMCOBJ=    199.23409963348598     
 iteration         9800 MCMCOBJ=    180.14674290545179     
 iteration         9820 MCMCOBJ=    216.30929320755283     
 iteration         9840 MCMCOBJ=    234.89437242176982     
 iteration         9860 MCMCOBJ=    214.97317175951551     
 iteration         9880 MCMCOBJ=    123.34256343577555     
 iteration         9900 MCMCOBJ=    220.73058250566535     
 iteration         9920 MCMCOBJ=    196.50786987856125     
 iteration         9940 MCMCOBJ=    195.60036583870081     
 iteration         9960 MCMCOBJ=    165.54153773561768     
 iteration         9980 MCMCOBJ=    175.70219767321876     
 iteration        10000 MCMCOBJ=    231.28063642289933     
 BURN-IN WAS COMPLETED

 #TERM:
 STATISTICAL PORTION WAS COMPLETED
  
 TOTAL DATA POINTS NORMALLY DISTRIBUTED (N):          112
 N*LOG(2PI) CONSTANT TO OBJECTIVE FUNCTION:    205.84223143784669     
 OBJECTIVE FUNCTION VALUE WITHOUT CONSTANT:    194.03338752463480     
 OBJECTIVE FUNCTION VALUE WITH CONSTANT:       399.87561896248150     
 REPORTED OBJECTIVE FUNCTION DOES NOT CONTAIN CONSTANT
  
 TOTAL EFFECTIVE ETAS (NIND*NETA):                           112
 NIND*NETA*LOG(2PI) CONSTANT TO OBJECTIVE FUNCTION:    205.84223143784669     
 OBJECTIVE FUNCTION VALUE WITHOUT CONSTANT:    194.03338752463480     
 OBJECTIVE FUNCTION VALUE WITH CONSTANT:       399.87561896248150     
 REPORTED OBJECTIVE FUNCTION DOES NOT CONTAIN CONSTANT
  
 PRIOR CONSTANT TO OBJECTIVE FUNCTION:    30.823646298206345     
 OBJECTIVE FUNCTION VALUE WITHOUT CONSTANT:    194.03338752463480     
 OBJECTIVE FUNCTION VALUE WITH CONSTANT:       224.85703382284115     
 REPORTED OBJECTIVE FUNCTION DOES NOT CONTAIN CONSTANT
  
 #TERE:
 Elapsed estimation  time in seconds:    63.88
 Elapsed covariance  time in seconds:     0.00
1
 
 
 
 
 
 
 
 
 
 
 
 
 
 
 
 
 
 
 
 
 ************************************************************************************************************************
 ********************                                                                                ********************
 ********************                              MCMC BAYESIAN ANALYSIS                            ********************
 #OBJT:**************                       AVERAGE VALUE OF LIKELIHOOD FUNCTION                     ********************
 ********************                                                                                ********************
 ************************************************************************************************************************
 





 #OBJV:********************************************      194.033       **************************************************
 #OBJS:********************************************       30.383 (STD) **************************************************
1
 ************************************************************************************************************************
 ********************                                                                                ********************
 ********************                              MCMC BAYESIAN ANALYSIS                            ********************
 ********************                             FINAL PARAMETER ESTIMATE                           ********************
 ********************                                                                                ********************
 ************************************************************************************************************************
 


 THETA - VECTOR OF FIXED EFFECTS PARAMETERS   *********


         THETA(CL) THETA(V) 
 
         2.98E+00  4.46E+01
 


 OMEGA - COV MATRIX FOR RANDOM EFFECTS - ETAS  ********


         ETA(CL)   ETA(V)   
 
 ETA(CL)
+        1.40E-01
 
 ETA(V)
+       -1.00E-02  1.27E-01
 


 SIGMA - COV MATRIX FOR RANDOM EFFECTS - EPSILONS  ****


         EPS1     
 
 EPS1
+        4.19E-02
 
1


 OMEGA - CORR MATRIX FOR RANDOM EFFECTS - ETAS  *******


         ETA(CL)   ETA(V)   
 
 ETA(CL)
+        3.68E-01
 
 ETA(V)
+       -6.93E-02  3.42E-01
 


 SIGMA - CORR MATRIX FOR RANDOM EFFECTS - EPSILONS  ***


         EPS1     
 
 EPS1
+        2.04E-01
 
1
 ************************************************************************************************************************
 ********************                                                                                ********************
 ********************                              MCMC BAYESIAN ANALYSIS                            ********************
 ********************                STANDARD ERROR OF ESTIMATE (From Sample Variance)               ********************
 ********************                                                                                ********************
 ************************************************************************************************************************
 


 THETA - VECTOR OF FIXED EFFECTS PARAMETERS   *********


         THETA(CL) THETA(V) 
 
         2.27E-01  6.93E+00
 


 OMEGA - COV MATRIX FOR RANDOM EFFECTS - ETAS  ********


         ETA(CL)   ETA(V)   
 
 ETA(CL)
+        5.45E-02
 
 ETA(V)
+        4.29E-02  8.12E-02
 


 SIGMA - COV MATRIX FOR RANDOM EFFECTS - EPSILONS  ****


         EPS1     
 
 EPS1
+        8.93E-03
 
1


 OMEGA - CORR MATRIX FOR RANDOM EFFECTS - ETAS  *******


         ETA(CL)   ETA(V)   
 
 ETA(CL)
+        6.86E-02
 
 ETA(V)
+        3.01E-01  1.01E-01
 


 SIGMA - CORR MATRIX FOR RANDOM EFFECTS - EPSILONS  ***


         EPS1     
 
 EPS1
+        2.13E-02
 
1
 ************************************************************************************************************************
 ********************                                                                                ********************
 ********************                              MCMC BAYESIAN ANALYSIS                            ********************
 ********************               COVARIANCE MATRIX OF ESTIMATE (From Sample Variance)             ********************
 ********************                                                                                ********************
 ************************************************************************************************************************
 

            TH 1      TH 2      OM11      OM12      OM22      SG11  
 
 TH 1
+        5.14E-02
 
 TH 2
+       -4.50E-01  4.80E+01
 
 OM11
+       -3.17E-03  2.12E-01  2.97E-03
 
 OM12
+        4.03E-03  9.68E-03 -3.26E-04  1.84E-03
 
 OM22
+       -6.12E-03 -5.22E-02 -9.94E-04 -4.54E-04  6.59E-03
 
 SG11
+        9.79E-06  7.53E-03 -1.61E-05 -6.62E-06 -5.14E-05  7.98E-05
 
1
 ************************************************************************************************************************
 ********************                                                                                ********************
 ********************                              MCMC BAYESIAN ANALYSIS                            ********************
 ********************              CORRELATION MATRIX OF ESTIMATE (From Sample Variance)             ********************
 ********************                                                                                ********************
 ************************************************************************************************************************
 

            TH 1      TH 2      OM11      OM12      OM22      SG11  
 
 TH 1
+        2.27E-01
 
 TH 2
+       -2.87E-01  6.93E+00
 
 OM11
+       -2.57E-01  5.61E-01  5.45E-02
 
 OM12
+        4.14E-01  3.25E-02 -1.40E-01  4.29E-02
 
 OM22
+       -3.33E-01 -9.29E-02 -2.25E-01 -1.30E-01  8.12E-02
 
 SG11
+        4.84E-03  1.22E-01 -3.30E-02 -1.73E-02 -7.09E-02  8.93E-03
 
1
 ************************************************************************************************************************
 ********************                                                                                ********************
 ********************                              MCMC BAYESIAN ANALYSIS                            ********************
 ********************           INVERSE COVARIANCE MATRIX OF ESTIMATE (From Sample Variance)         ********************
 ********************                                                                                ********************
 ************************************************************************************************************************
 

            TH 1      TH 2      OM11      OM12      OM22      SG11  
 
 TH 1
+        3.09E+01
 
 TH 2
+        2.56E-01  3.43E-02
 
 OM11
+        1.81E+01 -2.30E+00  5.64E+02
 
 OM12
+       -5.85E+01 -1.15E+00  9.68E+01  6.94E+02
 
 OM22
+        2.93E+01  5.42E-02  9.33E+01  5.41E-01  1.94E+02
 
 SG11
+       -1.02E+01 -3.79E+00  3.96E+02  1.93E+02  1.35E+02  1.31E+04
 
 Elapsed postprocess time in seconds:     0.00
 #CPUT: Total CPU Time in Seconds,       49.609
Stop Time: 
Tue 01/03/2017 
10:31 PM
