Tue 01/03/2017 
10:25 PM
$PROB one cmpt simple mu modeled bayes multidose nids: 18 scenario: s1dpt
;; based_on: run100
$SUB ADVAN1 TRANS2
$INPUT ID TIME DV OBSNUM CMT EVID AMT RATE ADDL II 
$DATA ..\..\mdata\simple_nocovar_56id_6tp_md.csv
IGNORE=@ 
IGNORE=(OBSNUM.EQN.2)
IGNORE=(OBSNUM.EQN.4)
IGNORE=(OBSNUM.EQN.5)
IGNORE=(ID.GT.18)
$ABBR REPLACE THETA(CL, V) = THETA(1 to 2)
$ABBR REPLACE ETA(CL, V) = ETA(1 to 2)

$THETAI
THETA(1:NTHETA)=LOG(THETAI(1:NTHETA))
THETAP(1:NTHETAP)=LOG(THETAPI(1:NTHETAP))
$THETAR
THETAR(1:NTHETA)=EXP(THETA(1:NTHETA))
THETAPR(1:NTHETAP)=EXP(THETAP(1:NTHETAP))

$PRIOR NWPRI 

$PK
"USE NMBAYES_INT, ONLY: ITER_REPORT,BAYES_EXTRA_REQUEST,BAYES_EXTRA
; Request extra information for Bayesian analysis.
; An extra call will then be made for accepted samples
"BAYES_EXTRA_REQUEST=1

MU_1 = THETA(CL)
MU_2 = THETA(V)
CL = EXP(MU_1 + ETA(CL))
V = EXP(MU_2 + ETA(V))
S1 = V

"IF(BAYES_EXTRA==1 .AND. ITER_REPORT>=0 .AND. TIME==0.0) THEN
"WRITE(50,98) ITER_REPORT,ID,CL,V
"98 FORMAT(I12,1X,F14.0,4(1X,1PG12.5))
"ENDIF

$ERROR
IPRED=F
Y = IPRED*(1 + ERR(1))  

$THETA
(0.001, 2.5) ; TVCL
(0.001, 46) ; TVV

$OMEGA BLOCK(2)
0.1    ; nCL
0.1  0.1  ; nV

$SIGMA
0.03 ; PROP

; THETA PRIORS
$THETAP (2.5 FIX) (46 FIX) 

; THETA (uniformative) PRIORs
$THETAPV BLOCK(2)
10000 FIX
0.0 10000 

$OMEGAP BLOCK(2)
0.2 FIX
0 0.2

; degrees of freedom to prior omega matrix - low dof = highly uninformative
$OMEGAPD (2 FIX)

$EST METHOD=CHAIN FILE=..\run100.chn NSAMPLE=0 ISAMPLE=4 DF=20
$EST METHOD=BAYES INTER NBURN=4000 NITER=10000 PRINT=20 NOPRIOR=0 CTYPE=3 CITER=10 SEED=56664
  
NM-TRAN MESSAGES 
  
 WARNINGS AND ERRORS (IF ANY) FOR PROBLEM    1
             
 (WARNING  2) NM-TRAN INFERS THAT THE DATA ARE POPULATION.

 (MU_WARNING 20) MU_001: MU_ VARIABLE SHOULD NOT BE DEFINED AFTER VERBATIM CODE.
  
License Registered to: Devin Pastoor
Expiration Date:    14 NOV 2017
Current Date:        3 JAN 2017
Days until program expires : 311
1NONLINEAR MIXED EFFECTS MODEL PROGRAM (NONMEM) VERSION 7.4.0 alpha14 (nm74a14)
 ORIGINALLY DEVELOPED BY STUART BEAL, LEWIS SHEINER, AND ALISON BOECKMANN
 CURRENT DEVELOPERS ARE ROBERT BAUER, ICON DEVELOPMENT SOLUTIONS,
 AND ALISON BOECKMANN. IMPLEMENTATION, EFFICIENCY, AND STANDARDIZATION
 PERFORMED BY NOUS INFOSYSTEMS.

 PROBLEM NO.:         1
 one cmpt simple mu modeled bayes multidose nids: 18 scenario: s1dpt
0DATA CHECKOUT RUN:              NO
 DATA SET LOCATED ON UNIT NO.:    2
 THIS UNIT TO BE REWOUND:        NO
 NO. OF DATA RECS IN DATA SET:       72
 NO. OF DATA ITEMS IN DATA SET:  11
 ID DATA ITEM IS DATA ITEM NO.:   1
 DEP VARIABLE IS DATA ITEM NO.:   3
 MDV DATA ITEM IS DATA ITEM NO.: 11
0INDICES PASSED TO SUBROUTINE PRED:
   6   2   7   8   0  10   5   0   0   0   9
0LABELS FOR DATA ITEMS:
 ID TIME DV OBSNUM CMT EVID AMT RATE ADDL II MDV
0LABELS FOR THETAS
 THETA(1)=THETA(CL)
 THETA(2)=THETA(V)
0LABELS FOR ETAS
 ETA(1)=ETA(CL)
0LABELS FOR ETAS
 ETA(2)=ETA(V)
0FORMAT FOR DATA:
 (2E3.0,E17.0,3E2.0,2E5.0,E2.0,E3.0,1F2.0)

 TOT. NO. OF OBS RECS:       54
 TOT. NO. OF INDIVIDUALS:     18
0LENGTH OF THETA:   5
0DEFAULT THETA BOUNDARY TEST OMITTED:    NO
0OMEGA HAS BLOCK FORM:
  1
  1  1
  0  0  2
  0  0  2  2
  0  0  0  0  3
  0  0  0  0  3  3
0DEFAULT OMEGA BOUNDARY TEST OMITTED:    NO
0SIGMA HAS SIMPLE DIAGONAL FORM WITH DIMENSION:   1
0DEFAULT SIGMA BOUNDARY TEST OMITTED:    NO
0INITIAL ESTIMATE OF THETA:
 LOWER BOUND    INITIAL EST    UPPER BOUND
  0.1000E-02     0.2500E+01     0.1000E+07
  0.1000E-02     0.4600E+02     0.1000E+07
  0.2500E+01     0.2500E+01     0.2500E+01
  0.4600E+02     0.4600E+02     0.4600E+02
  0.2000E+01     0.2000E+01     0.2000E+01
0INITIAL ESTIMATE OF OMEGA:
 BLOCK SET NO.   BLOCK                                                                    FIXED
        1                                                                                   NO
 DIAGONAL SHIFT OF  1.1000E-07 WAS IMPOSED TO ENSURE POSITIVE DEFINITENESS
                  0.1000E+00
                  0.1000E+00   0.1000E+00
        2                                                                                  YES
                  0.1000E+05
                  0.0000E+00   0.1000E+05
        3                                                                                  YES
                  0.2000E+00
                  0.0000E+00   0.2000E+00
0INITIAL ESTIMATE OF SIGMA:
 0.3000E-01
0
 THETAI SUBROUTINE USER-SUPPLIED
 THETAR SUBROUTINE USER-SUPPLIED
 PRIOR SUBROUTINE USER-SUPPLIED
1DOUBLE PRECISION PREDPP VERSION 7.4.0 alpha14 (nm74a14)

 ONE COMPARTMENT MODEL (ADVAN1)
0MAXIMUM NO. OF BASIC PK PARAMETERS:   2
0BASIC PK PARAMETERS (AFTER TRANSLATION):
   ELIMINATION RATE (K) IS BASIC PK PARAMETER NO.:  1

 TRANSLATOR WILL CONVERT PARAMETERS
 CLEARANCE (CL) AND VOLUME (V) TO K (TRANS2)
0COMPARTMENT ATTRIBUTES
 COMPT. NO.   FUNCTION   INITIAL    ON/OFF      DOSE      DEFAULT    DEFAULT
                         STATUS     ALLOWED    ALLOWED    FOR DOSE   FOR OBS.
    1         CENTRAL      ON         NO         YES        YES        YES
    2         OUTPUT       OFF        YES        NO         NO         NO
1
 ADDITIONAL PK PARAMETERS - ASSIGNMENT OF ROWS IN GG
 COMPT. NO.                             INDICES
              SCALE      BIOAVAIL.   ZERO-ORDER  ZERO-ORDER  ABSORB
                         FRACTION    RATE        DURATION    LAG
    1            3           *           *           *           *
    2            *           -           -           -           -
             - PARAMETER IS NOT ALLOWED FOR THIS MODEL
             * PARAMETER IS NOT SUPPLIED BY PK SUBROUTINE;
               WILL DEFAULT TO ONE IF APPLICABLE
0DATA ITEM INDICES USED BY PRED ARE:
   EVENT ID DATA ITEM IS DATA ITEM NO.:      6
   TIME DATA ITEM IS DATA ITEM NO.:          2
   DOSE AMOUNT DATA ITEM IS DATA ITEM NO.:   7
   DOSE RATE DATA ITEM IS DATA ITEM NO.:     8
   INTERVAL DATA ITEM IS DATA ITEM NO.:     10
   ADDL. DOSES DATA ITEM IS DATA ITEM NO.:   9
   COMPT. NO. DATA ITEM IS DATA ITEM NO.:    5

0PK SUBROUTINE CALLED WITH EVERY EVENT RECORD.
 PK SUBROUTINE NOT CALLED AT NONEVENT (ADDITIONAL OR LAGGED) DOSE TIMES.
0ERROR SUBROUTINE CALLED WITH EVERY EVENT RECORD.
1


 #TBLN:      1
 #METH: Chain Method Processing

 RANDOM GENERATION TYPE (CTYPE):     0
 RANDOM GENERATION SEED (SEED):      11456
 RANDOM SAMPLE SELECTION (ISAMPLE):  4
 RANDOM SAMPLE RANGE END (ISAMPEND): -2147483647
 NUMBER OF RANDOM SAMPLES (NSAMPLE): 0
 UNIFORM FRACTIONAL RANGE (IACCEPT): 0.400000000000000
 RANDOM SELECTION TYPE (SELECT):     0
 DEG. FR. TO GENERATE OMEGAS (DF):   20
 DEG. FR. TO GENERATE SIGMAS (DFS):  -1
 CHAIN FILE (FILE):                  ..\run100.chn
 EXCL. TITLE IN CHAIN FILE (NOTITLE):NO
 EX. COL. LBS. IN CHAIN FL.(NOLABEL):NO
 FORMAT FOR CHAIN FILE (FORMAT):     S1PE12.5
 PAR. ORDER in CHAIN FILE (ORDER):   TSOL
 RANDOM SAMPLING METHOD (RANMETHOD):3U

 THE FOLLOWING LABELS ARE EQUIVALENT
 PRED=NPRED
 RES=NRES
 WRES=NWRES
 IWRS=NIWRES
 IPRD=NIPRED
 IRS=NIRES



 FROM SAMPLE 4 OF CHAIN FILE ..\run100.chn
 NEW INITIAL ESTIMATES OF THETA
  0.6050E-01
  0.1739E-02
 NEW INITIAL ESTIMATES OF OMEGA
  0.1747E+00
  0.1747E+00  0.1748E+00
 NEW INITIAL ESTIMATES OF SIGMA
  0.4110E-01
1


 #TBLN:      1
 #METH: MCMC Bayesian Analysis

 ESTIMATION STEP OMITTED:                 NO
 ANALYSIS TYPE:                           POPULATION
 NUMBER OF SADDLE POINT RESET ITERATIONS:      0
 GRADIENT METHOD USED:               NOSLOW
 CONDITIONAL ESTIMATES USED:              YES
 CENTERED ETA:                            NO
 EPS-ETA INTERACTION:                     YES
 LAPLACIAN OBJ. FUNC.:                    NO
 NO. OF FUNCT. EVALS. ALLOWED:            840
 NO. OF SIG. FIGURES REQUIRED:            3
 INTERMEDIATE PRINTOUT:                   YES
 ESTIMATE OUTPUT TO MSF:                  NO
 IND. OBJ. FUNC. VALUES SORTED:           NO
 NUMERICAL DERIVATIVE
       FILE REQUEST (NUMDER):               NONE
 MAP (ETAHAT) ESTIMATION METHOD (OPTMAP):   0
 ETA HESSIAN EVALUATION METHOD (ETADER):    0
 INITIAL ETA FOR MAP ESTIMATION (MCETA):    0
 SIGDIGITS FOR MAP ESTIMATION (SIGLO):      100
 GRADIENT SIGDIGITS OF
       FIXED EFFECTS PARAMETERS (SIGL):     100
 NOPRIOR SETTING (NOPRIOR):                 OFF
 NOCOV SETTING (NOCOV):                     OFF
 DERCONT SETTING (DERCONT):                 OFF
 FINAL ETA RE-EVALUATION (FNLETA):          ON
 EXCLUDE NON-INFLUENTIAL (NON-INFL.) ETAS
       IN SHRINKAGE (ETASTYPE):             NO
 NON-INFL. ETA CORRECTION (NONINFETA):      OFF
 RAW OUTPUT FILE (FILE): run108_nids_18_s1dpt_c4.ext
 EXCLUDE TITLE (NOTITLE):                   NO
 EXCLUDE COLUMN LABELS (NOLABEL):           NO
 FORMAT FOR ADDITIONAL FILES (FORMAT):      S1PE12.5
 PARAMETER ORDER FOR OUTPUTS (ORDER):       TSOL
 WISHART PRIOR DF INTERPRETATION (WISHTYPE):0
 KNUTHSUMOFF:                               0
 INCLUDE LNTWOPI:                           NO
 INCLUDE CONSTANT TERM TO PRIOR (PRIORC):   NO
 INCLUDE CONSTANT TERM TO OMEGA (ETA) (OLNTWOPI):NO
 EM OR BAYESIAN METHOD USED:                MCMC BAYESIAN (BAYES)
 MU MODELING PATTERN (MUM):
 GRADIENT/GIBBS PATTERN (GRD):
 AUTOMATIC SETTING FEATURE (AUTO):          OFF
 CONVERGENCE TYPE (CTYPE):                  3
 KEEP ITERATIONS (THIN):            1
 CONVERGENCE INTERVAL (CINTERVAL):          20
 CONVERGENCE ITERATIONS (CITER):            10
 CONVERGENCE ALPHA ERROR (CALPHA):          5.000000000000000E-02
 BURN-IN ITERATIONS (NBURN):                4000
 ITERATIONS (NITER):                        10000
 ANEAL SETTING (CONSTRAIN):                 1
 STARTING SEED FOR MC METHODS (SEED):       56664
 MC SAMPLES PER SUBJECT (ISAMPLE):          1
 RANDOM SAMPLING METHOD (RANMETHOD):        3U
 PROPOSAL DENSITY SCALING RANGE
              (ISCALE_MIN, ISCALE_MAX):     1.000000000000000E-06   ,1000000.00000000
 SAMPLE ACCEPTANCE RATE (IACCEPT):          0.400000000000000
 METROPOLIS HASTINGS SAMPLING FOR INDIVIDUAL ETAS:
 SAMPLES FOR GLOBAL SEARCH KERNEL (ISAMPLE_M1):          2
 SAMPLES FOR NEIGHBOR SEARCH KERNEL (ISAMPLE_M1A):       0
 SAMPLES FOR MASS/IMP/POST. MATRIX SEARCH (ISAMPLE_M1B): 2
 SAMPLES FOR LOCAL SEARCH KERNEL (ISAMPLE_M2):           2
 SAMPLES FOR LOCAL UNIVARIATE KERNEL (ISAMPLE_M3):       2
 PWR. WT. MASS/IMP/POST MATRIX ACCUM. FOR ETAS (IKAPPA): 1.00000000000000
 MASS/IMP./POST. MATRIX REFRESH SETTING (MASSREST):      -1
 METROPOLIS HASTINGS POPULATION SAMPLING FOR NON-GIBBS
 SAMPLED THETAS AND SIGMAS:
 PROPOSAL DENSITY SCALING RANGE
              (PSCALE_MIN, PSCALE_MAX):   1.000000000000000E-02   ,1000.00000000000
 SAMPLE ACCEPTANCE RATE (PACCEPT):                       0.500000000000000
 SAMPLES FOR GLOBAL SEARCH KERNEL (PSAMPLE_M1):          1
 SAMPLES FOR LOCAL SEARCH KERNEL (PSAMPLE_M2):           -1
 SAMPLES FOR LOCAL UNIVARIATE KERNEL (PSAMPLE_M3):       1
 METROPOLIS HASTINGS POPULATION SAMPLING FOR NON-GIBBS
 SAMPLED OMEGAS:
 SAMPLE ACCEPTANCE RATE (OACCEPT):                       0.500000000000000
 SAMPLES FOR GLOBAL SEARCH KERNEL (OSAMPLE_M1):          -1
 SAMPLES FOR LOCAL SEARCH KERNEL (OSAMPLE_M2):           -1
 SAMPLES FOR LOCAL UNIVARIATE SEARCH KERNEL (OSAMPLE_M3):0
 DEG. FR. FOR T DIST.  PRIOR FOR THETAS (TTDF):        0.00000000000000
 DEG. FR. FOR LKJ CORRELATION PRIOR FOR OMEGAS (OLKJDF): 0.00000000000000
 WEIGHT FACTOR FOR STD PRIOR FOR OMEGAS (OVARF): 1.00000000000000
 DEG. FR. FOR LKJ CORRELATION PRIOR FOR SIGMAS (SLKJDF): 0.00000000000000
 WEIGHT FACTOR FOR STD PRIOR FOR SIGMAS (SVARF): 1.00000000000000


 THE FOLLOWING LABELS ARE EQUIVALENT
 PRED=PREDI
 RES=RESI
 WRES=WRESI
 IWRS=IWRESI
 IPRD=IPREDI
 IRS=IRESI

 EM/BAYES SETUP:
 THETAS THAT ARE MU MODELED:
   1   2
 THETAS THAT ARE GIBBS SAMPLED:
   1   2
 THETAS THAT ARE METROPOLIS-HASTINGS SAMPLED:
 
 SIGMAS THAT ARE GIBBS SAMPLED:
   1
 SIGMAS THAT ARE METROPOLIS-HASTINGS SAMPLED:
 
 OMEGAS ARE GIBBS SAMPLED

 MONITORING OF SEARCH:

 Burn-in Mode
 iteration        -4000 MCMCOBJ=    345234539.64809096     
 iteration        -3980 MCMCOBJ=    310.13936695259650     
 iteration        -3960 MCMCOBJ=    251.39615496216771     
 iteration        -3940 MCMCOBJ=    129.24356925827314     
 iteration        -3920 MCMCOBJ=    124.60707970696093     
 iteration        -3900 MCMCOBJ=    140.38574782167964     
 iteration        -3880 MCMCOBJ=    145.96501734235844     
 iteration        -3860 MCMCOBJ=    116.72996624007675     
 iteration        -3840 MCMCOBJ=    118.59393880902650     
 iteration        -3820 MCMCOBJ=    120.63216177179193     
 iteration        -3800 MCMCOBJ=    131.65493597620306     
 iteration        -3780 MCMCOBJ=    143.72273344953726     
 Convergence achieved
 Sampling Mode
 iteration            0 MCMCOBJ=    143.44630103333526     
 iteration           20 MCMCOBJ=    133.34608298050637     
 iteration           40 MCMCOBJ=    139.36525318570423     
 iteration           60 MCMCOBJ=    118.47695580698363     
 iteration           80 MCMCOBJ=    108.54816873029162     
 iteration          100 MCMCOBJ=    139.11376339152548     
 iteration          120 MCMCOBJ=    134.62638141332044     
 iteration          140 MCMCOBJ=    123.00192185240793     
 iteration          160 MCMCOBJ=    125.19423420031929     
 iteration          180 MCMCOBJ=    121.07509009606218     
 iteration          200 MCMCOBJ=    122.19713247772174     
 iteration          220 MCMCOBJ=    133.18098233515190     
 iteration          240 MCMCOBJ=    129.00868655298291     
 iteration          260 MCMCOBJ=    124.87640653550221     
 iteration          280 MCMCOBJ=    123.05708907949311     
 iteration          300 MCMCOBJ=    121.56414272975398     
 iteration          320 MCMCOBJ=    147.15978656181434     
 iteration          340 MCMCOBJ=    121.71379965260708     
 iteration          360 MCMCOBJ=    127.44736774586994     
 iteration          380 MCMCOBJ=    141.02128745317412     
 iteration          400 MCMCOBJ=    123.05683916033972     
 iteration          420 MCMCOBJ=    102.13786590475581     
 iteration          440 MCMCOBJ=    141.77219452109688     
 iteration          460 MCMCOBJ=    120.79349301619717     
 iteration          480 MCMCOBJ=    126.89462713438100     
 iteration          500 MCMCOBJ=    164.30288069002302     
 iteration          520 MCMCOBJ=    118.10860117729543     
 iteration          540 MCMCOBJ=    145.18938894025487     
 iteration          560 MCMCOBJ=    119.48538628097704     
 iteration          580 MCMCOBJ=    151.14984285707328     
 iteration          600 MCMCOBJ=    124.03628288315186     
 iteration          620 MCMCOBJ=    121.21550184423994     
 iteration          640 MCMCOBJ=    139.18313133220383     
 iteration          660 MCMCOBJ=    107.77261492720362     
 iteration          680 MCMCOBJ=    150.15620930231475     
 iteration          700 MCMCOBJ=    171.71598026942516     
 iteration          720 MCMCOBJ=    131.20894584340650     
 iteration          740 MCMCOBJ=    119.98672807221106     
 iteration          760 MCMCOBJ=    120.81692240289185     
 iteration          780 MCMCOBJ=    102.31281329111918     
 iteration          800 MCMCOBJ=    114.04605652314393     
 iteration          820 MCMCOBJ=    152.62198599352263     
 iteration          840 MCMCOBJ=    134.45264673190351     
 iteration          860 MCMCOBJ=    114.14841883553915     
 iteration          880 MCMCOBJ=    129.72548088075328     
 iteration          900 MCMCOBJ=    159.06810759703740     
 iteration          920 MCMCOBJ=    136.29908324316912     
 iteration          940 MCMCOBJ=    118.94019929430165     
 iteration          960 MCMCOBJ=    135.15490752775071     
 iteration          980 MCMCOBJ=    144.58438519475629     
 iteration         1000 MCMCOBJ=    110.34884435647322     
 iteration         1020 MCMCOBJ=    131.52417059017287     
 iteration         1040 MCMCOBJ=    123.38785771767498     
 iteration         1060 MCMCOBJ=    139.39679674441450     
 iteration         1080 MCMCOBJ=    115.61086687261877     
 iteration         1100 MCMCOBJ=    125.61090670180792     
 iteration         1120 MCMCOBJ=    114.63741914188077     
 iteration         1140 MCMCOBJ=    129.07073769730184     
 iteration         1160 MCMCOBJ=    135.64762517098865     
 iteration         1180 MCMCOBJ=    123.94170193923587     
 iteration         1200 MCMCOBJ=    144.36629593899733     
 iteration         1220 MCMCOBJ=    135.92146300762047     
 iteration         1240 MCMCOBJ=    157.06814952819863     
 iteration         1260 MCMCOBJ=    115.97373584239355     
 iteration         1280 MCMCOBJ=    134.25234809216980     
 iteration         1300 MCMCOBJ=    125.09850025998112     
 iteration         1320 MCMCOBJ=    132.71625259527818     
 iteration         1340 MCMCOBJ=    122.67961244829516     
 iteration         1360 MCMCOBJ=    116.64506300403370     
 iteration         1380 MCMCOBJ=    128.60171057839327     
 iteration         1400 MCMCOBJ=    128.24976932951751     
 iteration         1420 MCMCOBJ=    109.05864047710419     
 iteration         1440 MCMCOBJ=    124.29672845941128     
 iteration         1460 MCMCOBJ=    128.50394365519665     
 iteration         1480 MCMCOBJ=    116.29999753761187     
 iteration         1500 MCMCOBJ=    113.26221137125174     
 iteration         1520 MCMCOBJ=    138.54816180319187     
 iteration         1540 MCMCOBJ=    134.12747926398163     
 iteration         1560 MCMCOBJ=    136.86620398025406     
 iteration         1580 MCMCOBJ=    108.95432709447603     
 iteration         1600 MCMCOBJ=    135.14186721361065     
 iteration         1620 MCMCOBJ=    129.54510678769114     
 iteration         1640 MCMCOBJ=    136.48069334760439     
 iteration         1660 MCMCOBJ=    126.81103696516027     
 iteration         1680 MCMCOBJ=    140.85549287306131     
 iteration         1700 MCMCOBJ=    128.09161389997431     
 iteration         1720 MCMCOBJ=    170.17690819172731     
 iteration         1740 MCMCOBJ=    116.11908295760817     
 iteration         1760 MCMCOBJ=    132.13801415894312     
 iteration         1780 MCMCOBJ=    149.17656900891450     
 iteration         1800 MCMCOBJ=    142.80574349159315     
 iteration         1820 MCMCOBJ=    135.01210643811967     
 iteration         1840 MCMCOBJ=    113.03136151806683     
 iteration         1860 MCMCOBJ=    119.10814765786390     
 iteration         1880 MCMCOBJ=    122.50610184811501     
 iteration         1900 MCMCOBJ=    156.43870782766797     
 iteration         1920 MCMCOBJ=    119.07548497131651     
 iteration         1940 MCMCOBJ=    121.00740035614643     
 iteration         1960 MCMCOBJ=    128.28144373660734     
 iteration         1980 MCMCOBJ=    118.80372468092496     
 iteration         2000 MCMCOBJ=    126.81588463524616     
 iteration         2020 MCMCOBJ=    152.40923359542217     
 iteration         2040 MCMCOBJ=    128.17761939248939     
 iteration         2060 MCMCOBJ=    147.47064324333144     
 iteration         2080 MCMCOBJ=    116.25814028331547     
 iteration         2100 MCMCOBJ=    116.87570887379066     
 iteration         2120 MCMCOBJ=    132.33376563193517     
 iteration         2140 MCMCOBJ=    113.54540567171976     
 iteration         2160 MCMCOBJ=    124.70164722016945     
 iteration         2180 MCMCOBJ=    125.99564857691115     
 iteration         2200 MCMCOBJ=    130.31880333312918     
 iteration         2220 MCMCOBJ=    116.99805731821824     
 iteration         2240 MCMCOBJ=    152.53123787644137     
 iteration         2260 MCMCOBJ=    115.79418274983703     
 iteration         2280 MCMCOBJ=    133.58566461297383     
 iteration         2300 MCMCOBJ=    125.21168559757672     
 iteration         2320 MCMCOBJ=    120.77711160108038     
 iteration         2340 MCMCOBJ=    114.63128760762446     
 iteration         2360 MCMCOBJ=    117.38549363501286     
 iteration         2380 MCMCOBJ=    146.84142989090282     
 iteration         2400 MCMCOBJ=    144.47324198359081     
 iteration         2420 MCMCOBJ=    131.56829426617759     
 iteration         2440 MCMCOBJ=    139.54080245990011     
 iteration         2460 MCMCOBJ=    116.87506328657096     
 iteration         2480 MCMCOBJ=    133.35819781628820     
 iteration         2500 MCMCOBJ=    119.52677392899882     
 iteration         2520 MCMCOBJ=    123.59096094609768     
 iteration         2540 MCMCOBJ=    117.86096523153834     
 iteration         2560 MCMCOBJ=    125.92704537839454     
 iteration         2580 MCMCOBJ=    116.38404008992312     
 iteration         2600 MCMCOBJ=    137.21945529507923     
 iteration         2620 MCMCOBJ=    121.26651740642033     
 iteration         2640 MCMCOBJ=    118.13966371256511     
 iteration         2660 MCMCOBJ=    103.19095225197375     
 iteration         2680 MCMCOBJ=    142.69284648587322     
 iteration         2700 MCMCOBJ=    122.08232842428700     
 iteration         2720 MCMCOBJ=    134.77778427481240     
 iteration         2740 MCMCOBJ=    111.84550352002805     
 iteration         2760 MCMCOBJ=    132.73225832407073     
 iteration         2780 MCMCOBJ=    121.58876380453809     
 iteration         2800 MCMCOBJ=    119.25394331488620     
 iteration         2820 MCMCOBJ=    123.68825036345966     
 iteration         2840 MCMCOBJ=    103.87034237503205     
 iteration         2860 MCMCOBJ=    145.15347567072601     
 iteration         2880 MCMCOBJ=    115.10841577988275     
 iteration         2900 MCMCOBJ=    140.04929165439103     
 iteration         2920 MCMCOBJ=    121.24494761941544     
 iteration         2940 MCMCOBJ=    113.17698080121920     
 iteration         2960 MCMCOBJ=    131.41639873389775     
 iteration         2980 MCMCOBJ=    113.04908123706268     
 iteration         3000 MCMCOBJ=    122.70690666441621     
 iteration         3020 MCMCOBJ=    127.49520013334316     
 iteration         3040 MCMCOBJ=    112.74626126413993     
 iteration         3060 MCMCOBJ=    136.82282287462570     
 iteration         3080 MCMCOBJ=    124.79082162807325     
 iteration         3100 MCMCOBJ=    130.25754801863289     
 iteration         3120 MCMCOBJ=    141.14912305009028     
 iteration         3140 MCMCOBJ=    117.57197493719491     
 iteration         3160 MCMCOBJ=    119.24958673008858     
 iteration         3180 MCMCOBJ=    119.41370068338418     
 iteration         3200 MCMCOBJ=    112.93664617618317     
 iteration         3220 MCMCOBJ=    144.58685311095826     
 iteration         3240 MCMCOBJ=    133.08170180478120     
 iteration         3260 MCMCOBJ=    132.12556772053355     
 iteration         3280 MCMCOBJ=    130.87534484992491     
 iteration         3300 MCMCOBJ=    124.79175635769599     
 iteration         3320 MCMCOBJ=    112.65867334027568     
 iteration         3340 MCMCOBJ=    143.14206555849532     
 iteration         3360 MCMCOBJ=    114.09868052068154     
 iteration         3380 MCMCOBJ=    145.34729839345545     
 iteration         3400 MCMCOBJ=    121.07399753441523     
 iteration         3420 MCMCOBJ=    120.05536064897566     
 iteration         3440 MCMCOBJ=    129.08681749219139     
 iteration         3460 MCMCOBJ=    131.54492173561906     
 iteration         3480 MCMCOBJ=    121.04286496139618     
 iteration         3500 MCMCOBJ=    138.94153814313833     
 iteration         3520 MCMCOBJ=    118.43294567017310     
 iteration         3540 MCMCOBJ=    119.39326864568845     
 iteration         3560 MCMCOBJ=    137.27286218729600     
 iteration         3580 MCMCOBJ=    126.20891220205552     
 iteration         3600 MCMCOBJ=    127.45120674005003     
 iteration         3620 MCMCOBJ=    118.54280852881818     
 iteration         3640 MCMCOBJ=    126.60983093124314     
 iteration         3660 MCMCOBJ=    141.22785831112407     
 iteration         3680 MCMCOBJ=    123.49752566041218     
 iteration         3700 MCMCOBJ=    128.66949046443415     
 iteration         3720 MCMCOBJ=    122.56322454037067     
 iteration         3740 MCMCOBJ=    118.95112687048199     
 iteration         3760 MCMCOBJ=    137.13695422887258     
 iteration         3780 MCMCOBJ=    115.68441001298039     
 iteration         3800 MCMCOBJ=    143.77493196891950     
 iteration         3820 MCMCOBJ=    129.08798028483079     
 iteration         3840 MCMCOBJ=    129.24809022024709     
 iteration         3860 MCMCOBJ=    116.01557128778509     
 iteration         3880 MCMCOBJ=    132.49921373148518     
 iteration         3900 MCMCOBJ=    125.68448750863381     
 iteration         3920 MCMCOBJ=    121.83465776389491     
 iteration         3940 MCMCOBJ=    122.73475470009612     
 iteration         3960 MCMCOBJ=    133.61670359451401     
 iteration         3980 MCMCOBJ=    116.32050081247243     
 iteration         4000 MCMCOBJ=    131.39396629715665     
 iteration         4020 MCMCOBJ=    132.30400146860180     
 iteration         4040 MCMCOBJ=    132.06857200521901     
 iteration         4060 MCMCOBJ=    123.17194901366776     
 iteration         4080 MCMCOBJ=    126.32267077102996     
 iteration         4100 MCMCOBJ=    132.25777432229108     
 iteration         4120 MCMCOBJ=    128.37707882448242     
 iteration         4140 MCMCOBJ=    121.53722625869307     
 iteration         4160 MCMCOBJ=    130.88275016193887     
 iteration         4180 MCMCOBJ=    134.41533424007622     
 iteration         4200 MCMCOBJ=    107.45445949950562     
 iteration         4220 MCMCOBJ=    121.04926106494381     
 iteration         4240 MCMCOBJ=    119.91941357412384     
 iteration         4260 MCMCOBJ=    121.30744101403434     
 iteration         4280 MCMCOBJ=    108.40014318605495     
 iteration         4300 MCMCOBJ=    135.80318892262460     
 iteration         4320 MCMCOBJ=    133.75553933697938     
 iteration         4340 MCMCOBJ=    152.42325342992325     
 iteration         4360 MCMCOBJ=    101.53704821965752     
 iteration         4380 MCMCOBJ=    136.84745557273689     
 iteration         4400 MCMCOBJ=    152.78844971168735     
 iteration         4420 MCMCOBJ=    127.32144271878160     
 iteration         4440 MCMCOBJ=    125.47032292445803     
 iteration         4460 MCMCOBJ=    113.29496857193575     
 iteration         4480 MCMCOBJ=    132.79616440285426     
 iteration         4500 MCMCOBJ=    114.44076708588224     
 iteration         4520 MCMCOBJ=    141.15632786374829     
 iteration         4540 MCMCOBJ=    123.00880483744325     
 iteration         4560 MCMCOBJ=    125.80485706479814     
 iteration         4580 MCMCOBJ=    123.92077169907934     
 iteration         4600 MCMCOBJ=    138.24748729210836     
 iteration         4620 MCMCOBJ=    140.39539984833741     
 iteration         4640 MCMCOBJ=    131.01807345203417     
 iteration         4660 MCMCOBJ=    116.75842266877876     
 iteration         4680 MCMCOBJ=    113.68629570180012     
 iteration         4700 MCMCOBJ=    129.38936452066298     
 iteration         4720 MCMCOBJ=    130.32944789220051     
 iteration         4740 MCMCOBJ=    112.91905474833388     
 iteration         4760 MCMCOBJ=    109.12083031642150     
 iteration         4780 MCMCOBJ=    123.27306710776453     
 iteration         4800 MCMCOBJ=    150.77894319387124     
 iteration         4820 MCMCOBJ=    104.32016496377092     
 iteration         4840 MCMCOBJ=    132.10732217896199     
 iteration         4860 MCMCOBJ=    137.43634204228564     
 iteration         4880 MCMCOBJ=    151.68977738358191     
 iteration         4900 MCMCOBJ=    116.51983116042958     
 iteration         4920 MCMCOBJ=    139.53242056078017     
 iteration         4940 MCMCOBJ=    116.15942777732721     
 iteration         4960 MCMCOBJ=    131.89582127538321     
 iteration         4980 MCMCOBJ=    116.58271002356894     
 iteration         5000 MCMCOBJ=    125.50293089692985     
 iteration         5020 MCMCOBJ=    125.55557601122020     
 iteration         5040 MCMCOBJ=    109.81731687115057     
 iteration         5060 MCMCOBJ=    124.25231211210478     
 iteration         5080 MCMCOBJ=    130.30495923260261     
 iteration         5100 MCMCOBJ=    147.64715705812031     
 iteration         5120 MCMCOBJ=    124.55837413456996     
 iteration         5140 MCMCOBJ=    120.08667123269771     
 iteration         5160 MCMCOBJ=    146.81645616324846     
 iteration         5180 MCMCOBJ=    163.47365673595439     
 iteration         5200 MCMCOBJ=    129.96419786584821     
 iteration         5220 MCMCOBJ=    117.59321439411694     
 iteration         5240 MCMCOBJ=    118.76789158207468     
 iteration         5260 MCMCOBJ=    125.53121524441667     
 iteration         5280 MCMCOBJ=    123.99494304447032     
 iteration         5300 MCMCOBJ=    124.95385319650516     
 iteration         5320 MCMCOBJ=    134.60465775907349     
 iteration         5340 MCMCOBJ=    136.23350302906553     
 iteration         5360 MCMCOBJ=    160.83819749564339     
 iteration         5380 MCMCOBJ=    108.26794508279107     
 iteration         5400 MCMCOBJ=    145.70857356949784     
 iteration         5420 MCMCOBJ=    136.56153831500552     
 iteration         5440 MCMCOBJ=    136.17048692257507     
 iteration         5460 MCMCOBJ=    112.34199798247782     
 iteration         5480 MCMCOBJ=    144.25014395531508     
 iteration         5500 MCMCOBJ=    120.99087823069810     
 iteration         5520 MCMCOBJ=    139.73765688654277     
 iteration         5540 MCMCOBJ=    139.78451796009034     
 iteration         5560 MCMCOBJ=    122.54764098364572     
 iteration         5580 MCMCOBJ=    124.36885699559653     
 iteration         5600 MCMCOBJ=    130.02647347306532     
 iteration         5620 MCMCOBJ=    137.82660276689364     
 iteration         5640 MCMCOBJ=    126.13282023596794     
 iteration         5660 MCMCOBJ=    152.19608909777929     
 iteration         5680 MCMCOBJ=    141.48490963128523     
 iteration         5700 MCMCOBJ=    119.46810491824890     
 iteration         5720 MCMCOBJ=    144.51956739559387     
 iteration         5740 MCMCOBJ=    133.39700372830376     
 iteration         5760 MCMCOBJ=    116.94798973855799     
 iteration         5780 MCMCOBJ=    126.59488520194240     
 iteration         5800 MCMCOBJ=    120.29540484662458     
 iteration         5820 MCMCOBJ=    148.12900200601518     
 iteration         5840 MCMCOBJ=    120.93246563452227     
 iteration         5860 MCMCOBJ=    129.13653821773596     
 iteration         5880 MCMCOBJ=    123.07372348653233     
 iteration         5900 MCMCOBJ=    133.30512715220380     
 iteration         5920 MCMCOBJ=    128.90263061210820     
 iteration         5940 MCMCOBJ=    155.40202906592691     
 iteration         5960 MCMCOBJ=    142.04893815383451     
 iteration         5980 MCMCOBJ=    123.67160817288818     
 iteration         6000 MCMCOBJ=    122.96977025761566     
 iteration         6020 MCMCOBJ=    116.41026726585449     
 iteration         6040 MCMCOBJ=    140.46458916037253     
 iteration         6060 MCMCOBJ=    106.56716915776748     
 iteration         6080 MCMCOBJ=    119.43109947068315     
 iteration         6100 MCMCOBJ=    152.14002096514099     
 iteration         6120 MCMCOBJ=    107.71438534310369     
 iteration         6140 MCMCOBJ=    122.16953564752129     
 iteration         6160 MCMCOBJ=    124.74581591395983     
 iteration         6180 MCMCOBJ=    171.05293032229085     
 iteration         6200 MCMCOBJ=    114.75224636968665     
 iteration         6220 MCMCOBJ=    124.91041084000982     
 iteration         6240 MCMCOBJ=    116.99944228774288     
 iteration         6260 MCMCOBJ=    137.57060819393215     
 iteration         6280 MCMCOBJ=    129.63060338808290     
 iteration         6300 MCMCOBJ=    133.05763099547593     
 iteration         6320 MCMCOBJ=    129.11104735777039     
 iteration         6340 MCMCOBJ=    124.21981084780208     
 iteration         6360 MCMCOBJ=    109.75688575126168     
 iteration         6380 MCMCOBJ=    132.45832157604184     
 iteration         6400 MCMCOBJ=    126.06304172374726     
 iteration         6420 MCMCOBJ=    149.10359971628606     
 iteration         6440 MCMCOBJ=    150.54045208880197     
 iteration         6460 MCMCOBJ=    143.74088676325394     
 iteration         6480 MCMCOBJ=    104.18494591227916     
 iteration         6500 MCMCOBJ=    137.03930701943116     
 iteration         6520 MCMCOBJ=    116.46736171112234     
 iteration         6540 MCMCOBJ=    121.22589578155801     
 iteration         6560 MCMCOBJ=    132.75931719345874     
 iteration         6580 MCMCOBJ=    136.05016637508419     
 iteration         6600 MCMCOBJ=    123.59527665097269     
 iteration         6620 MCMCOBJ=    128.64601607918610     
 iteration         6640 MCMCOBJ=    119.68599218579341     
 iteration         6660 MCMCOBJ=    119.70243347121151     
 iteration         6680 MCMCOBJ=    141.26424197153733     
 iteration         6700 MCMCOBJ=    118.23493287361454     
 iteration         6720 MCMCOBJ=    118.97479950197817     
 iteration         6740 MCMCOBJ=    131.73448279697905     
 iteration         6760 MCMCOBJ=    124.46968958615555     
 iteration         6780 MCMCOBJ=    133.02034486506821     
 iteration         6800 MCMCOBJ=    129.05701407336130     
 iteration         6820 MCMCOBJ=    144.39345835305267     
 iteration         6840 MCMCOBJ=    104.90534399220255     
 iteration         6860 MCMCOBJ=    138.24198212819593     
 iteration         6880 MCMCOBJ=    116.70718996104453     
 iteration         6900 MCMCOBJ=    119.87239973619660     
 iteration         6920 MCMCOBJ=    129.94593255589635     
 iteration         6940 MCMCOBJ=    112.64680429566283     
 iteration         6960 MCMCOBJ=    132.51570315557109     
 iteration         6980 MCMCOBJ=    117.28824264507124     
 iteration         7000 MCMCOBJ=    152.30330897554214     
 iteration         7020 MCMCOBJ=    142.13068489741258     
 iteration         7040 MCMCOBJ=    163.51983213662058     
 iteration         7060 MCMCOBJ=    142.73694790609289     
 iteration         7080 MCMCOBJ=    121.95611709682191     
 iteration         7100 MCMCOBJ=    133.47377499785202     
 iteration         7120 MCMCOBJ=    135.65882375631190     
 iteration         7140 MCMCOBJ=    129.30519203006000     
 iteration         7160 MCMCOBJ=    128.88153144846368     
 iteration         7180 MCMCOBJ=    123.74323877268685     
 iteration         7200 MCMCOBJ=    146.17150237563573     
 iteration         7220 MCMCOBJ=    128.23645760480531     
 iteration         7240 MCMCOBJ=    124.54663710688065     
 iteration         7260 MCMCOBJ=    119.97871273725275     
 iteration         7280 MCMCOBJ=    121.60470291210660     
 iteration         7300 MCMCOBJ=    132.89763982090264     
 iteration         7320 MCMCOBJ=    113.64115566123418     
 iteration         7340 MCMCOBJ=    130.78173626708849     
 iteration         7360 MCMCOBJ=    127.17693570614259     
 iteration         7380 MCMCOBJ=    134.24178286015024     
 iteration         7400 MCMCOBJ=    121.67972734408025     
 iteration         7420 MCMCOBJ=    145.47542622710776     
 iteration         7440 MCMCOBJ=    115.26381997360237     
 iteration         7460 MCMCOBJ=    160.73553208170958     
 iteration         7480 MCMCOBJ=    132.23775629678175     
 iteration         7500 MCMCOBJ=    135.96890977150323     
 iteration         7520 MCMCOBJ=    146.44488190149150     
 iteration         7540 MCMCOBJ=    132.32084760783547     
 iteration         7560 MCMCOBJ=    131.94880413950426     
 iteration         7580 MCMCOBJ=    118.22357728683410     
 iteration         7600 MCMCOBJ=    122.20468956219104     
 iteration         7620 MCMCOBJ=    127.64146964099609     
 iteration         7640 MCMCOBJ=    125.87780705642615     
 iteration         7660 MCMCOBJ=    113.27041222444464     
 iteration         7680 MCMCOBJ=    123.31618267482398     
 iteration         7700 MCMCOBJ=    117.97168548150545     
 iteration         7720 MCMCOBJ=    147.92541499671754     
 iteration         7740 MCMCOBJ=    135.46108550086248     
 iteration         7760 MCMCOBJ=    115.56151733010468     
 iteration         7780 MCMCOBJ=    118.03124927191519     
 iteration         7800 MCMCOBJ=    129.42671163129265     
 iteration         7820 MCMCOBJ=    133.21756576125503     
 iteration         7840 MCMCOBJ=    120.79926132987372     
 iteration         7860 MCMCOBJ=    131.93413214985276     
 iteration         7880 MCMCOBJ=    140.32504415655410     
 iteration         7900 MCMCOBJ=    128.70620024651453     
 iteration         7920 MCMCOBJ=    137.52529691511765     
 iteration         7940 MCMCOBJ=    135.62163652735833     
 iteration         7960 MCMCOBJ=    137.94404404261340     
 iteration         7980 MCMCOBJ=    141.21954736577661     
 iteration         8000 MCMCOBJ=    139.29865677543395     
 iteration         8020 MCMCOBJ=    133.39858603950441     
 iteration         8040 MCMCOBJ=    108.71930906844705     
 iteration         8060 MCMCOBJ=    155.99846786728563     
 iteration         8080 MCMCOBJ=    117.47777558721992     
 iteration         8100 MCMCOBJ=    129.77105904562228     
 iteration         8120 MCMCOBJ=    145.86549880983907     
 iteration         8140 MCMCOBJ=    136.31445577913095     
 iteration         8160 MCMCOBJ=    113.98945500808836     
 iteration         8180 MCMCOBJ=    135.52559056757045     
 iteration         8200 MCMCOBJ=    130.05288704229872     
 iteration         8220 MCMCOBJ=    107.42225889576061     
 iteration         8240 MCMCOBJ=    135.51183336682382     
 iteration         8260 MCMCOBJ=    166.01953536935065     
 iteration         8280 MCMCOBJ=    133.49859008656375     
 iteration         8300 MCMCOBJ=    117.55040927739773     
 iteration         8320 MCMCOBJ=    143.79180568653135     
 iteration         8340 MCMCOBJ=    117.64992311901902     
 iteration         8360 MCMCOBJ=    117.84417261961238     
 iteration         8380 MCMCOBJ=    149.34024710373990     
 iteration         8400 MCMCOBJ=    117.14356663719393     
 iteration         8420 MCMCOBJ=    118.45590586333593     
 iteration         8440 MCMCOBJ=    131.33059869256857     
 iteration         8460 MCMCOBJ=    129.46229938306871     
 iteration         8480 MCMCOBJ=    137.50263833620016     
 iteration         8500 MCMCOBJ=    144.19150525638042     
 iteration         8520 MCMCOBJ=    110.44309238308792     
 iteration         8540 MCMCOBJ=    126.38425888973630     
 iteration         8560 MCMCOBJ=    131.88595371998815     
 iteration         8580 MCMCOBJ=    135.37773593282313     
 iteration         8600 MCMCOBJ=    119.85372539417560     
 iteration         8620 MCMCOBJ=    120.71677032984472     
 iteration         8640 MCMCOBJ=    123.92388656733253     
 iteration         8660 MCMCOBJ=    119.01988466389616     
 iteration         8680 MCMCOBJ=    124.66735173783705     
 iteration         8700 MCMCOBJ=    138.39084198639449     
 iteration         8720 MCMCOBJ=    135.46377792649386     
 iteration         8740 MCMCOBJ=    144.85297710755202     
 iteration         8760 MCMCOBJ=    120.63386930319427     
 iteration         8780 MCMCOBJ=    125.16195592040728     
 iteration         8800 MCMCOBJ=    117.56795148693860     
 iteration         8820 MCMCOBJ=    126.33558270318618     
 iteration         8840 MCMCOBJ=    122.19569327311113     
 iteration         8860 MCMCOBJ=    126.84340182441947     
 iteration         8880 MCMCOBJ=    137.01275444469636     
 iteration         8900 MCMCOBJ=    144.61342942999022     
 iteration         8920 MCMCOBJ=    134.10172227298179     
 iteration         8940 MCMCOBJ=    127.06466697465495     
 iteration         8960 MCMCOBJ=    117.49102451095750     
 iteration         8980 MCMCOBJ=    118.80679697739539     
 iteration         9000 MCMCOBJ=    133.06890435544295     
 iteration         9020 MCMCOBJ=    150.32038067316844     
 iteration         9040 MCMCOBJ=    115.87026376653672     
 iteration         9060 MCMCOBJ=    136.24922876878927     
 iteration         9080 MCMCOBJ=    126.43459769522106     
 iteration         9100 MCMCOBJ=    124.86278528313458     
 iteration         9120 MCMCOBJ=    134.62895670335993     
 iteration         9140 MCMCOBJ=    137.59588886417032     
 iteration         9160 MCMCOBJ=    136.29147618587163     
 iteration         9180 MCMCOBJ=    160.99893325732072     
 iteration         9200 MCMCOBJ=    111.25024073850769     
 iteration         9220 MCMCOBJ=    131.05960243564456     
 iteration         9240 MCMCOBJ=    136.32148620218530     
 iteration         9260 MCMCOBJ=    120.89354472974875     
 iteration         9280 MCMCOBJ=    148.64032313904914     
 iteration         9300 MCMCOBJ=    153.01684518177899     
 iteration         9320 MCMCOBJ=    114.76832010193851     
 iteration         9340 MCMCOBJ=    134.23259762989767     
 iteration         9360 MCMCOBJ=    138.44675631633692     
 iteration         9380 MCMCOBJ=    123.78329849113109     
 iteration         9400 MCMCOBJ=    118.36257474826871     
 iteration         9420 MCMCOBJ=    133.43294204463615     
 iteration         9440 MCMCOBJ=    123.77285316305675     
 iteration         9460 MCMCOBJ=    135.78199263076777     
 iteration         9480 MCMCOBJ=    155.99447253059986     
 iteration         9500 MCMCOBJ=    111.87579442972655     
 iteration         9520 MCMCOBJ=    110.40374449980366     
 iteration         9540 MCMCOBJ=    130.08811427385734     
 iteration         9560 MCMCOBJ=    116.89535863437699     
 iteration         9580 MCMCOBJ=    126.21859096769238     
 iteration         9600 MCMCOBJ=    142.29612514690808     
 iteration         9620 MCMCOBJ=    161.28152675587157     
 iteration         9640 MCMCOBJ=    122.79940670115626     
 iteration         9660 MCMCOBJ=    133.85784659060963     
 iteration         9680 MCMCOBJ=    126.84212720877082     
 iteration         9700 MCMCOBJ=    114.44612670203355     
 iteration         9720 MCMCOBJ=    116.36332490687066     
 iteration         9740 MCMCOBJ=    109.26572608657186     
 iteration         9760 MCMCOBJ=    121.49342612559143     
 iteration         9780 MCMCOBJ=    118.06083074735844     
 iteration         9800 MCMCOBJ=    118.85507844360397     
 iteration         9820 MCMCOBJ=    122.44361593138315     
 iteration         9840 MCMCOBJ=    128.61685057090364     
 iteration         9860 MCMCOBJ=    118.65511679905273     
 iteration         9880 MCMCOBJ=    122.99015441490945     
 iteration         9900 MCMCOBJ=    113.01907234947220     
 iteration         9920 MCMCOBJ=    123.01152488887494     
 iteration         9940 MCMCOBJ=    128.51821237249760     
 iteration         9960 MCMCOBJ=    161.80935395437842     
 iteration         9980 MCMCOBJ=    121.98933839528810     
 iteration        10000 MCMCOBJ=    127.33389179436531     
 BURN-IN WAS COMPLETED

 #TERM:
 STATISTICAL PORTION WAS COMPLETED
  
 TOTAL DATA POINTS NORMALLY DISTRIBUTED (N):           54
 N*LOG(2PI) CONSTANT TO OBJECTIVE FUNCTION:    99.245361586104650     
 OBJECTIVE FUNCTION VALUE WITHOUT CONSTANT:    128.45179296344517     
 OBJECTIVE FUNCTION VALUE WITH CONSTANT:       227.69715454954982     
 REPORTED OBJECTIVE FUNCTION DOES NOT CONTAIN CONSTANT
  
 TOTAL EFFECTIVE ETAS (NIND*NETA):                            36
 NIND*NETA*LOG(2PI) CONSTANT TO OBJECTIVE FUNCTION:    66.163574390736429     
 OBJECTIVE FUNCTION VALUE WITHOUT CONSTANT:    128.45179296344517     
 OBJECTIVE FUNCTION VALUE WITH CONSTANT:       194.61536735418161     
 REPORTED OBJECTIVE FUNCTION DOES NOT CONTAIN CONSTANT
  
 PRIOR CONSTANT TO OBJECTIVE FUNCTION:    30.823646298206345     
 OBJECTIVE FUNCTION VALUE WITHOUT CONSTANT:    128.45179296344517     
 OBJECTIVE FUNCTION VALUE WITH CONSTANT:       159.27543926165151     
 REPORTED OBJECTIVE FUNCTION DOES NOT CONTAIN CONSTANT
  
 #TERE:
 Elapsed estimation  time in seconds:    25.78
 Elapsed covariance  time in seconds:     0.00
1
 
 
 
 
 
 
 
 
 
 
 
 
 
 
 
 
 
 
 
 
 ************************************************************************************************************************
 ********************                                                                                ********************
 ********************                              MCMC BAYESIAN ANALYSIS                            ********************
 #OBJT:**************                       AVERAGE VALUE OF LIKELIHOOD FUNCTION                     ********************
 ********************                                                                                ********************
 ************************************************************************************************************************
 





 #OBJV:********************************************      128.452       **************************************************
 #OBJS:********************************************       12.437 (STD) **************************************************
1
 ************************************************************************************************************************
 ********************                                                                                ********************
 ********************                              MCMC BAYESIAN ANALYSIS                            ********************
 ********************                             FINAL PARAMETER ESTIMATE                           ********************
 ********************                                                                                ********************
 ************************************************************************************************************************
 


 THETA - VECTOR OF FIXED EFFECTS PARAMETERS   *********


         THETA(CL) THETA(V) 
 
         3.43E+00  3.64E+01
 


 OMEGA - COV MATRIX FOR RANDOM EFFECTS - ETAS  ********


         ETA(CL)   ETA(V)   
 
 ETA(CL)
+        1.57E-01
 
 ETA(V)
+        2.57E-02  7.64E-02
 


 SIGMA - COV MATRIX FOR RANDOM EFFECTS - EPSILONS  ****


         EPS1     
 
 EPS1
+        3.69E-02
 
1


 OMEGA - CORR MATRIX FOR RANDOM EFFECTS - ETAS  *******


         ETA(CL)   ETA(V)   
 
 ETA(CL)
+        3.89E-01
 
 ETA(V)
+        2.28E-01  2.70E-01
 


 SIGMA - CORR MATRIX FOR RANDOM EFFECTS - EPSILONS  ***


         EPS1     
 
 EPS1
+        1.90E-01
 
1
 ************************************************************************************************************************
 ********************                                                                                ********************
 ********************                              MCMC BAYESIAN ANALYSIS                            ********************
 ********************                STANDARD ERROR OF ESTIMATE (From Sample Variance)               ********************
 ********************                                                                                ********************
 ************************************************************************************************************************
 


 THETA - VECTOR OF FIXED EFFECTS PARAMETERS   *********


         THETA(CL) THETA(V) 
 
         3.44E-01  3.08E+00
 


 OMEGA - COV MATRIX FOR RANDOM EFFECTS - ETAS  ********


         ETA(CL)   ETA(V)   
 
 ETA(CL)
+        6.43E-02
 
 ETA(V)
+        3.47E-02  3.43E-02
 


 SIGMA - COV MATRIX FOR RANDOM EFFECTS - EPSILONS  ****


         EPS1     
 
 EPS1
+        1.17E-02
 
1


 OMEGA - CORR MATRIX FOR RANDOM EFFECTS - ETAS  *******


         ETA(CL)   ETA(V)   
 
 ETA(CL)
+        7.57E-02
 
 ETA(V)
+        2.62E-01  5.72E-02
 


 SIGMA - CORR MATRIX FOR RANDOM EFFECTS - EPSILONS  ***


         EPS1     
 
 EPS1
+        2.91E-02
 
1
 ************************************************************************************************************************
 ********************                                                                                ********************
 ********************                              MCMC BAYESIAN ANALYSIS                            ********************
 ********************               COVARIANCE MATRIX OF ESTIMATE (From Sample Variance)             ********************
 ********************                                                                                ********************
 ************************************************************************************************************************
 

            TH 1      TH 2      OM11      OM12      OM22      SG11  
 
 TH 1
+        1.19E-01
 
 TH 2
+        2.21E-01  9.49E+00
 
 OM11
+       -8.06E-04  1.62E-02  4.13E-03
 
 OM12
+        6.58E-04  6.32E-04  6.56E-04  1.21E-03
 
 OM22
+       -2.06E-04 -2.30E-04  3.05E-04  3.99E-04  1.18E-03
 
 SG11
+        1.04E-04  1.92E-03 -3.56E-05 -1.16E-05 -1.25E-06  1.38E-04
 
1
 ************************************************************************************************************************
 ********************                                                                                ********************
 ********************                              MCMC BAYESIAN ANALYSIS                            ********************
 ********************              CORRELATION MATRIX OF ESTIMATE (From Sample Variance)             ********************
 ********************                                                                                ********************
 ************************************************************************************************************************
 

            TH 1      TH 2      OM11      OM12      OM22      SG11  
 
 TH 1
+        3.44E-01
 
 TH 2
+        2.08E-01  3.08E+00
 
 OM11
+       -3.64E-02  8.17E-02  6.43E-02
 
 OM12
+        5.50E-02  5.90E-03  2.94E-01  3.47E-02
 
 OM22
+       -1.74E-02 -2.18E-03  1.38E-01  3.35E-01  3.43E-02
 
 SG11
+        2.57E-02  5.33E-02 -4.72E-02 -2.86E-02 -3.11E-03  1.17E-02
 
1
 ************************************************************************************************************************
 ********************                                                                                ********************
 ********************                              MCMC BAYESIAN ANALYSIS                            ********************
 ********************           INVERSE COVARIANCE MATRIX OF ESTIMATE (From Sample Variance)         ********************
 ********************                                                                                ********************
 ************************************************************************************************************************
 

            TH 1      TH 2      OM11      OM12      OM22      SG11  
 
 TH 1
+        8.91E+00
 
 TH 2
+       -2.12E-01  1.11E-01
 
 OM11
+        3.53E+00 -5.45E-01  2.69E+02
 
 OM12
+       -7.77E+00  3.35E-01 -1.40E+02  1.01E+03
 
 OM22
+        3.23E+00  1.07E-02 -2.16E+01 -3.07E+02  9.60E+02
 
 SG11
+       -3.46E+00 -1.51E+00  6.25E+01  4.77E+01 -2.55E+01  7.32E+03
 
 Elapsed postprocess time in seconds:     0.00
 #CPUT: Total CPU Time in Seconds,       19.859
Stop Time: 
Tue 01/03/2017 
10:25 PM
