Tue 01/03/2017 
10:27 PM
$PROB one cmpt simple mu modeled bayes multidose nids: 36 scenario: s2trough
;; based_on: run100
$SUB ADVAN1 TRANS2
$INPUT ID TIME DV OBSNUM CMT EVID AMT RATE ADDL II 
$DATA ..\..\mdata\simple_nocovar_56id_6tp_md.csv
IGNORE=@ 
IGNORE=(OBSNUM.EQN.1)
IGNORE=(OBSNUM.EQN.2)
IGNORE=(OBSNUM.EQN.4)
IGNORE=(OBSNUM.EQN.5)
IGNORE=(ID.GT.36)
$ABBR REPLACE THETA(CL, V) = THETA(1 to 2)
$ABBR REPLACE ETA(CL, V) = ETA(1 to 2)

$THETAI
THETA(1:NTHETA)=LOG(THETAI(1:NTHETA))
THETAP(1:NTHETAP)=LOG(THETAPI(1:NTHETAP))
$THETAR
THETAR(1:NTHETA)=EXP(THETA(1:NTHETA))
THETAPR(1:NTHETAP)=EXP(THETAP(1:NTHETAP))

$PRIOR NWPRI 

$PK
"USE NMBAYES_INT, ONLY: ITER_REPORT,BAYES_EXTRA_REQUEST,BAYES_EXTRA
; Request extra information for Bayesian analysis.
; An extra call will then be made for accepted samples
"BAYES_EXTRA_REQUEST=1

MU_1 = THETA(CL)
MU_2 = THETA(V)
CL = EXP(MU_1 + ETA(CL))
V = EXP(MU_2 + ETA(V))
S1 = V

"IF(BAYES_EXTRA==1 .AND. ITER_REPORT>=0 .AND. TIME==0.0) THEN
"WRITE(50,98) ITER_REPORT,ID,CL,V
"98 FORMAT(I12,1X,F14.0,4(1X,1PG12.5))
"ENDIF

$ERROR
IPRED=F
Y = IPRED*(1 + ERR(1))  

$THETA
(0.001, 2.5) ; TVCL
(0.001, 46) ; TVV

$OMEGA BLOCK(2)
0.1    ; nCL
0.1  0.1  ; nV

$SIGMA
0.03 ; PROP

; THETA PRIORS
$THETAP (2.5 FIX) (46 FIX) 

; THETA (uniformative) PRIORs
$THETAPV BLOCK(2)
10000 FIX
0.0 10000 

$OMEGAP BLOCK(2)
0.2 FIX
0 0.2

; degrees of freedom to prior omega matrix - low dof = highly uninformative
$OMEGAPD (2 FIX)

$EST METHOD=CHAIN FILE=..\run100.chn NSAMPLE=0 ISAMPLE=3 DF=20
$EST METHOD=BAYES INTER NBURN=4000 NITER=10000 PRINT=20 NOPRIOR=0 CTYPE=3 CITER=10 SEED=56664
  
NM-TRAN MESSAGES 
  
 WARNINGS AND ERRORS (IF ANY) FOR PROBLEM    1
             
 (WARNING  2) NM-TRAN INFERS THAT THE DATA ARE POPULATION.

 (MU_WARNING 20) MU_001: MU_ VARIABLE SHOULD NOT BE DEFINED AFTER VERBATIM CODE.
  
License Registered to: Devin Pastoor
Expiration Date:    14 NOV 2017
Current Date:        3 JAN 2017
Days until program expires : 311
1NONLINEAR MIXED EFFECTS MODEL PROGRAM (NONMEM) VERSION 7.4.0 alpha14 (nm74a14)
 ORIGINALLY DEVELOPED BY STUART BEAL, LEWIS SHEINER, AND ALISON BOECKMANN
 CURRENT DEVELOPERS ARE ROBERT BAUER, ICON DEVELOPMENT SOLUTIONS,
 AND ALISON BOECKMANN. IMPLEMENTATION, EFFICIENCY, AND STANDARDIZATION
 PERFORMED BY NOUS INFOSYSTEMS.

 PROBLEM NO.:         1
 one cmpt simple mu modeled bayes multidose nids: 36 scenario: s2trough
0DATA CHECKOUT RUN:              NO
 DATA SET LOCATED ON UNIT NO.:    2
 THIS UNIT TO BE REWOUND:        NO
 NO. OF DATA RECS IN DATA SET:      108
 NO. OF DATA ITEMS IN DATA SET:  11
 ID DATA ITEM IS DATA ITEM NO.:   1
 DEP VARIABLE IS DATA ITEM NO.:   3
 MDV DATA ITEM IS DATA ITEM NO.: 11
0INDICES PASSED TO SUBROUTINE PRED:
   6   2   7   8   0  10   5   0   0   0   9
0LABELS FOR DATA ITEMS:
 ID TIME DV OBSNUM CMT EVID AMT RATE ADDL II MDV
0LABELS FOR THETAS
 THETA(1)=THETA(CL)
 THETA(2)=THETA(V)
0LABELS FOR ETAS
 ETA(1)=ETA(CL)
0LABELS FOR ETAS
 ETA(2)=ETA(V)
0FORMAT FOR DATA:
 (2E3.0,E17.0,3E2.0,2E5.0,E2.0,E3.0,1F2.0)

 TOT. NO. OF OBS RECS:       72
 TOT. NO. OF INDIVIDUALS:     36
0LENGTH OF THETA:   5
0DEFAULT THETA BOUNDARY TEST OMITTED:    NO
0OMEGA HAS BLOCK FORM:
  1
  1  1
  0  0  2
  0  0  2  2
  0  0  0  0  3
  0  0  0  0  3  3
0DEFAULT OMEGA BOUNDARY TEST OMITTED:    NO
0SIGMA HAS SIMPLE DIAGONAL FORM WITH DIMENSION:   1
0DEFAULT SIGMA BOUNDARY TEST OMITTED:    NO
0INITIAL ESTIMATE OF THETA:
 LOWER BOUND    INITIAL EST    UPPER BOUND
  0.1000E-02     0.2500E+01     0.1000E+07
  0.1000E-02     0.4600E+02     0.1000E+07
  0.2500E+01     0.2500E+01     0.2500E+01
  0.4600E+02     0.4600E+02     0.4600E+02
  0.2000E+01     0.2000E+01     0.2000E+01
0INITIAL ESTIMATE OF OMEGA:
 BLOCK SET NO.   BLOCK                                                                    FIXED
        1                                                                                   NO
 DIAGONAL SHIFT OF  1.1000E-07 WAS IMPOSED TO ENSURE POSITIVE DEFINITENESS
                  0.1000E+00
                  0.1000E+00   0.1000E+00
        2                                                                                  YES
                  0.1000E+05
                  0.0000E+00   0.1000E+05
        3                                                                                  YES
                  0.2000E+00
                  0.0000E+00   0.2000E+00
0INITIAL ESTIMATE OF SIGMA:
 0.3000E-01
0
 THETAI SUBROUTINE USER-SUPPLIED
 THETAR SUBROUTINE USER-SUPPLIED
 PRIOR SUBROUTINE USER-SUPPLIED
1DOUBLE PRECISION PREDPP VERSION 7.4.0 alpha14 (nm74a14)

 ONE COMPARTMENT MODEL (ADVAN1)
0MAXIMUM NO. OF BASIC PK PARAMETERS:   2
0BASIC PK PARAMETERS (AFTER TRANSLATION):
   ELIMINATION RATE (K) IS BASIC PK PARAMETER NO.:  1

 TRANSLATOR WILL CONVERT PARAMETERS
 CLEARANCE (CL) AND VOLUME (V) TO K (TRANS2)
0COMPARTMENT ATTRIBUTES
 COMPT. NO.   FUNCTION   INITIAL    ON/OFF      DOSE      DEFAULT    DEFAULT
                         STATUS     ALLOWED    ALLOWED    FOR DOSE   FOR OBS.
    1         CENTRAL      ON         NO         YES        YES        YES
    2         OUTPUT       OFF        YES        NO         NO         NO
1
 ADDITIONAL PK PARAMETERS - ASSIGNMENT OF ROWS IN GG
 COMPT. NO.                             INDICES
              SCALE      BIOAVAIL.   ZERO-ORDER  ZERO-ORDER  ABSORB
                         FRACTION    RATE        DURATION    LAG
    1            3           *           *           *           *
    2            *           -           -           -           -
             - PARAMETER IS NOT ALLOWED FOR THIS MODEL
             * PARAMETER IS NOT SUPPLIED BY PK SUBROUTINE;
               WILL DEFAULT TO ONE IF APPLICABLE
0DATA ITEM INDICES USED BY PRED ARE:
   EVENT ID DATA ITEM IS DATA ITEM NO.:      6
   TIME DATA ITEM IS DATA ITEM NO.:          2
   DOSE AMOUNT DATA ITEM IS DATA ITEM NO.:   7
   DOSE RATE DATA ITEM IS DATA ITEM NO.:     8
   INTERVAL DATA ITEM IS DATA ITEM NO.:     10
   ADDL. DOSES DATA ITEM IS DATA ITEM NO.:   9
   COMPT. NO. DATA ITEM IS DATA ITEM NO.:    5

0PK SUBROUTINE CALLED WITH EVERY EVENT RECORD.
 PK SUBROUTINE NOT CALLED AT NONEVENT (ADDITIONAL OR LAGGED) DOSE TIMES.
0ERROR SUBROUTINE CALLED WITH EVERY EVENT RECORD.
1


 #TBLN:      1
 #METH: Chain Method Processing

 RANDOM GENERATION TYPE (CTYPE):     0
 RANDOM GENERATION SEED (SEED):      11456
 RANDOM SAMPLE SELECTION (ISAMPLE):  3
 RANDOM SAMPLE RANGE END (ISAMPEND): -2147483647
 NUMBER OF RANDOM SAMPLES (NSAMPLE): 0
 UNIFORM FRACTIONAL RANGE (IACCEPT): 0.400000000000000
 RANDOM SELECTION TYPE (SELECT):     0
 DEG. FR. TO GENERATE OMEGAS (DF):   20
 DEG. FR. TO GENERATE SIGMAS (DFS):  -1
 CHAIN FILE (FILE):                  ..\run100.chn
 EXCL. TITLE IN CHAIN FILE (NOTITLE):NO
 EX. COL. LBS. IN CHAIN FL.(NOLABEL):NO
 FORMAT FOR CHAIN FILE (FORMAT):     S1PE12.5
 PAR. ORDER in CHAIN FILE (ORDER):   TSOL
 RANDOM SAMPLING METHOD (RANMETHOD):3U

 THE FOLLOWING LABELS ARE EQUIVALENT
 PRED=NPRED
 RES=NRES
 WRES=NWRES
 IWRS=NIWRES
 IPRD=NIPRED
 IRS=NIRES



 FROM SAMPLE 3 OF CHAIN FILE ..\run100.chn
 NEW INITIAL ESTIMATES OF THETA
  0.1754E-01
  0.2172E+01
 NEW INITIAL ESTIMATES OF OMEGA
 DIAGONAL SHIFT OF  2.2018E-07 WAS IMPOSED ON OMEGAS TO ENSURE POSITIVE DEFINITENESS
  0.2002E+00
  0.2002E+00  0.2003E+00
 NEW INITIAL ESTIMATES OF SIGMA
  0.1176E-01
1


 #TBLN:      1
 #METH: MCMC Bayesian Analysis

 ESTIMATION STEP OMITTED:                 NO
 ANALYSIS TYPE:                           POPULATION
 NUMBER OF SADDLE POINT RESET ITERATIONS:      0
 GRADIENT METHOD USED:               NOSLOW
 CONDITIONAL ESTIMATES USED:              YES
 CENTERED ETA:                            NO
 EPS-ETA INTERACTION:                     YES
 LAPLACIAN OBJ. FUNC.:                    NO
 NO. OF FUNCT. EVALS. ALLOWED:            840
 NO. OF SIG. FIGURES REQUIRED:            3
 INTERMEDIATE PRINTOUT:                   YES
 ESTIMATE OUTPUT TO MSF:                  NO
 IND. OBJ. FUNC. VALUES SORTED:           NO
 NUMERICAL DERIVATIVE
       FILE REQUEST (NUMDER):               NONE
 MAP (ETAHAT) ESTIMATION METHOD (OPTMAP):   0
 ETA HESSIAN EVALUATION METHOD (ETADER):    0
 INITIAL ETA FOR MAP ESTIMATION (MCETA):    0
 SIGDIGITS FOR MAP ESTIMATION (SIGLO):      100
 GRADIENT SIGDIGITS OF
       FIXED EFFECTS PARAMETERS (SIGL):     100
 NOPRIOR SETTING (NOPRIOR):                 OFF
 NOCOV SETTING (NOCOV):                     OFF
 DERCONT SETTING (DERCONT):                 OFF
 FINAL ETA RE-EVALUATION (FNLETA):          ON
 EXCLUDE NON-INFLUENTIAL (NON-INFL.) ETAS
       IN SHRINKAGE (ETASTYPE):             NO
 NON-INFL. ETA CORRECTION (NONINFETA):      OFF
 RAW OUTPUT FILE (FILE): run116_nids_36_s2trough_c3.ext
 EXCLUDE TITLE (NOTITLE):                   NO
 EXCLUDE COLUMN LABELS (NOLABEL):           NO
 FORMAT FOR ADDITIONAL FILES (FORMAT):      S1PE12.5
 PARAMETER ORDER FOR OUTPUTS (ORDER):       TSOL
 WISHART PRIOR DF INTERPRETATION (WISHTYPE):0
 KNUTHSUMOFF:                               0
 INCLUDE LNTWOPI:                           NO
 INCLUDE CONSTANT TERM TO PRIOR (PRIORC):   NO
 INCLUDE CONSTANT TERM TO OMEGA (ETA) (OLNTWOPI):NO
 EM OR BAYESIAN METHOD USED:                MCMC BAYESIAN (BAYES)
 MU MODELING PATTERN (MUM):
 GRADIENT/GIBBS PATTERN (GRD):
 AUTOMATIC SETTING FEATURE (AUTO):          OFF
 CONVERGENCE TYPE (CTYPE):                  3
 KEEP ITERATIONS (THIN):            1
 CONVERGENCE INTERVAL (CINTERVAL):          20
 CONVERGENCE ITERATIONS (CITER):            10
 CONVERGENCE ALPHA ERROR (CALPHA):          5.000000000000000E-02
 BURN-IN ITERATIONS (NBURN):                4000
 ITERATIONS (NITER):                        10000
 ANEAL SETTING (CONSTRAIN):                 1
 STARTING SEED FOR MC METHODS (SEED):       56664
 MC SAMPLES PER SUBJECT (ISAMPLE):          1
 RANDOM SAMPLING METHOD (RANMETHOD):        3U
 PROPOSAL DENSITY SCALING RANGE
              (ISCALE_MIN, ISCALE_MAX):     1.000000000000000E-06   ,1000000.00000000
 SAMPLE ACCEPTANCE RATE (IACCEPT):          0.400000000000000
 METROPOLIS HASTINGS SAMPLING FOR INDIVIDUAL ETAS:
 SAMPLES FOR GLOBAL SEARCH KERNEL (ISAMPLE_M1):          2
 SAMPLES FOR NEIGHBOR SEARCH KERNEL (ISAMPLE_M1A):       0
 SAMPLES FOR MASS/IMP/POST. MATRIX SEARCH (ISAMPLE_M1B): 2
 SAMPLES FOR LOCAL SEARCH KERNEL (ISAMPLE_M2):           2
 SAMPLES FOR LOCAL UNIVARIATE KERNEL (ISAMPLE_M3):       2
 PWR. WT. MASS/IMP/POST MATRIX ACCUM. FOR ETAS (IKAPPA): 1.00000000000000
 MASS/IMP./POST. MATRIX REFRESH SETTING (MASSREST):      -1
 METROPOLIS HASTINGS POPULATION SAMPLING FOR NON-GIBBS
 SAMPLED THETAS AND SIGMAS:
 PROPOSAL DENSITY SCALING RANGE
              (PSCALE_MIN, PSCALE_MAX):   1.000000000000000E-02   ,1000.00000000000
 SAMPLE ACCEPTANCE RATE (PACCEPT):                       0.500000000000000
 SAMPLES FOR GLOBAL SEARCH KERNEL (PSAMPLE_M1):          1
 SAMPLES FOR LOCAL SEARCH KERNEL (PSAMPLE_M2):           -1
 SAMPLES FOR LOCAL UNIVARIATE KERNEL (PSAMPLE_M3):       1
 METROPOLIS HASTINGS POPULATION SAMPLING FOR NON-GIBBS
 SAMPLED OMEGAS:
 SAMPLE ACCEPTANCE RATE (OACCEPT):                       0.500000000000000
 SAMPLES FOR GLOBAL SEARCH KERNEL (OSAMPLE_M1):          -1
 SAMPLES FOR LOCAL SEARCH KERNEL (OSAMPLE_M2):           -1
 SAMPLES FOR LOCAL UNIVARIATE SEARCH KERNEL (OSAMPLE_M3):0
 DEG. FR. FOR T DIST.  PRIOR FOR THETAS (TTDF):        0.00000000000000
 DEG. FR. FOR LKJ CORRELATION PRIOR FOR OMEGAS (OLKJDF): 0.00000000000000
 WEIGHT FACTOR FOR STD PRIOR FOR OMEGAS (OVARF): 1.00000000000000
 DEG. FR. FOR LKJ CORRELATION PRIOR FOR SIGMAS (SLKJDF): 0.00000000000000
 WEIGHT FACTOR FOR STD PRIOR FOR SIGMAS (SVARF): 1.00000000000000


 THE FOLLOWING LABELS ARE EQUIVALENT
 PRED=PREDI
 RES=RESI
 WRES=WRESI
 IWRS=IWRESI
 IPRD=IPREDI
 IRS=IRESI

 EM/BAYES SETUP:
 THETAS THAT ARE MU MODELED:
   1   2
 THETAS THAT ARE GIBBS SAMPLED:
   1   2
 THETAS THAT ARE METROPOLIS-HASTINGS SAMPLED:
 
 SIGMAS THAT ARE GIBBS SAMPLED:
   1
 SIGMAS THAT ARE METROPOLIS-HASTINGS SAMPLED:
 
 OMEGAS ARE GIBBS SAMPLED

 MONITORING OF SEARCH:

 Burn-in Mode
 iteration        -4000 MCMCOBJ=    1861350.8745076524     
 iteration        -3980 MCMCOBJ=    217.91400044337715     
 iteration        -3960 MCMCOBJ=    246.68397095229449     
 iteration        -3940 MCMCOBJ=    216.55988679272667     
 iteration        -3920 MCMCOBJ=    154.31519403407694     
 iteration        -3900 MCMCOBJ=    141.40440296928028     
 iteration        -3880 MCMCOBJ=    133.37552230969098     
 iteration        -3860 MCMCOBJ=    134.78283212690010     
 iteration        -3840 MCMCOBJ=    123.06949655213606     
 iteration        -3820 MCMCOBJ=    137.86301358451581     
 iteration        -3800 MCMCOBJ=    129.01175409590027     
 iteration        -3780 MCMCOBJ=    145.54147289151726     
 iteration        -3760 MCMCOBJ=    157.99325140837684     
 iteration        -3740 MCMCOBJ=    147.18776773198081     
 Convergence achieved
 Sampling Mode
 iteration            0 MCMCOBJ=    122.64700539346957     
 iteration           20 MCMCOBJ=    161.16533357174052     
 iteration           40 MCMCOBJ=    151.79434527454885     
 iteration           60 MCMCOBJ=    106.65377554848115     
 iteration           80 MCMCOBJ=    107.74603354070598     
 iteration          100 MCMCOBJ=    153.82794188648785     
 iteration          120 MCMCOBJ=    145.25936895093611     
 iteration          140 MCMCOBJ=    128.71733472019454     
 iteration          160 MCMCOBJ=    109.10265056188250     
 iteration          180 MCMCOBJ=    136.83419094146743     
 iteration          200 MCMCOBJ=    141.13155370277326     
 iteration          220 MCMCOBJ=    144.67092850590106     
 iteration          240 MCMCOBJ=    111.56479849391722     
 iteration          260 MCMCOBJ=    133.83687935957488     
 iteration          280 MCMCOBJ=    104.75409512005542     
 iteration          300 MCMCOBJ=    163.10052803670757     
 iteration          320 MCMCOBJ=    102.41339944213352     
 iteration          340 MCMCOBJ=    150.69387942930146     
 iteration          360 MCMCOBJ=    138.79233380594633     
 iteration          380 MCMCOBJ=    121.37216450276415     
 iteration          400 MCMCOBJ=    117.20048772336159     
 iteration          420 MCMCOBJ=    128.71823966321625     
 iteration          440 MCMCOBJ=    159.35477990049330     
 iteration          460 MCMCOBJ=    153.22439520659105     
 iteration          480 MCMCOBJ=    116.32773621362692     
 iteration          500 MCMCOBJ=    139.04637564575177     
 iteration          520 MCMCOBJ=    79.392894167358364     
 iteration          540 MCMCOBJ=    133.61826332192177     
 iteration          560 MCMCOBJ=    121.44662198061164     
 iteration          580 MCMCOBJ=    116.00239057290517     
 iteration          600 MCMCOBJ=    132.80137429175656     
 iteration          620 MCMCOBJ=    134.84657936278975     
 iteration          640 MCMCOBJ=    157.27092975698523     
 iteration          660 MCMCOBJ=    136.61028091787088     
 iteration          680 MCMCOBJ=    134.42728020424781     
 iteration          700 MCMCOBJ=    135.72722387091287     
 iteration          720 MCMCOBJ=    97.417984924432389     
 iteration          740 MCMCOBJ=    175.73366049549864     
 iteration          760 MCMCOBJ=    160.75609533954523     
 iteration          780 MCMCOBJ=    97.237855099312810     
 iteration          800 MCMCOBJ=    110.32161276881862     
 iteration          820 MCMCOBJ=    124.85882831298295     
 iteration          840 MCMCOBJ=    148.20666059457682     
 iteration          860 MCMCOBJ=    102.05446846490184     
 iteration          880 MCMCOBJ=    119.71183429820155     
 iteration          900 MCMCOBJ=    113.93987372133947     
 iteration          920 MCMCOBJ=    117.53307639299165     
 iteration          940 MCMCOBJ=    98.955829077982017     
 iteration          960 MCMCOBJ=    154.90393362204466     
 iteration          980 MCMCOBJ=    131.16958502147904     
 iteration         1000 MCMCOBJ=    169.21089885321473     
 iteration         1020 MCMCOBJ=    161.82298068650312     
 iteration         1040 MCMCOBJ=    135.21899593247420     
 iteration         1060 MCMCOBJ=    86.233898357178305     
 iteration         1080 MCMCOBJ=    140.97485891209601     
 iteration         1100 MCMCOBJ=    102.16036801587593     
 iteration         1120 MCMCOBJ=    153.59166034452039     
 iteration         1140 MCMCOBJ=    147.28842789686729     
 iteration         1160 MCMCOBJ=    127.09961576166172     
 iteration         1180 MCMCOBJ=    138.44422805502222     
 iteration         1200 MCMCOBJ=    148.78536899833341     
 iteration         1220 MCMCOBJ=    171.93306733206813     
 iteration         1240 MCMCOBJ=    128.74317668222980     
 iteration         1260 MCMCOBJ=    126.08519451799411     
 iteration         1280 MCMCOBJ=    172.55041484486898     
 iteration         1300 MCMCOBJ=    157.61045091358355     
 iteration         1320 MCMCOBJ=    141.36327104634623     
 iteration         1340 MCMCOBJ=    131.72516763207466     
 iteration         1360 MCMCOBJ=    121.54748313148308     
 iteration         1380 MCMCOBJ=    172.54014965690484     
 iteration         1400 MCMCOBJ=    98.044462646986844     
 iteration         1420 MCMCOBJ=    175.31123025421030     
 iteration         1440 MCMCOBJ=    134.34318159831707     
 iteration         1460 MCMCOBJ=    140.70631921635572     
 iteration         1480 MCMCOBJ=    99.958491414485721     
 iteration         1500 MCMCOBJ=    146.44949730484444     
 iteration         1520 MCMCOBJ=    148.92120799488069     
 iteration         1540 MCMCOBJ=    130.57160456448324     
 iteration         1560 MCMCOBJ=    167.40137502833443     
 iteration         1580 MCMCOBJ=    154.21487430596966     
 iteration         1600 MCMCOBJ=    166.93204018290058     
 iteration         1620 MCMCOBJ=    154.21199816321359     
 iteration         1640 MCMCOBJ=    157.34032286233412     
 iteration         1660 MCMCOBJ=    119.12196270023416     
 iteration         1680 MCMCOBJ=    148.90367266076450     
 iteration         1700 MCMCOBJ=    142.95465905861158     
 iteration         1720 MCMCOBJ=    139.01125179940712     
 iteration         1740 MCMCOBJ=    100.88007533636460     
 iteration         1760 MCMCOBJ=    118.50236897284476     
 iteration         1780 MCMCOBJ=    143.04540696950599     
 iteration         1800 MCMCOBJ=    105.46996447813660     
 iteration         1820 MCMCOBJ=    127.96535709342787     
 iteration         1840 MCMCOBJ=    111.56128582072965     
 iteration         1860 MCMCOBJ=    152.48352378550371     
 iteration         1880 MCMCOBJ=    157.91477517204800     
 iteration         1900 MCMCOBJ=    131.41529764194487     
 iteration         1920 MCMCOBJ=    163.30799712222046     
 iteration         1940 MCMCOBJ=    145.12912674507217     
 iteration         1960 MCMCOBJ=    124.67922314365927     
 iteration         1980 MCMCOBJ=    131.22067279772102     
 iteration         2000 MCMCOBJ=    143.78520730766229     
 iteration         2020 MCMCOBJ=    106.91783837259472     
 iteration         2040 MCMCOBJ=    153.31195556640230     
 iteration         2060 MCMCOBJ=    110.91608878301022     
 iteration         2080 MCMCOBJ=    168.99047774338280     
 iteration         2100 MCMCOBJ=    133.07374306658031     
 iteration         2120 MCMCOBJ=    101.67046591133467     
 iteration         2140 MCMCOBJ=    117.36942165047779     
 iteration         2160 MCMCOBJ=    126.53812253763635     
 iteration         2180 MCMCOBJ=    159.01324278501053     
 iteration         2200 MCMCOBJ=    173.59566396515089     
 iteration         2220 MCMCOBJ=    86.068949674340558     
 iteration         2240 MCMCOBJ=    124.57366868871023     
 iteration         2260 MCMCOBJ=    185.58173867589485     
 iteration         2280 MCMCOBJ=    156.12550438252114     
 iteration         2300 MCMCOBJ=    141.57934808491726     
 iteration         2320 MCMCOBJ=    78.266885522150687     
 iteration         2340 MCMCOBJ=    148.74717054190376     
 iteration         2360 MCMCOBJ=    105.28878132406220     
 iteration         2380 MCMCOBJ=    137.64687187387844     
 iteration         2400 MCMCOBJ=    132.31926494709211     
 iteration         2420 MCMCOBJ=    136.74354607001499     
 iteration         2440 MCMCOBJ=    150.54447647418311     
 iteration         2460 MCMCOBJ=    145.49326266706416     
 iteration         2480 MCMCOBJ=    119.81071038882074     
 iteration         2500 MCMCOBJ=    130.92262734344322     
 iteration         2520 MCMCOBJ=    128.82942955816580     
 iteration         2540 MCMCOBJ=    82.840217236434924     
 iteration         2560 MCMCOBJ=    169.73135972897185     
 iteration         2580 MCMCOBJ=    153.64852918909921     
 iteration         2600 MCMCOBJ=    165.43002340549270     
 iteration         2620 MCMCOBJ=    118.09345919564349     
 iteration         2640 MCMCOBJ=    125.29336120191333     
 iteration         2660 MCMCOBJ=    102.59723650208521     
 iteration         2680 MCMCOBJ=    86.987318424499151     
 iteration         2700 MCMCOBJ=    150.91622180384897     
 iteration         2720 MCMCOBJ=    130.48694657263141     
 iteration         2740 MCMCOBJ=    147.77469860087410     
 iteration         2760 MCMCOBJ=    109.53869336047859     
 iteration         2780 MCMCOBJ=    135.26187549635003     
 iteration         2800 MCMCOBJ=    119.50844559449840     
 iteration         2820 MCMCOBJ=    133.85234557923980     
 iteration         2840 MCMCOBJ=    109.51241004739249     
 iteration         2860 MCMCOBJ=    179.04058779866904     
 iteration         2880 MCMCOBJ=    118.60139713571206     
 iteration         2900 MCMCOBJ=    91.284244795062918     
 iteration         2920 MCMCOBJ=    160.50130830287455     
 iteration         2940 MCMCOBJ=    131.78495407682817     
 iteration         2960 MCMCOBJ=    153.11630991880256     
 iteration         2980 MCMCOBJ=    136.77769804520031     
 iteration         3000 MCMCOBJ=    158.72204124091169     
 iteration         3020 MCMCOBJ=    153.31542511263149     
 iteration         3040 MCMCOBJ=    135.03634619329787     
 iteration         3060 MCMCOBJ=    123.16880011787180     
 iteration         3080 MCMCOBJ=    163.06063413954521     
 iteration         3100 MCMCOBJ=    162.54566783182261     
 iteration         3120 MCMCOBJ=    138.81201968722445     
 iteration         3140 MCMCOBJ=    103.39960899876989     
 iteration         3160 MCMCOBJ=    158.91966146288237     
 iteration         3180 MCMCOBJ=    160.20361856599675     
 iteration         3200 MCMCOBJ=    123.41123590255701     
 iteration         3220 MCMCOBJ=    110.88710615221333     
 iteration         3240 MCMCOBJ=    116.06057419381928     
 iteration         3260 MCMCOBJ=    126.13382532808305     
 iteration         3280 MCMCOBJ=    134.99154112487588     
 iteration         3300 MCMCOBJ=    156.46994633322004     
 iteration         3320 MCMCOBJ=    127.96776116305820     
 iteration         3340 MCMCOBJ=    128.45836816154269     
 iteration         3360 MCMCOBJ=    155.21643429092774     
 iteration         3380 MCMCOBJ=    119.33890613762918     
 iteration         3400 MCMCOBJ=    142.38663706500716     
 iteration         3420 MCMCOBJ=    162.58153286180954     
 iteration         3440 MCMCOBJ=    154.39231041563733     
 iteration         3460 MCMCOBJ=    167.31085462334363     
 iteration         3480 MCMCOBJ=    117.33482923500806     
 iteration         3500 MCMCOBJ=    74.197588033658562     
 iteration         3520 MCMCOBJ=    152.66561719201550     
 iteration         3540 MCMCOBJ=    106.51070776881946     
 iteration         3560 MCMCOBJ=    140.80006310135923     
 iteration         3580 MCMCOBJ=    109.80030370267241     
 iteration         3600 MCMCOBJ=    170.64496373931814     
 iteration         3620 MCMCOBJ=    100.32833211528929     
 iteration         3640 MCMCOBJ=    124.85918422506836     
 iteration         3660 MCMCOBJ=    115.95795342851713     
 iteration         3680 MCMCOBJ=    110.98977432585264     
 iteration         3700 MCMCOBJ=    169.26043134012204     
 iteration         3720 MCMCOBJ=    134.90876489421768     
 iteration         3740 MCMCOBJ=    146.58566876049355     
 iteration         3760 MCMCOBJ=    140.75442539050761     
 iteration         3780 MCMCOBJ=    184.11990059581555     
 iteration         3800 MCMCOBJ=    161.73386707946841     
 iteration         3820 MCMCOBJ=    136.81415548269615     
 iteration         3840 MCMCOBJ=    96.055707040317202     
 iteration         3860 MCMCOBJ=    120.40629202956418     
 iteration         3880 MCMCOBJ=    161.14265686804248     
 iteration         3900 MCMCOBJ=    135.85787364936871     
 iteration         3920 MCMCOBJ=    131.63901556003762     
 iteration         3940 MCMCOBJ=    113.81533521504565     
 iteration         3960 MCMCOBJ=    113.96336961296672     
 iteration         3980 MCMCOBJ=    101.74713320861252     
 iteration         4000 MCMCOBJ=    150.74665472618125     
 iteration         4020 MCMCOBJ=    90.084699260879717     
 iteration         4040 MCMCOBJ=    125.03414847225631     
 iteration         4060 MCMCOBJ=    108.04526876742470     
 iteration         4080 MCMCOBJ=    159.99624966508995     
 iteration         4100 MCMCOBJ=    149.21024427378416     
 iteration         4120 MCMCOBJ=    136.27371749129938     
 iteration         4140 MCMCOBJ=    126.07864554836195     
 iteration         4160 MCMCOBJ=    97.439483323944188     
 iteration         4180 MCMCOBJ=    126.89838022145479     
 iteration         4200 MCMCOBJ=    141.08972314853835     
 iteration         4220 MCMCOBJ=    138.68700530223811     
 iteration         4240 MCMCOBJ=    203.01231552981830     
 iteration         4260 MCMCOBJ=    154.99213578345959     
 iteration         4280 MCMCOBJ=    158.06876434507396     
 iteration         4300 MCMCOBJ=    128.21041825474646     
 iteration         4320 MCMCOBJ=    160.22792375652284     
 iteration         4340 MCMCOBJ=    126.77622193884024     
 iteration         4360 MCMCOBJ=    143.68893457463165     
 iteration         4380 MCMCOBJ=    127.63371727468339     
 iteration         4400 MCMCOBJ=    109.64862845347672     
 iteration         4420 MCMCOBJ=    158.91079592415608     
 iteration         4440 MCMCOBJ=    177.45522529346167     
 iteration         4460 MCMCOBJ=    120.35156066728030     
 iteration         4480 MCMCOBJ=    133.41271161438573     
 iteration         4500 MCMCOBJ=    155.09491113863584     
 iteration         4520 MCMCOBJ=    120.32640017155393     
 iteration         4540 MCMCOBJ=    125.78214929054654     
 iteration         4560 MCMCOBJ=    131.92289569025576     
 iteration         4580 MCMCOBJ=    115.83798925120519     
 iteration         4600 MCMCOBJ=    105.65670847907943     
 iteration         4620 MCMCOBJ=    143.55174840079383     
 iteration         4640 MCMCOBJ=    123.53762443685012     
 iteration         4660 MCMCOBJ=    124.80762459884163     
 iteration         4680 MCMCOBJ=    136.18310356575088     
 iteration         4700 MCMCOBJ=    114.61162231116366     
 iteration         4720 MCMCOBJ=    125.77259097671494     
 iteration         4740 MCMCOBJ=    95.827262413403602     
 iteration         4760 MCMCOBJ=    156.59263429128046     
 iteration         4780 MCMCOBJ=    140.52051206503472     
 iteration         4800 MCMCOBJ=    142.96951703428365     
 iteration         4820 MCMCOBJ=    144.42408870157328     
 iteration         4840 MCMCOBJ=    188.02894171165059     
 iteration         4860 MCMCOBJ=    129.55240199018496     
 iteration         4880 MCMCOBJ=    124.11659015550418     
 iteration         4900 MCMCOBJ=    124.27111032482840     
 iteration         4920 MCMCOBJ=    146.21694992998104     
 iteration         4940 MCMCOBJ=    125.49755855338370     
 iteration         4960 MCMCOBJ=    119.16563803624784     
 iteration         4980 MCMCOBJ=    141.39544720543236     
 iteration         5000 MCMCOBJ=    122.57112036581638     
 iteration         5020 MCMCOBJ=    107.70005125378177     
 iteration         5040 MCMCOBJ=    149.51672351391019     
 iteration         5060 MCMCOBJ=    141.51680597574750     
 iteration         5080 MCMCOBJ=    152.11725010459986     
 iteration         5100 MCMCOBJ=    149.22411128528839     
 iteration         5120 MCMCOBJ=    131.19357310283857     
 iteration         5140 MCMCOBJ=    111.53583920938883     
 iteration         5160 MCMCOBJ=    94.799066969200609     
 iteration         5180 MCMCOBJ=    146.45265750298060     
 iteration         5200 MCMCOBJ=    127.15396781109700     
 iteration         5220 MCMCOBJ=    143.90075865416367     
 iteration         5240 MCMCOBJ=    146.19808092166636     
 iteration         5260 MCMCOBJ=    102.94670145499333     
 iteration         5280 MCMCOBJ=    142.97109749522889     
 iteration         5300 MCMCOBJ=    129.94563517800637     
 iteration         5320 MCMCOBJ=    121.14530467616291     
 iteration         5340 MCMCOBJ=    109.95745453116416     
 iteration         5360 MCMCOBJ=    98.783790677061063     
 iteration         5380 MCMCOBJ=    128.16081744494852     
 iteration         5400 MCMCOBJ=    128.35533616949976     
 iteration         5420 MCMCOBJ=    149.43906324915369     
 iteration         5440 MCMCOBJ=    129.57790174073773     
 iteration         5460 MCMCOBJ=    140.94614077289046     
 iteration         5480 MCMCOBJ=    139.32616714031946     
 iteration         5500 MCMCOBJ=    146.95343482542555     
 iteration         5520 MCMCOBJ=    155.74565324845503     
 iteration         5540 MCMCOBJ=    91.992667991469418     
 iteration         5560 MCMCOBJ=    120.48054833811975     
 iteration         5580 MCMCOBJ=    131.62688920977072     
 iteration         5600 MCMCOBJ=    125.10126079250139     
 iteration         5620 MCMCOBJ=    148.60111014622245     
 iteration         5640 MCMCOBJ=    125.07946094328480     
 iteration         5660 MCMCOBJ=    123.97126285946329     
 iteration         5680 MCMCOBJ=    135.39343658917471     
 iteration         5700 MCMCOBJ=    178.06804975792534     
 iteration         5720 MCMCOBJ=    102.51033474118211     
 iteration         5740 MCMCOBJ=    92.193030363020881     
 iteration         5760 MCMCOBJ=    169.59937840093744     
 iteration         5780 MCMCOBJ=    140.40452031688940     
 iteration         5800 MCMCOBJ=    89.564219828467017     
 iteration         5820 MCMCOBJ=    137.46236036064877     
 iteration         5840 MCMCOBJ=    156.14159930755145     
 iteration         5860 MCMCOBJ=    125.00693289717107     
 iteration         5880 MCMCOBJ=    148.86694168990400     
 iteration         5900 MCMCOBJ=    118.73972194487992     
 iteration         5920 MCMCOBJ=    137.35291747839992     
 iteration         5940 MCMCOBJ=    107.75205047010036     
 iteration         5960 MCMCOBJ=    138.98605832831566     
 iteration         5980 MCMCOBJ=    98.573469790627783     
 iteration         6000 MCMCOBJ=    96.321655679891009     
 iteration         6020 MCMCOBJ=    171.81768017644748     
 iteration         6040 MCMCOBJ=    128.58347592354721     
 iteration         6060 MCMCOBJ=    160.88108551596673     
 iteration         6080 MCMCOBJ=    165.39324034323005     
 iteration         6100 MCMCOBJ=    113.53688189644195     
 iteration         6120 MCMCOBJ=    137.37522864708248     
 iteration         6140 MCMCOBJ=    127.14299137976380     
 iteration         6160 MCMCOBJ=    142.00563091196202     
 iteration         6180 MCMCOBJ=    133.51884982045212     
 iteration         6200 MCMCOBJ=    88.339696383717836     
 iteration         6220 MCMCOBJ=    125.13605163749085     
 iteration         6240 MCMCOBJ=    140.70929796941789     
 iteration         6260 MCMCOBJ=    149.22987665706862     
 iteration         6280 MCMCOBJ=    176.42728769159086     
 iteration         6300 MCMCOBJ=    125.26967582434369     
 iteration         6320 MCMCOBJ=    154.19977071965121     
 iteration         6340 MCMCOBJ=    175.15841432535268     
 iteration         6360 MCMCOBJ=    155.23309978653742     
 iteration         6380 MCMCOBJ=    137.40764075407151     
 iteration         6400 MCMCOBJ=    106.36260350540064     
 iteration         6420 MCMCOBJ=    131.51116360409904     
 iteration         6440 MCMCOBJ=    145.97287891263008     
 iteration         6460 MCMCOBJ=    131.97026172272825     
 iteration         6480 MCMCOBJ=    123.02150635739899     
 iteration         6500 MCMCOBJ=    201.58267525311831     
 iteration         6520 MCMCOBJ=    173.14723316656807     
 iteration         6540 MCMCOBJ=    104.80440340917735     
 iteration         6560 MCMCOBJ=    122.36694612905004     
 iteration         6580 MCMCOBJ=    115.94630875739992     
 iteration         6600 MCMCOBJ=    135.14760893586427     
 iteration         6620 MCMCOBJ=    162.07035924593836     
 iteration         6640 MCMCOBJ=    92.427779729869627     
 iteration         6660 MCMCOBJ=    164.13650897220941     
 iteration         6680 MCMCOBJ=    129.04733311827979     
 iteration         6700 MCMCOBJ=    133.36118526450940     
 iteration         6720 MCMCOBJ=    116.73504326849570     
 iteration         6740 MCMCOBJ=    115.08429561767336     
 iteration         6760 MCMCOBJ=    160.56677513046600     
 iteration         6780 MCMCOBJ=    132.68263829782677     
 iteration         6800 MCMCOBJ=    145.68202707477954     
 iteration         6820 MCMCOBJ=    121.38087142414446     
 iteration         6840 MCMCOBJ=    126.41223750559767     
 iteration         6860 MCMCOBJ=    126.08715570486297     
 iteration         6880 MCMCOBJ=    163.78152029560769     
 iteration         6900 MCMCOBJ=    142.19952733276057     
 iteration         6920 MCMCOBJ=    115.62438297138637     
 iteration         6940 MCMCOBJ=    114.71321069686968     
 iteration         6960 MCMCOBJ=    147.44972685341631     
 iteration         6980 MCMCOBJ=    100.21647092632901     
 iteration         7000 MCMCOBJ=    128.16511157252842     
 iteration         7020 MCMCOBJ=    125.52320174626600     
 iteration         7040 MCMCOBJ=    120.56271194965092     
 iteration         7060 MCMCOBJ=    97.934282472673075     
 iteration         7080 MCMCOBJ=    134.88246569522173     
 iteration         7100 MCMCOBJ=    123.69310117158822     
 iteration         7120 MCMCOBJ=    131.63037027571733     
 iteration         7140 MCMCOBJ=    164.06417609398321     
 iteration         7160 MCMCOBJ=    128.13786142181553     
 iteration         7180 MCMCOBJ=    115.33467733418253     
 iteration         7200 MCMCOBJ=    146.61410209160718     
 iteration         7220 MCMCOBJ=    124.78001148346476     
 iteration         7240 MCMCOBJ=    152.57999716910868     
 iteration         7260 MCMCOBJ=    138.44201393466895     
 iteration         7280 MCMCOBJ=    137.48976894801186     
 iteration         7300 MCMCOBJ=    116.78160842050600     
 iteration         7320 MCMCOBJ=    117.15075367524824     
 iteration         7340 MCMCOBJ=    127.04333958905102     
 iteration         7360 MCMCOBJ=    137.19486358427449     
 iteration         7380 MCMCOBJ=    109.89263170406340     
 iteration         7400 MCMCOBJ=    112.18959114189475     
 iteration         7420 MCMCOBJ=    149.09116399572133     
 iteration         7440 MCMCOBJ=    135.38070413248047     
 iteration         7460 MCMCOBJ=    185.17300444397932     
 iteration         7480 MCMCOBJ=    119.93129266659798     
 iteration         7500 MCMCOBJ=    117.34610767625806     
 iteration         7520 MCMCOBJ=    131.58048400652882     
 iteration         7540 MCMCOBJ=    144.68511453928232     
 iteration         7560 MCMCOBJ=    100.79827797197306     
 iteration         7580 MCMCOBJ=    138.62385220656910     
 iteration         7600 MCMCOBJ=    102.64875664161660     
 iteration         7620 MCMCOBJ=    136.13939909657196     
 iteration         7640 MCMCOBJ=    106.77647269876844     
 iteration         7660 MCMCOBJ=    140.18365968329553     
 iteration         7680 MCMCOBJ=    134.65476435317134     
 iteration         7700 MCMCOBJ=    139.79343459981692     
 iteration         7720 MCMCOBJ=    124.65662985641747     
 iteration         7740 MCMCOBJ=    126.70841846843766     
 iteration         7760 MCMCOBJ=    98.529069249193455     
 iteration         7780 MCMCOBJ=    115.54945957914742     
 iteration         7800 MCMCOBJ=    176.61400171094309     
 iteration         7820 MCMCOBJ=    114.55628772452010     
 iteration         7840 MCMCOBJ=    111.64756522295599     
 iteration         7860 MCMCOBJ=    151.07319809583242     
 iteration         7880 MCMCOBJ=    131.49805949478051     
 iteration         7900 MCMCOBJ=    116.95257006463378     
 iteration         7920 MCMCOBJ=    120.42601639114933     
 iteration         7940 MCMCOBJ=    164.30694276731063     
 iteration         7960 MCMCOBJ=    113.54745346582612     
 iteration         7980 MCMCOBJ=    152.29798131487385     
 iteration         8000 MCMCOBJ=    149.69550691961385     
 iteration         8020 MCMCOBJ=    157.26273584862426     
 iteration         8040 MCMCOBJ=    133.04519682806151     
 iteration         8060 MCMCOBJ=    122.69836444117080     
 iteration         8080 MCMCOBJ=    130.90606177365103     
 iteration         8100 MCMCOBJ=    145.90802480780849     
 iteration         8120 MCMCOBJ=    116.18728693574386     
 iteration         8140 MCMCOBJ=    107.30262004735711     
 iteration         8160 MCMCOBJ=    106.88281820762245     
 iteration         8180 MCMCOBJ=    135.49036923921750     
 iteration         8200 MCMCOBJ=    166.14082007460900     
 iteration         8220 MCMCOBJ=    137.23459687508401     
 iteration         8240 MCMCOBJ=    171.88189822693818     
 iteration         8260 MCMCOBJ=    122.69428032655814     
 iteration         8280 MCMCOBJ=    129.82993587636420     
 iteration         8300 MCMCOBJ=    134.40513596740203     
 iteration         8320 MCMCOBJ=    94.085932822582194     
 iteration         8340 MCMCOBJ=    111.62014810039442     
 iteration         8360 MCMCOBJ=    101.80797273015578     
 iteration         8380 MCMCOBJ=    116.16608118685603     
 iteration         8400 MCMCOBJ=    159.29324060630472     
 iteration         8420 MCMCOBJ=    131.84792056866871     
 iteration         8440 MCMCOBJ=    130.98742090264997     
 iteration         8460 MCMCOBJ=    143.38433069586679     
 iteration         8480 MCMCOBJ=    133.38183611470592     
 iteration         8500 MCMCOBJ=    137.08899438545953     
 iteration         8520 MCMCOBJ=    87.592668058531089     
 iteration         8540 MCMCOBJ=    109.18348468078671     
 iteration         8560 MCMCOBJ=    121.80754787150084     
 iteration         8580 MCMCOBJ=    151.86260006384580     
 iteration         8600 MCMCOBJ=    137.05930657363547     
 iteration         8620 MCMCOBJ=    151.39165600259832     
 iteration         8640 MCMCOBJ=    125.82079990827116     
 iteration         8660 MCMCOBJ=    137.46764046858806     
 iteration         8680 MCMCOBJ=    96.008230657113756     
 iteration         8700 MCMCOBJ=    141.27658477686032     
 iteration         8720 MCMCOBJ=    153.71066887444772     
 iteration         8740 MCMCOBJ=    120.24698776107269     
 iteration         8760 MCMCOBJ=    111.11459685054515     
 iteration         8780 MCMCOBJ=    91.705091007605802     
 iteration         8800 MCMCOBJ=    122.03727601592503     
 iteration         8820 MCMCOBJ=    123.24555616063559     
 iteration         8840 MCMCOBJ=    132.24600964830853     
 iteration         8860 MCMCOBJ=    125.81643664359071     
 iteration         8880 MCMCOBJ=    120.10468549270807     
 iteration         8900 MCMCOBJ=    117.91859862455551     
 iteration         8920 MCMCOBJ=    129.26044425194925     
 iteration         8940 MCMCOBJ=    104.97986704776474     
 iteration         8960 MCMCOBJ=    153.23007417470680     
 iteration         8980 MCMCOBJ=    112.71720333921559     
 iteration         9000 MCMCOBJ=    150.12917140908019     
 iteration         9020 MCMCOBJ=    137.34591323956829     
 iteration         9040 MCMCOBJ=    166.39913036243459     
 iteration         9060 MCMCOBJ=    115.88753627835879     
 iteration         9080 MCMCOBJ=    131.90661421553182     
 iteration         9100 MCMCOBJ=    146.20871307270028     
 iteration         9120 MCMCOBJ=    152.97662528475399     
 iteration         9140 MCMCOBJ=    153.49677242684859     
 iteration         9160 MCMCOBJ=    135.70342217259551     
 iteration         9180 MCMCOBJ=    104.94712646701214     
 iteration         9200 MCMCOBJ=    105.20600399484194     
 iteration         9220 MCMCOBJ=    128.82874315667451     
 iteration         9240 MCMCOBJ=    143.18214243936299     
 iteration         9260 MCMCOBJ=    116.43072038615445     
 iteration         9280 MCMCOBJ=    147.12246055850272     
 iteration         9300 MCMCOBJ=    133.70451950980822     
 iteration         9320 MCMCOBJ=    137.18805955115639     
 iteration         9340 MCMCOBJ=    117.22469626446959     
 iteration         9360 MCMCOBJ=    123.48051055995913     
 iteration         9380 MCMCOBJ=    155.07848014088691     
 iteration         9400 MCMCOBJ=    171.68383445583575     
 iteration         9420 MCMCOBJ=    128.27970451393557     
 iteration         9440 MCMCOBJ=    138.74906389335379     
 iteration         9460 MCMCOBJ=    114.56685884461068     
 iteration         9480 MCMCOBJ=    135.92556960639251     
 iteration         9500 MCMCOBJ=    157.68601686232347     
 iteration         9520 MCMCOBJ=    134.77371123530858     
 iteration         9540 MCMCOBJ=    110.56887661676629     
 iteration         9560 MCMCOBJ=    97.682214937632963     
 iteration         9580 MCMCOBJ=    152.16583984844490     
 iteration         9600 MCMCOBJ=    190.29124671172525     
 iteration         9620 MCMCOBJ=    114.59863312992441     
 iteration         9640 MCMCOBJ=    148.90884210963736     
 iteration         9660 MCMCOBJ=    118.38918774974395     
 iteration         9680 MCMCOBJ=    169.34117607179226     
 iteration         9700 MCMCOBJ=    134.12445411476372     
 iteration         9720 MCMCOBJ=    163.05668890165560     
 iteration         9740 MCMCOBJ=    132.68112702793894     
 iteration         9760 MCMCOBJ=    107.85441193043472     
 iteration         9780 MCMCOBJ=    81.496298490241131     
 iteration         9800 MCMCOBJ=    139.11984201012152     
 iteration         9820 MCMCOBJ=    124.08985467063268     
 iteration         9840 MCMCOBJ=    90.050171188981693     
 iteration         9860 MCMCOBJ=    65.499914408922251     
 iteration         9880 MCMCOBJ=    101.11455802873820     
 iteration         9900 MCMCOBJ=    140.17612656908574     
 iteration         9920 MCMCOBJ=    151.17529902841673     
 iteration         9940 MCMCOBJ=    102.39672095671186     
 iteration         9960 MCMCOBJ=    169.50790094466123     
 iteration         9980 MCMCOBJ=    121.71796534091241     
 iteration        10000 MCMCOBJ=    115.24426448291992     
 BURN-IN WAS COMPLETED

 #TERM:
 STATISTICAL PORTION WAS COMPLETED
  
 TOTAL DATA POINTS NORMALLY DISTRIBUTED (N):           72
 N*LOG(2PI) CONSTANT TO OBJECTIVE FUNCTION:    132.32714878147286     
 OBJECTIVE FUNCTION VALUE WITHOUT CONSTANT:    133.04107560832040     
 OBJECTIVE FUNCTION VALUE WITH CONSTANT:       265.36822438979323     
 REPORTED OBJECTIVE FUNCTION DOES NOT CONTAIN CONSTANT
  
 TOTAL EFFECTIVE ETAS (NIND*NETA):                            72
 NIND*NETA*LOG(2PI) CONSTANT TO OBJECTIVE FUNCTION:    132.32714878147286     
 OBJECTIVE FUNCTION VALUE WITHOUT CONSTANT:    133.04107560832040     
 OBJECTIVE FUNCTION VALUE WITH CONSTANT:       265.36822438979323     
 REPORTED OBJECTIVE FUNCTION DOES NOT CONTAIN CONSTANT
  
 PRIOR CONSTANT TO OBJECTIVE FUNCTION:    30.823646298206345     
 OBJECTIVE FUNCTION VALUE WITHOUT CONSTANT:    133.04107560832040     
 OBJECTIVE FUNCTION VALUE WITH CONSTANT:       163.86472190652674     
 REPORTED OBJECTIVE FUNCTION DOES NOT CONTAIN CONSTANT
  
 #TERE:
 Elapsed estimation  time in seconds:    45.82
 Elapsed covariance  time in seconds:     0.00
1
 
 
 
 
 
 
 
 
 
 
 
 
 
 
 
 
 
 
 
 
 ************************************************************************************************************************
 ********************                                                                                ********************
 ********************                              MCMC BAYESIAN ANALYSIS                            ********************
 #OBJT:**************                       AVERAGE VALUE OF LIKELIHOOD FUNCTION                     ********************
 ********************                                                                                ********************
 ************************************************************************************************************************
 





 #OBJV:********************************************      133.041       **************************************************
 #OBJS:********************************************       22.382 (STD) **************************************************
1
 ************************************************************************************************************************
 ********************                                                                                ********************
 ********************                              MCMC BAYESIAN ANALYSIS                            ********************
 ********************                             FINAL PARAMETER ESTIMATE                           ********************
 ********************                                                                                ********************
 ************************************************************************************************************************
 


 THETA - VECTOR OF FIXED EFFECTS PARAMETERS   *********


         THETA(CL) THETA(V) 
 
         2.87E+00  4.55E+01
 


 OMEGA - COV MATRIX FOR RANDOM EFFECTS - ETAS  ********


         ETA(CL)   ETA(V)   
 
 ETA(CL)
+        1.54E-01
 
 ETA(V)
+       -7.05E-04  1.58E-01
 


 SIGMA - COV MATRIX FOR RANDOM EFFECTS - EPSILONS  ****


         EPS1     
 
 EPS1
+        3.84E-02
 
1


 OMEGA - CORR MATRIX FOR RANDOM EFFECTS - ETAS  *******


         ETA(CL)   ETA(V)   
 
 ETA(CL)
+        3.83E-01
 
 ETA(V)
+        4.40E-03  3.77E-01
 


 SIGMA - CORR MATRIX FOR RANDOM EFFECTS - EPSILONS  ***


         EPS1     
 
 EPS1
+        1.94E-01
 
1
 ************************************************************************************************************************
 ********************                                                                                ********************
 ********************                              MCMC BAYESIAN ANALYSIS                            ********************
 ********************                STANDARD ERROR OF ESTIMATE (From Sample Variance)               ********************
 ********************                                                                                ********************
 ************************************************************************************************************************
 


 THETA - VECTOR OF FIXED EFFECTS PARAMETERS   *********


         THETA(CL) THETA(V) 
 
         2.90E-01  8.75E+00
 


 OMEGA - COV MATRIX FOR RANDOM EFFECTS - ETAS  ********


         ETA(CL)   ETA(V)   
 
 ETA(CL)
+        7.47E-02
 
 ETA(V)
+        6.00E-02  1.12E-01
 


 SIGMA - COV MATRIX FOR RANDOM EFFECTS - EPSILONS  ****


         EPS1     
 
 EPS1
+        1.10E-02
 
1


 OMEGA - CORR MATRIX FOR RANDOM EFFECTS - ETAS  *******


         ETA(CL)   ETA(V)   
 
 ETA(CL)
+        8.60E-02
 
 ETA(V)
+        3.59E-01  1.25E-01
 


 SIGMA - CORR MATRIX FOR RANDOM EFFECTS - EPSILONS  ***


         EPS1     
 
 EPS1
+        2.69E-02
 
1
 ************************************************************************************************************************
 ********************                                                                                ********************
 ********************                              MCMC BAYESIAN ANALYSIS                            ********************
 ********************               COVARIANCE MATRIX OF ESTIMATE (From Sample Variance)             ********************
 ********************                                                                                ********************
 ************************************************************************************************************************
 

            TH 1      TH 2      OM11      OM12      OM22      SG11  
 
 TH 1
+        8.43E-02
 
 TH 2
+       -8.33E-01  7.66E+01
 
 OM11
+       -6.44E-03  3.01E-01  5.57E-03
 
 OM12
+        6.28E-03  2.62E-02 -7.13E-04  3.60E-03
 
 OM22
+       -9.31E-03 -5.54E-02 -1.56E-03 -3.00E-05  1.24E-02
 
 SG11
+       -6.43E-05  8.23E-03 -5.00E-05 -4.52E-05 -9.99E-05  1.20E-04
 
1
 ************************************************************************************************************************
 ********************                                                                                ********************
 ********************                              MCMC BAYESIAN ANALYSIS                            ********************
 ********************              CORRELATION MATRIX OF ESTIMATE (From Sample Variance)             ********************
 ********************                                                                                ********************
 ************************************************************************************************************************
 

            TH 1      TH 2      OM11      OM12      OM22      SG11  
 
 TH 1
+        2.90E-01
 
 TH 2
+       -3.28E-01  8.75E+00
 
 OM11
+       -2.97E-01  4.61E-01  7.47E-02
 
 OM12
+        3.60E-01  4.99E-02 -1.59E-01  6.00E-02
 
 OM22
+       -2.87E-01 -5.67E-02 -1.88E-01 -4.48E-03  1.12E-01
 
 SG11
+       -2.02E-02  8.57E-02 -6.11E-02 -6.86E-02 -8.16E-02  1.10E-02
 
1
 ************************************************************************************************************************
 ********************                                                                                ********************
 ********************                              MCMC BAYESIAN ANALYSIS                            ********************
 ********************           INVERSE COVARIANCE MATRIX OF ESTIMATE (From Sample Variance)         ********************
 ********************                                                                                ********************
 ************************************************************************************************************************
 

            TH 1      TH 2      OM11      OM12      OM22      SG11  
 
 TH 1
+        1.87E+01
 
 TH 2
+        1.75E-01  1.89E-02
 
 OM11
+        1.28E+01 -8.93E-01  2.61E+02
 
 OM12
+       -3.11E+01 -6.40E-01  3.89E+01  3.46E+02
 
 OM22
+        1.63E+01  8.72E-02  4.02E+01 -1.91E+01  9.87E+01
 
 SG11
+        5.25E+00 -1.74E+00  2.24E+02  1.57E+02  9.42E+01  8.67E+03
 
 Elapsed postprocess time in seconds:     0.00
 #CPUT: Total CPU Time in Seconds,       33.344
Stop Time: 
Tue 01/03/2017 
10:28 PM
