Tue 01/03/2017 
10:27 PM
$PROB one cmpt simple mu modeled bayes multidose nids: 36 scenario: r1d
;; based_on: run100
$SUB ADVAN1 TRANS2
$INPUT ID TIME DV OBSNUM CMT EVID AMT RATE ADDL II 
$DATA ..\..\mdata\simple_nocovar_56id_6tp_md.csv
IGNORE=@ 
IGNORE=(OBSNUM.EQN.4)
IGNORE=(OBSNUM.EQN.5)
IGNORE=(OBSNUM.EQN.6)
IGNORE=(ID.GT.36)
$ABBR REPLACE THETA(CL, V) = THETA(1 to 2)
$ABBR REPLACE ETA(CL, V) = ETA(1 to 2)

$THETAI
THETA(1:NTHETA)=LOG(THETAI(1:NTHETA))
THETAP(1:NTHETAP)=LOG(THETAPI(1:NTHETAP))
$THETAR
THETAR(1:NTHETA)=EXP(THETA(1:NTHETA))
THETAPR(1:NTHETAP)=EXP(THETAP(1:NTHETAP))

$PRIOR NWPRI 

$PK
"USE NMBAYES_INT, ONLY: ITER_REPORT,BAYES_EXTRA_REQUEST,BAYES_EXTRA
; Request extra information for Bayesian analysis.
; An extra call will then be made for accepted samples
"BAYES_EXTRA_REQUEST=1

MU_1 = THETA(CL)
MU_2 = THETA(V)
CL = EXP(MU_1 + ETA(CL))
V = EXP(MU_2 + ETA(V))
S1 = V

"IF(BAYES_EXTRA==1 .AND. ITER_REPORT>=0 .AND. TIME==0.0) THEN
"WRITE(50,98) ITER_REPORT,ID,CL,V
"98 FORMAT(I12,1X,F14.0,4(1X,1PG12.5))
"ENDIF

$ERROR
IPRED=F
Y = IPRED*(1 + ERR(1))  

$THETA
(0.001, 2.5) ; TVCL
(0.001, 46) ; TVV

$OMEGA BLOCK(2)
0.1    ; nCL
0.1  0.1  ; nV

$SIGMA
0.03 ; PROP

; THETA PRIORS
$THETAP (2.5 FIX) (46 FIX) 

; THETA (uniformative) PRIORs
$THETAPV BLOCK(2)
10000 FIX
0.0 10000 

$OMEGAP BLOCK(2)
0.2 FIX
0 0.2

; degrees of freedom to prior omega matrix - low dof = highly uninformative
$OMEGAPD (2 FIX)

$EST METHOD=CHAIN FILE=..\run100.chn NSAMPLE=0 ISAMPLE=1 DF=20
$EST METHOD=BAYES INTER NBURN=4000 NITER=10000 PRINT=20 NOPRIOR=0 CTYPE=3 CITER=10 SEED=56664
  
NM-TRAN MESSAGES 
  
 WARNINGS AND ERRORS (IF ANY) FOR PROBLEM    1
             
 (WARNING  2) NM-TRAN INFERS THAT THE DATA ARE POPULATION.

 (MU_WARNING 20) MU_001: MU_ VARIABLE SHOULD NOT BE DEFINED AFTER VERBATIM CODE.
  
License Registered to: Devin Pastoor
Expiration Date:    14 NOV 2017
Current Date:        3 JAN 2017
Days until program expires : 311
1NONLINEAR MIXED EFFECTS MODEL PROGRAM (NONMEM) VERSION 7.4.0 alpha14 (nm74a14)
 ORIGINALLY DEVELOPED BY STUART BEAL, LEWIS SHEINER, AND ALISON BOECKMANN
 CURRENT DEVELOPERS ARE ROBERT BAUER, ICON DEVELOPMENT SOLUTIONS,
 AND ALISON BOECKMANN. IMPLEMENTATION, EFFICIENCY, AND STANDARDIZATION
 PERFORMED BY NOUS INFOSYSTEMS.

 PROBLEM NO.:         1
 one cmpt simple mu modeled bayes multidose nids: 36 scenario: r1d
0DATA CHECKOUT RUN:              NO
 DATA SET LOCATED ON UNIT NO.:    2
 THIS UNIT TO BE REWOUND:        NO
 NO. OF DATA RECS IN DATA SET:      144
 NO. OF DATA ITEMS IN DATA SET:  11
 ID DATA ITEM IS DATA ITEM NO.:   1
 DEP VARIABLE IS DATA ITEM NO.:   3
 MDV DATA ITEM IS DATA ITEM NO.: 11
0INDICES PASSED TO SUBROUTINE PRED:
   6   2   7   8   0  10   5   0   0   0   9
0LABELS FOR DATA ITEMS:
 ID TIME DV OBSNUM CMT EVID AMT RATE ADDL II MDV
0LABELS FOR THETAS
 THETA(1)=THETA(CL)
 THETA(2)=THETA(V)
0LABELS FOR ETAS
 ETA(1)=ETA(CL)
0LABELS FOR ETAS
 ETA(2)=ETA(V)
0FORMAT FOR DATA:
 (2E3.0,E17.0,3E2.0,2E5.0,E2.0,E3.0,1F2.0)

 TOT. NO. OF OBS RECS:      108
 TOT. NO. OF INDIVIDUALS:     36
0LENGTH OF THETA:   5
0DEFAULT THETA BOUNDARY TEST OMITTED:    NO
0OMEGA HAS BLOCK FORM:
  1
  1  1
  0  0  2
  0  0  2  2
  0  0  0  0  3
  0  0  0  0  3  3
0DEFAULT OMEGA BOUNDARY TEST OMITTED:    NO
0SIGMA HAS SIMPLE DIAGONAL FORM WITH DIMENSION:   1
0DEFAULT SIGMA BOUNDARY TEST OMITTED:    NO
0INITIAL ESTIMATE OF THETA:
 LOWER BOUND    INITIAL EST    UPPER BOUND
  0.1000E-02     0.2500E+01     0.1000E+07
  0.1000E-02     0.4600E+02     0.1000E+07
  0.2500E+01     0.2500E+01     0.2500E+01
  0.4600E+02     0.4600E+02     0.4600E+02
  0.2000E+01     0.2000E+01     0.2000E+01
0INITIAL ESTIMATE OF OMEGA:
 BLOCK SET NO.   BLOCK                                                                    FIXED
        1                                                                                   NO
 DIAGONAL SHIFT OF  1.1000E-07 WAS IMPOSED TO ENSURE POSITIVE DEFINITENESS
                  0.1000E+00
                  0.1000E+00   0.1000E+00
        2                                                                                  YES
                  0.1000E+05
                  0.0000E+00   0.1000E+05
        3                                                                                  YES
                  0.2000E+00
                  0.0000E+00   0.2000E+00
0INITIAL ESTIMATE OF SIGMA:
 0.3000E-01
0
 THETAI SUBROUTINE USER-SUPPLIED
 THETAR SUBROUTINE USER-SUPPLIED
 PRIOR SUBROUTINE USER-SUPPLIED
1DOUBLE PRECISION PREDPP VERSION 7.4.0 alpha14 (nm74a14)

 ONE COMPARTMENT MODEL (ADVAN1)
0MAXIMUM NO. OF BASIC PK PARAMETERS:   2
0BASIC PK PARAMETERS (AFTER TRANSLATION):
   ELIMINATION RATE (K) IS BASIC PK PARAMETER NO.:  1

 TRANSLATOR WILL CONVERT PARAMETERS
 CLEARANCE (CL) AND VOLUME (V) TO K (TRANS2)
0COMPARTMENT ATTRIBUTES
 COMPT. NO.   FUNCTION   INITIAL    ON/OFF      DOSE      DEFAULT    DEFAULT
                         STATUS     ALLOWED    ALLOWED    FOR DOSE   FOR OBS.
    1         CENTRAL      ON         NO         YES        YES        YES
    2         OUTPUT       OFF        YES        NO         NO         NO
1
 ADDITIONAL PK PARAMETERS - ASSIGNMENT OF ROWS IN GG
 COMPT. NO.                             INDICES
              SCALE      BIOAVAIL.   ZERO-ORDER  ZERO-ORDER  ABSORB
                         FRACTION    RATE        DURATION    LAG
    1            3           *           *           *           *
    2            *           -           -           -           -
             - PARAMETER IS NOT ALLOWED FOR THIS MODEL
             * PARAMETER IS NOT SUPPLIED BY PK SUBROUTINE;
               WILL DEFAULT TO ONE IF APPLICABLE
0DATA ITEM INDICES USED BY PRED ARE:
   EVENT ID DATA ITEM IS DATA ITEM NO.:      6
   TIME DATA ITEM IS DATA ITEM NO.:          2
   DOSE AMOUNT DATA ITEM IS DATA ITEM NO.:   7
   DOSE RATE DATA ITEM IS DATA ITEM NO.:     8
   INTERVAL DATA ITEM IS DATA ITEM NO.:     10
   ADDL. DOSES DATA ITEM IS DATA ITEM NO.:   9
   COMPT. NO. DATA ITEM IS DATA ITEM NO.:    5

0PK SUBROUTINE CALLED WITH EVERY EVENT RECORD.
 PK SUBROUTINE NOT CALLED AT NONEVENT (ADDITIONAL OR LAGGED) DOSE TIMES.
0ERROR SUBROUTINE CALLED WITH EVERY EVENT RECORD.
1


 #TBLN:      1
 #METH: Chain Method Processing

 RANDOM GENERATION TYPE (CTYPE):     0
 RANDOM GENERATION SEED (SEED):      11456
 RANDOM SAMPLE SELECTION (ISAMPLE):  1
 RANDOM SAMPLE RANGE END (ISAMPEND): -2147483647
 NUMBER OF RANDOM SAMPLES (NSAMPLE): 0
 UNIFORM FRACTIONAL RANGE (IACCEPT): 0.400000000000000
 RANDOM SELECTION TYPE (SELECT):     0
 DEG. FR. TO GENERATE OMEGAS (DF):   20
 DEG. FR. TO GENERATE SIGMAS (DFS):  -1
 CHAIN FILE (FILE):                  ..\run100.chn
 EXCL. TITLE IN CHAIN FILE (NOTITLE):NO
 EX. COL. LBS. IN CHAIN FL.(NOLABEL):NO
 FORMAT FOR CHAIN FILE (FORMAT):     S1PE12.5
 PAR. ORDER in CHAIN FILE (ORDER):   TSOL
 RANDOM SAMPLING METHOD (RANMETHOD):3U

 THE FOLLOWING LABELS ARE EQUIVALENT
 PRED=NPRED
 RES=NRES
 WRES=NWRES
 IWRS=NIWRES
 IPRD=NIPRED
 IRS=NIRES



 FROM SAMPLE 1 OF CHAIN FILE ..\run100.chn
 NEW INITIAL ESTIMATES OF THETA
  0.2537E-01
  0.6427E-01
 NEW INITIAL ESTIMATES OF OMEGA
 DIAGONAL SHIFT OF  1.2800E-07 WAS IMPOSED ON OMEGAS TO ENSURE POSITIVE DEFINITENESS
  0.1164E+00
  0.1164E+00  0.1164E+00
 NEW INITIAL ESTIMATES OF SIGMA
  0.3730E-01
1


 #TBLN:      1
 #METH: MCMC Bayesian Analysis

 ESTIMATION STEP OMITTED:                 NO
 ANALYSIS TYPE:                           POPULATION
 NUMBER OF SADDLE POINT RESET ITERATIONS:      0
 GRADIENT METHOD USED:               NOSLOW
 CONDITIONAL ESTIMATES USED:              YES
 CENTERED ETA:                            NO
 EPS-ETA INTERACTION:                     YES
 LAPLACIAN OBJ. FUNC.:                    NO
 NO. OF FUNCT. EVALS. ALLOWED:            840
 NO. OF SIG. FIGURES REQUIRED:            3
 INTERMEDIATE PRINTOUT:                   YES
 ESTIMATE OUTPUT TO MSF:                  NO
 IND. OBJ. FUNC. VALUES SORTED:           NO
 NUMERICAL DERIVATIVE
       FILE REQUEST (NUMDER):               NONE
 MAP (ETAHAT) ESTIMATION METHOD (OPTMAP):   0
 ETA HESSIAN EVALUATION METHOD (ETADER):    0
 INITIAL ETA FOR MAP ESTIMATION (MCETA):    0
 SIGDIGITS FOR MAP ESTIMATION (SIGLO):      100
 GRADIENT SIGDIGITS OF
       FIXED EFFECTS PARAMETERS (SIGL):     100
 NOPRIOR SETTING (NOPRIOR):                 OFF
 NOCOV SETTING (NOCOV):                     OFF
 DERCONT SETTING (DERCONT):                 OFF
 FINAL ETA RE-EVALUATION (FNLETA):          ON
 EXCLUDE NON-INFLUENTIAL (NON-INFL.) ETAS
       IN SHRINKAGE (ETASTYPE):             NO
 NON-INFL. ETA CORRECTION (NONINFETA):      OFF
 RAW OUTPUT FILE (FILE): run115_nids_36_r1d_c1.ext
 EXCLUDE TITLE (NOTITLE):                   NO
 EXCLUDE COLUMN LABELS (NOLABEL):           NO
 FORMAT FOR ADDITIONAL FILES (FORMAT):      S1PE12.5
 PARAMETER ORDER FOR OUTPUTS (ORDER):       TSOL
 WISHART PRIOR DF INTERPRETATION (WISHTYPE):0
 KNUTHSUMOFF:                               0
 INCLUDE LNTWOPI:                           NO
 INCLUDE CONSTANT TERM TO PRIOR (PRIORC):   NO
 INCLUDE CONSTANT TERM TO OMEGA (ETA) (OLNTWOPI):NO
 EM OR BAYESIAN METHOD USED:                MCMC BAYESIAN (BAYES)
 MU MODELING PATTERN (MUM):
 GRADIENT/GIBBS PATTERN (GRD):
 AUTOMATIC SETTING FEATURE (AUTO):          OFF
 CONVERGENCE TYPE (CTYPE):                  3
 KEEP ITERATIONS (THIN):            1
 CONVERGENCE INTERVAL (CINTERVAL):          20
 CONVERGENCE ITERATIONS (CITER):            10
 CONVERGENCE ALPHA ERROR (CALPHA):          5.000000000000000E-02
 BURN-IN ITERATIONS (NBURN):                4000
 ITERATIONS (NITER):                        10000
 ANEAL SETTING (CONSTRAIN):                 1
 STARTING SEED FOR MC METHODS (SEED):       56664
 MC SAMPLES PER SUBJECT (ISAMPLE):          1
 RANDOM SAMPLING METHOD (RANMETHOD):        3U
 PROPOSAL DENSITY SCALING RANGE
              (ISCALE_MIN, ISCALE_MAX):     1.000000000000000E-06   ,1000000.00000000
 SAMPLE ACCEPTANCE RATE (IACCEPT):          0.400000000000000
 METROPOLIS HASTINGS SAMPLING FOR INDIVIDUAL ETAS:
 SAMPLES FOR GLOBAL SEARCH KERNEL (ISAMPLE_M1):          2
 SAMPLES FOR NEIGHBOR SEARCH KERNEL (ISAMPLE_M1A):       0
 SAMPLES FOR MASS/IMP/POST. MATRIX SEARCH (ISAMPLE_M1B): 2
 SAMPLES FOR LOCAL SEARCH KERNEL (ISAMPLE_M2):           2
 SAMPLES FOR LOCAL UNIVARIATE KERNEL (ISAMPLE_M3):       2
 PWR. WT. MASS/IMP/POST MATRIX ACCUM. FOR ETAS (IKAPPA): 1.00000000000000
 MASS/IMP./POST. MATRIX REFRESH SETTING (MASSREST):      -1
 METROPOLIS HASTINGS POPULATION SAMPLING FOR NON-GIBBS
 SAMPLED THETAS AND SIGMAS:
 PROPOSAL DENSITY SCALING RANGE
              (PSCALE_MIN, PSCALE_MAX):   1.000000000000000E-02   ,1000.00000000000
 SAMPLE ACCEPTANCE RATE (PACCEPT):                       0.500000000000000
 SAMPLES FOR GLOBAL SEARCH KERNEL (PSAMPLE_M1):          1
 SAMPLES FOR LOCAL SEARCH KERNEL (PSAMPLE_M2):           -1
 SAMPLES FOR LOCAL UNIVARIATE KERNEL (PSAMPLE_M3):       1
 METROPOLIS HASTINGS POPULATION SAMPLING FOR NON-GIBBS
 SAMPLED OMEGAS:
 SAMPLE ACCEPTANCE RATE (OACCEPT):                       0.500000000000000
 SAMPLES FOR GLOBAL SEARCH KERNEL (OSAMPLE_M1):          -1
 SAMPLES FOR LOCAL SEARCH KERNEL (OSAMPLE_M2):           -1
 SAMPLES FOR LOCAL UNIVARIATE SEARCH KERNEL (OSAMPLE_M3):0
 DEG. FR. FOR T DIST.  PRIOR FOR THETAS (TTDF):        0.00000000000000
 DEG. FR. FOR LKJ CORRELATION PRIOR FOR OMEGAS (OLKJDF): 0.00000000000000
 WEIGHT FACTOR FOR STD PRIOR FOR OMEGAS (OVARF): 1.00000000000000
 DEG. FR. FOR LKJ CORRELATION PRIOR FOR SIGMAS (SLKJDF): 0.00000000000000
 WEIGHT FACTOR FOR STD PRIOR FOR SIGMAS (SVARF): 1.00000000000000


 THE FOLLOWING LABELS ARE EQUIVALENT
 PRED=PREDI
 RES=RESI
 WRES=WRESI
 IWRS=IWRESI
 IPRD=IPREDI
 IRS=IRESI

 EM/BAYES SETUP:
 THETAS THAT ARE MU MODELED:
   1   2
 THETAS THAT ARE GIBBS SAMPLED:
   1   2
 THETAS THAT ARE METROPOLIS-HASTINGS SAMPLED:
 
 SIGMAS THAT ARE GIBBS SAMPLED:
   1
 SIGMAS THAT ARE METROPOLIS-HASTINGS SAMPLED:
 
 OMEGAS ARE GIBBS SAMPLED

 MONITORING OF SEARCH:

 Burn-in Mode
 iteration        -4000 MCMCOBJ=    3133449.4088279819     
 iteration        -3980 MCMCOBJ=    1031.2171673788503     
 iteration        -3960 MCMCOBJ=    962.41256359477575     
 iteration        -3940 MCMCOBJ=    238.05893556426943     
 iteration        -3920 MCMCOBJ=    233.83583215170157     
 iteration        -3900 MCMCOBJ=    263.49933801925567     
 iteration        -3880 MCMCOBJ=    295.37396325492585     
 iteration        -3860 MCMCOBJ=    263.72778415375365     
 iteration        -3840 MCMCOBJ=    257.02135685018095     
 iteration        -3820 MCMCOBJ=    245.54725286324100     
 iteration        -3800 MCMCOBJ=    248.77180171873164     
 iteration        -3780 MCMCOBJ=    267.09950501851063     
 Convergence achieved
 Sampling Mode
 iteration            0 MCMCOBJ=    281.74100439165153     
 iteration           20 MCMCOBJ=    244.44253313399096     
 iteration           40 MCMCOBJ=    251.83480215370821     
 iteration           60 MCMCOBJ=    266.15912682742299     
 iteration           80 MCMCOBJ=    243.49577786984125     
 iteration          100 MCMCOBJ=    279.75290064137312     
 iteration          120 MCMCOBJ=    231.70931507276305     
 iteration          140 MCMCOBJ=    243.57035566920467     
 iteration          160 MCMCOBJ=    224.50970000392411     
 iteration          180 MCMCOBJ=    231.17732358652785     
 iteration          200 MCMCOBJ=    234.53359380268029     
 iteration          220 MCMCOBJ=    251.86518414859933     
 iteration          240 MCMCOBJ=    253.69521029955450     
 iteration          260 MCMCOBJ=    255.21582747528817     
 iteration          280 MCMCOBJ=    260.09175260082822     
 iteration          300 MCMCOBJ=    252.87955632959822     
 iteration          320 MCMCOBJ=    250.41874356932533     
 iteration          340 MCMCOBJ=    277.29586644950894     
 iteration          360 MCMCOBJ=    290.35326095810922     
 iteration          380 MCMCOBJ=    256.81660182137080     
 iteration          400 MCMCOBJ=    231.14562943311708     
 iteration          420 MCMCOBJ=    257.92741834148512     
 iteration          440 MCMCOBJ=    246.88556320197890     
 iteration          460 MCMCOBJ=    288.54410153074588     
 iteration          480 MCMCOBJ=    255.68805918710177     
 iteration          500 MCMCOBJ=    277.32650305504404     
 iteration          520 MCMCOBJ=    247.21683428611192     
 iteration          540 MCMCOBJ=    247.37036308585314     
 iteration          560 MCMCOBJ=    228.05084681397418     
 iteration          580 MCMCOBJ=    238.05324291597790     
 iteration          600 MCMCOBJ=    246.49989742378145     
 iteration          620 MCMCOBJ=    261.98556025706284     
 iteration          640 MCMCOBJ=    263.03530250040103     
 iteration          660 MCMCOBJ=    263.95719250842524     
 iteration          680 MCMCOBJ=    244.20695958325496     
 iteration          700 MCMCOBJ=    243.87471172197596     
 iteration          720 MCMCOBJ=    279.63715610011121     
 iteration          740 MCMCOBJ=    242.86290837942408     
 iteration          760 MCMCOBJ=    255.93531116852657     
 iteration          780 MCMCOBJ=    244.22313113089763     
 iteration          800 MCMCOBJ=    290.14481965763935     
 iteration          820 MCMCOBJ=    250.76358618842849     
 iteration          840 MCMCOBJ=    305.30793485571382     
 iteration          860 MCMCOBJ=    273.42156030742228     
 iteration          880 MCMCOBJ=    267.89917517507962     
 iteration          900 MCMCOBJ=    255.03304643574504     
 iteration          920 MCMCOBJ=    258.03866146356881     
 iteration          940 MCMCOBJ=    265.06766753166897     
 iteration          960 MCMCOBJ=    267.69659644190182     
 iteration          980 MCMCOBJ=    242.58206339807319     
 iteration         1000 MCMCOBJ=    274.67018837781416     
 iteration         1020 MCMCOBJ=    250.58359773467248     
 iteration         1040 MCMCOBJ=    262.80662966125044     
 iteration         1060 MCMCOBJ=    263.88529618949684     
 iteration         1080 MCMCOBJ=    254.44504524441305     
 iteration         1100 MCMCOBJ=    244.01531705944547     
 iteration         1120 MCMCOBJ=    247.26293114529824     
 iteration         1140 MCMCOBJ=    279.37059699339130     
 iteration         1160 MCMCOBJ=    252.71629524410574     
 iteration         1180 MCMCOBJ=    258.84953394740671     
 iteration         1200 MCMCOBJ=    218.43915610920982     
 iteration         1220 MCMCOBJ=    221.92749462769493     
 iteration         1240 MCMCOBJ=    248.40555142504195     
 iteration         1260 MCMCOBJ=    229.08209577408627     
 iteration         1280 MCMCOBJ=    249.92509782910372     
 iteration         1300 MCMCOBJ=    235.86444275784638     
 iteration         1320 MCMCOBJ=    271.69482606633545     
 iteration         1340 MCMCOBJ=    263.78797365766042     
 iteration         1360 MCMCOBJ=    236.64939360894749     
 iteration         1380 MCMCOBJ=    265.56721812734168     
 iteration         1400 MCMCOBJ=    266.34364318090820     
 iteration         1420 MCMCOBJ=    265.00436898075560     
 iteration         1440 MCMCOBJ=    248.92566719878224     
 iteration         1460 MCMCOBJ=    259.64125859199237     
 iteration         1480 MCMCOBJ=    261.22948650706365     
 iteration         1500 MCMCOBJ=    260.41464850187958     
 iteration         1520 MCMCOBJ=    236.50850853282594     
 iteration         1540 MCMCOBJ=    254.43356499836523     
 iteration         1560 MCMCOBJ=    234.46171347236481     
 iteration         1580 MCMCOBJ=    245.83598613310934     
 iteration         1600 MCMCOBJ=    261.55459893015251     
 iteration         1620 MCMCOBJ=    263.76999497930274     
 iteration         1640 MCMCOBJ=    245.95321941545353     
 iteration         1660 MCMCOBJ=    268.90775515291119     
 iteration         1680 MCMCOBJ=    256.42128440756881     
 iteration         1700 MCMCOBJ=    275.95119126889119     
 iteration         1720 MCMCOBJ=    251.13773884771126     
 iteration         1740 MCMCOBJ=    222.46419325006343     
 iteration         1760 MCMCOBJ=    255.71193930714642     
 iteration         1780 MCMCOBJ=    268.99425849601033     
 iteration         1800 MCMCOBJ=    265.46542555497564     
 iteration         1820 MCMCOBJ=    261.44886355569196     
 iteration         1840 MCMCOBJ=    252.46594444858437     
 iteration         1860 MCMCOBJ=    270.95119194214408     
 iteration         1880 MCMCOBJ=    255.53954422392505     
 iteration         1900 MCMCOBJ=    242.76385616958470     
 iteration         1920 MCMCOBJ=    280.89882145280160     
 iteration         1940 MCMCOBJ=    262.30771149174973     
 iteration         1960 MCMCOBJ=    251.81715794365951     
 iteration         1980 MCMCOBJ=    259.01206639319741     
 iteration         2000 MCMCOBJ=    249.85110406398545     
 iteration         2020 MCMCOBJ=    264.61548672318270     
 iteration         2040 MCMCOBJ=    246.69935412666970     
 iteration         2060 MCMCOBJ=    230.47069822060297     
 iteration         2080 MCMCOBJ=    237.68675540553352     
 iteration         2100 MCMCOBJ=    274.70304607896952     
 iteration         2120 MCMCOBJ=    257.90065203550563     
 iteration         2140 MCMCOBJ=    247.47380234840915     
 iteration         2160 MCMCOBJ=    286.18753511901423     
 iteration         2180 MCMCOBJ=    233.87917763369799     
 iteration         2200 MCMCOBJ=    270.73994572782442     
 iteration         2220 MCMCOBJ=    250.90907672215445     
 iteration         2240 MCMCOBJ=    249.61565734176159     
 iteration         2260 MCMCOBJ=    260.81335969571847     
 iteration         2280 MCMCOBJ=    230.50849251194757     
 iteration         2300 MCMCOBJ=    240.85218154461816     
 iteration         2320 MCMCOBJ=    267.42457208779473     
 iteration         2340 MCMCOBJ=    250.85784785899352     
 iteration         2360 MCMCOBJ=    220.67947866594713     
 iteration         2380 MCMCOBJ=    246.02536074845386     
 iteration         2400 MCMCOBJ=    242.89827392581407     
 iteration         2420 MCMCOBJ=    243.24684801060499     
 iteration         2440 MCMCOBJ=    239.55513611661232     
 iteration         2460 MCMCOBJ=    245.60341025443810     
 iteration         2480 MCMCOBJ=    255.49887266311674     
 iteration         2500 MCMCOBJ=    240.70882599111394     
 iteration         2520 MCMCOBJ=    246.89656397865772     
 iteration         2540 MCMCOBJ=    277.32617956495318     
 iteration         2560 MCMCOBJ=    244.82736135837519     
 iteration         2580 MCMCOBJ=    226.85111298853343     
 iteration         2600 MCMCOBJ=    282.50861505755319     
 iteration         2620 MCMCOBJ=    247.33947263754794     
 iteration         2640 MCMCOBJ=    241.36749578108564     
 iteration         2660 MCMCOBJ=    270.90635574630056     
 iteration         2680 MCMCOBJ=    259.59331227453094     
 iteration         2700 MCMCOBJ=    262.17366749714807     
 iteration         2720 MCMCOBJ=    229.55986064003326     
 iteration         2740 MCMCOBJ=    234.16222345344582     
 iteration         2760 MCMCOBJ=    253.17960988310301     
 iteration         2780 MCMCOBJ=    260.62688465689990     
 iteration         2800 MCMCOBJ=    265.84388101721964     
 iteration         2820 MCMCOBJ=    244.71004503687121     
 iteration         2840 MCMCOBJ=    248.75048522174251     
 iteration         2860 MCMCOBJ=    258.22380185685938     
 iteration         2880 MCMCOBJ=    255.16037985667785     
 iteration         2900 MCMCOBJ=    252.15194626725935     
 iteration         2920 MCMCOBJ=    269.89191900707402     
 iteration         2940 MCMCOBJ=    241.09987458149911     
 iteration         2960 MCMCOBJ=    269.61585421649249     
 iteration         2980 MCMCOBJ=    234.42538007902593     
 iteration         3000 MCMCOBJ=    237.17968331561701     
 iteration         3020 MCMCOBJ=    232.72390876404893     
 iteration         3040 MCMCOBJ=    226.85702040290121     
 iteration         3060 MCMCOBJ=    247.16588571575863     
 iteration         3080 MCMCOBJ=    233.83440843124566     
 iteration         3100 MCMCOBJ=    251.33527127460488     
 iteration         3120 MCMCOBJ=    256.99278333982460     
 iteration         3140 MCMCOBJ=    231.64548991956363     
 iteration         3160 MCMCOBJ=    242.46511123978593     
 iteration         3180 MCMCOBJ=    264.62655908543354     
 iteration         3200 MCMCOBJ=    277.74108636380356     
 iteration         3220 MCMCOBJ=    243.49042148170966     
 iteration         3240 MCMCOBJ=    239.03811951256657     
 iteration         3260 MCMCOBJ=    259.92504683039152     
 iteration         3280 MCMCOBJ=    216.21559693213743     
 iteration         3300 MCMCOBJ=    242.69685499224323     
 iteration         3320 MCMCOBJ=    295.23952117986488     
 iteration         3340 MCMCOBJ=    239.74992861295942     
 iteration         3360 MCMCOBJ=    248.72351324755445     
 iteration         3380 MCMCOBJ=    225.60246733964684     
 iteration         3400 MCMCOBJ=    268.01839199988819     
 iteration         3420 MCMCOBJ=    249.14587838629009     
 iteration         3440 MCMCOBJ=    259.99132226778130     
 iteration         3460 MCMCOBJ=    283.73201656396003     
 iteration         3480 MCMCOBJ=    272.76946515772067     
 iteration         3500 MCMCOBJ=    234.31767301710798     
 iteration         3520 MCMCOBJ=    222.85600784640454     
 iteration         3540 MCMCOBJ=    241.17618213081860     
 iteration         3560 MCMCOBJ=    224.54306293661088     
 iteration         3580 MCMCOBJ=    253.18729357847704     
 iteration         3600 MCMCOBJ=    259.19876441067635     
 iteration         3620 MCMCOBJ=    268.19277986869224     
 iteration         3640 MCMCOBJ=    231.36210889085535     
 iteration         3660 MCMCOBJ=    277.07914461983398     
 iteration         3680 MCMCOBJ=    260.72868322039670     
 iteration         3700 MCMCOBJ=    246.41789353847122     
 iteration         3720 MCMCOBJ=    236.35865897855780     
 iteration         3740 MCMCOBJ=    264.46732044911755     
 iteration         3760 MCMCOBJ=    308.48502549113471     
 iteration         3780 MCMCOBJ=    256.83569038493476     
 iteration         3800 MCMCOBJ=    218.85105466498050     
 iteration         3820 MCMCOBJ=    243.19042960826584     
 iteration         3840 MCMCOBJ=    242.09345796756944     
 iteration         3860 MCMCOBJ=    229.34984534622879     
 iteration         3880 MCMCOBJ=    260.17301245867156     
 iteration         3900 MCMCOBJ=    264.88631489937165     
 iteration         3920 MCMCOBJ=    251.02438576548690     
 iteration         3940 MCMCOBJ=    246.06630269090996     
 iteration         3960 MCMCOBJ=    264.45742160142385     
 iteration         3980 MCMCOBJ=    246.57418328904765     
 iteration         4000 MCMCOBJ=    244.93996642834631     
 iteration         4020 MCMCOBJ=    239.12461717314287     
 iteration         4040 MCMCOBJ=    272.58096368020608     
 iteration         4060 MCMCOBJ=    264.78949087619338     
 iteration         4080 MCMCOBJ=    252.99722389577113     
 iteration         4100 MCMCOBJ=    254.70958264962508     
 iteration         4120 MCMCOBJ=    262.81667570486883     
 iteration         4140 MCMCOBJ=    253.25619542876501     
 iteration         4160 MCMCOBJ=    250.16787821607622     
 iteration         4180 MCMCOBJ=    218.99709324642680     
 iteration         4200 MCMCOBJ=    232.55421533743041     
 iteration         4220 MCMCOBJ=    263.97466715481960     
 iteration         4240 MCMCOBJ=    276.16440103470489     
 iteration         4260 MCMCOBJ=    240.40043940969778     
 iteration         4280 MCMCOBJ=    265.94196579147729     
 iteration         4300 MCMCOBJ=    249.68433785109565     
 iteration         4320 MCMCOBJ=    221.37282414941052     
 iteration         4340 MCMCOBJ=    245.23645291621327     
 iteration         4360 MCMCOBJ=    265.86821415812369     
 iteration         4380 MCMCOBJ=    244.98551827643422     
 iteration         4400 MCMCOBJ=    247.32822745205425     
 iteration         4420 MCMCOBJ=    234.13977246708924     
 iteration         4440 MCMCOBJ=    246.96389379709814     
 iteration         4460 MCMCOBJ=    229.27978228474026     
 iteration         4480 MCMCOBJ=    270.11484640580278     
 iteration         4500 MCMCOBJ=    265.92654588281408     
 iteration         4520 MCMCOBJ=    264.40943799580594     
 iteration         4540 MCMCOBJ=    235.47760834775619     
 iteration         4560 MCMCOBJ=    254.64961644679479     
 iteration         4580 MCMCOBJ=    257.06010923243377     
 iteration         4600 MCMCOBJ=    265.50736130697743     
 iteration         4620 MCMCOBJ=    259.02351996569496     
 iteration         4640 MCMCOBJ=    264.68610995520305     
 iteration         4660 MCMCOBJ=    252.66310243827928     
 iteration         4680 MCMCOBJ=    262.97386244624278     
 iteration         4700 MCMCOBJ=    249.47877301313031     
 iteration         4720 MCMCOBJ=    250.79633405243945     
 iteration         4740 MCMCOBJ=    242.72935690307312     
 iteration         4760 MCMCOBJ=    255.70268794111959     
 iteration         4780 MCMCOBJ=    266.64676635620492     
 iteration         4800 MCMCOBJ=    277.76221373306220     
 iteration         4820 MCMCOBJ=    242.26563259138345     
 iteration         4840 MCMCOBJ=    245.92026680769501     
 iteration         4860 MCMCOBJ=    282.72185770154516     
 iteration         4880 MCMCOBJ=    251.29226847259937     
 iteration         4900 MCMCOBJ=    266.20641109035552     
 iteration         4920 MCMCOBJ=    249.31120845104525     
 iteration         4940 MCMCOBJ=    238.34473938772979     
 iteration         4960 MCMCOBJ=    286.82961813739001     
 iteration         4980 MCMCOBJ=    285.53791745130388     
 iteration         5000 MCMCOBJ=    264.41503798493051     
 iteration         5020 MCMCOBJ=    256.64412740432141     
 iteration         5040 MCMCOBJ=    272.13889519712302     
 iteration         5060 MCMCOBJ=    268.59527846598479     
 iteration         5080 MCMCOBJ=    258.07785071016440     
 iteration         5100 MCMCOBJ=    252.04721148370601     
 iteration         5120 MCMCOBJ=    231.98593131889626     
 iteration         5140 MCMCOBJ=    247.44512240730626     
 iteration         5160 MCMCOBJ=    246.34262386804912     
 iteration         5180 MCMCOBJ=    287.04859865779690     
 iteration         5200 MCMCOBJ=    257.57441229870648     
 iteration         5220 MCMCOBJ=    229.74246993783876     
 iteration         5240 MCMCOBJ=    236.33052995257000     
 iteration         5260 MCMCOBJ=    271.31448852482339     
 iteration         5280 MCMCOBJ=    259.09723871198997     
 iteration         5300 MCMCOBJ=    256.36814590892652     
 iteration         5320 MCMCOBJ=    236.96877703392175     
 iteration         5340 MCMCOBJ=    271.36959488470200     
 iteration         5360 MCMCOBJ=    233.95454883970885     
 iteration         5380 MCMCOBJ=    265.40788974939153     
 iteration         5400 MCMCOBJ=    241.88875843083636     
 iteration         5420 MCMCOBJ=    225.78562154630842     
 iteration         5440 MCMCOBJ=    247.89309585379351     
 iteration         5460 MCMCOBJ=    238.66738785385766     
 iteration         5480 MCMCOBJ=    257.90511683614147     
 iteration         5500 MCMCOBJ=    243.26883791532958     
 iteration         5520 MCMCOBJ=    254.89010594297537     
 iteration         5540 MCMCOBJ=    291.73939994210400     
 iteration         5560 MCMCOBJ=    242.22012629818815     
 iteration         5580 MCMCOBJ=    242.34494334798347     
 iteration         5600 MCMCOBJ=    264.94711068332577     
 iteration         5620 MCMCOBJ=    253.58351294002236     
 iteration         5640 MCMCOBJ=    247.59953242525432     
 iteration         5660 MCMCOBJ=    282.29825498465033     
 iteration         5680 MCMCOBJ=    215.60442971870373     
 iteration         5700 MCMCOBJ=    229.95232097865710     
 iteration         5720 MCMCOBJ=    252.10327032448961     
 iteration         5740 MCMCOBJ=    251.10348062466443     
 iteration         5760 MCMCOBJ=    241.10758967317017     
 iteration         5780 MCMCOBJ=    257.73894722920807     
 iteration         5800 MCMCOBJ=    258.34271424934241     
 iteration         5820 MCMCOBJ=    255.61921526196636     
 iteration         5840 MCMCOBJ=    236.18433535606744     
 iteration         5860 MCMCOBJ=    251.46504776541411     
 iteration         5880 MCMCOBJ=    240.54324658641443     
 iteration         5900 MCMCOBJ=    250.55306022681995     
 iteration         5920 MCMCOBJ=    245.60811743606919     
 iteration         5940 MCMCOBJ=    241.20410448681531     
 iteration         5960 MCMCOBJ=    243.54787641390010     
 iteration         5980 MCMCOBJ=    255.85399687354300     
 iteration         6000 MCMCOBJ=    244.90923716696685     
 iteration         6020 MCMCOBJ=    250.73949268919804     
 iteration         6040 MCMCOBJ=    242.88563501672428     
 iteration         6060 MCMCOBJ=    237.72172486101795     
 iteration         6080 MCMCOBJ=    269.20297686549259     
 iteration         6100 MCMCOBJ=    252.45323163138966     
 iteration         6120 MCMCOBJ=    261.23326978256176     
 iteration         6140 MCMCOBJ=    263.55627055045301     
 iteration         6160 MCMCOBJ=    243.16760644694133     
 iteration         6180 MCMCOBJ=    230.54126313270456     
 iteration         6200 MCMCOBJ=    257.97663943054584     
 iteration         6220 MCMCOBJ=    257.06790726078924     
 iteration         6240 MCMCOBJ=    271.50917011336003     
 iteration         6260 MCMCOBJ=    266.94999239501311     
 iteration         6280 MCMCOBJ=    260.68345096222839     
 iteration         6300 MCMCOBJ=    252.73708502079876     
 iteration         6320 MCMCOBJ=    284.41821347823918     
 iteration         6340 MCMCOBJ=    254.06510575897539     
 iteration         6360 MCMCOBJ=    246.60508050583559     
 iteration         6380 MCMCOBJ=    253.33411156548422     
 iteration         6400 MCMCOBJ=    285.04901281082539     
 iteration         6420 MCMCOBJ=    261.42000527367327     
 iteration         6440 MCMCOBJ=    242.60991025516711     
 iteration         6460 MCMCOBJ=    242.17079429159520     
 iteration         6480 MCMCOBJ=    268.18568923645267     
 iteration         6500 MCMCOBJ=    254.19611703014286     
 iteration         6520 MCMCOBJ=    233.57433448046754     
 iteration         6540 MCMCOBJ=    231.44038354653924     
 iteration         6560 MCMCOBJ=    255.62542136724713     
 iteration         6580 MCMCOBJ=    238.48487168378969     
 iteration         6600 MCMCOBJ=    256.16616934984120     
 iteration         6620 MCMCOBJ=    265.29566434061007     
 iteration         6640 MCMCOBJ=    248.33520883485465     
 iteration         6660 MCMCOBJ=    253.54456310640580     
 iteration         6680 MCMCOBJ=    219.07821104530353     
 iteration         6700 MCMCOBJ=    250.41113612938227     
 iteration         6720 MCMCOBJ=    263.89318441642854     
 iteration         6740 MCMCOBJ=    260.06467736282036     
 iteration         6760 MCMCOBJ=    248.05876512143780     
 iteration         6780 MCMCOBJ=    272.40696908265647     
 iteration         6800 MCMCOBJ=    250.38956879201217     
 iteration         6820 MCMCOBJ=    239.84191048676379     
 iteration         6840 MCMCOBJ=    294.22139471578453     
 iteration         6860 MCMCOBJ=    222.37465555414525     
 iteration         6880 MCMCOBJ=    245.94969649027030     
 iteration         6900 MCMCOBJ=    240.52199791413247     
 iteration         6920 MCMCOBJ=    219.71501459417226     
 iteration         6940 MCMCOBJ=    236.34297638568452     
 iteration         6960 MCMCOBJ=    251.05367026495892     
 iteration         6980 MCMCOBJ=    287.16582278472242     
 iteration         7000 MCMCOBJ=    266.02555328847558     
 iteration         7020 MCMCOBJ=    257.85013084886651     
 iteration         7040 MCMCOBJ=    285.49408846566524     
 iteration         7060 MCMCOBJ=    241.05604215552685     
 iteration         7080 MCMCOBJ=    275.84428374300796     
 iteration         7100 MCMCOBJ=    251.02535700044356     
 iteration         7120 MCMCOBJ=    259.45550297652744     
 iteration         7140 MCMCOBJ=    238.05072372279039     
 iteration         7160 MCMCOBJ=    266.07317484577152     
 iteration         7180 MCMCOBJ=    261.00135207843982     
 iteration         7200 MCMCOBJ=    263.44318558640566     
 iteration         7220 MCMCOBJ=    235.25737397073974     
 iteration         7240 MCMCOBJ=    226.86121945282653     
 iteration         7260 MCMCOBJ=    241.93812404053813     
 iteration         7280 MCMCOBJ=    275.20742647608171     
 iteration         7300 MCMCOBJ=    255.61727849351487     
 iteration         7320 MCMCOBJ=    250.20500885858107     
 iteration         7340 MCMCOBJ=    242.97635325148275     
 iteration         7360 MCMCOBJ=    247.48706529939628     
 iteration         7380 MCMCOBJ=    254.70979316049687     
 iteration         7400 MCMCOBJ=    258.80862343810372     
 iteration         7420 MCMCOBJ=    279.68796394633620     
 iteration         7440 MCMCOBJ=    264.74355033597237     
 iteration         7460 MCMCOBJ=    275.88368199450713     
 iteration         7480 MCMCOBJ=    248.50078192797127     
 iteration         7500 MCMCOBJ=    231.44342860491957     
 iteration         7520 MCMCOBJ=    254.10384519253324     
 iteration         7540 MCMCOBJ=    267.07579604910268     
 iteration         7560 MCMCOBJ=    261.80982587950507     
 iteration         7580 MCMCOBJ=    263.74627351429604     
 iteration         7600 MCMCOBJ=    270.97495069616110     
 iteration         7620 MCMCOBJ=    235.73747321804763     
 iteration         7640 MCMCOBJ=    260.05949605679268     
 iteration         7660 MCMCOBJ=    240.13033541233582     
 iteration         7680 MCMCOBJ=    234.09637934431873     
 iteration         7700 MCMCOBJ=    244.42210520018702     
 iteration         7720 MCMCOBJ=    265.27633414757264     
 iteration         7740 MCMCOBJ=    242.07683189796032     
 iteration         7760 MCMCOBJ=    265.18847260295382     
 iteration         7780 MCMCOBJ=    241.19262644334992     
 iteration         7800 MCMCOBJ=    229.69165315124323     
 iteration         7820 MCMCOBJ=    256.26201796196654     
 iteration         7840 MCMCOBJ=    256.98230857001494     
 iteration         7860 MCMCOBJ=    250.97907360419390     
 iteration         7880 MCMCOBJ=    262.65958274420467     
 iteration         7900 MCMCOBJ=    278.82883837256423     
 iteration         7920 MCMCOBJ=    259.86628742474750     
 iteration         7940 MCMCOBJ=    256.59528141984299     
 iteration         7960 MCMCOBJ=    262.24712553948325     
 iteration         7980 MCMCOBJ=    253.99076087005847     
 iteration         8000 MCMCOBJ=    253.07891830934258     
 iteration         8020 MCMCOBJ=    240.93277048370101     
 iteration         8040 MCMCOBJ=    254.31006495129120     
 iteration         8060 MCMCOBJ=    242.19715071636435     
 iteration         8080 MCMCOBJ=    248.74127158362325     
 iteration         8100 MCMCOBJ=    230.26360956662776     
 iteration         8120 MCMCOBJ=    274.77886519289001     
 iteration         8140 MCMCOBJ=    276.39752424524028     
 iteration         8160 MCMCOBJ=    275.61788220200771     
 iteration         8180 MCMCOBJ=    264.69702299526858     
 iteration         8200 MCMCOBJ=    243.28332828406667     
 iteration         8220 MCMCOBJ=    239.04698547374372     
 iteration         8240 MCMCOBJ=    244.00211045663983     
 iteration         8260 MCMCOBJ=    235.68679621473242     
 iteration         8280 MCMCOBJ=    292.82217310287257     
 iteration         8300 MCMCOBJ=    221.68635547697940     
 iteration         8320 MCMCOBJ=    241.95385072309060     
 iteration         8340 MCMCOBJ=    240.29533652918886     
 iteration         8360 MCMCOBJ=    275.58313546938115     
 iteration         8380 MCMCOBJ=    271.35761217515227     
 iteration         8400 MCMCOBJ=    222.81892622540968     
 iteration         8420 MCMCOBJ=    257.29682802715405     
 iteration         8440 MCMCOBJ=    254.02134486436748     
 iteration         8460 MCMCOBJ=    272.92067325054177     
 iteration         8480 MCMCOBJ=    243.33007160768483     
 iteration         8500 MCMCOBJ=    256.28020742675943     
 iteration         8520 MCMCOBJ=    248.73734404885761     
 iteration         8540 MCMCOBJ=    236.65094532953398     
 iteration         8560 MCMCOBJ=    226.84274097625342     
 iteration         8580 MCMCOBJ=    239.81628863461944     
 iteration         8600 MCMCOBJ=    276.85642742725514     
 iteration         8620 MCMCOBJ=    275.31412536940206     
 iteration         8640 MCMCOBJ=    260.60597500953878     
 iteration         8660 MCMCOBJ=    245.67381857955789     
 iteration         8680 MCMCOBJ=    246.42442478590687     
 iteration         8700 MCMCOBJ=    234.18209833824258     
 iteration         8720 MCMCOBJ=    270.72338681993489     
 iteration         8740 MCMCOBJ=    216.31487988510256     
 iteration         8760 MCMCOBJ=    222.88454417905945     
 iteration         8780 MCMCOBJ=    235.68483492301260     
 iteration         8800 MCMCOBJ=    228.06933740725887     
 iteration         8820 MCMCOBJ=    285.59366685196210     
 iteration         8840 MCMCOBJ=    267.55875975394008     
 iteration         8860 MCMCOBJ=    237.90320091567477     
 iteration         8880 MCMCOBJ=    243.06205184552439     
 iteration         8900 MCMCOBJ=    261.91593108056247     
 iteration         8920 MCMCOBJ=    252.55992758905577     
 iteration         8940 MCMCOBJ=    251.84123934315633     
 iteration         8960 MCMCOBJ=    244.32081345911618     
 iteration         8980 MCMCOBJ=    278.07037445024213     
 iteration         9000 MCMCOBJ=    236.06575850441607     
 iteration         9020 MCMCOBJ=    216.50424370706671     
 iteration         9040 MCMCOBJ=    243.04836142670717     
 iteration         9060 MCMCOBJ=    242.02537868550979     
 iteration         9080 MCMCOBJ=    239.90704979692364     
 iteration         9100 MCMCOBJ=    247.66713231365409     
 iteration         9120 MCMCOBJ=    275.95750279573224     
 iteration         9140 MCMCOBJ=    248.86303965602542     
 iteration         9160 MCMCOBJ=    264.52128937292213     
 iteration         9180 MCMCOBJ=    226.26106919122756     
 iteration         9200 MCMCOBJ=    247.35457090107906     
 iteration         9220 MCMCOBJ=    214.43934638638572     
 iteration         9240 MCMCOBJ=    265.43675497450977     
 iteration         9260 MCMCOBJ=    238.11083095234872     
 iteration         9280 MCMCOBJ=    264.89158606577786     
 iteration         9300 MCMCOBJ=    267.34308041461873     
 iteration         9320 MCMCOBJ=    251.21021561338338     
 iteration         9340 MCMCOBJ=    240.39091349080141     
 iteration         9360 MCMCOBJ=    279.84965856787045     
 iteration         9380 MCMCOBJ=    254.62507482458741     
 iteration         9400 MCMCOBJ=    233.14005639023904     
 iteration         9420 MCMCOBJ=    236.16246267473491     
 iteration         9440 MCMCOBJ=    305.96898512583067     
 iteration         9460 MCMCOBJ=    248.98439422963116     
 iteration         9480 MCMCOBJ=    271.31373289507223     
 iteration         9500 MCMCOBJ=    264.32776474463498     
 iteration         9520 MCMCOBJ=    270.70605144310866     
 iteration         9540 MCMCOBJ=    226.43923043457173     
 iteration         9560 MCMCOBJ=    273.50009103850630     
 iteration         9580 MCMCOBJ=    245.38287762815904     
 iteration         9600 MCMCOBJ=    234.65930812985474     
 iteration         9620 MCMCOBJ=    248.51439350828909     
 iteration         9640 MCMCOBJ=    265.89017983879899     
 iteration         9660 MCMCOBJ=    262.83846354413504     
 iteration         9680 MCMCOBJ=    264.86568690555993     
 iteration         9700 MCMCOBJ=    269.92932924904869     
 iteration         9720 MCMCOBJ=    258.13553513654023     
 iteration         9740 MCMCOBJ=    256.41505229646862     
 iteration         9760 MCMCOBJ=    252.24495532289694     
 iteration         9780 MCMCOBJ=    281.84825204021149     
 iteration         9800 MCMCOBJ=    226.25877447111358     
 iteration         9820 MCMCOBJ=    249.30300889056454     
 iteration         9840 MCMCOBJ=    260.81751486276460     
 iteration         9860 MCMCOBJ=    236.57444407701252     
 iteration         9880 MCMCOBJ=    266.68294190576250     
 iteration         9900 MCMCOBJ=    212.28666605195943     
 iteration         9920 MCMCOBJ=    261.72132218844069     
 iteration         9940 MCMCOBJ=    243.90673000743573     
 iteration         9960 MCMCOBJ=    265.14466880788450     
 iteration         9980 MCMCOBJ=    247.22883464497400     
 iteration        10000 MCMCOBJ=    249.80158669547214     
 BURN-IN WAS COMPLETED

 #TERM:
 STATISTICAL PORTION WAS COMPLETED
  
 TOTAL DATA POINTS NORMALLY DISTRIBUTED (N):          108
 N*LOG(2PI) CONSTANT TO OBJECTIVE FUNCTION:    198.49072317220930     
 OBJECTIVE FUNCTION VALUE WITHOUT CONSTANT:    251.50953802173535     
 OBJECTIVE FUNCTION VALUE WITH CONSTANT:       450.00026119394465     
 REPORTED OBJECTIVE FUNCTION DOES NOT CONTAIN CONSTANT
  
 TOTAL EFFECTIVE ETAS (NIND*NETA):                            72
 NIND*NETA*LOG(2PI) CONSTANT TO OBJECTIVE FUNCTION:    132.32714878147286     
 OBJECTIVE FUNCTION VALUE WITHOUT CONSTANT:    251.50953802173535     
 OBJECTIVE FUNCTION VALUE WITH CONSTANT:       383.83668680320818     
 REPORTED OBJECTIVE FUNCTION DOES NOT CONTAIN CONSTANT
  
 PRIOR CONSTANT TO OBJECTIVE FUNCTION:    30.823646298206345     
 OBJECTIVE FUNCTION VALUE WITHOUT CONSTANT:    251.50953802173535     
 OBJECTIVE FUNCTION VALUE WITH CONSTANT:       282.33318431994172     
 REPORTED OBJECTIVE FUNCTION DOES NOT CONTAIN CONSTANT
  
 #TERE:
 Elapsed estimation  time in seconds:    49.98
 Elapsed covariance  time in seconds:     0.00
1
 
 
 
 
 
 
 
 
 
 
 
 
 
 
 
 
 
 
 
 
 ************************************************************************************************************************
 ********************                                                                                ********************
 ********************                              MCMC BAYESIAN ANALYSIS                            ********************
 #OBJT:**************                       AVERAGE VALUE OF LIKELIHOOD FUNCTION                     ********************
 ********************                                                                                ********************
 ************************************************************************************************************************
 





 #OBJV:********************************************      251.510       **************************************************
 #OBJS:********************************************       16.577 (STD) **************************************************
1
 ************************************************************************************************************************
 ********************                                                                                ********************
 ********************                              MCMC BAYESIAN ANALYSIS                            ********************
 ********************                             FINAL PARAMETER ESTIMATE                           ********************
 ********************                                                                                ********************
 ************************************************************************************************************************
 


 THETA - VECTOR OF FIXED EFFECTS PARAMETERS   *********


         THETA(CL) THETA(V) 
 
         3.17E+00  3.41E+01
 


 OMEGA - COV MATRIX FOR RANDOM EFFECTS - ETAS  ********


         ETA(CL)   ETA(V)   
 
 ETA(CL)
+        1.06E-01
 
 ETA(V)
+        1.71E-02  7.26E-02
 


 SIGMA - COV MATRIX FOR RANDOM EFFECTS - EPSILONS  ****


         EPS1     
 
 EPS1
+        3.34E-02
 
1


 OMEGA - CORR MATRIX FOR RANDOM EFFECTS - ETAS  *******


         ETA(CL)   ETA(V)   
 
 ETA(CL)
+        3.21E-01
 
 ETA(V)
+        2.03E-01  2.66E-01
 


 SIGMA - CORR MATRIX FOR RANDOM EFFECTS - EPSILONS  ***


         EPS1     
 
 EPS1
+        1.82E-01
 
1
 ************************************************************************************************************************
 ********************                                                                                ********************
 ********************                              MCMC BAYESIAN ANALYSIS                            ********************
 ********************                STANDARD ERROR OF ESTIMATE (From Sample Variance)               ********************
 ********************                                                                                ********************
 ************************************************************************************************************************
 


 THETA - VECTOR OF FIXED EFFECTS PARAMETERS   *********


         THETA(CL) THETA(V) 
 
         2.07E-01  1.94E+00
 


 OMEGA - COV MATRIX FOR RANDOM EFFECTS - ETAS  ********


         ETA(CL)   ETA(V)   
 
 ETA(CL)
+        3.50E-02
 
 ETA(V)
+        2.03E-02  2.35E-02
 


 SIGMA - COV MATRIX FOR RANDOM EFFECTS - EPSILONS  ****


         EPS1     
 
 EPS1
+        7.28E-03
 
1


 OMEGA - CORR MATRIX FOR RANDOM EFFECTS - ETAS  *******


         ETA(CL)   ETA(V)   
 
 ETA(CL)
+        5.17E-02
 
 ETA(V)
+        2.14E-01  4.23E-02
 


 SIGMA - CORR MATRIX FOR RANDOM EFFECTS - EPSILONS  ***


         EPS1     
 
 EPS1
+        1.95E-02
 
1
 ************************************************************************************************************************
 ********************                                                                                ********************
 ********************                              MCMC BAYESIAN ANALYSIS                            ********************
 ********************               COVARIANCE MATRIX OF ESTIMATE (From Sample Variance)             ********************
 ********************                                                                                ********************
 ************************************************************************************************************************
 

            TH 1      TH 2      OM11      OM12      OM22      SG11  
 
 TH 1
+        4.28E-02
 
 TH 2
+        5.30E-03  3.76E+00
 
 OM11
+       -9.35E-04  3.95E-03  1.22E-03
 
 OM12
+        6.08E-04 -5.03E-04  6.33E-05  4.11E-04
 
 OM22
+       -3.88E-04  9.26E-04  4.78E-05  5.81E-05  5.52E-04
 
 SG11
+        3.54E-05  1.46E-03 -3.64E-05  1.15E-06 -1.92E-05  5.30E-05
 
1
 ************************************************************************************************************************
 ********************                                                                                ********************
 ********************                              MCMC BAYESIAN ANALYSIS                            ********************
 ********************              CORRELATION MATRIX OF ESTIMATE (From Sample Variance)             ********************
 ********************                                                                                ********************
 ************************************************************************************************************************
 

            TH 1      TH 2      OM11      OM12      OM22      SG11  
 
 TH 1
+        2.07E-01
 
 TH 2
+        1.32E-02  1.94E+00
 
 OM11
+       -1.29E-01  5.82E-02  3.50E-02
 
 OM12
+        1.45E-01 -1.28E-02  8.93E-02  2.03E-02
 
 OM22
+       -7.97E-02  2.03E-02  5.82E-02  1.22E-01  2.35E-02
 
 SG11
+        2.35E-02  1.03E-01 -1.43E-01  7.80E-03 -1.13E-01  7.28E-03
 
1
 ************************************************************************************************************************
 ********************                                                                                ********************
 ********************                              MCMC BAYESIAN ANALYSIS                            ********************
 ********************           INVERSE COVARIANCE MATRIX OF ESTIMATE (From Sample Variance)         ********************
 ********************                                                                                ********************
 ************************************************************************************************************************
 

            TH 1      TH 2      OM11      OM12      OM22      SG11  
 
 TH 1
+        2.46E+01
 
 TH 2
+       -7.01E-02  2.71E-01
 
 OM11
+        2.07E+01 -1.19E+00  8.64E+02
 
 OM12
+       -4.25E+01  7.52E-01 -1.64E+02  2.57E+03
 
 OM22
+        2.03E+01 -7.77E-01 -1.98E+01 -2.97E+02  1.88E+03
 
 SG11
+        8.04E+00 -8.52E+00  6.10E+02 -2.69E+02  6.85E+02  1.98E+04
 
 Elapsed postprocess time in seconds:     0.00
 #CPUT: Total CPU Time in Seconds,       36.406
Stop Time: 
Tue 01/03/2017 
10:28 PM
