Tue 01/03/2017 
10:25 PM
$PROB one cmpt simple mu modeled bayes multidose nids: 18 scenario: s2d
;; based_on: run100
$SUB ADVAN1 TRANS2
$INPUT ID TIME DV OBSNUM CMT EVID AMT RATE ADDL II 
$DATA ..\..\mdata\simple_nocovar_56id_6tp_md.csv
IGNORE=@ 
IGNORE=(OBSNUM.EQN.2)
IGNORE=(OBSNUM.EQN.5)
IGNORE=(ID.GT.18)
$ABBR REPLACE THETA(CL, V) = THETA(1 to 2)
$ABBR REPLACE ETA(CL, V) = ETA(1 to 2)

$THETAI
THETA(1:NTHETA)=LOG(THETAI(1:NTHETA))
THETAP(1:NTHETAP)=LOG(THETAPI(1:NTHETAP))
$THETAR
THETAR(1:NTHETA)=EXP(THETA(1:NTHETA))
THETAPR(1:NTHETAP)=EXP(THETAP(1:NTHETAP))

$PRIOR NWPRI 

$PK
"USE NMBAYES_INT, ONLY: ITER_REPORT,BAYES_EXTRA_REQUEST,BAYES_EXTRA
; Request extra information for Bayesian analysis.
; An extra call will then be made for accepted samples
"BAYES_EXTRA_REQUEST=1

MU_1 = THETA(CL)
MU_2 = THETA(V)
CL = EXP(MU_1 + ETA(CL))
V = EXP(MU_2 + ETA(V))
S1 = V

"IF(BAYES_EXTRA==1 .AND. ITER_REPORT>=0 .AND. TIME==0.0) THEN
"WRITE(50,98) ITER_REPORT,ID,CL,V
"98 FORMAT(I12,1X,F14.0,4(1X,1PG12.5))
"ENDIF

$ERROR
IPRED=F
Y = IPRED*(1 + ERR(1))  

$THETA
(0.001, 2.5) ; TVCL
(0.001, 46) ; TVV

$OMEGA BLOCK(2)
0.1    ; nCL
0.1  0.1  ; nV

$SIGMA
0.03 ; PROP

; THETA PRIORS
$THETAP (2.5 FIX) (46 FIX) 

; THETA (uniformative) PRIORs
$THETAPV BLOCK(2)
10000 FIX
0.0 10000 

$OMEGAP BLOCK(2)
0.2 FIX
0 0.2

; degrees of freedom to prior omega matrix - low dof = highly uninformative
$OMEGAPD (2 FIX)

$EST METHOD=CHAIN FILE=..\run100.chn NSAMPLE=0 ISAMPLE=3 DF=20
$EST METHOD=BAYES INTER NBURN=4000 NITER=10000 PRINT=20 NOPRIOR=0 CTYPE=3 CITER=10 SEED=56664
  
NM-TRAN MESSAGES 
  
 WARNINGS AND ERRORS (IF ANY) FOR PROBLEM    1
             
 (WARNING  2) NM-TRAN INFERS THAT THE DATA ARE POPULATION.

 (MU_WARNING 20) MU_001: MU_ VARIABLE SHOULD NOT BE DEFINED AFTER VERBATIM CODE.
  
License Registered to: Devin Pastoor
Expiration Date:    14 NOV 2017
Current Date:        3 JAN 2017
Days until program expires : 311
1NONLINEAR MIXED EFFECTS MODEL PROGRAM (NONMEM) VERSION 7.4.0 alpha14 (nm74a14)
 ORIGINALLY DEVELOPED BY STUART BEAL, LEWIS SHEINER, AND ALISON BOECKMANN
 CURRENT DEVELOPERS ARE ROBERT BAUER, ICON DEVELOPMENT SOLUTIONS,
 AND ALISON BOECKMANN. IMPLEMENTATION, EFFICIENCY, AND STANDARDIZATION
 PERFORMED BY NOUS INFOSYSTEMS.

 PROBLEM NO.:         1
 one cmpt simple mu modeled bayes multidose nids: 18 scenario: s2d
0DATA CHECKOUT RUN:              NO
 DATA SET LOCATED ON UNIT NO.:    2
 THIS UNIT TO BE REWOUND:        NO
 NO. OF DATA RECS IN DATA SET:       90
 NO. OF DATA ITEMS IN DATA SET:  11
 ID DATA ITEM IS DATA ITEM NO.:   1
 DEP VARIABLE IS DATA ITEM NO.:   3
 MDV DATA ITEM IS DATA ITEM NO.: 11
0INDICES PASSED TO SUBROUTINE PRED:
   6   2   7   8   0  10   5   0   0   0   9
0LABELS FOR DATA ITEMS:
 ID TIME DV OBSNUM CMT EVID AMT RATE ADDL II MDV
0LABELS FOR THETAS
 THETA(1)=THETA(CL)
 THETA(2)=THETA(V)
0LABELS FOR ETAS
 ETA(1)=ETA(CL)
0LABELS FOR ETAS
 ETA(2)=ETA(V)
0FORMAT FOR DATA:
 (2E3.0,E17.0,3E2.0,2E5.0,E2.0,E3.0,1F2.0)

 TOT. NO. OF OBS RECS:       72
 TOT. NO. OF INDIVIDUALS:     18
0LENGTH OF THETA:   5
0DEFAULT THETA BOUNDARY TEST OMITTED:    NO
0OMEGA HAS BLOCK FORM:
  1
  1  1
  0  0  2
  0  0  2  2
  0  0  0  0  3
  0  0  0  0  3  3
0DEFAULT OMEGA BOUNDARY TEST OMITTED:    NO
0SIGMA HAS SIMPLE DIAGONAL FORM WITH DIMENSION:   1
0DEFAULT SIGMA BOUNDARY TEST OMITTED:    NO
0INITIAL ESTIMATE OF THETA:
 LOWER BOUND    INITIAL EST    UPPER BOUND
  0.1000E-02     0.2500E+01     0.1000E+07
  0.1000E-02     0.4600E+02     0.1000E+07
  0.2500E+01     0.2500E+01     0.2500E+01
  0.4600E+02     0.4600E+02     0.4600E+02
  0.2000E+01     0.2000E+01     0.2000E+01
0INITIAL ESTIMATE OF OMEGA:
 BLOCK SET NO.   BLOCK                                                                    FIXED
        1                                                                                   NO
 DIAGONAL SHIFT OF  1.1000E-07 WAS IMPOSED TO ENSURE POSITIVE DEFINITENESS
                  0.1000E+00
                  0.1000E+00   0.1000E+00
        2                                                                                  YES
                  0.1000E+05
                  0.0000E+00   0.1000E+05
        3                                                                                  YES
                  0.2000E+00
                  0.0000E+00   0.2000E+00
0INITIAL ESTIMATE OF SIGMA:
 0.3000E-01
0
 THETAI SUBROUTINE USER-SUPPLIED
 THETAR SUBROUTINE USER-SUPPLIED
 PRIOR SUBROUTINE USER-SUPPLIED
1DOUBLE PRECISION PREDPP VERSION 7.4.0 alpha14 (nm74a14)

 ONE COMPARTMENT MODEL (ADVAN1)
0MAXIMUM NO. OF BASIC PK PARAMETERS:   2
0BASIC PK PARAMETERS (AFTER TRANSLATION):
   ELIMINATION RATE (K) IS BASIC PK PARAMETER NO.:  1

 TRANSLATOR WILL CONVERT PARAMETERS
 CLEARANCE (CL) AND VOLUME (V) TO K (TRANS2)
0COMPARTMENT ATTRIBUTES
 COMPT. NO.   FUNCTION   INITIAL    ON/OFF      DOSE      DEFAULT    DEFAULT
                         STATUS     ALLOWED    ALLOWED    FOR DOSE   FOR OBS.
    1         CENTRAL      ON         NO         YES        YES        YES
    2         OUTPUT       OFF        YES        NO         NO         NO
1
 ADDITIONAL PK PARAMETERS - ASSIGNMENT OF ROWS IN GG
 COMPT. NO.                             INDICES
              SCALE      BIOAVAIL.   ZERO-ORDER  ZERO-ORDER  ABSORB
                         FRACTION    RATE        DURATION    LAG
    1            3           *           *           *           *
    2            *           -           -           -           -
             - PARAMETER IS NOT ALLOWED FOR THIS MODEL
             * PARAMETER IS NOT SUPPLIED BY PK SUBROUTINE;
               WILL DEFAULT TO ONE IF APPLICABLE
0DATA ITEM INDICES USED BY PRED ARE:
   EVENT ID DATA ITEM IS DATA ITEM NO.:      6
   TIME DATA ITEM IS DATA ITEM NO.:          2
   DOSE AMOUNT DATA ITEM IS DATA ITEM NO.:   7
   DOSE RATE DATA ITEM IS DATA ITEM NO.:     8
   INTERVAL DATA ITEM IS DATA ITEM NO.:     10
   ADDL. DOSES DATA ITEM IS DATA ITEM NO.:   9
   COMPT. NO. DATA ITEM IS DATA ITEM NO.:    5

0PK SUBROUTINE CALLED WITH EVERY EVENT RECORD.
 PK SUBROUTINE NOT CALLED AT NONEVENT (ADDITIONAL OR LAGGED) DOSE TIMES.
0ERROR SUBROUTINE CALLED WITH EVERY EVENT RECORD.
1


 #TBLN:      1
 #METH: Chain Method Processing

 RANDOM GENERATION TYPE (CTYPE):     0
 RANDOM GENERATION SEED (SEED):      11456
 RANDOM SAMPLE SELECTION (ISAMPLE):  3
 RANDOM SAMPLE RANGE END (ISAMPEND): -2147483647
 NUMBER OF RANDOM SAMPLES (NSAMPLE): 0
 UNIFORM FRACTIONAL RANGE (IACCEPT): 0.400000000000000
 RANDOM SELECTION TYPE (SELECT):     0
 DEG. FR. TO GENERATE OMEGAS (DF):   20
 DEG. FR. TO GENERATE SIGMAS (DFS):  -1
 CHAIN FILE (FILE):                  ..\run100.chn
 EXCL. TITLE IN CHAIN FILE (NOTITLE):NO
 EX. COL. LBS. IN CHAIN FL.(NOLABEL):NO
 FORMAT FOR CHAIN FILE (FORMAT):     S1PE12.5
 PAR. ORDER in CHAIN FILE (ORDER):   TSOL
 RANDOM SAMPLING METHOD (RANMETHOD):3U

 THE FOLLOWING LABELS ARE EQUIVALENT
 PRED=NPRED
 RES=NRES
 WRES=NWRES
 IWRS=NIWRES
 IPRD=NIPRED
 IRS=NIRES



 FROM SAMPLE 3 OF CHAIN FILE ..\run100.chn
 NEW INITIAL ESTIMATES OF THETA
  0.1754E-01
  0.2172E+01
 NEW INITIAL ESTIMATES OF OMEGA
 DIAGONAL SHIFT OF  2.2018E-07 WAS IMPOSED ON OMEGAS TO ENSURE POSITIVE DEFINITENESS
  0.2002E+00
  0.2002E+00  0.2003E+00
 NEW INITIAL ESTIMATES OF SIGMA
  0.1176E-01
1


 #TBLN:      1
 #METH: MCMC Bayesian Analysis

 ESTIMATION STEP OMITTED:                 NO
 ANALYSIS TYPE:                           POPULATION
 NUMBER OF SADDLE POINT RESET ITERATIONS:      0
 GRADIENT METHOD USED:               NOSLOW
 CONDITIONAL ESTIMATES USED:              YES
 CENTERED ETA:                            NO
 EPS-ETA INTERACTION:                     YES
 LAPLACIAN OBJ. FUNC.:                    NO
 NO. OF FUNCT. EVALS. ALLOWED:            840
 NO. OF SIG. FIGURES REQUIRED:            3
 INTERMEDIATE PRINTOUT:                   YES
 ESTIMATE OUTPUT TO MSF:                  NO
 IND. OBJ. FUNC. VALUES SORTED:           NO
 NUMERICAL DERIVATIVE
       FILE REQUEST (NUMDER):               NONE
 MAP (ETAHAT) ESTIMATION METHOD (OPTMAP):   0
 ETA HESSIAN EVALUATION METHOD (ETADER):    0
 INITIAL ETA FOR MAP ESTIMATION (MCETA):    0
 SIGDIGITS FOR MAP ESTIMATION (SIGLO):      100
 GRADIENT SIGDIGITS OF
       FIXED EFFECTS PARAMETERS (SIGL):     100
 NOPRIOR SETTING (NOPRIOR):                 OFF
 NOCOV SETTING (NOCOV):                     OFF
 DERCONT SETTING (DERCONT):                 OFF
 FINAL ETA RE-EVALUATION (FNLETA):          ON
 EXCLUDE NON-INFLUENTIAL (NON-INFL.) ETAS
       IN SHRINKAGE (ETASTYPE):             NO
 NON-INFL. ETA CORRECTION (NONINFETA):      OFF
 RAW OUTPUT FILE (FILE): run107_nids_18_s2d_c3.ext
 EXCLUDE TITLE (NOTITLE):                   NO
 EXCLUDE COLUMN LABELS (NOLABEL):           NO
 FORMAT FOR ADDITIONAL FILES (FORMAT):      S1PE12.5
 PARAMETER ORDER FOR OUTPUTS (ORDER):       TSOL
 WISHART PRIOR DF INTERPRETATION (WISHTYPE):0
 KNUTHSUMOFF:                               0
 INCLUDE LNTWOPI:                           NO
 INCLUDE CONSTANT TERM TO PRIOR (PRIORC):   NO
 INCLUDE CONSTANT TERM TO OMEGA (ETA) (OLNTWOPI):NO
 EM OR BAYESIAN METHOD USED:                MCMC BAYESIAN (BAYES)
 MU MODELING PATTERN (MUM):
 GRADIENT/GIBBS PATTERN (GRD):
 AUTOMATIC SETTING FEATURE (AUTO):          OFF
 CONVERGENCE TYPE (CTYPE):                  3
 KEEP ITERATIONS (THIN):            1
 CONVERGENCE INTERVAL (CINTERVAL):          20
 CONVERGENCE ITERATIONS (CITER):            10
 CONVERGENCE ALPHA ERROR (CALPHA):          5.000000000000000E-02
 BURN-IN ITERATIONS (NBURN):                4000
 ITERATIONS (NITER):                        10000
 ANEAL SETTING (CONSTRAIN):                 1
 STARTING SEED FOR MC METHODS (SEED):       56664
 MC SAMPLES PER SUBJECT (ISAMPLE):          1
 RANDOM SAMPLING METHOD (RANMETHOD):        3U
 PROPOSAL DENSITY SCALING RANGE
              (ISCALE_MIN, ISCALE_MAX):     1.000000000000000E-06   ,1000000.00000000
 SAMPLE ACCEPTANCE RATE (IACCEPT):          0.400000000000000
 METROPOLIS HASTINGS SAMPLING FOR INDIVIDUAL ETAS:
 SAMPLES FOR GLOBAL SEARCH KERNEL (ISAMPLE_M1):          2
 SAMPLES FOR NEIGHBOR SEARCH KERNEL (ISAMPLE_M1A):       0
 SAMPLES FOR MASS/IMP/POST. MATRIX SEARCH (ISAMPLE_M1B): 2
 SAMPLES FOR LOCAL SEARCH KERNEL (ISAMPLE_M2):           2
 SAMPLES FOR LOCAL UNIVARIATE KERNEL (ISAMPLE_M3):       2
 PWR. WT. MASS/IMP/POST MATRIX ACCUM. FOR ETAS (IKAPPA): 1.00000000000000
 MASS/IMP./POST. MATRIX REFRESH SETTING (MASSREST):      -1
 METROPOLIS HASTINGS POPULATION SAMPLING FOR NON-GIBBS
 SAMPLED THETAS AND SIGMAS:
 PROPOSAL DENSITY SCALING RANGE
              (PSCALE_MIN, PSCALE_MAX):   1.000000000000000E-02   ,1000.00000000000
 SAMPLE ACCEPTANCE RATE (PACCEPT):                       0.500000000000000
 SAMPLES FOR GLOBAL SEARCH KERNEL (PSAMPLE_M1):          1
 SAMPLES FOR LOCAL SEARCH KERNEL (PSAMPLE_M2):           -1
 SAMPLES FOR LOCAL UNIVARIATE KERNEL (PSAMPLE_M3):       1
 METROPOLIS HASTINGS POPULATION SAMPLING FOR NON-GIBBS
 SAMPLED OMEGAS:
 SAMPLE ACCEPTANCE RATE (OACCEPT):                       0.500000000000000
 SAMPLES FOR GLOBAL SEARCH KERNEL (OSAMPLE_M1):          -1
 SAMPLES FOR LOCAL SEARCH KERNEL (OSAMPLE_M2):           -1
 SAMPLES FOR LOCAL UNIVARIATE SEARCH KERNEL (OSAMPLE_M3):0
 DEG. FR. FOR T DIST.  PRIOR FOR THETAS (TTDF):        0.00000000000000
 DEG. FR. FOR LKJ CORRELATION PRIOR FOR OMEGAS (OLKJDF): 0.00000000000000
 WEIGHT FACTOR FOR STD PRIOR FOR OMEGAS (OVARF): 1.00000000000000
 DEG. FR. FOR LKJ CORRELATION PRIOR FOR SIGMAS (SLKJDF): 0.00000000000000
 WEIGHT FACTOR FOR STD PRIOR FOR SIGMAS (SVARF): 1.00000000000000


 THE FOLLOWING LABELS ARE EQUIVALENT
 PRED=PREDI
 RES=RESI
 WRES=WRESI
 IWRS=IWRESI
 IPRD=IPREDI
 IRS=IRESI

 EM/BAYES SETUP:
 THETAS THAT ARE MU MODELED:
   1   2
 THETAS THAT ARE GIBBS SAMPLED:
   1   2
 THETAS THAT ARE METROPOLIS-HASTINGS SAMPLED:
 
 SIGMAS THAT ARE GIBBS SAMPLED:
   1
 SIGMAS THAT ARE METROPOLIS-HASTINGS SAMPLED:
 
 OMEGAS ARE GIBBS SAMPLED

 MONITORING OF SEARCH:

 Burn-in Mode
 iteration        -4000 MCMCOBJ=    1861382.3091438338     
 iteration        -3980 MCMCOBJ=    410.51637154411333     
 iteration        -3960 MCMCOBJ=    243.88842571969602     
 iteration        -3940 MCMCOBJ=    224.00281750232281     
 iteration        -3920 MCMCOBJ=    229.84226463706790     
 iteration        -3900 MCMCOBJ=    251.62469720494030     
 iteration        -3880 MCMCOBJ=    264.22894344142890     
 iteration        -3860 MCMCOBJ=    222.50488813653766     
 iteration        -3840 MCMCOBJ=    234.32596210762608     
 iteration        -3820 MCMCOBJ=    252.07910454182607     
 iteration        -3800 MCMCOBJ=    237.84820113153290     
 Convergence achieved
 Sampling Mode
 iteration            0 MCMCOBJ=    243.68639560946059     
 iteration           20 MCMCOBJ=    247.50406625284123     
 iteration           40 MCMCOBJ=    233.27497727275122     
 iteration           60 MCMCOBJ=    229.22572185569589     
 iteration           80 MCMCOBJ=    220.56631207452634     
 iteration          100 MCMCOBJ=    230.86017507875309     
 iteration          120 MCMCOBJ=    231.56091751757722     
 iteration          140 MCMCOBJ=    237.08687929770207     
 iteration          160 MCMCOBJ=    222.92630207499124     
 iteration          180 MCMCOBJ=    246.69411783633763     
 iteration          200 MCMCOBJ=    222.61455458155530     
 iteration          220 MCMCOBJ=    233.03012636253467     
 iteration          240 MCMCOBJ=    226.81858736623909     
 iteration          260 MCMCOBJ=    230.99392458215630     
 iteration          280 MCMCOBJ=    219.18683082810398     
 iteration          300 MCMCOBJ=    236.55861557019199     
 iteration          320 MCMCOBJ=    236.59405635080174     
 iteration          340 MCMCOBJ=    247.89694108683807     
 iteration          360 MCMCOBJ=    253.49078607096450     
 iteration          380 MCMCOBJ=    226.30498965804452     
 iteration          400 MCMCOBJ=    224.83365325177451     
 iteration          420 MCMCOBJ=    239.25370954672644     
 iteration          440 MCMCOBJ=    226.41337382022803     
 iteration          460 MCMCOBJ=    223.48513256861847     
 iteration          480 MCMCOBJ=    220.25943338149585     
 iteration          500 MCMCOBJ=    242.19153908223754     
 iteration          520 MCMCOBJ=    240.65552225406702     
 iteration          540 MCMCOBJ=    230.53415981570561     
 iteration          560 MCMCOBJ=    235.02901611562564     
 iteration          580 MCMCOBJ=    252.27297772515593     
 iteration          600 MCMCOBJ=    242.95105928894225     
 iteration          620 MCMCOBJ=    255.85379973438026     
 iteration          640 MCMCOBJ=    246.22242736590889     
 iteration          660 MCMCOBJ=    232.61422869688954     
 iteration          680 MCMCOBJ=    225.75627394996224     
 iteration          700 MCMCOBJ=    232.28848666371152     
 iteration          720 MCMCOBJ=    227.88669568256444     
 iteration          740 MCMCOBJ=    234.22068059955521     
 iteration          760 MCMCOBJ=    234.56815017562400     
 iteration          780 MCMCOBJ=    237.51730469318616     
 iteration          800 MCMCOBJ=    232.76246429115190     
 iteration          820 MCMCOBJ=    242.84361062615861     
 iteration          840 MCMCOBJ=    211.70722553986431     
 iteration          860 MCMCOBJ=    245.43830005208255     
 iteration          880 MCMCOBJ=    228.20476640270522     
 iteration          900 MCMCOBJ=    228.52973368137668     
 iteration          920 MCMCOBJ=    245.20827151549761     
 iteration          940 MCMCOBJ=    242.82700256063882     
 iteration          960 MCMCOBJ=    238.80128055527931     
 iteration          980 MCMCOBJ=    221.25425061036535     
 iteration         1000 MCMCOBJ=    239.46328914243901     
 iteration         1020 MCMCOBJ=    230.86739048269658     
 iteration         1040 MCMCOBJ=    259.06300663571790     
 iteration         1060 MCMCOBJ=    230.16453922391560     
 iteration         1080 MCMCOBJ=    246.15246434390471     
 iteration         1100 MCMCOBJ=    219.91587404503866     
 iteration         1120 MCMCOBJ=    215.15126827107102     
 iteration         1140 MCMCOBJ=    242.53565698642029     
 iteration         1160 MCMCOBJ=    230.65279527123573     
 iteration         1180 MCMCOBJ=    229.21904496160332     
 iteration         1200 MCMCOBJ=    235.53896017206125     
 iteration         1220 MCMCOBJ=    223.92367140117332     
 iteration         1240 MCMCOBJ=    244.03742498803646     
 iteration         1260 MCMCOBJ=    232.78964332316775     
 iteration         1280 MCMCOBJ=    249.43909115380561     
 iteration         1300 MCMCOBJ=    230.60582489520786     
 iteration         1320 MCMCOBJ=    243.32180444455435     
 iteration         1340 MCMCOBJ=    239.87756327268573     
 iteration         1360 MCMCOBJ=    225.12860910938065     
 iteration         1380 MCMCOBJ=    247.82052934018139     
 iteration         1400 MCMCOBJ=    232.79494276865444     
 iteration         1420 MCMCOBJ=    233.71544606785798     
 iteration         1440 MCMCOBJ=    237.79601910287442     
 iteration         1460 MCMCOBJ=    225.17420084798277     
 iteration         1480 MCMCOBJ=    238.34950968845646     
 iteration         1500 MCMCOBJ=    247.43371333498953     
 iteration         1520 MCMCOBJ=    243.92973667344762     
 iteration         1540 MCMCOBJ=    246.52665383757892     
 iteration         1560 MCMCOBJ=    224.28733077833618     
 iteration         1580 MCMCOBJ=    245.54075176619119     
 iteration         1600 MCMCOBJ=    231.84659089205158     
 iteration         1620 MCMCOBJ=    250.02633175998511     
 iteration         1640 MCMCOBJ=    257.87721880968240     
 iteration         1660 MCMCOBJ=    234.33328594864247     
 iteration         1680 MCMCOBJ=    243.73830933238796     
 iteration         1700 MCMCOBJ=    238.00825102144324     
 iteration         1720 MCMCOBJ=    236.63221506799687     
 iteration         1740 MCMCOBJ=    253.54791989826361     
 iteration         1760 MCMCOBJ=    241.24170691577081     
 iteration         1780 MCMCOBJ=    232.69788012301595     
 iteration         1800 MCMCOBJ=    233.65779813323019     
 iteration         1820 MCMCOBJ=    229.44006339452500     
 iteration         1840 MCMCOBJ=    257.32422482202509     
 iteration         1860 MCMCOBJ=    221.14173731113064     
 iteration         1880 MCMCOBJ=    227.87637039088281     
 iteration         1900 MCMCOBJ=    244.56771729518681     
 iteration         1920 MCMCOBJ=    251.61128076084509     
 iteration         1940 MCMCOBJ=    235.04643882233094     
 iteration         1960 MCMCOBJ=    239.73704954947246     
 iteration         1980 MCMCOBJ=    226.38908338918966     
 iteration         2000 MCMCOBJ=    222.17407116754336     
 iteration         2020 MCMCOBJ=    233.75223952329489     
 iteration         2040 MCMCOBJ=    227.63765818923321     
 iteration         2060 MCMCOBJ=    242.20146648135321     
 iteration         2080 MCMCOBJ=    256.27507516182197     
 iteration         2100 MCMCOBJ=    247.10037833428905     
 iteration         2120 MCMCOBJ=    228.63635830255242     
 iteration         2140 MCMCOBJ=    227.63631074913170     
 iteration         2160 MCMCOBJ=    243.01618079255329     
 iteration         2180 MCMCOBJ=    248.59145536021009     
 iteration         2200 MCMCOBJ=    234.83791952789238     
 iteration         2220 MCMCOBJ=    218.99427752341418     
 iteration         2240 MCMCOBJ=    240.08910537588281     
 iteration         2260 MCMCOBJ=    244.76524517783213     
 iteration         2280 MCMCOBJ=    227.31215136183238     
 iteration         2300 MCMCOBJ=    233.06753861964540     
 iteration         2320 MCMCOBJ=    232.82543431604765     
 iteration         2340 MCMCOBJ=    233.02690356650413     
 iteration         2360 MCMCOBJ=    247.41627458784728     
 iteration         2380 MCMCOBJ=    228.17066599098609     
 iteration         2400 MCMCOBJ=    255.80107498607555     
 iteration         2420 MCMCOBJ=    211.54094538255129     
 iteration         2440 MCMCOBJ=    239.71158392896879     
 iteration         2460 MCMCOBJ=    241.18464908866412     
 iteration         2480 MCMCOBJ=    247.51993512563089     
 iteration         2500 MCMCOBJ=    231.22252388785674     
 iteration         2520 MCMCOBJ=    226.45542709302643     
 iteration         2540 MCMCOBJ=    240.33607974395827     
 iteration         2560 MCMCOBJ=    243.08909886961513     
 iteration         2580 MCMCOBJ=    239.53007912060900     
 iteration         2600 MCMCOBJ=    229.95487599030315     
 iteration         2620 MCMCOBJ=    237.90418990091686     
 iteration         2640 MCMCOBJ=    222.50030507717338     
 iteration         2660 MCMCOBJ=    243.62526848603707     
 iteration         2680 MCMCOBJ=    231.35799216013575     
 iteration         2700 MCMCOBJ=    225.26288738864625     
 iteration         2720 MCMCOBJ=    242.22569520697974     
 iteration         2740 MCMCOBJ=    234.26256560217291     
 iteration         2760 MCMCOBJ=    256.74149870958541     
 iteration         2780 MCMCOBJ=    232.53139023536554     
 iteration         2800 MCMCOBJ=    233.10354205491561     
 iteration         2820 MCMCOBJ=    242.12583246944700     
 iteration         2840 MCMCOBJ=    231.90079499004850     
 iteration         2860 MCMCOBJ=    229.18280706937145     
 iteration         2880 MCMCOBJ=    229.12288903474274     
 iteration         2900 MCMCOBJ=    232.15001542482779     
 iteration         2920 MCMCOBJ=    220.07254860414048     
 iteration         2940 MCMCOBJ=    223.54048267032795     
 iteration         2960 MCMCOBJ=    229.46929225537099     
 iteration         2980 MCMCOBJ=    254.70934538963391     
 iteration         3000 MCMCOBJ=    231.34490786845299     
 iteration         3020 MCMCOBJ=    229.72368869390934     
 iteration         3040 MCMCOBJ=    228.14376099083083     
 iteration         3060 MCMCOBJ=    225.16511271987864     
 iteration         3080 MCMCOBJ=    257.27892314992846     
 iteration         3100 MCMCOBJ=    241.49194950560391     
 iteration         3120 MCMCOBJ=    240.55868267131137     
 iteration         3140 MCMCOBJ=    227.79632952380277     
 iteration         3160 MCMCOBJ=    239.84580910397295     
 iteration         3180 MCMCOBJ=    248.15837184333148     
 iteration         3200 MCMCOBJ=    232.92070964291065     
 iteration         3220 MCMCOBJ=    225.63085129755925     
 iteration         3240 MCMCOBJ=    240.60417537876344     
 iteration         3260 MCMCOBJ=    229.32147757526769     
 iteration         3280 MCMCOBJ=    232.00557772511576     
 iteration         3300 MCMCOBJ=    235.44038407271526     
 iteration         3320 MCMCOBJ=    249.02963904908435     
 iteration         3340 MCMCOBJ=    247.85931432700525     
 iteration         3360 MCMCOBJ=    228.18469380524181     
 iteration         3380 MCMCOBJ=    226.77119885692127     
 iteration         3400 MCMCOBJ=    232.77941474421408     
 iteration         3420 MCMCOBJ=    238.35923533158908     
 iteration         3440 MCMCOBJ=    221.33948621996697     
 iteration         3460 MCMCOBJ=    245.36103735610033     
 iteration         3480 MCMCOBJ=    232.93077620936742     
 iteration         3500 MCMCOBJ=    239.19785606566305     
 iteration         3520 MCMCOBJ=    235.95819674843537     
 iteration         3540 MCMCOBJ=    234.40927816370302     
 iteration         3560 MCMCOBJ=    233.27231405897334     
 iteration         3580 MCMCOBJ=    222.40855201371517     
 iteration         3600 MCMCOBJ=    261.83011726909223     
 iteration         3620 MCMCOBJ=    221.27463284579076     
 iteration         3640 MCMCOBJ=    243.72470698774433     
 iteration         3660 MCMCOBJ=    234.50881857536692     
 iteration         3680 MCMCOBJ=    243.57188729573986     
 iteration         3700 MCMCOBJ=    237.21452705121558     
 iteration         3720 MCMCOBJ=    221.75443678801858     
 iteration         3740 MCMCOBJ=    251.47118070397440     
 iteration         3760 MCMCOBJ=    230.07919809936419     
 iteration         3780 MCMCOBJ=    215.48527205225543     
 iteration         3800 MCMCOBJ=    224.56922366904482     
 iteration         3820 MCMCOBJ=    234.88144360345413     
 iteration         3840 MCMCOBJ=    227.52289266064383     
 iteration         3860 MCMCOBJ=    236.98993934371603     
 iteration         3880 MCMCOBJ=    225.36845146799169     
 iteration         3900 MCMCOBJ=    229.90877239444296     
 iteration         3920 MCMCOBJ=    215.54297045564803     
 iteration         3940 MCMCOBJ=    219.70157793763559     
 iteration         3960 MCMCOBJ=    222.64006231228259     
 iteration         3980 MCMCOBJ=    239.71277067689073     
 iteration         4000 MCMCOBJ=    223.35267568800359     
 iteration         4020 MCMCOBJ=    232.45295783273190     
 iteration         4040 MCMCOBJ=    246.14532348722912     
 iteration         4060 MCMCOBJ=    248.12635155451278     
 iteration         4080 MCMCOBJ=    231.42517025486075     
 iteration         4100 MCMCOBJ=    246.73077167756236     
 iteration         4120 MCMCOBJ=    254.73553819172065     
 iteration         4140 MCMCOBJ=    265.15817170812556     
 iteration         4160 MCMCOBJ=    232.23035395996081     
 iteration         4180 MCMCOBJ=    250.09821643885471     
 iteration         4200 MCMCOBJ=    240.86763545056169     
 iteration         4220 MCMCOBJ=    237.05467508015076     
 iteration         4240 MCMCOBJ=    231.54652952077882     
 iteration         4260 MCMCOBJ=    236.37180601290410     
 iteration         4280 MCMCOBJ=    233.82887980498654     
 iteration         4300 MCMCOBJ=    228.28902053934183     
 iteration         4320 MCMCOBJ=    242.83633255599045     
 iteration         4340 MCMCOBJ=    232.31146069492112     
 iteration         4360 MCMCOBJ=    243.32735458071079     
 iteration         4380 MCMCOBJ=    223.78503228112393     
 iteration         4400 MCMCOBJ=    220.63677012712853     
 iteration         4420 MCMCOBJ=    252.04208488537247     
 iteration         4440 MCMCOBJ=    264.72624095999197     
 iteration         4460 MCMCOBJ=    220.75009359984082     
 iteration         4480 MCMCOBJ=    242.81437612061154     
 iteration         4500 MCMCOBJ=    237.46880296249597     
 iteration         4520 MCMCOBJ=    243.94887913668049     
 iteration         4540 MCMCOBJ=    232.10119418713651     
 iteration         4560 MCMCOBJ=    242.73724696262963     
 iteration         4580 MCMCOBJ=    230.80298925989348     
 iteration         4600 MCMCOBJ=    225.78290263765859     
 iteration         4620 MCMCOBJ=    230.74518030163489     
 iteration         4640 MCMCOBJ=    250.41860237303266     
 iteration         4660 MCMCOBJ=    224.70605885798588     
 iteration         4680 MCMCOBJ=    253.44883534163569     
 iteration         4700 MCMCOBJ=    247.35434995721752     
 iteration         4720 MCMCOBJ=    238.05315508472813     
 iteration         4740 MCMCOBJ=    240.51651150562080     
 iteration         4760 MCMCOBJ=    222.03788115458119     
 iteration         4780 MCMCOBJ=    260.66494831424239     
 iteration         4800 MCMCOBJ=    219.49831375659141     
 iteration         4820 MCMCOBJ=    218.28392827421149     
 iteration         4840 MCMCOBJ=    244.57932960979062     
 iteration         4860 MCMCOBJ=    226.24639478959384     
 iteration         4880 MCMCOBJ=    220.62245917420421     
 iteration         4900 MCMCOBJ=    233.79988669644234     
 iteration         4920 MCMCOBJ=    254.62745269594765     
 iteration         4940 MCMCOBJ=    235.80402075437689     
 iteration         4960 MCMCOBJ=    236.73670706494542     
 iteration         4980 MCMCOBJ=    238.52590060492548     
 iteration         5000 MCMCOBJ=    258.83376751113383     
 iteration         5020 MCMCOBJ=    233.70157261398023     
 iteration         5040 MCMCOBJ=    264.29139980398293     
 iteration         5060 MCMCOBJ=    242.17070629553297     
 iteration         5080 MCMCOBJ=    241.76831871499598     
 iteration         5100 MCMCOBJ=    241.52974612063338     
 iteration         5120 MCMCOBJ=    267.93207272552343     
 iteration         5140 MCMCOBJ=    231.97460132861329     
 iteration         5160 MCMCOBJ=    228.58110168733322     
 iteration         5180 MCMCOBJ=    237.32422632293836     
 iteration         5200 MCMCOBJ=    243.03385708442894     
 iteration         5220 MCMCOBJ=    232.33542276077142     
 iteration         5240 MCMCOBJ=    223.43869887340432     
 iteration         5260 MCMCOBJ=    222.44666960161135     
 iteration         5280 MCMCOBJ=    261.45096383454865     
 iteration         5300 MCMCOBJ=    237.15954347880967     
 iteration         5320 MCMCOBJ=    248.01439151944345     
 iteration         5340 MCMCOBJ=    220.98949458530021     
 iteration         5360 MCMCOBJ=    241.67717587888481     
 iteration         5380 MCMCOBJ=    245.50855359582553     
 iteration         5400 MCMCOBJ=    232.97788926858615     
 iteration         5420 MCMCOBJ=    235.42342112323684     
 iteration         5440 MCMCOBJ=    231.69092670829318     
 iteration         5460 MCMCOBJ=    218.81403167490276     
 iteration         5480 MCMCOBJ=    214.94541624165129     
 iteration         5500 MCMCOBJ=    233.31701171533845     
 iteration         5520 MCMCOBJ=    236.39800920489239     
 iteration         5540 MCMCOBJ=    222.81835736029601     
 iteration         5560 MCMCOBJ=    219.38904148353910     
 iteration         5580 MCMCOBJ=    222.50954810778768     
 iteration         5600 MCMCOBJ=    252.43568037787387     
 iteration         5620 MCMCOBJ=    246.06478042704086     
 iteration         5640 MCMCOBJ=    247.46009956141469     
 iteration         5660 MCMCOBJ=    237.44841546230180     
 iteration         5680 MCMCOBJ=    261.58989233691875     
 iteration         5700 MCMCOBJ=    224.40775834218860     
 iteration         5720 MCMCOBJ=    233.22041431939618     
 iteration         5740 MCMCOBJ=    229.60685319345259     
 iteration         5760 MCMCOBJ=    225.83666826983594     
 iteration         5780 MCMCOBJ=    241.87507413516886     
 iteration         5800 MCMCOBJ=    221.67111177584519     
 iteration         5820 MCMCOBJ=    247.59810263115651     
 iteration         5840 MCMCOBJ=    224.14327436950100     
 iteration         5860 MCMCOBJ=    248.46621597608615     
 iteration         5880 MCMCOBJ=    246.72725185609136     
 iteration         5900 MCMCOBJ=    226.45138552761782     
 iteration         5920 MCMCOBJ=    237.15722759095758     
 iteration         5940 MCMCOBJ=    223.09339925593943     
 iteration         5960 MCMCOBJ=    242.87749745402010     
 iteration         5980 MCMCOBJ=    221.26655167569248     
 iteration         6000 MCMCOBJ=    237.40755212666386     
 iteration         6020 MCMCOBJ=    213.99198315847534     
 iteration         6040 MCMCOBJ=    238.97935141343203     
 iteration         6060 MCMCOBJ=    229.55172288609231     
 iteration         6080 MCMCOBJ=    274.13921109577058     
 iteration         6100 MCMCOBJ=    242.22227972814636     
 iteration         6120 MCMCOBJ=    228.25959332137822     
 iteration         6140 MCMCOBJ=    241.93650606503334     
 iteration         6160 MCMCOBJ=    233.43848921729989     
 iteration         6180 MCMCOBJ=    218.33019389614302     
 iteration         6200 MCMCOBJ=    242.82630892166125     
 iteration         6220 MCMCOBJ=    245.44456521195823     
 iteration         6240 MCMCOBJ=    238.99821635684512     
 iteration         6260 MCMCOBJ=    218.26868174695201     
 iteration         6280 MCMCOBJ=    246.13499112636663     
 iteration         6300 MCMCOBJ=    230.02441852502318     
 iteration         6320 MCMCOBJ=    229.28900414925445     
 iteration         6340 MCMCOBJ=    222.54899697788190     
 iteration         6360 MCMCOBJ=    231.43417201842121     
 iteration         6380 MCMCOBJ=    246.46352216469458     
 iteration         6400 MCMCOBJ=    235.67373563375705     
 iteration         6420 MCMCOBJ=    246.43885114801438     
 iteration         6440 MCMCOBJ=    241.28374618185512     
 iteration         6460 MCMCOBJ=    224.48497616612755     
 iteration         6480 MCMCOBJ=    257.68307778775431     
 iteration         6500 MCMCOBJ=    226.90051133502604     
 iteration         6520 MCMCOBJ=    241.54938115375401     
 iteration         6540 MCMCOBJ=    230.55836685505966     
 iteration         6560 MCMCOBJ=    224.08059571318853     
 iteration         6580 MCMCOBJ=    234.15068686798196     
 iteration         6600 MCMCOBJ=    229.42635043265309     
 iteration         6620 MCMCOBJ=    234.07114972042720     
 iteration         6640 MCMCOBJ=    235.20742121384239     
 iteration         6660 MCMCOBJ=    222.49705336238765     
 iteration         6680 MCMCOBJ=    240.81142689988187     
 iteration         6700 MCMCOBJ=    251.99253899157898     
 iteration         6720 MCMCOBJ=    240.86783000615927     
 iteration         6740 MCMCOBJ=    234.39824441235592     
 iteration         6760 MCMCOBJ=    237.08779533621242     
 iteration         6780 MCMCOBJ=    213.22833385045999     
 iteration         6800 MCMCOBJ=    235.22750881412495     
 iteration         6820 MCMCOBJ=    239.00809718760362     
 iteration         6840 MCMCOBJ=    222.43024471747148     
 iteration         6860 MCMCOBJ=    239.16248683259229     
 iteration         6880 MCMCOBJ=    238.38202877294441     
 iteration         6900 MCMCOBJ=    231.24652613102722     
 iteration         6920 MCMCOBJ=    249.12452884283897     
 iteration         6940 MCMCOBJ=    258.16527436369768     
 iteration         6960 MCMCOBJ=    232.92258738967746     
 iteration         6980 MCMCOBJ=    235.39591257296894     
 iteration         7000 MCMCOBJ=    223.62356430893152     
 iteration         7020 MCMCOBJ=    229.87708600662941     
 iteration         7040 MCMCOBJ=    235.42168412897161     
 iteration         7060 MCMCOBJ=    230.37186981046682     
 iteration         7080 MCMCOBJ=    241.32416906553647     
 iteration         7100 MCMCOBJ=    256.77393926192201     
 iteration         7120 MCMCOBJ=    231.52135173683823     
 iteration         7140 MCMCOBJ=    239.58074414510759     
 iteration         7160 MCMCOBJ=    229.80322299715260     
 iteration         7180 MCMCOBJ=    233.94827932664219     
 iteration         7200 MCMCOBJ=    220.01290019918994     
 iteration         7220 MCMCOBJ=    236.36142751540379     
 iteration         7240 MCMCOBJ=    235.77424316033137     
 iteration         7260 MCMCOBJ=    245.30958850986869     
 iteration         7280 MCMCOBJ=    233.33431756500556     
 iteration         7300 MCMCOBJ=    257.60697686945105     
 iteration         7320 MCMCOBJ=    252.81690259472052     
 iteration         7340 MCMCOBJ=    230.00557069739486     
 iteration         7360 MCMCOBJ=    230.35538278913316     
 iteration         7380 MCMCOBJ=    259.68673581628769     
 iteration         7400 MCMCOBJ=    240.48602980289945     
 iteration         7420 MCMCOBJ=    233.46177752124194     
 iteration         7440 MCMCOBJ=    248.87303955690820     
 iteration         7460 MCMCOBJ=    239.39499484339896     
 iteration         7480 MCMCOBJ=    242.45830055141485     
 iteration         7500 MCMCOBJ=    220.30328458552120     
 iteration         7520 MCMCOBJ=    235.46702590271863     
 iteration         7540 MCMCOBJ=    241.51186164065396     
 iteration         7560 MCMCOBJ=    234.08954593854349     
 iteration         7580 MCMCOBJ=    250.88951263453274     
 iteration         7600 MCMCOBJ=    255.22360449283002     
 iteration         7620 MCMCOBJ=    242.80452182554598     
 iteration         7640 MCMCOBJ=    222.39266346661495     
 iteration         7660 MCMCOBJ=    244.88523775441155     
 iteration         7680 MCMCOBJ=    218.89279696080922     
 iteration         7700 MCMCOBJ=    238.22732565918170     
 iteration         7720 MCMCOBJ=    240.13039001616389     
 iteration         7740 MCMCOBJ=    237.88879172545589     
 iteration         7760 MCMCOBJ=    242.86324809013163     
 iteration         7780 MCMCOBJ=    225.30000498509210     
 iteration         7800 MCMCOBJ=    230.69926829793175     
 iteration         7820 MCMCOBJ=    256.93976372145539     
 iteration         7840 MCMCOBJ=    230.28275818556594     
 iteration         7860 MCMCOBJ=    232.40615043064227     
 iteration         7880 MCMCOBJ=    230.47578402119998     
 iteration         7900 MCMCOBJ=    237.32287908584860     
 iteration         7920 MCMCOBJ=    235.82788397479993     
 iteration         7940 MCMCOBJ=    231.62175080310234     
 iteration         7960 MCMCOBJ=    239.29080450177813     
 iteration         7980 MCMCOBJ=    229.59261594304351     
 iteration         8000 MCMCOBJ=    225.73748242504456     
 iteration         8020 MCMCOBJ=    239.37936376439058     
 iteration         8040 MCMCOBJ=    234.22168257931887     
 iteration         8060 MCMCOBJ=    238.59485849433671     
 iteration         8080 MCMCOBJ=    241.80831554507895     
 iteration         8100 MCMCOBJ=    248.19381128699425     
 iteration         8120 MCMCOBJ=    230.09900803471220     
 iteration         8140 MCMCOBJ=    255.00690438175289     
 iteration         8160 MCMCOBJ=    230.79313315947854     
 iteration         8180 MCMCOBJ=    234.81174188702909     
 iteration         8200 MCMCOBJ=    233.97636846069480     
 iteration         8220 MCMCOBJ=    212.93071102620257     
 iteration         8240 MCMCOBJ=    236.26050636336345     
 iteration         8260 MCMCOBJ=    238.19134591495916     
 iteration         8280 MCMCOBJ=    234.43797404951587     
 iteration         8300 MCMCOBJ=    228.42932278283584     
 iteration         8320 MCMCOBJ=    248.63920444429388     
 iteration         8340 MCMCOBJ=    231.35030544469041     
 iteration         8360 MCMCOBJ=    231.70572765007276     
 iteration         8380 MCMCOBJ=    235.98313405155130     
 iteration         8400 MCMCOBJ=    229.52710565832791     
 iteration         8420 MCMCOBJ=    225.26835773912248     
 iteration         8440 MCMCOBJ=    241.18745627644566     
 iteration         8460 MCMCOBJ=    227.96555989028056     
 iteration         8480 MCMCOBJ=    236.97143098637218     
 iteration         8500 MCMCOBJ=    231.95159476849116     
 iteration         8520 MCMCOBJ=    242.12972978971851     
 iteration         8540 MCMCOBJ=    231.45040029803934     
 iteration         8560 MCMCOBJ=    226.39922828446203     
 iteration         8580 MCMCOBJ=    231.18365988032119     
 iteration         8600 MCMCOBJ=    245.86177446410477     
 iteration         8620 MCMCOBJ=    247.18518783430790     
 iteration         8640 MCMCOBJ=    233.31780666670107     
 iteration         8660 MCMCOBJ=    242.07644320077418     
 iteration         8680 MCMCOBJ=    240.66245258303209     
 iteration         8700 MCMCOBJ=    237.65319347504200     
 iteration         8720 MCMCOBJ=    238.23923781623535     
 iteration         8740 MCMCOBJ=    233.37850664241785     
 iteration         8760 MCMCOBJ=    244.81181009546233     
 iteration         8780 MCMCOBJ=    257.89183888813301     
 iteration         8800 MCMCOBJ=    238.83836697774686     
 iteration         8820 MCMCOBJ=    243.62083683787230     
 iteration         8840 MCMCOBJ=    234.30660374750747     
 iteration         8860 MCMCOBJ=    227.54457519274240     
 iteration         8880 MCMCOBJ=    225.07479221487074     
 iteration         8900 MCMCOBJ=    228.08073938209742     
 iteration         8920 MCMCOBJ=    247.77190766330193     
 iteration         8940 MCMCOBJ=    245.64894958911520     
 iteration         8960 MCMCOBJ=    242.88925099289040     
 iteration         8980 MCMCOBJ=    238.90963161779422     
 iteration         9000 MCMCOBJ=    230.02573577017679     
 iteration         9020 MCMCOBJ=    233.88756510409868     
 iteration         9040 MCMCOBJ=    222.39744625041092     
 iteration         9060 MCMCOBJ=    231.63383683392215     
 iteration         9080 MCMCOBJ=    233.62740470590899     
 iteration         9100 MCMCOBJ=    243.27420145170206     
 iteration         9120 MCMCOBJ=    239.08998633221566     
 iteration         9140 MCMCOBJ=    224.22474922434168     
 iteration         9160 MCMCOBJ=    245.87901001668948     
 iteration         9180 MCMCOBJ=    220.50007290423071     
 iteration         9200 MCMCOBJ=    237.05791742257117     
 iteration         9220 MCMCOBJ=    256.82401743063264     
 iteration         9240 MCMCOBJ=    218.02849453541330     
 iteration         9260 MCMCOBJ=    247.35578415224197     
 iteration         9280 MCMCOBJ=    262.19617883863492     
 iteration         9300 MCMCOBJ=    232.04154051637366     
 iteration         9320 MCMCOBJ=    212.39705099780710     
 iteration         9340 MCMCOBJ=    238.26294204840266     
 iteration         9360 MCMCOBJ=    240.42870949197788     
 iteration         9380 MCMCOBJ=    231.76660819044977     
 iteration         9400 MCMCOBJ=    257.58607624180740     
 iteration         9420 MCMCOBJ=    237.70052214993643     
 iteration         9440 MCMCOBJ=    240.19967952682205     
 iteration         9460 MCMCOBJ=    243.50220553937530     
 iteration         9480 MCMCOBJ=    221.72176644728680     
 iteration         9500 MCMCOBJ=    234.07706403693120     
 iteration         9520 MCMCOBJ=    240.47717125202925     
 iteration         9540 MCMCOBJ=    232.44856745953192     
 iteration         9560 MCMCOBJ=    217.74905513289545     
 iteration         9580 MCMCOBJ=    216.13693500559583     
 iteration         9600 MCMCOBJ=    241.39804811759186     
 iteration         9620 MCMCOBJ=    239.33675242315206     
 iteration         9640 MCMCOBJ=    250.71997671915310     
 iteration         9660 MCMCOBJ=    245.95549428221747     
 iteration         9680 MCMCOBJ=    243.08790764114599     
 iteration         9700 MCMCOBJ=    213.11855172454815     
 iteration         9720 MCMCOBJ=    226.86799017265159     
 iteration         9740 MCMCOBJ=    219.81087229637370     
 iteration         9760 MCMCOBJ=    225.38945274290373     
 iteration         9780 MCMCOBJ=    228.71967248646385     
 iteration         9800 MCMCOBJ=    228.63392211352564     
 iteration         9820 MCMCOBJ=    217.37083145150092     
 iteration         9840 MCMCOBJ=    217.45547750441651     
 iteration         9860 MCMCOBJ=    242.46266035812539     
 iteration         9880 MCMCOBJ=    226.38971540649251     
 iteration         9900 MCMCOBJ=    224.08680393512790     
 iteration         9920 MCMCOBJ=    249.25330475330841     
 iteration         9940 MCMCOBJ=    233.34293938074376     
 iteration         9960 MCMCOBJ=    243.28700469166046     
 iteration         9980 MCMCOBJ=    234.28029921805739     
 iteration        10000 MCMCOBJ=    247.82052487804006     
 BURN-IN WAS COMPLETED

 #TERM:
 STATISTICAL PORTION WAS COMPLETED
  
 TOTAL DATA POINTS NORMALLY DISTRIBUTED (N):           72
 N*LOG(2PI) CONSTANT TO OBJECTIVE FUNCTION:    132.32714878147286     
 OBJECTIVE FUNCTION VALUE WITHOUT CONSTANT:    235.89161070202141     
 OBJECTIVE FUNCTION VALUE WITH CONSTANT:       368.21875948349430     
 REPORTED OBJECTIVE FUNCTION DOES NOT CONTAIN CONSTANT
  
 TOTAL EFFECTIVE ETAS (NIND*NETA):                            36
 NIND*NETA*LOG(2PI) CONSTANT TO OBJECTIVE FUNCTION:    66.163574390736429     
 OBJECTIVE FUNCTION VALUE WITHOUT CONSTANT:    235.89161070202141     
 OBJECTIVE FUNCTION VALUE WITH CONSTANT:       302.05518509275782     
 REPORTED OBJECTIVE FUNCTION DOES NOT CONTAIN CONSTANT
  
 PRIOR CONSTANT TO OBJECTIVE FUNCTION:    30.823646298206345     
 OBJECTIVE FUNCTION VALUE WITHOUT CONSTANT:    235.89161070202141     
 OBJECTIVE FUNCTION VALUE WITH CONSTANT:       266.71525700022778     
 REPORTED OBJECTIVE FUNCTION DOES NOT CONTAIN CONSTANT
  
 #TERE:
 Elapsed estimation  time in seconds:    34.15
 Elapsed covariance  time in seconds:     0.00
1
 
 
 
 
 
 
 
 
 
 
 
 
 
 
 
 
 
 
 
 
 ************************************************************************************************************************
 ********************                                                                                ********************
 ********************                              MCMC BAYESIAN ANALYSIS                            ********************
 #OBJT:**************                       AVERAGE VALUE OF LIKELIHOOD FUNCTION                     ********************
 ********************                                                                                ********************
 ************************************************************************************************************************
 





 #OBJV:********************************************      235.892       **************************************************
 #OBJS:********************************************       11.107 (STD) **************************************************
1
 ************************************************************************************************************************
 ********************                                                                                ********************
 ********************                              MCMC BAYESIAN ANALYSIS                            ********************
 ********************                             FINAL PARAMETER ESTIMATE                           ********************
 ********************                                                                                ********************
 ************************************************************************************************************************
 


 THETA - VECTOR OF FIXED EFFECTS PARAMETERS   *********


         THETA(CL) THETA(V) 
 
         3.48E+00  3.65E+01
 


 OMEGA - COV MATRIX FOR RANDOM EFFECTS - ETAS  ********


         ETA(CL)   ETA(V)   
 
 ETA(CL)
+        1.60E-01
 
 ETA(V)
+        3.69E-02  7.37E-02
 


 SIGMA - COV MATRIX FOR RANDOM EFFECTS - EPSILONS  ****


         EPS1     
 
 EPS1
+        5.38E-02
 
1


 OMEGA - CORR MATRIX FOR RANDOM EFFECTS - ETAS  *******


         ETA(CL)   ETA(V)   
 
 ETA(CL)
+        3.92E-01
 
 ETA(V)
+        3.32E-01  2.65E-01
 


 SIGMA - CORR MATRIX FOR RANDOM EFFECTS - EPSILONS  ***


         EPS1     
 
 EPS1
+        2.30E-01
 
1
 ************************************************************************************************************************
 ********************                                                                                ********************
 ********************                              MCMC BAYESIAN ANALYSIS                            ********************
 ********************                STANDARD ERROR OF ESTIMATE (From Sample Variance)               ********************
 ********************                                                                                ********************
 ************************************************************************************************************************
 


 THETA - VECTOR OF FIXED EFFECTS PARAMETERS   *********


         THETA(CL) THETA(V) 
 
         3.53E-01  3.05E+00
 


 OMEGA - COV MATRIX FOR RANDOM EFFECTS - ETAS  ********


         ETA(CL)   ETA(V)   
 
 ETA(CL)
+        6.61E-02
 
 ETA(V)
+        3.50E-02  3.37E-02
 


 SIGMA - COV MATRIX FOR RANDOM EFFECTS - EPSILONS  ****


         EPS1     
 
 EPS1
+        1.23E-02
 
1


 OMEGA - CORR MATRIX FOR RANDOM EFFECTS - ETAS  *******


         ETA(CL)   ETA(V)   
 
 ETA(CL)
+        7.68E-02
 
 ETA(V)
+        2.47E-01  5.72E-02
 


 SIGMA - CORR MATRIX FOR RANDOM EFFECTS - EPSILONS  ***


         EPS1     
 
 EPS1
+        2.58E-02
 
1
 ************************************************************************************************************************
 ********************                                                                                ********************
 ********************                              MCMC BAYESIAN ANALYSIS                            ********************
 ********************               COVARIANCE MATRIX OF ESTIMATE (From Sample Variance)             ********************
 ********************                                                                                ********************
 ************************************************************************************************************************
 

            TH 1      TH 2      OM11      OM12      OM22      SG11  
 
 TH 1
+        1.25E-01
 
 TH 2
+        2.52E-01  9.31E+00
 
 OM11
+       -1.47E-03  1.58E-02  4.37E-03
 
 OM12
+        7.12E-04  1.32E-04  8.32E-04  1.22E-03
 
 OM22
+        6.38E-05 -1.64E-03  2.69E-04  5.84E-04  1.14E-03
 
 SG11
+        2.02E-04  3.88E-03 -4.57E-05 -2.03E-05  4.09E-06  1.51E-04
 
1
 ************************************************************************************************************************
 ********************                                                                                ********************
 ********************                              MCMC BAYESIAN ANALYSIS                            ********************
 ********************              CORRELATION MATRIX OF ESTIMATE (From Sample Variance)             ********************
 ********************                                                                                ********************
 ************************************************************************************************************************
 

            TH 1      TH 2      OM11      OM12      OM22      SG11  
 
 TH 1
+        3.53E-01
 
 TH 2
+        2.34E-01  3.05E+00
 
 OM11
+       -6.30E-02  7.83E-02  6.61E-02
 
 OM12
+        5.76E-02  1.23E-03  3.60E-01  3.50E-02
 
 OM22
+        5.35E-03 -1.60E-02  1.21E-01  4.95E-01  3.37E-02
 
 SG11
+        4.65E-02  1.03E-01 -5.62E-02 -4.73E-02  9.86E-03  1.23E-02
 
1
 ************************************************************************************************************************
 ********************                                                                                ********************
 ********************                              MCMC BAYESIAN ANALYSIS                            ********************
 ********************           INVERSE COVARIANCE MATRIX OF ESTIMATE (From Sample Variance)         ********************
 ********************                                                                                ********************
 ************************************************************************************************************************
 

            TH 1      TH 2      OM11      OM12      OM22      SG11  
 
 TH 1
+        8.62E+00
 
 TH 2
+       -2.40E-01  1.16E-01
 
 OM11
+        5.48E+00 -6.23E-01  2.70E+02
 
 OM12
+       -1.03E+01  4.53E-01 -2.05E+02  1.25E+03
 
 OM22
+        3.19E+00  1.06E-01  3.97E+01 -5.90E+02  1.17E+03
 
 SG11
+       -5.18E+00 -2.79E+00  6.16E+01  1.24E+02 -1.06E+02  6.73E+03
 
 Elapsed postprocess time in seconds:     0.00
 #CPUT: Total CPU Time in Seconds,       22.875
Stop Time: 
Tue 01/03/2017 
10:25 PM
