Tue 01/03/2017 
10:26 PM
$PROB one cmpt simple mu modeled bayes multidose nids: 36 scenario: s1dpt
;; based_on: run100
$SUB ADVAN1 TRANS2
$INPUT ID TIME DV OBSNUM CMT EVID AMT RATE ADDL II 
$DATA ..\..\mdata\simple_nocovar_56id_6tp_md.csv
IGNORE=@ 
IGNORE=(OBSNUM.EQN.2)
IGNORE=(OBSNUM.EQN.4)
IGNORE=(OBSNUM.EQN.5)
IGNORE=(ID.GT.36)
$ABBR REPLACE THETA(CL, V) = THETA(1 to 2)
$ABBR REPLACE ETA(CL, V) = ETA(1 to 2)

$THETAI
THETA(1:NTHETA)=LOG(THETAI(1:NTHETA))
THETAP(1:NTHETAP)=LOG(THETAPI(1:NTHETAP))
$THETAR
THETAR(1:NTHETA)=EXP(THETA(1:NTHETA))
THETAPR(1:NTHETAP)=EXP(THETAP(1:NTHETAP))

$PRIOR NWPRI 

$PK
"USE NMBAYES_INT, ONLY: ITER_REPORT,BAYES_EXTRA_REQUEST,BAYES_EXTRA
; Request extra information for Bayesian analysis.
; An extra call will then be made for accepted samples
"BAYES_EXTRA_REQUEST=1

MU_1 = THETA(CL)
MU_2 = THETA(V)
CL = EXP(MU_1 + ETA(CL))
V = EXP(MU_2 + ETA(V))
S1 = V

"IF(BAYES_EXTRA==1 .AND. ITER_REPORT>=0 .AND. TIME==0.0) THEN
"WRITE(50,98) ITER_REPORT,ID,CL,V
"98 FORMAT(I12,1X,F14.0,4(1X,1PG12.5))
"ENDIF

$ERROR
IPRED=F
Y = IPRED*(1 + ERR(1))  

$THETA
(0.001, 2.5) ; TVCL
(0.001, 46) ; TVV

$OMEGA BLOCK(2)
0.1    ; nCL
0.1  0.1  ; nV

$SIGMA
0.03 ; PROP

; THETA PRIORS
$THETAP (2.5 FIX) (46 FIX) 

; THETA (uniformative) PRIORs
$THETAPV BLOCK(2)
10000 FIX
0.0 10000 

$OMEGAP BLOCK(2)
0.2 FIX
0 0.2

; degrees of freedom to prior omega matrix - low dof = highly uninformative
$OMEGAPD (2 FIX)

$EST METHOD=CHAIN FILE=..\run100.chn NSAMPLE=0 ISAMPLE=2 DF=20
$EST METHOD=BAYES INTER NBURN=4000 NITER=10000 PRINT=20 NOPRIOR=0 CTYPE=3 CITER=10 SEED=56664
  
NM-TRAN MESSAGES 
  
 WARNINGS AND ERRORS (IF ANY) FOR PROBLEM    1
             
 (WARNING  2) NM-TRAN INFERS THAT THE DATA ARE POPULATION.

 (MU_WARNING 20) MU_001: MU_ VARIABLE SHOULD NOT BE DEFINED AFTER VERBATIM CODE.
  
License Registered to: Devin Pastoor
Expiration Date:    14 NOV 2017
Current Date:        3 JAN 2017
Days until program expires : 311
1NONLINEAR MIXED EFFECTS MODEL PROGRAM (NONMEM) VERSION 7.4.0 alpha14 (nm74a14)
 ORIGINALLY DEVELOPED BY STUART BEAL, LEWIS SHEINER, AND ALISON BOECKMANN
 CURRENT DEVELOPERS ARE ROBERT BAUER, ICON DEVELOPMENT SOLUTIONS,
 AND ALISON BOECKMANN. IMPLEMENTATION, EFFICIENCY, AND STANDARDIZATION
 PERFORMED BY NOUS INFOSYSTEMS.

 PROBLEM NO.:         1
 one cmpt simple mu modeled bayes multidose nids: 36 scenario: s1dpt
0DATA CHECKOUT RUN:              NO
 DATA SET LOCATED ON UNIT NO.:    2
 THIS UNIT TO BE REWOUND:        NO
 NO. OF DATA RECS IN DATA SET:      144
 NO. OF DATA ITEMS IN DATA SET:  11
 ID DATA ITEM IS DATA ITEM NO.:   1
 DEP VARIABLE IS DATA ITEM NO.:   3
 MDV DATA ITEM IS DATA ITEM NO.: 11
0INDICES PASSED TO SUBROUTINE PRED:
   6   2   7   8   0  10   5   0   0   0   9
0LABELS FOR DATA ITEMS:
 ID TIME DV OBSNUM CMT EVID AMT RATE ADDL II MDV
0LABELS FOR THETAS
 THETA(1)=THETA(CL)
 THETA(2)=THETA(V)
0LABELS FOR ETAS
 ETA(1)=ETA(CL)
0LABELS FOR ETAS
 ETA(2)=ETA(V)
0FORMAT FOR DATA:
 (2E3.0,E17.0,3E2.0,2E5.0,E2.0,E3.0,1F2.0)

 TOT. NO. OF OBS RECS:      108
 TOT. NO. OF INDIVIDUALS:     36
0LENGTH OF THETA:   5
0DEFAULT THETA BOUNDARY TEST OMITTED:    NO
0OMEGA HAS BLOCK FORM:
  1
  1  1
  0  0  2
  0  0  2  2
  0  0  0  0  3
  0  0  0  0  3  3
0DEFAULT OMEGA BOUNDARY TEST OMITTED:    NO
0SIGMA HAS SIMPLE DIAGONAL FORM WITH DIMENSION:   1
0DEFAULT SIGMA BOUNDARY TEST OMITTED:    NO
0INITIAL ESTIMATE OF THETA:
 LOWER BOUND    INITIAL EST    UPPER BOUND
  0.1000E-02     0.2500E+01     0.1000E+07
  0.1000E-02     0.4600E+02     0.1000E+07
  0.2500E+01     0.2500E+01     0.2500E+01
  0.4600E+02     0.4600E+02     0.4600E+02
  0.2000E+01     0.2000E+01     0.2000E+01
0INITIAL ESTIMATE OF OMEGA:
 BLOCK SET NO.   BLOCK                                                                    FIXED
        1                                                                                   NO
 DIAGONAL SHIFT OF  1.1000E-07 WAS IMPOSED TO ENSURE POSITIVE DEFINITENESS
                  0.1000E+00
                  0.1000E+00   0.1000E+00
        2                                                                                  YES
                  0.1000E+05
                  0.0000E+00   0.1000E+05
        3                                                                                  YES
                  0.2000E+00
                  0.0000E+00   0.2000E+00
0INITIAL ESTIMATE OF SIGMA:
 0.3000E-01
0
 THETAI SUBROUTINE USER-SUPPLIED
 THETAR SUBROUTINE USER-SUPPLIED
 PRIOR SUBROUTINE USER-SUPPLIED
1DOUBLE PRECISION PREDPP VERSION 7.4.0 alpha14 (nm74a14)

 ONE COMPARTMENT MODEL (ADVAN1)
0MAXIMUM NO. OF BASIC PK PARAMETERS:   2
0BASIC PK PARAMETERS (AFTER TRANSLATION):
   ELIMINATION RATE (K) IS BASIC PK PARAMETER NO.:  1

 TRANSLATOR WILL CONVERT PARAMETERS
 CLEARANCE (CL) AND VOLUME (V) TO K (TRANS2)
0COMPARTMENT ATTRIBUTES
 COMPT. NO.   FUNCTION   INITIAL    ON/OFF      DOSE      DEFAULT    DEFAULT
                         STATUS     ALLOWED    ALLOWED    FOR DOSE   FOR OBS.
    1         CENTRAL      ON         NO         YES        YES        YES
    2         OUTPUT       OFF        YES        NO         NO         NO
1
 ADDITIONAL PK PARAMETERS - ASSIGNMENT OF ROWS IN GG
 COMPT. NO.                             INDICES
              SCALE      BIOAVAIL.   ZERO-ORDER  ZERO-ORDER  ABSORB
                         FRACTION    RATE        DURATION    LAG
    1            3           *           *           *           *
    2            *           -           -           -           -
             - PARAMETER IS NOT ALLOWED FOR THIS MODEL
             * PARAMETER IS NOT SUPPLIED BY PK SUBROUTINE;
               WILL DEFAULT TO ONE IF APPLICABLE
0DATA ITEM INDICES USED BY PRED ARE:
   EVENT ID DATA ITEM IS DATA ITEM NO.:      6
   TIME DATA ITEM IS DATA ITEM NO.:          2
   DOSE AMOUNT DATA ITEM IS DATA ITEM NO.:   7
   DOSE RATE DATA ITEM IS DATA ITEM NO.:     8
   INTERVAL DATA ITEM IS DATA ITEM NO.:     10
   ADDL. DOSES DATA ITEM IS DATA ITEM NO.:   9
   COMPT. NO. DATA ITEM IS DATA ITEM NO.:    5

0PK SUBROUTINE CALLED WITH EVERY EVENT RECORD.
 PK SUBROUTINE NOT CALLED AT NONEVENT (ADDITIONAL OR LAGGED) DOSE TIMES.
0ERROR SUBROUTINE CALLED WITH EVERY EVENT RECORD.
1


 #TBLN:      1
 #METH: Chain Method Processing

 RANDOM GENERATION TYPE (CTYPE):     0
 RANDOM GENERATION SEED (SEED):      11456
 RANDOM SAMPLE SELECTION (ISAMPLE):  2
 RANDOM SAMPLE RANGE END (ISAMPEND): -2147483647
 NUMBER OF RANDOM SAMPLES (NSAMPLE): 0
 UNIFORM FRACTIONAL RANGE (IACCEPT): 0.400000000000000
 RANDOM SELECTION TYPE (SELECT):     0
 DEG. FR. TO GENERATE OMEGAS (DF):   20
 DEG. FR. TO GENERATE SIGMAS (DFS):  -1
 CHAIN FILE (FILE):                  ..\run100.chn
 EXCL. TITLE IN CHAIN FILE (NOTITLE):NO
 EX. COL. LBS. IN CHAIN FL.(NOLABEL):NO
 FORMAT FOR CHAIN FILE (FORMAT):     S1PE12.5
 PAR. ORDER in CHAIN FILE (ORDER):   TSOL
 RANDOM SAMPLING METHOD (RANMETHOD):3U

 THE FOLLOWING LABELS ARE EQUIVALENT
 PRED=NPRED
 RES=NRES
 WRES=NWRES
 IWRS=NIWRES
 IPRD=NIPRED
 IRS=NIRES



 FROM SAMPLE 2 OF CHAIN FILE ..\run100.chn
 NEW INITIAL ESTIMATES OF THETA
  0.3533E+01
  0.1015E-01
 NEW INITIAL ESTIMATES OF OMEGA
  0.1302E+00
  0.1302E+00  0.1302E+00
 NEW INITIAL ESTIMATES OF SIGMA
  0.4169E-01
1


 #TBLN:      1
 #METH: MCMC Bayesian Analysis

 ESTIMATION STEP OMITTED:                 NO
 ANALYSIS TYPE:                           POPULATION
 NUMBER OF SADDLE POINT RESET ITERATIONS:      0
 GRADIENT METHOD USED:               NOSLOW
 CONDITIONAL ESTIMATES USED:              YES
 CENTERED ETA:                            NO
 EPS-ETA INTERACTION:                     YES
 LAPLACIAN OBJ. FUNC.:                    NO
 NO. OF FUNCT. EVALS. ALLOWED:            840
 NO. OF SIG. FIGURES REQUIRED:            3
 INTERMEDIATE PRINTOUT:                   YES
 ESTIMATE OUTPUT TO MSF:                  NO
 IND. OBJ. FUNC. VALUES SORTED:           NO
 NUMERICAL DERIVATIVE
       FILE REQUEST (NUMDER):               NONE
 MAP (ETAHAT) ESTIMATION METHOD (OPTMAP):   0
 ETA HESSIAN EVALUATION METHOD (ETADER):    0
 INITIAL ETA FOR MAP ESTIMATION (MCETA):    0
 SIGDIGITS FOR MAP ESTIMATION (SIGLO):      100
 GRADIENT SIGDIGITS OF
       FIXED EFFECTS PARAMETERS (SIGL):     100
 NOPRIOR SETTING (NOPRIOR):                 OFF
 NOCOV SETTING (NOCOV):                     OFF
 DERCONT SETTING (DERCONT):                 OFF
 FINAL ETA RE-EVALUATION (FNLETA):          ON
 EXCLUDE NON-INFLUENTIAL (NON-INFL.) ETAS
       IN SHRINKAGE (ETASTYPE):             NO
 NON-INFL. ETA CORRECTION (NONINFETA):      OFF
 RAW OUTPUT FILE (FILE): run114_nids_36_s1dpt_c2.ext
 EXCLUDE TITLE (NOTITLE):                   NO
 EXCLUDE COLUMN LABELS (NOLABEL):           NO
 FORMAT FOR ADDITIONAL FILES (FORMAT):      S1PE12.5
 PARAMETER ORDER FOR OUTPUTS (ORDER):       TSOL
 WISHART PRIOR DF INTERPRETATION (WISHTYPE):0
 KNUTHSUMOFF:                               0
 INCLUDE LNTWOPI:                           NO
 INCLUDE CONSTANT TERM TO PRIOR (PRIORC):   NO
 INCLUDE CONSTANT TERM TO OMEGA (ETA) (OLNTWOPI):NO
 EM OR BAYESIAN METHOD USED:                MCMC BAYESIAN (BAYES)
 MU MODELING PATTERN (MUM):
 GRADIENT/GIBBS PATTERN (GRD):
 AUTOMATIC SETTING FEATURE (AUTO):          OFF
 CONVERGENCE TYPE (CTYPE):                  3
 KEEP ITERATIONS (THIN):            1
 CONVERGENCE INTERVAL (CINTERVAL):          20
 CONVERGENCE ITERATIONS (CITER):            10
 CONVERGENCE ALPHA ERROR (CALPHA):          5.000000000000000E-02
 BURN-IN ITERATIONS (NBURN):                4000
 ITERATIONS (NITER):                        10000
 ANEAL SETTING (CONSTRAIN):                 1
 STARTING SEED FOR MC METHODS (SEED):       56664
 MC SAMPLES PER SUBJECT (ISAMPLE):          1
 RANDOM SAMPLING METHOD (RANMETHOD):        3U
 PROPOSAL DENSITY SCALING RANGE
              (ISCALE_MIN, ISCALE_MAX):     1.000000000000000E-06   ,1000000.00000000
 SAMPLE ACCEPTANCE RATE (IACCEPT):          0.400000000000000
 METROPOLIS HASTINGS SAMPLING FOR INDIVIDUAL ETAS:
 SAMPLES FOR GLOBAL SEARCH KERNEL (ISAMPLE_M1):          2
 SAMPLES FOR NEIGHBOR SEARCH KERNEL (ISAMPLE_M1A):       0
 SAMPLES FOR MASS/IMP/POST. MATRIX SEARCH (ISAMPLE_M1B): 2
 SAMPLES FOR LOCAL SEARCH KERNEL (ISAMPLE_M2):           2
 SAMPLES FOR LOCAL UNIVARIATE KERNEL (ISAMPLE_M3):       2
 PWR. WT. MASS/IMP/POST MATRIX ACCUM. FOR ETAS (IKAPPA): 1.00000000000000
 MASS/IMP./POST. MATRIX REFRESH SETTING (MASSREST):      -1
 METROPOLIS HASTINGS POPULATION SAMPLING FOR NON-GIBBS
 SAMPLED THETAS AND SIGMAS:
 PROPOSAL DENSITY SCALING RANGE
              (PSCALE_MIN, PSCALE_MAX):   1.000000000000000E-02   ,1000.00000000000
 SAMPLE ACCEPTANCE RATE (PACCEPT):                       0.500000000000000
 SAMPLES FOR GLOBAL SEARCH KERNEL (PSAMPLE_M1):          1
 SAMPLES FOR LOCAL SEARCH KERNEL (PSAMPLE_M2):           -1
 SAMPLES FOR LOCAL UNIVARIATE KERNEL (PSAMPLE_M3):       1
 METROPOLIS HASTINGS POPULATION SAMPLING FOR NON-GIBBS
 SAMPLED OMEGAS:
 SAMPLE ACCEPTANCE RATE (OACCEPT):                       0.500000000000000
 SAMPLES FOR GLOBAL SEARCH KERNEL (OSAMPLE_M1):          -1
 SAMPLES FOR LOCAL SEARCH KERNEL (OSAMPLE_M2):           -1
 SAMPLES FOR LOCAL UNIVARIATE SEARCH KERNEL (OSAMPLE_M3):0
 DEG. FR. FOR T DIST.  PRIOR FOR THETAS (TTDF):        0.00000000000000
 DEG. FR. FOR LKJ CORRELATION PRIOR FOR OMEGAS (OLKJDF): 0.00000000000000
 WEIGHT FACTOR FOR STD PRIOR FOR OMEGAS (OVARF): 1.00000000000000
 DEG. FR. FOR LKJ CORRELATION PRIOR FOR SIGMAS (SLKJDF): 0.00000000000000
 WEIGHT FACTOR FOR STD PRIOR FOR SIGMAS (SVARF): 1.00000000000000


 THE FOLLOWING LABELS ARE EQUIVALENT
 PRED=PREDI
 RES=RESI
 WRES=WRESI
 IWRS=IWRESI
 IPRD=IPREDI
 IRS=IRESI

 EM/BAYES SETUP:
 THETAS THAT ARE MU MODELED:
   1   2
 THETAS THAT ARE GIBBS SAMPLED:
   1   2
 THETAS THAT ARE METROPOLIS-HASTINGS SAMPLED:
 
 SIGMAS THAT ARE GIBBS SAMPLED:
   1
 SIGMAS THAT ARE METROPOLIS-HASTINGS SAMPLED:
 
 OMEGAS ARE GIBBS SAMPLED

 MONITORING OF SEARCH:

 Burn-in Mode
 iteration        -4000 MCMCOBJ=    1526109064.0558722     
 iteration        -3980 MCMCOBJ=    676.56487838757448     
 iteration        -3960 MCMCOBJ=    460.31749418748717     
 iteration        -3940 MCMCOBJ=    251.78103506468551     
 iteration        -3920 MCMCOBJ=    248.82873306454474     
 iteration        -3900 MCMCOBJ=    283.79620859618348     
 iteration        -3880 MCMCOBJ=    282.67855852706288     
 iteration        -3860 MCMCOBJ=    300.31926204817114     
 iteration        -3840 MCMCOBJ=    264.28240408599351     
 iteration        -3820 MCMCOBJ=    229.13609512191016     
 iteration        -3800 MCMCOBJ=    248.27303320968301     
 iteration        -3780 MCMCOBJ=    272.19951536205247     
 Convergence achieved
 Sampling Mode
 iteration            0 MCMCOBJ=    270.61745667680447     
 iteration           20 MCMCOBJ=    258.85304329119606     
 iteration           40 MCMCOBJ=    257.29039158894028     
 iteration           60 MCMCOBJ=    279.83642813340617     
 iteration           80 MCMCOBJ=    241.33450895095419     
 iteration          100 MCMCOBJ=    269.10875726423711     
 iteration          120 MCMCOBJ=    249.18720628946471     
 iteration          140 MCMCOBJ=    239.20317517973356     
 iteration          160 MCMCOBJ=    244.41171333275204     
 iteration          180 MCMCOBJ=    246.37955644317873     
 iteration          200 MCMCOBJ=    241.09872177664948     
 iteration          220 MCMCOBJ=    259.57219095266873     
 iteration          240 MCMCOBJ=    250.76912486903564     
 iteration          260 MCMCOBJ=    236.68675223348197     
 iteration          280 MCMCOBJ=    258.73129475486752     
 iteration          300 MCMCOBJ=    240.30059165152358     
 iteration          320 MCMCOBJ=    238.77384620696046     
 iteration          340 MCMCOBJ=    250.50759176654148     
 iteration          360 MCMCOBJ=    261.41354643148236     
 iteration          380 MCMCOBJ=    254.53696800830872     
 iteration          400 MCMCOBJ=    217.96744236092979     
 iteration          420 MCMCOBJ=    245.66204921728075     
 iteration          440 MCMCOBJ=    228.25852156334375     
 iteration          460 MCMCOBJ=    281.18205004972049     
 iteration          480 MCMCOBJ=    264.76554290203410     
 iteration          500 MCMCOBJ=    277.16956776541485     
 iteration          520 MCMCOBJ=    233.71416199508110     
 iteration          540 MCMCOBJ=    269.06749133941656     
 iteration          560 MCMCOBJ=    247.71146048894644     
 iteration          580 MCMCOBJ=    238.59009679565756     
 iteration          600 MCMCOBJ=    268.09509793060505     
 iteration          620 MCMCOBJ=    248.74485407851535     
 iteration          640 MCMCOBJ=    245.17639687202114     
 iteration          660 MCMCOBJ=    263.79932195590987     
 iteration          680 MCMCOBJ=    264.69731054839315     
 iteration          700 MCMCOBJ=    245.74881586231567     
 iteration          720 MCMCOBJ=    272.75773121077492     
 iteration          740 MCMCOBJ=    265.73376230610450     
 iteration          760 MCMCOBJ=    246.47296976410715     
 iteration          780 MCMCOBJ=    262.54464847730395     
 iteration          800 MCMCOBJ=    311.77295993655133     
 iteration          820 MCMCOBJ=    225.87337022667575     
 iteration          840 MCMCOBJ=    251.86661291816927     
 iteration          860 MCMCOBJ=    245.37853451270738     
 iteration          880 MCMCOBJ=    256.88053153605205     
 iteration          900 MCMCOBJ=    293.07221747231171     
 iteration          920 MCMCOBJ=    270.13863955402542     
 iteration          940 MCMCOBJ=    250.52841304115580     
 iteration          960 MCMCOBJ=    262.43287641872683     
 iteration          980 MCMCOBJ=    233.26716450756726     
 iteration         1000 MCMCOBJ=    249.40104889831798     
 iteration         1020 MCMCOBJ=    251.00015557613537     
 iteration         1040 MCMCOBJ=    274.66971447961970     
 iteration         1060 MCMCOBJ=    259.36394460679389     
 iteration         1080 MCMCOBJ=    273.95311545767220     
 iteration         1100 MCMCOBJ=    258.92432694736198     
 iteration         1120 MCMCOBJ=    237.18959999671654     
 iteration         1140 MCMCOBJ=    259.37943827157659     
 iteration         1160 MCMCOBJ=    254.66909351494945     
 iteration         1180 MCMCOBJ=    252.64354823560853     
 iteration         1200 MCMCOBJ=    221.82226874034365     
 iteration         1220 MCMCOBJ=    233.65384111080905     
 iteration         1240 MCMCOBJ=    242.84121097991732     
 iteration         1260 MCMCOBJ=    221.55118573090144     
 iteration         1280 MCMCOBJ=    257.87060159912198     
 iteration         1300 MCMCOBJ=    254.31458995126997     
 iteration         1320 MCMCOBJ=    236.36802578316878     
 iteration         1340 MCMCOBJ=    251.63700241979953     
 iteration         1360 MCMCOBJ=    234.47929572730820     
 iteration         1380 MCMCOBJ=    259.74443270560209     
 iteration         1400 MCMCOBJ=    262.77997479872943     
 iteration         1420 MCMCOBJ=    257.29202041280433     
 iteration         1440 MCMCOBJ=    246.84945200666402     
 iteration         1460 MCMCOBJ=    278.07338878548910     
 iteration         1480 MCMCOBJ=    256.07107903728991     
 iteration         1500 MCMCOBJ=    241.73119942809319     
 iteration         1520 MCMCOBJ=    244.89343368890445     
 iteration         1540 MCMCOBJ=    258.62638721541589     
 iteration         1560 MCMCOBJ=    240.77875580263276     
 iteration         1580 MCMCOBJ=    283.68266807798773     
 iteration         1600 MCMCOBJ=    249.99451476326504     
 iteration         1620 MCMCOBJ=    254.23812148855967     
 iteration         1640 MCMCOBJ=    245.05049764486489     
 iteration         1660 MCMCOBJ=    248.25146561071338     
 iteration         1680 MCMCOBJ=    224.18370126709553     
 iteration         1700 MCMCOBJ=    250.82100915857407     
 iteration         1720 MCMCOBJ=    257.29892161068619     
 iteration         1740 MCMCOBJ=    231.04688780641587     
 iteration         1760 MCMCOBJ=    251.33762626505160     
 iteration         1780 MCMCOBJ=    246.81963879928526     
 iteration         1800 MCMCOBJ=    259.31188852169856     
 iteration         1820 MCMCOBJ=    261.23359643206879     
 iteration         1840 MCMCOBJ=    242.29320728167662     
 iteration         1860 MCMCOBJ=    259.57861985284922     
 iteration         1880 MCMCOBJ=    244.06734412227655     
 iteration         1900 MCMCOBJ=    242.76928939284267     
 iteration         1920 MCMCOBJ=    275.19126917128210     
 iteration         1940 MCMCOBJ=    255.18767452388084     
 iteration         1960 MCMCOBJ=    251.09299381443222     
 iteration         1980 MCMCOBJ=    281.00216429819687     
 iteration         2000 MCMCOBJ=    261.21366391859021     
 iteration         2020 MCMCOBJ=    251.23582004761650     
 iteration         2040 MCMCOBJ=    245.36496517900142     
 iteration         2060 MCMCOBJ=    224.65515941002155     
 iteration         2080 MCMCOBJ=    267.70315039139012     
 iteration         2100 MCMCOBJ=    234.46093886119093     
 iteration         2120 MCMCOBJ=    260.94293742089224     
 iteration         2140 MCMCOBJ=    256.09157034102611     
 iteration         2160 MCMCOBJ=    270.93258695187205     
 iteration         2180 MCMCOBJ=    244.49970292392885     
 iteration         2200 MCMCOBJ=    262.13350554969304     
 iteration         2220 MCMCOBJ=    240.76499902580059     
 iteration         2240 MCMCOBJ=    287.42959191679830     
 iteration         2260 MCMCOBJ=    264.05969274084055     
 iteration         2280 MCMCOBJ=    242.52139231310085     
 iteration         2300 MCMCOBJ=    242.19662654932534     
 iteration         2320 MCMCOBJ=    243.19645863609099     
 iteration         2340 MCMCOBJ=    253.32722557416514     
 iteration         2360 MCMCOBJ=    234.84094297767143     
 iteration         2380 MCMCOBJ=    225.64538288807046     
 iteration         2400 MCMCOBJ=    263.68319101012827     
 iteration         2420 MCMCOBJ=    237.47249812376700     
 iteration         2440 MCMCOBJ=    239.86388392121060     
 iteration         2460 MCMCOBJ=    246.27590299659838     
 iteration         2480 MCMCOBJ=    264.74273524089261     
 iteration         2500 MCMCOBJ=    241.14151629669303     
 iteration         2520 MCMCOBJ=    254.21055593942532     
 iteration         2540 MCMCOBJ=    264.97826161828260     
 iteration         2560 MCMCOBJ=    236.75028672120956     
 iteration         2580 MCMCOBJ=    244.78007990188553     
 iteration         2600 MCMCOBJ=    281.15177466701164     
 iteration         2620 MCMCOBJ=    250.86226486934677     
 iteration         2640 MCMCOBJ=    245.09521585212048     
 iteration         2660 MCMCOBJ=    264.71937850077654     
 iteration         2680 MCMCOBJ=    257.59157959704243     
 iteration         2700 MCMCOBJ=    229.67595650157645     
 iteration         2720 MCMCOBJ=    237.68379941664557     
 iteration         2740 MCMCOBJ=    240.62619776062368     
 iteration         2760 MCMCOBJ=    226.57856185412618     
 iteration         2780 MCMCOBJ=    264.93146137011303     
 iteration         2800 MCMCOBJ=    242.41277650259738     
 iteration         2820 MCMCOBJ=    244.78989901510781     
 iteration         2840 MCMCOBJ=    240.84845627401529     
 iteration         2860 MCMCOBJ=    274.14047559174156     
 iteration         2880 MCMCOBJ=    264.07145616088172     
 iteration         2900 MCMCOBJ=    243.36018665745593     
 iteration         2920 MCMCOBJ=    240.51479131336092     
 iteration         2940 MCMCOBJ=    263.21773876758874     
 iteration         2960 MCMCOBJ=    267.30503553693563     
 iteration         2980 MCMCOBJ=    236.94186616696535     
 iteration         3000 MCMCOBJ=    234.86135663962978     
 iteration         3020 MCMCOBJ=    236.64964978853959     
 iteration         3040 MCMCOBJ=    243.45843821921849     
 iteration         3060 MCMCOBJ=    255.28151404680412     
 iteration         3080 MCMCOBJ=    235.97772471437241     
 iteration         3100 MCMCOBJ=    275.81452815443811     
 iteration         3120 MCMCOBJ=    270.40490602878214     
 iteration         3140 MCMCOBJ=    223.06706979902791     
 iteration         3160 MCMCOBJ=    241.49544683328202     
 iteration         3180 MCMCOBJ=    255.03115652769790     
 iteration         3200 MCMCOBJ=    258.34538261577711     
 iteration         3220 MCMCOBJ=    232.10252441489757     
 iteration         3240 MCMCOBJ=    239.46315799038746     
 iteration         3260 MCMCOBJ=    268.61007926832650     
 iteration         3280 MCMCOBJ=    232.22171459787464     
 iteration         3300 MCMCOBJ=    236.86586891606817     
 iteration         3320 MCMCOBJ=    292.74347957818065     
 iteration         3340 MCMCOBJ=    236.16756543122102     
 iteration         3360 MCMCOBJ=    257.97656788683406     
 iteration         3380 MCMCOBJ=    253.34794482247139     
 iteration         3400 MCMCOBJ=    277.24879581806960     
 iteration         3420 MCMCOBJ=    277.04254310323341     
 iteration         3440 MCMCOBJ=    246.75275584031780     
 iteration         3460 MCMCOBJ=    279.62463212738618     
 iteration         3480 MCMCOBJ=    261.19807058134501     
 iteration         3500 MCMCOBJ=    243.37407500182206     
 iteration         3520 MCMCOBJ=    220.10588394124315     
 iteration         3540 MCMCOBJ=    240.41193480949175     
 iteration         3560 MCMCOBJ=    246.03085204477617     
 iteration         3580 MCMCOBJ=    236.19509334233905     
 iteration         3600 MCMCOBJ=    240.77845949106884     
 iteration         3620 MCMCOBJ=    245.61575440738056     
 iteration         3640 MCMCOBJ=    239.17447369186519     
 iteration         3660 MCMCOBJ=    250.73895832323058     
 iteration         3680 MCMCOBJ=    237.75243502410666     
 iteration         3700 MCMCOBJ=    261.08237130740844     
 iteration         3720 MCMCOBJ=    228.99349629181870     
 iteration         3740 MCMCOBJ=    264.12620225019782     
 iteration         3760 MCMCOBJ=    288.18307578200108     
 iteration         3780 MCMCOBJ=    259.50309392325090     
 iteration         3800 MCMCOBJ=    227.80374724166387     
 iteration         3820 MCMCOBJ=    232.01195767056333     
 iteration         3840 MCMCOBJ=    255.37174500476235     
 iteration         3860 MCMCOBJ=    216.71429151384649     
 iteration         3880 MCMCOBJ=    265.85220574958436     
 iteration         3900 MCMCOBJ=    250.16067323386852     
 iteration         3920 MCMCOBJ=    243.04206098085834     
 iteration         3940 MCMCOBJ=    233.06716755943279     
 iteration         3960 MCMCOBJ=    261.69973334489231     
 iteration         3980 MCMCOBJ=    226.62815920072478     
 iteration         4000 MCMCOBJ=    253.47390932197820     
 iteration         4020 MCMCOBJ=    224.10230800403960     
 iteration         4040 MCMCOBJ=    260.63878059590877     
 iteration         4060 MCMCOBJ=    254.19889321768596     
 iteration         4080 MCMCOBJ=    276.50567222878311     
 iteration         4100 MCMCOBJ=    245.37405502167340     
 iteration         4120 MCMCOBJ=    258.63715610263409     
 iteration         4140 MCMCOBJ=    244.21291694247756     
 iteration         4160 MCMCOBJ=    270.27851071985845     
 iteration         4180 MCMCOBJ=    217.92944417544189     
 iteration         4200 MCMCOBJ=    245.18448912665698     
 iteration         4220 MCMCOBJ=    273.95629079950885     
 iteration         4240 MCMCOBJ=    259.03121323696945     
 iteration         4260 MCMCOBJ=    230.46894565921616     
 iteration         4280 MCMCOBJ=    244.69934413530623     
 iteration         4300 MCMCOBJ=    251.77200173479710     
 iteration         4320 MCMCOBJ=    245.51266686494566     
 iteration         4340 MCMCOBJ=    233.19660659505965     
 iteration         4360 MCMCOBJ=    264.35261944615758     
 iteration         4380 MCMCOBJ=    233.90423123831758     
 iteration         4400 MCMCOBJ=    261.62300743856593     
 iteration         4420 MCMCOBJ=    222.87599085028359     
 iteration         4440 MCMCOBJ=    247.48123717157296     
 iteration         4460 MCMCOBJ=    247.72272326298139     
 iteration         4480 MCMCOBJ=    260.57932385015505     
 iteration         4500 MCMCOBJ=    272.37143611353304     
 iteration         4520 MCMCOBJ=    238.52976304378700     
 iteration         4540 MCMCOBJ=    237.32055332962790     
 iteration         4560 MCMCOBJ=    237.29679877606742     
 iteration         4580 MCMCOBJ=    263.44556279180614     
 iteration         4600 MCMCOBJ=    295.59820390917508     
 iteration         4620 MCMCOBJ=    238.88977800820354     
 iteration         4640 MCMCOBJ=    260.56347895101686     
 iteration         4660 MCMCOBJ=    254.67129031702513     
 iteration         4680 MCMCOBJ=    243.29907468446800     
 iteration         4700 MCMCOBJ=    248.97967560308405     
 iteration         4720 MCMCOBJ=    241.15997814032818     
 iteration         4740 MCMCOBJ=    244.32917647273740     
 iteration         4760 MCMCOBJ=    246.10034556817919     
 iteration         4780 MCMCOBJ=    284.72749936000355     
 iteration         4800 MCMCOBJ=    279.31779367298191     
 iteration         4820 MCMCOBJ=    250.47765079011424     
 iteration         4840 MCMCOBJ=    240.20353064212901     
 iteration         4860 MCMCOBJ=    279.39671635485547     
 iteration         4880 MCMCOBJ=    239.82957228586810     
 iteration         4900 MCMCOBJ=    277.97654328662037     
 iteration         4920 MCMCOBJ=    235.52393955981580     
 iteration         4940 MCMCOBJ=    229.23084365564671     
 iteration         4960 MCMCOBJ=    287.82119631776879     
 iteration         4980 MCMCOBJ=    296.99521827490929     
 iteration         5000 MCMCOBJ=    274.65271912071995     
 iteration         5020 MCMCOBJ=    236.16157824093136     
 iteration         5040 MCMCOBJ=    245.17275614273842     
 iteration         5060 MCMCOBJ=    253.74582532250685     
 iteration         5080 MCMCOBJ=    242.42412504419286     
 iteration         5100 MCMCOBJ=    262.37788730309120     
 iteration         5120 MCMCOBJ=    249.74949057295680     
 iteration         5140 MCMCOBJ=    259.42618547754421     
 iteration         5160 MCMCOBJ=    236.94204280194114     
 iteration         5180 MCMCOBJ=    235.96759399760407     
 iteration         5200 MCMCOBJ=    256.08228549325628     
 iteration         5220 MCMCOBJ=    245.90559951423521     
 iteration         5240 MCMCOBJ=    231.58936351032682     
 iteration         5260 MCMCOBJ=    259.21061998363717     
 iteration         5280 MCMCOBJ=    247.55672598743448     
 iteration         5300 MCMCOBJ=    265.44250261411503     
 iteration         5320 MCMCOBJ=    224.82338978221350     
 iteration         5340 MCMCOBJ=    239.53321305608694     
 iteration         5360 MCMCOBJ=    252.23122182516889     
 iteration         5380 MCMCOBJ=    253.73176928341863     
 iteration         5400 MCMCOBJ=    241.43993149138018     
 iteration         5420 MCMCOBJ=    224.72438850941305     
 iteration         5440 MCMCOBJ=    239.72127240173003     
 iteration         5460 MCMCOBJ=    256.73377595066353     
 iteration         5480 MCMCOBJ=    288.12558163502729     
 iteration         5500 MCMCOBJ=    266.89914646084230     
 iteration         5520 MCMCOBJ=    254.65176055198157     
 iteration         5540 MCMCOBJ=    290.55287551619608     
 iteration         5560 MCMCOBJ=    264.73502140445117     
 iteration         5580 MCMCOBJ=    247.05984951775642     
 iteration         5600 MCMCOBJ=    255.51789846759937     
 iteration         5620 MCMCOBJ=    233.21857974929640     
 iteration         5640 MCMCOBJ=    245.99692787765238     
 iteration         5660 MCMCOBJ=    250.28470014463949     
 iteration         5680 MCMCOBJ=    227.69607289945614     
 iteration         5700 MCMCOBJ=    244.41528078001923     
 iteration         5720 MCMCOBJ=    263.42827191321805     
 iteration         5740 MCMCOBJ=    251.76796362501000     
 iteration         5760 MCMCOBJ=    273.78106579099807     
 iteration         5780 MCMCOBJ=    241.40505790524435     
 iteration         5800 MCMCOBJ=    245.83886938789567     
 iteration         5820 MCMCOBJ=    277.77399560718470     
 iteration         5840 MCMCOBJ=    239.35470158204367     
 iteration         5860 MCMCOBJ=    242.64960954302020     
 iteration         5880 MCMCOBJ=    240.02968931665043     
 iteration         5900 MCMCOBJ=    251.45844795484655     
 iteration         5920 MCMCOBJ=    255.43812080153222     
 iteration         5940 MCMCOBJ=    253.43672718278506     
 iteration         5960 MCMCOBJ=    259.66991786692120     
 iteration         5980 MCMCOBJ=    245.28966601675631     
 iteration         6000 MCMCOBJ=    234.53281970618497     
 iteration         6020 MCMCOBJ=    237.96633966149611     
 iteration         6040 MCMCOBJ=    244.56028619182320     
 iteration         6060 MCMCOBJ=    252.44990477102294     
 iteration         6080 MCMCOBJ=    260.36853921045576     
 iteration         6100 MCMCOBJ=    270.99121501186335     
 iteration         6120 MCMCOBJ=    264.97677850270355     
 iteration         6140 MCMCOBJ=    269.60259039583798     
 iteration         6160 MCMCOBJ=    267.02552548360427     
 iteration         6180 MCMCOBJ=    239.63844681872817     
 iteration         6200 MCMCOBJ=    274.17724942030554     
 iteration         6220 MCMCOBJ=    253.07371558543124     
 iteration         6240 MCMCOBJ=    256.83015035604404     
 iteration         6260 MCMCOBJ=    239.68989403146318     
 iteration         6280 MCMCOBJ=    276.04360285645208     
 iteration         6300 MCMCOBJ=    253.51410389082929     
 iteration         6320 MCMCOBJ=    264.74570326564464     
 iteration         6340 MCMCOBJ=    243.32528168750699     
 iteration         6360 MCMCOBJ=    280.36764361439521     
 iteration         6380 MCMCOBJ=    260.79593119109876     
 iteration         6400 MCMCOBJ=    277.79924216416140     
 iteration         6420 MCMCOBJ=    254.43947807282944     
 iteration         6440 MCMCOBJ=    240.94738824256754     
 iteration         6460 MCMCOBJ=    242.28073748234704     
 iteration         6480 MCMCOBJ=    255.71868730932081     
 iteration         6500 MCMCOBJ=    244.00004149457698     
 iteration         6520 MCMCOBJ=    244.33055546916199     
 iteration         6540 MCMCOBJ=    252.98986894835957     
 iteration         6560 MCMCOBJ=    262.15687804148308     
 iteration         6580 MCMCOBJ=    256.41937196476067     
 iteration         6600 MCMCOBJ=    283.49569319441355     
 iteration         6620 MCMCOBJ=    239.95467216433835     
 iteration         6640 MCMCOBJ=    237.46463326323732     
 iteration         6660 MCMCOBJ=    254.36685033381778     
 iteration         6680 MCMCOBJ=    233.90791944268724     
 iteration         6700 MCMCOBJ=    253.29112132896370     
 iteration         6720 MCMCOBJ=    248.85094301327783     
 iteration         6740 MCMCOBJ=    258.67539821123944     
 iteration         6760 MCMCOBJ=    249.53788985581517     
 iteration         6780 MCMCOBJ=    262.43109676069861     
 iteration         6800 MCMCOBJ=    262.22601137735546     
 iteration         6820 MCMCOBJ=    260.50662194298377     
 iteration         6840 MCMCOBJ=    277.78731070220920     
 iteration         6860 MCMCOBJ=    236.73992910535696     
 iteration         6880 MCMCOBJ=    246.58075916860500     
 iteration         6900 MCMCOBJ=    227.74740398329124     
 iteration         6920 MCMCOBJ=    235.82113200228039     
 iteration         6940 MCMCOBJ=    250.65010634255543     
 iteration         6960 MCMCOBJ=    258.03069964919700     
 iteration         6980 MCMCOBJ=    236.81652497509813     
 iteration         7000 MCMCOBJ=    256.20088696689248     
 iteration         7020 MCMCOBJ=    261.71436491192117     
 iteration         7040 MCMCOBJ=    284.67762181542736     
 iteration         7060 MCMCOBJ=    234.00043056351765     
 iteration         7080 MCMCOBJ=    266.49858331140189     
 iteration         7100 MCMCOBJ=    246.06745878325364     
 iteration         7120 MCMCOBJ=    273.80689038174302     
 iteration         7140 MCMCOBJ=    245.95577586455497     
 iteration         7160 MCMCOBJ=    260.39542465170751     
 iteration         7180 MCMCOBJ=    235.91128176415879     
 iteration         7200 MCMCOBJ=    256.01805934563356     
 iteration         7220 MCMCOBJ=    232.54175857234353     
 iteration         7240 MCMCOBJ=    241.89193478692815     
 iteration         7260 MCMCOBJ=    242.44045118613153     
 iteration         7280 MCMCOBJ=    269.33666980259000     
 iteration         7300 MCMCOBJ=    256.31453449502311     
 iteration         7320 MCMCOBJ=    253.52850742898747     
 iteration         7340 MCMCOBJ=    233.42979269815112     
 iteration         7360 MCMCOBJ=    243.77227575719982     
 iteration         7380 MCMCOBJ=    284.58305204920396     
 iteration         7400 MCMCOBJ=    255.93492659567639     
 iteration         7420 MCMCOBJ=    267.04665957099871     
 iteration         7440 MCMCOBJ=    268.30827764093675     
 iteration         7460 MCMCOBJ=    271.02535388972257     
 iteration         7480 MCMCOBJ=    248.41862560827377     
 iteration         7500 MCMCOBJ=    235.64310242335475     
 iteration         7520 MCMCOBJ=    237.52962514703449     
 iteration         7540 MCMCOBJ=    283.94928462303528     
 iteration         7560 MCMCOBJ=    220.14102559444652     
 iteration         7580 MCMCOBJ=    249.76021019174070     
 iteration         7600 MCMCOBJ=    257.30543004000418     
 iteration         7620 MCMCOBJ=    227.82075896116947     
 iteration         7640 MCMCOBJ=    278.91627678993302     
 iteration         7660 MCMCOBJ=    233.62316017917655     
 iteration         7680 MCMCOBJ=    225.72353824633620     
 iteration         7700 MCMCOBJ=    262.11096454159599     
 iteration         7720 MCMCOBJ=    274.39050161195763     
 iteration         7740 MCMCOBJ=    246.59507345884063     
 iteration         7760 MCMCOBJ=    257.22305463493018     
 iteration         7780 MCMCOBJ=    241.72908735255695     
 iteration         7800 MCMCOBJ=    240.53607820248428     
 iteration         7820 MCMCOBJ=    299.62385184066216     
 iteration         7840 MCMCOBJ=    239.36643798281651     
 iteration         7860 MCMCOBJ=    229.79030757851240     
 iteration         7880 MCMCOBJ=    284.68512452584559     
 iteration         7900 MCMCOBJ=    259.88004806124644     
 iteration         7920 MCMCOBJ=    263.26555332163622     
 iteration         7940 MCMCOBJ=    252.39079930253092     
 iteration         7960 MCMCOBJ=    255.29716971109639     
 iteration         7980 MCMCOBJ=    234.59154561819867     
 iteration         8000 MCMCOBJ=    219.39813386960677     
 iteration         8020 MCMCOBJ=    267.39632104099843     
 iteration         8040 MCMCOBJ=    244.36588851617540     
 iteration         8060 MCMCOBJ=    246.33317285426259     
 iteration         8080 MCMCOBJ=    241.07502178531200     
 iteration         8100 MCMCOBJ=    230.09924584082435     
 iteration         8120 MCMCOBJ=    243.74646365938116     
 iteration         8140 MCMCOBJ=    274.84524259955731     
 iteration         8160 MCMCOBJ=    280.09837084035325     
 iteration         8180 MCMCOBJ=    263.26659441040573     
 iteration         8200 MCMCOBJ=    233.34866987795860     
 iteration         8220 MCMCOBJ=    240.62873437238460     
 iteration         8240 MCMCOBJ=    241.09404977438356     
 iteration         8260 MCMCOBJ=    240.79653367686740     
 iteration         8280 MCMCOBJ=    291.06334416273489     
 iteration         8300 MCMCOBJ=    238.96192476299055     
 iteration         8320 MCMCOBJ=    252.55102208751433     
 iteration         8340 MCMCOBJ=    234.48396816757784     
 iteration         8360 MCMCOBJ=    296.62964462237153     
 iteration         8380 MCMCOBJ=    262.58695039669163     
 iteration         8400 MCMCOBJ=    211.55069330894256     
 iteration         8420 MCMCOBJ=    241.87795773715374     
 iteration         8440 MCMCOBJ=    231.10115918772041     
 iteration         8460 MCMCOBJ=    270.72373250782016     
 iteration         8480 MCMCOBJ=    229.87229751138278     
 iteration         8500 MCMCOBJ=    236.22809235459781     
 iteration         8520 MCMCOBJ=    266.49411789680141     
 iteration         8540 MCMCOBJ=    253.95380351588690     
 iteration         8560 MCMCOBJ=    245.80978971000593     
 iteration         8580 MCMCOBJ=    248.16774839891545     
 iteration         8600 MCMCOBJ=    250.02388392879857     
 iteration         8620 MCMCOBJ=    247.02087923304742     
 iteration         8640 MCMCOBJ=    239.85924426603424     
 iteration         8660 MCMCOBJ=    248.73840569977958     
 iteration         8680 MCMCOBJ=    244.92040209649502     
 iteration         8700 MCMCOBJ=    256.24024627951547     
 iteration         8720 MCMCOBJ=    285.70256044628155     
 iteration         8740 MCMCOBJ=    226.87687938579410     
 iteration         8760 MCMCOBJ=    239.05537963314134     
 iteration         8780 MCMCOBJ=    223.42278600495629     
 iteration         8800 MCMCOBJ=    226.81754225561741     
 iteration         8820 MCMCOBJ=    268.23390495782638     
 iteration         8840 MCMCOBJ=    244.84876482446145     
 iteration         8860 MCMCOBJ=    262.31448852135031     
 iteration         8880 MCMCOBJ=    228.96103956648835     
 iteration         8900 MCMCOBJ=    255.46657211563945     
 iteration         8920 MCMCOBJ=    269.19553728713299     
 iteration         8940 MCMCOBJ=    241.02881251354202     
 iteration         8960 MCMCOBJ=    234.53955228685308     
 iteration         8980 MCMCOBJ=    252.39507140949564     
 iteration         9000 MCMCOBJ=    247.11954505224887     
 iteration         9020 MCMCOBJ=    241.74069173622783     
 iteration         9040 MCMCOBJ=    262.95153648428305     
 iteration         9060 MCMCOBJ=    252.72067007539385     
 iteration         9080 MCMCOBJ=    233.00057046089142     
 iteration         9100 MCMCOBJ=    211.87090585176711     
 iteration         9120 MCMCOBJ=    228.38582445233524     
 iteration         9140 MCMCOBJ=    243.25191001332041     
 iteration         9160 MCMCOBJ=    261.35167321050756     
 iteration         9180 MCMCOBJ=    241.00461351687287     
 iteration         9200 MCMCOBJ=    246.80927225547177     
 iteration         9220 MCMCOBJ=    231.15567635253745     
 iteration         9240 MCMCOBJ=    268.09519154026361     
 iteration         9260 MCMCOBJ=    260.59457561539608     
 iteration         9280 MCMCOBJ=    272.89728418862990     
 iteration         9300 MCMCOBJ=    258.88139550809285     
 iteration         9320 MCMCOBJ=    234.79117927744142     
 iteration         9340 MCMCOBJ=    238.85743911181532     
 iteration         9360 MCMCOBJ=    259.06738465361565     
 iteration         9380 MCMCOBJ=    279.24455194997313     
 iteration         9400 MCMCOBJ=    247.42516087900810     
 iteration         9420 MCMCOBJ=    247.66124632206001     
 iteration         9440 MCMCOBJ=    269.72952774355309     
 iteration         9460 MCMCOBJ=    248.22535206839893     
 iteration         9480 MCMCOBJ=    252.01213011454689     
 iteration         9500 MCMCOBJ=    228.56515153688295     
 iteration         9520 MCMCOBJ=    276.88628514618023     
 iteration         9540 MCMCOBJ=    264.42527016851534     
 iteration         9560 MCMCOBJ=    275.33885149910498     
 iteration         9580 MCMCOBJ=    239.76420045688673     
 iteration         9600 MCMCOBJ=    245.31011758069366     
 iteration         9620 MCMCOBJ=    229.62799878334863     
 iteration         9640 MCMCOBJ=    264.11304420840008     
 iteration         9660 MCMCOBJ=    250.70506211694970     
 iteration         9680 MCMCOBJ=    230.72806818527866     
 iteration         9700 MCMCOBJ=    256.06272035031952     
 iteration         9720 MCMCOBJ=    254.18907788922021     
 iteration         9740 MCMCOBJ=    233.93523381451442     
 iteration         9760 MCMCOBJ=    254.22236468305036     
 iteration         9780 MCMCOBJ=    227.38614257284371     
 iteration         9800 MCMCOBJ=    227.22134419134531     
 iteration         9820 MCMCOBJ=    240.92724359927968     
 iteration         9840 MCMCOBJ=    234.98448634257520     
 iteration         9860 MCMCOBJ=    250.03518622504680     
 iteration         9880 MCMCOBJ=    261.17644956040908     
 iteration         9900 MCMCOBJ=    244.25411771763240     
 iteration         9920 MCMCOBJ=    258.73949721436327     
 iteration         9940 MCMCOBJ=    248.30881075365309     
 iteration         9960 MCMCOBJ=    239.10635752782869     
 iteration         9980 MCMCOBJ=    234.77693712587649     
 iteration        10000 MCMCOBJ=    248.70016532882320     
 BURN-IN WAS COMPLETED

 #TERM:
 STATISTICAL PORTION WAS COMPLETED
  
 TOTAL DATA POINTS NORMALLY DISTRIBUTED (N):          108
 N*LOG(2PI) CONSTANT TO OBJECTIVE FUNCTION:    198.49072317220930     
 OBJECTIVE FUNCTION VALUE WITHOUT CONSTANT:    250.88352046653122     
 OBJECTIVE FUNCTION VALUE WITH CONSTANT:       449.37424363874050     
 REPORTED OBJECTIVE FUNCTION DOES NOT CONTAIN CONSTANT
  
 TOTAL EFFECTIVE ETAS (NIND*NETA):                            72
 NIND*NETA*LOG(2PI) CONSTANT TO OBJECTIVE FUNCTION:    132.32714878147286     
 OBJECTIVE FUNCTION VALUE WITHOUT CONSTANT:    250.88352046653122     
 OBJECTIVE FUNCTION VALUE WITH CONSTANT:       383.21066924800408     
 REPORTED OBJECTIVE FUNCTION DOES NOT CONTAIN CONSTANT
  
 PRIOR CONSTANT TO OBJECTIVE FUNCTION:    30.823646298206345     
 OBJECTIVE FUNCTION VALUE WITHOUT CONSTANT:    250.88352046653122     
 OBJECTIVE FUNCTION VALUE WITH CONSTANT:       281.70716676473756     
 REPORTED OBJECTIVE FUNCTION DOES NOT CONTAIN CONSTANT
  
 #TERE:
 Elapsed estimation  time in seconds:    45.03
 Elapsed covariance  time in seconds:     0.00
1
 
 
 
 
 
 
 
 
 
 
 
 
 
 
 
 
 
 
 
 
 ************************************************************************************************************************
 ********************                                                                                ********************
 ********************                              MCMC BAYESIAN ANALYSIS                            ********************
 #OBJT:**************                       AVERAGE VALUE OF LIKELIHOOD FUNCTION                     ********************
 ********************                                                                                ********************
 ************************************************************************************************************************
 





 #OBJV:********************************************      250.884       **************************************************
 #OBJS:********************************************       16.413 (STD) **************************************************
1
 ************************************************************************************************************************
 ********************                                                                                ********************
 ********************                              MCMC BAYESIAN ANALYSIS                            ********************
 ********************                             FINAL PARAMETER ESTIMATE                           ********************
 ********************                                                                                ********************
 ************************************************************************************************************************
 


 THETA - VECTOR OF FIXED EFFECTS PARAMETERS   *********


         THETA(CL) THETA(V) 
 
         3.14E+00  3.55E+01
 


 OMEGA - COV MATRIX FOR RANDOM EFFECTS - ETAS  ********


         ETA(CL)   ETA(V)   
 
 ETA(CL)
+        1.13E-01
 
 ETA(V)
+        2.70E-02  6.56E-02
 


 SIGMA - COV MATRIX FOR RANDOM EFFECTS - EPSILONS  ****


         EPS1     
 
 EPS1
+        3.89E-02
 
1


 OMEGA - CORR MATRIX FOR RANDOM EFFECTS - ETAS  *******


         ETA(CL)   ETA(V)   
 
 ETA(CL)
+        3.33E-01
 
 ETA(V)
+        3.10E-01  2.53E-01
 


 SIGMA - CORR MATRIX FOR RANDOM EFFECTS - EPSILONS  ***


         EPS1     
 
 EPS1
+        1.96E-01
 
1
 ************************************************************************************************************************
 ********************                                                                                ********************
 ********************                              MCMC BAYESIAN ANALYSIS                            ********************
 ********************                STANDARD ERROR OF ESTIMATE (From Sample Variance)               ********************
 ********************                                                                                ********************
 ************************************************************************************************************************
 


 THETA - VECTOR OF FIXED EFFECTS PARAMETERS   *********


         THETA(CL) THETA(V) 
 
         1.94E-01  2.01E+00
 


 OMEGA - COV MATRIX FOR RANDOM EFFECTS - ETAS  ********


         ETA(CL)   ETA(V)   
 
 ETA(CL)
+        3.32E-02
 
 ETA(V)
+        2.06E-02  2.24E-02
 


 SIGMA - COV MATRIX FOR RANDOM EFFECTS - EPSILONS  ****


         EPS1     
 
 EPS1
+        8.25E-03
 
1


 OMEGA - CORR MATRIX FOR RANDOM EFFECTS - ETAS  *******


         ETA(CL)   ETA(V)   
 
 ETA(CL)
+        4.76E-02
 
 ETA(V)
+        2.01E-01  4.24E-02
 


 SIGMA - CORR MATRIX FOR RANDOM EFFECTS - EPSILONS  ***


         EPS1     
 
 EPS1
+        2.05E-02
 
1
 ************************************************************************************************************************
 ********************                                                                                ********************
 ********************                              MCMC BAYESIAN ANALYSIS                            ********************
 ********************               COVARIANCE MATRIX OF ESTIMATE (From Sample Variance)             ********************
 ********************                                                                                ********************
 ************************************************************************************************************************
 

            TH 1      TH 2      OM11      OM12      OM22      SG11  
 
 TH 1
+        3.75E-02
 
 TH 2
+        8.35E-02  4.03E+00
 
 OM11
+       -2.81E-04  5.92E-03  1.10E-03
 
 OM12
+        2.93E-04  6.65E-04  2.55E-04  4.26E-04
 
 OM22
+       -1.37E-04  1.63E-03  9.24E-05  1.78E-04  5.02E-04
 
 SG11
+        7.80E-05  7.43E-04 -2.38E-05 -1.22E-05 -1.91E-05  6.80E-05
 
1
 ************************************************************************************************************************
 ********************                                                                                ********************
 ********************                              MCMC BAYESIAN ANALYSIS                            ********************
 ********************              CORRELATION MATRIX OF ESTIMATE (From Sample Variance)             ********************
 ********************                                                                                ********************
 ************************************************************************************************************************
 

            TH 1      TH 2      OM11      OM12      OM22      SG11  
 
 TH 1
+        1.94E-01
 
 TH 2
+        2.15E-01  2.01E+00
 
 OM11
+       -4.37E-02  8.87E-02  3.32E-02
 
 OM12
+        7.33E-02  1.60E-02  3.72E-01  2.06E-02
 
 OM22
+       -3.16E-02  3.62E-02  1.24E-01  3.86E-01  2.24E-02
 
 SG11
+        4.89E-02  4.49E-02 -8.70E-02 -7.16E-02 -1.03E-01  8.25E-03
 
1
 ************************************************************************************************************************
 ********************                                                                                ********************
 ********************                              MCMC BAYESIAN ANALYSIS                            ********************
 ********************           INVERSE COVARIANCE MATRIX OF ESTIMATE (From Sample Variance)         ********************
 ********************                                                                                ********************
 ************************************************************************************************************************
 

            TH 1      TH 2      OM11      OM12      OM22      SG11  
 
 TH 1
+        2.86E+01
 
 TH 2
+       -6.15E-01  2.64E-01
 
 OM11
+        1.72E+01 -1.90E+00  1.08E+03
 
 OM12
+       -3.76E+01  1.64E+00 -6.70E+02  3.20E+03
 
 OM22
+        1.92E+01 -1.37E+00  6.16E+01 -1.03E+03  2.37E+03
 
 SG11
+       -2.14E+01 -2.94E+00  2.75E+02  7.58E+01  4.96E+02  1.50E+04
 
 Elapsed postprocess time in seconds:     0.00
 #CPUT: Total CPU Time in Seconds,       37.641
Stop Time: 
Tue 01/03/2017 
10:27 PM
