Tue 01/03/2017 
10:24 PM
$PROB one cmpt simple mu modeled bayes multidose nids: 9 scenario: s1dpt
;; based_on: run100
$SUB ADVAN1 TRANS2
$INPUT ID TIME DV OBSNUM CMT EVID AMT RATE ADDL II 
$DATA ..\..\mdata\simple_nocovar_56id_6tp_md.csv
IGNORE=@ 
IGNORE=(OBSNUM.EQN.2)
IGNORE=(OBSNUM.EQN.4)
IGNORE=(OBSNUM.EQN.5)
IGNORE=(ID.GT.9)
$ABBR REPLACE THETA(CL, V) = THETA(1 to 2)
$ABBR REPLACE ETA(CL, V) = ETA(1 to 2)

$THETAI
THETA(1:NTHETA)=LOG(THETAI(1:NTHETA))
THETAP(1:NTHETAP)=LOG(THETAPI(1:NTHETAP))
$THETAR
THETAR(1:NTHETA)=EXP(THETA(1:NTHETA))
THETAPR(1:NTHETAP)=EXP(THETAP(1:NTHETAP))

$PRIOR NWPRI 

$PK
"USE NMBAYES_INT, ONLY: ITER_REPORT,BAYES_EXTRA_REQUEST,BAYES_EXTRA
; Request extra information for Bayesian analysis.
; An extra call will then be made for accepted samples
"BAYES_EXTRA_REQUEST=1

MU_1 = THETA(CL)
MU_2 = THETA(V)
CL = EXP(MU_1 + ETA(CL))
V = EXP(MU_2 + ETA(V))
S1 = V

"IF(BAYES_EXTRA==1 .AND. ITER_REPORT>=0 .AND. TIME==0.0) THEN
"WRITE(50,98) ITER_REPORT,ID,CL,V
"98 FORMAT(I12,1X,F14.0,4(1X,1PG12.5))
"ENDIF

$ERROR
IPRED=F
Y = IPRED*(1 + ERR(1))  

$THETA
(0.001, 2.5) ; TVCL
(0.001, 46) ; TVV

$OMEGA BLOCK(2)
0.1    ; nCL
0.1  0.1  ; nV

$SIGMA
0.03 ; PROP

; THETA PRIORS
$THETAP (2.5 FIX) (46 FIX) 

; THETA (uniformative) PRIORs
$THETAPV BLOCK(2)
10000 FIX
0.0 10000 

$OMEGAP BLOCK(2)
0.2 FIX
0 0.2

; degrees of freedom to prior omega matrix - low dof = highly uninformative
$OMEGAPD (2 FIX)

$EST METHOD=CHAIN FILE=..\run100.chn NSAMPLE=0 ISAMPLE=1 DF=20
$EST METHOD=BAYES INTER NBURN=4000 NITER=10000 PRINT=20 NOPRIOR=0 CTYPE=3 CITER=10 SEED=56664
  
NM-TRAN MESSAGES 
  
 WARNINGS AND ERRORS (IF ANY) FOR PROBLEM    1
             
 (WARNING  2) NM-TRAN INFERS THAT THE DATA ARE POPULATION.

 (MU_WARNING 20) MU_001: MU_ VARIABLE SHOULD NOT BE DEFINED AFTER VERBATIM CODE.
  
License Registered to: Devin Pastoor
Expiration Date:    14 NOV 2017
Current Date:        3 JAN 2017
Days until program expires : 311
1NONLINEAR MIXED EFFECTS MODEL PROGRAM (NONMEM) VERSION 7.4.0 alpha14 (nm74a14)
 ORIGINALLY DEVELOPED BY STUART BEAL, LEWIS SHEINER, AND ALISON BOECKMANN
 CURRENT DEVELOPERS ARE ROBERT BAUER, ICON DEVELOPMENT SOLUTIONS,
 AND ALISON BOECKMANN. IMPLEMENTATION, EFFICIENCY, AND STANDARDIZATION
 PERFORMED BY NOUS INFOSYSTEMS.

 PROBLEM NO.:         1
 one cmpt simple mu modeled bayes multidose nids: 9 scenario: s1dpt
0DATA CHECKOUT RUN:              NO
 DATA SET LOCATED ON UNIT NO.:    2
 THIS UNIT TO BE REWOUND:        NO
 NO. OF DATA RECS IN DATA SET:       36
 NO. OF DATA ITEMS IN DATA SET:  11
 ID DATA ITEM IS DATA ITEM NO.:   1
 DEP VARIABLE IS DATA ITEM NO.:   3
 MDV DATA ITEM IS DATA ITEM NO.: 11
0INDICES PASSED TO SUBROUTINE PRED:
   6   2   7   8   0  10   5   0   0   0   9
0LABELS FOR DATA ITEMS:
 ID TIME DV OBSNUM CMT EVID AMT RATE ADDL II MDV
0LABELS FOR THETAS
 THETA(1)=THETA(CL)
 THETA(2)=THETA(V)
0LABELS FOR ETAS
 ETA(1)=ETA(CL)
0LABELS FOR ETAS
 ETA(2)=ETA(V)
0FORMAT FOR DATA:
 (E2.0,E3.0,E17.0,3E2.0,2E5.0,E2.0,E3.0,1F2.0)

 TOT. NO. OF OBS RECS:       27
 TOT. NO. OF INDIVIDUALS:      9
0LENGTH OF THETA:   5
0DEFAULT THETA BOUNDARY TEST OMITTED:    NO
0OMEGA HAS BLOCK FORM:
  1
  1  1
  0  0  2
  0  0  2  2
  0  0  0  0  3
  0  0  0  0  3  3
0DEFAULT OMEGA BOUNDARY TEST OMITTED:    NO
0SIGMA HAS SIMPLE DIAGONAL FORM WITH DIMENSION:   1
0DEFAULT SIGMA BOUNDARY TEST OMITTED:    NO
0INITIAL ESTIMATE OF THETA:
 LOWER BOUND    INITIAL EST    UPPER BOUND
  0.1000E-02     0.2500E+01     0.1000E+07
  0.1000E-02     0.4600E+02     0.1000E+07
  0.2500E+01     0.2500E+01     0.2500E+01
  0.4600E+02     0.4600E+02     0.4600E+02
  0.2000E+01     0.2000E+01     0.2000E+01
0INITIAL ESTIMATE OF OMEGA:
 BLOCK SET NO.   BLOCK                                                                    FIXED
        1                                                                                   NO
 DIAGONAL SHIFT OF  1.1000E-07 WAS IMPOSED TO ENSURE POSITIVE DEFINITENESS
                  0.1000E+00
                  0.1000E+00   0.1000E+00
        2                                                                                  YES
                  0.1000E+05
                  0.0000E+00   0.1000E+05
        3                                                                                  YES
                  0.2000E+00
                  0.0000E+00   0.2000E+00
0INITIAL ESTIMATE OF SIGMA:
 0.3000E-01
0
 THETAI SUBROUTINE USER-SUPPLIED
 THETAR SUBROUTINE USER-SUPPLIED
 PRIOR SUBROUTINE USER-SUPPLIED
1DOUBLE PRECISION PREDPP VERSION 7.4.0 alpha14 (nm74a14)

 ONE COMPARTMENT MODEL (ADVAN1)
0MAXIMUM NO. OF BASIC PK PARAMETERS:   2
0BASIC PK PARAMETERS (AFTER TRANSLATION):
   ELIMINATION RATE (K) IS BASIC PK PARAMETER NO.:  1

 TRANSLATOR WILL CONVERT PARAMETERS
 CLEARANCE (CL) AND VOLUME (V) TO K (TRANS2)
0COMPARTMENT ATTRIBUTES
 COMPT. NO.   FUNCTION   INITIAL    ON/OFF      DOSE      DEFAULT    DEFAULT
                         STATUS     ALLOWED    ALLOWED    FOR DOSE   FOR OBS.
    1         CENTRAL      ON         NO         YES        YES        YES
    2         OUTPUT       OFF        YES        NO         NO         NO
1
 ADDITIONAL PK PARAMETERS - ASSIGNMENT OF ROWS IN GG
 COMPT. NO.                             INDICES
              SCALE      BIOAVAIL.   ZERO-ORDER  ZERO-ORDER  ABSORB
                         FRACTION    RATE        DURATION    LAG
    1            3           *           *           *           *
    2            *           -           -           -           -
             - PARAMETER IS NOT ALLOWED FOR THIS MODEL
             * PARAMETER IS NOT SUPPLIED BY PK SUBROUTINE;
               WILL DEFAULT TO ONE IF APPLICABLE
0DATA ITEM INDICES USED BY PRED ARE:
   EVENT ID DATA ITEM IS DATA ITEM NO.:      6
   TIME DATA ITEM IS DATA ITEM NO.:          2
   DOSE AMOUNT DATA ITEM IS DATA ITEM NO.:   7
   DOSE RATE DATA ITEM IS DATA ITEM NO.:     8
   INTERVAL DATA ITEM IS DATA ITEM NO.:     10
   ADDL. DOSES DATA ITEM IS DATA ITEM NO.:   9
   COMPT. NO. DATA ITEM IS DATA ITEM NO.:    5

0PK SUBROUTINE CALLED WITH EVERY EVENT RECORD.
 PK SUBROUTINE NOT CALLED AT NONEVENT (ADDITIONAL OR LAGGED) DOSE TIMES.
0ERROR SUBROUTINE CALLED WITH EVERY EVENT RECORD.
1


 #TBLN:      1
 #METH: Chain Method Processing

 RANDOM GENERATION TYPE (CTYPE):     0
 RANDOM GENERATION SEED (SEED):      11456
 RANDOM SAMPLE SELECTION (ISAMPLE):  1
 RANDOM SAMPLE RANGE END (ISAMPEND): -2147483647
 NUMBER OF RANDOM SAMPLES (NSAMPLE): 0
 UNIFORM FRACTIONAL RANGE (IACCEPT): 0.400000000000000
 RANDOM SELECTION TYPE (SELECT):     0
 DEG. FR. TO GENERATE OMEGAS (DF):   20
 DEG. FR. TO GENERATE SIGMAS (DFS):  -1
 CHAIN FILE (FILE):                  ..\run100.chn
 EXCL. TITLE IN CHAIN FILE (NOTITLE):NO
 EX. COL. LBS. IN CHAIN FL.(NOLABEL):NO
 FORMAT FOR CHAIN FILE (FORMAT):     S1PE12.5
 PAR. ORDER in CHAIN FILE (ORDER):   TSOL
 RANDOM SAMPLING METHOD (RANMETHOD):3U

 THE FOLLOWING LABELS ARE EQUIVALENT
 PRED=NPRED
 RES=NRES
 WRES=NWRES
 IWRS=NIWRES
 IPRD=NIPRED
 IRS=NIRES



 FROM SAMPLE 1 OF CHAIN FILE ..\run100.chn
 NEW INITIAL ESTIMATES OF THETA
  0.2537E-01
  0.6427E-01
 NEW INITIAL ESTIMATES OF OMEGA
 DIAGONAL SHIFT OF  1.2800E-07 WAS IMPOSED ON OMEGAS TO ENSURE POSITIVE DEFINITENESS
  0.1164E+00
  0.1164E+00  0.1164E+00
 NEW INITIAL ESTIMATES OF SIGMA
  0.3730E-01
1


 #TBLN:      1
 #METH: MCMC Bayesian Analysis

 ESTIMATION STEP OMITTED:                 NO
 ANALYSIS TYPE:                           POPULATION
 NUMBER OF SADDLE POINT RESET ITERATIONS:      0
 GRADIENT METHOD USED:               NOSLOW
 CONDITIONAL ESTIMATES USED:              YES
 CENTERED ETA:                            NO
 EPS-ETA INTERACTION:                     YES
 LAPLACIAN OBJ. FUNC.:                    NO
 NO. OF FUNCT. EVALS. ALLOWED:            840
 NO. OF SIG. FIGURES REQUIRED:            3
 INTERMEDIATE PRINTOUT:                   YES
 ESTIMATE OUTPUT TO MSF:                  NO
 IND. OBJ. FUNC. VALUES SORTED:           NO
 NUMERICAL DERIVATIVE
       FILE REQUEST (NUMDER):               NONE
 MAP (ETAHAT) ESTIMATION METHOD (OPTMAP):   0
 ETA HESSIAN EVALUATION METHOD (ETADER):    0
 INITIAL ETA FOR MAP ESTIMATION (MCETA):    0
 SIGDIGITS FOR MAP ESTIMATION (SIGLO):      100
 GRADIENT SIGDIGITS OF
       FIXED EFFECTS PARAMETERS (SIGL):     100
 NOPRIOR SETTING (NOPRIOR):                 OFF
 NOCOV SETTING (NOCOV):                     OFF
 DERCONT SETTING (DERCONT):                 OFF
 FINAL ETA RE-EVALUATION (FNLETA):          ON
 EXCLUDE NON-INFLUENTIAL (NON-INFL.) ETAS
       IN SHRINKAGE (ETASTYPE):             NO
 NON-INFL. ETA CORRECTION (NONINFETA):      OFF
 RAW OUTPUT FILE (FILE): run102_nids_9_s1dpt_c1.ext
 EXCLUDE TITLE (NOTITLE):                   NO
 EXCLUDE COLUMN LABELS (NOLABEL):           NO
 FORMAT FOR ADDITIONAL FILES (FORMAT):      S1PE12.5
 PARAMETER ORDER FOR OUTPUTS (ORDER):       TSOL
 WISHART PRIOR DF INTERPRETATION (WISHTYPE):0
 KNUTHSUMOFF:                               0
 INCLUDE LNTWOPI:                           NO
 INCLUDE CONSTANT TERM TO PRIOR (PRIORC):   NO
 INCLUDE CONSTANT TERM TO OMEGA (ETA) (OLNTWOPI):NO
 EM OR BAYESIAN METHOD USED:                MCMC BAYESIAN (BAYES)
 MU MODELING PATTERN (MUM):
 GRADIENT/GIBBS PATTERN (GRD):
 AUTOMATIC SETTING FEATURE (AUTO):          OFF
 CONVERGENCE TYPE (CTYPE):                  3
 KEEP ITERATIONS (THIN):            1
 CONVERGENCE INTERVAL (CINTERVAL):          20
 CONVERGENCE ITERATIONS (CITER):            10
 CONVERGENCE ALPHA ERROR (CALPHA):          5.000000000000000E-02
 BURN-IN ITERATIONS (NBURN):                4000
 ITERATIONS (NITER):                        10000
 ANEAL SETTING (CONSTRAIN):                 1
 STARTING SEED FOR MC METHODS (SEED):       56664
 MC SAMPLES PER SUBJECT (ISAMPLE):          1
 RANDOM SAMPLING METHOD (RANMETHOD):        3U
 PROPOSAL DENSITY SCALING RANGE
              (ISCALE_MIN, ISCALE_MAX):     1.000000000000000E-06   ,1000000.00000000
 SAMPLE ACCEPTANCE RATE (IACCEPT):          0.400000000000000
 METROPOLIS HASTINGS SAMPLING FOR INDIVIDUAL ETAS:
 SAMPLES FOR GLOBAL SEARCH KERNEL (ISAMPLE_M1):          2
 SAMPLES FOR NEIGHBOR SEARCH KERNEL (ISAMPLE_M1A):       0
 SAMPLES FOR MASS/IMP/POST. MATRIX SEARCH (ISAMPLE_M1B): 2
 SAMPLES FOR LOCAL SEARCH KERNEL (ISAMPLE_M2):           2
 SAMPLES FOR LOCAL UNIVARIATE KERNEL (ISAMPLE_M3):       2
 PWR. WT. MASS/IMP/POST MATRIX ACCUM. FOR ETAS (IKAPPA): 1.00000000000000
 MASS/IMP./POST. MATRIX REFRESH SETTING (MASSREST):      -1
 METROPOLIS HASTINGS POPULATION SAMPLING FOR NON-GIBBS
 SAMPLED THETAS AND SIGMAS:
 PROPOSAL DENSITY SCALING RANGE
              (PSCALE_MIN, PSCALE_MAX):   1.000000000000000E-02   ,1000.00000000000
 SAMPLE ACCEPTANCE RATE (PACCEPT):                       0.500000000000000
 SAMPLES FOR GLOBAL SEARCH KERNEL (PSAMPLE_M1):          1
 SAMPLES FOR LOCAL SEARCH KERNEL (PSAMPLE_M2):           -1
 SAMPLES FOR LOCAL UNIVARIATE KERNEL (PSAMPLE_M3):       1
 METROPOLIS HASTINGS POPULATION SAMPLING FOR NON-GIBBS
 SAMPLED OMEGAS:
 SAMPLE ACCEPTANCE RATE (OACCEPT):                       0.500000000000000
 SAMPLES FOR GLOBAL SEARCH KERNEL (OSAMPLE_M1):          -1
 SAMPLES FOR LOCAL SEARCH KERNEL (OSAMPLE_M2):           -1
 SAMPLES FOR LOCAL UNIVARIATE SEARCH KERNEL (OSAMPLE_M3):0
 DEG. FR. FOR T DIST.  PRIOR FOR THETAS (TTDF):        0.00000000000000
 DEG. FR. FOR LKJ CORRELATION PRIOR FOR OMEGAS (OLKJDF): 0.00000000000000
 WEIGHT FACTOR FOR STD PRIOR FOR OMEGAS (OVARF): 1.00000000000000
 DEG. FR. FOR LKJ CORRELATION PRIOR FOR SIGMAS (SLKJDF): 0.00000000000000
 WEIGHT FACTOR FOR STD PRIOR FOR SIGMAS (SVARF): 1.00000000000000


 THE FOLLOWING LABELS ARE EQUIVALENT
 PRED=PREDI
 RES=RESI
 WRES=WRESI
 IWRS=IWRESI
 IPRD=IPREDI
 IRS=IRESI

 EM/BAYES SETUP:
 THETAS THAT ARE MU MODELED:
   1   2
 THETAS THAT ARE GIBBS SAMPLED:
   1   2
 THETAS THAT ARE METROPOLIS-HASTINGS SAMPLED:
 
 SIGMAS THAT ARE GIBBS SAMPLED:
   1
 SIGMAS THAT ARE METROPOLIS-HASTINGS SAMPLED:
 
 OMEGAS ARE GIBBS SAMPLED

 MONITORING OF SEARCH:

 Burn-in Mode
 iteration        -4000 MCMCOBJ=    3130860.4895153842     
 iteration        -3980 MCMCOBJ=    205.71815634482689     
 iteration        -3960 MCMCOBJ=    186.93266919813314     
 iteration        -3940 MCMCOBJ=    82.911717848993462     
 iteration        -3920 MCMCOBJ=    53.244084722056662     
 iteration        -3900 MCMCOBJ=    63.738419117095646     
 iteration        -3880 MCMCOBJ=    75.151031895815009     
 iteration        -3860 MCMCOBJ=    96.796268942928805     
 iteration        -3840 MCMCOBJ=    57.619085515832445     
 iteration        -3820 MCMCOBJ=    69.205190419464301     
 iteration        -3800 MCMCOBJ=    57.676163614708351     
 iteration        -3780 MCMCOBJ=    95.780469366610177     
 Convergence achieved
 Sampling Mode
 iteration            0 MCMCOBJ=    86.073646003527926     
 iteration           20 MCMCOBJ=    73.546769993261535     
 iteration           40 MCMCOBJ=    56.010165058603405     
 iteration           60 MCMCOBJ=    81.737022393695014     
 iteration           80 MCMCOBJ=    74.518172810427131     
 iteration          100 MCMCOBJ=    61.804333450270335     
 iteration          120 MCMCOBJ=    73.138023267213057     
 iteration          140 MCMCOBJ=    83.402398715757144     
 iteration          160 MCMCOBJ=    69.422977684909384     
 iteration          180 MCMCOBJ=    55.844378975353891     
 iteration          200 MCMCOBJ=    73.598820599972214     
 iteration          220 MCMCOBJ=    70.271978706435959     
 iteration          240 MCMCOBJ=    71.888407735660437     
 iteration          260 MCMCOBJ=    78.732109703882941     
 iteration          280 MCMCOBJ=    59.224241830323180     
 iteration          300 MCMCOBJ=    74.586247660545837     
 iteration          320 MCMCOBJ=    60.951780171459546     
 iteration          340 MCMCOBJ=    68.419557374183242     
 iteration          360 MCMCOBJ=    58.236153146693397     
 iteration          380 MCMCOBJ=    63.318705525113252     
 iteration          400 MCMCOBJ=    71.189363976439722     
 iteration          420 MCMCOBJ=    61.268860308796519     
 iteration          440 MCMCOBJ=    55.895304178059000     
 iteration          460 MCMCOBJ=    62.488259795814884     
 iteration          480 MCMCOBJ=    71.516585408581165     
 iteration          500 MCMCOBJ=    68.292369806271950     
 iteration          520 MCMCOBJ=    62.371406186809253     
 iteration          540 MCMCOBJ=    84.763760652100814     
 iteration          560 MCMCOBJ=    107.48493342727915     
 iteration          580 MCMCOBJ=    73.786754046821827     
 iteration          600 MCMCOBJ=    83.390703577299305     
 iteration          620 MCMCOBJ=    69.600885587117915     
 iteration          640 MCMCOBJ=    70.220527331154415     
 iteration          660 MCMCOBJ=    70.098823848484074     
 iteration          680 MCMCOBJ=    71.434764343878868     
 iteration          700 MCMCOBJ=    56.172224531550413     
 iteration          720 MCMCOBJ=    82.088070739244458     
 iteration          740 MCMCOBJ=    63.801264835199497     
 iteration          760 MCMCOBJ=    58.955233768101500     
 iteration          780 MCMCOBJ=    72.952279857102027     
 iteration          800 MCMCOBJ=    69.105573127664854     
 iteration          820 MCMCOBJ=    80.409335969002143     
 iteration          840 MCMCOBJ=    82.073093276526805     
 iteration          860 MCMCOBJ=    72.623470536822779     
 iteration          880 MCMCOBJ=    64.430303624550007     
 iteration          900 MCMCOBJ=    83.410130614477879     
 iteration          920 MCMCOBJ=    72.558668657761515     
 iteration          940 MCMCOBJ=    95.401170553331170     
 iteration          960 MCMCOBJ=    82.073018904132084     
 iteration          980 MCMCOBJ=    55.200333578167076     
 iteration         1000 MCMCOBJ=    72.684018124399884     
 iteration         1020 MCMCOBJ=    72.368034369106539     
 iteration         1040 MCMCOBJ=    71.624183982310498     
 iteration         1060 MCMCOBJ=    63.783247282904469     
 iteration         1080 MCMCOBJ=    74.671226769042434     
 iteration         1100 MCMCOBJ=    85.602346547327926     
 iteration         1120 MCMCOBJ=    81.117275051929354     
 iteration         1140 MCMCOBJ=    71.511794976023040     
 iteration         1160 MCMCOBJ=    62.531645429991521     
 iteration         1180 MCMCOBJ=    63.220602965495694     
 iteration         1200 MCMCOBJ=    74.129419340954485     
 iteration         1220 MCMCOBJ=    70.955318812052028     
 iteration         1240 MCMCOBJ=    77.323780894273185     
 iteration         1260 MCMCOBJ=    58.597389327902576     
 iteration         1280 MCMCOBJ=    74.352316578178673     
 iteration         1300 MCMCOBJ=    69.266449824010166     
 iteration         1320 MCMCOBJ=    79.205007239145289     
 iteration         1340 MCMCOBJ=    62.328400408210001     
 iteration         1360 MCMCOBJ=    75.615140141301964     
 iteration         1380 MCMCOBJ=    68.115903344221479     
 iteration         1400 MCMCOBJ=    62.771271978155298     
 iteration         1420 MCMCOBJ=    68.523500189851305     
 iteration         1440 MCMCOBJ=    67.746290910081186     
 iteration         1460 MCMCOBJ=    66.890877414232563     
 iteration         1480 MCMCOBJ=    72.316815695568479     
 iteration         1500 MCMCOBJ=    57.465895301532370     
 iteration         1520 MCMCOBJ=    58.206668405634431     
 iteration         1540 MCMCOBJ=    75.270365902423407     
 iteration         1560 MCMCOBJ=    66.271631866294555     
 iteration         1580 MCMCOBJ=    65.935717662746953     
 iteration         1600 MCMCOBJ=    58.307809497111265     
 iteration         1620 MCMCOBJ=    66.917247132376033     
 iteration         1640 MCMCOBJ=    65.865211674620610     
 iteration         1660 MCMCOBJ=    67.930299690192939     
 iteration         1680 MCMCOBJ=    67.011860424285302     
 iteration         1700 MCMCOBJ=    74.205097575800409     
 iteration         1720 MCMCOBJ=    59.114695745657329     
 iteration         1740 MCMCOBJ=    64.103086223539648     
 iteration         1760 MCMCOBJ=    63.795022008200725     
 iteration         1780 MCMCOBJ=    62.644971049449126     
 iteration         1800 MCMCOBJ=    60.684998718202721     
 iteration         1820 MCMCOBJ=    58.958793524123557     
 iteration         1840 MCMCOBJ=    77.095284086791551     
 iteration         1860 MCMCOBJ=    59.577302292200024     
 iteration         1880 MCMCOBJ=    76.177783261537172     
 iteration         1900 MCMCOBJ=    78.005649521514016     
 iteration         1920 MCMCOBJ=    60.093934511841411     
 iteration         1940 MCMCOBJ=    64.825208516931752     
 iteration         1960 MCMCOBJ=    69.250228736891046     
 iteration         1980 MCMCOBJ=    62.488164050831180     
 iteration         2000 MCMCOBJ=    74.463179540798549     
 iteration         2020 MCMCOBJ=    59.269634434324274     
 iteration         2040 MCMCOBJ=    55.173664226257600     
 iteration         2060 MCMCOBJ=    58.063004264843634     
 iteration         2080 MCMCOBJ=    83.353684254244072     
 iteration         2100 MCMCOBJ=    77.000936478471985     
 iteration         2120 MCMCOBJ=    76.204854111875420     
 iteration         2140 MCMCOBJ=    78.207873386025739     
 iteration         2160 MCMCOBJ=    68.528873035251351     
 iteration         2180 MCMCOBJ=    69.319052849688404     
 iteration         2200 MCMCOBJ=    66.345630892118976     
 iteration         2220 MCMCOBJ=    74.711449905683253     
 iteration         2240 MCMCOBJ=    71.079893336940017     
 iteration         2260 MCMCOBJ=    103.33312221117039     
 iteration         2280 MCMCOBJ=    59.149289352852819     
 iteration         2300 MCMCOBJ=    59.690909303495772     
 iteration         2320 MCMCOBJ=    73.533196588482213     
 iteration         2340 MCMCOBJ=    73.744544888726949     
 iteration         2360 MCMCOBJ=    67.683040947103009     
 iteration         2380 MCMCOBJ=    86.910824064612029     
 iteration         2400 MCMCOBJ=    65.952072895078956     
 iteration         2420 MCMCOBJ=    60.249921207043450     
 iteration         2440 MCMCOBJ=    60.997435064001365     
 iteration         2460 MCMCOBJ=    63.389022091906575     
 iteration         2480 MCMCOBJ=    67.871635547145772     
 iteration         2500 MCMCOBJ=    74.740140442090549     
 iteration         2520 MCMCOBJ=    63.148262670624121     
 iteration         2540 MCMCOBJ=    69.832376754920389     
 iteration         2560 MCMCOBJ=    80.261084158323058     
 iteration         2580 MCMCOBJ=    68.841674381050993     
 iteration         2600 MCMCOBJ=    55.304875322320385     
 iteration         2620 MCMCOBJ=    88.034444603547044     
 iteration         2640 MCMCOBJ=    68.453004941909271     
 iteration         2660 MCMCOBJ=    77.271746106676090     
 iteration         2680 MCMCOBJ=    60.263530024731736     
 iteration         2700 MCMCOBJ=    79.624712800829442     
 iteration         2720 MCMCOBJ=    62.142608183349438     
 iteration         2740 MCMCOBJ=    62.928471045714581     
 iteration         2760 MCMCOBJ=    65.331395469622748     
 iteration         2780 MCMCOBJ=    77.035575516402901     
 iteration         2800 MCMCOBJ=    57.730029036005561     
 iteration         2820 MCMCOBJ=    71.722609974561038     
 iteration         2840 MCMCOBJ=    82.800433854848180     
 iteration         2860 MCMCOBJ=    79.346048223086839     
 iteration         2880 MCMCOBJ=    71.526930141705705     
 iteration         2900 MCMCOBJ=    76.420629058464655     
 iteration         2920 MCMCOBJ=    66.555961673005797     
 iteration         2940 MCMCOBJ=    61.267750577756281     
 iteration         2960 MCMCOBJ=    66.877603200625813     
 iteration         2980 MCMCOBJ=    72.687119599043257     
 iteration         3000 MCMCOBJ=    86.312325934528701     
 iteration         3020 MCMCOBJ=    63.252374561424958     
 iteration         3040 MCMCOBJ=    69.805499368668080     
 iteration         3060 MCMCOBJ=    86.906168057529726     
 iteration         3080 MCMCOBJ=    78.326395824151362     
 iteration         3100 MCMCOBJ=    83.215119328279116     
 iteration         3120 MCMCOBJ=    91.909639969108042     
 iteration         3140 MCMCOBJ=    79.800134534102654     
 iteration         3160 MCMCOBJ=    63.859826569665735     
 iteration         3180 MCMCOBJ=    61.227475025222212     
 iteration         3200 MCMCOBJ=    85.079259980311051     
 iteration         3220 MCMCOBJ=    71.113415191475269     
 iteration         3240 MCMCOBJ=    69.706941471020144     
 iteration         3260 MCMCOBJ=    67.966749691546212     
 iteration         3280 MCMCOBJ=    68.255009980282452     
 iteration         3300 MCMCOBJ=    58.177385709183625     
 iteration         3320 MCMCOBJ=    65.718215082784468     
 iteration         3340 MCMCOBJ=    78.730616569907042     
 iteration         3360 MCMCOBJ=    78.025795563343408     
 iteration         3380 MCMCOBJ=    70.294943593192002     
 iteration         3400 MCMCOBJ=    61.743596893294900     
 iteration         3420 MCMCOBJ=    62.744016904886600     
 iteration         3440 MCMCOBJ=    76.096923836829617     
 iteration         3460 MCMCOBJ=    58.769465120240383     
 iteration         3480 MCMCOBJ=    61.563154367315519     
 iteration         3500 MCMCOBJ=    93.001255650380358     
 iteration         3520 MCMCOBJ=    63.719576461695276     
 iteration         3540 MCMCOBJ=    72.670062419668511     
 iteration         3560 MCMCOBJ=    70.775025426402678     
 iteration         3580 MCMCOBJ=    64.121807132891973     
 iteration         3600 MCMCOBJ=    73.794248338378779     
 iteration         3620 MCMCOBJ=    72.989683755311717     
 iteration         3640 MCMCOBJ=    69.644026536915035     
 iteration         3660 MCMCOBJ=    68.209451812963579     
 iteration         3680 MCMCOBJ=    74.159775237202240     
 iteration         3700 MCMCOBJ=    76.565596254746339     
 iteration         3720 MCMCOBJ=    62.654641096526213     
 iteration         3740 MCMCOBJ=    74.843121211416872     
 iteration         3760 MCMCOBJ=    63.529857207010252     
 iteration         3780 MCMCOBJ=    78.438277112284894     
 iteration         3800 MCMCOBJ=    57.889966059486035     
 iteration         3820 MCMCOBJ=    63.782709574311021     
 iteration         3840 MCMCOBJ=    66.997914944534273     
 iteration         3860 MCMCOBJ=    61.769954576268852     
 iteration         3880 MCMCOBJ=    64.241605503421582     
 iteration         3900 MCMCOBJ=    84.079361097797843     
 iteration         3920 MCMCOBJ=    80.006341201342735     
 iteration         3940 MCMCOBJ=    79.982633476578044     
 iteration         3960 MCMCOBJ=    68.800325926520870     
 iteration         3980 MCMCOBJ=    66.451607063197528     
 iteration         4000 MCMCOBJ=    59.201240455217423     
 iteration         4020 MCMCOBJ=    67.471999062624946     
 iteration         4040 MCMCOBJ=    57.451517886791663     
 iteration         4060 MCMCOBJ=    93.301509655288115     
 iteration         4080 MCMCOBJ=    52.608090231211364     
 iteration         4100 MCMCOBJ=    63.563698111874473     
 iteration         4120 MCMCOBJ=    64.071157399734133     
 iteration         4140 MCMCOBJ=    68.744877990991455     
 iteration         4160 MCMCOBJ=    64.378043741474201     
 iteration         4180 MCMCOBJ=    89.746573849279031     
 iteration         4200 MCMCOBJ=    78.619449272701701     
 iteration         4220 MCMCOBJ=    79.926300414829910     
 iteration         4240 MCMCOBJ=    72.536525399289161     
 iteration         4260 MCMCOBJ=    80.921976860265772     
 iteration         4280 MCMCOBJ=    67.555110959444491     
 iteration         4300 MCMCOBJ=    80.737315045228385     
 iteration         4320 MCMCOBJ=    74.024733021995573     
 iteration         4340 MCMCOBJ=    76.876292933551426     
 iteration         4360 MCMCOBJ=    67.630690942493075     
 iteration         4380 MCMCOBJ=    58.418994635823879     
 iteration         4400 MCMCOBJ=    66.038188832473011     
 iteration         4420 MCMCOBJ=    66.054758472888494     
 iteration         4440 MCMCOBJ=    65.538038399009537     
 iteration         4460 MCMCOBJ=    57.977914980235859     
 iteration         4480 MCMCOBJ=    71.875476374261268     
 iteration         4500 MCMCOBJ=    69.269223161737287     
 iteration         4520 MCMCOBJ=    79.772258018922471     
 iteration         4540 MCMCOBJ=    58.714776562443035     
 iteration         4560 MCMCOBJ=    70.993211763526020     
 iteration         4580 MCMCOBJ=    73.744402577184360     
 iteration         4600 MCMCOBJ=    72.911708761801492     
 iteration         4620 MCMCOBJ=    71.472539451039765     
 iteration         4640 MCMCOBJ=    67.189981527338745     
 iteration         4660 MCMCOBJ=    54.788007600232440     
 iteration         4680 MCMCOBJ=    71.621608259706051     
 iteration         4700 MCMCOBJ=    60.214054821329100     
 iteration         4720 MCMCOBJ=    58.814060691508232     
 iteration         4740 MCMCOBJ=    85.830902826933354     
 iteration         4760 MCMCOBJ=    70.701735331492671     
 iteration         4780 MCMCOBJ=    78.804499091272987     
 iteration         4800 MCMCOBJ=    74.247111429576350     
 iteration         4820 MCMCOBJ=    76.074445970835015     
 iteration         4840 MCMCOBJ=    68.773196299222192     
 iteration         4860 MCMCOBJ=    67.098278170945477     
 iteration         4880 MCMCOBJ=    89.310074407155952     
 iteration         4900 MCMCOBJ=    66.728954198418563     
 iteration         4920 MCMCOBJ=    64.314160538062865     
 iteration         4940 MCMCOBJ=    57.972400451796354     
 iteration         4960 MCMCOBJ=    59.417617738159684     
 iteration         4980 MCMCOBJ=    76.233293014766133     
 iteration         5000 MCMCOBJ=    72.671342684387142     
 iteration         5020 MCMCOBJ=    70.001937220908559     
 iteration         5040 MCMCOBJ=    73.661018186178495     
 iteration         5060 MCMCOBJ=    62.405904289809797     
 iteration         5080 MCMCOBJ=    71.616197483904827     
 iteration         5100 MCMCOBJ=    65.000137233122700     
 iteration         5120 MCMCOBJ=    71.384863565379518     
 iteration         5140 MCMCOBJ=    82.188884467173011     
 iteration         5160 MCMCOBJ=    77.083908945233219     
 iteration         5180 MCMCOBJ=    60.088309741016005     
 iteration         5200 MCMCOBJ=    75.249648893992898     
 iteration         5220 MCMCOBJ=    65.049270311464809     
 iteration         5240 MCMCOBJ=    66.121144402644390     
 iteration         5260 MCMCOBJ=    71.508357618620096     
 iteration         5280 MCMCOBJ=    61.810794683206659     
 iteration         5300 MCMCOBJ=    67.765210321112249     
 iteration         5320 MCMCOBJ=    78.867243419883948     
 iteration         5340 MCMCOBJ=    75.933382436413325     
 iteration         5360 MCMCOBJ=    64.942212577018907     
 iteration         5380 MCMCOBJ=    86.872388746106694     
 iteration         5400 MCMCOBJ=    73.396961461380954     
 iteration         5420 MCMCOBJ=    69.235886939433712     
 iteration         5440 MCMCOBJ=    63.260732469585811     
 iteration         5460 MCMCOBJ=    66.752474229176570     
 iteration         5480 MCMCOBJ=    60.439741050700768     
 iteration         5500 MCMCOBJ=    68.001239821217141     
 iteration         5520 MCMCOBJ=    80.135506837520850     
 iteration         5540 MCMCOBJ=    63.043057609490958     
 iteration         5560 MCMCOBJ=    67.855926426526096     
 iteration         5580 MCMCOBJ=    78.557492811883691     
 iteration         5600 MCMCOBJ=    66.901265090821468     
 iteration         5620 MCMCOBJ=    71.648073649528015     
 iteration         5640 MCMCOBJ=    77.645464723328672     
 iteration         5660 MCMCOBJ=    74.147365487857542     
 iteration         5680 MCMCOBJ=    70.338452317185187     
 iteration         5700 MCMCOBJ=    67.610853913623089     
 iteration         5720 MCMCOBJ=    81.344193314932042     
 iteration         5740 MCMCOBJ=    80.211728922554769     
 iteration         5760 MCMCOBJ=    69.135204330257054     
 iteration         5780 MCMCOBJ=    69.782588094370468     
 iteration         5800 MCMCOBJ=    70.418900495085836     
 iteration         5820 MCMCOBJ=    63.085693590384757     
 iteration         5840 MCMCOBJ=    73.389530901641479     
 iteration         5860 MCMCOBJ=    61.535780751952956     
 iteration         5880 MCMCOBJ=    56.127956585860133     
 iteration         5900 MCMCOBJ=    82.946573685054332     
 iteration         5920 MCMCOBJ=    64.608534217475679     
 iteration         5940 MCMCOBJ=    74.335185232571305     
 iteration         5960 MCMCOBJ=    81.096333006919025     
 iteration         5980 MCMCOBJ=    67.820184672792820     
 iteration         6000 MCMCOBJ=    76.593293962950867     
 iteration         6020 MCMCOBJ=    54.483071602586520     
 iteration         6040 MCMCOBJ=    81.306790712842968     
 iteration         6060 MCMCOBJ=    76.691985421416888     
 iteration         6080 MCMCOBJ=    77.022748244188207     
 iteration         6100 MCMCOBJ=    68.550989540799577     
 iteration         6120 MCMCOBJ=    81.792917203595152     
 iteration         6140 MCMCOBJ=    63.263211835349388     
 iteration         6160 MCMCOBJ=    76.016285806592492     
 iteration         6180 MCMCOBJ=    74.600907344288359     
 iteration         6200 MCMCOBJ=    68.966192428724341     
 iteration         6220 MCMCOBJ=    67.560071909085295     
 iteration         6240 MCMCOBJ=    70.884488616197615     
 iteration         6260 MCMCOBJ=    59.532923917716829     
 iteration         6280 MCMCOBJ=    51.759639969278936     
 iteration         6300 MCMCOBJ=    72.460990369997646     
 iteration         6320 MCMCOBJ=    68.485978663848087     
 iteration         6340 MCMCOBJ=    77.579718533243891     
 iteration         6360 MCMCOBJ=    66.403617095543865     
 iteration         6380 MCMCOBJ=    65.434263019447357     
 iteration         6400 MCMCOBJ=    74.508571031839836     
 iteration         6420 MCMCOBJ=    65.813886086175955     
 iteration         6440 MCMCOBJ=    75.736808846827486     
 iteration         6460 MCMCOBJ=    62.645618568024425     
 iteration         6480 MCMCOBJ=    67.079114219928726     
 iteration         6500 MCMCOBJ=    64.722942416749945     
 iteration         6520 MCMCOBJ=    79.870427752605949     
 iteration         6540 MCMCOBJ=    70.655922834338170     
 iteration         6560 MCMCOBJ=    76.796347981964217     
 iteration         6580 MCMCOBJ=    78.064594973997274     
 iteration         6600 MCMCOBJ=    66.387337544676271     
 iteration         6620 MCMCOBJ=    64.672432621842617     
 iteration         6640 MCMCOBJ=    67.986185041974622     
 iteration         6660 MCMCOBJ=    69.257236793561560     
 iteration         6680 MCMCOBJ=    79.240687750733855     
 iteration         6700 MCMCOBJ=    53.620246426445533     
 iteration         6720 MCMCOBJ=    74.452303234938114     
 iteration         6740 MCMCOBJ=    75.655769762109529     
 iteration         6760 MCMCOBJ=    71.937558841866505     
 iteration         6780 MCMCOBJ=    91.234296032273917     
 iteration         6800 MCMCOBJ=    83.945571018716706     
 iteration         6820 MCMCOBJ=    63.241519645056734     
 iteration         6840 MCMCOBJ=    68.970597323800746     
 iteration         6860 MCMCOBJ=    81.333963765743661     
 iteration         6880 MCMCOBJ=    54.094327518229441     
 iteration         6900 MCMCOBJ=    63.460854427927082     
 iteration         6920 MCMCOBJ=    71.902220246391735     
 iteration         6940 MCMCOBJ=    66.454095772985653     
 iteration         6960 MCMCOBJ=    94.900340252941575     
 iteration         6980 MCMCOBJ=    78.785471800263466     
 iteration         7000 MCMCOBJ=    60.308364250339373     
 iteration         7020 MCMCOBJ=    60.894835743808571     
 iteration         7040 MCMCOBJ=    57.392646927012485     
 iteration         7060 MCMCOBJ=    72.999055216936668     
 iteration         7080 MCMCOBJ=    77.746886053390071     
 iteration         7100 MCMCOBJ=    74.602606464339075     
 iteration         7120 MCMCOBJ=    78.897894297867083     
 iteration         7140 MCMCOBJ=    82.869990154960973     
 iteration         7160 MCMCOBJ=    75.807773732217996     
 iteration         7180 MCMCOBJ=    64.460165502669085     
 iteration         7200 MCMCOBJ=    60.739578455834689     
 iteration         7220 MCMCOBJ=    75.067893769125178     
 iteration         7240 MCMCOBJ=    62.388433366570105     
 iteration         7260 MCMCOBJ=    63.013287580014335     
 iteration         7280 MCMCOBJ=    72.365782222221370     
 iteration         7300 MCMCOBJ=    96.934661820400251     
 iteration         7320 MCMCOBJ=    62.077867727481284     
 iteration         7340 MCMCOBJ=    81.126178856864044     
 iteration         7360 MCMCOBJ=    63.696403255103135     
 iteration         7380 MCMCOBJ=    65.711638765413582     
 iteration         7400 MCMCOBJ=    87.069432689098107     
 iteration         7420 MCMCOBJ=    68.790452984131292     
 iteration         7440 MCMCOBJ=    92.418561818013032     
 iteration         7460 MCMCOBJ=    70.363184661937908     
 iteration         7480 MCMCOBJ=    66.923574847244424     
 iteration         7500 MCMCOBJ=    74.367442882404788     
 iteration         7520 MCMCOBJ=    77.901609281494572     
 iteration         7540 MCMCOBJ=    81.048455393379399     
 iteration         7560 MCMCOBJ=    85.509757892843083     
 iteration         7580 MCMCOBJ=    65.702707696070249     
 iteration         7600 MCMCOBJ=    66.195331526862176     
 iteration         7620 MCMCOBJ=    76.771643646534230     
 iteration         7640 MCMCOBJ=    64.899359295258293     
 iteration         7660 MCMCOBJ=    92.468461902935644     
 iteration         7680 MCMCOBJ=    60.392007659955482     
 iteration         7700 MCMCOBJ=    64.547299578912813     
 iteration         7720 MCMCOBJ=    73.447919292868775     
 iteration         7740 MCMCOBJ=    64.735945747146403     
 iteration         7760 MCMCOBJ=    76.086002463434482     
 iteration         7780 MCMCOBJ=    69.513316592215148     
 iteration         7800 MCMCOBJ=    65.560409015260433     
 iteration         7820 MCMCOBJ=    58.351141494566171     
 iteration         7840 MCMCOBJ=    69.368646025974300     
 iteration         7860 MCMCOBJ=    72.992273912016117     
 iteration         7880 MCMCOBJ=    67.653319492483362     
 iteration         7900 MCMCOBJ=    56.581502611322797     
 iteration         7920 MCMCOBJ=    67.783033672284787     
 iteration         7940 MCMCOBJ=    65.058161296407860     
 iteration         7960 MCMCOBJ=    79.947890351828278     
 iteration         7980 MCMCOBJ=    84.593268553791162     
 iteration         8000 MCMCOBJ=    74.162611524394848     
 iteration         8020 MCMCOBJ=    69.934695755040195     
 iteration         8040 MCMCOBJ=    68.805366525932286     
 iteration         8060 MCMCOBJ=    60.822117034478644     
 iteration         8080 MCMCOBJ=    64.188464320763273     
 iteration         8100 MCMCOBJ=    67.720359036240296     
 iteration         8120 MCMCOBJ=    62.523828747305764     
 iteration         8140 MCMCOBJ=    60.227011234545166     
 iteration         8160 MCMCOBJ=    73.528288765206682     
 iteration         8180 MCMCOBJ=    62.217230096845149     
 iteration         8200 MCMCOBJ=    64.512544240768406     
 iteration         8220 MCMCOBJ=    73.960227488198299     
 iteration         8240 MCMCOBJ=    79.147484169088756     
 iteration         8260 MCMCOBJ=    72.975604954088922     
 iteration         8280 MCMCOBJ=    71.318931109122104     
 iteration         8300 MCMCOBJ=    74.014921482677707     
 iteration         8320 MCMCOBJ=    66.511419729957353     
 iteration         8340 MCMCOBJ=    65.790285387312068     
 iteration         8360 MCMCOBJ=    61.340889615508424     
 iteration         8380 MCMCOBJ=    67.663672288282712     
 iteration         8400 MCMCOBJ=    71.586649439068069     
 iteration         8420 MCMCOBJ=    74.901429622486987     
 iteration         8440 MCMCOBJ=    64.620929088005838     
 iteration         8460 MCMCOBJ=    78.273500897734820     
 iteration         8480 MCMCOBJ=    56.840990687227695     
 iteration         8500 MCMCOBJ=    64.903310264596115     
 iteration         8520 MCMCOBJ=    73.559293459356141     
 iteration         8540 MCMCOBJ=    84.197550158466882     
 iteration         8560 MCMCOBJ=    64.846492984182504     
 iteration         8580 MCMCOBJ=    75.361786082207530     
 iteration         8600 MCMCOBJ=    65.326897091501550     
 iteration         8620 MCMCOBJ=    83.278152046308705     
 iteration         8640 MCMCOBJ=    96.354875995635808     
 iteration         8660 MCMCOBJ=    76.070932685651783     
 iteration         8680 MCMCOBJ=    62.050127486314317     
 iteration         8700 MCMCOBJ=    64.246941754697190     
 iteration         8720 MCMCOBJ=    60.668815612769947     
 iteration         8740 MCMCOBJ=    81.875802433445315     
 iteration         8760 MCMCOBJ=    65.432717145265599     
 iteration         8780 MCMCOBJ=    67.238600088899403     
 iteration         8800 MCMCOBJ=    70.016968078258088     
 iteration         8820 MCMCOBJ=    84.154224738818826     
 iteration         8840 MCMCOBJ=    61.828523217767838     
 iteration         8860 MCMCOBJ=    71.322718476225560     
 iteration         8880 MCMCOBJ=    75.377542381783272     
 iteration         8900 MCMCOBJ=    63.999661737119247     
 iteration         8920 MCMCOBJ=    70.295184385483097     
 iteration         8940 MCMCOBJ=    53.675908739305655     
 iteration         8960 MCMCOBJ=    67.160525350649280     
 iteration         8980 MCMCOBJ=    61.395685037411702     
 iteration         9000 MCMCOBJ=    60.969310787820191     
 iteration         9020 MCMCOBJ=    69.242531084702676     
 iteration         9040 MCMCOBJ=    46.850998561134915     
 iteration         9060 MCMCOBJ=    72.842381935718123     
 iteration         9080 MCMCOBJ=    89.600356598154548     
 iteration         9100 MCMCOBJ=    66.527693969080318     
 iteration         9120 MCMCOBJ=    68.377881726110061     
 iteration         9140 MCMCOBJ=    64.482904650076634     
 iteration         9160 MCMCOBJ=    69.451050321587147     
 iteration         9180 MCMCOBJ=    74.280313772392915     
 iteration         9200 MCMCOBJ=    79.964396132335438     
 iteration         9220 MCMCOBJ=    81.396754222465162     
 iteration         9240 MCMCOBJ=    59.424261966315427     
 iteration         9260 MCMCOBJ=    60.877543697052054     
 iteration         9280 MCMCOBJ=    75.844303864585299     
 iteration         9300 MCMCOBJ=    52.590301264631243     
 iteration         9320 MCMCOBJ=    68.733158592593725     
 iteration         9340 MCMCOBJ=    58.876207901271592     
 iteration         9360 MCMCOBJ=    74.687618755422974     
 iteration         9380 MCMCOBJ=    63.233058153568209     
 iteration         9400 MCMCOBJ=    56.900858174549640     
 iteration         9420 MCMCOBJ=    84.327403241795182     
 iteration         9440 MCMCOBJ=    67.983880656782560     
 iteration         9460 MCMCOBJ=    66.635883076409414     
 iteration         9480 MCMCOBJ=    70.022964347439114     
 iteration         9500 MCMCOBJ=    81.755174705121092     
 iteration         9520 MCMCOBJ=    66.933143610650191     
 iteration         9540 MCMCOBJ=    71.508723492228455     
 iteration         9560 MCMCOBJ=    71.943876207090739     
 iteration         9580 MCMCOBJ=    66.884155994565390     
 iteration         9600 MCMCOBJ=    75.771910237798906     
 iteration         9620 MCMCOBJ=    66.277889376730741     
 iteration         9640 MCMCOBJ=    61.739968757693248     
 iteration         9660 MCMCOBJ=    71.282379384969815     
 iteration         9680 MCMCOBJ=    67.285159672188769     
 iteration         9700 MCMCOBJ=    56.531392855515108     
 iteration         9720 MCMCOBJ=    59.515860675570423     
 iteration         9740 MCMCOBJ=    62.118048006731101     
 iteration         9760 MCMCOBJ=    79.838729960319213     
 iteration         9780 MCMCOBJ=    55.477405416489766     
 iteration         9800 MCMCOBJ=    55.092163572201699     
 iteration         9820 MCMCOBJ=    78.543548960710737     
 iteration         9840 MCMCOBJ=    74.496553673991968     
 iteration         9860 MCMCOBJ=    86.550503077394296     
 iteration         9880 MCMCOBJ=    77.004801534166788     
 iteration         9900 MCMCOBJ=    65.303224641176783     
 iteration         9920 MCMCOBJ=    61.950824918531445     
 iteration         9940 MCMCOBJ=    62.653584300828896     
 iteration         9960 MCMCOBJ=    72.161889004080052     
 iteration         9980 MCMCOBJ=    89.987063489901701     
 iteration        10000 MCMCOBJ=    67.211370675053729     
 BURN-IN WAS COMPLETED

 #TERM:
 STATISTICAL PORTION WAS COMPLETED
  
 TOTAL DATA POINTS NORMALLY DISTRIBUTED (N):           27
 N*LOG(2PI) CONSTANT TO OBJECTIVE FUNCTION:    49.622680793052325     
 OBJECTIVE FUNCTION VALUE WITHOUT CONSTANT:    69.949523583518030     
 OBJECTIVE FUNCTION VALUE WITH CONSTANT:       119.57220437657035     
 REPORTED OBJECTIVE FUNCTION DOES NOT CONTAIN CONSTANT
  
 TOTAL EFFECTIVE ETAS (NIND*NETA):                            18
 NIND*NETA*LOG(2PI) CONSTANT TO OBJECTIVE FUNCTION:    33.081787195368214     
 OBJECTIVE FUNCTION VALUE WITHOUT CONSTANT:    69.949523583518030     
 OBJECTIVE FUNCTION VALUE WITH CONSTANT:       103.03131077888625     
 REPORTED OBJECTIVE FUNCTION DOES NOT CONTAIN CONSTANT
  
 PRIOR CONSTANT TO OBJECTIVE FUNCTION:    30.823646298206345     
 OBJECTIVE FUNCTION VALUE WITHOUT CONSTANT:    69.949523583518030     
 OBJECTIVE FUNCTION VALUE WITH CONSTANT:       100.77316988172437     
 REPORTED OBJECTIVE FUNCTION DOES NOT CONTAIN CONSTANT
  
 #TERE:
 Elapsed estimation  time in seconds:    16.92
 Elapsed covariance  time in seconds:     0.00
1
 
 
 
 
 
 
 
 
 
 
 
 
 
 
 
 
 
 
 
 
 ************************************************************************************************************************
 ********************                                                                                ********************
 ********************                              MCMC BAYESIAN ANALYSIS                            ********************
 #OBJT:**************                       AVERAGE VALUE OF LIKELIHOOD FUNCTION                     ********************
 ********************                                                                                ********************
 ************************************************************************************************************************
 





 #OBJV:********************************************       69.950       **************************************************
 #OBJS:********************************************        9.368 (STD) **************************************************
1
 ************************************************************************************************************************
 ********************                                                                                ********************
 ********************                              MCMC BAYESIAN ANALYSIS                            ********************
 ********************                             FINAL PARAMETER ESTIMATE                           ********************
 ********************                                                                                ********************
 ************************************************************************************************************************
 


 THETA - VECTOR OF FIXED EFFECTS PARAMETERS   *********


         THETA(CL) THETA(V) 
 
         3.45E+00  3.89E+01
 


 OMEGA - COV MATRIX FOR RANDOM EFFECTS - ETAS  ********


         ETA(CL)   ETA(V)   
 
 ETA(CL)
+        1.21E-01
 
 ETA(V)
+        1.90E-02  1.13E-01
 


 SIGMA - COV MATRIX FOR RANDOM EFFECTS - EPSILONS  ****


         EPS1     
 
 EPS1
+        3.44E-02
 
1


 OMEGA - CORR MATRIX FOR RANDOM EFFECTS - ETAS  *******


         ETA(CL)   ETA(V)   
 
 ETA(CL)
+        3.35E-01
 
 ETA(V)
+        1.49E-01  3.23E-01
 


 SIGMA - CORR MATRIX FOR RANDOM EFFECTS - EPSILONS  ***


         EPS1     
 
 EPS1
+        1.81E-01
 
1
 ************************************************************************************************************************
 ********************                                                                                ********************
 ********************                              MCMC BAYESIAN ANALYSIS                            ********************
 ********************                STANDARD ERROR OF ESTIMATE (From Sample Variance)               ********************
 ********************                                                                                ********************
 ************************************************************************************************************************
 


 THETA - VECTOR OF FIXED EFFECTS PARAMETERS   *********


         THETA(CL) THETA(V) 
 
         4.41E-01  5.21E+00
 


 OMEGA - COV MATRIX FOR RANDOM EFFECTS - ETAS  ********


         ETA(CL)   ETA(V)   
 
 ETA(CL)
+        7.62E-02
 
 ETA(V)
+        5.08E-02  7.37E-02
 


 SIGMA - COV MATRIX FOR RANDOM EFFECTS - EPSILONS  ****


         EPS1     
 
 EPS1
+        1.68E-02
 
1


 OMEGA - CORR MATRIX FOR RANDOM EFFECTS - ETAS  *******


         ETA(CL)   ETA(V)   
 
 ETA(CL)
+        9.18E-02
 
 ETA(V)
+        3.31E-01  9.24E-02
 


 SIGMA - CORR MATRIX FOR RANDOM EFFECTS - EPSILONS  ***


         EPS1     
 
 EPS1
+        4.08E-02
 
1
 ************************************************************************************************************************
 ********************                                                                                ********************
 ********************                              MCMC BAYESIAN ANALYSIS                            ********************
 ********************               COVARIANCE MATRIX OF ESTIMATE (From Sample Variance)             ********************
 ********************                                                                                ********************
 ************************************************************************************************************************
 

            TH 1      TH 2      OM11      OM12      OM22      SG11  
 
 TH 1
+        1.95E-01
 
 TH 2
+        3.18E-01  2.72E+01
 
 OM11
+       -4.46E-04  1.45E-02  5.80E-03
 
 OM12
+        1.12E-03  9.04E-04  8.85E-04  2.58E-03
 
 OM22
+       -8.60E-04  8.23E-04  7.15E-04  1.04E-03  5.43E-03
 
 SG11
+       -4.06E-05  4.68E-03 -4.63E-05 -7.72E-05 -8.86E-06  2.81E-04
 
1
 ************************************************************************************************************************
 ********************                                                                                ********************
 ********************                              MCMC BAYESIAN ANALYSIS                            ********************
 ********************              CORRELATION MATRIX OF ESTIMATE (From Sample Variance)             ********************
 ********************                                                                                ********************
 ************************************************************************************************************************
 

            TH 1      TH 2      OM11      OM12      OM22      SG11  
 
 TH 1
+        4.41E-01
 
 TH 2
+        1.38E-01  5.21E+00
 
 OM11
+       -1.33E-02  3.65E-02  7.62E-02
 
 OM12
+        5.01E-02  3.42E-03  2.29E-01  5.08E-02
 
 OM22
+       -2.65E-02  2.14E-03  1.27E-01  2.79E-01  7.37E-02
 
 SG11
+       -5.49E-03  5.35E-02 -3.62E-02 -9.07E-02 -7.17E-03  1.68E-02
 
1
 ************************************************************************************************************************
 ********************                                                                                ********************
 ********************                              MCMC BAYESIAN ANALYSIS                            ********************
 ********************           INVERSE COVARIANCE MATRIX OF ESTIMATE (From Sample Variance)         ********************
 ********************                                                                                ********************
 ************************************************************************************************************************
 

            TH 1      TH 2      OM11      OM12      OM22      SG11  
 
 TH 1
+        5.26E+00
 
 TH 2
+       -6.21E-02  3.77E-02
 
 OM11
+        8.75E-01 -1.08E-01  1.83E+02
 
 OM12
+       -3.07E+00  3.54E-02 -5.76E+01  4.44E+02
 
 OM22
+        1.32E+00 -9.14E-03 -1.29E+01 -7.81E+01  2.01E+02
 
 SG11
+        1.14E+00 -6.45E-01  1.59E+01  1.09E+02 -1.69E+01  3.60E+03
 
 Elapsed postprocess time in seconds:     0.00
 #CPUT: Total CPU Time in Seconds,       11.219
Stop Time: 
Tue 01/03/2017 
10:24 PM
