Tue 01/03/2017 
10:24 PM
$PROB one cmpt simple mu modeled bayes multidose nids: 9 scenario: s1d
;; based_on: run100
$SUB ADVAN1 TRANS2
$INPUT ID TIME DV OBSNUM CMT EVID AMT RATE ADDL II 
$DATA ..\..\mdata\simple_nocovar_56id_6tp_md.csv
IGNORE=@ 
IGNORE=(OBSNUM.EQN.2)
IGNORE=(OBSNUM.EQN.4)
IGNORE=(OBSNUM.EQN.5)
IGNORE=(OBSNUM.EQN.6)
IGNORE=(ID.GT.9)
$ABBR REPLACE THETA(CL, V) = THETA(1 to 2)
$ABBR REPLACE ETA(CL, V) = ETA(1 to 2)

$THETAI
THETA(1:NTHETA)=LOG(THETAI(1:NTHETA))
THETAP(1:NTHETAP)=LOG(THETAPI(1:NTHETAP))
$THETAR
THETAR(1:NTHETA)=EXP(THETA(1:NTHETA))
THETAPR(1:NTHETAP)=EXP(THETAP(1:NTHETAP))

$PRIOR NWPRI 

$PK
"USE NMBAYES_INT, ONLY: ITER_REPORT,BAYES_EXTRA_REQUEST,BAYES_EXTRA
; Request extra information for Bayesian analysis.
; An extra call will then be made for accepted samples
"BAYES_EXTRA_REQUEST=1

MU_1 = THETA(CL)
MU_2 = THETA(V)
CL = EXP(MU_1 + ETA(CL))
V = EXP(MU_2 + ETA(V))
S1 = V

"IF(BAYES_EXTRA==1 .AND. ITER_REPORT>=0 .AND. TIME==0.0) THEN
"WRITE(50,98) ITER_REPORT,ID,CL,V
"98 FORMAT(I12,1X,F14.0,4(1X,1PG12.5))
"ENDIF

$ERROR
IPRED=F
Y = IPRED*(1 + ERR(1))  

$THETA
(0.001, 2.5) ; TVCL
(0.001, 46) ; TVV

$OMEGA BLOCK(2)
0.1    ; nCL
0.1  0.1  ; nV

$SIGMA
0.03 ; PROP

; THETA PRIORS
$THETAP (2.5 FIX) (46 FIX) 

; THETA (uniformative) PRIORs
$THETAPV BLOCK(2)
10000 FIX
0.0 10000 

$OMEGAP BLOCK(2)
0.2 FIX
0 0.2

; degrees of freedom to prior omega matrix - low dof = highly uninformative
$OMEGAPD (2 FIX)

$EST METHOD=CHAIN FILE=..\run100.chn NSAMPLE=0 ISAMPLE=1 DF=20
$EST METHOD=BAYES INTER NBURN=4000 NITER=10000 PRINT=20 NOPRIOR=0 CTYPE=3 CITER=10 SEED=56664
  
NM-TRAN MESSAGES 
  
 WARNINGS AND ERRORS (IF ANY) FOR PROBLEM    1
             
 (WARNING  2) NM-TRAN INFERS THAT THE DATA ARE POPULATION.

 (MU_WARNING 20) MU_001: MU_ VARIABLE SHOULD NOT BE DEFINED AFTER VERBATIM CODE.
  
License Registered to: Devin Pastoor
Expiration Date:    14 NOV 2017
Current Date:        3 JAN 2017
Days until program expires : 311
1NONLINEAR MIXED EFFECTS MODEL PROGRAM (NONMEM) VERSION 7.4.0 alpha14 (nm74a14)
 ORIGINALLY DEVELOPED BY STUART BEAL, LEWIS SHEINER, AND ALISON BOECKMANN
 CURRENT DEVELOPERS ARE ROBERT BAUER, ICON DEVELOPMENT SOLUTIONS,
 AND ALISON BOECKMANN. IMPLEMENTATION, EFFICIENCY, AND STANDARDIZATION
 PERFORMED BY NOUS INFOSYSTEMS.

 PROBLEM NO.:         1
 one cmpt simple mu modeled bayes multidose nids: 9 scenario: s1d
0DATA CHECKOUT RUN:              NO
 DATA SET LOCATED ON UNIT NO.:    2
 THIS UNIT TO BE REWOUND:        NO
 NO. OF DATA RECS IN DATA SET:       27
 NO. OF DATA ITEMS IN DATA SET:  11
 ID DATA ITEM IS DATA ITEM NO.:   1
 DEP VARIABLE IS DATA ITEM NO.:   3
 MDV DATA ITEM IS DATA ITEM NO.: 11
0INDICES PASSED TO SUBROUTINE PRED:
   6   2   7   8   0  10   5   0   0   0   9
0LABELS FOR DATA ITEMS:
 ID TIME DV OBSNUM CMT EVID AMT RATE ADDL II MDV
0LABELS FOR THETAS
 THETA(1)=THETA(CL)
 THETA(2)=THETA(V)
0LABELS FOR ETAS
 ETA(1)=ETA(CL)
0LABELS FOR ETAS
 ETA(2)=ETA(V)
0FORMAT FOR DATA:
 (E2.0,E3.0,E17.0,3E2.0,2E5.0,E2.0,E3.0,1F2.0)

 TOT. NO. OF OBS RECS:       18
 TOT. NO. OF INDIVIDUALS:      9
0LENGTH OF THETA:   5
0DEFAULT THETA BOUNDARY TEST OMITTED:    NO
0OMEGA HAS BLOCK FORM:
  1
  1  1
  0  0  2
  0  0  2  2
  0  0  0  0  3
  0  0  0  0  3  3
0DEFAULT OMEGA BOUNDARY TEST OMITTED:    NO
0SIGMA HAS SIMPLE DIAGONAL FORM WITH DIMENSION:   1
0DEFAULT SIGMA BOUNDARY TEST OMITTED:    NO
0INITIAL ESTIMATE OF THETA:
 LOWER BOUND    INITIAL EST    UPPER BOUND
  0.1000E-02     0.2500E+01     0.1000E+07
  0.1000E-02     0.4600E+02     0.1000E+07
  0.2500E+01     0.2500E+01     0.2500E+01
  0.4600E+02     0.4600E+02     0.4600E+02
  0.2000E+01     0.2000E+01     0.2000E+01
0INITIAL ESTIMATE OF OMEGA:
 BLOCK SET NO.   BLOCK                                                                    FIXED
        1                                                                                   NO
 DIAGONAL SHIFT OF  1.1000E-07 WAS IMPOSED TO ENSURE POSITIVE DEFINITENESS
                  0.1000E+00
                  0.1000E+00   0.1000E+00
        2                                                                                  YES
                  0.1000E+05
                  0.0000E+00   0.1000E+05
        3                                                                                  YES
                  0.2000E+00
                  0.0000E+00   0.2000E+00
0INITIAL ESTIMATE OF SIGMA:
 0.3000E-01
0
 THETAI SUBROUTINE USER-SUPPLIED
 THETAR SUBROUTINE USER-SUPPLIED
 PRIOR SUBROUTINE USER-SUPPLIED
1DOUBLE PRECISION PREDPP VERSION 7.4.0 alpha14 (nm74a14)

 ONE COMPARTMENT MODEL (ADVAN1)
0MAXIMUM NO. OF BASIC PK PARAMETERS:   2
0BASIC PK PARAMETERS (AFTER TRANSLATION):
   ELIMINATION RATE (K) IS BASIC PK PARAMETER NO.:  1

 TRANSLATOR WILL CONVERT PARAMETERS
 CLEARANCE (CL) AND VOLUME (V) TO K (TRANS2)
0COMPARTMENT ATTRIBUTES
 COMPT. NO.   FUNCTION   INITIAL    ON/OFF      DOSE      DEFAULT    DEFAULT
                         STATUS     ALLOWED    ALLOWED    FOR DOSE   FOR OBS.
    1         CENTRAL      ON         NO         YES        YES        YES
    2         OUTPUT       OFF        YES        NO         NO         NO
1
 ADDITIONAL PK PARAMETERS - ASSIGNMENT OF ROWS IN GG
 COMPT. NO.                             INDICES
              SCALE      BIOAVAIL.   ZERO-ORDER  ZERO-ORDER  ABSORB
                         FRACTION    RATE        DURATION    LAG
    1            3           *           *           *           *
    2            *           -           -           -           -
             - PARAMETER IS NOT ALLOWED FOR THIS MODEL
             * PARAMETER IS NOT SUPPLIED BY PK SUBROUTINE;
               WILL DEFAULT TO ONE IF APPLICABLE
0DATA ITEM INDICES USED BY PRED ARE:
   EVENT ID DATA ITEM IS DATA ITEM NO.:      6
   TIME DATA ITEM IS DATA ITEM NO.:          2
   DOSE AMOUNT DATA ITEM IS DATA ITEM NO.:   7
   DOSE RATE DATA ITEM IS DATA ITEM NO.:     8
   INTERVAL DATA ITEM IS DATA ITEM NO.:     10
   ADDL. DOSES DATA ITEM IS DATA ITEM NO.:   9
   COMPT. NO. DATA ITEM IS DATA ITEM NO.:    5

0PK SUBROUTINE CALLED WITH EVERY EVENT RECORD.
 PK SUBROUTINE NOT CALLED AT NONEVENT (ADDITIONAL OR LAGGED) DOSE TIMES.
0ERROR SUBROUTINE CALLED WITH EVERY EVENT RECORD.
1


 #TBLN:      1
 #METH: Chain Method Processing

 RANDOM GENERATION TYPE (CTYPE):     0
 RANDOM GENERATION SEED (SEED):      11456
 RANDOM SAMPLE SELECTION (ISAMPLE):  1
 RANDOM SAMPLE RANGE END (ISAMPEND): -2147483647
 NUMBER OF RANDOM SAMPLES (NSAMPLE): 0
 UNIFORM FRACTIONAL RANGE (IACCEPT): 0.400000000000000
 RANDOM SELECTION TYPE (SELECT):     0
 DEG. FR. TO GENERATE OMEGAS (DF):   20
 DEG. FR. TO GENERATE SIGMAS (DFS):  -1
 CHAIN FILE (FILE):                  ..\run100.chn
 EXCL. TITLE IN CHAIN FILE (NOTITLE):NO
 EX. COL. LBS. IN CHAIN FL.(NOLABEL):NO
 FORMAT FOR CHAIN FILE (FORMAT):     S1PE12.5
 PAR. ORDER in CHAIN FILE (ORDER):   TSOL
 RANDOM SAMPLING METHOD (RANMETHOD):3U

 THE FOLLOWING LABELS ARE EQUIVALENT
 PRED=NPRED
 RES=NRES
 WRES=NWRES
 IWRS=NIWRES
 IPRD=NIPRED
 IRS=NIRES



 FROM SAMPLE 1 OF CHAIN FILE ..\run100.chn
 NEW INITIAL ESTIMATES OF THETA
  0.2537E-01
  0.6427E-01
 NEW INITIAL ESTIMATES OF OMEGA
 DIAGONAL SHIFT OF  1.2800E-07 WAS IMPOSED ON OMEGAS TO ENSURE POSITIVE DEFINITENESS
  0.1164E+00
  0.1164E+00  0.1164E+00
 NEW INITIAL ESTIMATES OF SIGMA
  0.3730E-01
1


 #TBLN:      1
 #METH: MCMC Bayesian Analysis

 ESTIMATION STEP OMITTED:                 NO
 ANALYSIS TYPE:                           POPULATION
 NUMBER OF SADDLE POINT RESET ITERATIONS:      0
 GRADIENT METHOD USED:               NOSLOW
 CONDITIONAL ESTIMATES USED:              YES
 CENTERED ETA:                            NO
 EPS-ETA INTERACTION:                     YES
 LAPLACIAN OBJ. FUNC.:                    NO
 NO. OF FUNCT. EVALS. ALLOWED:            840
 NO. OF SIG. FIGURES REQUIRED:            3
 INTERMEDIATE PRINTOUT:                   YES
 ESTIMATE OUTPUT TO MSF:                  NO
 IND. OBJ. FUNC. VALUES SORTED:           NO
 NUMERICAL DERIVATIVE
       FILE REQUEST (NUMDER):               NONE
 MAP (ETAHAT) ESTIMATION METHOD (OPTMAP):   0
 ETA HESSIAN EVALUATION METHOD (ETADER):    0
 INITIAL ETA FOR MAP ESTIMATION (MCETA):    0
 SIGDIGITS FOR MAP ESTIMATION (SIGLO):      100
 GRADIENT SIGDIGITS OF
       FIXED EFFECTS PARAMETERS (SIGL):     100
 NOPRIOR SETTING (NOPRIOR):                 OFF
 NOCOV SETTING (NOCOV):                     OFF
 DERCONT SETTING (DERCONT):                 OFF
 FINAL ETA RE-EVALUATION (FNLETA):          ON
 EXCLUDE NON-INFLUENTIAL (NON-INFL.) ETAS
       IN SHRINKAGE (ETASTYPE):             NO
 NON-INFL. ETA CORRECTION (NONINFETA):      OFF
 RAW OUTPUT FILE (FILE): run105_nids_9_s1d_c1.ext
 EXCLUDE TITLE (NOTITLE):                   NO
 EXCLUDE COLUMN LABELS (NOLABEL):           NO
 FORMAT FOR ADDITIONAL FILES (FORMAT):      S1PE12.5
 PARAMETER ORDER FOR OUTPUTS (ORDER):       TSOL
 WISHART PRIOR DF INTERPRETATION (WISHTYPE):0
 KNUTHSUMOFF:                               0
 INCLUDE LNTWOPI:                           NO
 INCLUDE CONSTANT TERM TO PRIOR (PRIORC):   NO
 INCLUDE CONSTANT TERM TO OMEGA (ETA) (OLNTWOPI):NO
 EM OR BAYESIAN METHOD USED:                MCMC BAYESIAN (BAYES)
 MU MODELING PATTERN (MUM):
 GRADIENT/GIBBS PATTERN (GRD):
 AUTOMATIC SETTING FEATURE (AUTO):          OFF
 CONVERGENCE TYPE (CTYPE):                  3
 KEEP ITERATIONS (THIN):            1
 CONVERGENCE INTERVAL (CINTERVAL):          20
 CONVERGENCE ITERATIONS (CITER):            10
 CONVERGENCE ALPHA ERROR (CALPHA):          5.000000000000000E-02
 BURN-IN ITERATIONS (NBURN):                4000
 ITERATIONS (NITER):                        10000
 ANEAL SETTING (CONSTRAIN):                 1
 STARTING SEED FOR MC METHODS (SEED):       56664
 MC SAMPLES PER SUBJECT (ISAMPLE):          1
 RANDOM SAMPLING METHOD (RANMETHOD):        3U
 PROPOSAL DENSITY SCALING RANGE
              (ISCALE_MIN, ISCALE_MAX):     1.000000000000000E-06   ,1000000.00000000
 SAMPLE ACCEPTANCE RATE (IACCEPT):          0.400000000000000
 METROPOLIS HASTINGS SAMPLING FOR INDIVIDUAL ETAS:
 SAMPLES FOR GLOBAL SEARCH KERNEL (ISAMPLE_M1):          2
 SAMPLES FOR NEIGHBOR SEARCH KERNEL (ISAMPLE_M1A):       0
 SAMPLES FOR MASS/IMP/POST. MATRIX SEARCH (ISAMPLE_M1B): 2
 SAMPLES FOR LOCAL SEARCH KERNEL (ISAMPLE_M2):           2
 SAMPLES FOR LOCAL UNIVARIATE KERNEL (ISAMPLE_M3):       2
 PWR. WT. MASS/IMP/POST MATRIX ACCUM. FOR ETAS (IKAPPA): 1.00000000000000
 MASS/IMP./POST. MATRIX REFRESH SETTING (MASSREST):      -1
 METROPOLIS HASTINGS POPULATION SAMPLING FOR NON-GIBBS
 SAMPLED THETAS AND SIGMAS:
 PROPOSAL DENSITY SCALING RANGE
              (PSCALE_MIN, PSCALE_MAX):   1.000000000000000E-02   ,1000.00000000000
 SAMPLE ACCEPTANCE RATE (PACCEPT):                       0.500000000000000
 SAMPLES FOR GLOBAL SEARCH KERNEL (PSAMPLE_M1):          1
 SAMPLES FOR LOCAL SEARCH KERNEL (PSAMPLE_M2):           -1
 SAMPLES FOR LOCAL UNIVARIATE KERNEL (PSAMPLE_M3):       1
 METROPOLIS HASTINGS POPULATION SAMPLING FOR NON-GIBBS
 SAMPLED OMEGAS:
 SAMPLE ACCEPTANCE RATE (OACCEPT):                       0.500000000000000
 SAMPLES FOR GLOBAL SEARCH KERNEL (OSAMPLE_M1):          -1
 SAMPLES FOR LOCAL SEARCH KERNEL (OSAMPLE_M2):           -1
 SAMPLES FOR LOCAL UNIVARIATE SEARCH KERNEL (OSAMPLE_M3):0
 DEG. FR. FOR T DIST.  PRIOR FOR THETAS (TTDF):        0.00000000000000
 DEG. FR. FOR LKJ CORRELATION PRIOR FOR OMEGAS (OLKJDF): 0.00000000000000
 WEIGHT FACTOR FOR STD PRIOR FOR OMEGAS (OVARF): 1.00000000000000
 DEG. FR. FOR LKJ CORRELATION PRIOR FOR SIGMAS (SLKJDF): 0.00000000000000
 WEIGHT FACTOR FOR STD PRIOR FOR SIGMAS (SVARF): 1.00000000000000


 THE FOLLOWING LABELS ARE EQUIVALENT
 PRED=PREDI
 RES=RESI
 WRES=WRESI
 IWRS=IWRESI
 IPRD=IPREDI
 IRS=IRESI

 EM/BAYES SETUP:
 THETAS THAT ARE MU MODELED:
   1   2
 THETAS THAT ARE GIBBS SAMPLED:
   1   2
 THETAS THAT ARE METROPOLIS-HASTINGS SAMPLED:
 
 SIGMAS THAT ARE GIBBS SAMPLED:
   1
 SIGMAS THAT ARE METROPOLIS-HASTINGS SAMPLED:
 
 OMEGAS ARE GIBBS SAMPLED

 MONITORING OF SEARCH:

 Burn-in Mode
 iteration        -4000 MCMCOBJ=    3130597.7932317620     
 iteration        -3980 MCMCOBJ=    171.23972381709862     
 iteration        -3960 MCMCOBJ=    162.04967298959187     
 iteration        -3940 MCMCOBJ=    62.014499943880658     
 iteration        -3920 MCMCOBJ=    55.814399108504325     
 iteration        -3900 MCMCOBJ=    25.914072298351922     
 iteration        -3880 MCMCOBJ=    52.879726443515224     
 iteration        -3860 MCMCOBJ=    20.192190782170773     
 iteration        -3840 MCMCOBJ=    31.469389799296511     
 iteration        -3820 MCMCOBJ=    41.897362451364295     
 iteration        -3800 MCMCOBJ=    38.987555408971978     
 iteration        -3780 MCMCOBJ=    41.670903832452304     
 Convergence achieved
 Sampling Mode
 iteration            0 MCMCOBJ=    33.485341292390565     
 iteration           20 MCMCOBJ=    21.037649882618549     
 iteration           40 MCMCOBJ=   -17.886891279695796     
 iteration           60 MCMCOBJ=   -58.985445220932455     
 iteration           80 MCMCOBJ=   -50.203998964839464     
 iteration          100 MCMCOBJ=   -60.961338775043274     
 iteration          120 MCMCOBJ=   -37.092664893813300     
 iteration          140 MCMCOBJ=   -9.3943317200279015     
 iteration          160 MCMCOBJ=    28.382304411829573     
 iteration          180 MCMCOBJ=    32.021021859066437     
 iteration          200 MCMCOBJ=   -6.9112278263599753     
 iteration          220 MCMCOBJ=    47.590748949677931     
 iteration          240 MCMCOBJ=    37.547363137883842     
 iteration          260 MCMCOBJ=    41.845118348279513     
 iteration          280 MCMCOBJ=    25.767808199397127     
 iteration          300 MCMCOBJ=    48.542962687617411     
 iteration          320 MCMCOBJ=    26.443576619495538     
 iteration          340 MCMCOBJ=    12.403807790833580     
 iteration          360 MCMCOBJ=    30.946078710168361     
 iteration          380 MCMCOBJ=    37.457982966734178     
 iteration          400 MCMCOBJ=    31.743184922001909     
 iteration          420 MCMCOBJ=   -28.140149908678787     
 iteration          440 MCMCOBJ=   -35.440677078292154     
 iteration          460 MCMCOBJ=   -10.350878943633694     
 iteration          480 MCMCOBJ=   -35.650219081402540     
 iteration          500 MCMCOBJ=   -24.959715929940828     
 iteration          520 MCMCOBJ=   -26.113107290417975     
 iteration          540 MCMCOBJ=   -60.736261709421811     
 iteration          560 MCMCOBJ=   -20.348775372235025     
 iteration          580 MCMCOBJ=   -14.626984550784378     
 iteration          600 MCMCOBJ=   -23.739126203386739     
 iteration          620 MCMCOBJ=    8.2428305245861786     
 iteration          640 MCMCOBJ=   -33.853497855899072     
 iteration          660 MCMCOBJ=   -9.5000693662823625     
 iteration          680 MCMCOBJ=   -26.288090365734895     
 iteration          700 MCMCOBJ=   -24.608444689333261     
 iteration          720 MCMCOBJ=   -23.814788221627218     
 iteration          740 MCMCOBJ=   -29.528139288736241     
 iteration          760 MCMCOBJ=   -25.585614171839829     
 iteration          780 MCMCOBJ=   -11.753913551843647     
 iteration          800 MCMCOBJ=   -9.9286956881509010     
 iteration          820 MCMCOBJ=    19.487529134503571     
 iteration          840 MCMCOBJ=   -25.592695255641956     
 iteration          860 MCMCOBJ=   -4.5999708569286160     
 iteration          880 MCMCOBJ=    29.047715275159472     
 iteration          900 MCMCOBJ=    1.6281545563052464     
 iteration          920 MCMCOBJ=   -34.295556484044283     
 iteration          940 MCMCOBJ=  -0.46503140029466750     
 iteration          960 MCMCOBJ=    16.014989987291980     
 iteration          980 MCMCOBJ=    14.543828592098768     
 iteration         1000 MCMCOBJ=    19.887249388787190     
 iteration         1020 MCMCOBJ=  -0.25671662352824826     
 iteration         1040 MCMCOBJ=   -1.4819631873418284     
 iteration         1060 MCMCOBJ=    21.418879092542589     
 iteration         1080 MCMCOBJ=    52.140363748436108     
 iteration         1100 MCMCOBJ=    50.008344393175470     
 iteration         1120 MCMCOBJ=    41.937751047807886     
 iteration         1140 MCMCOBJ=    34.129527991175365     
 iteration         1160 MCMCOBJ=    17.023340539247471     
 iteration         1180 MCMCOBJ=    33.534544414241182     
 iteration         1200 MCMCOBJ=    58.104644975386215     
 iteration         1220 MCMCOBJ=    35.331414371127693     
 iteration         1240 MCMCOBJ=    18.588338462000941     
 iteration         1260 MCMCOBJ=  -0.43770052363459616     
 iteration         1280 MCMCOBJ=    5.9106796326927080     
 iteration         1300 MCMCOBJ=    33.024274923509005     
 iteration         1320 MCMCOBJ=    5.6069081793059778     
 iteration         1340 MCMCOBJ=    52.311217685953423     
 iteration         1360 MCMCOBJ=   -4.6138391207754834     
 iteration         1380 MCMCOBJ=    5.9690854007296859E-002
 iteration         1400 MCMCOBJ=   -33.354700578122738     
 iteration         1420 MCMCOBJ=   -43.717056814427636     
 iteration         1440 MCMCOBJ=   -17.611354488959179     
 iteration         1460 MCMCOBJ=   -2.3364606248294018     
 iteration         1480 MCMCOBJ=    20.012578490186598     
 iteration         1500 MCMCOBJ=   -14.636786026987577     
 iteration         1520 MCMCOBJ=   -19.298510157197573     
 iteration         1540 MCMCOBJ=   -37.247089959557123     
 iteration         1560 MCMCOBJ=   -55.080635668748087     
 iteration         1580 MCMCOBJ=   -95.209570686797733     
 iteration         1600 MCMCOBJ=   -24.497389617335177     
 iteration         1620 MCMCOBJ=   -3.6926857919999363     
 iteration         1640 MCMCOBJ=   -8.9301713461728411     
 iteration         1660 MCMCOBJ=    14.230166062519476     
 iteration         1680 MCMCOBJ=    35.466269228621918     
 iteration         1700 MCMCOBJ=    25.424078418748980     
 iteration         1720 MCMCOBJ=    29.040554419614164     
 iteration         1740 MCMCOBJ=    18.774672737629370     
 iteration         1760 MCMCOBJ=   -32.616233275532146     
 iteration         1780 MCMCOBJ=   -23.945197120590691     
 iteration         1800 MCMCOBJ=   -19.963128699534799     
 iteration         1820 MCMCOBJ=   -41.864651532847098     
 iteration         1840 MCMCOBJ=   -19.924129529286137     
 iteration         1860 MCMCOBJ=    6.4183740807908407     
 iteration         1880 MCMCOBJ=    14.870110742510791     
 iteration         1900 MCMCOBJ=    36.884494870048030     
 iteration         1920 MCMCOBJ=    38.647708957473164     
 iteration         1940 MCMCOBJ=    24.646808754843185     
 iteration         1960 MCMCOBJ=    30.683250042402815     
 iteration         1980 MCMCOBJ=   -17.674816357546991     
 iteration         2000 MCMCOBJ=    4.6618186247614739     
 iteration         2020 MCMCOBJ=    30.083827965618624     
 iteration         2040 MCMCOBJ=    32.094464313167038     
 iteration         2060 MCMCOBJ=    43.614999597674398     
 iteration         2080 MCMCOBJ=    40.782458297981456     
 iteration         2100 MCMCOBJ=    59.569566997509476     
 iteration         2120 MCMCOBJ=    39.813979379733652     
 iteration         2140 MCMCOBJ=    33.498971656183230     
 iteration         2160 MCMCOBJ=    56.405321745319824     
 iteration         2180 MCMCOBJ=    15.483690148172832     
 iteration         2200 MCMCOBJ=    18.419168136811333     
 iteration         2220 MCMCOBJ=    45.877258595342091     
 iteration         2240 MCMCOBJ=    40.826482118755067     
 iteration         2260 MCMCOBJ=    48.601360714144363     
 iteration         2280 MCMCOBJ=    54.106901217115876     
 iteration         2300 MCMCOBJ=    30.603335009344139     
 iteration         2320 MCMCOBJ=    46.762084522807122     
 iteration         2340 MCMCOBJ=    33.955283519858490     
 iteration         2360 MCMCOBJ=    57.058053543693433     
 iteration         2380 MCMCOBJ=    33.825859698549607     
 iteration         2400 MCMCOBJ=    42.887546595872820     
 iteration         2420 MCMCOBJ=    23.464729223588417     
 iteration         2440 MCMCOBJ=    16.147203032232131     
 iteration         2460 MCMCOBJ=    65.941773567006891     
 iteration         2480 MCMCOBJ=    36.591616809305705     
 iteration         2500 MCMCOBJ=    31.724907374542632     
 iteration         2520 MCMCOBJ=    46.024902291142354     
 iteration         2540 MCMCOBJ=    47.651436196174956     
 iteration         2560 MCMCOBJ=    55.981771369266411     
 iteration         2580 MCMCOBJ=    32.632313256597996     
 iteration         2600 MCMCOBJ=    29.395566698161435     
 iteration         2620 MCMCOBJ=    45.520298884360351     
 iteration         2640 MCMCOBJ=    47.148526943906745     
 iteration         2660 MCMCOBJ=    24.007563265819467     
 iteration         2680 MCMCOBJ=    32.191787412602935     
 iteration         2700 MCMCOBJ=    46.325457683048619     
 iteration         2720 MCMCOBJ=   -32.410052430063445     
 iteration         2740 MCMCOBJ=   -37.009802171935476     
 iteration         2760 MCMCOBJ=   -27.032489080285199     
 iteration         2780 MCMCOBJ=   -7.0261953670246706     
 iteration         2800 MCMCOBJ=    23.592826759269744     
 iteration         2820 MCMCOBJ=   -33.836405123060317     
 iteration         2840 MCMCOBJ=   -44.667362157790109     
 iteration         2860 MCMCOBJ=   -36.031945409553444     
 iteration         2880 MCMCOBJ=   -76.415214031511368     
 iteration         2900 MCMCOBJ=   -82.670599211479427     
 iteration         2920 MCMCOBJ=   -52.381499806553137     
 iteration         2940 MCMCOBJ=   -33.827327984176300     
 iteration         2960 MCMCOBJ=   -20.254416781286629     
 iteration         2980 MCMCOBJ=   -12.891405648631936     
 iteration         3000 MCMCOBJ=    38.857191768565457     
 iteration         3020 MCMCOBJ=    55.031643175216423     
 iteration         3040 MCMCOBJ=    36.231405121656202     
 iteration         3060 MCMCOBJ=    36.998610071321785     
 iteration         3080 MCMCOBJ=    55.539511449053180     
 iteration         3100 MCMCOBJ=    48.733642043839652     
 iteration         3120 MCMCOBJ=    62.709173008337196     
 iteration         3140 MCMCOBJ=    65.567261587781459     
 iteration         3160 MCMCOBJ=    40.893940331983337     
 iteration         3180 MCMCOBJ=    24.804908900627865     
 iteration         3200 MCMCOBJ=    4.3701505962655753     
 iteration         3220 MCMCOBJ=    28.268688965241971     
 iteration         3240 MCMCOBJ=    19.877441788628712     
 iteration         3260 MCMCOBJ=    26.126192118955270     
 iteration         3280 MCMCOBJ=    38.466461010417184     
 iteration         3300 MCMCOBJ=  -0.22476800090721574     
 iteration         3320 MCMCOBJ=   -23.979951178789964     
 iteration         3340 MCMCOBJ=   -45.341617622061484     
 iteration         3360 MCMCOBJ=   -68.196217990970510     
 iteration         3380 MCMCOBJ=   -87.884181076956139     
 iteration         3400 MCMCOBJ=   -71.359834232244623     
 iteration         3420 MCMCOBJ=   -85.061449911811977     
 iteration         3440 MCMCOBJ=   -66.190195584632804     
 iteration         3460 MCMCOBJ=   -63.316813995595233     
 iteration         3480 MCMCOBJ=   -52.487821879663983     
 iteration         3500 MCMCOBJ=   -22.393914215299116     
 iteration         3520 MCMCOBJ=    5.6436821041985326     
 iteration         3540 MCMCOBJ=    22.928174682033731     
 iteration         3560 MCMCOBJ=    26.087070552245869     
 iteration         3580 MCMCOBJ=    43.264514314664687     
 iteration         3600 MCMCOBJ=   -1.9155270384436360     
 iteration         3620 MCMCOBJ=   -29.762754179475312     
 iteration         3640 MCMCOBJ=   -48.803926317808958     
 iteration         3660 MCMCOBJ=   -77.380552184944079     
 iteration         3680 MCMCOBJ=   -109.90484502824178     
 iteration         3700 MCMCOBJ=   -76.625577470711917     
 iteration         3720 MCMCOBJ=   -119.50479443926069     
 iteration         3740 MCMCOBJ=   -163.31469206208038     
 iteration         3760 MCMCOBJ=   -162.20140122458895     
 iteration         3780 MCMCOBJ=   -113.28870367763551     
 iteration         3800 MCMCOBJ=   -131.70501887826592     
 iteration         3820 MCMCOBJ=   -158.23589265140743     
 iteration         3840 MCMCOBJ=   -186.62558819175013     
 iteration         3860 MCMCOBJ=   -186.04650411978056     
 iteration         3880 MCMCOBJ=   -146.61338185381410     
 iteration         3900 MCMCOBJ=   -153.83380068788409     
 iteration         3920 MCMCOBJ=   -177.63518441693074     
 iteration         3940 MCMCOBJ=   -180.07655726511513     
 iteration         3960 MCMCOBJ=   -208.53969509241693     
 iteration         3980 MCMCOBJ=   -228.11790184315620     
 iteration         4000 MCMCOBJ=   -193.62586159141935     
 iteration         4020 MCMCOBJ=   -180.20982198982088     
 iteration         4040 MCMCOBJ=   -195.67575863003836     
 iteration         4060 MCMCOBJ=   -150.04657475412691     
 iteration         4080 MCMCOBJ=   -166.58281023444425     
 iteration         4100 MCMCOBJ=   -206.44615026484192     
 iteration         4120 MCMCOBJ=   -184.19883987269620     
 iteration         4140 MCMCOBJ=   -185.12165196061224     
 iteration         4160 MCMCOBJ=   -221.18604251142273     
 iteration         4180 MCMCOBJ=   -181.05593175682017     
 iteration         4200 MCMCOBJ=   -163.00011129382128     
 iteration         4220 MCMCOBJ=   -138.71438339476921     
 iteration         4240 MCMCOBJ=   -108.64949157177733     
 iteration         4260 MCMCOBJ=   -142.02971381056540     
 iteration         4280 MCMCOBJ=   -121.66847521007050     
 iteration         4300 MCMCOBJ=   -49.274642381270560     
 iteration         4320 MCMCOBJ=   -66.731863251254396     
 iteration         4340 MCMCOBJ=   -2.8598285005883071     
 iteration         4360 MCMCOBJ=   -52.619457829176483     
 iteration         4380 MCMCOBJ=   -54.793686672393605     
 iteration         4400 MCMCOBJ=   -107.77513103509358     
 iteration         4420 MCMCOBJ=   -113.39007589483148     
 iteration         4440 MCMCOBJ=   -37.812542541889144     
 iteration         4460 MCMCOBJ=   -42.016692877109321     
 iteration         4480 MCMCOBJ=   -31.693890182646193     
 iteration         4500 MCMCOBJ=   -30.185153197635227     
 iteration         4520 MCMCOBJ=   -27.957002610990468     
 iteration         4540 MCMCOBJ=   -10.700920466233327     
 iteration         4560 MCMCOBJ=   -21.152750012861055     
 iteration         4580 MCMCOBJ=    6.2526366150153647     
 iteration         4600 MCMCOBJ=    32.681645019651675     
 iteration         4620 MCMCOBJ=    5.3069081628128538     
 iteration         4640 MCMCOBJ=    14.285876170390877     
 iteration         4660 MCMCOBJ=    45.376708413791029     
 iteration         4680 MCMCOBJ=    54.203367845633579     
 iteration         4700 MCMCOBJ=    39.942175950248711     
 iteration         4720 MCMCOBJ=    26.392172959792774     
 iteration         4740 MCMCOBJ=    26.463030354009703     
 iteration         4760 MCMCOBJ=   -69.205393667501454     
 iteration         4780 MCMCOBJ=   -55.878166885962720     
 iteration         4800 MCMCOBJ=    5.7897995461246765     
 iteration         4820 MCMCOBJ=   -6.7651181644823799     
 iteration         4840 MCMCOBJ=    15.990000575188796     
 iteration         4860 MCMCOBJ=   0.72939687762227090     
 iteration         4880 MCMCOBJ=    64.609433483209202     
 iteration         4900 MCMCOBJ=    54.304638079221512     
 iteration         4920 MCMCOBJ=    18.946549154849880     
 iteration         4940 MCMCOBJ=    44.982268097085459     
 iteration         4960 MCMCOBJ=    26.373606579309850     
 iteration         4980 MCMCOBJ=   -9.2746774345783329     
 iteration         5000 MCMCOBJ=    16.748214019424946     
 iteration         5020 MCMCOBJ=   -21.777780590330227     
 iteration         5040 MCMCOBJ=   -20.429278784939843     
 iteration         5060 MCMCOBJ=   -38.258388827896603     
 iteration         5080 MCMCOBJ=   -63.359690724370417     
 iteration         5100 MCMCOBJ=   -79.052551992527782     
 iteration         5120 MCMCOBJ=   -23.687825001849575     
 iteration         5140 MCMCOBJ=   -43.205441104961849     
 iteration         5160 MCMCOBJ=   -90.223329110405430     
 iteration         5180 MCMCOBJ=   -109.38567869643092     
 iteration         5200 MCMCOBJ=   -116.72470831588581     
 iteration         5220 MCMCOBJ=   -113.13300111109029     
 iteration         5240 MCMCOBJ=   -88.400290589649430     
 iteration         5260 MCMCOBJ=   -57.959920509436238     
 iteration         5280 MCMCOBJ=   -26.747232062759419     
 iteration         5300 MCMCOBJ=    32.380680735169037     
 iteration         5320 MCMCOBJ=   -23.370671685056436     
 iteration         5340 MCMCOBJ=   -11.208350124818050     
 iteration         5360 MCMCOBJ=   -29.697403035509549     
 iteration         5380 MCMCOBJ=   -45.170595338895083     
 iteration         5400 MCMCOBJ=   -55.248596204722965     
 iteration         5420 MCMCOBJ=   -52.311681007513769     
 iteration         5440 MCMCOBJ=   -80.695051917428245     
 iteration         5460 MCMCOBJ=   -69.920291282206946     
 iteration         5480 MCMCOBJ=   -36.885010844106247     
 iteration         5500 MCMCOBJ=   -63.783716904363580     
 iteration         5520 MCMCOBJ=   -80.438617310620458     
 iteration         5540 MCMCOBJ=   -52.244042174920580     
 iteration         5560 MCMCOBJ=   -51.629963669080354     
 iteration         5580 MCMCOBJ=   -66.035122724092645     
 iteration         5600 MCMCOBJ=   -38.076551419409640     
 iteration         5620 MCMCOBJ=   -47.251051471999112     
 iteration         5640 MCMCOBJ=   -31.310563031600200     
 iteration         5660 MCMCOBJ=   -8.2376295123717753     
 iteration         5680 MCMCOBJ=   -7.0532828194230897     
 iteration         5700 MCMCOBJ=   -8.0309395812096405     
 iteration         5720 MCMCOBJ=   -2.7731801397032014     
 iteration         5740 MCMCOBJ=   -14.684387569658817     
 iteration         5760 MCMCOBJ=    5.4345921742256467     
 iteration         5780 MCMCOBJ=    37.291134537964240     
 iteration         5800 MCMCOBJ=    29.921016415254474     
 iteration         5820 MCMCOBJ=    13.815888675000085     
 iteration         5840 MCMCOBJ=    19.323755857103688     
 iteration         5860 MCMCOBJ=    43.856857109972680     
 iteration         5880 MCMCOBJ=    37.879692128304967     
 iteration         5900 MCMCOBJ=    55.366920564117045     
 iteration         5920 MCMCOBJ=    8.7167282562987047     
 iteration         5940 MCMCOBJ=    1.9787734721262331     
 iteration         5960 MCMCOBJ=    15.191096043558106     
 iteration         5980 MCMCOBJ=    8.3414579435138609     
 iteration         6000 MCMCOBJ=    26.337604635217001     
 iteration         6020 MCMCOBJ=    23.585540687898007     
 iteration         6040 MCMCOBJ=    22.961224309164372     
 iteration         6060 MCMCOBJ=    11.046696397818810     
 iteration         6080 MCMCOBJ=    38.766749592090854     
 iteration         6100 MCMCOBJ=    62.989142981828323     
 iteration         6120 MCMCOBJ=    15.705440299484964     
 iteration         6140 MCMCOBJ=    38.329667392167764     
 iteration         6160 MCMCOBJ=    35.294429625052288     
 iteration         6180 MCMCOBJ=    33.244556946828034     
 iteration         6200 MCMCOBJ=   -27.887551047532487     
 iteration         6220 MCMCOBJ=    9.9942235345798611     
 iteration         6240 MCMCOBJ=   -41.682388230808115     
 iteration         6260 MCMCOBJ=   -31.017713528611949     
 iteration         6280 MCMCOBJ=    38.288018760786990     
 iteration         6300 MCMCOBJ=    49.882874571152591     
 iteration         6320 MCMCOBJ=    52.394737354441844     
 iteration         6340 MCMCOBJ=    14.631941364271643     
 iteration         6360 MCMCOBJ=    54.890392365610161     
 iteration         6380 MCMCOBJ=    3.2201662011970997     
 iteration         6400 MCMCOBJ=   -29.259775092822935     
 iteration         6420 MCMCOBJ=   -18.225374496521432     
 iteration         6440 MCMCOBJ=   -10.649830213792470     
 iteration         6460 MCMCOBJ=   -20.160948772757692     
 iteration         6480 MCMCOBJ=   -78.753974447458802     
 iteration         6500 MCMCOBJ=   -90.920870662255595     
 iteration         6520 MCMCOBJ=   -110.15226082778399     
 iteration         6540 MCMCOBJ=   -147.96788158343136     
 iteration         6560 MCMCOBJ=   -111.40678783135171     
 iteration         6580 MCMCOBJ=   -62.100365524605884     
 iteration         6600 MCMCOBJ=   -85.281061588391097     
 iteration         6620 MCMCOBJ=   -69.977353104787994     
 iteration         6640 MCMCOBJ=   -58.335053614514841     
 iteration         6660 MCMCOBJ=   -59.339136538303002     
 iteration         6680 MCMCOBJ=   -70.246762529570447     
 iteration         6700 MCMCOBJ=   -59.889884138745124     
 iteration         6720 MCMCOBJ=   -97.488860879618287     
 iteration         6740 MCMCOBJ=   -69.498562016590654     
 iteration         6760 MCMCOBJ=   -65.083173177962820     
 iteration         6780 MCMCOBJ=   -109.78225847004433     
 iteration         6800 MCMCOBJ=   -149.82190676178067     
 iteration         6820 MCMCOBJ=   -115.90360807745937     
 iteration         6840 MCMCOBJ=   -125.85176504548859     
 iteration         6860 MCMCOBJ=   -136.51126249191154     
 iteration         6880 MCMCOBJ=   -94.009239262649231     
 iteration         6900 MCMCOBJ=   -111.38442236225599     
 iteration         6920 MCMCOBJ=   -100.78288425078698     
 iteration         6940 MCMCOBJ=   -135.06708510275973     
 iteration         6960 MCMCOBJ=   -196.87929024712312     
 iteration         6980 MCMCOBJ=   -180.05981862861492     
 iteration         7000 MCMCOBJ=   -173.37282101572916     
 iteration         7020 MCMCOBJ=   -157.91685921318953     
 iteration         7040 MCMCOBJ=   -138.24371910922989     
 iteration         7060 MCMCOBJ=   -178.40450720823043     
 iteration         7080 MCMCOBJ=   -170.20603822263470     
 iteration         7100 MCMCOBJ=   -107.98178275775913     
 iteration         7120 MCMCOBJ=   -117.48197645470589     
 iteration         7140 MCMCOBJ=   -128.26140548719945     
 iteration         7160 MCMCOBJ=   -81.132272666085100     
 iteration         7180 MCMCOBJ=   -92.266331466527404     
 iteration         7200 MCMCOBJ=   -46.665171525321327     
 iteration         7220 MCMCOBJ=   -56.293991333035592     
 iteration         7240 MCMCOBJ=   -40.393345969813069     
 iteration         7260 MCMCOBJ=   -48.726715873088004     
 iteration         7280 MCMCOBJ=    3.0971554978598217     
 iteration         7300 MCMCOBJ=   -15.299588256649534     
 iteration         7320 MCMCOBJ=    5.0019945225750275     
 iteration         7340 MCMCOBJ=    12.390043646219755     
 iteration         7360 MCMCOBJ=    1.5440510013025976     
 iteration         7380 MCMCOBJ=  -0.24339479646874740     
 iteration         7400 MCMCOBJ=   -2.9634046839818633     
 iteration         7420 MCMCOBJ=    4.8933454456647789     
 iteration         7440 MCMCOBJ=    15.963974679069082     
 iteration         7460 MCMCOBJ=   -4.1431013730000439     
 iteration         7480 MCMCOBJ=    29.865803945284910     
 iteration         7500 MCMCOBJ=  -0.74056304290573760     
 iteration         7520 MCMCOBJ=    23.925760735988490     
 iteration         7540 MCMCOBJ=    3.8164132182510722     
 iteration         7560 MCMCOBJ=    35.554161935505377     
 iteration         7580 MCMCOBJ=    18.544336240956959     
 iteration         7600 MCMCOBJ=    30.909519318422774     
 iteration         7620 MCMCOBJ=    13.424313490048052     
 iteration         7640 MCMCOBJ=    45.753654590120846     
 iteration         7660 MCMCOBJ=    47.903726310283233     
 iteration         7680 MCMCOBJ=    31.852674755690654     
 iteration         7700 MCMCOBJ=    49.027282586730841     
 iteration         7720 MCMCOBJ=    48.477351041388410     
 iteration         7740 MCMCOBJ=    27.139278646597074     
 iteration         7760 MCMCOBJ=   -7.8925017409732341     
 iteration         7780 MCMCOBJ=   -40.809374960374136     
 iteration         7800 MCMCOBJ=   -59.439650372220441     
 iteration         7820 MCMCOBJ=   -38.504070080919078     
 iteration         7840 MCMCOBJ=   -29.396531593567143     
 iteration         7860 MCMCOBJ=   -22.711578324026789     
 iteration         7880 MCMCOBJ=   -64.846106003102463     
 iteration         7900 MCMCOBJ=   -39.466129252208667     
 iteration         7920 MCMCOBJ=   -20.862616917406662     
 iteration         7940 MCMCOBJ=   -25.540145342223330     
 iteration         7960 MCMCOBJ=   -63.872061840775871     
 iteration         7980 MCMCOBJ=   -52.834878601904855     
 iteration         8000 MCMCOBJ=   -54.546308941500371     
 iteration         8020 MCMCOBJ=   -56.819290777142385     
 iteration         8040 MCMCOBJ=   -85.824270135509892     
 iteration         8060 MCMCOBJ=   -122.83172836044426     
 iteration         8080 MCMCOBJ=   -124.27976776575728     
 iteration         8100 MCMCOBJ=   -139.87976229886823     
 iteration         8120 MCMCOBJ=   -123.35744987110958     
 iteration         8140 MCMCOBJ=   -111.78316045594393     
 iteration         8160 MCMCOBJ=   -111.46081176115510     
 iteration         8180 MCMCOBJ=   -73.404023617699778     
 iteration         8200 MCMCOBJ=   -30.563037271145866     
 iteration         8220 MCMCOBJ=   -52.412251263457158     
 iteration         8240 MCMCOBJ=   -70.018107652831873     
 iteration         8260 MCMCOBJ=   -44.298668628082424     
 iteration         8280 MCMCOBJ=   -18.576899754035768     
 iteration         8300 MCMCOBJ=   -31.084973922177603     
 iteration         8320 MCMCOBJ=   -22.474450992116921     
 iteration         8340 MCMCOBJ=   -44.858827211711024     
 iteration         8360 MCMCOBJ=   -15.053889628398339     
 iteration         8380 MCMCOBJ=   0.32641887266093755     
 iteration         8400 MCMCOBJ=    10.404846781225281     
 iteration         8420 MCMCOBJ=   -18.902103094935672     
 iteration         8440 MCMCOBJ=    29.882476165232905     
 iteration         8460 MCMCOBJ=    52.819808405312649     
 iteration         8480 MCMCOBJ=    49.585384553761813     
 iteration         8500 MCMCOBJ=    76.055158381284301     
 iteration         8520 MCMCOBJ=    18.700742171664647     
 iteration         8540 MCMCOBJ=    16.968006824888938     
 iteration         8560 MCMCOBJ=    34.997209040713322     
 iteration         8580 MCMCOBJ=    51.400680019666609     
 iteration         8600 MCMCOBJ=   -19.848127182096615     
 iteration         8620 MCMCOBJ=   -9.8878291096306921     
 iteration         8640 MCMCOBJ=    13.274634241568565     
 iteration         8660 MCMCOBJ=    9.6339507377135920     
 iteration         8680 MCMCOBJ=    52.740876213403745     
 iteration         8700 MCMCOBJ=    41.084143724370499     
 iteration         8720 MCMCOBJ=    14.656342515213911     
 iteration         8740 MCMCOBJ=    26.177687131657528     
 iteration         8760 MCMCOBJ=    20.173020064908219     
 iteration         8780 MCMCOBJ=   -16.001115193311588     
 iteration         8800 MCMCOBJ=    5.4660173250722481     
 iteration         8820 MCMCOBJ=   -25.846990760085706     
 iteration         8840 MCMCOBJ=   -13.605491697942687     
 iteration         8860 MCMCOBJ=    4.9049718929733013     
 iteration         8880 MCMCOBJ=   -43.248905339744908     
 iteration         8900 MCMCOBJ=   -13.302912014630527     
 iteration         8920 MCMCOBJ=   -62.193027650768627     
 iteration         8940 MCMCOBJ=   -64.041269805474045     
 iteration         8960 MCMCOBJ=   -62.096008273297819     
 iteration         8980 MCMCOBJ=   -41.282138902768715     
 iteration         9000 MCMCOBJ=   -14.823031383734650     
 iteration         9020 MCMCOBJ=    70.213856422588577     
 iteration         9040 MCMCOBJ=    33.836371907873165     
 iteration         9060 MCMCOBJ=    7.4361798871995770     
 iteration         9080 MCMCOBJ=   -14.614339214560390     
 iteration         9100 MCMCOBJ=   -35.613106116973441     
 iteration         9120 MCMCOBJ=   -19.019401243692680     
 iteration         9140 MCMCOBJ=   -31.670444519006178     
 iteration         9160 MCMCOBJ=   -13.525213700266251     
 iteration         9180 MCMCOBJ=   -7.3754831084493455     
 iteration         9200 MCMCOBJ=   -9.6018215226893666     
 iteration         9220 MCMCOBJ=    27.666618192052848     
 iteration         9240 MCMCOBJ=    31.231968272203311     
 iteration         9260 MCMCOBJ=    18.738970298071415     
 iteration         9280 MCMCOBJ=    8.9167878191183192     
 iteration         9300 MCMCOBJ=   -19.504637065860774     
 iteration         9320 MCMCOBJ=   -22.571475347147530     
 iteration         9340 MCMCOBJ=    51.312415726452009     
 iteration         9360 MCMCOBJ=    44.578160332212207     
 iteration         9380 MCMCOBJ=    30.921849433087850     
 iteration         9400 MCMCOBJ=    22.821153779566696     
 iteration         9420 MCMCOBJ=  -0.90622784313702853     
 iteration         9440 MCMCOBJ=    17.130538497356952     
 iteration         9460 MCMCOBJ=    15.585846587806568     
 iteration         9480 MCMCOBJ=    12.285812986088967     
 iteration         9500 MCMCOBJ=    45.338416971002658     
 iteration         9520 MCMCOBJ=    43.752167455774824     
 iteration         9540 MCMCOBJ=    25.807011592009797     
 iteration         9560 MCMCOBJ=    24.419679489538172     
 iteration         9580 MCMCOBJ=    43.427097289474609     
 iteration         9600 MCMCOBJ=    25.507261104112434     
 iteration         9620 MCMCOBJ=    16.967738245130381     
 iteration         9640 MCMCOBJ=    17.850229833627001     
 iteration         9660 MCMCOBJ=    3.5459908742890320     
 iteration         9680 MCMCOBJ=   -29.989353500450516     
 iteration         9700 MCMCOBJ=    18.993289027994020     
 iteration         9720 MCMCOBJ=   -2.5036854340895465     
 iteration         9740 MCMCOBJ=   -37.101649374768726     
 iteration         9760 MCMCOBJ=   -34.667618513304653     
 iteration         9780 MCMCOBJ=   -47.455625215997117     
 iteration         9800 MCMCOBJ=    11.564262736479249     
 iteration         9820 MCMCOBJ=    27.459124603210505     
 iteration         9840 MCMCOBJ=    29.459421661306969     
 iteration         9860 MCMCOBJ=    49.134386800239518     
 iteration         9880 MCMCOBJ=    19.382590766498485     
 iteration         9900 MCMCOBJ=    1.5227773328328325     
 iteration         9920 MCMCOBJ=    32.324278582197216     
 iteration         9940 MCMCOBJ=   0.54824730040064340     
 iteration         9960 MCMCOBJ=  -0.30368915113822148     
 iteration         9980 MCMCOBJ=   -51.952410393854692     
 iteration        10000 MCMCOBJ=   -31.158052245510103     
 BURN-IN WAS COMPLETED

 #TERM:
 STATISTICAL PORTION WAS COMPLETED
  
 TOTAL DATA POINTS NORMALLY DISTRIBUTED (N):           18
 N*LOG(2PI) CONSTANT TO OBJECTIVE FUNCTION:    33.081787195368214     
 OBJECTIVE FUNCTION VALUE WITHOUT CONSTANT:   -21.008846909532370     
 OBJECTIVE FUNCTION VALUE WITH CONSTANT:       12.072940285835845     
 REPORTED OBJECTIVE FUNCTION DOES NOT CONTAIN CONSTANT
  
 TOTAL EFFECTIVE ETAS (NIND*NETA):                            18
 NIND*NETA*LOG(2PI) CONSTANT TO OBJECTIVE FUNCTION:    33.081787195368214     
 OBJECTIVE FUNCTION VALUE WITHOUT CONSTANT:   -21.008846909532370     
 OBJECTIVE FUNCTION VALUE WITH CONSTANT:       12.072940285835845     
 REPORTED OBJECTIVE FUNCTION DOES NOT CONTAIN CONSTANT
  
 PRIOR CONSTANT TO OBJECTIVE FUNCTION:    30.823646298206345     
 OBJECTIVE FUNCTION VALUE WITHOUT CONSTANT:   -21.008846909532370     
 OBJECTIVE FUNCTION VALUE WITH CONSTANT:       9.8147993886739755     
 REPORTED OBJECTIVE FUNCTION DOES NOT CONTAIN CONSTANT
  
 #TERE:
 Elapsed estimation  time in seconds:    14.84
 Elapsed covariance  time in seconds:     0.00
1
 
 
 
 
 
 
 
 
 
 
 
 
 
 
 
 
 
 
 
 
 ************************************************************************************************************************
 ********************                                                                                ********************
 ********************                              MCMC BAYESIAN ANALYSIS                            ********************
 #OBJT:**************                       AVERAGE VALUE OF LIKELIHOOD FUNCTION                     ********************
 ********************                                                                                ********************
 ************************************************************************************************************************
 





 #OBJV:********************************************      -21.009       **************************************************
 #OBJS:********************************************       61.162 (STD) **************************************************
1
 ************************************************************************************************************************
 ********************                                                                                ********************
 ********************                              MCMC BAYESIAN ANALYSIS                            ********************
 ********************                             FINAL PARAMETER ESTIMATE                           ********************
 ********************                                                                                ********************
 ************************************************************************************************************************
 


 THETA - VECTOR OF FIXED EFFECTS PARAMETERS   *********


         THETA(CL) THETA(V) 
 
         3.59E+00  3.82E+01
 


 OMEGA - COV MATRIX FOR RANDOM EFFECTS - ETAS  ********


         ETA(CL)   ETA(V)   
 
 ETA(CL)
+        1.58E-01
 
 ETA(V)
+        3.59E-02  1.09E-01
 


 SIGMA - COV MATRIX FOR RANDOM EFFECTS - EPSILONS  ****


         EPS1     
 
 EPS1
+        8.16E-03
 
1


 OMEGA - CORR MATRIX FOR RANDOM EFFECTS - ETAS  *******


         ETA(CL)   ETA(V)   
 
 ETA(CL)
+        3.85E-01
 
 ETA(V)
+        2.58E-01  3.20E-01
 


 SIGMA - CORR MATRIX FOR RANDOM EFFECTS - EPSILONS  ***


         EPS1     
 
 EPS1
+        5.86E-02
 
1
 ************************************************************************************************************************
 ********************                                                                                ********************
 ********************                              MCMC BAYESIAN ANALYSIS                            ********************
 ********************                STANDARD ERROR OF ESTIMATE (From Sample Variance)               ********************
 ********************                                                                                ********************
 ************************************************************************************************************************
 


 THETA - VECTOR OF FIXED EFFECTS PARAMETERS   *********


         THETA(CL) THETA(V) 
 
         5.20E-01  4.55E+00
 


 OMEGA - COV MATRIX FOR RANDOM EFFECTS - ETAS  ********


         ETA(CL)   ETA(V)   
 
 ETA(CL)
+        9.18E-02
 
 ETA(V)
+        5.41E-02  6.36E-02
 


 SIGMA - COV MATRIX FOR RANDOM EFFECTS - EPSILONS  ****


         EPS1     
 
 EPS1
+        1.81E-02
 
1


 OMEGA - CORR MATRIX FOR RANDOM EFFECTS - ETAS  *******


         ETA(CL)   ETA(V)   
 
 ETA(CL)
+        1.01E-01
 
 ETA(V)
+        2.97E-01  8.29E-02
 


 SIGMA - CORR MATRIX FOR RANDOM EFFECTS - EPSILONS  ***


         EPS1     
 
 EPS1
+        6.88E-02
 
1
 ************************************************************************************************************************
 ********************                                                                                ********************
 ********************                              MCMC BAYESIAN ANALYSIS                            ********************
 ********************               COVARIANCE MATRIX OF ESTIMATE (From Sample Variance)             ********************
 ********************                                                                                ********************
 ************************************************************************************************************************
 

            TH 1      TH 2      OM11      OM12      OM22      SG11  
 
 TH 1
+        2.70E-01
 
 TH 2
+        4.77E-01  2.07E+01
 
 OM11
+       -5.27E-05  8.91E-03  8.42E-03
 
 OM12
+        8.98E-04  3.83E-05  1.93E-03  2.93E-03
 
 OM22
+        4.78E-06  1.52E-03  9.58E-04  1.38E-03  4.04E-03
 
 SG11
+       -1.56E-03  1.10E-02 -7.78E-05 -1.02E-04 -1.73E-06  3.27E-04
 
1
 ************************************************************************************************************************
 ********************                                                                                ********************
 ********************                              MCMC BAYESIAN ANALYSIS                            ********************
 ********************              CORRELATION MATRIX OF ESTIMATE (From Sample Variance)             ********************
 ********************                                                                                ********************
 ************************************************************************************************************************
 

            TH 1      TH 2      OM11      OM12      OM22      SG11  
 
 TH 1
+        5.20E-01
 
 TH 2
+        2.02E-01  4.55E+00
 
 OM11
+       -1.11E-03  2.13E-02  9.18E-02
 
 OM12
+        3.19E-02  1.55E-04  3.89E-01  5.41E-02
 
 OM22
+        1.45E-04  5.27E-03  1.64E-01  4.02E-01  6.36E-02
 
 SG11
+       -1.66E-01  1.34E-01 -4.69E-02 -1.04E-01 -1.51E-03  1.81E-02
 
1
 ************************************************************************************************************************
 ********************                                                                                ********************
 ********************                              MCMC BAYESIAN ANALYSIS                            ********************
 ********************           INVERSE COVARIANCE MATRIX OF ESTIMATE (From Sample Variance)         ********************
 ********************                                                                                ********************
 ************************************************************************************************************************
 

            TH 1      TH 2      OM11      OM12      OM22      SG11  
 
 TH 1
+        4.02E+00
 
 TH 2
+       -1.05E-01  5.19E-02
 
 OM11
+        5.26E-01 -7.73E-02  1.40E+02
 
 OM12
+       -9.04E-01  5.85E-03 -9.15E+01  4.72E+02
 
 OM22
+        2.29E-01 -4.09E-03 -1.93E+00 -1.40E+02  2.96E+02
 
 SG11
+        2.26E+01 -2.26E+00  9.98E+00  1.20E+02 -4.11E+01  3.28E+03
 
 Elapsed postprocess time in seconds:     0.00
 #CPUT: Total CPU Time in Seconds,        9.406
Stop Time: 
Tue 01/03/2017 
10:25 PM
