Tue 01/03/2017 
10:28 PM
$PROB one cmpt simple mu modeled bayes multidose nids: 56 scenario: s2d
;; based_on: run100
$SUB ADVAN1 TRANS2
$INPUT ID TIME DV OBSNUM CMT EVID AMT RATE ADDL II 
$DATA ..\..\mdata\simple_nocovar_56id_6tp_md.csv
IGNORE=@ 
IGNORE=(OBSNUM.EQN.2)
IGNORE=(OBSNUM.EQN.5)
IGNORE=(ID.GT.56)
$ABBR REPLACE THETA(CL, V) = THETA(1 to 2)
$ABBR REPLACE ETA(CL, V) = ETA(1 to 2)

$THETAI
THETA(1:NTHETA)=LOG(THETAI(1:NTHETA))
THETAP(1:NTHETAP)=LOG(THETAPI(1:NTHETAP))
$THETAR
THETAR(1:NTHETA)=EXP(THETA(1:NTHETA))
THETAPR(1:NTHETAP)=EXP(THETAP(1:NTHETAP))

$PRIOR NWPRI 

$PK
"USE NMBAYES_INT, ONLY: ITER_REPORT,BAYES_EXTRA_REQUEST,BAYES_EXTRA
; Request extra information for Bayesian analysis.
; An extra call will then be made for accepted samples
"BAYES_EXTRA_REQUEST=1

MU_1 = THETA(CL)
MU_2 = THETA(V)
CL = EXP(MU_1 + ETA(CL))
V = EXP(MU_2 + ETA(V))
S1 = V

"IF(BAYES_EXTRA==1 .AND. ITER_REPORT>=0 .AND. TIME==0.0) THEN
"WRITE(50,98) ITER_REPORT,ID,CL,V
"98 FORMAT(I12,1X,F14.0,4(1X,1PG12.5))
"ENDIF

$ERROR
IPRED=F
Y = IPRED*(1 + ERR(1))  

$THETA
(0.001, 2.5) ; TVCL
(0.001, 46) ; TVV

$OMEGA BLOCK(2)
0.1    ; nCL
0.1  0.1  ; nV

$SIGMA
0.03 ; PROP

; THETA PRIORS
$THETAP (2.5 FIX) (46 FIX) 

; THETA (uniformative) PRIORs
$THETAPV BLOCK(2)
10000 FIX
0.0 10000 

$OMEGAP BLOCK(2)
0.2 FIX
0 0.2

; degrees of freedom to prior omega matrix - low dof = highly uninformative
$OMEGAPD (2 FIX)

$EST METHOD=CHAIN FILE=..\run100.chn NSAMPLE=0 ISAMPLE=2 DF=20
$EST METHOD=BAYES INTER NBURN=4000 NITER=10000 PRINT=20 NOPRIOR=0 CTYPE=3 CITER=10 SEED=56664
  
NM-TRAN MESSAGES 
  
 WARNINGS AND ERRORS (IF ANY) FOR PROBLEM    1
             
 (WARNING  2) NM-TRAN INFERS THAT THE DATA ARE POPULATION.

 (MU_WARNING 20) MU_001: MU_ VARIABLE SHOULD NOT BE DEFINED AFTER VERBATIM CODE.
  
License Registered to: Devin Pastoor
Expiration Date:    14 NOV 2017
Current Date:        3 JAN 2017
Days until program expires : 311
1NONLINEAR MIXED EFFECTS MODEL PROGRAM (NONMEM) VERSION 7.4.0 alpha14 (nm74a14)
 ORIGINALLY DEVELOPED BY STUART BEAL, LEWIS SHEINER, AND ALISON BOECKMANN
 CURRENT DEVELOPERS ARE ROBERT BAUER, ICON DEVELOPMENT SOLUTIONS,
 AND ALISON BOECKMANN. IMPLEMENTATION, EFFICIENCY, AND STANDARDIZATION
 PERFORMED BY NOUS INFOSYSTEMS.

 PROBLEM NO.:         1
 one cmpt simple mu modeled bayes multidose nids: 56 scenario: s2d
0DATA CHECKOUT RUN:              NO
 DATA SET LOCATED ON UNIT NO.:    2
 THIS UNIT TO BE REWOUND:        NO
 NO. OF DATA RECS IN DATA SET:      280
 NO. OF DATA ITEMS IN DATA SET:  11
 ID DATA ITEM IS DATA ITEM NO.:   1
 DEP VARIABLE IS DATA ITEM NO.:   3
 MDV DATA ITEM IS DATA ITEM NO.: 11
0INDICES PASSED TO SUBROUTINE PRED:
   6   2   7   8   0  10   5   0   0   0   9
0LABELS FOR DATA ITEMS:
 ID TIME DV OBSNUM CMT EVID AMT RATE ADDL II MDV
0LABELS FOR THETAS
 THETA(1)=THETA(CL)
 THETA(2)=THETA(V)
0LABELS FOR ETAS
 ETA(1)=ETA(CL)
0LABELS FOR ETAS
 ETA(2)=ETA(V)
0FORMAT FOR DATA:
 (2E3.0,E17.0,3E2.0,2E5.0,E2.0,E3.0,1F2.0)

 TOT. NO. OF OBS RECS:      224
 TOT. NO. OF INDIVIDUALS:     56
0LENGTH OF THETA:   5
0DEFAULT THETA BOUNDARY TEST OMITTED:    NO
0OMEGA HAS BLOCK FORM:
  1
  1  1
  0  0  2
  0  0  2  2
  0  0  0  0  3
  0  0  0  0  3  3
0DEFAULT OMEGA BOUNDARY TEST OMITTED:    NO
0SIGMA HAS SIMPLE DIAGONAL FORM WITH DIMENSION:   1
0DEFAULT SIGMA BOUNDARY TEST OMITTED:    NO
0INITIAL ESTIMATE OF THETA:
 LOWER BOUND    INITIAL EST    UPPER BOUND
  0.1000E-02     0.2500E+01     0.1000E+07
  0.1000E-02     0.4600E+02     0.1000E+07
  0.2500E+01     0.2500E+01     0.2500E+01
  0.4600E+02     0.4600E+02     0.4600E+02
  0.2000E+01     0.2000E+01     0.2000E+01
0INITIAL ESTIMATE OF OMEGA:
 BLOCK SET NO.   BLOCK                                                                    FIXED
        1                                                                                   NO
 DIAGONAL SHIFT OF  1.1000E-07 WAS IMPOSED TO ENSURE POSITIVE DEFINITENESS
                  0.1000E+00
                  0.1000E+00   0.1000E+00
        2                                                                                  YES
                  0.1000E+05
                  0.0000E+00   0.1000E+05
        3                                                                                  YES
                  0.2000E+00
                  0.0000E+00   0.2000E+00
0INITIAL ESTIMATE OF SIGMA:
 0.3000E-01
0
 THETAI SUBROUTINE USER-SUPPLIED
 THETAR SUBROUTINE USER-SUPPLIED
 PRIOR SUBROUTINE USER-SUPPLIED
1DOUBLE PRECISION PREDPP VERSION 7.4.0 alpha14 (nm74a14)

 ONE COMPARTMENT MODEL (ADVAN1)
0MAXIMUM NO. OF BASIC PK PARAMETERS:   2
0BASIC PK PARAMETERS (AFTER TRANSLATION):
   ELIMINATION RATE (K) IS BASIC PK PARAMETER NO.:  1

 TRANSLATOR WILL CONVERT PARAMETERS
 CLEARANCE (CL) AND VOLUME (V) TO K (TRANS2)
0COMPARTMENT ATTRIBUTES
 COMPT. NO.   FUNCTION   INITIAL    ON/OFF      DOSE      DEFAULT    DEFAULT
                         STATUS     ALLOWED    ALLOWED    FOR DOSE   FOR OBS.
    1         CENTRAL      ON         NO         YES        YES        YES
    2         OUTPUT       OFF        YES        NO         NO         NO
1
 ADDITIONAL PK PARAMETERS - ASSIGNMENT OF ROWS IN GG
 COMPT. NO.                             INDICES
              SCALE      BIOAVAIL.   ZERO-ORDER  ZERO-ORDER  ABSORB
                         FRACTION    RATE        DURATION    LAG
    1            3           *           *           *           *
    2            *           -           -           -           -
             - PARAMETER IS NOT ALLOWED FOR THIS MODEL
             * PARAMETER IS NOT SUPPLIED BY PK SUBROUTINE;
               WILL DEFAULT TO ONE IF APPLICABLE
0DATA ITEM INDICES USED BY PRED ARE:
   EVENT ID DATA ITEM IS DATA ITEM NO.:      6
   TIME DATA ITEM IS DATA ITEM NO.:          2
   DOSE AMOUNT DATA ITEM IS DATA ITEM NO.:   7
   DOSE RATE DATA ITEM IS DATA ITEM NO.:     8
   INTERVAL DATA ITEM IS DATA ITEM NO.:     10
   ADDL. DOSES DATA ITEM IS DATA ITEM NO.:   9
   COMPT. NO. DATA ITEM IS DATA ITEM NO.:    5

0PK SUBROUTINE CALLED WITH EVERY EVENT RECORD.
 PK SUBROUTINE NOT CALLED AT NONEVENT (ADDITIONAL OR LAGGED) DOSE TIMES.
0ERROR SUBROUTINE CALLED WITH EVERY EVENT RECORD.
1


 #TBLN:      1
 #METH: Chain Method Processing

 RANDOM GENERATION TYPE (CTYPE):     0
 RANDOM GENERATION SEED (SEED):      11456
 RANDOM SAMPLE SELECTION (ISAMPLE):  2
 RANDOM SAMPLE RANGE END (ISAMPEND): -2147483647
 NUMBER OF RANDOM SAMPLES (NSAMPLE): 0
 UNIFORM FRACTIONAL RANGE (IACCEPT): 0.400000000000000
 RANDOM SELECTION TYPE (SELECT):     0
 DEG. FR. TO GENERATE OMEGAS (DF):   20
 DEG. FR. TO GENERATE SIGMAS (DFS):  -1
 CHAIN FILE (FILE):                  ..\run100.chn
 EXCL. TITLE IN CHAIN FILE (NOTITLE):NO
 EX. COL. LBS. IN CHAIN FL.(NOLABEL):NO
 FORMAT FOR CHAIN FILE (FORMAT):     S1PE12.5
 PAR. ORDER in CHAIN FILE (ORDER):   TSOL
 RANDOM SAMPLING METHOD (RANMETHOD):3U

 THE FOLLOWING LABELS ARE EQUIVALENT
 PRED=NPRED
 RES=NRES
 WRES=NWRES
 IWRS=NIWRES
 IPRD=NIPRED
 IRS=NIRES



 FROM SAMPLE 2 OF CHAIN FILE ..\run100.chn
 NEW INITIAL ESTIMATES OF THETA
  0.3533E+01
  0.1015E-01
 NEW INITIAL ESTIMATES OF OMEGA
  0.1302E+00
  0.1302E+00  0.1302E+00
 NEW INITIAL ESTIMATES OF SIGMA
  0.4169E-01
1


 #TBLN:      1
 #METH: MCMC Bayesian Analysis

 ESTIMATION STEP OMITTED:                 NO
 ANALYSIS TYPE:                           POPULATION
 NUMBER OF SADDLE POINT RESET ITERATIONS:      0
 GRADIENT METHOD USED:               NOSLOW
 CONDITIONAL ESTIMATES USED:              YES
 CENTERED ETA:                            NO
 EPS-ETA INTERACTION:                     YES
 LAPLACIAN OBJ. FUNC.:                    NO
 NO. OF FUNCT. EVALS. ALLOWED:            840
 NO. OF SIG. FIGURES REQUIRED:            3
 INTERMEDIATE PRINTOUT:                   YES
 ESTIMATE OUTPUT TO MSF:                  NO
 IND. OBJ. FUNC. VALUES SORTED:           NO
 NUMERICAL DERIVATIVE
       FILE REQUEST (NUMDER):               NONE
 MAP (ETAHAT) ESTIMATION METHOD (OPTMAP):   0
 ETA HESSIAN EVALUATION METHOD (ETADER):    0
 INITIAL ETA FOR MAP ESTIMATION (MCETA):    0
 SIGDIGITS FOR MAP ESTIMATION (SIGLO):      100
 GRADIENT SIGDIGITS OF
       FIXED EFFECTS PARAMETERS (SIGL):     100
 NOPRIOR SETTING (NOPRIOR):                 OFF
 NOCOV SETTING (NOCOV):                     OFF
 DERCONT SETTING (DERCONT):                 OFF
 FINAL ETA RE-EVALUATION (FNLETA):          ON
 EXCLUDE NON-INFLUENTIAL (NON-INFL.) ETAS
       IN SHRINKAGE (ETASTYPE):             NO
 NON-INFL. ETA CORRECTION (NONINFETA):      OFF
 RAW OUTPUT FILE (FILE): run119_nids_56_s2d_c2.ext
 EXCLUDE TITLE (NOTITLE):                   NO
 EXCLUDE COLUMN LABELS (NOLABEL):           NO
 FORMAT FOR ADDITIONAL FILES (FORMAT):      S1PE12.5
 PARAMETER ORDER FOR OUTPUTS (ORDER):       TSOL
 WISHART PRIOR DF INTERPRETATION (WISHTYPE):0
 KNUTHSUMOFF:                               0
 INCLUDE LNTWOPI:                           NO
 INCLUDE CONSTANT TERM TO PRIOR (PRIORC):   NO
 INCLUDE CONSTANT TERM TO OMEGA (ETA) (OLNTWOPI):NO
 EM OR BAYESIAN METHOD USED:                MCMC BAYESIAN (BAYES)
 MU MODELING PATTERN (MUM):
 GRADIENT/GIBBS PATTERN (GRD):
 AUTOMATIC SETTING FEATURE (AUTO):          OFF
 CONVERGENCE TYPE (CTYPE):                  3
 KEEP ITERATIONS (THIN):            1
 CONVERGENCE INTERVAL (CINTERVAL):          20
 CONVERGENCE ITERATIONS (CITER):            10
 CONVERGENCE ALPHA ERROR (CALPHA):          5.000000000000000E-02
 BURN-IN ITERATIONS (NBURN):                4000
 ITERATIONS (NITER):                        10000
 ANEAL SETTING (CONSTRAIN):                 1
 STARTING SEED FOR MC METHODS (SEED):       56664
 MC SAMPLES PER SUBJECT (ISAMPLE):          1
 RANDOM SAMPLING METHOD (RANMETHOD):        3U
 PROPOSAL DENSITY SCALING RANGE
              (ISCALE_MIN, ISCALE_MAX):     1.000000000000000E-06   ,1000000.00000000
 SAMPLE ACCEPTANCE RATE (IACCEPT):          0.400000000000000
 METROPOLIS HASTINGS SAMPLING FOR INDIVIDUAL ETAS:
 SAMPLES FOR GLOBAL SEARCH KERNEL (ISAMPLE_M1):          2
 SAMPLES FOR NEIGHBOR SEARCH KERNEL (ISAMPLE_M1A):       0
 SAMPLES FOR MASS/IMP/POST. MATRIX SEARCH (ISAMPLE_M1B): 2
 SAMPLES FOR LOCAL SEARCH KERNEL (ISAMPLE_M2):           2
 SAMPLES FOR LOCAL UNIVARIATE KERNEL (ISAMPLE_M3):       2
 PWR. WT. MASS/IMP/POST MATRIX ACCUM. FOR ETAS (IKAPPA): 1.00000000000000
 MASS/IMP./POST. MATRIX REFRESH SETTING (MASSREST):      -1
 METROPOLIS HASTINGS POPULATION SAMPLING FOR NON-GIBBS
 SAMPLED THETAS AND SIGMAS:
 PROPOSAL DENSITY SCALING RANGE
              (PSCALE_MIN, PSCALE_MAX):   1.000000000000000E-02   ,1000.00000000000
 SAMPLE ACCEPTANCE RATE (PACCEPT):                       0.500000000000000
 SAMPLES FOR GLOBAL SEARCH KERNEL (PSAMPLE_M1):          1
 SAMPLES FOR LOCAL SEARCH KERNEL (PSAMPLE_M2):           -1
 SAMPLES FOR LOCAL UNIVARIATE KERNEL (PSAMPLE_M3):       1
 METROPOLIS HASTINGS POPULATION SAMPLING FOR NON-GIBBS
 SAMPLED OMEGAS:
 SAMPLE ACCEPTANCE RATE (OACCEPT):                       0.500000000000000
 SAMPLES FOR GLOBAL SEARCH KERNEL (OSAMPLE_M1):          -1
 SAMPLES FOR LOCAL SEARCH KERNEL (OSAMPLE_M2):           -1
 SAMPLES FOR LOCAL UNIVARIATE SEARCH KERNEL (OSAMPLE_M3):0
 DEG. FR. FOR T DIST.  PRIOR FOR THETAS (TTDF):        0.00000000000000
 DEG. FR. FOR LKJ CORRELATION PRIOR FOR OMEGAS (OLKJDF): 0.00000000000000
 WEIGHT FACTOR FOR STD PRIOR FOR OMEGAS (OVARF): 1.00000000000000
 DEG. FR. FOR LKJ CORRELATION PRIOR FOR SIGMAS (SLKJDF): 0.00000000000000
 WEIGHT FACTOR FOR STD PRIOR FOR SIGMAS (SVARF): 1.00000000000000


 THE FOLLOWING LABELS ARE EQUIVALENT
 PRED=PREDI
 RES=RESI
 WRES=WRESI
 IWRS=IWRESI
 IPRD=IPREDI
 IRS=IRESI

 EM/BAYES SETUP:
 THETAS THAT ARE MU MODELED:
   1   2
 THETAS THAT ARE GIBBS SAMPLED:
   1   2
 THETAS THAT ARE METROPOLIS-HASTINGS SAMPLED:
 
 SIGMAS THAT ARE GIBBS SAMPLED:
   1
 SIGMAS THAT ARE METROPOLIS-HASTINGS SAMPLED:
 
 OMEGAS ARE GIBBS SAMPLED

 MONITORING OF SEARCH:

 Burn-in Mode
 iteration        -4000 MCMCOBJ=    2347892452.9903560     
 iteration        -3980 MCMCOBJ=    679.20249480420318     
 iteration        -3960 MCMCOBJ=    642.29015309947806     
 iteration        -3940 MCMCOBJ=    639.61255095386969     
 iteration        -3920 MCMCOBJ=    663.51349701416211     
 iteration        -3900 MCMCOBJ=    636.56910257392644     
 iteration        -3880 MCMCOBJ=    588.62588544419441     
 iteration        -3860 MCMCOBJ=    640.77892344233305     
 iteration        -3840 MCMCOBJ=    623.19136955126919     
 iteration        -3820 MCMCOBJ=    657.64732873103003     
 iteration        -3800 MCMCOBJ=    644.37715419729921     
 Convergence achieved
 Sampling Mode
 iteration            0 MCMCOBJ=    660.01620069330420     
 iteration           20 MCMCOBJ=    677.61656602403559     
 iteration           40 MCMCOBJ=    652.42785362449399     
 iteration           60 MCMCOBJ=    634.87917109079569     
 iteration           80 MCMCOBJ=    624.12050051082383     
 iteration          100 MCMCOBJ=    615.94875519170569     
 iteration          120 MCMCOBJ=    627.65152599078522     
 iteration          140 MCMCOBJ=    627.13560444464440     
 iteration          160 MCMCOBJ=    656.62728646559049     
 iteration          180 MCMCOBJ=    631.28189443047074     
 iteration          200 MCMCOBJ=    618.38773636585654     
 iteration          220 MCMCOBJ=    613.46330679020662     
 iteration          240 MCMCOBJ=    650.94314359592431     
 iteration          260 MCMCOBJ=    680.74504857290776     
 iteration          280 MCMCOBJ=    631.33740335713833     
 iteration          300 MCMCOBJ=    654.53150102059658     
 iteration          320 MCMCOBJ=    639.44826027534725     
 iteration          340 MCMCOBJ=    632.67056920754840     
 iteration          360 MCMCOBJ=    643.25569568217270     
 iteration          380 MCMCOBJ=    633.45824077370037     
 iteration          400 MCMCOBJ=    641.35958783756928     
 iteration          420 MCMCOBJ=    657.66900238521100     
 iteration          440 MCMCOBJ=    651.45484332631145     
 iteration          460 MCMCOBJ=    668.11976112265415     
 iteration          480 MCMCOBJ=    635.02139383822509     
 iteration          500 MCMCOBJ=    647.54257477362739     
 iteration          520 MCMCOBJ=    646.87430219314410     
 iteration          540 MCMCOBJ=    644.06383765234796     
 iteration          560 MCMCOBJ=    650.57211048440672     
 iteration          580 MCMCOBJ=    617.08441837960481     
 iteration          600 MCMCOBJ=    680.98178627318191     
 iteration          620 MCMCOBJ=    630.55442430292089     
 iteration          640 MCMCOBJ=    653.18747629457732     
 iteration          660 MCMCOBJ=    659.04893610296813     
 iteration          680 MCMCOBJ=    673.90371206643795     
 iteration          700 MCMCOBJ=    646.26864039815837     
 iteration          720 MCMCOBJ=    671.04677499900640     
 iteration          740 MCMCOBJ=    647.48213765412106     
 iteration          760 MCMCOBJ=    639.83372729758980     
 iteration          780 MCMCOBJ=    621.75761339027019     
 iteration          800 MCMCOBJ=    643.15874844450343     
 iteration          820 MCMCOBJ=    632.89560087383290     
 iteration          840 MCMCOBJ=    649.44312702760010     
 iteration          860 MCMCOBJ=    653.75257580797654     
 iteration          880 MCMCOBJ=    672.75762278066463     
 iteration          900 MCMCOBJ=    666.71561722160175     
 iteration          920 MCMCOBJ=    631.47322692831403     
 iteration          940 MCMCOBJ=    629.56634283448659     
 iteration          960 MCMCOBJ=    648.33485021302113     
 iteration          980 MCMCOBJ=    630.96876025920892     
 iteration         1000 MCMCOBJ=    655.55444181942926     
 iteration         1020 MCMCOBJ=    661.78442721353747     
 iteration         1040 MCMCOBJ=    619.51169306120778     
 iteration         1060 MCMCOBJ=    630.11289484726365     
 iteration         1080 MCMCOBJ=    617.95495332976384     
 iteration         1100 MCMCOBJ=    629.71517536890042     
 iteration         1120 MCMCOBJ=    648.30434463531128     
 iteration         1140 MCMCOBJ=    648.20491211004514     
 iteration         1160 MCMCOBJ=    649.09406551504082     
 iteration         1180 MCMCOBJ=    601.82884432594017     
 iteration         1200 MCMCOBJ=    688.26507178976578     
 iteration         1220 MCMCOBJ=    621.69095339594980     
 iteration         1240 MCMCOBJ=    634.08524643278179     
 iteration         1260 MCMCOBJ=    637.00879267454911     
 iteration         1280 MCMCOBJ=    657.27815711775236     
 iteration         1300 MCMCOBJ=    620.29279126403094     
 iteration         1320 MCMCOBJ=    631.92129823581172     
 iteration         1340 MCMCOBJ=    629.42649415312053     
 iteration         1360 MCMCOBJ=    639.25190270330984     
 iteration         1380 MCMCOBJ=    676.39041917929796     
 iteration         1400 MCMCOBJ=    617.06095595727243     
 iteration         1420 MCMCOBJ=    634.00806416593900     
 iteration         1440 MCMCOBJ=    651.38460488081023     
 iteration         1460 MCMCOBJ=    653.19510296191652     
 iteration         1480 MCMCOBJ=    620.96791289747557     
 iteration         1500 MCMCOBJ=    655.70517613556149     
 iteration         1520 MCMCOBJ=    644.76785186953475     
 iteration         1540 MCMCOBJ=    620.47695185222437     
 iteration         1560 MCMCOBJ=    659.98370431386195     
 iteration         1580 MCMCOBJ=    646.53055489798930     
 iteration         1600 MCMCOBJ=    647.61871146674127     
 iteration         1620 MCMCOBJ=    656.76471529283242     
 iteration         1640 MCMCOBJ=    647.15032537531579     
 iteration         1660 MCMCOBJ=    652.13754552093417     
 iteration         1680 MCMCOBJ=    644.13070554298622     
 iteration         1700 MCMCOBJ=    627.24459666437394     
 iteration         1720 MCMCOBJ=    612.68833418350084     
 iteration         1740 MCMCOBJ=    619.66080978500679     
 iteration         1760 MCMCOBJ=    645.37035557875095     
 iteration         1780 MCMCOBJ=    713.65742722406037     
 iteration         1800 MCMCOBJ=    633.81017092940124     
 iteration         1820 MCMCOBJ=    646.57791702551685     
 iteration         1840 MCMCOBJ=    640.35744836510446     
 iteration         1860 MCMCOBJ=    630.14492566671186     
 iteration         1880 MCMCOBJ=    630.75415050606000     
 iteration         1900 MCMCOBJ=    640.72086670989722     
 iteration         1920 MCMCOBJ=    648.21277063507137     
 iteration         1940 MCMCOBJ=    619.75578389338216     
 iteration         1960 MCMCOBJ=    643.69737289470083     
 iteration         1980 MCMCOBJ=    631.36814630607307     
 iteration         2000 MCMCOBJ=    663.97218515771669     
 iteration         2020 MCMCOBJ=    631.88186055172139     
 iteration         2040 MCMCOBJ=    685.58252383466572     
 iteration         2060 MCMCOBJ=    626.23170523519502     
 iteration         2080 MCMCOBJ=    655.74406497864311     
 iteration         2100 MCMCOBJ=    651.44201158003193     
 iteration         2120 MCMCOBJ=    657.96844903264525     
 iteration         2140 MCMCOBJ=    642.43137565485347     
 iteration         2160 MCMCOBJ=    633.85190852089374     
 iteration         2180 MCMCOBJ=    689.12727404271754     
 iteration         2200 MCMCOBJ=    645.20850941310937     
 iteration         2220 MCMCOBJ=    606.98538147798536     
 iteration         2240 MCMCOBJ=    618.25219030914673     
 iteration         2260 MCMCOBJ=    639.78340541560624     
 iteration         2280 MCMCOBJ=    662.21263820671106     
 iteration         2300 MCMCOBJ=    659.51107822482788     
 iteration         2320 MCMCOBJ=    614.56353263856715     
 iteration         2340 MCMCOBJ=    698.07480123181290     
 iteration         2360 MCMCOBJ=    618.49249518966735     
 iteration         2380 MCMCOBJ=    656.10030343116205     
 iteration         2400 MCMCOBJ=    647.22209832157080     
 iteration         2420 MCMCOBJ=    648.72426868398702     
 iteration         2440 MCMCOBJ=    665.82860503687311     
 iteration         2460 MCMCOBJ=    656.78084110333759     
 iteration         2480 MCMCOBJ=    659.22274230717505     
 iteration         2500 MCMCOBJ=    656.89783398878581     
 iteration         2520 MCMCOBJ=    624.33937301019125     
 iteration         2540 MCMCOBJ=    663.00857746892336     
 iteration         2560 MCMCOBJ=    624.80955952767329     
 iteration         2580 MCMCOBJ=    631.84300959043787     
 iteration         2600 MCMCOBJ=    635.04195616723518     
 iteration         2620 MCMCOBJ=    645.97873749225630     
 iteration         2640 MCMCOBJ=    638.70451305726067     
 iteration         2660 MCMCOBJ=    660.26084533819687     
 iteration         2680 MCMCOBJ=    647.78144052235848     
 iteration         2700 MCMCOBJ=    630.22556223667357     
 iteration         2720 MCMCOBJ=    642.17271330598953     
 iteration         2740 MCMCOBJ=    649.68443114644083     
 iteration         2760 MCMCOBJ=    642.39208915998927     
 iteration         2780 MCMCOBJ=    652.70586413142144     
 iteration         2800 MCMCOBJ=    601.08187096271627     
 iteration         2820 MCMCOBJ=    671.81128146759011     
 iteration         2840 MCMCOBJ=    645.61401009770032     
 iteration         2860 MCMCOBJ=    659.41457801046590     
 iteration         2880 MCMCOBJ=    648.56586056266895     
 iteration         2900 MCMCOBJ=    649.44461712236546     
 iteration         2920 MCMCOBJ=    627.88028243312931     
 iteration         2940 MCMCOBJ=    634.11635522382517     
 iteration         2960 MCMCOBJ=    659.98694671856038     
 iteration         2980 MCMCOBJ=    625.39114313765003     
 iteration         3000 MCMCOBJ=    660.90373309246650     
 iteration         3020 MCMCOBJ=    637.08744614656337     
 iteration         3040 MCMCOBJ=    623.49887814244573     
 iteration         3060 MCMCOBJ=    621.16058425604524     
 iteration         3080 MCMCOBJ=    649.83344259889213     
 iteration         3100 MCMCOBJ=    642.40122944272048     
 iteration         3120 MCMCOBJ=    650.21020117993862     
 iteration         3140 MCMCOBJ=    624.99030906422831     
 iteration         3160 MCMCOBJ=    671.50589150944825     
 iteration         3180 MCMCOBJ=    627.52867020287385     
 iteration         3200 MCMCOBJ=    647.59044031453675     
 iteration         3220 MCMCOBJ=    641.38619982404509     
 iteration         3240 MCMCOBJ=    625.34595099606065     
 iteration         3260 MCMCOBJ=    624.56363130443128     
 iteration         3280 MCMCOBJ=    627.82720118963618     
 iteration         3300 MCMCOBJ=    647.16469396336879     
 iteration         3320 MCMCOBJ=    631.23672159481066     
 iteration         3340 MCMCOBJ=    664.59904966865713     
 iteration         3360 MCMCOBJ=    620.86219230852726     
 iteration         3380 MCMCOBJ=    641.24918790551305     
 iteration         3400 MCMCOBJ=    657.14616584013402     
 iteration         3420 MCMCOBJ=    651.85512198725883     
 iteration         3440 MCMCOBJ=    611.17266876973440     
 iteration         3460 MCMCOBJ=    658.62435589996824     
 iteration         3480 MCMCOBJ=    663.46867965079798     
 iteration         3500 MCMCOBJ=    655.42971926696237     
 iteration         3520 MCMCOBJ=    681.92952476510959     
 iteration         3540 MCMCOBJ=    632.28080359312378     
 iteration         3560 MCMCOBJ=    625.23412953732145     
 iteration         3580 MCMCOBJ=    660.27785658088908     
 iteration         3600 MCMCOBJ=    664.16112224065023     
 iteration         3620 MCMCOBJ=    688.14552534078234     
 iteration         3640 MCMCOBJ=    648.97254099434895     
 iteration         3660 MCMCOBJ=    616.42405072215718     
 iteration         3680 MCMCOBJ=    616.72342833885250     
 iteration         3700 MCMCOBJ=    640.34039876801717     
 iteration         3720 MCMCOBJ=    628.53641247866165     
 iteration         3740 MCMCOBJ=    648.09813795273521     
 iteration         3760 MCMCOBJ=    646.91437666101865     
 iteration         3780 MCMCOBJ=    615.78011591069298     
 iteration         3800 MCMCOBJ=    651.69444451047252     
 iteration         3820 MCMCOBJ=    687.27047726448848     
 iteration         3840 MCMCOBJ=    620.59568467329348     
 iteration         3860 MCMCOBJ=    618.02911439892375     
 iteration         3880 MCMCOBJ=    631.99019991323337     
 iteration         3900 MCMCOBJ=    675.09639057724098     
 iteration         3920 MCMCOBJ=    662.38900149567451     
 iteration         3940 MCMCOBJ=    619.31203368608953     
 iteration         3960 MCMCOBJ=    637.16193840926758     
 iteration         3980 MCMCOBJ=    671.73855598604803     
 iteration         4000 MCMCOBJ=    627.54186610640602     
 iteration         4020 MCMCOBJ=    676.28794473447601     
 iteration         4040 MCMCOBJ=    612.60130650768417     
 iteration         4060 MCMCOBJ=    674.55634195371783     
 iteration         4080 MCMCOBJ=    613.61933071169381     
 iteration         4100 MCMCOBJ=    629.43873888175835     
 iteration         4120 MCMCOBJ=    621.48236275522811     
 iteration         4140 MCMCOBJ=    648.64219845385469     
 iteration         4160 MCMCOBJ=    676.75076021996938     
 iteration         4180 MCMCOBJ=    639.73263465190485     
 iteration         4200 MCMCOBJ=    635.46517456863057     
 iteration         4220 MCMCOBJ=    637.90395572252908     
 iteration         4240 MCMCOBJ=    627.81367827190854     
 iteration         4260 MCMCOBJ=    634.25874593756544     
 iteration         4280 MCMCOBJ=    643.36396002122331     
 iteration         4300 MCMCOBJ=    640.74511770610229     
 iteration         4320 MCMCOBJ=    640.33730262727818     
 iteration         4340 MCMCOBJ=    650.05163196048375     
 iteration         4360 MCMCOBJ=    616.91998980573692     
 iteration         4380 MCMCOBJ=    636.03745767645000     
 iteration         4400 MCMCOBJ=    632.27463791536832     
 iteration         4420 MCMCOBJ=    644.57410155299601     
 iteration         4440 MCMCOBJ=    620.11756434235895     
 iteration         4460 MCMCOBJ=    627.43269600953533     
 iteration         4480 MCMCOBJ=    674.55652834766136     
 iteration         4500 MCMCOBJ=    641.69864861854762     
 iteration         4520 MCMCOBJ=    658.85578871762618     
 iteration         4540 MCMCOBJ=    630.05934447850370     
 iteration         4560 MCMCOBJ=    690.37883861261480     
 iteration         4580 MCMCOBJ=    633.48428563518496     
 iteration         4600 MCMCOBJ=    624.54657759577310     
 iteration         4620 MCMCOBJ=    638.46665404529926     
 iteration         4640 MCMCOBJ=    628.37690186045143     
 iteration         4660 MCMCOBJ=    660.60419946494483     
 iteration         4680 MCMCOBJ=    645.78110325431544     
 iteration         4700 MCMCOBJ=    632.26460609181311     
 iteration         4720 MCMCOBJ=    672.87959599309022     
 iteration         4740 MCMCOBJ=    627.44821962183210     
 iteration         4760 MCMCOBJ=    672.02622559987026     
 iteration         4780 MCMCOBJ=    635.03712700546782     
 iteration         4800 MCMCOBJ=    652.29647725497659     
 iteration         4820 MCMCOBJ=    667.60702948378423     
 iteration         4840 MCMCOBJ=    635.06812154185980     
 iteration         4860 MCMCOBJ=    655.31236992197603     
 iteration         4880 MCMCOBJ=    670.66880604629239     
 iteration         4900 MCMCOBJ=    622.13422182823558     
 iteration         4920 MCMCOBJ=    633.68329296681452     
 iteration         4940 MCMCOBJ=    647.53344311942271     
 iteration         4960 MCMCOBJ=    663.15424541935488     
 iteration         4980 MCMCOBJ=    642.77208965708246     
 iteration         5000 MCMCOBJ=    647.71354543086397     
 iteration         5020 MCMCOBJ=    666.73531667372538     
 iteration         5040 MCMCOBJ=    649.85068365442010     
 iteration         5060 MCMCOBJ=    614.05959709804915     
 iteration         5080 MCMCOBJ=    653.53130935602064     
 iteration         5100 MCMCOBJ=    613.68363693601702     
 iteration         5120 MCMCOBJ=    674.61983359212581     
 iteration         5140 MCMCOBJ=    654.12491760750800     
 iteration         5160 MCMCOBJ=    637.50573648411000     
 iteration         5180 MCMCOBJ=    609.77727624655324     
 iteration         5200 MCMCOBJ=    641.28529913454236     
 iteration         5220 MCMCOBJ=    644.23275012779425     
 iteration         5240 MCMCOBJ=    619.36026425249077     
 iteration         5260 MCMCOBJ=    624.54886228850069     
 iteration         5280 MCMCOBJ=    632.50985526298359     
 iteration         5300 MCMCOBJ=    637.72980072710595     
 iteration         5320 MCMCOBJ=    629.20119327145471     
 iteration         5340 MCMCOBJ=    622.78363732714399     
 iteration         5360 MCMCOBJ=    665.02623488066365     
 iteration         5380 MCMCOBJ=    634.78482062529838     
 iteration         5400 MCMCOBJ=    617.67643617272915     
 iteration         5420 MCMCOBJ=    624.80052625257872     
 iteration         5440 MCMCOBJ=    635.00043824496663     
 iteration         5460 MCMCOBJ=    668.96854466868808     
 iteration         5480 MCMCOBJ=    650.18303406642076     
 iteration         5500 MCMCOBJ=    637.98557153751676     
 iteration         5520 MCMCOBJ=    669.85341288974075     
 iteration         5540 MCMCOBJ=    686.71883500475576     
 iteration         5560 MCMCOBJ=    612.58955919344248     
 iteration         5580 MCMCOBJ=    633.99438284441794     
 iteration         5600 MCMCOBJ=    617.88750622528778     
 iteration         5620 MCMCOBJ=    615.31338549771738     
 iteration         5640 MCMCOBJ=    634.02449515827311     
 iteration         5660 MCMCOBJ=    621.78847208371383     
 iteration         5680 MCMCOBJ=    685.75436472323315     
 iteration         5700 MCMCOBJ=    633.33841576666896     
 iteration         5720 MCMCOBJ=    646.73956647557293     
 iteration         5740 MCMCOBJ=    633.97121847340213     
 iteration         5760 MCMCOBJ=    675.69871182232964     
 iteration         5780 MCMCOBJ=    626.70680796098611     
 iteration         5800 MCMCOBJ=    665.53487212096366     
 iteration         5820 MCMCOBJ=    643.18185075634631     
 iteration         5840 MCMCOBJ=    633.22472184057619     
 iteration         5860 MCMCOBJ=    663.24690312567009     
 iteration         5880 MCMCOBJ=    672.95801798121977     
 iteration         5900 MCMCOBJ=    667.09095278936923     
 iteration         5920 MCMCOBJ=    639.23803615452869     
 iteration         5940 MCMCOBJ=    645.13886866987536     
 iteration         5960 MCMCOBJ=    651.94584880379671     
 iteration         5980 MCMCOBJ=    635.04070294909525     
 iteration         6000 MCMCOBJ=    670.74195798521544     
 iteration         6020 MCMCOBJ=    620.79815234263924     
 iteration         6040 MCMCOBJ=    636.59502722379818     
 iteration         6060 MCMCOBJ=    649.30330099657658     
 iteration         6080 MCMCOBJ=    644.82136167258454     
 iteration         6100 MCMCOBJ=    603.52045268107020     
 iteration         6120 MCMCOBJ=    630.35610871666745     
 iteration         6140 MCMCOBJ=    615.47884885637245     
 iteration         6160 MCMCOBJ=    640.67017920154217     
 iteration         6180 MCMCOBJ=    696.35136755763222     
 iteration         6200 MCMCOBJ=    618.87004343477611     
 iteration         6220 MCMCOBJ=    664.01078533491238     
 iteration         6240 MCMCOBJ=    656.27266741514836     
 iteration         6260 MCMCOBJ=    669.33126241206082     
 iteration         6280 MCMCOBJ=    658.96617368380237     
 iteration         6300 MCMCOBJ=    608.57865368075772     
 iteration         6320 MCMCOBJ=    666.70421226958524     
 iteration         6340 MCMCOBJ=    629.08621998282092     
 iteration         6360 MCMCOBJ=    643.13018259521857     
 iteration         6380 MCMCOBJ=    622.04868805135470     
 iteration         6400 MCMCOBJ=    658.25061017751102     
 iteration         6420 MCMCOBJ=    657.93744805989775     
 iteration         6440 MCMCOBJ=    626.23562323104045     
 iteration         6460 MCMCOBJ=    621.84234518100232     
 iteration         6480 MCMCOBJ=    639.52062242517161     
 iteration         6500 MCMCOBJ=    642.96095590274774     
 iteration         6520 MCMCOBJ=    633.74071792248481     
 iteration         6540 MCMCOBJ=    621.71544630876951     
 iteration         6560 MCMCOBJ=    656.93815578782142     
 iteration         6580 MCMCOBJ=    674.43073815939283     
 iteration         6600 MCMCOBJ=    690.88919107076708     
 iteration         6620 MCMCOBJ=    630.73127306284380     
 iteration         6640 MCMCOBJ=    666.56730262675399     
 iteration         6660 MCMCOBJ=    665.31536594640249     
 iteration         6680 MCMCOBJ=    678.45032066774763     
 iteration         6700 MCMCOBJ=    687.04790628324190     
 iteration         6720 MCMCOBJ=    640.59669234714386     
 iteration         6740 MCMCOBJ=    663.15813201817832     
 iteration         6760 MCMCOBJ=    614.16143057138197     
 iteration         6780 MCMCOBJ=    652.26093559545222     
 iteration         6800 MCMCOBJ=    646.43362818560809     
 iteration         6820 MCMCOBJ=    647.70724787809286     
 iteration         6840 MCMCOBJ=    635.05233332934051     
 iteration         6860 MCMCOBJ=    700.49133426664059     
 iteration         6880 MCMCOBJ=    653.76094436842754     
 iteration         6900 MCMCOBJ=    623.66077653516049     
 iteration         6920 MCMCOBJ=    690.81400208620460     
 iteration         6940 MCMCOBJ=    676.61485348986355     
 iteration         6960 MCMCOBJ=    672.89518249280411     
 iteration         6980 MCMCOBJ=    646.68023594717556     
 iteration         7000 MCMCOBJ=    633.64230391491787     
 iteration         7020 MCMCOBJ=    660.99333595754626     
 iteration         7040 MCMCOBJ=    623.55031934154169     
 iteration         7060 MCMCOBJ=    636.12076021342500     
 iteration         7080 MCMCOBJ=    693.33937908986422     
 iteration         7100 MCMCOBJ=    666.48543324552895     
 iteration         7120 MCMCOBJ=    623.49386569466367     
 iteration         7140 MCMCOBJ=    631.01620359951391     
 iteration         7160 MCMCOBJ=    625.02564462589908     
 iteration         7180 MCMCOBJ=    660.61496074336947     
 iteration         7200 MCMCOBJ=    655.20933548893743     
 iteration         7220 MCMCOBJ=    652.16372691648860     
 iteration         7240 MCMCOBJ=    623.58439602916985     
 iteration         7260 MCMCOBJ=    616.70639114379298     
 iteration         7280 MCMCOBJ=    657.93736797383076     
 iteration         7300 MCMCOBJ=    652.23194815195973     
 iteration         7320 MCMCOBJ=    603.85326191033971     
 iteration         7340 MCMCOBJ=    641.60100754674022     
 iteration         7360 MCMCOBJ=    661.73101860019847     
 iteration         7380 MCMCOBJ=    633.20751727804520     
 iteration         7400 MCMCOBJ=    643.29212243320308     
 iteration         7420 MCMCOBJ=    641.64556210456647     
 iteration         7440 MCMCOBJ=    635.21439146277260     
 iteration         7460 MCMCOBJ=    669.07449972303129     
 iteration         7480 MCMCOBJ=    636.25693541283420     
 iteration         7500 MCMCOBJ=    655.58039067294567     
 iteration         7520 MCMCOBJ=    630.77073787181314     
 iteration         7540 MCMCOBJ=    621.50139511408759     
 iteration         7560 MCMCOBJ=    642.50590297959013     
 iteration         7580 MCMCOBJ=    616.02361334605246     
 iteration         7600 MCMCOBJ=    655.17098161897343     
 iteration         7620 MCMCOBJ=    631.12789778701563     
 iteration         7640 MCMCOBJ=    632.43283199105656     
 iteration         7660 MCMCOBJ=    635.31841442655116     
 iteration         7680 MCMCOBJ=    678.77784490253759     
 iteration         7700 MCMCOBJ=    681.23064534001833     
 iteration         7720 MCMCOBJ=    669.33174573164388     
 iteration         7740 MCMCOBJ=    669.02114742221556     
 iteration         7760 MCMCOBJ=    663.40737428702687     
 iteration         7780 MCMCOBJ=    660.63884277000045     
 iteration         7800 MCMCOBJ=    661.05110982974531     
 iteration         7820 MCMCOBJ=    656.34948555230176     
 iteration         7840 MCMCOBJ=    608.27806425945221     
 iteration         7860 MCMCOBJ=    641.50353598410402     
 iteration         7880 MCMCOBJ=    631.16450785635163     
 iteration         7900 MCMCOBJ=    656.81112144011286     
 iteration         7920 MCMCOBJ=    672.78529064218856     
 iteration         7940 MCMCOBJ=    646.76433783887671     
 iteration         7960 MCMCOBJ=    663.93974500284958     
 iteration         7980 MCMCOBJ=    647.12940919609207     
 iteration         8000 MCMCOBJ=    621.68760968584354     
 iteration         8020 MCMCOBJ=    641.58002689839998     
 iteration         8040 MCMCOBJ=    668.79234531987595     
 iteration         8060 MCMCOBJ=    629.49900739396060     
 iteration         8080 MCMCOBJ=    616.51211865095956     
 iteration         8100 MCMCOBJ=    673.40734007273227     
 iteration         8120 MCMCOBJ=    630.19766798148794     
 iteration         8140 MCMCOBJ=    639.48583335912019     
 iteration         8160 MCMCOBJ=    605.57501531718185     
 iteration         8180 MCMCOBJ=    673.97500063934979     
 iteration         8200 MCMCOBJ=    683.51010154124322     
 iteration         8220 MCMCOBJ=    640.88523465966750     
 iteration         8240 MCMCOBJ=    649.51973348261845     
 iteration         8260 MCMCOBJ=    674.21630306712257     
 iteration         8280 MCMCOBJ=    630.14725568556253     
 iteration         8300 MCMCOBJ=    616.37825305210686     
 iteration         8320 MCMCOBJ=    663.01356146773560     
 iteration         8340 MCMCOBJ=    635.83812428349836     
 iteration         8360 MCMCOBJ=    638.11743491739412     
 iteration         8380 MCMCOBJ=    629.12890977878715     
 iteration         8400 MCMCOBJ=    619.67599111253594     
 iteration         8420 MCMCOBJ=    630.88286729105164     
 iteration         8440 MCMCOBJ=    690.17476689702289     
 iteration         8460 MCMCOBJ=    645.31249014445461     
 iteration         8480 MCMCOBJ=    630.44914521096655     
 iteration         8500 MCMCOBJ=    677.47244898371889     
 iteration         8520 MCMCOBJ=    640.67857651595057     
 iteration         8540 MCMCOBJ=    645.06799553037126     
 iteration         8560 MCMCOBJ=    649.82671667641557     
 iteration         8580 MCMCOBJ=    633.28124055480112     
 iteration         8600 MCMCOBJ=    654.78263977423399     
 iteration         8620 MCMCOBJ=    638.58714675980684     
 iteration         8640 MCMCOBJ=    657.76929425497087     
 iteration         8660 MCMCOBJ=    670.27604183199435     
 iteration         8680 MCMCOBJ=    642.70432662062535     
 iteration         8700 MCMCOBJ=    605.19644580451973     
 iteration         8720 MCMCOBJ=    647.60949291049531     
 iteration         8740 MCMCOBJ=    654.27613831046176     
 iteration         8760 MCMCOBJ=    650.21609458459523     
 iteration         8780 MCMCOBJ=    649.50254125105414     
 iteration         8800 MCMCOBJ=    641.38222148802458     
 iteration         8820 MCMCOBJ=    628.53247222954633     
 iteration         8840 MCMCOBJ=    641.76957045445749     
 iteration         8860 MCMCOBJ=    637.50936505159473     
 iteration         8880 MCMCOBJ=    625.14543251780310     
 iteration         8900 MCMCOBJ=    612.58760748954558     
 iteration         8920 MCMCOBJ=    684.68623153474095     
 iteration         8940 MCMCOBJ=    636.87970499259029     
 iteration         8960 MCMCOBJ=    630.36082197565611     
 iteration         8980 MCMCOBJ=    672.35308195535470     
 iteration         9000 MCMCOBJ=    647.34691523328831     
 iteration         9020 MCMCOBJ=    648.64427770968541     
 iteration         9040 MCMCOBJ=    677.80842409522802     
 iteration         9060 MCMCOBJ=    631.10912956486709     
 iteration         9080 MCMCOBJ=    644.47948738693003     
 iteration         9100 MCMCOBJ=    623.17061437727375     
 iteration         9120 MCMCOBJ=    641.84612171914046     
 iteration         9140 MCMCOBJ=    656.68780372476874     
 iteration         9160 MCMCOBJ=    615.38872498657895     
 iteration         9180 MCMCOBJ=    651.84477786979812     
 iteration         9200 MCMCOBJ=    645.47775685557690     
 iteration         9220 MCMCOBJ=    650.76231750721468     
 iteration         9240 MCMCOBJ=    619.01618554649360     
 iteration         9260 MCMCOBJ=    622.48578037427069     
 iteration         9280 MCMCOBJ=    644.70521819557632     
 iteration         9300 MCMCOBJ=    639.02693467135259     
 iteration         9320 MCMCOBJ=    679.30496316532549     
 iteration         9340 MCMCOBJ=    622.46228902172413     
 iteration         9360 MCMCOBJ=    638.32223592944399     
 iteration         9380 MCMCOBJ=    636.51243559046304     
 iteration         9400 MCMCOBJ=    648.67052672320540     
 iteration         9420 MCMCOBJ=    655.58545427308627     
 iteration         9440 MCMCOBJ=    624.08664237755704     
 iteration         9460 MCMCOBJ=    671.73138867199759     
 iteration         9480 MCMCOBJ=    647.44824279038949     
 iteration         9500 MCMCOBJ=    645.88618558431574     
 iteration         9520 MCMCOBJ=    651.12582881783931     
 iteration         9540 MCMCOBJ=    606.75838778413731     
 iteration         9560 MCMCOBJ=    610.14902036579531     
 iteration         9580 MCMCOBJ=    660.48662195375994     
 iteration         9600 MCMCOBJ=    650.17889916855449     
 iteration         9620 MCMCOBJ=    644.16235463795203     
 iteration         9640 MCMCOBJ=    694.05516456146074     
 iteration         9660 MCMCOBJ=    639.49166532115066     
 iteration         9680 MCMCOBJ=    638.90731963209942     
 iteration         9700 MCMCOBJ=    639.17299650623443     
 iteration         9720 MCMCOBJ=    615.57788727890875     
 iteration         9740 MCMCOBJ=    666.98863594008037     
 iteration         9760 MCMCOBJ=    680.14961309498699     
 iteration         9780 MCMCOBJ=    661.90308619854352     
 iteration         9800 MCMCOBJ=    635.39023413922473     
 iteration         9820 MCMCOBJ=    644.92847617760424     
 iteration         9840 MCMCOBJ=    655.22338479933194     
 iteration         9860 MCMCOBJ=    652.51143020784946     
 iteration         9880 MCMCOBJ=    653.90607784597330     
 iteration         9900 MCMCOBJ=    668.44755379611490     
 iteration         9920 MCMCOBJ=    636.30118767387387     
 iteration         9940 MCMCOBJ=    655.89910141334337     
 iteration         9960 MCMCOBJ=    633.04196205456822     
 iteration         9980 MCMCOBJ=    655.53844418109736     
 iteration        10000 MCMCOBJ=    646.13538487288645     
 BURN-IN WAS COMPLETED

 #TERM:
 STATISTICAL PORTION WAS COMPLETED
  
 TOTAL DATA POINTS NORMALLY DISTRIBUTED (N):          224
 N*LOG(2PI) CONSTANT TO OBJECTIVE FUNCTION:    411.68446287569338     
 OBJECTIVE FUNCTION VALUE WITHOUT CONSTANT:    644.87347235783420     
 OBJECTIVE FUNCTION VALUE WITH CONSTANT:       1056.5579352335276     
 REPORTED OBJECTIVE FUNCTION DOES NOT CONTAIN CONSTANT
  
 TOTAL EFFECTIVE ETAS (NIND*NETA):                           112
 NIND*NETA*LOG(2PI) CONSTANT TO OBJECTIVE FUNCTION:    205.84223143784669     
 OBJECTIVE FUNCTION VALUE WITHOUT CONSTANT:    644.87347235783420     
 OBJECTIVE FUNCTION VALUE WITH CONSTANT:       850.71570379568084     
 REPORTED OBJECTIVE FUNCTION DOES NOT CONTAIN CONSTANT
  
 PRIOR CONSTANT TO OBJECTIVE FUNCTION:    30.823646298206345     
 OBJECTIVE FUNCTION VALUE WITHOUT CONSTANT:    644.87347235783420     
 OBJECTIVE FUNCTION VALUE WITH CONSTANT:       675.69711865604052     
 REPORTED OBJECTIVE FUNCTION DOES NOT CONTAIN CONSTANT
  
 #TERE:
 Elapsed estimation  time in seconds:    73.12
 Elapsed covariance  time in seconds:     0.00
1
 
 
 
 
 
 
 
 
 
 
 
 
 
 
 
 
 
 
 
 
 ************************************************************************************************************************
 ********************                                                                                ********************
 ********************                              MCMC BAYESIAN ANALYSIS                            ********************
 #OBJT:**************                       AVERAGE VALUE OF LIKELIHOOD FUNCTION                     ********************
 ********************                                                                                ********************
 ************************************************************************************************************************
 





 #OBJV:********************************************      644.873       **************************************************
 #OBJS:********************************************       19.244 (STD) **************************************************
1
 ************************************************************************************************************************
 ********************                                                                                ********************
 ********************                              MCMC BAYESIAN ANALYSIS                            ********************
 ********************                             FINAL PARAMETER ESTIMATE                           ********************
 ********************                                                                                ********************
 ************************************************************************************************************************
 


 THETA - VECTOR OF FIXED EFFECTS PARAMETERS   *********


         THETA(CL) THETA(V) 
 
         3.20E+00  3.48E+01
 


 OMEGA - COV MATRIX FOR RANDOM EFFECTS - ETAS  ********


         ETA(CL)   ETA(V)   
 
 ETA(CL)
+        1.08E-01
 
 ETA(V)
+        2.20E-02  4.75E-02
 


 SIGMA - COV MATRIX FOR RANDOM EFFECTS - EPSILONS  ****


         EPS1     
 
 EPS1
+        4.20E-02
 
1


 OMEGA - CORR MATRIX FOR RANDOM EFFECTS - ETAS  *******


         ETA(CL)   ETA(V)   
 
 ETA(CL)
+        3.26E-01
 
 ETA(V)
+        3.07E-01  2.16E-01
 


 SIGMA - CORR MATRIX FOR RANDOM EFFECTS - EPSILONS  ***


         EPS1     
 
 EPS1
+        2.05E-01
 
1
 ************************************************************************************************************************
 ********************                                                                                ********************
 ********************                              MCMC BAYESIAN ANALYSIS                            ********************
 ********************                STANDARD ERROR OF ESTIMATE (From Sample Variance)               ********************
 ********************                                                                                ********************
 ************************************************************************************************************************
 


 THETA - VECTOR OF FIXED EFFECTS PARAMETERS   *********


         THETA(CL) THETA(V) 
 
         1.53E-01  1.35E+00
 


 OMEGA - COV MATRIX FOR RANDOM EFFECTS - ETAS  ********


         ETA(CL)   ETA(V)   
 
 ETA(CL)
+        2.47E-02
 
 ETA(V)
+        1.36E-02  1.36E-02
 


 SIGMA - COV MATRIX FOR RANDOM EFFECTS - EPSILONS  ****


         EPS1     
 
 EPS1
+        5.27E-03
 
1


 OMEGA - CORR MATRIX FOR RANDOM EFFECTS - ETAS  *******


         ETA(CL)   ETA(V)   
 
 ETA(CL)
+        3.67E-02
 
 ETA(V)
+        1.66E-01  3.03E-02
 


 SIGMA - CORR MATRIX FOR RANDOM EFFECTS - EPSILONS  ***


         EPS1     
 
 EPS1
+        1.27E-02
 
1
 ************************************************************************************************************************
 ********************                                                                                ********************
 ********************                              MCMC BAYESIAN ANALYSIS                            ********************
 ********************               COVARIANCE MATRIX OF ESTIMATE (From Sample Variance)             ********************
 ********************                                                                                ********************
 ************************************************************************************************************************
 

            TH 1      TH 2      OM11      OM12      OM22      SG11  
 
 TH 1
+        2.35E-02
 
 TH 2
+        4.48E-02  1.83E+00
 
 OM11
+       -2.42E-04  3.08E-03  6.10E-04
 
 OM12
+        2.17E-04 -1.28E-04  1.00E-04  1.86E-04
 
 OM22
+       -2.32E-05  2.21E-04  2.39E-05  6.85E-05  1.84E-04
 
 SG11
+        3.38E-05  4.95E-04 -7.74E-06 -4.13E-06 -6.47E-06  2.78E-05
 
1
 ************************************************************************************************************************
 ********************                                                                                ********************
 ********************                              MCMC BAYESIAN ANALYSIS                            ********************
 ********************              CORRELATION MATRIX OF ESTIMATE (From Sample Variance)             ********************
 ********************                                                                                ********************
 ************************************************************************************************************************
 

            TH 1      TH 2      OM11      OM12      OM22      SG11  
 
 TH 1
+        1.53E-01
 
 TH 2
+        2.16E-01  1.35E+00
 
 OM11
+       -6.38E-02  9.23E-02  2.47E-02
 
 OM12
+        1.04E-01 -6.97E-03  2.97E-01  1.36E-02
 
 OM22
+       -1.12E-02  1.21E-02  7.13E-02  3.70E-01  1.36E-02
 
 SG11
+        4.18E-02  6.95E-02 -5.95E-02 -5.76E-02 -9.04E-02  5.27E-03
 
1
 ************************************************************************************************************************
 ********************                                                                                ********************
 ********************                              MCMC BAYESIAN ANALYSIS                            ********************
 ********************           INVERSE COVARIANCE MATRIX OF ESTIMATE (From Sample Variance)         ********************
 ********************                                                                                ********************
 ************************************************************************************************************************
 

            TH 1      TH 2      OM11      OM12      OM22      SG11  
 
 TH 1
+        4.61E+01
 
 TH 2
+       -1.19E+00  5.86E-01
 
 OM11
+        3.70E+01 -4.25E+00  1.86E+03
 
 OM12
+       -8.78E+01  4.76E+00 -1.11E+03  7.01E+03
 
 OM22
+        3.40E+01 -2.42E+00  1.96E+02 -2.47E+03  6.36E+03
 
 SG11
+       -2.96E+01 -1.00E+01  4.28E+02  1.80E+02  1.17E+03  3.66E+04
 
 Elapsed postprocess time in seconds:     0.00
 #CPUT: Total CPU Time in Seconds,       65.125
Stop Time: 
Tue 01/03/2017 
10:30 PM
