Tue 01/03/2017 
10:25 PM
$PROB one cmpt simple mu modeled bayes multidose nids: 18 scenario: r1d
;; based_on: run100
$SUB ADVAN1 TRANS2
$INPUT ID TIME DV OBSNUM CMT EVID AMT RATE ADDL II 
$DATA ..\..\mdata\simple_nocovar_56id_6tp_md.csv
IGNORE=@ 
IGNORE=(OBSNUM.EQN.4)
IGNORE=(OBSNUM.EQN.5)
IGNORE=(OBSNUM.EQN.6)
IGNORE=(ID.GT.18)
$ABBR REPLACE THETA(CL, V) = THETA(1 to 2)
$ABBR REPLACE ETA(CL, V) = ETA(1 to 2)

$THETAI
THETA(1:NTHETA)=LOG(THETAI(1:NTHETA))
THETAP(1:NTHETAP)=LOG(THETAPI(1:NTHETAP))
$THETAR
THETAR(1:NTHETA)=EXP(THETA(1:NTHETA))
THETAPR(1:NTHETAP)=EXP(THETAP(1:NTHETAP))

$PRIOR NWPRI 

$PK
"USE NMBAYES_INT, ONLY: ITER_REPORT,BAYES_EXTRA_REQUEST,BAYES_EXTRA
; Request extra information for Bayesian analysis.
; An extra call will then be made for accepted samples
"BAYES_EXTRA_REQUEST=1

MU_1 = THETA(CL)
MU_2 = THETA(V)
CL = EXP(MU_1 + ETA(CL))
V = EXP(MU_2 + ETA(V))
S1 = V

"IF(BAYES_EXTRA==1 .AND. ITER_REPORT>=0 .AND. TIME==0.0) THEN
"WRITE(50,98) ITER_REPORT,ID,CL,V
"98 FORMAT(I12,1X,F14.0,4(1X,1PG12.5))
"ENDIF

$ERROR
IPRED=F
Y = IPRED*(1 + ERR(1))  

$THETA
(0.001, 2.5) ; TVCL
(0.001, 46) ; TVV

$OMEGA BLOCK(2)
0.1    ; nCL
0.1  0.1  ; nV

$SIGMA
0.03 ; PROP

; THETA PRIORS
$THETAP (2.5 FIX) (46 FIX) 

; THETA (uniformative) PRIORs
$THETAPV BLOCK(2)
10000 FIX
0.0 10000 

$OMEGAP BLOCK(2)
0.2 FIX
0 0.2

; degrees of freedom to prior omega matrix - low dof = highly uninformative
$OMEGAPD (2 FIX)

$EST METHOD=CHAIN FILE=..\run100.chn NSAMPLE=0 ISAMPLE=3 DF=20
$EST METHOD=BAYES INTER NBURN=4000 NITER=10000 PRINT=20 NOPRIOR=0 CTYPE=3 CITER=10 SEED=56664
  
NM-TRAN MESSAGES 
  
 WARNINGS AND ERRORS (IF ANY) FOR PROBLEM    1
             
 (WARNING  2) NM-TRAN INFERS THAT THE DATA ARE POPULATION.

 (MU_WARNING 20) MU_001: MU_ VARIABLE SHOULD NOT BE DEFINED AFTER VERBATIM CODE.
  
License Registered to: Devin Pastoor
Expiration Date:    14 NOV 2017
Current Date:        3 JAN 2017
Days until program expires : 311
1NONLINEAR MIXED EFFECTS MODEL PROGRAM (NONMEM) VERSION 7.4.0 alpha14 (nm74a14)
 ORIGINALLY DEVELOPED BY STUART BEAL, LEWIS SHEINER, AND ALISON BOECKMANN
 CURRENT DEVELOPERS ARE ROBERT BAUER, ICON DEVELOPMENT SOLUTIONS,
 AND ALISON BOECKMANN. IMPLEMENTATION, EFFICIENCY, AND STANDARDIZATION
 PERFORMED BY NOUS INFOSYSTEMS.

 PROBLEM NO.:         1
 one cmpt simple mu modeled bayes multidose nids: 18 scenario: r1d
0DATA CHECKOUT RUN:              NO
 DATA SET LOCATED ON UNIT NO.:    2
 THIS UNIT TO BE REWOUND:        NO
 NO. OF DATA RECS IN DATA SET:       72
 NO. OF DATA ITEMS IN DATA SET:  11
 ID DATA ITEM IS DATA ITEM NO.:   1
 DEP VARIABLE IS DATA ITEM NO.:   3
 MDV DATA ITEM IS DATA ITEM NO.: 11
0INDICES PASSED TO SUBROUTINE PRED:
   6   2   7   8   0  10   5   0   0   0   9
0LABELS FOR DATA ITEMS:
 ID TIME DV OBSNUM CMT EVID AMT RATE ADDL II MDV
0LABELS FOR THETAS
 THETA(1)=THETA(CL)
 THETA(2)=THETA(V)
0LABELS FOR ETAS
 ETA(1)=ETA(CL)
0LABELS FOR ETAS
 ETA(2)=ETA(V)
0FORMAT FOR DATA:
 (2E3.0,E17.0,3E2.0,2E5.0,E2.0,E3.0,1F2.0)

 TOT. NO. OF OBS RECS:       54
 TOT. NO. OF INDIVIDUALS:     18
0LENGTH OF THETA:   5
0DEFAULT THETA BOUNDARY TEST OMITTED:    NO
0OMEGA HAS BLOCK FORM:
  1
  1  1
  0  0  2
  0  0  2  2
  0  0  0  0  3
  0  0  0  0  3  3
0DEFAULT OMEGA BOUNDARY TEST OMITTED:    NO
0SIGMA HAS SIMPLE DIAGONAL FORM WITH DIMENSION:   1
0DEFAULT SIGMA BOUNDARY TEST OMITTED:    NO
0INITIAL ESTIMATE OF THETA:
 LOWER BOUND    INITIAL EST    UPPER BOUND
  0.1000E-02     0.2500E+01     0.1000E+07
  0.1000E-02     0.4600E+02     0.1000E+07
  0.2500E+01     0.2500E+01     0.2500E+01
  0.4600E+02     0.4600E+02     0.4600E+02
  0.2000E+01     0.2000E+01     0.2000E+01
0INITIAL ESTIMATE OF OMEGA:
 BLOCK SET NO.   BLOCK                                                                    FIXED
        1                                                                                   NO
 DIAGONAL SHIFT OF  1.1000E-07 WAS IMPOSED TO ENSURE POSITIVE DEFINITENESS
                  0.1000E+00
                  0.1000E+00   0.1000E+00
        2                                                                                  YES
                  0.1000E+05
                  0.0000E+00   0.1000E+05
        3                                                                                  YES
                  0.2000E+00
                  0.0000E+00   0.2000E+00
0INITIAL ESTIMATE OF SIGMA:
 0.3000E-01
0
 THETAI SUBROUTINE USER-SUPPLIED
 THETAR SUBROUTINE USER-SUPPLIED
 PRIOR SUBROUTINE USER-SUPPLIED
1DOUBLE PRECISION PREDPP VERSION 7.4.0 alpha14 (nm74a14)

 ONE COMPARTMENT MODEL (ADVAN1)
0MAXIMUM NO. OF BASIC PK PARAMETERS:   2
0BASIC PK PARAMETERS (AFTER TRANSLATION):
   ELIMINATION RATE (K) IS BASIC PK PARAMETER NO.:  1

 TRANSLATOR WILL CONVERT PARAMETERS
 CLEARANCE (CL) AND VOLUME (V) TO K (TRANS2)
0COMPARTMENT ATTRIBUTES
 COMPT. NO.   FUNCTION   INITIAL    ON/OFF      DOSE      DEFAULT    DEFAULT
                         STATUS     ALLOWED    ALLOWED    FOR DOSE   FOR OBS.
    1         CENTRAL      ON         NO         YES        YES        YES
    2         OUTPUT       OFF        YES        NO         NO         NO
1
 ADDITIONAL PK PARAMETERS - ASSIGNMENT OF ROWS IN GG
 COMPT. NO.                             INDICES
              SCALE      BIOAVAIL.   ZERO-ORDER  ZERO-ORDER  ABSORB
                         FRACTION    RATE        DURATION    LAG
    1            3           *           *           *           *
    2            *           -           -           -           -
             - PARAMETER IS NOT ALLOWED FOR THIS MODEL
             * PARAMETER IS NOT SUPPLIED BY PK SUBROUTINE;
               WILL DEFAULT TO ONE IF APPLICABLE
0DATA ITEM INDICES USED BY PRED ARE:
   EVENT ID DATA ITEM IS DATA ITEM NO.:      6
   TIME DATA ITEM IS DATA ITEM NO.:          2
   DOSE AMOUNT DATA ITEM IS DATA ITEM NO.:   7
   DOSE RATE DATA ITEM IS DATA ITEM NO.:     8
   INTERVAL DATA ITEM IS DATA ITEM NO.:     10
   ADDL. DOSES DATA ITEM IS DATA ITEM NO.:   9
   COMPT. NO. DATA ITEM IS DATA ITEM NO.:    5

0PK SUBROUTINE CALLED WITH EVERY EVENT RECORD.
 PK SUBROUTINE NOT CALLED AT NONEVENT (ADDITIONAL OR LAGGED) DOSE TIMES.
0ERROR SUBROUTINE CALLED WITH EVERY EVENT RECORD.
1


 #TBLN:      1
 #METH: Chain Method Processing

 RANDOM GENERATION TYPE (CTYPE):     0
 RANDOM GENERATION SEED (SEED):      11456
 RANDOM SAMPLE SELECTION (ISAMPLE):  3
 RANDOM SAMPLE RANGE END (ISAMPEND): -2147483647
 NUMBER OF RANDOM SAMPLES (NSAMPLE): 0
 UNIFORM FRACTIONAL RANGE (IACCEPT): 0.400000000000000
 RANDOM SELECTION TYPE (SELECT):     0
 DEG. FR. TO GENERATE OMEGAS (DF):   20
 DEG. FR. TO GENERATE SIGMAS (DFS):  -1
 CHAIN FILE (FILE):                  ..\run100.chn
 EXCL. TITLE IN CHAIN FILE (NOTITLE):NO
 EX. COL. LBS. IN CHAIN FL.(NOLABEL):NO
 FORMAT FOR CHAIN FILE (FORMAT):     S1PE12.5
 PAR. ORDER in CHAIN FILE (ORDER):   TSOL
 RANDOM SAMPLING METHOD (RANMETHOD):3U

 THE FOLLOWING LABELS ARE EQUIVALENT
 PRED=NPRED
 RES=NRES
 WRES=NWRES
 IWRS=NIWRES
 IPRD=NIPRED
 IRS=NIRES



 FROM SAMPLE 3 OF CHAIN FILE ..\run100.chn
 NEW INITIAL ESTIMATES OF THETA
  0.1754E-01
  0.2172E+01
 NEW INITIAL ESTIMATES OF OMEGA
 DIAGONAL SHIFT OF  2.2018E-07 WAS IMPOSED ON OMEGAS TO ENSURE POSITIVE DEFINITENESS
  0.2002E+00
  0.2002E+00  0.2003E+00
 NEW INITIAL ESTIMATES OF SIGMA
  0.1176E-01
1


 #TBLN:      1
 #METH: MCMC Bayesian Analysis

 ESTIMATION STEP OMITTED:                 NO
 ANALYSIS TYPE:                           POPULATION
 NUMBER OF SADDLE POINT RESET ITERATIONS:      0
 GRADIENT METHOD USED:               NOSLOW
 CONDITIONAL ESTIMATES USED:              YES
 CENTERED ETA:                            NO
 EPS-ETA INTERACTION:                     YES
 LAPLACIAN OBJ. FUNC.:                    NO
 NO. OF FUNCT. EVALS. ALLOWED:            840
 NO. OF SIG. FIGURES REQUIRED:            3
 INTERMEDIATE PRINTOUT:                   YES
 ESTIMATE OUTPUT TO MSF:                  NO
 IND. OBJ. FUNC. VALUES SORTED:           NO
 NUMERICAL DERIVATIVE
       FILE REQUEST (NUMDER):               NONE
 MAP (ETAHAT) ESTIMATION METHOD (OPTMAP):   0
 ETA HESSIAN EVALUATION METHOD (ETADER):    0
 INITIAL ETA FOR MAP ESTIMATION (MCETA):    0
 SIGDIGITS FOR MAP ESTIMATION (SIGLO):      100
 GRADIENT SIGDIGITS OF
       FIXED EFFECTS PARAMETERS (SIGL):     100
 NOPRIOR SETTING (NOPRIOR):                 OFF
 NOCOV SETTING (NOCOV):                     OFF
 DERCONT SETTING (DERCONT):                 OFF
 FINAL ETA RE-EVALUATION (FNLETA):          ON
 EXCLUDE NON-INFLUENTIAL (NON-INFL.) ETAS
       IN SHRINKAGE (ETASTYPE):             NO
 NON-INFL. ETA CORRECTION (NONINFETA):      OFF
 RAW OUTPUT FILE (FILE): run109_nids_18_r1d_c3.ext
 EXCLUDE TITLE (NOTITLE):                   NO
 EXCLUDE COLUMN LABELS (NOLABEL):           NO
 FORMAT FOR ADDITIONAL FILES (FORMAT):      S1PE12.5
 PARAMETER ORDER FOR OUTPUTS (ORDER):       TSOL
 WISHART PRIOR DF INTERPRETATION (WISHTYPE):0
 KNUTHSUMOFF:                               0
 INCLUDE LNTWOPI:                           NO
 INCLUDE CONSTANT TERM TO PRIOR (PRIORC):   NO
 INCLUDE CONSTANT TERM TO OMEGA (ETA) (OLNTWOPI):NO
 EM OR BAYESIAN METHOD USED:                MCMC BAYESIAN (BAYES)
 MU MODELING PATTERN (MUM):
 GRADIENT/GIBBS PATTERN (GRD):
 AUTOMATIC SETTING FEATURE (AUTO):          OFF
 CONVERGENCE TYPE (CTYPE):                  3
 KEEP ITERATIONS (THIN):            1
 CONVERGENCE INTERVAL (CINTERVAL):          20
 CONVERGENCE ITERATIONS (CITER):            10
 CONVERGENCE ALPHA ERROR (CALPHA):          5.000000000000000E-02
 BURN-IN ITERATIONS (NBURN):                4000
 ITERATIONS (NITER):                        10000
 ANEAL SETTING (CONSTRAIN):                 1
 STARTING SEED FOR MC METHODS (SEED):       56664
 MC SAMPLES PER SUBJECT (ISAMPLE):          1
 RANDOM SAMPLING METHOD (RANMETHOD):        3U
 PROPOSAL DENSITY SCALING RANGE
              (ISCALE_MIN, ISCALE_MAX):     1.000000000000000E-06   ,1000000.00000000
 SAMPLE ACCEPTANCE RATE (IACCEPT):          0.400000000000000
 METROPOLIS HASTINGS SAMPLING FOR INDIVIDUAL ETAS:
 SAMPLES FOR GLOBAL SEARCH KERNEL (ISAMPLE_M1):          2
 SAMPLES FOR NEIGHBOR SEARCH KERNEL (ISAMPLE_M1A):       0
 SAMPLES FOR MASS/IMP/POST. MATRIX SEARCH (ISAMPLE_M1B): 2
 SAMPLES FOR LOCAL SEARCH KERNEL (ISAMPLE_M2):           2
 SAMPLES FOR LOCAL UNIVARIATE KERNEL (ISAMPLE_M3):       2
 PWR. WT. MASS/IMP/POST MATRIX ACCUM. FOR ETAS (IKAPPA): 1.00000000000000
 MASS/IMP./POST. MATRIX REFRESH SETTING (MASSREST):      -1
 METROPOLIS HASTINGS POPULATION SAMPLING FOR NON-GIBBS
 SAMPLED THETAS AND SIGMAS:
 PROPOSAL DENSITY SCALING RANGE
              (PSCALE_MIN, PSCALE_MAX):   1.000000000000000E-02   ,1000.00000000000
 SAMPLE ACCEPTANCE RATE (PACCEPT):                       0.500000000000000
 SAMPLES FOR GLOBAL SEARCH KERNEL (PSAMPLE_M1):          1
 SAMPLES FOR LOCAL SEARCH KERNEL (PSAMPLE_M2):           -1
 SAMPLES FOR LOCAL UNIVARIATE KERNEL (PSAMPLE_M3):       1
 METROPOLIS HASTINGS POPULATION SAMPLING FOR NON-GIBBS
 SAMPLED OMEGAS:
 SAMPLE ACCEPTANCE RATE (OACCEPT):                       0.500000000000000
 SAMPLES FOR GLOBAL SEARCH KERNEL (OSAMPLE_M1):          -1
 SAMPLES FOR LOCAL SEARCH KERNEL (OSAMPLE_M2):           -1
 SAMPLES FOR LOCAL UNIVARIATE SEARCH KERNEL (OSAMPLE_M3):0
 DEG. FR. FOR T DIST.  PRIOR FOR THETAS (TTDF):        0.00000000000000
 DEG. FR. FOR LKJ CORRELATION PRIOR FOR OMEGAS (OLKJDF): 0.00000000000000
 WEIGHT FACTOR FOR STD PRIOR FOR OMEGAS (OVARF): 1.00000000000000
 DEG. FR. FOR LKJ CORRELATION PRIOR FOR SIGMAS (SLKJDF): 0.00000000000000
 WEIGHT FACTOR FOR STD PRIOR FOR SIGMAS (SVARF): 1.00000000000000


 THE FOLLOWING LABELS ARE EQUIVALENT
 PRED=PREDI
 RES=RESI
 WRES=WRESI
 IWRS=IWRESI
 IPRD=IPREDI
 IRS=IRESI

 EM/BAYES SETUP:
 THETAS THAT ARE MU MODELED:
   1   2
 THETAS THAT ARE GIBBS SAMPLED:
   1   2
 THETAS THAT ARE METROPOLIS-HASTINGS SAMPLED:
 
 SIGMAS THAT ARE GIBBS SAMPLED:
   1
 SIGMAS THAT ARE METROPOLIS-HASTINGS SAMPLED:
 
 OMEGAS ARE GIBBS SAMPLED

 MONITORING OF SEARCH:

 Burn-in Mode
 iteration        -4000 MCMCOBJ=    1859777.2188155756     
 iteration        -3980 MCMCOBJ=    240.23226637945376     
 iteration        -3960 MCMCOBJ=    248.76632197197912     
 iteration        -3940 MCMCOBJ=    244.04802071446181     
 iteration        -3920 MCMCOBJ=    212.83286403610433     
 iteration        -3900 MCMCOBJ=    145.32964132139008     
 iteration        -3880 MCMCOBJ=    144.53024127764823     
 iteration        -3860 MCMCOBJ=    124.82693736607136     
 iteration        -3840 MCMCOBJ=    130.48508142875880     
 iteration        -3820 MCMCOBJ=    147.40682042795910     
 iteration        -3800 MCMCOBJ=    139.07512210310807     
 iteration        -3780 MCMCOBJ=    140.17197109769234     
 iteration        -3760 MCMCOBJ=    131.58890903832054     
 iteration        -3740 MCMCOBJ=    136.31118942921677     
 Convergence achieved
 Sampling Mode
 iteration            0 MCMCOBJ=    150.35472548286012     
 iteration           20 MCMCOBJ=    110.44072730557717     
 iteration           40 MCMCOBJ=    121.82775718996614     
 iteration           60 MCMCOBJ=    137.78965726986473     
 iteration           80 MCMCOBJ=    127.29047973260089     
 iteration          100 MCMCOBJ=    122.88412043559167     
 iteration          120 MCMCOBJ=    130.67235318584900     
 iteration          140 MCMCOBJ=    117.15071542025913     
 iteration          160 MCMCOBJ=    121.98906359299023     
 iteration          180 MCMCOBJ=    133.19937916726917     
 iteration          200 MCMCOBJ=    117.06301369030849     
 iteration          220 MCMCOBJ=    127.57922643652186     
 iteration          240 MCMCOBJ=    110.83219620233980     
 iteration          260 MCMCOBJ=    122.94673230810430     
 iteration          280 MCMCOBJ=    160.93694523130412     
 iteration          300 MCMCOBJ=    135.98241490007300     
 iteration          320 MCMCOBJ=    116.49008921569079     
 iteration          340 MCMCOBJ=    125.97870995947375     
 iteration          360 MCMCOBJ=    142.30934178284986     
 iteration          380 MCMCOBJ=    127.13535802762571     
 iteration          400 MCMCOBJ=    135.88497667339121     
 iteration          420 MCMCOBJ=    113.64724062484980     
 iteration          440 MCMCOBJ=    138.27248273199416     
 iteration          460 MCMCOBJ=    138.59708818846184     
 iteration          480 MCMCOBJ=    132.12217295224426     
 iteration          500 MCMCOBJ=    135.34597176119263     
 iteration          520 MCMCOBJ=    135.71584354329127     
 iteration          540 MCMCOBJ=    156.14615145307241     
 iteration          560 MCMCOBJ=    128.54335454998838     
 iteration          580 MCMCOBJ=    135.73212867967027     
 iteration          600 MCMCOBJ=    144.95334473128236     
 iteration          620 MCMCOBJ=    110.84904406516675     
 iteration          640 MCMCOBJ=    135.09430408437655     
 iteration          660 MCMCOBJ=    150.88885416215140     
 iteration          680 MCMCOBJ=    152.34767877746177     
 iteration          700 MCMCOBJ=    134.49997182064271     
 iteration          720 MCMCOBJ=    122.15013260909765     
 iteration          740 MCMCOBJ=    132.42397323013327     
 iteration          760 MCMCOBJ=    145.68853127045136     
 iteration          780 MCMCOBJ=    154.19513773331440     
 iteration          800 MCMCOBJ=    149.27960291029882     
 iteration          820 MCMCOBJ=    144.49253367609339     
 iteration          840 MCMCOBJ=    138.57733084038037     
 iteration          860 MCMCOBJ=    146.39715214268116     
 iteration          880 MCMCOBJ=    120.26949818726837     
 iteration          900 MCMCOBJ=    128.20229571501196     
 iteration          920 MCMCOBJ=    150.14859946655429     
 iteration          940 MCMCOBJ=    137.29374234365818     
 iteration          960 MCMCOBJ=    118.97990347060480     
 iteration          980 MCMCOBJ=    133.90136514639153     
 iteration         1000 MCMCOBJ=    129.73699660526961     
 iteration         1020 MCMCOBJ=    130.62191891472975     
 iteration         1040 MCMCOBJ=    132.33314067527886     
 iteration         1060 MCMCOBJ=    134.47590909237823     
 iteration         1080 MCMCOBJ=    143.33599249075218     
 iteration         1100 MCMCOBJ=    158.30293592577206     
 iteration         1120 MCMCOBJ=    137.32370099437202     
 iteration         1140 MCMCOBJ=    136.61990546009343     
 iteration         1160 MCMCOBJ=    132.09076659814298     
 iteration         1180 MCMCOBJ=    138.99244603315603     
 iteration         1200 MCMCOBJ=    165.44056498217608     
 iteration         1220 MCMCOBJ=    141.88426335992978     
 iteration         1240 MCMCOBJ=    142.58696691227192     
 iteration         1260 MCMCOBJ=    123.92135794024304     
 iteration         1280 MCMCOBJ=    139.51983062870244     
 iteration         1300 MCMCOBJ=    109.99322698336057     
 iteration         1320 MCMCOBJ=    122.43466624044822     
 iteration         1340 MCMCOBJ=    144.00065869809896     
 iteration         1360 MCMCOBJ=    127.19896878813742     
 iteration         1380 MCMCOBJ=    117.27704424643635     
 iteration         1400 MCMCOBJ=    141.96634441559416     
 iteration         1420 MCMCOBJ=    126.99942623429348     
 iteration         1440 MCMCOBJ=    125.44826903608453     
 iteration         1460 MCMCOBJ=    137.53749829895972     
 iteration         1480 MCMCOBJ=    135.07853919648753     
 iteration         1500 MCMCOBJ=    144.78658274625178     
 iteration         1520 MCMCOBJ=    143.98401048974955     
 iteration         1540 MCMCOBJ=    117.51729506311652     
 iteration         1560 MCMCOBJ=    137.59567965888959     
 iteration         1580 MCMCOBJ=    132.80797578754604     
 iteration         1600 MCMCOBJ=    147.25917793528188     
 iteration         1620 MCMCOBJ=    157.21725615465695     
 iteration         1640 MCMCOBJ=    138.66950366349300     
 iteration         1660 MCMCOBJ=    129.23076708238506     
 iteration         1680 MCMCOBJ=    174.91683410535262     
 iteration         1700 MCMCOBJ=    125.28959373724733     
 iteration         1720 MCMCOBJ=    158.74115885030525     
 iteration         1740 MCMCOBJ=    131.28050529816284     
 iteration         1760 MCMCOBJ=    150.24773177850889     
 iteration         1780 MCMCOBJ=    146.23204835914555     
 iteration         1800 MCMCOBJ=    134.56636604942773     
 iteration         1820 MCMCOBJ=    144.41306549594006     
 iteration         1840 MCMCOBJ=    126.50446965338917     
 iteration         1860 MCMCOBJ=    149.99583876862445     
 iteration         1880 MCMCOBJ=    131.41556633114718     
 iteration         1900 MCMCOBJ=    124.82500762288072     
 iteration         1920 MCMCOBJ=    147.16767455758503     
 iteration         1940 MCMCOBJ=    130.26637355613698     
 iteration         1960 MCMCOBJ=    133.79750528075843     
 iteration         1980 MCMCOBJ=    129.48379779359658     
 iteration         2000 MCMCOBJ=    123.69103159846254     
 iteration         2020 MCMCOBJ=    138.35968170724394     
 iteration         2040 MCMCOBJ=    117.52999946883655     
 iteration         2060 MCMCOBJ=    132.72533619487203     
 iteration         2080 MCMCOBJ=    130.98047295043287     
 iteration         2100 MCMCOBJ=    120.05677408150963     
 iteration         2120 MCMCOBJ=    121.28927460150058     
 iteration         2140 MCMCOBJ=    132.69383896363144     
 iteration         2160 MCMCOBJ=    157.77801036328310     
 iteration         2180 MCMCOBJ=    139.60581757166872     
 iteration         2200 MCMCOBJ=    158.41402401710673     
 iteration         2220 MCMCOBJ=    132.43757631597168     
 iteration         2240 MCMCOBJ=    163.13009251872228     
 iteration         2260 MCMCOBJ=    138.30328046054922     
 iteration         2280 MCMCOBJ=    126.89364330539381     
 iteration         2300 MCMCOBJ=    111.46387650884120     
 iteration         2320 MCMCOBJ=    143.24879010119682     
 iteration         2340 MCMCOBJ=    135.92549784036572     
 iteration         2360 MCMCOBJ=    125.71642116401981     
 iteration         2380 MCMCOBJ=    139.99600051528910     
 iteration         2400 MCMCOBJ=    149.19608088432676     
 iteration         2420 MCMCOBJ=    133.73674978287539     
 iteration         2440 MCMCOBJ=    137.30120752131799     
 iteration         2460 MCMCOBJ=    129.37096504156875     
 iteration         2480 MCMCOBJ=    123.88248938646362     
 iteration         2500 MCMCOBJ=    127.46918926212078     
 iteration         2520 MCMCOBJ=    137.36999789977074     
 iteration         2540 MCMCOBJ=    130.57656263713722     
 iteration         2560 MCMCOBJ=    127.00948215007222     
 iteration         2580 MCMCOBJ=    141.99372232177896     
 iteration         2600 MCMCOBJ=    119.88991852425175     
 iteration         2620 MCMCOBJ=    120.22496859104274     
 iteration         2640 MCMCOBJ=    142.25932967271160     
 iteration         2660 MCMCOBJ=    139.82633281524735     
 iteration         2680 MCMCOBJ=    127.29716654005253     
 iteration         2700 MCMCOBJ=    124.86101818993288     
 iteration         2720 MCMCOBJ=    137.24959008383104     
 iteration         2740 MCMCOBJ=    132.93748681474625     
 iteration         2760 MCMCOBJ=    124.63019521089444     
 iteration         2780 MCMCOBJ=    111.56550820426416     
 iteration         2800 MCMCOBJ=    120.46902481306071     
 iteration         2820 MCMCOBJ=    138.55941631536277     
 iteration         2840 MCMCOBJ=    117.14782584464430     
 iteration         2860 MCMCOBJ=    127.22182320737572     
 iteration         2880 MCMCOBJ=    137.13949580287095     
 iteration         2900 MCMCOBJ=    118.68641062094848     
 iteration         2920 MCMCOBJ=    130.77259103611129     
 iteration         2940 MCMCOBJ=    124.13826439092243     
 iteration         2960 MCMCOBJ=    124.75495428241570     
 iteration         2980 MCMCOBJ=    134.10338506079609     
 iteration         3000 MCMCOBJ=    131.43615767715590     
 iteration         3020 MCMCOBJ=    142.27278219009159     
 iteration         3040 MCMCOBJ=    150.61452350230323     
 iteration         3060 MCMCOBJ=    119.41682936217535     
 iteration         3080 MCMCOBJ=    136.02852836062667     
 iteration         3100 MCMCOBJ=    132.39276340572940     
 iteration         3120 MCMCOBJ=    127.84688142826292     
 iteration         3140 MCMCOBJ=    135.11858325862946     
 iteration         3160 MCMCOBJ=    129.75544817114451     
 iteration         3180 MCMCOBJ=    132.29435339526327     
 iteration         3200 MCMCOBJ=    140.26446997310671     
 iteration         3220 MCMCOBJ=    142.62031234393672     
 iteration         3240 MCMCOBJ=    130.97768318767720     
 iteration         3260 MCMCOBJ=    141.77613640787737     
 iteration         3280 MCMCOBJ=    111.03722714144396     
 iteration         3300 MCMCOBJ=    131.24068998750573     
 iteration         3320 MCMCOBJ=    125.02199902902362     
 iteration         3340 MCMCOBJ=    133.82815927931182     
 iteration         3360 MCMCOBJ=    130.81180567351385     
 iteration         3380 MCMCOBJ=    127.12422615774474     
 iteration         3400 MCMCOBJ=    138.68021692528905     
 iteration         3420 MCMCOBJ=    155.84151877653437     
 iteration         3440 MCMCOBJ=    154.39832026101763     
 iteration         3460 MCMCOBJ=    131.73733310097313     
 iteration         3480 MCMCOBJ=    128.63287621839109     
 iteration         3500 MCMCOBJ=    109.91677295068116     
 iteration         3520 MCMCOBJ=    131.20998305580105     
 iteration         3540 MCMCOBJ=    136.34932411679162     
 iteration         3560 MCMCOBJ=    120.75779001467957     
 iteration         3580 MCMCOBJ=    136.32652719458767     
 iteration         3600 MCMCOBJ=    137.86396875388436     
 iteration         3620 MCMCOBJ=    125.24351395228135     
 iteration         3640 MCMCOBJ=    135.06488346716404     
 iteration         3660 MCMCOBJ=    153.00117961632191     
 iteration         3680 MCMCOBJ=    113.87378720617677     
 iteration         3700 MCMCOBJ=    131.54072531342203     
 iteration         3720 MCMCOBJ=    155.85603512773568     
 iteration         3740 MCMCOBJ=    125.68953044361082     
 iteration         3760 MCMCOBJ=    136.04757539464183     
 iteration         3780 MCMCOBJ=    138.33019296286173     
 iteration         3800 MCMCOBJ=    143.27859386806401     
 iteration         3820 MCMCOBJ=    116.89810217337701     
 iteration         3840 MCMCOBJ=    135.81341505873186     
 iteration         3860 MCMCOBJ=    124.12835617133355     
 iteration         3880 MCMCOBJ=    132.91908823635495     
 iteration         3900 MCMCOBJ=    128.06386927798965     
 iteration         3920 MCMCOBJ=    144.90889170137257     
 iteration         3940 MCMCOBJ=    122.69981174503852     
 iteration         3960 MCMCOBJ=    131.11231842488934     
 iteration         3980 MCMCOBJ=    127.39389109275247     
 iteration         4000 MCMCOBJ=    141.70801506383557     
 iteration         4020 MCMCOBJ=    131.68386831769530     
 iteration         4040 MCMCOBJ=    140.18495652321837     
 iteration         4060 MCMCOBJ=    134.28785864935421     
 iteration         4080 MCMCOBJ=    143.53643844115166     
 iteration         4100 MCMCOBJ=    126.02943885769876     
 iteration         4120 MCMCOBJ=    137.98716236393849     
 iteration         4140 MCMCOBJ=    146.88070046047082     
 iteration         4160 MCMCOBJ=    142.48094589808994     
 iteration         4180 MCMCOBJ=    126.78669581306991     
 iteration         4200 MCMCOBJ=    114.32990431227711     
 iteration         4220 MCMCOBJ=    125.93555555703807     
 iteration         4240 MCMCOBJ=    133.67283749294495     
 iteration         4260 MCMCOBJ=    132.75569387794636     
 iteration         4280 MCMCOBJ=    141.84661725872957     
 iteration         4300 MCMCOBJ=    143.39836286171206     
 iteration         4320 MCMCOBJ=    142.99935601844149     
 iteration         4340 MCMCOBJ=    143.11388686264280     
 iteration         4360 MCMCOBJ=    147.73800336019269     
 iteration         4380 MCMCOBJ=    131.62691264995470     
 iteration         4400 MCMCOBJ=    140.69517965452675     
 iteration         4420 MCMCOBJ=    119.23808248483874     
 iteration         4440 MCMCOBJ=    112.87451524252197     
 iteration         4460 MCMCOBJ=    118.52443034203999     
 iteration         4480 MCMCOBJ=    138.36122825823080     
 iteration         4500 MCMCOBJ=    129.18601291899088     
 iteration         4520 MCMCOBJ=    132.97135223049906     
 iteration         4540 MCMCOBJ=    133.77012908025563     
 iteration         4560 MCMCOBJ=    164.51591886701243     
 iteration         4580 MCMCOBJ=    121.85881938446045     
 iteration         4600 MCMCOBJ=    134.31871048408001     
 iteration         4620 MCMCOBJ=    126.58700079383723     
 iteration         4640 MCMCOBJ=    121.40140957769708     
 iteration         4660 MCMCOBJ=    138.96338580259305     
 iteration         4680 MCMCOBJ=    127.99479827032779     
 iteration         4700 MCMCOBJ=    137.47180118722392     
 iteration         4720 MCMCOBJ=    129.52285615561306     
 iteration         4740 MCMCOBJ=    146.36678626308171     
 iteration         4760 MCMCOBJ=    137.04997154592044     
 iteration         4780 MCMCOBJ=    113.10469706402762     
 iteration         4800 MCMCOBJ=    127.29290944743778     
 iteration         4820 MCMCOBJ=    120.26727190379565     
 iteration         4840 MCMCOBJ=    148.09134245426873     
 iteration         4860 MCMCOBJ=    124.78596315963658     
 iteration         4880 MCMCOBJ=    119.14196057190202     
 iteration         4900 MCMCOBJ=    152.71274694001946     
 iteration         4920 MCMCOBJ=    156.06993734447738     
 iteration         4940 MCMCOBJ=    145.43298394622383     
 iteration         4960 MCMCOBJ=    134.03104636040948     
 iteration         4980 MCMCOBJ=    133.97468008313965     
 iteration         5000 MCMCOBJ=    118.54972725629973     
 iteration         5020 MCMCOBJ=    117.43406005576429     
 iteration         5040 MCMCOBJ=    148.73479036411547     
 iteration         5060 MCMCOBJ=    156.31485302789807     
 iteration         5080 MCMCOBJ=    137.41672291859237     
 iteration         5100 MCMCOBJ=    122.75164391574030     
 iteration         5120 MCMCOBJ=    123.96953382921420     
 iteration         5140 MCMCOBJ=    169.70103293352227     
 iteration         5160 MCMCOBJ=    111.66995846253367     
 iteration         5180 MCMCOBJ=    130.17742360996408     
 iteration         5200 MCMCOBJ=    150.35683923287348     
 iteration         5220 MCMCOBJ=    139.54171077378874     
 iteration         5240 MCMCOBJ=    133.28416270928955     
 iteration         5260 MCMCOBJ=    156.87273506140932     
 iteration         5280 MCMCOBJ=    142.48850995451392     
 iteration         5300 MCMCOBJ=    128.19750854408886     
 iteration         5320 MCMCOBJ=    139.89441520171397     
 iteration         5340 MCMCOBJ=    114.04608382134263     
 iteration         5360 MCMCOBJ=    145.59355215413251     
 iteration         5380 MCMCOBJ=    152.08990496716652     
 iteration         5400 MCMCOBJ=    134.98553731924241     
 iteration         5420 MCMCOBJ=    149.90973243053571     
 iteration         5440 MCMCOBJ=    130.57198178106853     
 iteration         5460 MCMCOBJ=    126.64337066384250     
 iteration         5480 MCMCOBJ=    151.20875857594959     
 iteration         5500 MCMCOBJ=    132.99212005016219     
 iteration         5520 MCMCOBJ=    153.88892659402970     
 iteration         5540 MCMCOBJ=    141.98286425585800     
 iteration         5560 MCMCOBJ=    120.32890722884598     
 iteration         5580 MCMCOBJ=    135.21669049813090     
 iteration         5600 MCMCOBJ=    139.67069298884212     
 iteration         5620 MCMCOBJ=    141.01184863179944     
 iteration         5640 MCMCOBJ=    138.35344407607468     
 iteration         5660 MCMCOBJ=    125.18080057772863     
 iteration         5680 MCMCOBJ=    145.68011295918231     
 iteration         5700 MCMCOBJ=    140.20008781673343     
 iteration         5720 MCMCOBJ=    142.15404100019197     
 iteration         5740 MCMCOBJ=    125.05969151172221     
 iteration         5760 MCMCOBJ=    132.62560895198726     
 iteration         5780 MCMCOBJ=    134.28402979814223     
 iteration         5800 MCMCOBJ=    124.24471821418352     
 iteration         5820 MCMCOBJ=    135.69045593238903     
 iteration         5840 MCMCOBJ=    143.41706988212249     
 iteration         5860 MCMCOBJ=    139.12563710312224     
 iteration         5880 MCMCOBJ=    111.85237917408547     
 iteration         5900 MCMCOBJ=    145.13404324680207     
 iteration         5920 MCMCOBJ=    140.63626859536922     
 iteration         5940 MCMCOBJ=    149.00883936348933     
 iteration         5960 MCMCOBJ=    150.20913268679911     
 iteration         5980 MCMCOBJ=    115.64424721026721     
 iteration         6000 MCMCOBJ=    138.30977964090170     
 iteration         6020 MCMCOBJ=    129.20407596271528     
 iteration         6040 MCMCOBJ=    123.24877065644694     
 iteration         6060 MCMCOBJ=    142.65437736390746     
 iteration         6080 MCMCOBJ=    123.40186439821633     
 iteration         6100 MCMCOBJ=    126.44390012394963     
 iteration         6120 MCMCOBJ=    111.91080756224667     
 iteration         6140 MCMCOBJ=    162.45667774470121     
 iteration         6160 MCMCOBJ=    136.44121213684269     
 iteration         6180 MCMCOBJ=    144.82443695940307     
 iteration         6200 MCMCOBJ=    140.04168137246913     
 iteration         6220 MCMCOBJ=    124.23099092904482     
 iteration         6240 MCMCOBJ=    157.55968681732145     
 iteration         6260 MCMCOBJ=    133.16838976075641     
 iteration         6280 MCMCOBJ=    130.90635728239283     
 iteration         6300 MCMCOBJ=    109.68578228030185     
 iteration         6320 MCMCOBJ=    138.99965263058047     
 iteration         6340 MCMCOBJ=    138.15200394337111     
 iteration         6360 MCMCOBJ=    150.28720456336094     
 iteration         6380 MCMCOBJ=    144.53257279632402     
 iteration         6400 MCMCOBJ=    140.91029688961356     
 iteration         6420 MCMCOBJ=    123.26390892971401     
 iteration         6440 MCMCOBJ=    123.09037063172029     
 iteration         6460 MCMCOBJ=    125.79827055099835     
 iteration         6480 MCMCOBJ=    123.48154326830237     
 iteration         6500 MCMCOBJ=    152.59521885750232     
 iteration         6520 MCMCOBJ=    143.27420521254953     
 iteration         6540 MCMCOBJ=    123.19626069468657     
 iteration         6560 MCMCOBJ=    129.14428341942821     
 iteration         6580 MCMCOBJ=    120.82499862735884     
 iteration         6600 MCMCOBJ=    129.05390369300906     
 iteration         6620 MCMCOBJ=    134.27108836321267     
 iteration         6640 MCMCOBJ=    131.31975486208140     
 iteration         6660 MCMCOBJ=    129.24414406000460     
 iteration         6680 MCMCOBJ=    127.66695342826284     
 iteration         6700 MCMCOBJ=    133.65913655441364     
 iteration         6720 MCMCOBJ=    134.45506221038332     
 iteration         6740 MCMCOBJ=    140.03836092680325     
 iteration         6760 MCMCOBJ=    139.64360075007116     
 iteration         6780 MCMCOBJ=    135.75856538298225     
 iteration         6800 MCMCOBJ=    126.32161377457282     
 iteration         6820 MCMCOBJ=    142.58116515758880     
 iteration         6840 MCMCOBJ=    145.91733493699414     
 iteration         6860 MCMCOBJ=    126.01494555178699     
 iteration         6880 MCMCOBJ=    163.08138531326586     
 iteration         6900 MCMCOBJ=    113.29437037477108     
 iteration         6920 MCMCOBJ=    143.16400681786635     
 iteration         6940 MCMCOBJ=    137.15253052886297     
 iteration         6960 MCMCOBJ=    142.35728401172858     
 iteration         6980 MCMCOBJ=    141.08339966351409     
 iteration         7000 MCMCOBJ=    152.09177163915467     
 iteration         7020 MCMCOBJ=    141.57131579042434     
 iteration         7040 MCMCOBJ=    133.65844167414485     
 iteration         7060 MCMCOBJ=    138.08941994088184     
 iteration         7080 MCMCOBJ=    137.26666542052075     
 iteration         7100 MCMCOBJ=    133.83004111571751     
 iteration         7120 MCMCOBJ=    145.59663350738219     
 iteration         7140 MCMCOBJ=    136.85146266629928     
 iteration         7160 MCMCOBJ=    160.93684319163154     
 iteration         7180 MCMCOBJ=    148.48983974952486     
 iteration         7200 MCMCOBJ=    134.43033870883684     
 iteration         7220 MCMCOBJ=    139.14341762638367     
 iteration         7240 MCMCOBJ=    130.13504035162094     
 iteration         7260 MCMCOBJ=    146.29774693300922     
 iteration         7280 MCMCOBJ=    122.32074805384757     
 iteration         7300 MCMCOBJ=    135.10468584751374     
 iteration         7320 MCMCOBJ=    130.10909843740163     
 iteration         7340 MCMCOBJ=    147.82099055011943     
 iteration         7360 MCMCOBJ=    119.82289090291273     
 iteration         7380 MCMCOBJ=    136.49927160247603     
 iteration         7400 MCMCOBJ=    114.31628396052832     
 iteration         7420 MCMCOBJ=    142.68685554497293     
 iteration         7440 MCMCOBJ=    136.90261971003815     
 iteration         7460 MCMCOBJ=    137.02515713918729     
 iteration         7480 MCMCOBJ=    138.56122060235961     
 iteration         7500 MCMCOBJ=    122.34321190526610     
 iteration         7520 MCMCOBJ=    129.11157665451802     
 iteration         7540 MCMCOBJ=    123.59198405276960     
 iteration         7560 MCMCOBJ=    144.33563802520814     
 iteration         7580 MCMCOBJ=    133.48913171801044     
 iteration         7600 MCMCOBJ=    121.93434935686581     
 iteration         7620 MCMCOBJ=    131.66704429714352     
 iteration         7640 MCMCOBJ=    129.61735644354516     
 iteration         7660 MCMCOBJ=    120.37957195722032     
 iteration         7680 MCMCOBJ=    157.10956973910001     
 iteration         7700 MCMCOBJ=    142.60256384577173     
 iteration         7720 MCMCOBJ=    121.20084455138483     
 iteration         7740 MCMCOBJ=    133.70033986943676     
 iteration         7760 MCMCOBJ=    130.14871148594540     
 iteration         7780 MCMCOBJ=    121.13770158917582     
 iteration         7800 MCMCOBJ=    143.50156826670016     
 iteration         7820 MCMCOBJ=    139.83052427622556     
 iteration         7840 MCMCOBJ=    141.29438660341881     
 iteration         7860 MCMCOBJ=    131.69585220436772     
 iteration         7880 MCMCOBJ=    119.34288129029638     
 iteration         7900 MCMCOBJ=    146.95419694641299     
 iteration         7920 MCMCOBJ=    136.02226444142411     
 iteration         7940 MCMCOBJ=    136.12476277907285     
 iteration         7960 MCMCOBJ=    144.17791431693266     
 iteration         7980 MCMCOBJ=    142.12796432308139     
 iteration         8000 MCMCOBJ=    124.20852710560271     
 iteration         8020 MCMCOBJ=    143.18981529486399     
 iteration         8040 MCMCOBJ=    114.90271039754786     
 iteration         8060 MCMCOBJ=    134.84771638348280     
 iteration         8080 MCMCOBJ=    145.89029663212136     
 iteration         8100 MCMCOBJ=    126.04147112552363     
 iteration         8120 MCMCOBJ=    121.04614290805696     
 iteration         8140 MCMCOBJ=    143.92463347771499     
 iteration         8160 MCMCOBJ=    127.56091961134135     
 iteration         8180 MCMCOBJ=    103.93203992637018     
 iteration         8200 MCMCOBJ=    141.95329158218203     
 iteration         8220 MCMCOBJ=    153.29188781826377     
 iteration         8240 MCMCOBJ=    129.12629621205082     
 iteration         8260 MCMCOBJ=    116.50185559170642     
 iteration         8280 MCMCOBJ=    147.02273792385469     
 iteration         8300 MCMCOBJ=    146.06388381912683     
 iteration         8320 MCMCOBJ=    115.71048039606687     
 iteration         8340 MCMCOBJ=    160.89377121637315     
 iteration         8360 MCMCOBJ=    133.81557770301526     
 iteration         8380 MCMCOBJ=    130.52741085502609     
 iteration         8400 MCMCOBJ=    130.09281354791170     
 iteration         8420 MCMCOBJ=    167.50850235707091     
 iteration         8440 MCMCOBJ=    128.50749188049789     
 iteration         8460 MCMCOBJ=    160.73103715558361     
 iteration         8480 MCMCOBJ=    123.19376937959386     
 iteration         8500 MCMCOBJ=    145.36831459269342     
 iteration         8520 MCMCOBJ=    154.15510143949248     
 iteration         8540 MCMCOBJ=    132.30529486688857     
 iteration         8560 MCMCOBJ=    121.34258062504782     
 iteration         8580 MCMCOBJ=    130.36713320422373     
 iteration         8600 MCMCOBJ=    126.61737874233560     
 iteration         8620 MCMCOBJ=    119.00270588309046     
 iteration         8640 MCMCOBJ=    122.63381135506967     
 iteration         8660 MCMCOBJ=    137.35948380026144     
 iteration         8680 MCMCOBJ=    151.46050815165779     
 iteration         8700 MCMCOBJ=    149.58189521103174     
 iteration         8720 MCMCOBJ=    136.12142414707276     
 iteration         8740 MCMCOBJ=    126.70026741766655     
 iteration         8760 MCMCOBJ=    124.67177502996718     
 iteration         8780 MCMCOBJ=    144.64443275173355     
 iteration         8800 MCMCOBJ=    130.27242048299604     
 iteration         8820 MCMCOBJ=    141.94715509769449     
 iteration         8840 MCMCOBJ=    146.82666644139627     
 iteration         8860 MCMCOBJ=    136.84770144438508     
 iteration         8880 MCMCOBJ=    121.40152515153609     
 iteration         8900 MCMCOBJ=    145.65427024569016     
 iteration         8920 MCMCOBJ=    116.16227063760074     
 iteration         8940 MCMCOBJ=    133.71908674661643     
 iteration         8960 MCMCOBJ=    134.83431997030968     
 iteration         8980 MCMCOBJ=    148.76360280705489     
 iteration         9000 MCMCOBJ=    139.28754325902099     
 iteration         9020 MCMCOBJ=    146.14600245266951     
 iteration         9040 MCMCOBJ=    122.17163891496979     
 iteration         9060 MCMCOBJ=    113.16332108710208     
 iteration         9080 MCMCOBJ=    118.39840552658519     
 iteration         9100 MCMCOBJ=    139.13209667870257     
 iteration         9120 MCMCOBJ=    155.62729597504830     
 iteration         9140 MCMCOBJ=    146.49905507862832     
 iteration         9160 MCMCOBJ=    129.07871584769541     
 iteration         9180 MCMCOBJ=    137.62628204302985     
 iteration         9200 MCMCOBJ=    152.91334120807747     
 iteration         9220 MCMCOBJ=    148.03211530360406     
 iteration         9240 MCMCOBJ=    147.53662232211866     
 iteration         9260 MCMCOBJ=    149.86280201585635     
 iteration         9280 MCMCOBJ=    140.93493777552524     
 iteration         9300 MCMCOBJ=    130.57448334261036     
 iteration         9320 MCMCOBJ=    147.45351055864504     
 iteration         9340 MCMCOBJ=    122.92663126173753     
 iteration         9360 MCMCOBJ=    130.80685733549132     
 iteration         9380 MCMCOBJ=    133.51596861132546     
 iteration         9400 MCMCOBJ=    134.50450565157254     
 iteration         9420 MCMCOBJ=    130.33215745291193     
 iteration         9440 MCMCOBJ=    164.33276529082221     
 iteration         9460 MCMCOBJ=    119.73623680516300     
 iteration         9480 MCMCOBJ=    134.77957997696984     
 iteration         9500 MCMCOBJ=    128.20909912149395     
 iteration         9520 MCMCOBJ=    107.42988218699435     
 iteration         9540 MCMCOBJ=    130.80424191418950     
 iteration         9560 MCMCOBJ=    147.15057722102648     
 iteration         9580 MCMCOBJ=    154.62270004530637     
 iteration         9600 MCMCOBJ=    121.86364207105535     
 iteration         9620 MCMCOBJ=    132.67284500516715     
 iteration         9640 MCMCOBJ=    138.99106019085667     
 iteration         9660 MCMCOBJ=    131.18375535486879     
 iteration         9680 MCMCOBJ=    123.31010699435885     
 iteration         9700 MCMCOBJ=    114.45512202359662     
 iteration         9720 MCMCOBJ=    107.49267210987954     
 iteration         9740 MCMCOBJ=    144.13817433283529     
 iteration         9760 MCMCOBJ=    127.08249701294601     
 iteration         9780 MCMCOBJ=    148.63345398603175     
 iteration         9800 MCMCOBJ=    126.43629509705023     
 iteration         9820 MCMCOBJ=    125.04054668568924     
 iteration         9840 MCMCOBJ=    128.08066387268968     
 iteration         9860 MCMCOBJ=    122.16500254988941     
 iteration         9880 MCMCOBJ=    123.75756634458948     
 iteration         9900 MCMCOBJ=    132.62392740565272     
 iteration         9920 MCMCOBJ=    159.98179768814813     
 iteration         9940 MCMCOBJ=    141.81266666189671     
 iteration         9960 MCMCOBJ=    148.67523969847841     
 iteration         9980 MCMCOBJ=    126.74892801806385     
 iteration        10000 MCMCOBJ=    129.49337142043396     
 BURN-IN WAS COMPLETED

 #TERM:
 STATISTICAL PORTION WAS COMPLETED
  
 TOTAL DATA POINTS NORMALLY DISTRIBUTED (N):           54
 N*LOG(2PI) CONSTANT TO OBJECTIVE FUNCTION:    99.245361586104650     
 OBJECTIVE FUNCTION VALUE WITHOUT CONSTANT:    134.28172353871108     
 OBJECTIVE FUNCTION VALUE WITH CONSTANT:       233.52708512481573     
 REPORTED OBJECTIVE FUNCTION DOES NOT CONTAIN CONSTANT
  
 TOTAL EFFECTIVE ETAS (NIND*NETA):                            36
 NIND*NETA*LOG(2PI) CONSTANT TO OBJECTIVE FUNCTION:    66.163574390736429     
 OBJECTIVE FUNCTION VALUE WITHOUT CONSTANT:    134.28172353871108     
 OBJECTIVE FUNCTION VALUE WITH CONSTANT:       200.44529792944752     
 REPORTED OBJECTIVE FUNCTION DOES NOT CONTAIN CONSTANT
  
 PRIOR CONSTANT TO OBJECTIVE FUNCTION:    30.823646298206345     
 OBJECTIVE FUNCTION VALUE WITHOUT CONSTANT:    134.28172353871108     
 OBJECTIVE FUNCTION VALUE WITH CONSTANT:       165.10536983691742     
 REPORTED OBJECTIVE FUNCTION DOES NOT CONTAIN CONSTANT
  
 #TERE:
 Elapsed estimation  time in seconds:    28.86
 Elapsed covariance  time in seconds:     0.00
1
 
 
 
 
 
 
 
 
 
 
 
 
 
 
 
 
 
 
 
 
 ************************************************************************************************************************
 ********************                                                                                ********************
 ********************                              MCMC BAYESIAN ANALYSIS                            ********************
 #OBJT:**************                       AVERAGE VALUE OF LIKELIHOOD FUNCTION                     ********************
 ********************                                                                                ********************
 ************************************************************************************************************************
 





 #OBJV:********************************************      134.282       **************************************************
 #OBJS:********************************************       11.962 (STD) **************************************************
1
 ************************************************************************************************************************
 ********************                                                                                ********************
 ********************                              MCMC BAYESIAN ANALYSIS                            ********************
 ********************                             FINAL PARAMETER ESTIMATE                           ********************
 ********************                                                                                ********************
 ************************************************************************************************************************
 


 THETA - VECTOR OF FIXED EFFECTS PARAMETERS   *********


         THETA(CL) THETA(V) 
 
         3.53E+00  3.51E+01
 


 OMEGA - COV MATRIX FOR RANDOM EFFECTS - ETAS  ********


         ETA(CL)   ETA(V)   
 
 ETA(CL)
+        1.19E-01
 
 ETA(V)
+        1.68E-02  8.49E-02
 


 SIGMA - COV MATRIX FOR RANDOM EFFECTS - EPSILONS  ****


         EPS1     
 
 EPS1
+        3.71E-02
 
1


 OMEGA - CORR MATRIX FOR RANDOM EFFECTS - ETAS  *******


         ETA(CL)   ETA(V)   
 
 ETA(CL)
+        3.37E-01
 
 ETA(V)
+        1.72E-01  2.85E-01
 


 SIGMA - CORR MATRIX FOR RANDOM EFFECTS - EPSILONS  ***


         EPS1     
 
 EPS1
+        1.90E-01
 
1
 ************************************************************************************************************************
 ********************                                                                                ********************
 ********************                              MCMC BAYESIAN ANALYSIS                            ********************
 ********************                STANDARD ERROR OF ESTIMATE (From Sample Variance)               ********************
 ********************                                                                                ********************
 ************************************************************************************************************************
 


 THETA - VECTOR OF FIXED EFFECTS PARAMETERS   *********


         THETA(CL) THETA(V) 
 
         3.34E-01  3.07E+00
 


 OMEGA - COV MATRIX FOR RANDOM EFFECTS - ETAS  ********


         ETA(CL)   ETA(V)   
 
 ETA(CL)
+        5.33E-02
 
 ETA(V)
+        3.14E-02  3.74E-02
 


 SIGMA - COV MATRIX FOR RANDOM EFFECTS - EPSILONS  ****


         EPS1     
 
 EPS1
+        1.13E-02
 
1


 OMEGA - CORR MATRIX FOR RANDOM EFFECTS - ETAS  *******


         ETA(CL)   ETA(V)   
 
 ETA(CL)
+        7.18E-02
 
 ETA(V)
+        2.72E-01  5.96E-02
 


 SIGMA - CORR MATRIX FOR RANDOM EFFECTS - EPSILONS  ***


         EPS1     
 
 EPS1
+        2.82E-02
 
1
 ************************************************************************************************************************
 ********************                                                                                ********************
 ********************                              MCMC BAYESIAN ANALYSIS                            ********************
 ********************               COVARIANCE MATRIX OF ESTIMATE (From Sample Variance)             ********************
 ********************                                                                                ********************
 ************************************************************************************************************************
 

            TH 1      TH 2      OM11      OM12      OM22      SG11  
 
 TH 1
+        1.12E-01
 
 TH 2
+        2.42E-02  9.40E+00
 
 OM11
+       -1.72E-03  1.00E-02  2.84E-03
 
 OM12
+        1.10E-03 -1.95E-03  2.10E-04  9.88E-04
 
 OM22
+       -4.03E-04 -1.48E-03  1.16E-04  1.75E-04  1.40E-03
 
 SG11
+       -7.28E-05  3.92E-03 -3.81E-05 -8.84E-06 -4.33E-06  1.28E-04
 
1
 ************************************************************************************************************************
 ********************                                                                                ********************
 ********************                              MCMC BAYESIAN ANALYSIS                            ********************
 ********************              CORRELATION MATRIX OF ESTIMATE (From Sample Variance)             ********************
 ********************                                                                                ********************
 ************************************************************************************************************************
 

            TH 1      TH 2      OM11      OM12      OM22      SG11  
 
 TH 1
+        3.34E-01
 
 TH 2
+        2.36E-02  3.07E+00
 
 OM11
+       -9.66E-02  6.13E-02  5.33E-02
 
 OM12
+        1.04E-01 -2.02E-02  1.25E-01  3.14E-02
 
 OM22
+       -3.22E-02 -1.29E-02  5.82E-02  1.49E-01  3.74E-02
 
 SG11
+       -1.92E-02  1.13E-01 -6.32E-02 -2.48E-02 -1.02E-02  1.13E-02
 
1
 ************************************************************************************************************************
 ********************                                                                                ********************
 ********************                              MCMC BAYESIAN ANALYSIS                            ********************
 ********************           INVERSE COVARIANCE MATRIX OF ESTIMATE (From Sample Variance)         ********************
 ********************                                                                                ********************
 ************************************************************************************************************************
 

            TH 1      TH 2      OM11      OM12      OM22      SG11  
 
 TH 1
+        9.20E+00
 
 TH 2
+       -3.58E-02  1.09E-01
 
 OM11
+        6.56E+00 -4.77E-01  3.66E+02
 
 OM12
+       -1.23E+01  3.08E-01 -8.17E+01  1.07E+03
 
 OM22
+        3.63E+00  9.51E-02 -1.83E+01 -1.30E+02  7.34E+02
 
 SG11
+        7.54E+00 -3.45E+00  1.21E+02  2.85E+01  9.52E+00  7.95E+03
 
 Elapsed postprocess time in seconds:     0.00
 #CPUT: Total CPU Time in Seconds,       19.328
Stop Time: 
Tue 01/03/2017 
10:26 PM
