Tue 01/03/2017 
10:24 PM
$PROB one cmpt simple mu modeled bayes multidose nids: 9 scenario: s1d
;; based_on: run100
$SUB ADVAN1 TRANS2
$INPUT ID TIME DV OBSNUM CMT EVID AMT RATE ADDL II 
$DATA ..\..\mdata\simple_nocovar_56id_6tp_md.csv
IGNORE=@ 
IGNORE=(OBSNUM.EQN.2)
IGNORE=(OBSNUM.EQN.4)
IGNORE=(OBSNUM.EQN.5)
IGNORE=(OBSNUM.EQN.6)
IGNORE=(ID.GT.9)
$ABBR REPLACE THETA(CL, V) = THETA(1 to 2)
$ABBR REPLACE ETA(CL, V) = ETA(1 to 2)

$THETAI
THETA(1:NTHETA)=LOG(THETAI(1:NTHETA))
THETAP(1:NTHETAP)=LOG(THETAPI(1:NTHETAP))
$THETAR
THETAR(1:NTHETA)=EXP(THETA(1:NTHETA))
THETAPR(1:NTHETAP)=EXP(THETAP(1:NTHETAP))

$PRIOR NWPRI 

$PK
"USE NMBAYES_INT, ONLY: ITER_REPORT,BAYES_EXTRA_REQUEST,BAYES_EXTRA
; Request extra information for Bayesian analysis.
; An extra call will then be made for accepted samples
"BAYES_EXTRA_REQUEST=1

MU_1 = THETA(CL)
MU_2 = THETA(V)
CL = EXP(MU_1 + ETA(CL))
V = EXP(MU_2 + ETA(V))
S1 = V

"IF(BAYES_EXTRA==1 .AND. ITER_REPORT>=0 .AND. TIME==0.0) THEN
"WRITE(50,98) ITER_REPORT,ID,CL,V
"98 FORMAT(I12,1X,F14.0,4(1X,1PG12.5))
"ENDIF

$ERROR
IPRED=F
Y = IPRED*(1 + ERR(1))  

$THETA
(0.001, 2.5) ; TVCL
(0.001, 46) ; TVV

$OMEGA BLOCK(2)
0.1    ; nCL
0.1  0.1  ; nV

$SIGMA
0.03 ; PROP

; THETA PRIORS
$THETAP (2.5 FIX) (46 FIX) 

; THETA (uniformative) PRIORs
$THETAPV BLOCK(2)
10000 FIX
0.0 10000 

$OMEGAP BLOCK(2)
0.2 FIX
0 0.2

; degrees of freedom to prior omega matrix - low dof = highly uninformative
$OMEGAPD (2 FIX)

$EST METHOD=CHAIN FILE=..\run100.chn NSAMPLE=0 ISAMPLE=3 DF=20
$EST METHOD=BAYES INTER NBURN=4000 NITER=10000 PRINT=20 NOPRIOR=0 CTYPE=3 CITER=10 SEED=56664
  
NM-TRAN MESSAGES 
  
 WARNINGS AND ERRORS (IF ANY) FOR PROBLEM    1
             
 (WARNING  2) NM-TRAN INFERS THAT THE DATA ARE POPULATION.

 (MU_WARNING 20) MU_001: MU_ VARIABLE SHOULD NOT BE DEFINED AFTER VERBATIM CODE.
  
License Registered to: Devin Pastoor
Expiration Date:    14 NOV 2017
Current Date:        3 JAN 2017
Days until program expires : 311
1NONLINEAR MIXED EFFECTS MODEL PROGRAM (NONMEM) VERSION 7.4.0 alpha14 (nm74a14)
 ORIGINALLY DEVELOPED BY STUART BEAL, LEWIS SHEINER, AND ALISON BOECKMANN
 CURRENT DEVELOPERS ARE ROBERT BAUER, ICON DEVELOPMENT SOLUTIONS,
 AND ALISON BOECKMANN. IMPLEMENTATION, EFFICIENCY, AND STANDARDIZATION
 PERFORMED BY NOUS INFOSYSTEMS.

 PROBLEM NO.:         1
 one cmpt simple mu modeled bayes multidose nids: 9 scenario: s1d
0DATA CHECKOUT RUN:              NO
 DATA SET LOCATED ON UNIT NO.:    2
 THIS UNIT TO BE REWOUND:        NO
 NO. OF DATA RECS IN DATA SET:       27
 NO. OF DATA ITEMS IN DATA SET:  11
 ID DATA ITEM IS DATA ITEM NO.:   1
 DEP VARIABLE IS DATA ITEM NO.:   3
 MDV DATA ITEM IS DATA ITEM NO.: 11
0INDICES PASSED TO SUBROUTINE PRED:
   6   2   7   8   0  10   5   0   0   0   9
0LABELS FOR DATA ITEMS:
 ID TIME DV OBSNUM CMT EVID AMT RATE ADDL II MDV
0LABELS FOR THETAS
 THETA(1)=THETA(CL)
 THETA(2)=THETA(V)
0LABELS FOR ETAS
 ETA(1)=ETA(CL)
0LABELS FOR ETAS
 ETA(2)=ETA(V)
0FORMAT FOR DATA:
 (E2.0,E3.0,E17.0,3E2.0,2E5.0,E2.0,E3.0,1F2.0)

 TOT. NO. OF OBS RECS:       18
 TOT. NO. OF INDIVIDUALS:      9
0LENGTH OF THETA:   5
0DEFAULT THETA BOUNDARY TEST OMITTED:    NO
0OMEGA HAS BLOCK FORM:
  1
  1  1
  0  0  2
  0  0  2  2
  0  0  0  0  3
  0  0  0  0  3  3
0DEFAULT OMEGA BOUNDARY TEST OMITTED:    NO
0SIGMA HAS SIMPLE DIAGONAL FORM WITH DIMENSION:   1
0DEFAULT SIGMA BOUNDARY TEST OMITTED:    NO
0INITIAL ESTIMATE OF THETA:
 LOWER BOUND    INITIAL EST    UPPER BOUND
  0.1000E-02     0.2500E+01     0.1000E+07
  0.1000E-02     0.4600E+02     0.1000E+07
  0.2500E+01     0.2500E+01     0.2500E+01
  0.4600E+02     0.4600E+02     0.4600E+02
  0.2000E+01     0.2000E+01     0.2000E+01
0INITIAL ESTIMATE OF OMEGA:
 BLOCK SET NO.   BLOCK                                                                    FIXED
        1                                                                                   NO
 DIAGONAL SHIFT OF  1.1000E-07 WAS IMPOSED TO ENSURE POSITIVE DEFINITENESS
                  0.1000E+00
                  0.1000E+00   0.1000E+00
        2                                                                                  YES
                  0.1000E+05
                  0.0000E+00   0.1000E+05
        3                                                                                  YES
                  0.2000E+00
                  0.0000E+00   0.2000E+00
0INITIAL ESTIMATE OF SIGMA:
 0.3000E-01
0
 THETAI SUBROUTINE USER-SUPPLIED
 THETAR SUBROUTINE USER-SUPPLIED
 PRIOR SUBROUTINE USER-SUPPLIED
1DOUBLE PRECISION PREDPP VERSION 7.4.0 alpha14 (nm74a14)

 ONE COMPARTMENT MODEL (ADVAN1)
0MAXIMUM NO. OF BASIC PK PARAMETERS:   2
0BASIC PK PARAMETERS (AFTER TRANSLATION):
   ELIMINATION RATE (K) IS BASIC PK PARAMETER NO.:  1

 TRANSLATOR WILL CONVERT PARAMETERS
 CLEARANCE (CL) AND VOLUME (V) TO K (TRANS2)
0COMPARTMENT ATTRIBUTES
 COMPT. NO.   FUNCTION   INITIAL    ON/OFF      DOSE      DEFAULT    DEFAULT
                         STATUS     ALLOWED    ALLOWED    FOR DOSE   FOR OBS.
    1         CENTRAL      ON         NO         YES        YES        YES
    2         OUTPUT       OFF        YES        NO         NO         NO
1
 ADDITIONAL PK PARAMETERS - ASSIGNMENT OF ROWS IN GG
 COMPT. NO.                             INDICES
              SCALE      BIOAVAIL.   ZERO-ORDER  ZERO-ORDER  ABSORB
                         FRACTION    RATE        DURATION    LAG
    1            3           *           *           *           *
    2            *           -           -           -           -
             - PARAMETER IS NOT ALLOWED FOR THIS MODEL
             * PARAMETER IS NOT SUPPLIED BY PK SUBROUTINE;
               WILL DEFAULT TO ONE IF APPLICABLE
0DATA ITEM INDICES USED BY PRED ARE:
   EVENT ID DATA ITEM IS DATA ITEM NO.:      6
   TIME DATA ITEM IS DATA ITEM NO.:          2
   DOSE AMOUNT DATA ITEM IS DATA ITEM NO.:   7
   DOSE RATE DATA ITEM IS DATA ITEM NO.:     8
   INTERVAL DATA ITEM IS DATA ITEM NO.:     10
   ADDL. DOSES DATA ITEM IS DATA ITEM NO.:   9
   COMPT. NO. DATA ITEM IS DATA ITEM NO.:    5

0PK SUBROUTINE CALLED WITH EVERY EVENT RECORD.
 PK SUBROUTINE NOT CALLED AT NONEVENT (ADDITIONAL OR LAGGED) DOSE TIMES.
0ERROR SUBROUTINE CALLED WITH EVERY EVENT RECORD.
1


 #TBLN:      1
 #METH: Chain Method Processing

 RANDOM GENERATION TYPE (CTYPE):     0
 RANDOM GENERATION SEED (SEED):      11456
 RANDOM SAMPLE SELECTION (ISAMPLE):  3
 RANDOM SAMPLE RANGE END (ISAMPEND): -2147483647
 NUMBER OF RANDOM SAMPLES (NSAMPLE): 0
 UNIFORM FRACTIONAL RANGE (IACCEPT): 0.400000000000000
 RANDOM SELECTION TYPE (SELECT):     0
 DEG. FR. TO GENERATE OMEGAS (DF):   20
 DEG. FR. TO GENERATE SIGMAS (DFS):  -1
 CHAIN FILE (FILE):                  ..\run100.chn
 EXCL. TITLE IN CHAIN FILE (NOTITLE):NO
 EX. COL. LBS. IN CHAIN FL.(NOLABEL):NO
 FORMAT FOR CHAIN FILE (FORMAT):     S1PE12.5
 PAR. ORDER in CHAIN FILE (ORDER):   TSOL
 RANDOM SAMPLING METHOD (RANMETHOD):3U

 THE FOLLOWING LABELS ARE EQUIVALENT
 PRED=NPRED
 RES=NRES
 WRES=NWRES
 IWRS=NIWRES
 IPRD=NIPRED
 IRS=NIRES



 FROM SAMPLE 3 OF CHAIN FILE ..\run100.chn
 NEW INITIAL ESTIMATES OF THETA
  0.1754E-01
  0.2172E+01
 NEW INITIAL ESTIMATES OF OMEGA
 DIAGONAL SHIFT OF  2.2018E-07 WAS IMPOSED ON OMEGAS TO ENSURE POSITIVE DEFINITENESS
  0.2002E+00
  0.2002E+00  0.2003E+00
 NEW INITIAL ESTIMATES OF SIGMA
  0.1176E-01
1


 #TBLN:      1
 #METH: MCMC Bayesian Analysis

 ESTIMATION STEP OMITTED:                 NO
 ANALYSIS TYPE:                           POPULATION
 NUMBER OF SADDLE POINT RESET ITERATIONS:      0
 GRADIENT METHOD USED:               NOSLOW
 CONDITIONAL ESTIMATES USED:              YES
 CENTERED ETA:                            NO
 EPS-ETA INTERACTION:                     YES
 LAPLACIAN OBJ. FUNC.:                    NO
 NO. OF FUNCT. EVALS. ALLOWED:            840
 NO. OF SIG. FIGURES REQUIRED:            3
 INTERMEDIATE PRINTOUT:                   YES
 ESTIMATE OUTPUT TO MSF:                  NO
 IND. OBJ. FUNC. VALUES SORTED:           NO
 NUMERICAL DERIVATIVE
       FILE REQUEST (NUMDER):               NONE
 MAP (ETAHAT) ESTIMATION METHOD (OPTMAP):   0
 ETA HESSIAN EVALUATION METHOD (ETADER):    0
 INITIAL ETA FOR MAP ESTIMATION (MCETA):    0
 SIGDIGITS FOR MAP ESTIMATION (SIGLO):      100
 GRADIENT SIGDIGITS OF
       FIXED EFFECTS PARAMETERS (SIGL):     100
 NOPRIOR SETTING (NOPRIOR):                 OFF
 NOCOV SETTING (NOCOV):                     OFF
 DERCONT SETTING (DERCONT):                 OFF
 FINAL ETA RE-EVALUATION (FNLETA):          ON
 EXCLUDE NON-INFLUENTIAL (NON-INFL.) ETAS
       IN SHRINKAGE (ETASTYPE):             NO
 NON-INFL. ETA CORRECTION (NONINFETA):      OFF
 RAW OUTPUT FILE (FILE): run105_nids_9_s1d_c3.ext
 EXCLUDE TITLE (NOTITLE):                   NO
 EXCLUDE COLUMN LABELS (NOLABEL):           NO
 FORMAT FOR ADDITIONAL FILES (FORMAT):      S1PE12.5
 PARAMETER ORDER FOR OUTPUTS (ORDER):       TSOL
 WISHART PRIOR DF INTERPRETATION (WISHTYPE):0
 KNUTHSUMOFF:                               0
 INCLUDE LNTWOPI:                           NO
 INCLUDE CONSTANT TERM TO PRIOR (PRIORC):   NO
 INCLUDE CONSTANT TERM TO OMEGA (ETA) (OLNTWOPI):NO
 EM OR BAYESIAN METHOD USED:                MCMC BAYESIAN (BAYES)
 MU MODELING PATTERN (MUM):
 GRADIENT/GIBBS PATTERN (GRD):
 AUTOMATIC SETTING FEATURE (AUTO):          OFF
 CONVERGENCE TYPE (CTYPE):                  3
 KEEP ITERATIONS (THIN):            1
 CONVERGENCE INTERVAL (CINTERVAL):          20
 CONVERGENCE ITERATIONS (CITER):            10
 CONVERGENCE ALPHA ERROR (CALPHA):          5.000000000000000E-02
 BURN-IN ITERATIONS (NBURN):                4000
 ITERATIONS (NITER):                        10000
 ANEAL SETTING (CONSTRAIN):                 1
 STARTING SEED FOR MC METHODS (SEED):       56664
 MC SAMPLES PER SUBJECT (ISAMPLE):          1
 RANDOM SAMPLING METHOD (RANMETHOD):        3U
 PROPOSAL DENSITY SCALING RANGE
              (ISCALE_MIN, ISCALE_MAX):     1.000000000000000E-06   ,1000000.00000000
 SAMPLE ACCEPTANCE RATE (IACCEPT):          0.400000000000000
 METROPOLIS HASTINGS SAMPLING FOR INDIVIDUAL ETAS:
 SAMPLES FOR GLOBAL SEARCH KERNEL (ISAMPLE_M1):          2
 SAMPLES FOR NEIGHBOR SEARCH KERNEL (ISAMPLE_M1A):       0
 SAMPLES FOR MASS/IMP/POST. MATRIX SEARCH (ISAMPLE_M1B): 2
 SAMPLES FOR LOCAL SEARCH KERNEL (ISAMPLE_M2):           2
 SAMPLES FOR LOCAL UNIVARIATE KERNEL (ISAMPLE_M3):       2
 PWR. WT. MASS/IMP/POST MATRIX ACCUM. FOR ETAS (IKAPPA): 1.00000000000000
 MASS/IMP./POST. MATRIX REFRESH SETTING (MASSREST):      -1
 METROPOLIS HASTINGS POPULATION SAMPLING FOR NON-GIBBS
 SAMPLED THETAS AND SIGMAS:
 PROPOSAL DENSITY SCALING RANGE
              (PSCALE_MIN, PSCALE_MAX):   1.000000000000000E-02   ,1000.00000000000
 SAMPLE ACCEPTANCE RATE (PACCEPT):                       0.500000000000000
 SAMPLES FOR GLOBAL SEARCH KERNEL (PSAMPLE_M1):          1
 SAMPLES FOR LOCAL SEARCH KERNEL (PSAMPLE_M2):           -1
 SAMPLES FOR LOCAL UNIVARIATE KERNEL (PSAMPLE_M3):       1
 METROPOLIS HASTINGS POPULATION SAMPLING FOR NON-GIBBS
 SAMPLED OMEGAS:
 SAMPLE ACCEPTANCE RATE (OACCEPT):                       0.500000000000000
 SAMPLES FOR GLOBAL SEARCH KERNEL (OSAMPLE_M1):          -1
 SAMPLES FOR LOCAL SEARCH KERNEL (OSAMPLE_M2):           -1
 SAMPLES FOR LOCAL UNIVARIATE SEARCH KERNEL (OSAMPLE_M3):0
 DEG. FR. FOR T DIST.  PRIOR FOR THETAS (TTDF):        0.00000000000000
 DEG. FR. FOR LKJ CORRELATION PRIOR FOR OMEGAS (OLKJDF): 0.00000000000000
 WEIGHT FACTOR FOR STD PRIOR FOR OMEGAS (OVARF): 1.00000000000000
 DEG. FR. FOR LKJ CORRELATION PRIOR FOR SIGMAS (SLKJDF): 0.00000000000000
 WEIGHT FACTOR FOR STD PRIOR FOR SIGMAS (SVARF): 1.00000000000000


 THE FOLLOWING LABELS ARE EQUIVALENT
 PRED=PREDI
 RES=RESI
 WRES=WRESI
 IWRS=IWRESI
 IPRD=IPREDI
 IRS=IRESI

 EM/BAYES SETUP:
 THETAS THAT ARE MU MODELED:
   1   2
 THETAS THAT ARE GIBBS SAMPLED:
   1   2
 THETAS THAT ARE METROPOLIS-HASTINGS SAMPLED:
 
 SIGMAS THAT ARE GIBBS SAMPLED:
   1
 SIGMAS THAT ARE METROPOLIS-HASTINGS SAMPLED:
 
 OMEGAS ARE GIBBS SAMPLED

 MONITORING OF SEARCH:

 Burn-in Mode
 iteration        -4000 MCMCOBJ=    1856968.0281283052     
 iteration        -3980 MCMCOBJ=    82.505395734650918     
 iteration        -3960 MCMCOBJ=    91.465899464660993     
 iteration        -3940 MCMCOBJ=    88.620830351382835     
 iteration        -3920 MCMCOBJ=    99.869753417703990     
 iteration        -3900 MCMCOBJ=    30.045871748267238     
 iteration        -3880 MCMCOBJ=    68.039195812225969     
 iteration        -3860 MCMCOBJ=    34.398804291032370     
 iteration        -3840 MCMCOBJ=    23.070158767633096     
 iteration        -3820 MCMCOBJ=    39.137841877950947     
 iteration        -3800 MCMCOBJ=    36.553489548571008     
 iteration        -3780 MCMCOBJ=    43.508702512729315     
 iteration        -3760 MCMCOBJ=  -0.77576044368138219     
 iteration        -3740 MCMCOBJ=   -38.374938807052843     
 iteration        -3720 MCMCOBJ=   -89.622932598546342     
 iteration        -3700 MCMCOBJ=   -72.837913936797491     
 iteration        -3680 MCMCOBJ=   -53.268463061845154     
 iteration        -3660 MCMCOBJ=   -59.279649531122217     
 iteration        -3640 MCMCOBJ=   -45.243776843805826     
 iteration        -3620 MCMCOBJ=    3.3748354953551840     
 Convergence achieved
 Sampling Mode
 iteration            0 MCMCOBJ=   -30.164194409008548     
 iteration           20 MCMCOBJ=    28.528496531856270     
 iteration           40 MCMCOBJ=   -27.364287057677750     
 iteration           60 MCMCOBJ=    23.461699162207658     
 iteration           80 MCMCOBJ=    33.858772030248758     
 iteration          100 MCMCOBJ=    40.808665432372045     
 iteration          120 MCMCOBJ=    31.092302686345839     
 iteration          140 MCMCOBJ=    34.996033935426176     
 iteration          160 MCMCOBJ=   -22.381312511735253     
 iteration          180 MCMCOBJ=   -43.895921887661217     
 iteration          200 MCMCOBJ=   -20.443650913453251     
 iteration          220 MCMCOBJ=   -14.005214606809608     
 iteration          240 MCMCOBJ=    1.2626908222423923     
 iteration          260 MCMCOBJ=   -38.227876893028480     
 iteration          280 MCMCOBJ=   -35.778083267607819     
 iteration          300 MCMCOBJ=   -18.038741747242629     
 iteration          320 MCMCOBJ=   -33.443313926127871     
 iteration          340 MCMCOBJ=   -8.8142359086080440     
 iteration          360 MCMCOBJ=    13.182348876560106     
 iteration          380 MCMCOBJ=   -12.320921112869451     
 iteration          400 MCMCOBJ=    30.792143190852087     
 iteration          420 MCMCOBJ=    48.448214738282495     
 iteration          440 MCMCOBJ=    30.164909320582161     
 iteration          460 MCMCOBJ=    27.568290645375278     
 iteration          480 MCMCOBJ=    3.4254740411599918     
 iteration          500 MCMCOBJ=   -18.455554292628534     
 iteration          520 MCMCOBJ=   -42.173945122627821     
 iteration          540 MCMCOBJ=   -37.243071882772583     
 iteration          560 MCMCOBJ=   -6.4886884439439259     
 iteration          580 MCMCOBJ=   -17.233814269682799     
 iteration          600 MCMCOBJ=   -33.013472586363733     
 iteration          620 MCMCOBJ=   -30.769338766658446     
 iteration          640 MCMCOBJ=   -7.5421399164516680     
 iteration          660 MCMCOBJ=   -1.2714078433395113     
 iteration          680 MCMCOBJ=   -27.122534528879935     
 iteration          700 MCMCOBJ=   0.85808428518640478     
 iteration          720 MCMCOBJ=    54.546817218220959     
 iteration          740 MCMCOBJ=    43.761360199351046     
 iteration          760 MCMCOBJ=    20.030549369562266     
 iteration          780 MCMCOBJ=    30.129029272827804     
 iteration          800 MCMCOBJ=    7.8835510648116562     
 iteration          820 MCMCOBJ=    13.096954706391605     
 iteration          840 MCMCOBJ=    43.876579257926750     
 iteration          860 MCMCOBJ=   -9.2852918547973218     
 iteration          880 MCMCOBJ=    3.3664740462368354     
 iteration          900 MCMCOBJ=   0.78302705662044347     
 iteration          920 MCMCOBJ=    7.5932791849380470     
 iteration          940 MCMCOBJ=   -29.520371254160526     
 iteration          960 MCMCOBJ=    14.525955865579984     
 iteration          980 MCMCOBJ=   -21.652851103813809     
 iteration         1000 MCMCOBJ=   -2.5500942990865694     
 iteration         1020 MCMCOBJ=   -42.887965713129553     
 iteration         1040 MCMCOBJ=   -44.617415827670584     
 iteration         1060 MCMCOBJ=   -66.126636478785883     
 iteration         1080 MCMCOBJ=   -68.430896089037432     
 iteration         1100 MCMCOBJ=   -97.010305781483254     
 iteration         1120 MCMCOBJ=   -76.203632883757265     
 iteration         1140 MCMCOBJ=   -64.196098508977130     
 iteration         1160 MCMCOBJ=   -113.89129891959271     
 iteration         1180 MCMCOBJ=   -67.152821481919347     
 iteration         1200 MCMCOBJ=   -78.732029020394705     
 iteration         1220 MCMCOBJ=   -109.11498880586200     
 iteration         1240 MCMCOBJ=   -152.94173405287066     
 iteration         1260 MCMCOBJ=   -179.89000355404005     
 iteration         1280 MCMCOBJ=   -162.21182507625190     
 iteration         1300 MCMCOBJ=   -170.55163327776737     
 iteration         1320 MCMCOBJ=   -149.21747468506734     
 iteration         1340 MCMCOBJ=   -186.04905189459896     
 iteration         1360 MCMCOBJ=   -186.41573379909198     
 iteration         1380 MCMCOBJ=   -178.84957080045402     
 iteration         1400 MCMCOBJ=   -150.74221621945244     
 iteration         1420 MCMCOBJ=   -177.66466370908790     
 iteration         1440 MCMCOBJ=   -115.82469188928061     
 iteration         1460 MCMCOBJ=   -87.984952286443402     
 iteration         1480 MCMCOBJ=   -94.398014071983894     
 iteration         1500 MCMCOBJ=   -77.334831907233990     
 iteration         1520 MCMCOBJ=   -67.821022809053986     
 iteration         1540 MCMCOBJ=   -47.420259605283007     
 iteration         1560 MCMCOBJ=   -47.496689372622335     
 iteration         1580 MCMCOBJ=   -48.256583248684876     
 iteration         1600 MCMCOBJ=   -85.142649481662147     
 iteration         1620 MCMCOBJ=   -83.831465622327045     
 iteration         1640 MCMCOBJ=   -98.359570822378515     
 iteration         1660 MCMCOBJ=   -96.753701396673662     
 iteration         1680 MCMCOBJ=   -86.729061922326693     
 iteration         1700 MCMCOBJ=   -61.485511423387962     
 iteration         1720 MCMCOBJ=   -103.15896585183407     
 iteration         1740 MCMCOBJ=   -81.968760843314186     
 iteration         1760 MCMCOBJ=   -76.740074282503073     
 iteration         1780 MCMCOBJ=   -58.238861469885023     
 iteration         1800 MCMCOBJ=   -57.718312815171323     
 iteration         1820 MCMCOBJ=   -97.215619686879961     
 iteration         1840 MCMCOBJ=   -69.104586149210135     
 iteration         1860 MCMCOBJ=   -26.228518148461710     
 iteration         1880 MCMCOBJ=   -34.516531771040420     
 iteration         1900 MCMCOBJ=    4.0834260997686869     
 iteration         1920 MCMCOBJ=   -7.3031859580895384     
 iteration         1940 MCMCOBJ=   -2.4637099906018416     
 iteration         1960 MCMCOBJ=    2.7158150565629029     
 iteration         1980 MCMCOBJ=   -40.559850292010893     
 iteration         2000 MCMCOBJ=  -0.11170954745679706     
 iteration         2020 MCMCOBJ=   -38.633245054508080     
 iteration         2040 MCMCOBJ=   -46.003577885249861     
 iteration         2060 MCMCOBJ=   -47.423827688752063     
 iteration         2080 MCMCOBJ=   -1.7679869518012716     
 iteration         2100 MCMCOBJ=    26.127296606226125     
 iteration         2120 MCMCOBJ=    45.301957289147431     
 iteration         2140 MCMCOBJ=   -9.0288011654360307     
 iteration         2160 MCMCOBJ=   -1.0020598246292436     
 iteration         2180 MCMCOBJ=   -27.047998795560403     
 iteration         2200 MCMCOBJ=    26.507045948173644     
 iteration         2220 MCMCOBJ=    11.442862408437792     
 iteration         2240 MCMCOBJ=    12.051752985210321     
 iteration         2260 MCMCOBJ=    11.030556942331806     
 iteration         2280 MCMCOBJ=   -10.966845521653157     
 iteration         2300 MCMCOBJ=    48.126817318703800     
 iteration         2320 MCMCOBJ=    35.969037569314203     
 iteration         2340 MCMCOBJ=    5.4978923942783950     
 iteration         2360 MCMCOBJ=    6.5363327001028857     
 iteration         2380 MCMCOBJ=   -6.0832165908164448     
 iteration         2400 MCMCOBJ=   -22.948958869590292     
 iteration         2420 MCMCOBJ=   -37.989764534672844     
 iteration         2440 MCMCOBJ=   -60.794579089307938     
 iteration         2460 MCMCOBJ=   -39.963962652278866     
 iteration         2480 MCMCOBJ=   -1.0403723908680451     
 iteration         2500 MCMCOBJ=   -13.485979674272409     
 iteration         2520 MCMCOBJ=   -31.326986373332097     
 iteration         2540 MCMCOBJ=   -31.144153884074019     
 iteration         2560 MCMCOBJ=   -51.523692480063680     
 iteration         2580 MCMCOBJ=   -30.503779165310785     
 iteration         2600 MCMCOBJ=   -22.176195095819693     
 iteration         2620 MCMCOBJ=   -31.928831073901119     
 iteration         2640 MCMCOBJ=    19.101141691593401     
 iteration         2660 MCMCOBJ=   -31.323747774422838     
 iteration         2680 MCMCOBJ=   -7.3770262062874261     
 iteration         2700 MCMCOBJ=    8.9767635086705315     
 iteration         2720 MCMCOBJ=   -3.7478699760908434     
 iteration         2740 MCMCOBJ=   -34.775707282760877     
 iteration         2760 MCMCOBJ=    5.7803590750857676     
 iteration         2780 MCMCOBJ=    6.8862890180998253     
 iteration         2800 MCMCOBJ=   -2.6010838344048661     
 iteration         2820 MCMCOBJ=   -12.396605502189848     
 iteration         2840 MCMCOBJ=    26.543364015291800     
 iteration         2860 MCMCOBJ=    17.934629311996112     
 iteration         2880 MCMCOBJ=    19.339387645325399     
 iteration         2900 MCMCOBJ=    39.901625612039140     
 iteration         2920 MCMCOBJ=    55.134077128229755     
 iteration         2940 MCMCOBJ=    38.427704032459609     
 iteration         2960 MCMCOBJ=    36.624402758468065     
 iteration         2980 MCMCOBJ=    10.392730574223874     
 iteration         3000 MCMCOBJ=    4.3401620227856945     
 iteration         3020 MCMCOBJ=    13.033417970441830     
 iteration         3040 MCMCOBJ=    2.2303250681972147     
 iteration         3060 MCMCOBJ=    15.965868379984959     
 iteration         3080 MCMCOBJ=    25.144484164674463     
 iteration         3100 MCMCOBJ=    26.833823147192735     
 iteration         3120 MCMCOBJ=    55.578235873446019     
 iteration         3140 MCMCOBJ=    14.818213500128778     
 iteration         3160 MCMCOBJ=   -3.6336505070582410     
 iteration         3180 MCMCOBJ=   -41.472342854468984     
 iteration         3200 MCMCOBJ=   -65.768101938484250     
 iteration         3220 MCMCOBJ=   -80.328148883647273     
 iteration         3240 MCMCOBJ=   -97.977884098020112     
 iteration         3260 MCMCOBJ=   -101.01964929305615     
 iteration         3280 MCMCOBJ=   -79.770951657798079     
 iteration         3300 MCMCOBJ=   -95.639343522155670     
 iteration         3320 MCMCOBJ=   -91.998675313140325     
 iteration         3340 MCMCOBJ=   -86.677907368084391     
 iteration         3360 MCMCOBJ=   -46.438810765172526     
 iteration         3380 MCMCOBJ=   -25.301547998565670     
 iteration         3400 MCMCOBJ=   -25.429231398666396     
 iteration         3420 MCMCOBJ=    11.982577630081160     
 iteration         3440 MCMCOBJ=   -55.169784196702686     
 iteration         3460 MCMCOBJ=   -52.389701486588500     
 iteration         3480 MCMCOBJ=   -110.25983165700418     
 iteration         3500 MCMCOBJ=   -111.18127184356283     
 iteration         3520 MCMCOBJ=   -101.99136568228752     
 iteration         3540 MCMCOBJ=   -90.033216818160923     
 iteration         3560 MCMCOBJ=   -108.47672784199654     
 iteration         3580 MCMCOBJ=   -115.48258787361864     
 iteration         3600 MCMCOBJ=   -92.607794069517794     
 iteration         3620 MCMCOBJ=   -72.181442706610625     
 iteration         3640 MCMCOBJ=   -91.591552535993216     
 iteration         3660 MCMCOBJ=   -103.75787187360784     
 iteration         3680 MCMCOBJ=   -109.58796106986085     
 iteration         3700 MCMCOBJ=   -121.53785069473422     
 iteration         3720 MCMCOBJ=   -97.883099739888522     
 iteration         3740 MCMCOBJ=   -83.907867028709717     
 iteration         3760 MCMCOBJ=   -68.095087592168284     
 iteration         3780 MCMCOBJ=   -56.076010702850766     
 iteration         3800 MCMCOBJ=   -81.719433170241970     
 iteration         3820 MCMCOBJ=   -130.34864971751205     
 iteration         3840 MCMCOBJ=   -68.546763313525062     
 iteration         3860 MCMCOBJ=   -54.227279884268505     
 iteration         3880 MCMCOBJ=   -50.925003087835783     
 iteration         3900 MCMCOBJ=   -10.892900722579025     
 iteration         3920 MCMCOBJ=   -34.691332966530773     
 iteration         3940 MCMCOBJ=   -68.400546745337621     
 iteration         3960 MCMCOBJ=   -36.628323725500756     
 iteration         3980 MCMCOBJ=   -62.295775704828984     
 iteration         4000 MCMCOBJ=   -125.01932806297224     
 iteration         4020 MCMCOBJ=   -96.838867873536103     
 iteration         4040 MCMCOBJ=   -44.227843383110439     
 iteration         4060 MCMCOBJ=   -18.646760841257429     
 iteration         4080 MCMCOBJ=   -7.2171774868848617     
 iteration         4100 MCMCOBJ=   -55.573589156006740     
 iteration         4120 MCMCOBJ=   -56.014351900225613     
 iteration         4140 MCMCOBJ=    24.917945987841431     
 iteration         4160 MCMCOBJ=  -0.10814696034163628     
 iteration         4180 MCMCOBJ=    4.4766860153886903     
 iteration         4200 MCMCOBJ=   -30.760455416088838     
 iteration         4220 MCMCOBJ=   -27.163950765591405     
 iteration         4240 MCMCOBJ=   -69.229959179233560     
 iteration         4260 MCMCOBJ=   -76.130107328810283     
 iteration         4280 MCMCOBJ=    3.9866180914098708     
 iteration         4300 MCMCOBJ=   -29.979858449618465     
 iteration         4320 MCMCOBJ=   -29.244725154323159     
 iteration         4340 MCMCOBJ=    14.478051339450930     
 iteration         4360 MCMCOBJ=    2.7035607111927451     
 iteration         4380 MCMCOBJ=    17.328529120919701     
 iteration         4400 MCMCOBJ=    5.2366439219181489     
 iteration         4420 MCMCOBJ=   -2.9414969087000498     
 iteration         4440 MCMCOBJ=    27.200052409794104     
 iteration         4460 MCMCOBJ=    4.3786039390867346     
 iteration         4480 MCMCOBJ=   -28.893072873882257     
 iteration         4500 MCMCOBJ=   -23.816319986292843     
 iteration         4520 MCMCOBJ=    13.265054804608770     
 iteration         4540 MCMCOBJ=    29.951226694488909     
 iteration         4560 MCMCOBJ=    5.7909330939013826     
 iteration         4580 MCMCOBJ=    5.2072485033922513     
 iteration         4600 MCMCOBJ=   -46.229164662914066     
 iteration         4620 MCMCOBJ=   -27.436893520153312     
 iteration         4640 MCMCOBJ=   -2.6648853702092565     
 iteration         4660 MCMCOBJ=   -3.9279239813210367     
 iteration         4680 MCMCOBJ=    27.202026984839158     
 iteration         4700 MCMCOBJ=    43.532795472043723     
 iteration         4720 MCMCOBJ=    59.507207508018659     
 iteration         4740 MCMCOBJ=    34.024379742467865     
 iteration         4760 MCMCOBJ=    33.368749442383027     
 iteration         4780 MCMCOBJ=    12.037191726056891     
 iteration         4800 MCMCOBJ=   -6.3392879903039638     
 iteration         4820 MCMCOBJ=    24.300343518612543     
 iteration         4840 MCMCOBJ=    9.2285508419969791     
 iteration         4860 MCMCOBJ=   -36.786505931198107     
 iteration         4880 MCMCOBJ=   -59.618112221629509     
 iteration         4900 MCMCOBJ=   -78.259512856021018     
 iteration         4920 MCMCOBJ=   -100.74983096663829     
 iteration         4940 MCMCOBJ=   -115.64014675001360     
 iteration         4960 MCMCOBJ=   -75.693670557248225     
 iteration         4980 MCMCOBJ=   -76.775675045080135     
 iteration         5000 MCMCOBJ=   -123.58500161861528     
 iteration         5020 MCMCOBJ=   -118.82831527060596     
 iteration         5040 MCMCOBJ=   -133.26180344044326     
 iteration         5060 MCMCOBJ=   -138.78225215773071     
 iteration         5080 MCMCOBJ=   -110.39050585964075     
 iteration         5100 MCMCOBJ=   -91.850513744552956     
 iteration         5120 MCMCOBJ=   -57.495420269889749     
 iteration         5140 MCMCOBJ=    14.617623677097086     
 iteration         5160 MCMCOBJ=   -25.799423650404542     
 iteration         5180 MCMCOBJ=   -34.384669724932998     
 iteration         5200 MCMCOBJ=   -62.348568879428470     
 iteration         5220 MCMCOBJ=   -40.568131077011707     
 iteration         5240 MCMCOBJ=   -52.481409933921221     
 iteration         5260 MCMCOBJ=   -40.630945706470492     
 iteration         5280 MCMCOBJ=   -55.708110861513440     
 iteration         5300 MCMCOBJ=   -1.1734439198303592     
 iteration         5320 MCMCOBJ=    33.692228445746260     
 iteration         5340 MCMCOBJ=   -16.869865476368766     
 iteration         5360 MCMCOBJ=   -33.904135142566489     
 iteration         5380 MCMCOBJ=   -42.199774387177357     
 iteration         5400 MCMCOBJ=   -6.4921395372939337     
 iteration         5420 MCMCOBJ=    7.7109445643249384     
 iteration         5440 MCMCOBJ=    22.357091977901987     
 iteration         5460 MCMCOBJ=    5.9714310102615240     
 iteration         5480 MCMCOBJ=    21.302626754737787     
 iteration         5500 MCMCOBJ=    27.000730667391849     
 iteration         5520 MCMCOBJ=    35.040948282112026     
 iteration         5540 MCMCOBJ=    22.901717924786631     
 iteration         5560 MCMCOBJ=    1.1916949211726822     
 iteration         5580 MCMCOBJ=    9.8424546030131772     
 iteration         5600 MCMCOBJ=    45.074472591980296     
 iteration         5620 MCMCOBJ=    52.998480681697643     
 iteration         5640 MCMCOBJ=    38.227060193634429     
 iteration         5660 MCMCOBJ=    51.621365163983270     
 iteration         5680 MCMCOBJ=    44.641198687819667     
 iteration         5700 MCMCOBJ=    48.444735785079885     
 iteration         5720 MCMCOBJ=    25.962758083009600     
 iteration         5740 MCMCOBJ=    41.574591998359878     
 iteration         5760 MCMCOBJ=    32.689164266129524     
 iteration         5780 MCMCOBJ=   -3.8263981146759742     
 iteration         5800 MCMCOBJ=   -13.401593616734877     
 iteration         5820 MCMCOBJ=   -48.798313478320587     
 iteration         5840 MCMCOBJ=   -50.247677280290247     
 iteration         5860 MCMCOBJ=   -46.276928357337027     
 iteration         5880 MCMCOBJ=   -47.746741631050632     
 iteration         5900 MCMCOBJ=   -33.302643041657461     
 iteration         5920 MCMCOBJ=   -4.5751543340410299     
 iteration         5940 MCMCOBJ=    34.685012954946252     
 iteration         5960 MCMCOBJ=   -4.2691885089930510     
 iteration         5980 MCMCOBJ=    16.093113391996400     
 iteration         6000 MCMCOBJ=   -9.2471982143647562     
 iteration         6020 MCMCOBJ=    1.5908658146999792     
 iteration         6040 MCMCOBJ=   -45.757087591741261     
 iteration         6060 MCMCOBJ=   -40.131339393033898     
 iteration         6080 MCMCOBJ=   -63.920584939774358     
 iteration         6100 MCMCOBJ=   -103.30712271557312     
 iteration         6120 MCMCOBJ=   -33.771798378625320     
 iteration         6140 MCMCOBJ=    26.908626787601520     
 iteration         6160 MCMCOBJ=    47.851153899522281     
 iteration         6180 MCMCOBJ=    2.1889672499734081     
 iteration         6200 MCMCOBJ=    60.020843527156643     
 iteration         6220 MCMCOBJ=    10.736682094082292     
 iteration         6240 MCMCOBJ=    3.7545349650470472     
 iteration         6260 MCMCOBJ=    35.878393534493391     
 iteration         6280 MCMCOBJ=   0.16413706915241452     
 iteration         6300 MCMCOBJ=   -13.713596317245223     
 iteration         6320 MCMCOBJ=   -25.577026242596194     
 iteration         6340 MCMCOBJ=   -23.020131381526028     
 iteration         6360 MCMCOBJ=   -51.161949445028725     
 iteration         6380 MCMCOBJ=   -52.024702238290438     
 iteration         6400 MCMCOBJ=   -16.992731018977345     
 iteration         6420 MCMCOBJ=    15.094229593050809     
 iteration         6440 MCMCOBJ=    10.823047405339373     
 iteration         6460 MCMCOBJ=    48.320927670989327     
 iteration         6480 MCMCOBJ=    53.297899319961552     
 iteration         6500 MCMCOBJ=    70.946450568685435     
 iteration         6520 MCMCOBJ=    30.093528583717248     
 iteration         6540 MCMCOBJ=    15.589544313094942     
 iteration         6560 MCMCOBJ=   -39.149762892693040     
 iteration         6580 MCMCOBJ=    11.687560391102684     
 iteration         6600 MCMCOBJ=    26.409619190101466     
 iteration         6620 MCMCOBJ=    5.6309599869058760     
 iteration         6640 MCMCOBJ=   -19.809203501637974     
 iteration         6660 MCMCOBJ=   -3.8280145368873058     
 iteration         6680 MCMCOBJ=    6.6438678352678124     
 iteration         6700 MCMCOBJ=   -7.7851009264544579     
 iteration         6720 MCMCOBJ=   -10.890498900020830     
 iteration         6740 MCMCOBJ=    12.844485332367663     
 iteration         6760 MCMCOBJ=    14.333603333858665     
 iteration         6780 MCMCOBJ=   -9.3275369512256692     
 iteration         6800 MCMCOBJ=   0.67288338984024443     
 iteration         6820 MCMCOBJ=    20.376532167469765     
 iteration         6840 MCMCOBJ=    49.013121156650570     
 iteration         6860 MCMCOBJ=    28.959102379159933     
 iteration         6880 MCMCOBJ=    17.048907100173576     
 iteration         6900 MCMCOBJ=   -15.849185859222265     
 iteration         6920 MCMCOBJ=   -15.579962632044095     
 iteration         6940 MCMCOBJ=    26.331082306163857     
 iteration         6960 MCMCOBJ=   -2.1942338470793152     
 iteration         6980 MCMCOBJ=    18.296364045814531     
 iteration         7000 MCMCOBJ=    34.744041486575284     
 iteration         7020 MCMCOBJ=    4.2467794782861814     
 iteration         7040 MCMCOBJ=    35.895509978540751     
 iteration         7060 MCMCOBJ=    44.800709854291362     
 iteration         7080 MCMCOBJ=    33.589103898087103     
 iteration         7100 MCMCOBJ=    45.438465100031181     
 iteration         7120 MCMCOBJ=    15.520929412764376     
 iteration         7140 MCMCOBJ=   -26.672566975167118     
 iteration         7160 MCMCOBJ=    15.159810716291178     
 iteration         7180 MCMCOBJ=   -20.396459736274075     
 iteration         7200 MCMCOBJ=    4.9256148215216591     
 iteration         7220 MCMCOBJ=    28.800512240084984     
 iteration         7240 MCMCOBJ=    2.6462478019696727     
 iteration         7260 MCMCOBJ=    14.733554237868955     
 iteration         7280 MCMCOBJ=    20.790494971588945     
 iteration         7300 MCMCOBJ=   -4.7750661119206006     
 iteration         7320 MCMCOBJ=    13.804511160881042     
 iteration         7340 MCMCOBJ=    26.555031684548748     
 iteration         7360 MCMCOBJ=    40.204629517673510     
 iteration         7380 MCMCOBJ=    34.856649753230812     
 iteration         7400 MCMCOBJ=    28.229053151903855     
 iteration         7420 MCMCOBJ=    2.9465673273737827     
 iteration         7440 MCMCOBJ=    30.902074718570368     
 iteration         7460 MCMCOBJ=    45.924807525838403     
 iteration         7480 MCMCOBJ=    39.318852874617896     
 iteration         7500 MCMCOBJ=    13.263514742392298     
 iteration         7520 MCMCOBJ=    24.159725132648706     
 iteration         7540 MCMCOBJ=    52.454426997740008     
 iteration         7560 MCMCOBJ=    17.941670170802123     
 iteration         7580 MCMCOBJ=    11.097980580928798     
 iteration         7600 MCMCOBJ=   -19.313803217640888     
 iteration         7620 MCMCOBJ=   -30.150602145181086     
 iteration         7640 MCMCOBJ=   -60.531863930567312     
 iteration         7660 MCMCOBJ=   -44.392799248141216     
 iteration         7680 MCMCOBJ=   -91.148361974254669     
 iteration         7700 MCMCOBJ=   -67.419841102473526     
 iteration         7720 MCMCOBJ=   -87.346187251617565     
 iteration         7740 MCMCOBJ=   -73.524058034328746     
 iteration         7760 MCMCOBJ=   -52.794017168497412     
 iteration         7780 MCMCOBJ=   -48.947883431682449     
 iteration         7800 MCMCOBJ=   -63.601464876001018     
 iteration         7820 MCMCOBJ=   -44.672450163660507     
 iteration         7840 MCMCOBJ=   -11.490107648410852     
 iteration         7860 MCMCOBJ=    5.2080294437761854     
 iteration         7880 MCMCOBJ=    15.722660308063782     
 iteration         7900 MCMCOBJ=   -11.487132104759418     
 iteration         7920 MCMCOBJ=   -3.7968778399490986     
 iteration         7940 MCMCOBJ=   -12.527997371718469     
 iteration         7960 MCMCOBJ=   -17.585027465389697     
 iteration         7980 MCMCOBJ=    3.4659964071347487     
 iteration         8000 MCMCOBJ=    34.495073365121556     
 iteration         8020 MCMCOBJ=    37.528922569934231     
 iteration         8040 MCMCOBJ=    38.451912178795332     
 iteration         8060 MCMCOBJ=    1.5135578640454113     
 iteration         8080 MCMCOBJ=   -13.907519203315141     
 iteration         8100 MCMCOBJ=    20.358346412504936     
 iteration         8120 MCMCOBJ=    44.487067790618475     
 iteration         8140 MCMCOBJ=    11.008478057643401     
 iteration         8160 MCMCOBJ=    3.5171605938837560     
 iteration         8180 MCMCOBJ=   -15.893135459282075     
 iteration         8200 MCMCOBJ=   -10.265811528818556     
 iteration         8220 MCMCOBJ=   -39.230087283693095     
 iteration         8240 MCMCOBJ=    2.0731330079820882     
 iteration         8260 MCMCOBJ=   -31.141763418523293     
 iteration         8280 MCMCOBJ=    13.811114718760155     
 iteration         8300 MCMCOBJ=    5.7348996904033749     
 iteration         8320 MCMCOBJ=    27.354024594644194     
 iteration         8340 MCMCOBJ=    71.674121784556050     
 iteration         8360 MCMCOBJ=    47.517385366952531     
 iteration         8380 MCMCOBJ=    48.937227237821880     
 iteration         8400 MCMCOBJ=    38.673123202732086     
 iteration         8420 MCMCOBJ=    42.541841732222544     
 iteration         8440 MCMCOBJ=    5.3595591096242572     
 iteration         8460 MCMCOBJ=    11.083583446909687     
 iteration         8480 MCMCOBJ=    20.179572002433588     
 iteration         8500 MCMCOBJ=    7.4723975432027547     
 iteration         8520 MCMCOBJ=    58.637515340919506     
 iteration         8540 MCMCOBJ=    39.472180095260917     
 iteration         8560 MCMCOBJ=    16.957980072009072     
 iteration         8580 MCMCOBJ=    12.857879244278108     
 iteration         8600 MCMCOBJ=    34.521402917995545     
 iteration         8620 MCMCOBJ=   -5.9346364907573665     
 iteration         8640 MCMCOBJ=   -8.9776288470283117     
 iteration         8660 MCMCOBJ=   -36.355843117043122     
 iteration         8680 MCMCOBJ=    9.6148507263831551     
 iteration         8700 MCMCOBJ=    58.048003251824809     
 iteration         8720 MCMCOBJ=    3.0981175242810473     
 iteration         8740 MCMCOBJ=    18.015019009783792     
 iteration         8760 MCMCOBJ=   -33.546552390077068     
 iteration         8780 MCMCOBJ=   -38.177206976851380     
 iteration         8800 MCMCOBJ=   -26.017253116134260     
 iteration         8820 MCMCOBJ=   -32.398372640869624     
 iteration         8840 MCMCOBJ=   -57.023948059901649     
 iteration         8860 MCMCOBJ=    33.314572389661556     
 iteration         8880 MCMCOBJ=    33.157747064609403     
 iteration         8900 MCMCOBJ=    7.6174530866869183     
 iteration         8920 MCMCOBJ=    4.1456953321326528     
 iteration         8940 MCMCOBJ=   -15.041462553172359     
 iteration         8960 MCMCOBJ=   -17.589337907258411     
 iteration         8980 MCMCOBJ=   -32.206343075444089     
 iteration         9000 MCMCOBJ=   -12.441776190145475     
 iteration         9020 MCMCOBJ=    19.991839823260705     
 iteration         9040 MCMCOBJ=    59.628749508386335     
 iteration         9060 MCMCOBJ=    38.721540224602180     
 iteration         9080 MCMCOBJ=    39.271590815347388     
 iteration         9100 MCMCOBJ=    34.014910698224021     
 iteration         9120 MCMCOBJ=    1.9605275094159280     
 iteration         9140 MCMCOBJ=   -21.458355251451263     
 iteration         9160 MCMCOBJ=   -5.0010375941766005     
 iteration         9180 MCMCOBJ=    51.702745098777115     
 iteration         9200 MCMCOBJ=    51.269176339201927     
 iteration         9220 MCMCOBJ=    44.672336369888363     
 iteration         9240 MCMCOBJ=    5.6049687972420275     
 iteration         9260 MCMCOBJ=   -1.3566625177193052     
 iteration         9280 MCMCOBJ=   -23.102108051287157     
 iteration         9300 MCMCOBJ=   0.59527606754212103     
 iteration         9320 MCMCOBJ=    8.8514830316371302     
 iteration         9340 MCMCOBJ=    25.117328125365898     
 iteration         9360 MCMCOBJ=    12.146791878708315     
 iteration         9380 MCMCOBJ=   -22.362126541976345     
 iteration         9400 MCMCOBJ=    7.4094207776418424     
 iteration         9420 MCMCOBJ=    48.690655061898880     
 iteration         9440 MCMCOBJ=    54.051979206709639     
 iteration         9460 MCMCOBJ=    55.708090550844517     
 iteration         9480 MCMCOBJ=    51.046438972705744     
 iteration         9500 MCMCOBJ=    18.782955740477661     
 iteration         9520 MCMCOBJ=   -18.851933607437953     
 iteration         9540 MCMCOBJ=    21.022947734939340     
 iteration         9560 MCMCOBJ=   -25.510060195739836     
 iteration         9580 MCMCOBJ=   -29.904788842277995     
 iteration         9600 MCMCOBJ=   -36.245248982334751     
 iteration         9620 MCMCOBJ=   -36.300924807654170     
 iteration         9640 MCMCOBJ=    21.155653014503340     
 iteration         9660 MCMCOBJ=    21.976460709762726     
 iteration         9680 MCMCOBJ=   -2.4604920069736056     
 iteration         9700 MCMCOBJ=    11.924289823901534     
 iteration         9720 MCMCOBJ=    28.684481540727376     
 iteration         9740 MCMCOBJ=    41.481410036124849     
 iteration         9760 MCMCOBJ=    39.824561817953153     
 iteration         9780 MCMCOBJ=   -7.8438646523065447     
 iteration         9800 MCMCOBJ=   -18.378090578044421     
 iteration         9820 MCMCOBJ=   -24.840054176504577     
 iteration         9840 MCMCOBJ=   -6.9485005907294379     
 iteration         9860 MCMCOBJ=    8.7391842690474348     
 iteration         9880 MCMCOBJ=   -3.8366921219247949     
 iteration         9900 MCMCOBJ=    39.757255638113989     
 iteration         9920 MCMCOBJ=    2.0449039074500628     
 iteration         9940 MCMCOBJ=   -19.821315282346934     
 iteration         9960 MCMCOBJ=   -31.188064362053062     
 iteration         9980 MCMCOBJ=    5.4131706147314516     
 iteration        10000 MCMCOBJ=   -56.032464955691857     
 BURN-IN WAS COMPLETED

 #TERM:
 STATISTICAL PORTION WAS COMPLETED
  
 TOTAL DATA POINTS NORMALLY DISTRIBUTED (N):           18
 N*LOG(2PI) CONSTANT TO OBJECTIVE FUNCTION:    33.081787195368214     
 OBJECTIVE FUNCTION VALUE WITHOUT CONSTANT:   -15.758286883073957     
 OBJECTIVE FUNCTION VALUE WITH CONSTANT:       17.323500312294257     
 REPORTED OBJECTIVE FUNCTION DOES NOT CONTAIN CONSTANT
  
 TOTAL EFFECTIVE ETAS (NIND*NETA):                            18
 NIND*NETA*LOG(2PI) CONSTANT TO OBJECTIVE FUNCTION:    33.081787195368214     
 OBJECTIVE FUNCTION VALUE WITHOUT CONSTANT:   -15.758286883073957     
 OBJECTIVE FUNCTION VALUE WITH CONSTANT:       17.323500312294257     
 REPORTED OBJECTIVE FUNCTION DOES NOT CONTAIN CONSTANT
  
 PRIOR CONSTANT TO OBJECTIVE FUNCTION:    30.823646298206345     
 OBJECTIVE FUNCTION VALUE WITHOUT CONSTANT:   -15.758286883073957     
 OBJECTIVE FUNCTION VALUE WITH CONSTANT:       15.065359415132388     
 REPORTED OBJECTIVE FUNCTION DOES NOT CONTAIN CONSTANT
  
 #TERE:
 Elapsed estimation  time in seconds:    14.88
 Elapsed covariance  time in seconds:     0.00
1
 
 
 
 
 
 
 
 
 
 
 
 
 
 
 
 
 
 
 
 
 ************************************************************************************************************************
 ********************                                                                                ********************
 ********************                              MCMC BAYESIAN ANALYSIS                            ********************
 #OBJT:**************                       AVERAGE VALUE OF LIKELIHOOD FUNCTION                     ********************
 ********************                                                                                ********************
 ************************************************************************************************************************
 





 #OBJV:********************************************      -15.758       **************************************************
 #OBJS:********************************************       48.889 (STD) **************************************************
1
 ************************************************************************************************************************
 ********************                                                                                ********************
 ********************                              MCMC BAYESIAN ANALYSIS                            ********************
 ********************                             FINAL PARAMETER ESTIMATE                           ********************
 ********************                                                                                ********************
 ************************************************************************************************************************
 


 THETA - VECTOR OF FIXED EFFECTS PARAMETERS   *********


         THETA(CL) THETA(V) 
 
         3.60E+00  3.82E+01
 


 OMEGA - COV MATRIX FOR RANDOM EFFECTS - ETAS  ********


         ETA(CL)   ETA(V)   
 
 ETA(CL)
+        1.59E-01
 
 ETA(V)
+        3.65E-02  1.10E-01
 


 SIGMA - COV MATRIX FOR RANDOM EFFECTS - EPSILONS  ****


         EPS1     
 
 EPS1
+        6.65E-03
 
1


 OMEGA - CORR MATRIX FOR RANDOM EFFECTS - ETAS  *******


         ETA(CL)   ETA(V)   
 
 ETA(CL)
+        3.85E-01
 
 ETA(V)
+        2.63E-01  3.21E-01
 


 SIGMA - CORR MATRIX FOR RANDOM EFFECTS - EPSILONS  ***


         EPS1     
 
 EPS1
+        5.41E-02
 
1
 ************************************************************************************************************************
 ********************                                                                                ********************
 ********************                              MCMC BAYESIAN ANALYSIS                            ********************
 ********************                STANDARD ERROR OF ESTIMATE (From Sample Variance)               ********************
 ********************                                                                                ********************
 ************************************************************************************************************************
 


 THETA - VECTOR OF FIXED EFFECTS PARAMETERS   *********


         THETA(CL) THETA(V) 
 
         5.13E-01  4.51E+00
 


 OMEGA - COV MATRIX FOR RANDOM EFFECTS - ETAS  ********


         ETA(CL)   ETA(V)   
 
 ETA(CL)
+        9.29E-02
 
 ETA(V)
+        5.38E-02  6.35E-02
 


 SIGMA - COV MATRIX FOR RANDOM EFFECTS - EPSILONS  ****


         EPS1     
 
 EPS1
+        1.53E-02
 
1


 OMEGA - CORR MATRIX FOR RANDOM EFFECTS - ETAS  *******


         ETA(CL)   ETA(V)   
 
 ETA(CL)
+        1.01E-01
 
 ETA(V)
+        2.94E-01  8.26E-02
 


 SIGMA - CORR MATRIX FOR RANDOM EFFECTS - EPSILONS  ***


         EPS1     
 
 EPS1
+        6.11E-02
 
1
 ************************************************************************************************************************
 ********************                                                                                ********************
 ********************                              MCMC BAYESIAN ANALYSIS                            ********************
 ********************               COVARIANCE MATRIX OF ESTIMATE (From Sample Variance)             ********************
 ********************                                                                                ********************
 ************************************************************************************************************************
 

            TH 1      TH 2      OM11      OM12      OM22      SG11  
 
 TH 1
+        2.63E-01
 
 TH 2
+        5.56E-01  2.03E+01
 
 OM11
+       -4.45E-04  1.35E-02  8.63E-03
 
 OM12
+        9.38E-04 -6.34E-04  1.93E-03  2.89E-03
 
 OM22
+        5.56E-05  7.02E-04  9.54E-04  1.37E-03  4.03E-03
 
 SG11
+       -9.93E-04  6.42E-03 -3.94E-05 -1.03E-04  6.43E-06  2.33E-04
 
1
 ************************************************************************************************************************
 ********************                                                                                ********************
 ********************                              MCMC BAYESIAN ANALYSIS                            ********************
 ********************              CORRELATION MATRIX OF ESTIMATE (From Sample Variance)             ********************
 ********************                                                                                ********************
 ************************************************************************************************************************
 

            TH 1      TH 2      OM11      OM12      OM22      SG11  
 
 TH 1
+        5.13E-01
 
 TH 2
+        2.40E-01  4.51E+00
 
 OM11
+       -9.33E-03  3.24E-02  9.29E-02
 
 OM12
+        3.40E-02 -2.62E-03  3.86E-01  5.38E-02
 
 OM22
+        1.71E-03  2.45E-03  1.62E-01  4.01E-01  6.35E-02
 
 SG11
+       -1.27E-01  9.34E-02 -2.78E-02 -1.25E-01  6.64E-03  1.53E-02
 
1
 ************************************************************************************************************************
 ********************                                                                                ********************
 ********************                              MCMC BAYESIAN ANALYSIS                            ********************
 ********************           INVERSE COVARIANCE MATRIX OF ESTIMATE (From Sample Variance)         ********************
 ********************                                                                                ********************
 ************************************************************************************************************************
 

            TH 1      TH 2      OM11      OM12      OM22      SG11  
 
 TH 1
+        4.14E+00
 
 TH 2
+       -1.20E-01  5.32E-02
 
 OM11
+        7.50E-01 -1.11E-01  1.37E+02
 
 OM12
+       -1.22E+00  5.25E-02 -9.11E+01  4.81E+02
 
 OM22
+        1.67E-01  3.99E-03 -1.38E+00 -1.42E+02  2.97E+02
 
 SG11
+        2.06E+01 -1.98E+00 -1.09E+01  1.94E+02 -7.06E+01  4.52E+03
 
 Elapsed postprocess time in seconds:     0.00
 #CPUT: Total CPU Time in Seconds,        9.531
Stop Time: 
Tue 01/03/2017 
10:25 PM
