Tue 01/03/2017 
10:27 PM
$PROB one cmpt simple mu modeled bayes multidose nids: 36 scenario: s2trough
;; based_on: run100
$SUB ADVAN1 TRANS2
$INPUT ID TIME DV OBSNUM CMT EVID AMT RATE ADDL II 
$DATA ..\..\mdata\simple_nocovar_56id_6tp_md.csv
IGNORE=@ 
IGNORE=(OBSNUM.EQN.1)
IGNORE=(OBSNUM.EQN.2)
IGNORE=(OBSNUM.EQN.4)
IGNORE=(OBSNUM.EQN.5)
IGNORE=(ID.GT.36)
$ABBR REPLACE THETA(CL, V) = THETA(1 to 2)
$ABBR REPLACE ETA(CL, V) = ETA(1 to 2)

$THETAI
THETA(1:NTHETA)=LOG(THETAI(1:NTHETA))
THETAP(1:NTHETAP)=LOG(THETAPI(1:NTHETAP))
$THETAR
THETAR(1:NTHETA)=EXP(THETA(1:NTHETA))
THETAPR(1:NTHETAP)=EXP(THETAP(1:NTHETAP))

$PRIOR NWPRI 

$PK
"USE NMBAYES_INT, ONLY: ITER_REPORT,BAYES_EXTRA_REQUEST,BAYES_EXTRA
; Request extra information for Bayesian analysis.
; An extra call will then be made for accepted samples
"BAYES_EXTRA_REQUEST=1

MU_1 = THETA(CL)
MU_2 = THETA(V)
CL = EXP(MU_1 + ETA(CL))
V = EXP(MU_2 + ETA(V))
S1 = V

"IF(BAYES_EXTRA==1 .AND. ITER_REPORT>=0 .AND. TIME==0.0) THEN
"WRITE(50,98) ITER_REPORT,ID,CL,V
"98 FORMAT(I12,1X,F14.0,4(1X,1PG12.5))
"ENDIF

$ERROR
IPRED=F
Y = IPRED*(1 + ERR(1))  

$THETA
(0.001, 2.5) ; TVCL
(0.001, 46) ; TVV

$OMEGA BLOCK(2)
0.1    ; nCL
0.1  0.1  ; nV

$SIGMA
0.03 ; PROP

; THETA PRIORS
$THETAP (2.5 FIX) (46 FIX) 

; THETA (uniformative) PRIORs
$THETAPV BLOCK(2)
10000 FIX
0.0 10000 

$OMEGAP BLOCK(2)
0.2 FIX
0 0.2

; degrees of freedom to prior omega matrix - low dof = highly uninformative
$OMEGAPD (2 FIX)

$EST METHOD=CHAIN FILE=..\run100.chn NSAMPLE=0 ISAMPLE=1 DF=20
$EST METHOD=BAYES INTER NBURN=4000 NITER=10000 PRINT=20 NOPRIOR=0 CTYPE=3 CITER=10 SEED=56664
  
NM-TRAN MESSAGES 
  
 WARNINGS AND ERRORS (IF ANY) FOR PROBLEM    1
             
 (WARNING  2) NM-TRAN INFERS THAT THE DATA ARE POPULATION.

 (MU_WARNING 20) MU_001: MU_ VARIABLE SHOULD NOT BE DEFINED AFTER VERBATIM CODE.
  
License Registered to: Devin Pastoor
Expiration Date:    14 NOV 2017
Current Date:        3 JAN 2017
Days until program expires : 311
1NONLINEAR MIXED EFFECTS MODEL PROGRAM (NONMEM) VERSION 7.4.0 alpha14 (nm74a14)
 ORIGINALLY DEVELOPED BY STUART BEAL, LEWIS SHEINER, AND ALISON BOECKMANN
 CURRENT DEVELOPERS ARE ROBERT BAUER, ICON DEVELOPMENT SOLUTIONS,
 AND ALISON BOECKMANN. IMPLEMENTATION, EFFICIENCY, AND STANDARDIZATION
 PERFORMED BY NOUS INFOSYSTEMS.

 PROBLEM NO.:         1
 one cmpt simple mu modeled bayes multidose nids: 36 scenario: s2trough
0DATA CHECKOUT RUN:              NO
 DATA SET LOCATED ON UNIT NO.:    2
 THIS UNIT TO BE REWOUND:        NO
 NO. OF DATA RECS IN DATA SET:      108
 NO. OF DATA ITEMS IN DATA SET:  11
 ID DATA ITEM IS DATA ITEM NO.:   1
 DEP VARIABLE IS DATA ITEM NO.:   3
 MDV DATA ITEM IS DATA ITEM NO.: 11
0INDICES PASSED TO SUBROUTINE PRED:
   6   2   7   8   0  10   5   0   0   0   9
0LABELS FOR DATA ITEMS:
 ID TIME DV OBSNUM CMT EVID AMT RATE ADDL II MDV
0LABELS FOR THETAS
 THETA(1)=THETA(CL)
 THETA(2)=THETA(V)
0LABELS FOR ETAS
 ETA(1)=ETA(CL)
0LABELS FOR ETAS
 ETA(2)=ETA(V)
0FORMAT FOR DATA:
 (2E3.0,E17.0,3E2.0,2E5.0,E2.0,E3.0,1F2.0)

 TOT. NO. OF OBS RECS:       72
 TOT. NO. OF INDIVIDUALS:     36
0LENGTH OF THETA:   5
0DEFAULT THETA BOUNDARY TEST OMITTED:    NO
0OMEGA HAS BLOCK FORM:
  1
  1  1
  0  0  2
  0  0  2  2
  0  0  0  0  3
  0  0  0  0  3  3
0DEFAULT OMEGA BOUNDARY TEST OMITTED:    NO
0SIGMA HAS SIMPLE DIAGONAL FORM WITH DIMENSION:   1
0DEFAULT SIGMA BOUNDARY TEST OMITTED:    NO
0INITIAL ESTIMATE OF THETA:
 LOWER BOUND    INITIAL EST    UPPER BOUND
  0.1000E-02     0.2500E+01     0.1000E+07
  0.1000E-02     0.4600E+02     0.1000E+07
  0.2500E+01     0.2500E+01     0.2500E+01
  0.4600E+02     0.4600E+02     0.4600E+02
  0.2000E+01     0.2000E+01     0.2000E+01
0INITIAL ESTIMATE OF OMEGA:
 BLOCK SET NO.   BLOCK                                                                    FIXED
        1                                                                                   NO
 DIAGONAL SHIFT OF  1.1000E-07 WAS IMPOSED TO ENSURE POSITIVE DEFINITENESS
                  0.1000E+00
                  0.1000E+00   0.1000E+00
        2                                                                                  YES
                  0.1000E+05
                  0.0000E+00   0.1000E+05
        3                                                                                  YES
                  0.2000E+00
                  0.0000E+00   0.2000E+00
0INITIAL ESTIMATE OF SIGMA:
 0.3000E-01
0
 THETAI SUBROUTINE USER-SUPPLIED
 THETAR SUBROUTINE USER-SUPPLIED
 PRIOR SUBROUTINE USER-SUPPLIED
1DOUBLE PRECISION PREDPP VERSION 7.4.0 alpha14 (nm74a14)

 ONE COMPARTMENT MODEL (ADVAN1)
0MAXIMUM NO. OF BASIC PK PARAMETERS:   2
0BASIC PK PARAMETERS (AFTER TRANSLATION):
   ELIMINATION RATE (K) IS BASIC PK PARAMETER NO.:  1

 TRANSLATOR WILL CONVERT PARAMETERS
 CLEARANCE (CL) AND VOLUME (V) TO K (TRANS2)
0COMPARTMENT ATTRIBUTES
 COMPT. NO.   FUNCTION   INITIAL    ON/OFF      DOSE      DEFAULT    DEFAULT
                         STATUS     ALLOWED    ALLOWED    FOR DOSE   FOR OBS.
    1         CENTRAL      ON         NO         YES        YES        YES
    2         OUTPUT       OFF        YES        NO         NO         NO
1
 ADDITIONAL PK PARAMETERS - ASSIGNMENT OF ROWS IN GG
 COMPT. NO.                             INDICES
              SCALE      BIOAVAIL.   ZERO-ORDER  ZERO-ORDER  ABSORB
                         FRACTION    RATE        DURATION    LAG
    1            3           *           *           *           *
    2            *           -           -           -           -
             - PARAMETER IS NOT ALLOWED FOR THIS MODEL
             * PARAMETER IS NOT SUPPLIED BY PK SUBROUTINE;
               WILL DEFAULT TO ONE IF APPLICABLE
0DATA ITEM INDICES USED BY PRED ARE:
   EVENT ID DATA ITEM IS DATA ITEM NO.:      6
   TIME DATA ITEM IS DATA ITEM NO.:          2
   DOSE AMOUNT DATA ITEM IS DATA ITEM NO.:   7
   DOSE RATE DATA ITEM IS DATA ITEM NO.:     8
   INTERVAL DATA ITEM IS DATA ITEM NO.:     10
   ADDL. DOSES DATA ITEM IS DATA ITEM NO.:   9
   COMPT. NO. DATA ITEM IS DATA ITEM NO.:    5

0PK SUBROUTINE CALLED WITH EVERY EVENT RECORD.
 PK SUBROUTINE NOT CALLED AT NONEVENT (ADDITIONAL OR LAGGED) DOSE TIMES.
0ERROR SUBROUTINE CALLED WITH EVERY EVENT RECORD.
1


 #TBLN:      1
 #METH: Chain Method Processing

 RANDOM GENERATION TYPE (CTYPE):     0
 RANDOM GENERATION SEED (SEED):      11456
 RANDOM SAMPLE SELECTION (ISAMPLE):  1
 RANDOM SAMPLE RANGE END (ISAMPEND): -2147483647
 NUMBER OF RANDOM SAMPLES (NSAMPLE): 0
 UNIFORM FRACTIONAL RANGE (IACCEPT): 0.400000000000000
 RANDOM SELECTION TYPE (SELECT):     0
 DEG. FR. TO GENERATE OMEGAS (DF):   20
 DEG. FR. TO GENERATE SIGMAS (DFS):  -1
 CHAIN FILE (FILE):                  ..\run100.chn
 EXCL. TITLE IN CHAIN FILE (NOTITLE):NO
 EX. COL. LBS. IN CHAIN FL.(NOLABEL):NO
 FORMAT FOR CHAIN FILE (FORMAT):     S1PE12.5
 PAR. ORDER in CHAIN FILE (ORDER):   TSOL
 RANDOM SAMPLING METHOD (RANMETHOD):3U

 THE FOLLOWING LABELS ARE EQUIVALENT
 PRED=NPRED
 RES=NRES
 WRES=NWRES
 IWRS=NIWRES
 IPRD=NIPRED
 IRS=NIRES



 FROM SAMPLE 1 OF CHAIN FILE ..\run100.chn
 NEW INITIAL ESTIMATES OF THETA
  0.2537E-01
  0.6427E-01
 NEW INITIAL ESTIMATES OF OMEGA
 DIAGONAL SHIFT OF  1.2800E-07 WAS IMPOSED ON OMEGAS TO ENSURE POSITIVE DEFINITENESS
  0.1164E+00
  0.1164E+00  0.1164E+00
 NEW INITIAL ESTIMATES OF SIGMA
  0.3730E-01
1


 #TBLN:      1
 #METH: MCMC Bayesian Analysis

 ESTIMATION STEP OMITTED:                 NO
 ANALYSIS TYPE:                           POPULATION
 NUMBER OF SADDLE POINT RESET ITERATIONS:      0
 GRADIENT METHOD USED:               NOSLOW
 CONDITIONAL ESTIMATES USED:              YES
 CENTERED ETA:                            NO
 EPS-ETA INTERACTION:                     YES
 LAPLACIAN OBJ. FUNC.:                    NO
 NO. OF FUNCT. EVALS. ALLOWED:            840
 NO. OF SIG. FIGURES REQUIRED:            3
 INTERMEDIATE PRINTOUT:                   YES
 ESTIMATE OUTPUT TO MSF:                  NO
 IND. OBJ. FUNC. VALUES SORTED:           NO
 NUMERICAL DERIVATIVE
       FILE REQUEST (NUMDER):               NONE
 MAP (ETAHAT) ESTIMATION METHOD (OPTMAP):   0
 ETA HESSIAN EVALUATION METHOD (ETADER):    0
 INITIAL ETA FOR MAP ESTIMATION (MCETA):    0
 SIGDIGITS FOR MAP ESTIMATION (SIGLO):      100
 GRADIENT SIGDIGITS OF
       FIXED EFFECTS PARAMETERS (SIGL):     100
 NOPRIOR SETTING (NOPRIOR):                 OFF
 NOCOV SETTING (NOCOV):                     OFF
 DERCONT SETTING (DERCONT):                 OFF
 FINAL ETA RE-EVALUATION (FNLETA):          ON
 EXCLUDE NON-INFLUENTIAL (NON-INFL.) ETAS
       IN SHRINKAGE (ETASTYPE):             NO
 NON-INFL. ETA CORRECTION (NONINFETA):      OFF
 RAW OUTPUT FILE (FILE): run116_nids_36_s2trough_c1.ext
 EXCLUDE TITLE (NOTITLE):                   NO
 EXCLUDE COLUMN LABELS (NOLABEL):           NO
 FORMAT FOR ADDITIONAL FILES (FORMAT):      S1PE12.5
 PARAMETER ORDER FOR OUTPUTS (ORDER):       TSOL
 WISHART PRIOR DF INTERPRETATION (WISHTYPE):0
 KNUTHSUMOFF:                               0
 INCLUDE LNTWOPI:                           NO
 INCLUDE CONSTANT TERM TO PRIOR (PRIORC):   NO
 INCLUDE CONSTANT TERM TO OMEGA (ETA) (OLNTWOPI):NO
 EM OR BAYESIAN METHOD USED:                MCMC BAYESIAN (BAYES)
 MU MODELING PATTERN (MUM):
 GRADIENT/GIBBS PATTERN (GRD):
 AUTOMATIC SETTING FEATURE (AUTO):          OFF
 CONVERGENCE TYPE (CTYPE):                  3
 KEEP ITERATIONS (THIN):            1
 CONVERGENCE INTERVAL (CINTERVAL):          20
 CONVERGENCE ITERATIONS (CITER):            10
 CONVERGENCE ALPHA ERROR (CALPHA):          5.000000000000000E-02
 BURN-IN ITERATIONS (NBURN):                4000
 ITERATIONS (NITER):                        10000
 ANEAL SETTING (CONSTRAIN):                 1
 STARTING SEED FOR MC METHODS (SEED):       56664
 MC SAMPLES PER SUBJECT (ISAMPLE):          1
 RANDOM SAMPLING METHOD (RANMETHOD):        3U
 PROPOSAL DENSITY SCALING RANGE
              (ISCALE_MIN, ISCALE_MAX):     1.000000000000000E-06   ,1000000.00000000
 SAMPLE ACCEPTANCE RATE (IACCEPT):          0.400000000000000
 METROPOLIS HASTINGS SAMPLING FOR INDIVIDUAL ETAS:
 SAMPLES FOR GLOBAL SEARCH KERNEL (ISAMPLE_M1):          2
 SAMPLES FOR NEIGHBOR SEARCH KERNEL (ISAMPLE_M1A):       0
 SAMPLES FOR MASS/IMP/POST. MATRIX SEARCH (ISAMPLE_M1B): 2
 SAMPLES FOR LOCAL SEARCH KERNEL (ISAMPLE_M2):           2
 SAMPLES FOR LOCAL UNIVARIATE KERNEL (ISAMPLE_M3):       2
 PWR. WT. MASS/IMP/POST MATRIX ACCUM. FOR ETAS (IKAPPA): 1.00000000000000
 MASS/IMP./POST. MATRIX REFRESH SETTING (MASSREST):      -1
 METROPOLIS HASTINGS POPULATION SAMPLING FOR NON-GIBBS
 SAMPLED THETAS AND SIGMAS:
 PROPOSAL DENSITY SCALING RANGE
              (PSCALE_MIN, PSCALE_MAX):   1.000000000000000E-02   ,1000.00000000000
 SAMPLE ACCEPTANCE RATE (PACCEPT):                       0.500000000000000
 SAMPLES FOR GLOBAL SEARCH KERNEL (PSAMPLE_M1):          1
 SAMPLES FOR LOCAL SEARCH KERNEL (PSAMPLE_M2):           -1
 SAMPLES FOR LOCAL UNIVARIATE KERNEL (PSAMPLE_M3):       1
 METROPOLIS HASTINGS POPULATION SAMPLING FOR NON-GIBBS
 SAMPLED OMEGAS:
 SAMPLE ACCEPTANCE RATE (OACCEPT):                       0.500000000000000
 SAMPLES FOR GLOBAL SEARCH KERNEL (OSAMPLE_M1):          -1
 SAMPLES FOR LOCAL SEARCH KERNEL (OSAMPLE_M2):           -1
 SAMPLES FOR LOCAL UNIVARIATE SEARCH KERNEL (OSAMPLE_M3):0
 DEG. FR. FOR T DIST.  PRIOR FOR THETAS (TTDF):        0.00000000000000
 DEG. FR. FOR LKJ CORRELATION PRIOR FOR OMEGAS (OLKJDF): 0.00000000000000
 WEIGHT FACTOR FOR STD PRIOR FOR OMEGAS (OVARF): 1.00000000000000
 DEG. FR. FOR LKJ CORRELATION PRIOR FOR SIGMAS (SLKJDF): 0.00000000000000
 WEIGHT FACTOR FOR STD PRIOR FOR SIGMAS (SVARF): 1.00000000000000


 THE FOLLOWING LABELS ARE EQUIVALENT
 PRED=PREDI
 RES=RESI
 WRES=WRESI
 IWRS=IWRESI
 IPRD=IPREDI
 IRS=IRESI

 EM/BAYES SETUP:
 THETAS THAT ARE MU MODELED:
   1   2
 THETAS THAT ARE GIBBS SAMPLED:
   1   2
 THETAS THAT ARE METROPOLIS-HASTINGS SAMPLED:
 
 SIGMAS THAT ARE GIBBS SAMPLED:
   1
 SIGMAS THAT ARE METROPOLIS-HASTINGS SAMPLED:
 
 OMEGAS ARE GIBBS SAMPLED

 MONITORING OF SEARCH:

 Burn-in Mode
 iteration        -4000 MCMCOBJ=    3131704.1500503938     
 iteration        -3980 MCMCOBJ=    135.22846032941459     
 iteration        -3960 MCMCOBJ=    115.81994687988769     
 iteration        -3940 MCMCOBJ=    104.48351707245126     
 iteration        -3920 MCMCOBJ=    124.39415554532161     
 iteration        -3900 MCMCOBJ=    158.48593531488538     
 iteration        -3880 MCMCOBJ=    121.39361919453296     
 iteration        -3860 MCMCOBJ=    142.81700388979905     
 iteration        -3840 MCMCOBJ=    120.11737842721752     
 iteration        -3820 MCMCOBJ=    165.63891348700844     
 iteration        -3800 MCMCOBJ=    119.53017048016844     
 iteration        -3780 MCMCOBJ=    107.26107741744060     
 iteration        -3760 MCMCOBJ=    124.87824876599427     
 iteration        -3740 MCMCOBJ=    125.11855201619218     
 iteration        -3720 MCMCOBJ=    145.42456194574746     
 Convergence achieved
 Sampling Mode
 iteration            0 MCMCOBJ=    150.36460480732561     
 iteration           20 MCMCOBJ=    118.02391062845707     
 iteration           40 MCMCOBJ=    104.45532926018755     
 iteration           60 MCMCOBJ=    113.58889891174432     
 iteration           80 MCMCOBJ=    130.23462897381086     
 iteration          100 MCMCOBJ=    189.64052206630899     
 iteration          120 MCMCOBJ=    148.44043675646006     
 iteration          140 MCMCOBJ=    170.79551122291329     
 iteration          160 MCMCOBJ=    133.79356739163487     
 iteration          180 MCMCOBJ=    155.40446845881158     
 iteration          200 MCMCOBJ=    116.02198339340089     
 iteration          220 MCMCOBJ=    126.39951718987992     
 iteration          240 MCMCOBJ=    138.06294893732721     
 iteration          260 MCMCOBJ=    138.59930868164517     
 iteration          280 MCMCOBJ=    127.47268496439081     
 iteration          300 MCMCOBJ=    99.889223349063840     
 iteration          320 MCMCOBJ=    125.71284785944327     
 iteration          340 MCMCOBJ=    146.60605394032191     
 iteration          360 MCMCOBJ=    95.092204610781195     
 iteration          380 MCMCOBJ=    129.66713717322648     
 iteration          400 MCMCOBJ=    136.56624289753125     
 iteration          420 MCMCOBJ=    139.20579654404628     
 iteration          440 MCMCOBJ=    139.33810979500575     
 iteration          460 MCMCOBJ=    115.22123005210304     
 iteration          480 MCMCOBJ=    142.76918213884727     
 iteration          500 MCMCOBJ=    101.51090125365715     
 iteration          520 MCMCOBJ=    112.63380731336497     
 iteration          540 MCMCOBJ=    142.08237300334395     
 iteration          560 MCMCOBJ=    135.11302310337965     
 iteration          580 MCMCOBJ=    152.64875431166058     
 iteration          600 MCMCOBJ=    116.32532513832632     
 iteration          620 MCMCOBJ=    161.05331807883792     
 iteration          640 MCMCOBJ=    153.10408666044680     
 iteration          660 MCMCOBJ=    144.67999163544457     
 iteration          680 MCMCOBJ=    130.39287468503696     
 iteration          700 MCMCOBJ=    131.72731068285887     
 iteration          720 MCMCOBJ=    142.34591108487581     
 iteration          740 MCMCOBJ=    149.44024490885758     
 iteration          760 MCMCOBJ=    108.27032392642994     
 iteration          780 MCMCOBJ=    105.57770834910730     
 iteration          800 MCMCOBJ=    118.72652442274948     
 iteration          820 MCMCOBJ=    157.05311403074083     
 iteration          840 MCMCOBJ=    124.67101852692258     
 iteration          860 MCMCOBJ=    134.82631241450707     
 iteration          880 MCMCOBJ=    132.78924550320207     
 iteration          900 MCMCOBJ=    120.03200624198685     
 iteration          920 MCMCOBJ=    122.14753794404329     
 iteration          940 MCMCOBJ=    167.94736952455199     
 iteration          960 MCMCOBJ=    168.22642050760217     
 iteration          980 MCMCOBJ=    159.74399057790890     
 iteration         1000 MCMCOBJ=    186.52075612139063     
 iteration         1020 MCMCOBJ=    108.60629884945475     
 iteration         1040 MCMCOBJ=    111.21981794207377     
 iteration         1060 MCMCOBJ=    163.54254383905709     
 iteration         1080 MCMCOBJ=    150.95879993291393     
 iteration         1100 MCMCOBJ=    136.36998214807468     
 iteration         1120 MCMCOBJ=    131.77186786301775     
 iteration         1140 MCMCOBJ=    139.69953006598431     
 iteration         1160 MCMCOBJ=    110.20939653062375     
 iteration         1180 MCMCOBJ=    140.43146493696034     
 iteration         1200 MCMCOBJ=    118.71065945612463     
 iteration         1220 MCMCOBJ=    119.37725542080386     
 iteration         1240 MCMCOBJ=    155.22501097609853     
 iteration         1260 MCMCOBJ=    187.59864091982408     
 iteration         1280 MCMCOBJ=    102.71730035848725     
 iteration         1300 MCMCOBJ=    122.90555530315200     
 iteration         1320 MCMCOBJ=    132.58007868040667     
 iteration         1340 MCMCOBJ=    116.32747070591712     
 iteration         1360 MCMCOBJ=    160.91111164061809     
 iteration         1380 MCMCOBJ=    139.56554200091492     
 iteration         1400 MCMCOBJ=    152.71773045106789     
 iteration         1420 MCMCOBJ=    117.07669411986402     
 iteration         1440 MCMCOBJ=    150.05435240040501     
 iteration         1460 MCMCOBJ=    92.018413611624894     
 iteration         1480 MCMCOBJ=    128.83185730925945     
 iteration         1500 MCMCOBJ=    161.42093828521084     
 iteration         1520 MCMCOBJ=    150.89994514854496     
 iteration         1540 MCMCOBJ=    160.78239133400521     
 iteration         1560 MCMCOBJ=    163.56452095972179     
 iteration         1580 MCMCOBJ=    153.80473231385048     
 iteration         1600 MCMCOBJ=    142.79424576145314     
 iteration         1620 MCMCOBJ=    152.43144545075509     
 iteration         1640 MCMCOBJ=    91.655894749892468     
 iteration         1660 MCMCOBJ=    145.25526092173487     
 iteration         1680 MCMCOBJ=    124.30003540358342     
 iteration         1700 MCMCOBJ=    119.53959514242331     
 iteration         1720 MCMCOBJ=    124.11026213679401     
 iteration         1740 MCMCOBJ=    119.27021057417535     
 iteration         1760 MCMCOBJ=    137.47415557190359     
 iteration         1780 MCMCOBJ=    104.03020976452234     
 iteration         1800 MCMCOBJ=    117.91395899367312     
 iteration         1820 MCMCOBJ=    119.60380167690802     
 iteration         1840 MCMCOBJ=    158.12776919543762     
 iteration         1860 MCMCOBJ=    131.14901741538230     
 iteration         1880 MCMCOBJ=    142.72946289455044     
 iteration         1900 MCMCOBJ=    161.43270661400030     
 iteration         1920 MCMCOBJ=    117.80177594328032     
 iteration         1940 MCMCOBJ=    132.17024690823811     
 iteration         1960 MCMCOBJ=    111.19571798385661     
 iteration         1980 MCMCOBJ=    146.36868426431028     
 iteration         2000 MCMCOBJ=    139.94421763477720     
 iteration         2020 MCMCOBJ=    140.05511166896338     
 iteration         2040 MCMCOBJ=    143.64524406406275     
 iteration         2060 MCMCOBJ=    153.16722072460863     
 iteration         2080 MCMCOBJ=    139.35410417105678     
 iteration         2100 MCMCOBJ=    118.44288388846438     
 iteration         2120 MCMCOBJ=    112.28760521562758     
 iteration         2140 MCMCOBJ=    125.84086665704783     
 iteration         2160 MCMCOBJ=    159.81263024253815     
 iteration         2180 MCMCOBJ=    159.33767282178016     
 iteration         2200 MCMCOBJ=    122.13187134264136     
 iteration         2220 MCMCOBJ=    122.05887730080352     
 iteration         2240 MCMCOBJ=    166.84457464711198     
 iteration         2260 MCMCOBJ=    98.743004931801707     
 iteration         2280 MCMCOBJ=    121.33746229728730     
 iteration         2300 MCMCOBJ=    88.639544462747168     
 iteration         2320 MCMCOBJ=    134.94631300283464     
 iteration         2340 MCMCOBJ=    103.50140711972813     
 iteration         2360 MCMCOBJ=    134.13652198159045     
 iteration         2380 MCMCOBJ=    160.86395014885093     
 iteration         2400 MCMCOBJ=    124.78681472208234     
 iteration         2420 MCMCOBJ=    150.74188179257044     
 iteration         2440 MCMCOBJ=    133.34371981390021     
 iteration         2460 MCMCOBJ=    105.58298568821060     
 iteration         2480 MCMCOBJ=    115.43846584885755     
 iteration         2500 MCMCOBJ=    156.03539639165433     
 iteration         2520 MCMCOBJ=    85.422491256331242     
 iteration         2540 MCMCOBJ=    141.57083304352625     
 iteration         2560 MCMCOBJ=    121.81031868857457     
 iteration         2580 MCMCOBJ=    152.16220217975999     
 iteration         2600 MCMCOBJ=    122.72806777271479     
 iteration         2620 MCMCOBJ=    154.54080233309469     
 iteration         2640 MCMCOBJ=    112.24778964329283     
 iteration         2660 MCMCOBJ=    106.53754825708640     
 iteration         2680 MCMCOBJ=    122.88515189962828     
 iteration         2700 MCMCOBJ=    142.82555724962444     
 iteration         2720 MCMCOBJ=    137.63933157988754     
 iteration         2740 MCMCOBJ=    95.297359979030290     
 iteration         2760 MCMCOBJ=    119.30209080707878     
 iteration         2780 MCMCOBJ=    103.04170126572873     
 iteration         2800 MCMCOBJ=    101.89020045849030     
 iteration         2820 MCMCOBJ=    94.381283502628349     
 iteration         2840 MCMCOBJ=    156.69858310886698     
 iteration         2860 MCMCOBJ=    114.16541832290291     
 iteration         2880 MCMCOBJ=    115.00146932980921     
 iteration         2900 MCMCOBJ=    143.34341404387433     
 iteration         2920 MCMCOBJ=    138.12878046721400     
 iteration         2940 MCMCOBJ=    174.08519196154981     
 iteration         2960 MCMCOBJ=    126.62176316528802     
 iteration         2980 MCMCOBJ=    134.39985417565060     
 iteration         3000 MCMCOBJ=    99.213589308966448     
 iteration         3020 MCMCOBJ=    130.76233640001374     
 iteration         3040 MCMCOBJ=    113.68118971262922     
 iteration         3060 MCMCOBJ=    138.15390891545545     
 iteration         3080 MCMCOBJ=    138.91614437659467     
 iteration         3100 MCMCOBJ=    130.25998495972561     
 iteration         3120 MCMCOBJ=    114.97880235496687     
 iteration         3140 MCMCOBJ=    142.10709563822786     
 iteration         3160 MCMCOBJ=    129.56315664637071     
 iteration         3180 MCMCOBJ=    117.72776661954185     
 iteration         3200 MCMCOBJ=    163.55532768038623     
 iteration         3220 MCMCOBJ=    125.24711925979427     
 iteration         3240 MCMCOBJ=    126.17908249417498     
 iteration         3260 MCMCOBJ=    137.08103435016989     
 iteration         3280 MCMCOBJ=    134.67816787199152     
 iteration         3300 MCMCOBJ=    135.24917260387778     
 iteration         3320 MCMCOBJ=    129.73324939587462     
 iteration         3340 MCMCOBJ=    124.62364921502027     
 iteration         3360 MCMCOBJ=    115.51856998302939     
 iteration         3380 MCMCOBJ=    131.84184538091543     
 iteration         3400 MCMCOBJ=    165.87342815413805     
 iteration         3420 MCMCOBJ=    147.83463584964809     
 iteration         3440 MCMCOBJ=    80.070835545670690     
 iteration         3460 MCMCOBJ=    129.34221150191965     
 iteration         3480 MCMCOBJ=    142.29414300304646     
 iteration         3500 MCMCOBJ=    135.61023415050229     
 iteration         3520 MCMCOBJ=    133.62170207141006     
 iteration         3540 MCMCOBJ=    155.00298718663620     
 iteration         3560 MCMCOBJ=    135.99440849114350     
 iteration         3580 MCMCOBJ=    149.43900014546497     
 iteration         3600 MCMCOBJ=    92.063504862595735     
 iteration         3620 MCMCOBJ=    147.75071734381893     
 iteration         3640 MCMCOBJ=    115.53264202574194     
 iteration         3660 MCMCOBJ=    134.91664075457930     
 iteration         3680 MCMCOBJ=    173.08578635201593     
 iteration         3700 MCMCOBJ=    135.59739379376774     
 iteration         3720 MCMCOBJ=    144.55880102438428     
 iteration         3740 MCMCOBJ=    127.58448498560911     
 iteration         3760 MCMCOBJ=    134.53712940173571     
 iteration         3780 MCMCOBJ=    133.36335327024011     
 iteration         3800 MCMCOBJ=    165.61468452518932     
 iteration         3820 MCMCOBJ=    111.12904890241184     
 iteration         3840 MCMCOBJ=    123.13399116113061     
 iteration         3860 MCMCOBJ=    163.20160530165987     
 iteration         3880 MCMCOBJ=    135.66351242775170     
 iteration         3900 MCMCOBJ=    143.57621856456552     
 iteration         3920 MCMCOBJ=    123.09042281160170     
 iteration         3940 MCMCOBJ=    117.86799021369443     
 iteration         3960 MCMCOBJ=    142.02388237481421     
 iteration         3980 MCMCOBJ=    166.81199022792910     
 iteration         4000 MCMCOBJ=    93.852303169263905     
 iteration         4020 MCMCOBJ=    136.93366521353158     
 iteration         4040 MCMCOBJ=    117.70256339984387     
 iteration         4060 MCMCOBJ=    136.51285071007783     
 iteration         4080 MCMCOBJ=    130.93574794645343     
 iteration         4100 MCMCOBJ=    114.63339455558493     
 iteration         4120 MCMCOBJ=    137.36384764005342     
 iteration         4140 MCMCOBJ=    111.00897402866563     
 iteration         4160 MCMCOBJ=    113.66213108246693     
 iteration         4180 MCMCOBJ=    129.93800505788849     
 iteration         4200 MCMCOBJ=    132.50345206618297     
 iteration         4220 MCMCOBJ=    143.25664580314648     
 iteration         4240 MCMCOBJ=    139.53610824112320     
 iteration         4260 MCMCOBJ=    167.17024284322562     
 iteration         4280 MCMCOBJ=    135.71608007164875     
 iteration         4300 MCMCOBJ=    149.58943611918176     
 iteration         4320 MCMCOBJ=    116.03721698198113     
 iteration         4340 MCMCOBJ=    152.11962848924063     
 iteration         4360 MCMCOBJ=    154.00838056093053     
 iteration         4380 MCMCOBJ=    154.69103640256927     
 iteration         4400 MCMCOBJ=    122.66531694849151     
 iteration         4420 MCMCOBJ=    150.56591506304662     
 iteration         4440 MCMCOBJ=    124.16449720142904     
 iteration         4460 MCMCOBJ=    136.75358589236532     
 iteration         4480 MCMCOBJ=    131.88587087014861     
 iteration         4500 MCMCOBJ=    131.65059752592433     
 iteration         4520 MCMCOBJ=    159.06442656313956     
 iteration         4540 MCMCOBJ=    144.07861301702300     
 iteration         4560 MCMCOBJ=    134.10532073647900     
 iteration         4580 MCMCOBJ=    134.70111436539602     
 iteration         4600 MCMCOBJ=    120.39040499562108     
 iteration         4620 MCMCOBJ=    134.22875774935886     
 iteration         4640 MCMCOBJ=    110.45399374439442     
 iteration         4660 MCMCOBJ=    125.62402071587144     
 iteration         4680 MCMCOBJ=    131.27162714619783     
 iteration         4700 MCMCOBJ=    141.47554184190750     
 iteration         4720 MCMCOBJ=    102.86351727791042     
 iteration         4740 MCMCOBJ=    146.86782737442056     
 iteration         4760 MCMCOBJ=    130.65775456716642     
 iteration         4780 MCMCOBJ=    140.19131107551786     
 iteration         4800 MCMCOBJ=    138.03212204886495     
 iteration         4820 MCMCOBJ=    126.78305902514910     
 iteration         4840 MCMCOBJ=    121.25370786040644     
 iteration         4860 MCMCOBJ=    117.00176595352637     
 iteration         4880 MCMCOBJ=    126.58274451760919     
 iteration         4900 MCMCOBJ=    116.35608556319342     
 iteration         4920 MCMCOBJ=    117.47790585434751     
 iteration         4940 MCMCOBJ=    105.70805627355938     
 iteration         4960 MCMCOBJ=    139.81957447757569     
 iteration         4980 MCMCOBJ=    128.52663316961650     
 iteration         5000 MCMCOBJ=    112.05800455624519     
 iteration         5020 MCMCOBJ=    157.17951166001419     
 iteration         5040 MCMCOBJ=    152.50070743907250     
 iteration         5060 MCMCOBJ=    146.78619345394335     
 iteration         5080 MCMCOBJ=    136.67288817170856     
 iteration         5100 MCMCOBJ=    108.38047292886993     
 iteration         5120 MCMCOBJ=    128.62406104747862     
 iteration         5140 MCMCOBJ=    100.93190500075433     
 iteration         5160 MCMCOBJ=    144.13865846436465     
 iteration         5180 MCMCOBJ=    144.61516824372910     
 iteration         5200 MCMCOBJ=    104.04408690216208     
 iteration         5220 MCMCOBJ=    115.40461095706134     
 iteration         5240 MCMCOBJ=    88.950495509090686     
 iteration         5260 MCMCOBJ=    133.76989579330461     
 iteration         5280 MCMCOBJ=    134.16653394413046     
 iteration         5300 MCMCOBJ=    109.74654157865872     
 iteration         5320 MCMCOBJ=    78.322789047992643     
 iteration         5340 MCMCOBJ=    133.38667617797068     
 iteration         5360 MCMCOBJ=    159.72330162203471     
 iteration         5380 MCMCOBJ=    123.06609214929242     
 iteration         5400 MCMCOBJ=    147.07011843646893     
 iteration         5420 MCMCOBJ=    151.80995503234868     
 iteration         5440 MCMCOBJ=    141.93963848613902     
 iteration         5460 MCMCOBJ=    119.68727364902213     
 iteration         5480 MCMCOBJ=    125.86240322127115     
 iteration         5500 MCMCOBJ=    133.79726500582507     
 iteration         5520 MCMCOBJ=    131.43707378641145     
 iteration         5540 MCMCOBJ=    119.73192775462209     
 iteration         5560 MCMCOBJ=    124.81957189158297     
 iteration         5580 MCMCOBJ=    149.79831170784260     
 iteration         5600 MCMCOBJ=    152.55868021254935     
 iteration         5620 MCMCOBJ=    94.247554077648857     
 iteration         5640 MCMCOBJ=    148.24154365488403     
 iteration         5660 MCMCOBJ=    170.00139213876326     
 iteration         5680 MCMCOBJ=    153.56166817068143     
 iteration         5700 MCMCOBJ=    122.75209329640671     
 iteration         5720 MCMCOBJ=    114.76955329574872     
 iteration         5740 MCMCOBJ=    143.23134474090256     
 iteration         5760 MCMCOBJ=    137.44207787653281     
 iteration         5780 MCMCOBJ=    128.63542671309239     
 iteration         5800 MCMCOBJ=    165.04861508373395     
 iteration         5820 MCMCOBJ=    156.30756058761907     
 iteration         5840 MCMCOBJ=    170.77712056558624     
 iteration         5860 MCMCOBJ=    135.67132890354594     
 iteration         5880 MCMCOBJ=    108.75711411815925     
 iteration         5900 MCMCOBJ=    138.37947792231904     
 iteration         5920 MCMCOBJ=    109.58708207875488     
 iteration         5940 MCMCOBJ=    123.44824929349409     
 iteration         5960 MCMCOBJ=    144.30095806262480     
 iteration         5980 MCMCOBJ=    119.58266195477277     
 iteration         6000 MCMCOBJ=    146.77556675926340     
 iteration         6020 MCMCOBJ=    173.18319754973959     
 iteration         6040 MCMCOBJ=    150.12872700376047     
 iteration         6060 MCMCOBJ=    166.47470395007184     
 iteration         6080 MCMCOBJ=    110.36030836942855     
 iteration         6100 MCMCOBJ=    107.24792362958746     
 iteration         6120 MCMCOBJ=    140.66801903177213     
 iteration         6140 MCMCOBJ=    189.70122477341414     
 iteration         6160 MCMCOBJ=    154.53829835887746     
 iteration         6180 MCMCOBJ=    119.43838104666754     
 iteration         6200 MCMCOBJ=    143.69950894995384     
 iteration         6220 MCMCOBJ=    190.43201109770598     
 iteration         6240 MCMCOBJ=    142.14048215876883     
 iteration         6260 MCMCOBJ=    162.25583362322183     
 iteration         6280 MCMCOBJ=    146.73760158551161     
 iteration         6300 MCMCOBJ=    138.94447983595549     
 iteration         6320 MCMCOBJ=    166.73600116039091     
 iteration         6340 MCMCOBJ=    118.54501808056635     
 iteration         6360 MCMCOBJ=    139.75366123429637     
 iteration         6380 MCMCOBJ=    119.09602180596806     
 iteration         6400 MCMCOBJ=    91.332941865339023     
 iteration         6420 MCMCOBJ=    114.79023087806340     
 iteration         6440 MCMCOBJ=    108.25199504919729     
 iteration         6460 MCMCOBJ=    149.70958054717374     
 iteration         6480 MCMCOBJ=    213.86924685860095     
 iteration         6500 MCMCOBJ=    145.25746245957714     
 iteration         6520 MCMCOBJ=    95.194999797408926     
 iteration         6540 MCMCOBJ=    94.593769688900011     
 iteration         6560 MCMCOBJ=    110.32662252649811     
 iteration         6580 MCMCOBJ=    153.17211385454561     
 iteration         6600 MCMCOBJ=    191.88597717960502     
 iteration         6620 MCMCOBJ=    97.899423108750653     
 iteration         6640 MCMCOBJ=    163.09078776671510     
 iteration         6660 MCMCOBJ=    144.28070582057524     
 iteration         6680 MCMCOBJ=    130.92888530596989     
 iteration         6700 MCMCOBJ=    131.46957280892030     
 iteration         6720 MCMCOBJ=    100.25950442664517     
 iteration         6740 MCMCOBJ=    120.04945526606588     
 iteration         6760 MCMCOBJ=    140.68904675578042     
 iteration         6780 MCMCOBJ=    192.31975621034860     
 iteration         6800 MCMCOBJ=    104.45640037302907     
 iteration         6820 MCMCOBJ=    101.39575645178131     
 iteration         6840 MCMCOBJ=    133.98795277674546     
 iteration         6860 MCMCOBJ=    146.85690628962533     
 iteration         6880 MCMCOBJ=    127.15483648737026     
 iteration         6900 MCMCOBJ=    98.855907580665772     
 iteration         6920 MCMCOBJ=    111.74257652439837     
 iteration         6940 MCMCOBJ=    127.79555420662172     
 iteration         6960 MCMCOBJ=    74.430448174283939     
 iteration         6980 MCMCOBJ=    140.15625420186424     
 iteration         7000 MCMCOBJ=    133.14496161189274     
 iteration         7020 MCMCOBJ=    144.89673832352244     
 iteration         7040 MCMCOBJ=    90.502383243259786     
 iteration         7060 MCMCOBJ=    113.05670936443289     
 iteration         7080 MCMCOBJ=    137.97715150413495     
 iteration         7100 MCMCOBJ=    100.02536724600702     
 iteration         7120 MCMCOBJ=    148.04803181335711     
 iteration         7140 MCMCOBJ=    153.11785371171584     
 iteration         7160 MCMCOBJ=    116.18354310755517     
 iteration         7180 MCMCOBJ=    155.52922705542335     
 iteration         7200 MCMCOBJ=    111.10557882955186     
 iteration         7220 MCMCOBJ=    191.48702467222378     
 iteration         7240 MCMCOBJ=    154.83260632415355     
 iteration         7260 MCMCOBJ=    99.850440504209686     
 iteration         7280 MCMCOBJ=    115.92631519512521     
 iteration         7300 MCMCOBJ=    81.633747618287799     
 iteration         7320 MCMCOBJ=    136.02100967005984     
 iteration         7340 MCMCOBJ=    161.45752262947937     
 iteration         7360 MCMCOBJ=    116.26123626126544     
 iteration         7380 MCMCOBJ=    130.95187433436558     
 iteration         7400 MCMCOBJ=    143.15912165268546     
 iteration         7420 MCMCOBJ=    111.07369151097878     
 iteration         7440 MCMCOBJ=    159.31216595605352     
 iteration         7460 MCMCOBJ=    118.13033040616446     
 iteration         7480 MCMCOBJ=    116.97005391627526     
 iteration         7500 MCMCOBJ=    117.97714171238482     
 iteration         7520 MCMCOBJ=    123.90364655851572     
 iteration         7540 MCMCOBJ=    107.29187776591432     
 iteration         7560 MCMCOBJ=    135.80128378346228     
 iteration         7580 MCMCOBJ=    105.75720025845111     
 iteration         7600 MCMCOBJ=    142.88576735332680     
 iteration         7620 MCMCOBJ=    102.66789908003530     
 iteration         7640 MCMCOBJ=    139.61798545992949     
 iteration         7660 MCMCOBJ=    123.02201802382049     
 iteration         7680 MCMCOBJ=    172.87660329198391     
 iteration         7700 MCMCOBJ=    134.03449552492003     
 iteration         7720 MCMCOBJ=    161.18276089728721     
 iteration         7740 MCMCOBJ=    93.397823368508782     
 iteration         7760 MCMCOBJ=    120.23716291164413     
 iteration         7780 MCMCOBJ=    124.78664723542971     
 iteration         7800 MCMCOBJ=    127.03908319494153     
 iteration         7820 MCMCOBJ=    91.248912146200638     
 iteration         7840 MCMCOBJ=    157.30994931697180     
 iteration         7860 MCMCOBJ=    121.09011531579660     
 iteration         7880 MCMCOBJ=    142.17019605225204     
 iteration         7900 MCMCOBJ=    110.36904518424488     
 iteration         7920 MCMCOBJ=    135.76241523282357     
 iteration         7940 MCMCOBJ=    84.491479395770696     
 iteration         7960 MCMCOBJ=    149.96335599462162     
 iteration         7980 MCMCOBJ=    166.38397553076487     
 iteration         8000 MCMCOBJ=    150.51645855445406     
 iteration         8020 MCMCOBJ=    155.06333220467869     
 iteration         8040 MCMCOBJ=    126.18689162099207     
 iteration         8060 MCMCOBJ=    121.34781631656261     
 iteration         8080 MCMCOBJ=    102.94789455613598     
 iteration         8100 MCMCOBJ=    106.25469684392466     
 iteration         8120 MCMCOBJ=    113.11991806615329     
 iteration         8140 MCMCOBJ=    117.65984050734252     
 iteration         8160 MCMCOBJ=    125.48273396898438     
 iteration         8180 MCMCOBJ=    161.14872990875068     
 iteration         8200 MCMCOBJ=    113.59577927947649     
 iteration         8220 MCMCOBJ=    162.17908850666359     
 iteration         8240 MCMCOBJ=    144.27085263437047     
 iteration         8260 MCMCOBJ=    171.76019742187253     
 iteration         8280 MCMCOBJ=    110.24952899326992     
 iteration         8300 MCMCOBJ=    132.45665364001243     
 iteration         8320 MCMCOBJ=    121.82683093170401     
 iteration         8340 MCMCOBJ=    136.53555481651273     
 iteration         8360 MCMCOBJ=    135.03381677231192     
 iteration         8380 MCMCOBJ=    128.76082774816120     
 iteration         8400 MCMCOBJ=    137.44433247874724     
 iteration         8420 MCMCOBJ=    115.38778009010925     
 iteration         8440 MCMCOBJ=    123.59010344015391     
 iteration         8460 MCMCOBJ=    132.67522425698598     
 iteration         8480 MCMCOBJ=    159.88393309651502     
 iteration         8500 MCMCOBJ=    157.86267358555344     
 iteration         8520 MCMCOBJ=    89.668549479341635     
 iteration         8540 MCMCOBJ=    114.85153012412697     
 iteration         8560 MCMCOBJ=    141.34065540488180     
 iteration         8580 MCMCOBJ=    139.49684415143389     
 iteration         8600 MCMCOBJ=    153.67488322472306     
 iteration         8620 MCMCOBJ=    134.96196718649779     
 iteration         8640 MCMCOBJ=    152.02714561176771     
 iteration         8660 MCMCOBJ=    112.57789306521200     
 iteration         8680 MCMCOBJ=    185.02360874767038     
 iteration         8700 MCMCOBJ=    146.05766139420706     
 iteration         8720 MCMCOBJ=    135.31872046331452     
 iteration         8740 MCMCOBJ=    108.03115404451275     
 iteration         8760 MCMCOBJ=    92.802924128723348     
 iteration         8780 MCMCOBJ=    81.496962340114393     
 iteration         8800 MCMCOBJ=    122.53478286247919     
 iteration         8820 MCMCOBJ=    144.24855756087308     
 iteration         8840 MCMCOBJ=    89.944987979387420     
 iteration         8860 MCMCOBJ=    138.74536647866663     
 iteration         8880 MCMCOBJ=    137.88544210683315     
 iteration         8900 MCMCOBJ=    120.65847885670088     
 iteration         8920 MCMCOBJ=    133.65494632256545     
 iteration         8940 MCMCOBJ=    161.61730779581566     
 iteration         8960 MCMCOBJ=    115.78590281704639     
 iteration         8980 MCMCOBJ=    156.23942692681004     
 iteration         9000 MCMCOBJ=    131.36304092311002     
 iteration         9020 MCMCOBJ=    140.66683016111736     
 iteration         9040 MCMCOBJ=    130.21654180581461     
 iteration         9060 MCMCOBJ=    121.05752691865924     
 iteration         9080 MCMCOBJ=    140.78227881090015     
 iteration         9100 MCMCOBJ=    173.16273449118651     
 iteration         9120 MCMCOBJ=    126.68728361428364     
 iteration         9140 MCMCOBJ=    135.72124218591574     
 iteration         9160 MCMCOBJ=    116.65820875668281     
 iteration         9180 MCMCOBJ=    120.70241724159088     
 iteration         9200 MCMCOBJ=    157.66270675960484     
 iteration         9220 MCMCOBJ=    152.92525809376778     
 iteration         9240 MCMCOBJ=    145.85715562116107     
 iteration         9260 MCMCOBJ=    137.92832349587104     
 iteration         9280 MCMCOBJ=    121.09880926537670     
 iteration         9300 MCMCOBJ=    123.76892709332868     
 iteration         9320 MCMCOBJ=    102.66389593143728     
 iteration         9340 MCMCOBJ=    139.08042983800709     
 iteration         9360 MCMCOBJ=    159.88798072112274     
 iteration         9380 MCMCOBJ=    166.22946572103746     
 iteration         9400 MCMCOBJ=    138.34989749056408     
 iteration         9420 MCMCOBJ=    138.22896307944407     
 iteration         9440 MCMCOBJ=    126.97063181154229     
 iteration         9460 MCMCOBJ=    124.10993175385839     
 iteration         9480 MCMCOBJ=    133.66490551357336     
 iteration         9500 MCMCOBJ=    164.12850926222191     
 iteration         9520 MCMCOBJ=    97.856871206699466     
 iteration         9540 MCMCOBJ=    101.74406007671988     
 iteration         9560 MCMCOBJ=    128.31358872343748     
 iteration         9580 MCMCOBJ=    172.41210481766799     
 iteration         9600 MCMCOBJ=    108.15474898771059     
 iteration         9620 MCMCOBJ=    136.22325244076720     
 iteration         9640 MCMCOBJ=    134.82170383392778     
 iteration         9660 MCMCOBJ=    155.27118725019577     
 iteration         9680 MCMCOBJ=    130.75636549590971     
 iteration         9700 MCMCOBJ=    136.34672419073945     
 iteration         9720 MCMCOBJ=    122.65571469762692     
 iteration         9740 MCMCOBJ=    115.06906973830682     
 iteration         9760 MCMCOBJ=    103.33964405660484     
 iteration         9780 MCMCOBJ=    113.60988423407777     
 iteration         9800 MCMCOBJ=    153.16123238391924     
 iteration         9820 MCMCOBJ=    108.52246315563394     
 iteration         9840 MCMCOBJ=    72.243503810345558     
 iteration         9860 MCMCOBJ=    111.93770178629343     
 iteration         9880 MCMCOBJ=    97.091175530314842     
 iteration         9900 MCMCOBJ=    111.52324419588535     
 iteration         9920 MCMCOBJ=    137.02429833101516     
 iteration         9940 MCMCOBJ=    168.02339063383673     
 iteration         9960 MCMCOBJ=    153.24232578303534     
 iteration         9980 MCMCOBJ=    135.92035619107750     
 iteration        10000 MCMCOBJ=    100.36168304249696     
 BURN-IN WAS COMPLETED

 #TERM:
 STATISTICAL PORTION WAS COMPLETED
  
 TOTAL DATA POINTS NORMALLY DISTRIBUTED (N):           72
 N*LOG(2PI) CONSTANT TO OBJECTIVE FUNCTION:    132.32714878147286     
 OBJECTIVE FUNCTION VALUE WITHOUT CONSTANT:    131.67776527224217     
 OBJECTIVE FUNCTION VALUE WITH CONSTANT:       264.00491405371503     
 REPORTED OBJECTIVE FUNCTION DOES NOT CONTAIN CONSTANT
  
 TOTAL EFFECTIVE ETAS (NIND*NETA):                            72
 NIND*NETA*LOG(2PI) CONSTANT TO OBJECTIVE FUNCTION:    132.32714878147286     
 OBJECTIVE FUNCTION VALUE WITHOUT CONSTANT:    131.67776527224217     
 OBJECTIVE FUNCTION VALUE WITH CONSTANT:       264.00491405371503     
 REPORTED OBJECTIVE FUNCTION DOES NOT CONTAIN CONSTANT
  
 PRIOR CONSTANT TO OBJECTIVE FUNCTION:    30.823646298206345     
 OBJECTIVE FUNCTION VALUE WITHOUT CONSTANT:    131.67776527224217     
 OBJECTIVE FUNCTION VALUE WITH CONSTANT:       162.50141157044851     
 REPORTED OBJECTIVE FUNCTION DOES NOT CONTAIN CONSTANT
  
 #TERE:
 Elapsed estimation  time in seconds:    45.78
 Elapsed covariance  time in seconds:     0.00
1
 
 
 
 
 
 
 
 
 
 
 
 
 
 
 
 
 
 
 
 
 ************************************************************************************************************************
 ********************                                                                                ********************
 ********************                              MCMC BAYESIAN ANALYSIS                            ********************
 #OBJT:**************                       AVERAGE VALUE OF LIKELIHOOD FUNCTION                     ********************
 ********************                                                                                ********************
 ************************************************************************************************************************
 





 #OBJV:********************************************      131.678       **************************************************
 #OBJS:********************************************       22.145 (STD) **************************************************
1
 ************************************************************************************************************************
 ********************                                                                                ********************
 ********************                              MCMC BAYESIAN ANALYSIS                            ********************
 ********************                             FINAL PARAMETER ESTIMATE                           ********************
 ********************                                                                                ********************
 ************************************************************************************************************************
 


 THETA - VECTOR OF FIXED EFFECTS PARAMETERS   *********


         THETA(CL) THETA(V) 
 
         2.78E+00  4.20E+01
 


 OMEGA - COV MATRIX FOR RANDOM EFFECTS - ETAS  ********


         ETA(CL)   ETA(V)   
 
 ETA(CL)
+        1.50E-01
 
 ETA(V)
+       -2.81E-03  1.55E-01
 


 SIGMA - COV MATRIX FOR RANDOM EFFECTS - EPSILONS  ****


         EPS1     
 
 EPS1
+        3.87E-02
 
1


 OMEGA - CORR MATRIX FOR RANDOM EFFECTS - ETAS  *******


         ETA(CL)   ETA(V)   
 
 ETA(CL)
+        3.78E-01
 
 ETA(V)
+       -3.36E-03  3.74E-01
 


 SIGMA - CORR MATRIX FOR RANDOM EFFECTS - EPSILONS  ***


         EPS1     
 
 EPS1
+        1.94E-01
 
1
 ************************************************************************************************************************
 ********************                                                                                ********************
 ********************                              MCMC BAYESIAN ANALYSIS                            ********************
 ********************                STANDARD ERROR OF ESTIMATE (From Sample Variance)               ********************
 ********************                                                                                ********************
 ************************************************************************************************************************
 


 THETA - VECTOR OF FIXED EFFECTS PARAMETERS   *********


         THETA(CL) THETA(V) 
 
         4.20E-01  1.01E+01
 


 OMEGA - COV MATRIX FOR RANDOM EFFECTS - ETAS  ********


         ETA(CL)   ETA(V)   
 
 ETA(CL)
+        7.15E-02
 
 ETA(V)
+        5.89E-02  1.13E-01
 


 SIGMA - COV MATRIX FOR RANDOM EFFECTS - EPSILONS  ****


         EPS1     
 
 EPS1
+        1.25E-02
 
1


 OMEGA - CORR MATRIX FOR RANDOM EFFECTS - ETAS  *******


         ETA(CL)   ETA(V)   
 
 ETA(CL)
+        8.53E-02
 
 ETA(V)
+        3.62E-01  1.24E-01
 


 SIGMA - CORR MATRIX FOR RANDOM EFFECTS - EPSILONS  ***


         EPS1     
 
 EPS1
+        2.93E-02
 
1
 ************************************************************************************************************************
 ********************                                                                                ********************
 ********************                              MCMC BAYESIAN ANALYSIS                            ********************
 ********************               COVARIANCE MATRIX OF ESTIMATE (From Sample Variance)             ********************
 ********************                                                                                ********************
 ************************************************************************************************************************
 

            TH 1      TH 2      OM11      OM12      OM22      SG11  
 
 TH 1
+        1.76E-01
 
 TH 2
+        8.58E-01  1.01E+02
 
 OM11
+       -2.59E-03  3.45E-01  5.11E-03
 
 OM12
+        3.43E-03 -5.69E-02 -7.92E-04  3.47E-03
 
 OM22
+       -8.91E-03 -6.51E-04 -1.36E-03 -2.38E-04  1.28E-02
 
 SG11
+       -1.88E-03 -2.68E-02 -8.96E-05  3.50E-05 -1.20E-04  1.56E-04
 
1
 ************************************************************************************************************************
 ********************                                                                                ********************
 ********************                              MCMC BAYESIAN ANALYSIS                            ********************
 ********************              CORRELATION MATRIX OF ESTIMATE (From Sample Variance)             ********************
 ********************                                                                                ********************
 ************************************************************************************************************************
 

            TH 1      TH 2      OM11      OM12      OM22      SG11  
 
 TH 1
+        4.20E-01
 
 TH 2
+        2.03E-01  1.01E+01
 
 OM11
+       -8.62E-02  4.80E-01  7.15E-02
 
 OM12
+        1.39E-01 -9.60E-02 -1.88E-01  5.89E-02
 
 OM22
+       -1.88E-01 -5.72E-04 -1.68E-01 -3.57E-02  1.13E-01
 
 SG11
+       -3.58E-01 -2.13E-01 -1.00E-01  4.76E-02 -8.48E-02  1.25E-02
 
1
 ************************************************************************************************************************
 ********************                                                                                ********************
 ********************                              MCMC BAYESIAN ANALYSIS                            ********************
 ********************           INVERSE COVARIANCE MATRIX OF ESTIMATE (From Sample Variance)         ********************
 ********************                                                                                ********************
 ************************************************************************************************************************
 

            TH 1      TH 2      OM11      OM12      OM22      SG11  
 
 TH 1
+        7.79E+00
 
 TH 2
+       -8.74E-02  1.44E-02
 
 OM11
+        1.24E+01 -1.03E+00  2.92E+02
 
 OM12
+       -6.72E+00  6.76E-02  3.86E+01  3.06E+02
 
 OM22
+        7.48E+00 -1.62E-01  4.18E+01  4.05E+00  8.93E+01
 
 SG11
+        9.31E+01  6.81E-01  1.63E+02 -1.13E+02  1.54E+02  7.89E+03
 
 Elapsed postprocess time in seconds:     0.00
 #CPUT: Total CPU Time in Seconds,       32.828
Stop Time: 
Tue 01/03/2017 
10:28 PM
