Tue 01/03/2017 
10:26 PM
$PROB one cmpt simple mu modeled bayes multidose nids: 18 scenario: tr
;; based_on: run100
$SUB ADVAN1 TRANS2
$INPUT ID TIME DV OBSNUM CMT EVID AMT RATE ADDL II 
$DATA ..\..\mdata\simple_nocovar_56id_6tp_md.csv
IGNORE=@ 
IGNORE=(OBSNUM.EQN.1)
IGNORE=(OBSNUM.EQN.2)
IGNORE=(OBSNUM.EQN.4)
IGNORE=(OBSNUM.EQN.5)
IGNORE=(OBSNUM.EQN.6)
IGNORE=(ID.GT.18)
$ABBR REPLACE THETA(CL, V) = THETA(1 to 2)
$ABBR REPLACE ETA(CL, V) = ETA(1 to 2)

$THETAI
THETA(1:NTHETA)=LOG(THETAI(1:NTHETA))
THETAP(1:NTHETAP)=LOG(THETAPI(1:NTHETAP))
$THETAR
THETAR(1:NTHETA)=EXP(THETA(1:NTHETA))
THETAPR(1:NTHETAP)=EXP(THETAP(1:NTHETAP))

$PRIOR NWPRI 

$PK
"USE NMBAYES_INT, ONLY: ITER_REPORT,BAYES_EXTRA_REQUEST,BAYES_EXTRA
; Request extra information for Bayesian analysis.
; An extra call will then be made for accepted samples
"BAYES_EXTRA_REQUEST=1

MU_1 = THETA(CL)
MU_2 = THETA(V)
CL = EXP(MU_1 + ETA(CL))
V = EXP(MU_2 + ETA(V))
S1 = V

"IF(BAYES_EXTRA==1 .AND. ITER_REPORT>=0 .AND. TIME==0.0) THEN
"WRITE(50,98) ITER_REPORT,ID,CL,V
"98 FORMAT(I12,1X,F14.0,4(1X,1PG12.5))
"ENDIF

$ERROR
IPRED=F
Y = IPRED*(1 + ERR(1))  

$THETA
(0.001, 2.5) ; TVCL
(0.001, 46) ; TVV

$OMEGA BLOCK(2)
0.1    ; nCL
0.1  0.1  ; nV

$SIGMA
0.03 ; PROP

; THETA PRIORS
$THETAP (2.5 FIX) (46 FIX) 

; THETA (uniformative) PRIORs
$THETAPV BLOCK(2)
10000 FIX
0.0 10000 

$OMEGAP BLOCK(2)
0.2 FIX
0 0.2

; degrees of freedom to prior omega matrix - low dof = highly uninformative
$OMEGAPD (2 FIX)

$EST METHOD=CHAIN FILE=..\run100.chn NSAMPLE=0 ISAMPLE=3 DF=20
$EST METHOD=BAYES INTER NBURN=4000 NITER=10000 PRINT=20 NOPRIOR=0 CTYPE=3 CITER=10 SEED=56664
  
NM-TRAN MESSAGES 
  
 WARNINGS AND ERRORS (IF ANY) FOR PROBLEM    1
             
 (WARNING  2) NM-TRAN INFERS THAT THE DATA ARE POPULATION.

 (MU_WARNING 20) MU_001: MU_ VARIABLE SHOULD NOT BE DEFINED AFTER VERBATIM CODE.
  
License Registered to: Devin Pastoor
Expiration Date:    14 NOV 2017
Current Date:        3 JAN 2017
Days until program expires : 311
1NONLINEAR MIXED EFFECTS MODEL PROGRAM (NONMEM) VERSION 7.4.0 alpha14 (nm74a14)
 ORIGINALLY DEVELOPED BY STUART BEAL, LEWIS SHEINER, AND ALISON BOECKMANN
 CURRENT DEVELOPERS ARE ROBERT BAUER, ICON DEVELOPMENT SOLUTIONS,
 AND ALISON BOECKMANN. IMPLEMENTATION, EFFICIENCY, AND STANDARDIZATION
 PERFORMED BY NOUS INFOSYSTEMS.

 PROBLEM NO.:         1
 one cmpt simple mu modeled bayes multidose nids: 18 scenario: tr
0DATA CHECKOUT RUN:              NO
 DATA SET LOCATED ON UNIT NO.:    2
 THIS UNIT TO BE REWOUND:        NO
 NO. OF DATA RECS IN DATA SET:       36
 NO. OF DATA ITEMS IN DATA SET:  11
 ID DATA ITEM IS DATA ITEM NO.:   1
 DEP VARIABLE IS DATA ITEM NO.:   3
 MDV DATA ITEM IS DATA ITEM NO.: 11
0INDICES PASSED TO SUBROUTINE PRED:
   6   2   7   8   0  10   5   0   0   0   9
0LABELS FOR DATA ITEMS:
 ID TIME DV OBSNUM CMT EVID AMT RATE ADDL II MDV
0LABELS FOR THETAS
 THETA(1)=THETA(CL)
 THETA(2)=THETA(V)
0LABELS FOR ETAS
 ETA(1)=ETA(CL)
0LABELS FOR ETAS
 ETA(2)=ETA(V)
0FORMAT FOR DATA:
 (2E3.0,E17.0,3E2.0,2E5.0,E2.0,E3.0,1F2.0)

 TOT. NO. OF OBS RECS:       18
 TOT. NO. OF INDIVIDUALS:     18
0LENGTH OF THETA:   5
0DEFAULT THETA BOUNDARY TEST OMITTED:    NO
0OMEGA HAS BLOCK FORM:
  1
  1  1
  0  0  2
  0  0  2  2
  0  0  0  0  3
  0  0  0  0  3  3
0DEFAULT OMEGA BOUNDARY TEST OMITTED:    NO
0SIGMA HAS SIMPLE DIAGONAL FORM WITH DIMENSION:   1
0DEFAULT SIGMA BOUNDARY TEST OMITTED:    NO
0INITIAL ESTIMATE OF THETA:
 LOWER BOUND    INITIAL EST    UPPER BOUND
  0.1000E-02     0.2500E+01     0.1000E+07
  0.1000E-02     0.4600E+02     0.1000E+07
  0.2500E+01     0.2500E+01     0.2500E+01
  0.4600E+02     0.4600E+02     0.4600E+02
  0.2000E+01     0.2000E+01     0.2000E+01
0INITIAL ESTIMATE OF OMEGA:
 BLOCK SET NO.   BLOCK                                                                    FIXED
        1                                                                                   NO
 DIAGONAL SHIFT OF  1.1000E-07 WAS IMPOSED TO ENSURE POSITIVE DEFINITENESS
                  0.1000E+00
                  0.1000E+00   0.1000E+00
        2                                                                                  YES
                  0.1000E+05
                  0.0000E+00   0.1000E+05
        3                                                                                  YES
                  0.2000E+00
                  0.0000E+00   0.2000E+00
0INITIAL ESTIMATE OF SIGMA:
 0.3000E-01
0
 THETAI SUBROUTINE USER-SUPPLIED
 THETAR SUBROUTINE USER-SUPPLIED
 PRIOR SUBROUTINE USER-SUPPLIED
1DOUBLE PRECISION PREDPP VERSION 7.4.0 alpha14 (nm74a14)

 ONE COMPARTMENT MODEL (ADVAN1)
0MAXIMUM NO. OF BASIC PK PARAMETERS:   2
0BASIC PK PARAMETERS (AFTER TRANSLATION):
   ELIMINATION RATE (K) IS BASIC PK PARAMETER NO.:  1

 TRANSLATOR WILL CONVERT PARAMETERS
 CLEARANCE (CL) AND VOLUME (V) TO K (TRANS2)
0COMPARTMENT ATTRIBUTES
 COMPT. NO.   FUNCTION   INITIAL    ON/OFF      DOSE      DEFAULT    DEFAULT
                         STATUS     ALLOWED    ALLOWED    FOR DOSE   FOR OBS.
    1         CENTRAL      ON         NO         YES        YES        YES
    2         OUTPUT       OFF        YES        NO         NO         NO
1
 ADDITIONAL PK PARAMETERS - ASSIGNMENT OF ROWS IN GG
 COMPT. NO.                             INDICES
              SCALE      BIOAVAIL.   ZERO-ORDER  ZERO-ORDER  ABSORB
                         FRACTION    RATE        DURATION    LAG
    1            3           *           *           *           *
    2            *           -           -           -           -
             - PARAMETER IS NOT ALLOWED FOR THIS MODEL
             * PARAMETER IS NOT SUPPLIED BY PK SUBROUTINE;
               WILL DEFAULT TO ONE IF APPLICABLE
0DATA ITEM INDICES USED BY PRED ARE:
   EVENT ID DATA ITEM IS DATA ITEM NO.:      6
   TIME DATA ITEM IS DATA ITEM NO.:          2
   DOSE AMOUNT DATA ITEM IS DATA ITEM NO.:   7
   DOSE RATE DATA ITEM IS DATA ITEM NO.:     8
   INTERVAL DATA ITEM IS DATA ITEM NO.:     10
   ADDL. DOSES DATA ITEM IS DATA ITEM NO.:   9
   COMPT. NO. DATA ITEM IS DATA ITEM NO.:    5

0PK SUBROUTINE CALLED WITH EVERY EVENT RECORD.
 PK SUBROUTINE NOT CALLED AT NONEVENT (ADDITIONAL OR LAGGED) DOSE TIMES.
0ERROR SUBROUTINE CALLED WITH EVERY EVENT RECORD.
1


 #TBLN:      1
 #METH: Chain Method Processing

 RANDOM GENERATION TYPE (CTYPE):     0
 RANDOM GENERATION SEED (SEED):      11456
 RANDOM SAMPLE SELECTION (ISAMPLE):  3
 RANDOM SAMPLE RANGE END (ISAMPEND): -2147483647
 NUMBER OF RANDOM SAMPLES (NSAMPLE): 0
 UNIFORM FRACTIONAL RANGE (IACCEPT): 0.400000000000000
 RANDOM SELECTION TYPE (SELECT):     0
 DEG. FR. TO GENERATE OMEGAS (DF):   20
 DEG. FR. TO GENERATE SIGMAS (DFS):  -1
 CHAIN FILE (FILE):                  ..\run100.chn
 EXCL. TITLE IN CHAIN FILE (NOTITLE):NO
 EX. COL. LBS. IN CHAIN FL.(NOLABEL):NO
 FORMAT FOR CHAIN FILE (FORMAT):     S1PE12.5
 PAR. ORDER in CHAIN FILE (ORDER):   TSOL
 RANDOM SAMPLING METHOD (RANMETHOD):3U

 THE FOLLOWING LABELS ARE EQUIVALENT
 PRED=NPRED
 RES=NRES
 WRES=NWRES
 IWRS=NIWRES
 IPRD=NIPRED
 IRS=NIRES



 FROM SAMPLE 3 OF CHAIN FILE ..\run100.chn
 NEW INITIAL ESTIMATES OF THETA
  0.1754E-01
  0.2172E+01
 NEW INITIAL ESTIMATES OF OMEGA
 DIAGONAL SHIFT OF  2.2018E-07 WAS IMPOSED ON OMEGAS TO ENSURE POSITIVE DEFINITENESS
  0.2002E+00
  0.2002E+00  0.2003E+00
 NEW INITIAL ESTIMATES OF SIGMA
  0.1176E-01
1


 #TBLN:      1
 #METH: MCMC Bayesian Analysis

 ESTIMATION STEP OMITTED:                 NO
 ANALYSIS TYPE:                           POPULATION
 NUMBER OF SADDLE POINT RESET ITERATIONS:      0
 GRADIENT METHOD USED:               NOSLOW
 CONDITIONAL ESTIMATES USED:              YES
 CENTERED ETA:                            NO
 EPS-ETA INTERACTION:                     YES
 LAPLACIAN OBJ. FUNC.:                    NO
 NO. OF FUNCT. EVALS. ALLOWED:            840
 NO. OF SIG. FIGURES REQUIRED:            3
 INTERMEDIATE PRINTOUT:                   YES
 ESTIMATE OUTPUT TO MSF:                  NO
 IND. OBJ. FUNC. VALUES SORTED:           NO
 NUMERICAL DERIVATIVE
       FILE REQUEST (NUMDER):               NONE
 MAP (ETAHAT) ESTIMATION METHOD (OPTMAP):   0
 ETA HESSIAN EVALUATION METHOD (ETADER):    0
 INITIAL ETA FOR MAP ESTIMATION (MCETA):    0
 SIGDIGITS FOR MAP ESTIMATION (SIGLO):      100
 GRADIENT SIGDIGITS OF
       FIXED EFFECTS PARAMETERS (SIGL):     100
 NOPRIOR SETTING (NOPRIOR):                 OFF
 NOCOV SETTING (NOCOV):                     OFF
 DERCONT SETTING (DERCONT):                 OFF
 FINAL ETA RE-EVALUATION (FNLETA):          ON
 EXCLUDE NON-INFLUENTIAL (NON-INFL.) ETAS
       IN SHRINKAGE (ETASTYPE):             NO
 NON-INFL. ETA CORRECTION (NONINFETA):      OFF
 RAW OUTPUT FILE (FILE): run112_nids_18_tr_c3.ext
 EXCLUDE TITLE (NOTITLE):                   NO
 EXCLUDE COLUMN LABELS (NOLABEL):           NO
 FORMAT FOR ADDITIONAL FILES (FORMAT):      S1PE12.5
 PARAMETER ORDER FOR OUTPUTS (ORDER):       TSOL
 WISHART PRIOR DF INTERPRETATION (WISHTYPE):0
 KNUTHSUMOFF:                               0
 INCLUDE LNTWOPI:                           NO
 INCLUDE CONSTANT TERM TO PRIOR (PRIORC):   NO
 INCLUDE CONSTANT TERM TO OMEGA (ETA) (OLNTWOPI):NO
 EM OR BAYESIAN METHOD USED:                MCMC BAYESIAN (BAYES)
 MU MODELING PATTERN (MUM):
 GRADIENT/GIBBS PATTERN (GRD):
 AUTOMATIC SETTING FEATURE (AUTO):          OFF
 CONVERGENCE TYPE (CTYPE):                  3
 KEEP ITERATIONS (THIN):            1
 CONVERGENCE INTERVAL (CINTERVAL):          20
 CONVERGENCE ITERATIONS (CITER):            10
 CONVERGENCE ALPHA ERROR (CALPHA):          5.000000000000000E-02
 BURN-IN ITERATIONS (NBURN):                4000
 ITERATIONS (NITER):                        10000
 ANEAL SETTING (CONSTRAIN):                 1
 STARTING SEED FOR MC METHODS (SEED):       56664
 MC SAMPLES PER SUBJECT (ISAMPLE):          1
 RANDOM SAMPLING METHOD (RANMETHOD):        3U
 PROPOSAL DENSITY SCALING RANGE
              (ISCALE_MIN, ISCALE_MAX):     1.000000000000000E-06   ,1000000.00000000
 SAMPLE ACCEPTANCE RATE (IACCEPT):          0.400000000000000
 METROPOLIS HASTINGS SAMPLING FOR INDIVIDUAL ETAS:
 SAMPLES FOR GLOBAL SEARCH KERNEL (ISAMPLE_M1):          2
 SAMPLES FOR NEIGHBOR SEARCH KERNEL (ISAMPLE_M1A):       0
 SAMPLES FOR MASS/IMP/POST. MATRIX SEARCH (ISAMPLE_M1B): 2
 SAMPLES FOR LOCAL SEARCH KERNEL (ISAMPLE_M2):           2
 SAMPLES FOR LOCAL UNIVARIATE KERNEL (ISAMPLE_M3):       2
 PWR. WT. MASS/IMP/POST MATRIX ACCUM. FOR ETAS (IKAPPA): 1.00000000000000
 MASS/IMP./POST. MATRIX REFRESH SETTING (MASSREST):      -1
 METROPOLIS HASTINGS POPULATION SAMPLING FOR NON-GIBBS
 SAMPLED THETAS AND SIGMAS:
 PROPOSAL DENSITY SCALING RANGE
              (PSCALE_MIN, PSCALE_MAX):   1.000000000000000E-02   ,1000.00000000000
 SAMPLE ACCEPTANCE RATE (PACCEPT):                       0.500000000000000
 SAMPLES FOR GLOBAL SEARCH KERNEL (PSAMPLE_M1):          1
 SAMPLES FOR LOCAL SEARCH KERNEL (PSAMPLE_M2):           -1
 SAMPLES FOR LOCAL UNIVARIATE KERNEL (PSAMPLE_M3):       1
 METROPOLIS HASTINGS POPULATION SAMPLING FOR NON-GIBBS
 SAMPLED OMEGAS:
 SAMPLE ACCEPTANCE RATE (OACCEPT):                       0.500000000000000
 SAMPLES FOR GLOBAL SEARCH KERNEL (OSAMPLE_M1):          -1
 SAMPLES FOR LOCAL SEARCH KERNEL (OSAMPLE_M2):           -1
 SAMPLES FOR LOCAL UNIVARIATE SEARCH KERNEL (OSAMPLE_M3):0
 DEG. FR. FOR T DIST.  PRIOR FOR THETAS (TTDF):        0.00000000000000
 DEG. FR. FOR LKJ CORRELATION PRIOR FOR OMEGAS (OLKJDF): 0.00000000000000
 WEIGHT FACTOR FOR STD PRIOR FOR OMEGAS (OVARF): 1.00000000000000
 DEG. FR. FOR LKJ CORRELATION PRIOR FOR SIGMAS (SLKJDF): 0.00000000000000
 WEIGHT FACTOR FOR STD PRIOR FOR SIGMAS (SVARF): 1.00000000000000


 THE FOLLOWING LABELS ARE EQUIVALENT
 PRED=PREDI
 RES=RESI
 WRES=WRESI
 IWRS=IWRESI
 IPRD=IPREDI
 IRS=IRESI

 EM/BAYES SETUP:
 THETAS THAT ARE MU MODELED:
   1   2
 THETAS THAT ARE GIBBS SAMPLED:
   1   2
 THETAS THAT ARE METROPOLIS-HASTINGS SAMPLED:
 
 SIGMAS THAT ARE GIBBS SAMPLED:
   1
 SIGMAS THAT ARE METROPOLIS-HASTINGS SAMPLED:
 
 OMEGAS ARE GIBBS SAMPLED

 MONITORING OF SEARCH:

 Burn-in Mode
 iteration        -4000 MCMCOBJ=    1856926.8152179199     
 iteration        -3980 MCMCOBJ=    64.304319738408722     
 iteration        -3960 MCMCOBJ=    35.444711306380590     
 iteration        -3940 MCMCOBJ=    44.058735186833651     
 iteration        -3920 MCMCOBJ=    13.588200077472486     
 iteration        -3900 MCMCOBJ=    23.894753025149353     
 iteration        -3880 MCMCOBJ=    24.111620397673814     
 iteration        -3860 MCMCOBJ=   -7.3367068013990044     
 iteration        -3840 MCMCOBJ=   -16.362686211755165     
 iteration        -3820 MCMCOBJ=   -28.808481888367531     
 iteration        -3800 MCMCOBJ=   -19.040725688495236     
 iteration        -3780 MCMCOBJ=   -44.399365346218282     
 iteration        -3760 MCMCOBJ=   -73.289775228386247     
 iteration        -3740 MCMCOBJ=   -58.999056124626037     
 iteration        -3720 MCMCOBJ=   -85.111783827307406     
 iteration        -3700 MCMCOBJ=   -75.163097301254624     
 iteration        -3680 MCMCOBJ=   -77.140666052502525     
 iteration        -3660 MCMCOBJ=   -39.327301007699184     
 iteration        -3640 MCMCOBJ=   -16.695188301024022     
 iteration        -3620 MCMCOBJ=   -17.946340255466605     
 iteration        -3600 MCMCOBJ=   -7.4994089934195527     
 iteration        -3580 MCMCOBJ=    40.668754364374003     
 iteration        -3560 MCMCOBJ=    48.992609794523354     
 iteration        -3540 MCMCOBJ=    8.6203812293525388     
 iteration        -3520 MCMCOBJ=    35.723761840582803     
 iteration        -3500 MCMCOBJ=    5.5036121386025689     
 iteration        -3480 MCMCOBJ=   -26.208670306811257     
 iteration        -3460 MCMCOBJ=   -44.492913698232833     
 iteration        -3440 MCMCOBJ=   -65.582940608679607     
 iteration        -3420 MCMCOBJ=   -44.762765919612129     
 iteration        -3400 MCMCOBJ=   -56.890865286819000     
 iteration        -3380 MCMCOBJ=   -75.481844672821737     
 iteration        -3360 MCMCOBJ=   -78.104928814813150     
 iteration        -3340 MCMCOBJ=   -65.728593158480308     
 iteration        -3320 MCMCOBJ=   -50.292699715293089     
 iteration        -3300 MCMCOBJ=   -55.094778613450806     
 iteration        -3280 MCMCOBJ=   -95.233754163386905     
 iteration        -3260 MCMCOBJ=   -88.731830666442747     
 iteration        -3240 MCMCOBJ=   -74.985592994914427     
 iteration        -3220 MCMCOBJ=   -76.396765572831754     
 iteration        -3200 MCMCOBJ=   -98.492187238493514     
 iteration        -3180 MCMCOBJ=   -103.30986089549259     
 iteration        -3160 MCMCOBJ=   -102.60321854287037     
 iteration        -3140 MCMCOBJ=   -70.729570551481274     
 Convergence achieved
 Sampling Mode
 iteration            0 MCMCOBJ=   -79.985550245428840     
 iteration           20 MCMCOBJ=   -63.541807667431094     
 iteration           40 MCMCOBJ=   -8.5453126584746784     
 iteration           60 MCMCOBJ=   -8.7887276011331323     
 iteration           80 MCMCOBJ=   -29.749826336368116     
 iteration          100 MCMCOBJ=   -30.360902096396465     
 iteration          120 MCMCOBJ=   -43.872756078247221     
 iteration          140 MCMCOBJ=   -1.8152848420328265     
 iteration          160 MCMCOBJ=   -29.901351885390298     
 iteration          180 MCMCOBJ=   -4.6305913901013831     
 iteration          200 MCMCOBJ=    41.986428918915301     
 iteration          220 MCMCOBJ=    12.140241089393658     
 iteration          240 MCMCOBJ=    2.7919214473886700     
 iteration          260 MCMCOBJ=    4.0660598983228535     
 iteration          280 MCMCOBJ=    4.9130250980395838     
 iteration          300 MCMCOBJ=    4.1993496612849945     
 iteration          320 MCMCOBJ=    5.4948031172817533     
 iteration          340 MCMCOBJ=    5.9712759864521550     
 iteration          360 MCMCOBJ=    44.831044674480466     
 iteration          380 MCMCOBJ=    23.894504980783832     
 iteration          400 MCMCOBJ=   -49.127350965083814     
 iteration          420 MCMCOBJ=    19.845023716215739     
 iteration          440 MCMCOBJ=   -5.3640092796627501     
 iteration          460 MCMCOBJ=   -25.378416507822280     
 iteration          480 MCMCOBJ=   -42.593220164313657     
 iteration          500 MCMCOBJ=   -8.7059991409137680     
 iteration          520 MCMCOBJ=    11.178972525838589     
 iteration          540 MCMCOBJ=   -19.223117678744821     
 iteration          560 MCMCOBJ=   -20.125962179893122     
 iteration          580 MCMCOBJ=    16.779641062190830     
 iteration          600 MCMCOBJ=   -12.674961845831442     
 iteration          620 MCMCOBJ=   -33.555881397870486     
 iteration          640 MCMCOBJ=   -15.749811627265473     
 iteration          660 MCMCOBJ=    12.777192627625718     
 iteration          680 MCMCOBJ=    36.635466627062783     
 iteration          700 MCMCOBJ=    29.971342984718792     
 iteration          720 MCMCOBJ=    60.842814665692217     
 iteration          740 MCMCOBJ=    4.0647873082757489     
 iteration          760 MCMCOBJ=    4.9236167764333487     
 iteration          780 MCMCOBJ=   -31.252889415627557     
 iteration          800 MCMCOBJ=   -71.371180719246212     
 iteration          820 MCMCOBJ=   -72.292973418436134     
 iteration          840 MCMCOBJ=   -52.961734552608185     
 iteration          860 MCMCOBJ=   -56.748721460915874     
 iteration          880 MCMCOBJ=   -27.966021084876505     
 iteration          900 MCMCOBJ=   -28.272702457953617     
 iteration          920 MCMCOBJ=    42.539504776725053     
 iteration          940 MCMCOBJ=   -3.4754906426234542     
 iteration          960 MCMCOBJ=   -10.497911295785288     
 iteration          980 MCMCOBJ=   -18.289704259780120     
 iteration         1000 MCMCOBJ=    20.632835489581552     
 iteration         1020 MCMCOBJ=    43.657685089576333     
 iteration         1040 MCMCOBJ=    34.160587913924765     
 iteration         1060 MCMCOBJ=    32.888901266456308     
 iteration         1080 MCMCOBJ=   -9.9442502143923690     
 iteration         1100 MCMCOBJ=    15.315600947202821     
 iteration         1120 MCMCOBJ=    7.2603159382270288     
 iteration         1140 MCMCOBJ=   -5.4231676564195368     
 iteration         1160 MCMCOBJ=   -60.783613398143643     
 iteration         1180 MCMCOBJ=   -34.712794537642885     
 iteration         1200 MCMCOBJ=   -66.751766351600992     
 iteration         1220 MCMCOBJ=   -37.387776358043318     
 iteration         1240 MCMCOBJ=   -24.206751205725720     
 iteration         1260 MCMCOBJ=   -17.014089703534747     
 iteration         1280 MCMCOBJ=   -19.653410301195457     
 iteration         1300 MCMCOBJ=   -7.4583142921055421     
 iteration         1320 MCMCOBJ=   -48.258088615936231     
 iteration         1340 MCMCOBJ=    26.671655546275240     
 iteration         1360 MCMCOBJ=    2.0549262236885326     
 iteration         1380 MCMCOBJ=    30.148714148732097     
 iteration         1400 MCMCOBJ=    33.145748263771615     
 iteration         1420 MCMCOBJ=    24.136917795525875     
 iteration         1440 MCMCOBJ=    31.962468539840316     
 iteration         1460 MCMCOBJ=    20.771062368919040     
 iteration         1480 MCMCOBJ=    52.940157091064563     
 iteration         1500 MCMCOBJ=    12.670774102867263     
 iteration         1520 MCMCOBJ=   -12.674478069254908     
 iteration         1540 MCMCOBJ=    10.118987928454573     
 iteration         1560 MCMCOBJ=    30.168277923214170     
 iteration         1580 MCMCOBJ=    44.376049371655220     
 iteration         1600 MCMCOBJ=    39.604790638165362     
 iteration         1620 MCMCOBJ=    24.460059841939465     
 iteration         1640 MCMCOBJ=    43.444643273364342     
 iteration         1660 MCMCOBJ=    7.4152504740504854     
 iteration         1680 MCMCOBJ=   -3.5427108162807515     
 iteration         1700 MCMCOBJ=   -10.325300782528615     
 iteration         1720 MCMCOBJ=   -9.6160647749362980     
 iteration         1740 MCMCOBJ=   -6.9791873823205171     
 iteration         1760 MCMCOBJ=    21.234290546406626     
 iteration         1780 MCMCOBJ=    15.997247066156985     
 iteration         1800 MCMCOBJ=    19.053862419190057     
 iteration         1820 MCMCOBJ=   -5.4871304595099568     
 iteration         1840 MCMCOBJ=   -49.255488773350237     
 iteration         1860 MCMCOBJ=   -10.890745791206227     
 iteration         1880 MCMCOBJ=   -4.2085438322564004     
 iteration         1900 MCMCOBJ=    42.604023862222135     
 iteration         1920 MCMCOBJ=    35.142140614808248     
 iteration         1940 MCMCOBJ=   -18.664568358113819     
 iteration         1960 MCMCOBJ=    6.6932524729089113     
 iteration         1980 MCMCOBJ=    7.9119736028327416     
 iteration         2000 MCMCOBJ=   -14.477583756009913     
 iteration         2020 MCMCOBJ=   -58.935316476095352     
 iteration         2040 MCMCOBJ=   -71.141011749341146     
 iteration         2060 MCMCOBJ=   -88.097029788973614     
 iteration         2080 MCMCOBJ=   -107.03346247964312     
 iteration         2100 MCMCOBJ=   -101.74385561672277     
 iteration         2120 MCMCOBJ=   -124.33418295685887     
 iteration         2140 MCMCOBJ=   -124.59491756835391     
 iteration         2160 MCMCOBJ=   -125.83449850423801     
 iteration         2180 MCMCOBJ=   -80.338084377866281     
 iteration         2200 MCMCOBJ=   -98.489172273046449     
 iteration         2220 MCMCOBJ=   -78.362600001487522     
 iteration         2240 MCMCOBJ=   -101.32537936149365     
 iteration         2260 MCMCOBJ=   -93.590263759357441     
 iteration         2280 MCMCOBJ=   -60.941121097992358     
 iteration         2300 MCMCOBJ=   -52.403879070424665     
 iteration         2320 MCMCOBJ=   -28.159780454687102     
 iteration         2340 MCMCOBJ=   -26.557745888268705     
 iteration         2360 MCMCOBJ=    20.062693249834769     
 iteration         2380 MCMCOBJ=   -45.643757405761463     
 iteration         2400 MCMCOBJ=    18.319355089760673     
 iteration         2420 MCMCOBJ=   -33.669284271588701     
 iteration         2440 MCMCOBJ=   -40.035006036816426     
 iteration         2460 MCMCOBJ=   -2.2690389203340948     
 iteration         2480 MCMCOBJ=    32.159591419895179     
 iteration         2500 MCMCOBJ=    54.188284310548447     
 iteration         2520 MCMCOBJ=   0.45291436376618338     
 iteration         2540 MCMCOBJ=   -4.1768255690975407     
 iteration         2560 MCMCOBJ=    23.517591806251318     
 iteration         2580 MCMCOBJ=  -0.55212110521155477     
 iteration         2600 MCMCOBJ=    10.614707324250627     
 iteration         2620 MCMCOBJ=    32.011704879314927     
 iteration         2640 MCMCOBJ=    36.395582905199412     
 iteration         2660 MCMCOBJ=    22.090928278054015     
 iteration         2680 MCMCOBJ=  -0.29588796819217006     
 iteration         2700 MCMCOBJ=    42.265147847545293     
 iteration         2720 MCMCOBJ=    15.922323931313336     
 iteration         2740 MCMCOBJ=    25.666218846167805     
 iteration         2760 MCMCOBJ=    40.868456972275844     
 iteration         2780 MCMCOBJ=    51.121147916280549     
 iteration         2800 MCMCOBJ=    8.4530749382387640     
 iteration         2820 MCMCOBJ=   -29.554313057994371     
 iteration         2840 MCMCOBJ=    3.3522198162779220     
 iteration         2860 MCMCOBJ=    38.292014827329936     
 iteration         2880 MCMCOBJ=    3.6054486037270985     
 iteration         2900 MCMCOBJ=   -59.680633087002725     
 iteration         2920 MCMCOBJ=   -38.738184488713863     
 iteration         2940 MCMCOBJ=   -46.157628497490180     
 iteration         2960 MCMCOBJ=    31.841167561441605     
 iteration         2980 MCMCOBJ=    13.739270492259198     
 iteration         3000 MCMCOBJ=    23.151735516239462     
 iteration         3020 MCMCOBJ=    35.733277472694006     
 iteration         3040 MCMCOBJ=    68.493106918536995     
 iteration         3060 MCMCOBJ=   -4.7237890315533964     
 iteration         3080 MCMCOBJ=    34.202025663204374     
 iteration         3100 MCMCOBJ=    29.818623277139892     
 iteration         3120 MCMCOBJ=    43.925066835462353     
 iteration         3140 MCMCOBJ=    25.851114204083331     
 iteration         3160 MCMCOBJ=    11.734804989312908     
 iteration         3180 MCMCOBJ=   -9.1554573685724296     
 iteration         3200 MCMCOBJ=   -19.792320376619362     
 iteration         3220 MCMCOBJ=    11.316445200669110     
 iteration         3240 MCMCOBJ=   -64.149409460914441     
 iteration         3260 MCMCOBJ=   -43.516341079554252     
 iteration         3280 MCMCOBJ=   -9.2311505973478436     
 iteration         3300 MCMCOBJ=   -13.903846891291606     
 iteration         3320 MCMCOBJ=   -21.829452318303229     
 iteration         3340 MCMCOBJ=   -8.8262147126063351     
 iteration         3360 MCMCOBJ=   -7.1690860842812132     
 iteration         3380 MCMCOBJ=    29.277001674043465     
 iteration         3400 MCMCOBJ=   -33.661823145394088     
 iteration         3420 MCMCOBJ=   -48.256774570719159     
 iteration         3440 MCMCOBJ=   -41.978815362644603     
 iteration         3460 MCMCOBJ=   -17.964598670134080     
 iteration         3480 MCMCOBJ=    18.103362908207778     
 iteration         3500 MCMCOBJ=    2.5637881732167993     
 iteration         3520 MCMCOBJ=   -7.9888072882246810     
 iteration         3540 MCMCOBJ=   -40.442967681987071     
 iteration         3560 MCMCOBJ=   -31.311247422417562     
 iteration         3580 MCMCOBJ=   -39.699734653930335     
 iteration         3600 MCMCOBJ=   -33.278739928159702     
 iteration         3620 MCMCOBJ=   -53.375185256106590     
 iteration         3640 MCMCOBJ=   -39.688906606446452     
 iteration         3660 MCMCOBJ=    1.6989588344341011     
 iteration         3680 MCMCOBJ=   -4.6862307013210485     
 iteration         3700 MCMCOBJ=    21.070098864165107     
 iteration         3720 MCMCOBJ=    17.728284307757221     
 iteration         3740 MCMCOBJ=    12.830279417879526     
 iteration         3760 MCMCOBJ=    20.419717886927724     
 iteration         3780 MCMCOBJ=   -14.370303268708245     
 iteration         3800 MCMCOBJ=   -22.970294906911768     
 iteration         3820 MCMCOBJ=   -5.4277618293043775     
 iteration         3840 MCMCOBJ=    5.4495520539502174     
 iteration         3860 MCMCOBJ=    4.3848948713048053     
 iteration         3880 MCMCOBJ=   -3.6262776293854926     
 iteration         3900 MCMCOBJ=    9.0029664360949654E-002
 iteration         3920 MCMCOBJ=  -0.79723236879741499     
 iteration         3940 MCMCOBJ=    21.281155169924400     
 iteration         3960 MCMCOBJ=    6.3349026709989733     
 iteration         3980 MCMCOBJ=   -15.651848968330938     
 iteration         4000 MCMCOBJ=   -59.527999597152075     
 iteration         4020 MCMCOBJ=   -35.658994674395082     
 iteration         4040 MCMCOBJ=   -37.285224529017611     
 iteration         4060 MCMCOBJ=   -22.424383065452353     
 iteration         4080 MCMCOBJ=   -45.495640381377704     
 iteration         4100 MCMCOBJ=   -49.007647967961290     
 iteration         4120 MCMCOBJ=   -61.826089794422266     
 iteration         4140 MCMCOBJ=   -51.842433973159771     
 iteration         4160 MCMCOBJ=   -20.987395261168611     
 iteration         4180 MCMCOBJ=    23.495603556609620     
 iteration         4200 MCMCOBJ=    5.2411657151138158     
 iteration         4220 MCMCOBJ=    53.664765468363946     
 iteration         4240 MCMCOBJ=    1.8722182628786066     
 iteration         4260 MCMCOBJ=    22.015873671984117     
 iteration         4280 MCMCOBJ=    55.421832377933697     
 iteration         4300 MCMCOBJ=    49.270141500081287     
 iteration         4320 MCMCOBJ=    39.778750180689777     
 iteration         4340 MCMCOBJ=    33.054832010118233     
 iteration         4360 MCMCOBJ=   -10.088721812239047     
 iteration         4380 MCMCOBJ=    22.433347562313834     
 iteration         4400 MCMCOBJ=    15.997210758125371     
 iteration         4420 MCMCOBJ=    9.1096502698933985     
 iteration         4440 MCMCOBJ=   -25.098930314304965     
 iteration         4460 MCMCOBJ=   -65.804790622070541     
 iteration         4480 MCMCOBJ=   -18.132286552748401     
 iteration         4500 MCMCOBJ=   -41.057868883136095     
 iteration         4520 MCMCOBJ=   -46.284774194123131     
 iteration         4540 MCMCOBJ=   -40.410496063409902     
 iteration         4560 MCMCOBJ=   -32.942631920809234     
 iteration         4580 MCMCOBJ=   -43.346723568668821     
 iteration         4600 MCMCOBJ=   -55.626192554669259     
 iteration         4620 MCMCOBJ=   -94.960413612075413     
 iteration         4640 MCMCOBJ=   -138.65568441855504     
 iteration         4660 MCMCOBJ=   -102.02246737018382     
 iteration         4680 MCMCOBJ=   -88.784132826540713     
 iteration         4700 MCMCOBJ=   -85.699357472900672     
 iteration         4720 MCMCOBJ=   -96.144087052120469     
 iteration         4740 MCMCOBJ=   -94.280826151991931     
 iteration         4760 MCMCOBJ=   -129.85845549917656     
 iteration         4780 MCMCOBJ=   -145.91500904310257     
 iteration         4800 MCMCOBJ=   -175.81062418360941     
 iteration         4820 MCMCOBJ=   -205.12116896401704     
 iteration         4840 MCMCOBJ=   -209.59141591459914     
 iteration         4860 MCMCOBJ=   -219.54716771890514     
 iteration         4880 MCMCOBJ=   -203.38617149665455     
 iteration         4900 MCMCOBJ=   -161.32674394757771     
 iteration         4920 MCMCOBJ=   -221.02947562298218     
 iteration         4940 MCMCOBJ=   -233.32277666056933     
 iteration         4960 MCMCOBJ=   -151.45671911246131     
 iteration         4980 MCMCOBJ=   -133.51826992509126     
 iteration         5000 MCMCOBJ=   -107.41652922313291     
 iteration         5020 MCMCOBJ=   -144.25045735308598     
 iteration         5040 MCMCOBJ=   -106.74818636251736     
 iteration         5060 MCMCOBJ=   -116.35677074500326     
 iteration         5080 MCMCOBJ=   -193.05671936616281     
 iteration         5100 MCMCOBJ=   -144.45529167717032     
 iteration         5120 MCMCOBJ=   -139.30055460677221     
 iteration         5140 MCMCOBJ=   -111.80319203743379     
 iteration         5160 MCMCOBJ=   -98.713873592774519     
 iteration         5180 MCMCOBJ=   -87.996913985841772     
 iteration         5200 MCMCOBJ=   -63.810659609835056     
 iteration         5220 MCMCOBJ=   -2.0451830112990677     
 iteration         5240 MCMCOBJ=   -26.711354032401026     
 iteration         5260 MCMCOBJ=   -28.015810166234619     
 iteration         5280 MCMCOBJ=   -40.630318512122486     
 iteration         5300 MCMCOBJ=   -56.062036068522907     
 iteration         5320 MCMCOBJ=   -13.330403671216052     
 iteration         5340 MCMCOBJ=    1.6047438836702694     
 iteration         5360 MCMCOBJ=    25.730940012252038     
 iteration         5380 MCMCOBJ=    36.435202190499083     
 iteration         5400 MCMCOBJ=    28.688743724704477     
 iteration         5420 MCMCOBJ=    25.550688057445356     
 iteration         5440 MCMCOBJ=    17.135671001033792     
 iteration         5460 MCMCOBJ=    19.384347941036129     
 iteration         5480 MCMCOBJ=    26.881963646335244     
 iteration         5500 MCMCOBJ=    34.638069093419297     
 iteration         5520 MCMCOBJ=  -0.21588748634177579     
 iteration         5540 MCMCOBJ=    30.453881178463462     
 iteration         5560 MCMCOBJ=    12.435984406554073     
 iteration         5580 MCMCOBJ=    31.534191984889244     
 iteration         5600 MCMCOBJ=    28.859270514521416     
 iteration         5620 MCMCOBJ=    38.027748735970135     
 iteration         5640 MCMCOBJ=    43.871054505432383     
 iteration         5660 MCMCOBJ=    34.170783426762078     
 iteration         5680 MCMCOBJ=    29.473798285363724     
 iteration         5700 MCMCOBJ=   -5.0963790021879465     
 iteration         5720 MCMCOBJ=  -0.15894605215498037     
 iteration         5740 MCMCOBJ=   -2.3131223207022007     
 iteration         5760 MCMCOBJ=    22.185550373248699     
 iteration         5780 MCMCOBJ=    58.280036393036809     
 iteration         5800 MCMCOBJ=    64.448297098237788     
 iteration         5820 MCMCOBJ=    34.957723957728916     
 iteration         5840 MCMCOBJ=    41.462816663601934     
 iteration         5860 MCMCOBJ=    21.660545317725088     
 iteration         5880 MCMCOBJ=    17.384730237560845     
 iteration         5900 MCMCOBJ=    26.324472373659876     
 iteration         5920 MCMCOBJ=   -25.286282379788890     
 iteration         5940 MCMCOBJ=    44.300643856936269     
 iteration         5960 MCMCOBJ=    30.253648626840143     
 iteration         5980 MCMCOBJ=    20.901126567261205     
 iteration         6000 MCMCOBJ=    23.430653616200853     
 iteration         6020 MCMCOBJ=    10.295972300025824     
 iteration         6040 MCMCOBJ=   -3.4787795853445953     
 iteration         6060 MCMCOBJ=   -8.5022468617910292     
 iteration         6080 MCMCOBJ=   -28.822150511923379     
 iteration         6100 MCMCOBJ=   -38.675901347189530     
 iteration         6120 MCMCOBJ=   -90.671387568608978     
 iteration         6140 MCMCOBJ=   -104.81555989620512     
 iteration         6160 MCMCOBJ=   -70.855637157429967     
 iteration         6180 MCMCOBJ=   -121.43017288079997     
 iteration         6200 MCMCOBJ=   -149.16720681445960     
 iteration         6220 MCMCOBJ=   -149.22682376980615     
 iteration         6240 MCMCOBJ=   -179.02306547222037     
 iteration         6260 MCMCOBJ=   -134.19907176795843     
 iteration         6280 MCMCOBJ=   -171.11089991350744     
 iteration         6300 MCMCOBJ=   -192.48341300011796     
 iteration         6320 MCMCOBJ=   -203.43151745111763     
 iteration         6340 MCMCOBJ=   -157.48563539473480     
 iteration         6360 MCMCOBJ=   -146.91969211449808     
 iteration         6380 MCMCOBJ=   -143.93696332972081     
 iteration         6400 MCMCOBJ=   -107.96868471823778     
 iteration         6420 MCMCOBJ=   -96.865010439437924     
 iteration         6440 MCMCOBJ=   -112.15615708626979     
 iteration         6460 MCMCOBJ=   -97.533390891301650     
 iteration         6480 MCMCOBJ=   -123.41102971777562     
 iteration         6500 MCMCOBJ=   -104.14655900892494     
 iteration         6520 MCMCOBJ=   -132.76870489955698     
 iteration         6540 MCMCOBJ=   -73.306167124934248     
 iteration         6560 MCMCOBJ=   -78.010616588527412     
 iteration         6580 MCMCOBJ=   -94.498762862105636     
 iteration         6600 MCMCOBJ=   -93.901255953252161     
 iteration         6620 MCMCOBJ=   -86.846763340371865     
 iteration         6640 MCMCOBJ=   -48.907543604304706     
 iteration         6660 MCMCOBJ=    34.346412622713011     
 iteration         6680 MCMCOBJ=   -9.5884383739788017     
 iteration         6700 MCMCOBJ=    2.6115837283858143     
 iteration         6720 MCMCOBJ=   -8.8135417362799462     
 iteration         6740 MCMCOBJ=   -29.192697495396160     
 iteration         6760 MCMCOBJ=   -30.326908726763449     
 iteration         6780 MCMCOBJ=   -19.861131011736980     
 iteration         6800 MCMCOBJ=   -25.398750268729145     
 iteration         6820 MCMCOBJ=    8.7666803497979657     
 iteration         6840 MCMCOBJ=    41.865795874108102     
 iteration         6860 MCMCOBJ=    44.195763753482154     
 iteration         6880 MCMCOBJ=    35.669346701325651     
 iteration         6900 MCMCOBJ=    28.682828835898221     
 iteration         6920 MCMCOBJ=    26.274337207272577     
 iteration         6940 MCMCOBJ=    27.773540581057755     
 iteration         6960 MCMCOBJ=    34.567516836489219     
 iteration         6980 MCMCOBJ=    32.298658102318626     
 iteration         7000 MCMCOBJ=    15.774888380779178     
 iteration         7020 MCMCOBJ=    33.484837332824618     
 iteration         7040 MCMCOBJ=    15.835167552815495     
 iteration         7060 MCMCOBJ=    24.286910235841020     
 iteration         7080 MCMCOBJ=   -38.446881183199359     
 iteration         7100 MCMCOBJ=    8.7099349174116227     
 iteration         7120 MCMCOBJ=    1.4748712793436967     
 iteration         7140 MCMCOBJ=   -31.964725651103716     
 iteration         7160 MCMCOBJ=   -24.464767229996088     
 iteration         7180 MCMCOBJ=   -34.284206443635810     
 iteration         7200 MCMCOBJ=  -0.43183492997710837     
 iteration         7220 MCMCOBJ=   -24.398993880734899     
 iteration         7240 MCMCOBJ=    13.735540073990887     
 iteration         7260 MCMCOBJ=    24.265667065508154     
 iteration         7280 MCMCOBJ=    18.352384798663678     
 iteration         7300 MCMCOBJ=   -3.3125796493914175     
 iteration         7320 MCMCOBJ=    17.222416826181597     
 iteration         7340 MCMCOBJ=    20.383082151834170     
 iteration         7360 MCMCOBJ=    46.113148277802161     
 iteration         7380 MCMCOBJ=    26.669424793758804     
 iteration         7400 MCMCOBJ=    28.369005526886383     
 iteration         7420 MCMCOBJ=    11.769873422393392     
 iteration         7440 MCMCOBJ=   -16.924979088542390     
 iteration         7460 MCMCOBJ=   -21.872926493616170     
 iteration         7480 MCMCOBJ=   -3.3811491761588450     
 iteration         7500 MCMCOBJ=   -31.074741336372753     
 iteration         7520 MCMCOBJ=   -30.609317877321036     
 iteration         7540 MCMCOBJ=   -22.815673499287218     
 iteration         7560 MCMCOBJ=   -8.7453486515059566     
 iteration         7580 MCMCOBJ=    4.2428376270191652     
 iteration         7600 MCMCOBJ=   -19.303700153982884     
 iteration         7620 MCMCOBJ=   -25.432455756837420     
 iteration         7640 MCMCOBJ=   -1.1763169569733434     
 iteration         7660 MCMCOBJ=   0.38530285712401968     
 iteration         7680 MCMCOBJ=    23.639768581874062     
 iteration         7700 MCMCOBJ=    18.572227532546705     
 iteration         7720 MCMCOBJ=    45.301019621146544     
 iteration         7740 MCMCOBJ=   -4.0268675125489182     
 iteration         7760 MCMCOBJ=    28.788645852337506     
 iteration         7780 MCMCOBJ=    27.657887549530844     
 iteration         7800 MCMCOBJ=    35.893072939450860     
 iteration         7820 MCMCOBJ=    29.143939389703039     
 iteration         7840 MCMCOBJ=    16.488059835055218     
 iteration         7860 MCMCOBJ=    25.944507003071053     
 iteration         7880 MCMCOBJ=   -1.6053332371677058     
 iteration         7900 MCMCOBJ=    24.344681288695341     
 iteration         7920 MCMCOBJ=    26.902491407365229     
 iteration         7940 MCMCOBJ=    7.8999696885875368     
 iteration         7960 MCMCOBJ=   -4.0632110252940441     
 iteration         7980 MCMCOBJ=   -59.694191020249278     
 iteration         8000 MCMCOBJ=   -12.836018818606412     
 iteration         8020 MCMCOBJ=    9.9094926734671684     
 iteration         8040 MCMCOBJ=   -47.101152317888449     
 iteration         8060 MCMCOBJ=   -71.347757637644335     
 iteration         8080 MCMCOBJ=   -53.615114579565393     
 iteration         8100 MCMCOBJ=   -32.183974802558424     
 iteration         8120 MCMCOBJ=   -82.693689442124466     
 iteration         8140 MCMCOBJ=   -71.302234718556448     
 iteration         8160 MCMCOBJ=   -81.196557557750154     
 iteration         8180 MCMCOBJ=   -19.537058710601567     
 iteration         8200 MCMCOBJ=   -35.422618946634927     
 iteration         8220 MCMCOBJ=   -37.119249399666927     
 iteration         8240 MCMCOBJ=  -0.56570115698034018     
 iteration         8260 MCMCOBJ=   -34.715830704106018     
 iteration         8280 MCMCOBJ=   -12.666169028796142     
 iteration         8300 MCMCOBJ=    1.0243326350569024     
 iteration         8320 MCMCOBJ=   -16.176816154694361     
 iteration         8340 MCMCOBJ=   -46.361886462327426     
 iteration         8360 MCMCOBJ=    41.973101393856666     
 iteration         8380 MCMCOBJ=    3.6491985407412844     
 iteration         8400 MCMCOBJ=    25.634627170585514     
 iteration         8420 MCMCOBJ=    27.109703562062446     
 iteration         8440 MCMCOBJ=    11.235738168668743     
 iteration         8460 MCMCOBJ=    29.531487389683114     
 iteration         8480 MCMCOBJ=    26.920146130954887     
 iteration         8500 MCMCOBJ=    39.298848052088772     
 iteration         8520 MCMCOBJ=    16.068707173410100     
 iteration         8540 MCMCOBJ=    2.7964351067239650     
 iteration         8560 MCMCOBJ=    29.878813286935571     
 iteration         8580 MCMCOBJ=    52.414667733896813     
 iteration         8600 MCMCOBJ=   -31.599408690437780     
 iteration         8620 MCMCOBJ=    18.153088701903382     
 iteration         8640 MCMCOBJ=    9.6548704834942978     
 iteration         8660 MCMCOBJ=    21.096360849138112     
 iteration         8680 MCMCOBJ=   -5.9283177851307851     
 iteration         8700 MCMCOBJ=    9.5010917035019222     
 iteration         8720 MCMCOBJ=   -25.343738542106252     
 iteration         8740 MCMCOBJ=   -37.560129255257962     
 iteration         8760 MCMCOBJ=   -68.576844356896643     
 iteration         8780 MCMCOBJ=   -30.617628536487654     
 iteration         8800 MCMCOBJ=   -1.1536939618865434     
 iteration         8820 MCMCOBJ=   -17.310866338528434     
 iteration         8840 MCMCOBJ=   -15.561369350414553     
 iteration         8860 MCMCOBJ=   -30.070189531469254     
 iteration         8880 MCMCOBJ=   -1.9283963523396583     
 iteration         8900 MCMCOBJ=    34.423840075574347     
 iteration         8920 MCMCOBJ=   -2.5707230491869617     
 iteration         8940 MCMCOBJ=   -24.928001002313980     
 iteration         8960 MCMCOBJ=   -14.237634905648004     
 iteration         8980 MCMCOBJ=   -59.049709165644281     
 iteration         9000 MCMCOBJ=   0.60006777855163773     
 iteration         9020 MCMCOBJ=    19.832131724743217     
 iteration         9040 MCMCOBJ=    18.470761801212298     
 iteration         9060 MCMCOBJ=    10.610388520360072     
 iteration         9080 MCMCOBJ=   -38.564904012357786     
 iteration         9100 MCMCOBJ=   -35.790608050529521     
 iteration         9120 MCMCOBJ=   -19.383072770943727     
 iteration         9140 MCMCOBJ=   -50.134627792669477     
 iteration         9160 MCMCOBJ=   -58.216684309133065     
 iteration         9180 MCMCOBJ=   -71.855732912239674     
 iteration         9200 MCMCOBJ=   -86.565422285106493     
 iteration         9220 MCMCOBJ=   -72.064607770710495     
 iteration         9240 MCMCOBJ=   -69.119252710603021     
 iteration         9260 MCMCOBJ=   -116.06963995573717     
 iteration         9280 MCMCOBJ=   -121.34570201925229     
 iteration         9300 MCMCOBJ=   -124.25202876714664     
 iteration         9320 MCMCOBJ=   -80.829868122383616     
 iteration         9340 MCMCOBJ=   -78.536618984255171     
 iteration         9360 MCMCOBJ=   -27.214290279981121     
 iteration         9380 MCMCOBJ=   -42.085285396760341     
 iteration         9400 MCMCOBJ=    9.3724599455158994     
 iteration         9420 MCMCOBJ=   -9.5280854209994352     
 iteration         9440 MCMCOBJ=    21.871417657845761     
 iteration         9460 MCMCOBJ=    10.175532226800289     
 iteration         9480 MCMCOBJ=    20.052180327027422     
 iteration         9500 MCMCOBJ=    7.0901509135098770     
 iteration         9520 MCMCOBJ=   -65.229993466249923     
 iteration         9540 MCMCOBJ=   -32.970604768194100     
 iteration         9560 MCMCOBJ=   -63.155871454909239     
 iteration         9580 MCMCOBJ=   -44.194147998525978     
 iteration         9600 MCMCOBJ=    21.717549545897523     
 iteration         9620 MCMCOBJ=    11.114785556339957     
 iteration         9640 MCMCOBJ=   -6.8125421953633492     
 iteration         9660 MCMCOBJ=    13.901837018266443     
 iteration         9680 MCMCOBJ=    11.898259076424232     
 iteration         9700 MCMCOBJ=   -5.6201429000136054     
 iteration         9720 MCMCOBJ=    74.866475400446419     
 iteration         9740 MCMCOBJ=    27.563580767566439     
 iteration         9760 MCMCOBJ=    22.878828866740410     
 iteration         9780 MCMCOBJ=   -26.203206713430525     
 iteration         9800 MCMCOBJ=    17.379142962428837     
 iteration         9820 MCMCOBJ=    12.635710858407945     
 iteration         9840 MCMCOBJ=    36.869555930949758     
 iteration         9860 MCMCOBJ=    26.886761965950509     
 iteration         9880 MCMCOBJ=    38.339396824081220     
 iteration         9900 MCMCOBJ=    4.6189638293593811     
 iteration         9920 MCMCOBJ=   -4.3456380389129068     
 iteration         9940 MCMCOBJ=    1.3392409559959533     
 iteration         9960 MCMCOBJ=   -20.979680387948040     
 iteration         9980 MCMCOBJ=   -1.6972061068988782     
 iteration        10000 MCMCOBJ=   -15.687007346192267     
 BURN-IN WAS COMPLETED

 #TERM:
 STATISTICAL PORTION WAS COMPLETED
  
 TOTAL DATA POINTS NORMALLY DISTRIBUTED (N):           18
 N*LOG(2PI) CONSTANT TO OBJECTIVE FUNCTION:    33.081787195368214     
 OBJECTIVE FUNCTION VALUE WITHOUT CONSTANT:   -20.265122338179481     
 OBJECTIVE FUNCTION VALUE WITH CONSTANT:       12.816664857188734     
 REPORTED OBJECTIVE FUNCTION DOES NOT CONTAIN CONSTANT
  
 TOTAL EFFECTIVE ETAS (NIND*NETA):                            36
 NIND*NETA*LOG(2PI) CONSTANT TO OBJECTIVE FUNCTION:    66.163574390736429     
 OBJECTIVE FUNCTION VALUE WITHOUT CONSTANT:   -20.265122338179481     
 OBJECTIVE FUNCTION VALUE WITH CONSTANT:       45.898452052556948     
 REPORTED OBJECTIVE FUNCTION DOES NOT CONTAIN CONSTANT
  
 PRIOR CONSTANT TO OBJECTIVE FUNCTION:    30.823646298206345     
 OBJECTIVE FUNCTION VALUE WITHOUT CONSTANT:   -20.265122338179481     
 OBJECTIVE FUNCTION VALUE WITH CONSTANT:       10.558523960026864     
 REPORTED OBJECTIVE FUNCTION DOES NOT CONTAIN CONSTANT
  
 #TERE:
 Elapsed estimation  time in seconds:    21.10
 Elapsed covariance  time in seconds:     0.00
1
 
 
 
 
 
 
 
 
 
 
 
 
 
 
 
 
 
 
 
 
 ************************************************************************************************************************
 ********************                                                                                ********************
 ********************                              MCMC BAYESIAN ANALYSIS                            ********************
 #OBJT:**************                       AVERAGE VALUE OF LIKELIHOOD FUNCTION                     ********************
 ********************                                                                                ********************
 ************************************************************************************************************************
 





 #OBJV:********************************************      -20.265       **************************************************
 #OBJS:********************************************       55.224 (STD) **************************************************
1
 ************************************************************************************************************************
 ********************                                                                                ********************
 ********************                              MCMC BAYESIAN ANALYSIS                            ********************
 ********************                             FINAL PARAMETER ESTIMATE                           ********************
 ********************                                                                                ********************
 ************************************************************************************************************************
 


 THETA - VECTOR OF FIXED EFFECTS PARAMETERS   *********


         THETA(CL) THETA(V) 
 
         7.70E-02  9.01E+01
 


 OMEGA - COV MATRIX FOR RANDOM EFFECTS - ETAS  ********


         ETA(CL)   ETA(V)   
 
 ETA(CL)
+        4.69E-01
 
 ETA(V)
+        2.67E-03  1.80E-01
 


 SIGMA - COV MATRIX FOR RANDOM EFFECTS - EPSILONS  ****


         EPS1     
 
 EPS1
+        2.18E-02
 
1


 OMEGA - CORR MATRIX FOR RANDOM EFFECTS - ETAS  *******


         ETA(CL)   ETA(V)   
 
 ETA(CL)
+        5.64E-01
 
 ETA(V)
+        1.48E-02  4.11E-01
 


 SIGMA - CORR MATRIX FOR RANDOM EFFECTS - EPSILONS  ***


         EPS1     
 
 EPS1
+        1.03E-01
 
1
 ************************************************************************************************************************
 ********************                                                                                ********************
 ********************                              MCMC BAYESIAN ANALYSIS                            ********************
 ********************                STANDARD ERROR OF ESTIMATE (From Sample Variance)               ********************
 ********************                                                                                ********************
 ************************************************************************************************************************
 


 THETA - VECTOR OF FIXED EFFECTS PARAMETERS   *********


         THETA(CL) THETA(V) 
 
         1.09E+00  2.93E+01
 


 OMEGA - COV MATRIX FOR RANDOM EFFECTS - ETAS  ********


         ETA(CL)   ETA(V)   
 
 ETA(CL)
+        9.97E-01
 
 ETA(V)
+        1.76E-01  1.14E-01
 


 SIGMA - COV MATRIX FOR RANDOM EFFECTS - EPSILONS  ****


         EPS1     
 
 EPS1
+        4.05E-02
 
1


 OMEGA - CORR MATRIX FOR RANDOM EFFECTS - ETAS  *******


         ETA(CL)   ETA(V)   
 
 ETA(CL)
+        3.89E-01
 
 ETA(V)
+        4.64E-01  1.09E-01
 


 SIGMA - CORR MATRIX FOR RANDOM EFFECTS - EPSILONS  ***


         EPS1     
 
 EPS1
+        1.06E-01
 
1
 ************************************************************************************************************************
 ********************                                                                                ********************
 ********************                              MCMC BAYESIAN ANALYSIS                            ********************
 ********************               COVARIANCE MATRIX OF ESTIMATE (From Sample Variance)             ********************
 ********************                                                                                ********************
 ************************************************************************************************************************
 

            TH 1      TH 2      OM11      OM12      OM22      SG11  
 
 TH 1
+        1.19E+00
 
 TH 2
+       -2.82E+01  8.61E+02
 
 OM11
+       -1.99E-01  4.38E+00  9.93E-01
 
 OM12
+       -6.00E-03  3.46E-01  1.90E-02  3.09E-02
 
 OM22
+        1.65E-02 -3.14E-01  3.89E-03 -3.84E-03  1.30E-02
 
 SG11
+       -3.20E-03  1.12E-01 -2.23E-03 -2.37E-04 -8.22E-04  1.64E-03
 
1
 ************************************************************************************************************************
 ********************                                                                                ********************
 ********************                              MCMC BAYESIAN ANALYSIS                            ********************
 ********************              CORRELATION MATRIX OF ESTIMATE (From Sample Variance)             ********************
 ********************                                                                                ********************
 ************************************************************************************************************************
 

            TH 1      TH 2      OM11      OM12      OM22      SG11  
 
 TH 1
+        1.09E+00
 
 TH 2
+       -8.82E-01  2.93E+01
 
 OM11
+       -1.83E-01  1.50E-01  9.97E-01
 
 OM12
+       -3.13E-02  6.71E-02  1.08E-01  1.76E-01
 
 OM22
+        1.33E-01 -9.40E-02  3.42E-02 -1.92E-01  1.14E-01
 
 SG11
+       -7.24E-02  9.38E-02 -5.52E-02 -3.32E-02 -1.78E-01  4.05E-02
 
1
 ************************************************************************************************************************
 ********************                                                                                ********************
 ********************                              MCMC BAYESIAN ANALYSIS                            ********************
 ********************           INVERSE COVARIANCE MATRIX OF ESTIMATE (From Sample Variance)         ********************
 ********************                                                                                ********************
 ************************************************************************************************************************
 

            TH 1      TH 2      OM11      OM12      OM22      SG11  
 
 TH 1
+        3.93E+00
 
 TH 2
+        1.28E-01  5.34E-03
 
 OM11
+        2.51E-01  2.67E-03  1.06E+00
 
 OM12
+       -1.14E+00 -4.48E-02 -7.13E-01  3.46E+01
 
 OM22
+       -2.45E+00 -5.58E-02 -7.01E-01  1.15E+01  8.51E+01
 
 SG11
+       -2.05E+00 -1.45E-01  1.30E+00  1.06E+01  4.23E+01  6.39E+02
 
 Elapsed postprocess time in seconds:     0.00
 #CPUT: Total CPU Time in Seconds,       15.203
Stop Time: 
Tue 01/03/2017 
10:26 PM
