Tue 01/03/2017 
10:31 PM
$PROB one cmpt simple mu modeled bayes multidose nids: 56 scenario: s1d
;; based_on: run100
$SUB ADVAN1 TRANS2
$INPUT ID TIME DV OBSNUM CMT EVID AMT RATE ADDL II 
$DATA ..\..\mdata\simple_nocovar_56id_6tp_md.csv
IGNORE=@ 
IGNORE=(OBSNUM.EQN.2)
IGNORE=(OBSNUM.EQN.4)
IGNORE=(OBSNUM.EQN.5)
IGNORE=(OBSNUM.EQN.6)
IGNORE=(ID.GT.56)
$ABBR REPLACE THETA(CL, V) = THETA(1 to 2)
$ABBR REPLACE ETA(CL, V) = ETA(1 to 2)

$THETAI
THETA(1:NTHETA)=LOG(THETAI(1:NTHETA))
THETAP(1:NTHETAP)=LOG(THETAPI(1:NTHETAP))
$THETAR
THETAR(1:NTHETA)=EXP(THETA(1:NTHETA))
THETAPR(1:NTHETAP)=EXP(THETAP(1:NTHETAP))

$PRIOR NWPRI 

$PK
"USE NMBAYES_INT, ONLY: ITER_REPORT,BAYES_EXTRA_REQUEST,BAYES_EXTRA
; Request extra information for Bayesian analysis.
; An extra call will then be made for accepted samples
"BAYES_EXTRA_REQUEST=1

MU_1 = THETA(CL)
MU_2 = THETA(V)
CL = EXP(MU_1 + ETA(CL))
V = EXP(MU_2 + ETA(V))
S1 = V

"IF(BAYES_EXTRA==1 .AND. ITER_REPORT>=0 .AND. TIME==0.0) THEN
"WRITE(50,98) ITER_REPORT,ID,CL,V
"98 FORMAT(I12,1X,F14.0,4(1X,1PG12.5))
"ENDIF

$ERROR
IPRED=F
Y = IPRED*(1 + ERR(1))  

$THETA
(0.001, 2.5) ; TVCL
(0.001, 46) ; TVV

$OMEGA BLOCK(2)
0.1    ; nCL
0.1  0.1  ; nV

$SIGMA
0.03 ; PROP

; THETA PRIORS
$THETAP (2.5 FIX) (46 FIX) 

; THETA (uniformative) PRIORs
$THETAPV BLOCK(2)
10000 FIX
0.0 10000 

$OMEGAP BLOCK(2)
0.2 FIX
0 0.2

; degrees of freedom to prior omega matrix - low dof = highly uninformative
$OMEGAPD (2 FIX)

$EST METHOD=CHAIN FILE=..\run100.chn NSAMPLE=0 ISAMPLE=1 DF=20
$EST METHOD=BAYES INTER NBURN=4000 NITER=10000 PRINT=20 NOPRIOR=0 CTYPE=3 CITER=10 SEED=56664
  
NM-TRAN MESSAGES 
  
 WARNINGS AND ERRORS (IF ANY) FOR PROBLEM    1
             
 (WARNING  2) NM-TRAN INFERS THAT THE DATA ARE POPULATION.

 (MU_WARNING 20) MU_001: MU_ VARIABLE SHOULD NOT BE DEFINED AFTER VERBATIM CODE.
  
License Registered to: Devin Pastoor
Expiration Date:    14 NOV 2017
Current Date:        3 JAN 2017
Days until program expires : 311
1NONLINEAR MIXED EFFECTS MODEL PROGRAM (NONMEM) VERSION 7.4.0 alpha14 (nm74a14)
 ORIGINALLY DEVELOPED BY STUART BEAL, LEWIS SHEINER, AND ALISON BOECKMANN
 CURRENT DEVELOPERS ARE ROBERT BAUER, ICON DEVELOPMENT SOLUTIONS,
 AND ALISON BOECKMANN. IMPLEMENTATION, EFFICIENCY, AND STANDARDIZATION
 PERFORMED BY NOUS INFOSYSTEMS.

 PROBLEM NO.:         1
 one cmpt simple mu modeled bayes multidose nids: 56 scenario: s1d
0DATA CHECKOUT RUN:              NO
 DATA SET LOCATED ON UNIT NO.:    2
 THIS UNIT TO BE REWOUND:        NO
 NO. OF DATA RECS IN DATA SET:      168
 NO. OF DATA ITEMS IN DATA SET:  11
 ID DATA ITEM IS DATA ITEM NO.:   1
 DEP VARIABLE IS DATA ITEM NO.:   3
 MDV DATA ITEM IS DATA ITEM NO.: 11
0INDICES PASSED TO SUBROUTINE PRED:
   6   2   7   8   0  10   5   0   0   0   9
0LABELS FOR DATA ITEMS:
 ID TIME DV OBSNUM CMT EVID AMT RATE ADDL II MDV
0LABELS FOR THETAS
 THETA(1)=THETA(CL)
 THETA(2)=THETA(V)
0LABELS FOR ETAS
 ETA(1)=ETA(CL)
0LABELS FOR ETAS
 ETA(2)=ETA(V)
0FORMAT FOR DATA:
 (2E3.0,E17.0,3E2.0,2E5.0,E2.0,E3.0,1F2.0)

 TOT. NO. OF OBS RECS:      112
 TOT. NO. OF INDIVIDUALS:     56
0LENGTH OF THETA:   5
0DEFAULT THETA BOUNDARY TEST OMITTED:    NO
0OMEGA HAS BLOCK FORM:
  1
  1  1
  0  0  2
  0  0  2  2
  0  0  0  0  3
  0  0  0  0  3  3
0DEFAULT OMEGA BOUNDARY TEST OMITTED:    NO
0SIGMA HAS SIMPLE DIAGONAL FORM WITH DIMENSION:   1
0DEFAULT SIGMA BOUNDARY TEST OMITTED:    NO
0INITIAL ESTIMATE OF THETA:
 LOWER BOUND    INITIAL EST    UPPER BOUND
  0.1000E-02     0.2500E+01     0.1000E+07
  0.1000E-02     0.4600E+02     0.1000E+07
  0.2500E+01     0.2500E+01     0.2500E+01
  0.4600E+02     0.4600E+02     0.4600E+02
  0.2000E+01     0.2000E+01     0.2000E+01
0INITIAL ESTIMATE OF OMEGA:
 BLOCK SET NO.   BLOCK                                                                    FIXED
        1                                                                                   NO
 DIAGONAL SHIFT OF  1.1000E-07 WAS IMPOSED TO ENSURE POSITIVE DEFINITENESS
                  0.1000E+00
                  0.1000E+00   0.1000E+00
        2                                                                                  YES
                  0.1000E+05
                  0.0000E+00   0.1000E+05
        3                                                                                  YES
                  0.2000E+00
                  0.0000E+00   0.2000E+00
0INITIAL ESTIMATE OF SIGMA:
 0.3000E-01
0
 THETAI SUBROUTINE USER-SUPPLIED
 THETAR SUBROUTINE USER-SUPPLIED
 PRIOR SUBROUTINE USER-SUPPLIED
1DOUBLE PRECISION PREDPP VERSION 7.4.0 alpha14 (nm74a14)

 ONE COMPARTMENT MODEL (ADVAN1)
0MAXIMUM NO. OF BASIC PK PARAMETERS:   2
0BASIC PK PARAMETERS (AFTER TRANSLATION):
   ELIMINATION RATE (K) IS BASIC PK PARAMETER NO.:  1

 TRANSLATOR WILL CONVERT PARAMETERS
 CLEARANCE (CL) AND VOLUME (V) TO K (TRANS2)
0COMPARTMENT ATTRIBUTES
 COMPT. NO.   FUNCTION   INITIAL    ON/OFF      DOSE      DEFAULT    DEFAULT
                         STATUS     ALLOWED    ALLOWED    FOR DOSE   FOR OBS.
    1         CENTRAL      ON         NO         YES        YES        YES
    2         OUTPUT       OFF        YES        NO         NO         NO
1
 ADDITIONAL PK PARAMETERS - ASSIGNMENT OF ROWS IN GG
 COMPT. NO.                             INDICES
              SCALE      BIOAVAIL.   ZERO-ORDER  ZERO-ORDER  ABSORB
                         FRACTION    RATE        DURATION    LAG
    1            3           *           *           *           *
    2            *           -           -           -           -
             - PARAMETER IS NOT ALLOWED FOR THIS MODEL
             * PARAMETER IS NOT SUPPLIED BY PK SUBROUTINE;
               WILL DEFAULT TO ONE IF APPLICABLE
0DATA ITEM INDICES USED BY PRED ARE:
   EVENT ID DATA ITEM IS DATA ITEM NO.:      6
   TIME DATA ITEM IS DATA ITEM NO.:          2
   DOSE AMOUNT DATA ITEM IS DATA ITEM NO.:   7
   DOSE RATE DATA ITEM IS DATA ITEM NO.:     8
   INTERVAL DATA ITEM IS DATA ITEM NO.:     10
   ADDL. DOSES DATA ITEM IS DATA ITEM NO.:   9
   COMPT. NO. DATA ITEM IS DATA ITEM NO.:    5

0PK SUBROUTINE CALLED WITH EVERY EVENT RECORD.
 PK SUBROUTINE NOT CALLED AT NONEVENT (ADDITIONAL OR LAGGED) DOSE TIMES.
0ERROR SUBROUTINE CALLED WITH EVERY EVENT RECORD.
1


 #TBLN:      1
 #METH: Chain Method Processing

 RANDOM GENERATION TYPE (CTYPE):     0
 RANDOM GENERATION SEED (SEED):      11456
 RANDOM SAMPLE SELECTION (ISAMPLE):  1
 RANDOM SAMPLE RANGE END (ISAMPEND): -2147483647
 NUMBER OF RANDOM SAMPLES (NSAMPLE): 0
 UNIFORM FRACTIONAL RANGE (IACCEPT): 0.400000000000000
 RANDOM SELECTION TYPE (SELECT):     0
 DEG. FR. TO GENERATE OMEGAS (DF):   20
 DEG. FR. TO GENERATE SIGMAS (DFS):  -1
 CHAIN FILE (FILE):                  ..\run100.chn
 EXCL. TITLE IN CHAIN FILE (NOTITLE):NO
 EX. COL. LBS. IN CHAIN FL.(NOLABEL):NO
 FORMAT FOR CHAIN FILE (FORMAT):     S1PE12.5
 PAR. ORDER in CHAIN FILE (ORDER):   TSOL
 RANDOM SAMPLING METHOD (RANMETHOD):3U

 THE FOLLOWING LABELS ARE EQUIVALENT
 PRED=NPRED
 RES=NRES
 WRES=NWRES
 IWRS=NIWRES
 IPRD=NIPRED
 IRS=NIRES



 FROM SAMPLE 1 OF CHAIN FILE ..\run100.chn
 NEW INITIAL ESTIMATES OF THETA
  0.2537E-01
  0.6427E-01
 NEW INITIAL ESTIMATES OF OMEGA
 DIAGONAL SHIFT OF  1.2800E-07 WAS IMPOSED ON OMEGAS TO ENSURE POSITIVE DEFINITENESS
  0.1164E+00
  0.1164E+00  0.1164E+00
 NEW INITIAL ESTIMATES OF SIGMA
  0.3730E-01
1


 #TBLN:      1
 #METH: MCMC Bayesian Analysis

 ESTIMATION STEP OMITTED:                 NO
 ANALYSIS TYPE:                           POPULATION
 NUMBER OF SADDLE POINT RESET ITERATIONS:      0
 GRADIENT METHOD USED:               NOSLOW
 CONDITIONAL ESTIMATES USED:              YES
 CENTERED ETA:                            NO
 EPS-ETA INTERACTION:                     YES
 LAPLACIAN OBJ. FUNC.:                    NO
 NO. OF FUNCT. EVALS. ALLOWED:            840
 NO. OF SIG. FIGURES REQUIRED:            3
 INTERMEDIATE PRINTOUT:                   YES
 ESTIMATE OUTPUT TO MSF:                  NO
 IND. OBJ. FUNC. VALUES SORTED:           NO
 NUMERICAL DERIVATIVE
       FILE REQUEST (NUMDER):               NONE
 MAP (ETAHAT) ESTIMATION METHOD (OPTMAP):   0
 ETA HESSIAN EVALUATION METHOD (ETADER):    0
 INITIAL ETA FOR MAP ESTIMATION (MCETA):    0
 SIGDIGITS FOR MAP ESTIMATION (SIGLO):      100
 GRADIENT SIGDIGITS OF
       FIXED EFFECTS PARAMETERS (SIGL):     100
 NOPRIOR SETTING (NOPRIOR):                 OFF
 NOCOV SETTING (NOCOV):                     OFF
 DERCONT SETTING (DERCONT):                 OFF
 FINAL ETA RE-EVALUATION (FNLETA):          ON
 EXCLUDE NON-INFLUENTIAL (NON-INFL.) ETAS
       IN SHRINKAGE (ETASTYPE):             NO
 NON-INFL. ETA CORRECTION (NONINFETA):      OFF
 RAW OUTPUT FILE (FILE): run123_nids_56_s1d_c1.ext
 EXCLUDE TITLE (NOTITLE):                   NO
 EXCLUDE COLUMN LABELS (NOLABEL):           NO
 FORMAT FOR ADDITIONAL FILES (FORMAT):      S1PE12.5
 PARAMETER ORDER FOR OUTPUTS (ORDER):       TSOL
 WISHART PRIOR DF INTERPRETATION (WISHTYPE):0
 KNUTHSUMOFF:                               0
 INCLUDE LNTWOPI:                           NO
 INCLUDE CONSTANT TERM TO PRIOR (PRIORC):   NO
 INCLUDE CONSTANT TERM TO OMEGA (ETA) (OLNTWOPI):NO
 EM OR BAYESIAN METHOD USED:                MCMC BAYESIAN (BAYES)
 MU MODELING PATTERN (MUM):
 GRADIENT/GIBBS PATTERN (GRD):
 AUTOMATIC SETTING FEATURE (AUTO):          OFF
 CONVERGENCE TYPE (CTYPE):                  3
 KEEP ITERATIONS (THIN):            1
 CONVERGENCE INTERVAL (CINTERVAL):          20
 CONVERGENCE ITERATIONS (CITER):            10
 CONVERGENCE ALPHA ERROR (CALPHA):          5.000000000000000E-02
 BURN-IN ITERATIONS (NBURN):                4000
 ITERATIONS (NITER):                        10000
 ANEAL SETTING (CONSTRAIN):                 1
 STARTING SEED FOR MC METHODS (SEED):       56664
 MC SAMPLES PER SUBJECT (ISAMPLE):          1
 RANDOM SAMPLING METHOD (RANMETHOD):        3U
 PROPOSAL DENSITY SCALING RANGE
              (ISCALE_MIN, ISCALE_MAX):     1.000000000000000E-06   ,1000000.00000000
 SAMPLE ACCEPTANCE RATE (IACCEPT):          0.400000000000000
 METROPOLIS HASTINGS SAMPLING FOR INDIVIDUAL ETAS:
 SAMPLES FOR GLOBAL SEARCH KERNEL (ISAMPLE_M1):          2
 SAMPLES FOR NEIGHBOR SEARCH KERNEL (ISAMPLE_M1A):       0
 SAMPLES FOR MASS/IMP/POST. MATRIX SEARCH (ISAMPLE_M1B): 2
 SAMPLES FOR LOCAL SEARCH KERNEL (ISAMPLE_M2):           2
 SAMPLES FOR LOCAL UNIVARIATE KERNEL (ISAMPLE_M3):       2
 PWR. WT. MASS/IMP/POST MATRIX ACCUM. FOR ETAS (IKAPPA): 1.00000000000000
 MASS/IMP./POST. MATRIX REFRESH SETTING (MASSREST):      -1
 METROPOLIS HASTINGS POPULATION SAMPLING FOR NON-GIBBS
 SAMPLED THETAS AND SIGMAS:
 PROPOSAL DENSITY SCALING RANGE
              (PSCALE_MIN, PSCALE_MAX):   1.000000000000000E-02   ,1000.00000000000
 SAMPLE ACCEPTANCE RATE (PACCEPT):                       0.500000000000000
 SAMPLES FOR GLOBAL SEARCH KERNEL (PSAMPLE_M1):          1
 SAMPLES FOR LOCAL SEARCH KERNEL (PSAMPLE_M2):           -1
 SAMPLES FOR LOCAL UNIVARIATE KERNEL (PSAMPLE_M3):       1
 METROPOLIS HASTINGS POPULATION SAMPLING FOR NON-GIBBS
 SAMPLED OMEGAS:
 SAMPLE ACCEPTANCE RATE (OACCEPT):                       0.500000000000000
 SAMPLES FOR GLOBAL SEARCH KERNEL (OSAMPLE_M1):          -1
 SAMPLES FOR LOCAL SEARCH KERNEL (OSAMPLE_M2):           -1
 SAMPLES FOR LOCAL UNIVARIATE SEARCH KERNEL (OSAMPLE_M3):0
 DEG. FR. FOR T DIST.  PRIOR FOR THETAS (TTDF):        0.00000000000000
 DEG. FR. FOR LKJ CORRELATION PRIOR FOR OMEGAS (OLKJDF): 0.00000000000000
 WEIGHT FACTOR FOR STD PRIOR FOR OMEGAS (OVARF): 1.00000000000000
 DEG. FR. FOR LKJ CORRELATION PRIOR FOR SIGMAS (SLKJDF): 0.00000000000000
 WEIGHT FACTOR FOR STD PRIOR FOR SIGMAS (SVARF): 1.00000000000000


 THE FOLLOWING LABELS ARE EQUIVALENT
 PRED=PREDI
 RES=RESI
 WRES=WRESI
 IWRS=IWRESI
 IPRD=IPREDI
 IRS=IRESI

 EM/BAYES SETUP:
 THETAS THAT ARE MU MODELED:
   1   2
 THETAS THAT ARE GIBBS SAMPLED:
   1   2
 THETAS THAT ARE METROPOLIS-HASTINGS SAMPLED:
 
 SIGMAS THAT ARE GIBBS SAMPLED:
   1
 SIGMAS THAT ARE METROPOLIS-HASTINGS SAMPLED:
 
 OMEGAS ARE GIBBS SAMPLED

 MONITORING OF SEARCH:

 Burn-in Mode
 iteration        -4000 MCMCOBJ=    3133266.3104159022     
 iteration        -3980 MCMCOBJ=    765.01026772270791     
 iteration        -3960 MCMCOBJ=    607.22988044420970     
 iteration        -3940 MCMCOBJ=    364.06533081325927     
 iteration        -3920 MCMCOBJ=    172.67336455718848     
 iteration        -3900 MCMCOBJ=    169.35341425397738     
 iteration        -3880 MCMCOBJ=    85.733784670235764     
 iteration        -3860 MCMCOBJ=    62.438926412378045     
 iteration        -3840 MCMCOBJ=    131.58043640154062     
 iteration        -3820 MCMCOBJ=    154.33999761906307     
 iteration        -3800 MCMCOBJ=    223.60212766013279     
 iteration        -3780 MCMCOBJ=    213.13701701314622     
 Convergence achieved
 Sampling Mode
 iteration            0 MCMCOBJ=    223.42648873179004     
 iteration           20 MCMCOBJ=    138.45363829328812     
 iteration           40 MCMCOBJ=    135.01960468518092     
 iteration           60 MCMCOBJ=    128.02985106313696     
 iteration           80 MCMCOBJ=    140.67297367707735     
 iteration          100 MCMCOBJ=    205.67589365547892     
 iteration          120 MCMCOBJ=    188.83342608382651     
 iteration          140 MCMCOBJ=    168.29095108896581     
 iteration          160 MCMCOBJ=    159.33353058569821     
 iteration          180 MCMCOBJ=    193.65194542110396     
 iteration          200 MCMCOBJ=    115.58878307997719     
 iteration          220 MCMCOBJ=    138.48089260776507     
 iteration          240 MCMCOBJ=    111.82740402597366     
 iteration          260 MCMCOBJ=    198.00639362215583     
 iteration          280 MCMCOBJ=    127.11384446592901     
 iteration          300 MCMCOBJ=    125.53193637141170     
 iteration          320 MCMCOBJ=    202.28117075320807     
 iteration          340 MCMCOBJ=    203.83375645881711     
 iteration          360 MCMCOBJ=    191.05079443372173     
 iteration          380 MCMCOBJ=    153.05519332038568     
 iteration          400 MCMCOBJ=    157.95484335560184     
 iteration          420 MCMCOBJ=    108.93485928238223     
 iteration          440 MCMCOBJ=    222.02733025429237     
 iteration          460 MCMCOBJ=    155.53202064737982     
 iteration          480 MCMCOBJ=    148.64337324467010     
 iteration          500 MCMCOBJ=    173.71940006543684     
 iteration          520 MCMCOBJ=    212.83603512695095     
 iteration          540 MCMCOBJ=    179.84559289696276     
 iteration          560 MCMCOBJ=    177.58064612767708     
 iteration          580 MCMCOBJ=    152.66382541331458     
 iteration          600 MCMCOBJ=    134.90388230953519     
 iteration          620 MCMCOBJ=    87.901998500433606     
 iteration          640 MCMCOBJ=    168.93331775981929     
 iteration          660 MCMCOBJ=    197.94706144107556     
 iteration          680 MCMCOBJ=    158.98048650498967     
 iteration          700 MCMCOBJ=    199.01455723027843     
 iteration          720 MCMCOBJ=    142.75920784680730     
 iteration          740 MCMCOBJ=    206.61804450636998     
 iteration          760 MCMCOBJ=    121.70675307148110     
 iteration          780 MCMCOBJ=    157.10635170401380     
 iteration          800 MCMCOBJ=    116.79283988573766     
 iteration          820 MCMCOBJ=    210.58906141354126     
 iteration          840 MCMCOBJ=    155.98006622036738     
 iteration          860 MCMCOBJ=    177.61979582854221     
 iteration          880 MCMCOBJ=    236.24885494335103     
 iteration          900 MCMCOBJ=    186.34731298635685     
 iteration          920 MCMCOBJ=    147.55704483843417     
 iteration          940 MCMCOBJ=    183.22744885491147     
 iteration          960 MCMCOBJ=    176.86834647523008     
 iteration          980 MCMCOBJ=    189.44931692533783     
 iteration         1000 MCMCOBJ=    180.89761985293711     
 iteration         1020 MCMCOBJ=    124.14071288940900     
 iteration         1040 MCMCOBJ=    144.48968700644360     
 iteration         1060 MCMCOBJ=    156.43928121766066     
 iteration         1080 MCMCOBJ=    127.05818459312427     
 iteration         1100 MCMCOBJ=    143.08108607880092     
 iteration         1120 MCMCOBJ=    167.82072862364387     
 iteration         1140 MCMCOBJ=    166.34781765395053     
 iteration         1160 MCMCOBJ=    166.97957609945610     
 iteration         1180 MCMCOBJ=    144.89924261936386     
 iteration         1200 MCMCOBJ=    167.56922027824712     
 iteration         1220 MCMCOBJ=    181.38566448146850     
 iteration         1240 MCMCOBJ=    160.29874932823202     
 iteration         1260 MCMCOBJ=    177.03217060529542     
 iteration         1280 MCMCOBJ=    133.55216032257172     
 iteration         1300 MCMCOBJ=    130.66957253178347     
 iteration         1320 MCMCOBJ=    121.15795405508405     
 iteration         1340 MCMCOBJ=    163.63579150734935     
 iteration         1360 MCMCOBJ=    146.42163613985284     
 iteration         1380 MCMCOBJ=    173.72602505163653     
 iteration         1400 MCMCOBJ=    183.55870785339471     
 iteration         1420 MCMCOBJ=    182.39197065212588     
 iteration         1440 MCMCOBJ=    159.51393889529692     
 iteration         1460 MCMCOBJ=    138.97372039660789     
 iteration         1480 MCMCOBJ=    151.69688785191161     
 iteration         1500 MCMCOBJ=    177.62917928339627     
 iteration         1520 MCMCOBJ=    190.55939260632661     
 iteration         1540 MCMCOBJ=    180.04919734179254     
 iteration         1560 MCMCOBJ=    167.50368640591003     
 iteration         1580 MCMCOBJ=    150.66813241540095     
 iteration         1600 MCMCOBJ=    184.37729966662621     
 iteration         1620 MCMCOBJ=    52.448507168302768     
 iteration         1640 MCMCOBJ=    146.80271764307619     
 iteration         1660 MCMCOBJ=    145.26099182184868     
 iteration         1680 MCMCOBJ=    202.63551084672565     
 iteration         1700 MCMCOBJ=    251.34678355769259     
 iteration         1720 MCMCOBJ=    209.03390588357533     
 iteration         1740 MCMCOBJ=    160.13253284639006     
 iteration         1760 MCMCOBJ=    91.865654683918279     
 iteration         1780 MCMCOBJ=    142.90829688780067     
 iteration         1800 MCMCOBJ=    121.38383153776385     
 iteration         1820 MCMCOBJ=    56.651140621354124     
 iteration         1840 MCMCOBJ=    152.06645130868921     
 iteration         1860 MCMCOBJ=    153.48537606927766     
 iteration         1880 MCMCOBJ=    149.65381101215036     
 iteration         1900 MCMCOBJ=    191.68972085483929     
 iteration         1920 MCMCOBJ=    114.94233479120203     
 iteration         1940 MCMCOBJ=    133.83256627595549     
 iteration         1960 MCMCOBJ=    157.34466335723258     
 iteration         1980 MCMCOBJ=    122.53541446906689     
 iteration         2000 MCMCOBJ=    179.19381392858710     
 iteration         2020 MCMCOBJ=    210.23843543504401     
 iteration         2040 MCMCOBJ=    172.68456592037685     
 iteration         2060 MCMCOBJ=    109.14720304802630     
 iteration         2080 MCMCOBJ=    174.57201472906740     
 iteration         2100 MCMCOBJ=    160.77262617518107     
 iteration         2120 MCMCOBJ=    152.18678358436097     
 iteration         2140 MCMCOBJ=    174.51240353509920     
 iteration         2160 MCMCOBJ=    174.44252311341029     
 iteration         2180 MCMCOBJ=    204.38531876323597     
 iteration         2200 MCMCOBJ=    178.52880906689552     
 iteration         2220 MCMCOBJ=    125.88167674407605     
 iteration         2240 MCMCOBJ=    183.69547581328243     
 iteration         2260 MCMCOBJ=    210.79701313792810     
 iteration         2280 MCMCOBJ=    171.23927895505363     
 iteration         2300 MCMCOBJ=    161.01299677925098     
 iteration         2320 MCMCOBJ=    167.06142454763804     
 iteration         2340 MCMCOBJ=    159.01981963019671     
 iteration         2360 MCMCOBJ=    164.88899535447564     
 iteration         2380 MCMCOBJ=    195.58796427302232     
 iteration         2400 MCMCOBJ=    167.54737392283880     
 iteration         2420 MCMCOBJ=    196.20757634186012     
 iteration         2440 MCMCOBJ=    103.15670713773008     
 iteration         2460 MCMCOBJ=    129.53374568941680     
 iteration         2480 MCMCOBJ=    131.52284142864900     
 iteration         2500 MCMCOBJ=    142.77986780115214     
 iteration         2520 MCMCOBJ=    181.09130298903315     
 iteration         2540 MCMCOBJ=    119.75172905380192     
 iteration         2560 MCMCOBJ=    190.26884006411373     
 iteration         2580 MCMCOBJ=    193.22379303332815     
 iteration         2600 MCMCOBJ=    154.83902694291737     
 iteration         2620 MCMCOBJ=    107.08480317937929     
 iteration         2640 MCMCOBJ=    57.583371802342597     
 iteration         2660 MCMCOBJ=    67.852381589069978     
 iteration         2680 MCMCOBJ=    215.15800431020816     
 iteration         2700 MCMCOBJ=    180.37144907169892     
 iteration         2720 MCMCOBJ=    140.86157776985661     
 iteration         2740 MCMCOBJ=    113.19263874210830     
 iteration         2760 MCMCOBJ=    183.00186131666524     
 iteration         2780 MCMCOBJ=    122.28067435769650     
 iteration         2800 MCMCOBJ=    176.54659588230629     
 iteration         2820 MCMCOBJ=    178.85488783206628     
 iteration         2840 MCMCOBJ=    141.21560278086406     
 iteration         2860 MCMCOBJ=    182.07513975276933     
 iteration         2880 MCMCOBJ=    137.54540334712317     
 iteration         2900 MCMCOBJ=    128.95396241703864     
 iteration         2920 MCMCOBJ=    158.28398768175103     
 iteration         2940 MCMCOBJ=    156.18483533834146     
 iteration         2960 MCMCOBJ=    146.20939465791375     
 iteration         2980 MCMCOBJ=    178.18100834541622     
 iteration         3000 MCMCOBJ=    157.27621761428318     
 iteration         3020 MCMCOBJ=    165.80457269969060     
 iteration         3040 MCMCOBJ=    147.10116259479537     
 iteration         3060 MCMCOBJ=    223.20006098901473     
 iteration         3080 MCMCOBJ=    158.08247876966058     
 iteration         3100 MCMCOBJ=    174.54561768852449     
 iteration         3120 MCMCOBJ=    236.44377011688300     
 iteration         3140 MCMCOBJ=    196.78794071213213     
 iteration         3160 MCMCOBJ=    192.96964412975217     
 iteration         3180 MCMCOBJ=    175.81544462369735     
 iteration         3200 MCMCOBJ=    172.27813968771488     
 iteration         3220 MCMCOBJ=    183.98850257116635     
 iteration         3240 MCMCOBJ=    168.51842642797729     
 iteration         3260 MCMCOBJ=    139.63495193044662     
 iteration         3280 MCMCOBJ=    170.01045137409116     
 iteration         3300 MCMCOBJ=    194.93564442509091     
 iteration         3320 MCMCOBJ=    179.80795286805500     
 iteration         3340 MCMCOBJ=    210.13348464328752     
 iteration         3360 MCMCOBJ=    138.57767305682961     
 iteration         3380 MCMCOBJ=    191.66076479507132     
 iteration         3400 MCMCOBJ=    133.11485903956466     
 iteration         3420 MCMCOBJ=    172.04298248421628     
 iteration         3440 MCMCOBJ=    205.12493845490829     
 iteration         3460 MCMCOBJ=    149.30542402201002     
 iteration         3480 MCMCOBJ=    235.18960811664306     
 iteration         3500 MCMCOBJ=    194.28428622248290     
 iteration         3520 MCMCOBJ=    154.89803423787944     
 iteration         3540 MCMCOBJ=    133.40425149209617     
 iteration         3560 MCMCOBJ=    164.11835038324631     
 iteration         3580 MCMCOBJ=    136.62183526263124     
 iteration         3600 MCMCOBJ=    219.71774089360213     
 iteration         3620 MCMCOBJ=    97.935826525048796     
 iteration         3640 MCMCOBJ=    153.56536037164449     
 iteration         3660 MCMCOBJ=    156.04246115021397     
 iteration         3680 MCMCOBJ=    150.75345315991811     
 iteration         3700 MCMCOBJ=    210.95684238053107     
 iteration         3720 MCMCOBJ=    230.35106490046795     
 iteration         3740 MCMCOBJ=    151.26826856733965     
 iteration         3760 MCMCOBJ=    186.60623327747859     
 iteration         3780 MCMCOBJ=    151.51725130529351     
 iteration         3800 MCMCOBJ=    165.03930493030234     
 iteration         3820 MCMCOBJ=    207.83064030094508     
 iteration         3840 MCMCOBJ=    218.18091373929244     
 iteration         3860 MCMCOBJ=    153.35837314951630     
 iteration         3880 MCMCOBJ=    127.64118617500255     
 iteration         3900 MCMCOBJ=    150.92724429466085     
 iteration         3920 MCMCOBJ=    148.90074257217867     
 iteration         3940 MCMCOBJ=    135.75515801019858     
 iteration         3960 MCMCOBJ=    159.23957622959679     
 iteration         3980 MCMCOBJ=    132.90863498918372     
 iteration         4000 MCMCOBJ=    221.06621104934899     
 iteration         4020 MCMCOBJ=    174.96290684562032     
 iteration         4040 MCMCOBJ=    141.32012314003245     
 iteration         4060 MCMCOBJ=    174.00871416994570     
 iteration         4080 MCMCOBJ=    144.41964826278155     
 iteration         4100 MCMCOBJ=    86.091075308723092     
 iteration         4120 MCMCOBJ=    144.32940745318066     
 iteration         4140 MCMCOBJ=    163.82202121002732     
 iteration         4160 MCMCOBJ=    122.40740860983853     
 iteration         4180 MCMCOBJ=    197.07763241532527     
 iteration         4200 MCMCOBJ=    187.12235468640435     
 iteration         4220 MCMCOBJ=    175.99723187528735     
 iteration         4240 MCMCOBJ=    197.42769919338059     
 iteration         4260 MCMCOBJ=    175.56741111628779     
 iteration         4280 MCMCOBJ=    182.12923892842264     
 iteration         4300 MCMCOBJ=    179.27324187724193     
 iteration         4320 MCMCOBJ=    159.65986219720972     
 iteration         4340 MCMCOBJ=    120.78614681519714     
 iteration         4360 MCMCOBJ=    137.76339751480339     
 iteration         4380 MCMCOBJ=    174.20996765776272     
 iteration         4400 MCMCOBJ=    206.38249407018500     
 iteration         4420 MCMCOBJ=    197.87112979683559     
 iteration         4440 MCMCOBJ=    121.62835198943580     
 iteration         4460 MCMCOBJ=    206.78698136731552     
 iteration         4480 MCMCOBJ=    193.06595778596960     
 iteration         4500 MCMCOBJ=    149.24658434312744     
 iteration         4520 MCMCOBJ=    189.69593290677869     
 iteration         4540 MCMCOBJ=    109.89376051070570     
 iteration         4560 MCMCOBJ=    231.44985297112743     
 iteration         4580 MCMCOBJ=    151.71439003054215     
 iteration         4600 MCMCOBJ=    174.04979931035209     
 iteration         4620 MCMCOBJ=    207.29424968607231     
 iteration         4640 MCMCOBJ=    170.24380225616190     
 iteration         4660 MCMCOBJ=    114.83839283728794     
 iteration         4680 MCMCOBJ=    129.70295723700400     
 iteration         4700 MCMCOBJ=    204.01403248934668     
 iteration         4720 MCMCOBJ=    146.47395688278570     
 iteration         4740 MCMCOBJ=    173.56625360184378     
 iteration         4760 MCMCOBJ=    156.07573667671886     
 iteration         4780 MCMCOBJ=    184.55021422645055     
 iteration         4800 MCMCOBJ=    141.27754034031557     
 iteration         4820 MCMCOBJ=    163.33823241823771     
 iteration         4840 MCMCOBJ=    59.630137469122182     
 iteration         4860 MCMCOBJ=    139.46825256543059     
 iteration         4880 MCMCOBJ=    67.517634213892080     
 iteration         4900 MCMCOBJ=    36.648736264527152     
 iteration         4920 MCMCOBJ=    89.279084984309961     
 iteration         4940 MCMCOBJ=    140.35432898247711     
 iteration         4960 MCMCOBJ=    122.21577862803638     
 iteration         4980 MCMCOBJ=    116.25690143627402     
 iteration         5000 MCMCOBJ=    144.41478030278441     
 iteration         5020 MCMCOBJ=    222.80103293265424     
 iteration         5040 MCMCOBJ=    103.53093025019321     
 iteration         5060 MCMCOBJ=    114.55652947855856     
 iteration         5080 MCMCOBJ=    102.15039064015392     
 iteration         5100 MCMCOBJ=    228.12270320639655     
 iteration         5120 MCMCOBJ=    196.15957794892930     
 iteration         5140 MCMCOBJ=    211.96332473244669     
 iteration         5160 MCMCOBJ=    194.66674928538410     
 iteration         5180 MCMCOBJ=    182.27997486234773     
 iteration         5200 MCMCOBJ=    252.60653810377229     
 iteration         5220 MCMCOBJ=    143.44332311986119     
 iteration         5240 MCMCOBJ=    200.48939717925697     
 iteration         5260 MCMCOBJ=    142.50301893438814     
 iteration         5280 MCMCOBJ=    105.34599808432873     
 iteration         5300 MCMCOBJ=    170.81757638793582     
 iteration         5320 MCMCOBJ=    153.32192701035811     
 iteration         5340 MCMCOBJ=    171.60113817471372     
 iteration         5360 MCMCOBJ=    214.87585382771485     
 iteration         5380 MCMCOBJ=    179.06867302547334     
 iteration         5400 MCMCOBJ=    148.69088288974336     
 iteration         5420 MCMCOBJ=    162.83662935025711     
 iteration         5440 MCMCOBJ=    210.15181362440998     
 iteration         5460 MCMCOBJ=    189.56599108891729     
 iteration         5480 MCMCOBJ=    132.07521296491919     
 iteration         5500 MCMCOBJ=    173.29720150310357     
 iteration         5520 MCMCOBJ=    163.43128819737882     
 iteration         5540 MCMCOBJ=    189.20035735833852     
 iteration         5560 MCMCOBJ=    164.88537705163642     
 iteration         5580 MCMCOBJ=    105.76619856845151     
 iteration         5600 MCMCOBJ=    110.22630964216776     
 iteration         5620 MCMCOBJ=    166.83318393371286     
 iteration         5640 MCMCOBJ=    159.05178856389634     
 iteration         5660 MCMCOBJ=    172.71658802597844     
 iteration         5680 MCMCOBJ=    178.26946146350392     
 iteration         5700 MCMCOBJ=    166.30680851397659     
 iteration         5720 MCMCOBJ=    189.03495874315141     
 iteration         5740 MCMCOBJ=    175.00704857966079     
 iteration         5760 MCMCOBJ=    208.23875715811192     
 iteration         5780 MCMCOBJ=    135.20762510281696     
 iteration         5800 MCMCOBJ=    172.76700482575649     
 iteration         5820 MCMCOBJ=    161.49175877090366     
 iteration         5840 MCMCOBJ=    207.47239219547623     
 iteration         5860 MCMCOBJ=    159.37855534147357     
 iteration         5880 MCMCOBJ=    144.18389874224593     
 iteration         5900 MCMCOBJ=    158.11086298947077     
 iteration         5920 MCMCOBJ=    124.81011388275378     
 iteration         5940 MCMCOBJ=    153.00989579141961     
 iteration         5960 MCMCOBJ=    181.14898451869524     
 iteration         5980 MCMCOBJ=    175.82785140452708     
 iteration         6000 MCMCOBJ=    145.49444986326114     
 iteration         6020 MCMCOBJ=    199.64048518389771     
 iteration         6040 MCMCOBJ=    181.85304188818458     
 iteration         6060 MCMCOBJ=    105.47283774289872     
 iteration         6080 MCMCOBJ=    169.08893412652989     
 iteration         6100 MCMCOBJ=    131.53134439399309     
 iteration         6120 MCMCOBJ=    166.82894885020963     
 iteration         6140 MCMCOBJ=    169.94881573651114     
 iteration         6160 MCMCOBJ=    206.78635110165521     
 iteration         6180 MCMCOBJ=    142.93208915941682     
 iteration         6200 MCMCOBJ=    139.92791694378940     
 iteration         6220 MCMCOBJ=    136.47893769513868     
 iteration         6240 MCMCOBJ=    96.138903392354919     
 iteration         6260 MCMCOBJ=    60.560524972530487     
 iteration         6280 MCMCOBJ=    96.573713214005238     
 iteration         6300 MCMCOBJ=    170.05280904166003     
 iteration         6320 MCMCOBJ=    199.85957249321046     
 iteration         6340 MCMCOBJ=    135.25454961070454     
 iteration         6360 MCMCOBJ=    194.56521923804698     
 iteration         6380 MCMCOBJ=    221.76452629758592     
 iteration         6400 MCMCOBJ=    185.70374651366890     
 iteration         6420 MCMCOBJ=    132.20626447176929     
 iteration         6440 MCMCOBJ=    123.30268534758638     
 iteration         6460 MCMCOBJ=    107.83200502453967     
 iteration         6480 MCMCOBJ=    82.617093341708653     
 iteration         6500 MCMCOBJ=    58.333690455991835     
 iteration         6520 MCMCOBJ=    159.95512989644322     
 iteration         6540 MCMCOBJ=    143.23630218426698     
 iteration         6560 MCMCOBJ=    191.36794473986131     
 iteration         6580 MCMCOBJ=    176.56427008845384     
 iteration         6600 MCMCOBJ=    143.10387040129396     
 iteration         6620 MCMCOBJ=    199.21575297962201     
 iteration         6640 MCMCOBJ=    137.13807112504799     
 iteration         6660 MCMCOBJ=    104.15077496269259     
 iteration         6680 MCMCOBJ=    207.80004236276937     
 iteration         6700 MCMCOBJ=    175.55188808780517     
 iteration         6720 MCMCOBJ=    135.90749859190817     
 iteration         6740 MCMCOBJ=    148.14614257115727     
 iteration         6760 MCMCOBJ=    217.34065256339034     
 iteration         6780 MCMCOBJ=    178.49867604235277     
 iteration         6800 MCMCOBJ=    181.66191385747345     
 iteration         6820 MCMCOBJ=    197.25739850032357     
 iteration         6840 MCMCOBJ=    195.22700852859870     
 iteration         6860 MCMCOBJ=    185.78868144282549     
 iteration         6880 MCMCOBJ=    142.39226358803973     
 iteration         6900 MCMCOBJ=    235.75810495354651     
 iteration         6920 MCMCOBJ=    160.47841483770171     
 iteration         6940 MCMCOBJ=    136.27968334870152     
 iteration         6960 MCMCOBJ=    190.54219244844339     
 iteration         6980 MCMCOBJ=    205.52638824477114     
 iteration         7000 MCMCOBJ=    185.24374198295362     
 iteration         7020 MCMCOBJ=    112.47137707846584     
 iteration         7040 MCMCOBJ=    158.16551436079769     
 iteration         7060 MCMCOBJ=    225.46228163982346     
 iteration         7080 MCMCOBJ=    117.05958957462462     
 iteration         7100 MCMCOBJ=    214.72481910653303     
 iteration         7120 MCMCOBJ=    146.23421363908955     
 iteration         7140 MCMCOBJ=    187.50688466359884     
 iteration         7160 MCMCOBJ=    88.776130803033922     
 iteration         7180 MCMCOBJ=    132.76274124034936     
 iteration         7200 MCMCOBJ=    118.07787071133356     
 iteration         7220 MCMCOBJ=    58.419871095354367     
 iteration         7240 MCMCOBJ=    85.385032974421534     
 iteration         7260 MCMCOBJ=    144.12846434226108     
 iteration         7280 MCMCOBJ=    142.54524427412048     
 iteration         7300 MCMCOBJ=    175.83900355571132     
 iteration         7320 MCMCOBJ=    140.79119824681507     
 iteration         7340 MCMCOBJ=    185.79782694095152     
 iteration         7360 MCMCOBJ=    135.70150015084297     
 iteration         7380 MCMCOBJ=    211.51799753741753     
 iteration         7400 MCMCOBJ=    210.14693282658814     
 iteration         7420 MCMCOBJ=    143.72218825854668     
 iteration         7440 MCMCOBJ=    130.35780989410310     
 iteration         7460 MCMCOBJ=    95.726065247947062     
 iteration         7480 MCMCOBJ=    54.085489690391334     
 iteration         7500 MCMCOBJ=    148.48412471127256     
 iteration         7520 MCMCOBJ=    83.459459515533879     
 iteration         7540 MCMCOBJ=    118.88057454513171     
 iteration         7560 MCMCOBJ=    132.23541686765591     
 iteration         7580 MCMCOBJ=    146.21256506914921     
 iteration         7600 MCMCOBJ=    195.72940251280303     
 iteration         7620 MCMCOBJ=    194.31104158572927     
 iteration         7640 MCMCOBJ=    199.24794298033780     
 iteration         7660 MCMCOBJ=    148.48808201844884     
 iteration         7680 MCMCOBJ=    138.64783785262503     
 iteration         7700 MCMCOBJ=    156.15668034621962     
 iteration         7720 MCMCOBJ=    144.32687016965696     
 iteration         7740 MCMCOBJ=    149.99816178848286     
 iteration         7760 MCMCOBJ=    142.97489060762402     
 iteration         7780 MCMCOBJ=    80.491057263635781     
 iteration         7800 MCMCOBJ=    82.601025729040074     
 iteration         7820 MCMCOBJ=    159.61311844224551     
 iteration         7840 MCMCOBJ=    120.12658200108886     
 iteration         7860 MCMCOBJ=    121.94512984142860     
 iteration         7880 MCMCOBJ=    187.86379956638351     
 iteration         7900 MCMCOBJ=    222.71866857186615     
 iteration         7920 MCMCOBJ=    196.13784831950133     
 iteration         7940 MCMCOBJ=    171.76182323730234     
 iteration         7960 MCMCOBJ=    162.51521610815601     
 iteration         7980 MCMCOBJ=    123.29742340729027     
 iteration         8000 MCMCOBJ=    150.76318118148691     
 iteration         8020 MCMCOBJ=    163.42646452850994     
 iteration         8040 MCMCOBJ=    170.54021930945981     
 iteration         8060 MCMCOBJ=    129.81345509065358     
 iteration         8080 MCMCOBJ=    180.99041809982310     
 iteration         8100 MCMCOBJ=    181.87832007934429     
 iteration         8120 MCMCOBJ=    159.46268779252460     
 iteration         8140 MCMCOBJ=    82.058511639669291     
 iteration         8160 MCMCOBJ=    211.71350063697196     
 iteration         8180 MCMCOBJ=    189.27345980797651     
 iteration         8200 MCMCOBJ=    219.23083666788477     
 iteration         8220 MCMCOBJ=    166.92107764133237     
 iteration         8240 MCMCOBJ=    235.45191465907254     
 iteration         8260 MCMCOBJ=    222.40168971528740     
 iteration         8280 MCMCOBJ=    126.39723288183475     
 iteration         8300 MCMCOBJ=    172.86365816408235     
 iteration         8320 MCMCOBJ=    173.32878596906914     
 iteration         8340 MCMCOBJ=    184.89361782204438     
 iteration         8360 MCMCOBJ=    161.95002010237400     
 iteration         8380 MCMCOBJ=    188.13329047725807     
 iteration         8400 MCMCOBJ=    210.83316965078123     
 iteration         8420 MCMCOBJ=    220.95946875689685     
 iteration         8440 MCMCOBJ=    173.46292610275177     
 iteration         8460 MCMCOBJ=    140.12854357506086     
 iteration         8480 MCMCOBJ=    141.13255126037447     
 iteration         8500 MCMCOBJ=    94.106937512961423     
 iteration         8520 MCMCOBJ=    104.61334066605883     
 iteration         8540 MCMCOBJ=    162.18448323248668     
 iteration         8560 MCMCOBJ=    158.05068033169641     
 iteration         8580 MCMCOBJ=    205.52606384446594     
 iteration         8600 MCMCOBJ=    155.66404197641504     
 iteration         8620 MCMCOBJ=    205.08154004683232     
 iteration         8640 MCMCOBJ=    238.82015872332323     
 iteration         8660 MCMCOBJ=    194.23324970694435     
 iteration         8680 MCMCOBJ=    123.18611197877284     
 iteration         8700 MCMCOBJ=    200.63163755473028     
 iteration         8720 MCMCOBJ=    202.23790079371864     
 iteration         8740 MCMCOBJ=    199.96267209641383     
 iteration         8760 MCMCOBJ=    141.87705836193277     
 iteration         8780 MCMCOBJ=    104.15605430371539     
 iteration         8800 MCMCOBJ=    175.65250003092589     
 iteration         8820 MCMCOBJ=    175.31398300290920     
 iteration         8840 MCMCOBJ=    207.17764930002278     
 iteration         8860 MCMCOBJ=    136.40888040050160     
 iteration         8880 MCMCOBJ=    137.67109483679306     
 iteration         8900 MCMCOBJ=    131.00244571267319     
 iteration         8920 MCMCOBJ=    161.73870738813213     
 iteration         8940 MCMCOBJ=    178.17592072754672     
 iteration         8960 MCMCOBJ=    228.45483646166139     
 iteration         8980 MCMCOBJ=    164.07792116543644     
 iteration         9000 MCMCOBJ=    216.09316334601684     
 iteration         9020 MCMCOBJ=    175.49268041939706     
 iteration         9040 MCMCOBJ=    142.88644781924884     
 iteration         9060 MCMCOBJ=    213.56622756277122     
 iteration         9080 MCMCOBJ=    212.08502383857541     
 iteration         9100 MCMCOBJ=    151.77705369731655     
 iteration         9120 MCMCOBJ=    145.87298272328403     
 iteration         9140 MCMCOBJ=    62.036341272624348     
 iteration         9160 MCMCOBJ=    158.20375395044064     
 iteration         9180 MCMCOBJ=    190.07496092817269     
 iteration         9200 MCMCOBJ=    180.89303118116877     
 iteration         9220 MCMCOBJ=    130.12733973932163     
 iteration         9240 MCMCOBJ=    130.98778829020105     
 iteration         9260 MCMCOBJ=    143.72093499190467     
 iteration         9280 MCMCOBJ=    193.61876282891049     
 iteration         9300 MCMCOBJ=    163.38820147378212     
 iteration         9320 MCMCOBJ=    163.95866961508210     
 iteration         9340 MCMCOBJ=    229.08714974223290     
 iteration         9360 MCMCOBJ=    175.08051683759427     
 iteration         9380 MCMCOBJ=    190.83996289702901     
 iteration         9400 MCMCOBJ=    139.44851335983597     
 iteration         9420 MCMCOBJ=    147.76734551212311     
 iteration         9440 MCMCOBJ=    110.26864579472189     
 iteration         9460 MCMCOBJ=    106.33237886964025     
 iteration         9480 MCMCOBJ=    184.51767408994829     
 iteration         9500 MCMCOBJ=    160.03786547282829     
 iteration         9520 MCMCOBJ=    134.90044990032646     
 iteration         9540 MCMCOBJ=    140.97458144734350     
 iteration         9560 MCMCOBJ=    103.75358447932224     
 iteration         9580 MCMCOBJ=    105.05462525251319     
 iteration         9600 MCMCOBJ=    171.30991614147229     
 iteration         9620 MCMCOBJ=    222.50261307851304     
 iteration         9640 MCMCOBJ=    114.96075616545107     
 iteration         9660 MCMCOBJ=    170.18033997288896     
 iteration         9680 MCMCOBJ=    172.49410451541627     
 iteration         9700 MCMCOBJ=    205.90974995589366     
 iteration         9720 MCMCOBJ=    166.14652474313388     
 iteration         9740 MCMCOBJ=    236.31717971749723     
 iteration         9760 MCMCOBJ=    190.09075330825564     
 iteration         9780 MCMCOBJ=    187.94922799653799     
 iteration         9800 MCMCOBJ=    195.33334334783802     
 iteration         9820 MCMCOBJ=    160.52470412423247     
 iteration         9840 MCMCOBJ=    190.43768054736293     
 iteration         9860 MCMCOBJ=    182.88761313043585     
 iteration         9880 MCMCOBJ=    134.24432175002454     
 iteration         9900 MCMCOBJ=    187.01331129671678     
 iteration         9920 MCMCOBJ=    218.67547885690098     
 iteration         9940 MCMCOBJ=    151.97777117279247     
 iteration         9960 MCMCOBJ=    125.18013940058358     
 iteration         9980 MCMCOBJ=    148.51504374810162     
 iteration        10000 MCMCOBJ=    162.33147295889373     
 BURN-IN WAS COMPLETED

 #TERM:
 STATISTICAL PORTION WAS COMPLETED
  
 TOTAL DATA POINTS NORMALLY DISTRIBUTED (N):          112
 N*LOG(2PI) CONSTANT TO OBJECTIVE FUNCTION:    205.84223143784669     
 OBJECTIVE FUNCTION VALUE WITHOUT CONSTANT:    160.33279569401986     
 OBJECTIVE FUNCTION VALUE WITH CONSTANT:       366.17502713186656     
 REPORTED OBJECTIVE FUNCTION DOES NOT CONTAIN CONSTANT
  
 TOTAL EFFECTIVE ETAS (NIND*NETA):                           112
 NIND*NETA*LOG(2PI) CONSTANT TO OBJECTIVE FUNCTION:    205.84223143784669     
 OBJECTIVE FUNCTION VALUE WITHOUT CONSTANT:    160.33279569401986     
 OBJECTIVE FUNCTION VALUE WITH CONSTANT:       366.17502713186656     
 REPORTED OBJECTIVE FUNCTION DOES NOT CONTAIN CONSTANT
  
 PRIOR CONSTANT TO OBJECTIVE FUNCTION:    30.823646298206345     
 OBJECTIVE FUNCTION VALUE WITHOUT CONSTANT:    160.33279569401986     
 OBJECTIVE FUNCTION VALUE WITH CONSTANT:       191.15644199222621     
 REPORTED OBJECTIVE FUNCTION DOES NOT CONTAIN CONSTANT
  
 #TERE:
 Elapsed estimation  time in seconds:    59.89
 Elapsed covariance  time in seconds:     0.00
1
 
 
 
 
 
 
 
 
 
 
 
 
 
 
 
 
 
 
 
 
 ************************************************************************************************************************
 ********************                                                                                ********************
 ********************                              MCMC BAYESIAN ANALYSIS                            ********************
 #OBJT:**************                       AVERAGE VALUE OF LIKELIHOOD FUNCTION                     ********************
 ********************                                                                                ********************
 ************************************************************************************************************************
 





 #OBJV:********************************************      160.333       **************************************************
 #OBJS:********************************************       35.990 (STD) **************************************************
1
 ************************************************************************************************************************
 ********************                                                                                ********************
 ********************                              MCMC BAYESIAN ANALYSIS                            ********************
 ********************                             FINAL PARAMETER ESTIMATE                           ********************
 ********************                                                                                ********************
 ************************************************************************************************************************
 


 THETA - VECTOR OF FIXED EFFECTS PARAMETERS   *********


         THETA(CL) THETA(V) 
 
         3.29E+00  3.42E+01
 


 OMEGA - COV MATRIX FOR RANDOM EFFECTS - ETAS  ********


         ETA(CL)   ETA(V)   
 
 ETA(CL)
+        1.01E-01
 
 ETA(V)
+        9.31E-03  6.45E-02
 


 SIGMA - COV MATRIX FOR RANDOM EFFECTS - EPSILONS  ****


         EPS1     
 
 EPS1
+        2.79E-02
 
1


 OMEGA - CORR MATRIX FOR RANDOM EFFECTS - ETAS  *******


         ETA(CL)   ETA(V)   
 
 ETA(CL)
+        3.15E-01
 
 ETA(V)
+        1.20E-01  2.51E-01
 


 SIGMA - CORR MATRIX FOR RANDOM EFFECTS - EPSILONS  ***


         EPS1     
 
 EPS1
+        1.63E-01
 
1
 ************************************************************************************************************************
 ********************                                                                                ********************
 ********************                              MCMC BAYESIAN ANALYSIS                            ********************
 ********************                STANDARD ERROR OF ESTIMATE (From Sample Variance)               ********************
 ********************                                                                                ********************
 ************************************************************************************************************************
 


 THETA - VECTOR OF FIXED EFFECTS PARAMETERS   *********


         THETA(CL) THETA(V) 
 
         1.66E-01  1.48E+00
 


 OMEGA - COV MATRIX FOR RANDOM EFFECTS - ETAS  ********


         ETA(CL)   ETA(V)   
 
 ETA(CL)
+        2.86E-02
 
 ETA(V)
+        1.55E-02  1.97E-02
 


 SIGMA - COV MATRIX FOR RANDOM EFFECTS - EPSILONS  ****


         EPS1     
 
 EPS1
+        1.22E-02
 
1


 OMEGA - CORR MATRIX FOR RANDOM EFFECTS - ETAS  *******


         ETA(CL)   ETA(V)   
 
 ETA(CL)
+        4.44E-02
 
 ETA(V)
+        1.86E-01  3.81E-02
 


 SIGMA - CORR MATRIX FOR RANDOM EFFECTS - EPSILONS  ***


         EPS1     
 
 EPS1
+        3.59E-02
 
1
 ************************************************************************************************************************
 ********************                                                                                ********************
 ********************                              MCMC BAYESIAN ANALYSIS                            ********************
 ********************               COVARIANCE MATRIX OF ESTIMATE (From Sample Variance)             ********************
 ********************                                                                                ********************
 ************************************************************************************************************************
 

            TH 1      TH 2      OM11      OM12      OM22      SG11  
 
 TH 1
+        2.74E-02
 
 TH 2
+        7.40E-03  2.18E+00
 
 OM11
+       -5.51E-04  2.84E-03  8.21E-04
 
 OM12
+        4.12E-04 -9.04E-04  1.87E-05  2.39E-04
 
 OM22
+       -2.79E-04  6.41E-04  1.17E-04  1.79E-05  3.87E-04
 
 SG11
+        2.54E-05  7.66E-04 -1.43E-04 -4.12E-06 -9.56E-05  1.48E-04
 
1
 ************************************************************************************************************************
 ********************                                                                                ********************
 ********************                              MCMC BAYESIAN ANALYSIS                            ********************
 ********************              CORRELATION MATRIX OF ESTIMATE (From Sample Variance)             ********************
 ********************                                                                                ********************
 ************************************************************************************************************************
 

            TH 1      TH 2      OM11      OM12      OM22      SG11  
 
 TH 1
+        1.66E-01
 
 TH 2
+        3.03E-02  1.48E+00
 
 OM11
+       -1.16E-01  6.72E-02  2.86E-02
 
 OM12
+        1.61E-01 -3.96E-02  4.21E-02  1.55E-02
 
 OM22
+       -8.56E-02  2.21E-02  2.07E-01  5.89E-02  1.97E-02
 
 SG11
+        1.26E-02  4.26E-02 -4.11E-01 -2.19E-02 -3.99E-01  1.22E-02
 
1
 ************************************************************************************************************************
 ********************                                                                                ********************
 ********************                              MCMC BAYESIAN ANALYSIS                            ********************
 ********************           INVERSE COVARIANCE MATRIX OF ESTIMATE (From Sample Variance)         ********************
 ********************                                                                                ********************
 ************************************************************************************************************************
 

            TH 1      TH 2      OM11      OM12      OM22      SG11  
 
 TH 1
+        3.86E+01
 
 TH 2
+       -2.27E-01  4.67E-01
 
 OM11
+        3.13E+01 -2.62E+00  1.51E+03
 
 OM12
+       -7.13E+01  2.38E+00 -1.52E+02  4.34E+03
 
 OM22
+        3.29E+01 -1.73E+00 -7.13E+01 -2.58E+02  3.13E+03
 
 SG11
+        4.41E+01 -5.95E+00  1.42E+03 -1.93E+02  1.94E+03  9.38E+03
 
 Elapsed postprocess time in seconds:     0.00
 #CPUT: Total CPU Time in Seconds,       46.812
Stop Time: 
Tue 01/03/2017 
10:32 PM
