Tue 01/03/2017 
10:30 PM
$PROB one cmpt simple mu modeled bayes multidose nids: 56 scenario: r1d
;; based_on: run100
$SUB ADVAN1 TRANS2
$INPUT ID TIME DV OBSNUM CMT EVID AMT RATE ADDL II 
$DATA ..\..\mdata\simple_nocovar_56id_6tp_md.csv
IGNORE=@ 
IGNORE=(OBSNUM.EQN.4)
IGNORE=(OBSNUM.EQN.5)
IGNORE=(OBSNUM.EQN.6)
IGNORE=(ID.GT.56)
$ABBR REPLACE THETA(CL, V) = THETA(1 to 2)
$ABBR REPLACE ETA(CL, V) = ETA(1 to 2)

$THETAI
THETA(1:NTHETA)=LOG(THETAI(1:NTHETA))
THETAP(1:NTHETAP)=LOG(THETAPI(1:NTHETAP))
$THETAR
THETAR(1:NTHETA)=EXP(THETA(1:NTHETA))
THETAPR(1:NTHETAP)=EXP(THETAP(1:NTHETAP))

$PRIOR NWPRI 

$PK
"USE NMBAYES_INT, ONLY: ITER_REPORT,BAYES_EXTRA_REQUEST,BAYES_EXTRA
; Request extra information for Bayesian analysis.
; An extra call will then be made for accepted samples
"BAYES_EXTRA_REQUEST=1

MU_1 = THETA(CL)
MU_2 = THETA(V)
CL = EXP(MU_1 + ETA(CL))
V = EXP(MU_2 + ETA(V))
S1 = V

"IF(BAYES_EXTRA==1 .AND. ITER_REPORT>=0 .AND. TIME==0.0) THEN
"WRITE(50,98) ITER_REPORT,ID,CL,V
"98 FORMAT(I12,1X,F14.0,4(1X,1PG12.5))
"ENDIF

$ERROR
IPRED=F
Y = IPRED*(1 + ERR(1))  

$THETA
(0.001, 2.5) ; TVCL
(0.001, 46) ; TVV

$OMEGA BLOCK(2)
0.1    ; nCL
0.1  0.1  ; nV

$SIGMA
0.03 ; PROP

; THETA PRIORS
$THETAP (2.5 FIX) (46 FIX) 

; THETA (uniformative) PRIORs
$THETAPV BLOCK(2)
10000 FIX
0.0 10000 

$OMEGAP BLOCK(2)
0.2 FIX
0 0.2

; degrees of freedom to prior omega matrix - low dof = highly uninformative
$OMEGAPD (2 FIX)

$EST METHOD=CHAIN FILE=..\run100.chn NSAMPLE=0 ISAMPLE=2 DF=20
$EST METHOD=BAYES INTER NBURN=4000 NITER=10000 PRINT=20 NOPRIOR=0 CTYPE=3 CITER=10 SEED=56664
  
NM-TRAN MESSAGES 
  
 WARNINGS AND ERRORS (IF ANY) FOR PROBLEM    1
             
 (WARNING  2) NM-TRAN INFERS THAT THE DATA ARE POPULATION.

 (MU_WARNING 20) MU_001: MU_ VARIABLE SHOULD NOT BE DEFINED AFTER VERBATIM CODE.
  
License Registered to: Devin Pastoor
Expiration Date:    14 NOV 2017
Current Date:        3 JAN 2017
Days until program expires : 311
1NONLINEAR MIXED EFFECTS MODEL PROGRAM (NONMEM) VERSION 7.4.0 alpha14 (nm74a14)
 ORIGINALLY DEVELOPED BY STUART BEAL, LEWIS SHEINER, AND ALISON BOECKMANN
 CURRENT DEVELOPERS ARE ROBERT BAUER, ICON DEVELOPMENT SOLUTIONS,
 AND ALISON BOECKMANN. IMPLEMENTATION, EFFICIENCY, AND STANDARDIZATION
 PERFORMED BY NOUS INFOSYSTEMS.

 PROBLEM NO.:         1
 one cmpt simple mu modeled bayes multidose nids: 56 scenario: r1d
0DATA CHECKOUT RUN:              NO
 DATA SET LOCATED ON UNIT NO.:    2
 THIS UNIT TO BE REWOUND:        NO
 NO. OF DATA RECS IN DATA SET:      224
 NO. OF DATA ITEMS IN DATA SET:  11
 ID DATA ITEM IS DATA ITEM NO.:   1
 DEP VARIABLE IS DATA ITEM NO.:   3
 MDV DATA ITEM IS DATA ITEM NO.: 11
0INDICES PASSED TO SUBROUTINE PRED:
   6   2   7   8   0  10   5   0   0   0   9
0LABELS FOR DATA ITEMS:
 ID TIME DV OBSNUM CMT EVID AMT RATE ADDL II MDV
0LABELS FOR THETAS
 THETA(1)=THETA(CL)
 THETA(2)=THETA(V)
0LABELS FOR ETAS
 ETA(1)=ETA(CL)
0LABELS FOR ETAS
 ETA(2)=ETA(V)
0FORMAT FOR DATA:
 (2E3.0,E17.0,3E2.0,2E5.0,E2.0,E3.0,1F2.0)

 TOT. NO. OF OBS RECS:      168
 TOT. NO. OF INDIVIDUALS:     56
0LENGTH OF THETA:   5
0DEFAULT THETA BOUNDARY TEST OMITTED:    NO
0OMEGA HAS BLOCK FORM:
  1
  1  1
  0  0  2
  0  0  2  2
  0  0  0  0  3
  0  0  0  0  3  3
0DEFAULT OMEGA BOUNDARY TEST OMITTED:    NO
0SIGMA HAS SIMPLE DIAGONAL FORM WITH DIMENSION:   1
0DEFAULT SIGMA BOUNDARY TEST OMITTED:    NO
0INITIAL ESTIMATE OF THETA:
 LOWER BOUND    INITIAL EST    UPPER BOUND
  0.1000E-02     0.2500E+01     0.1000E+07
  0.1000E-02     0.4600E+02     0.1000E+07
  0.2500E+01     0.2500E+01     0.2500E+01
  0.4600E+02     0.4600E+02     0.4600E+02
  0.2000E+01     0.2000E+01     0.2000E+01
0INITIAL ESTIMATE OF OMEGA:
 BLOCK SET NO.   BLOCK                                                                    FIXED
        1                                                                                   NO
 DIAGONAL SHIFT OF  1.1000E-07 WAS IMPOSED TO ENSURE POSITIVE DEFINITENESS
                  0.1000E+00
                  0.1000E+00   0.1000E+00
        2                                                                                  YES
                  0.1000E+05
                  0.0000E+00   0.1000E+05
        3                                                                                  YES
                  0.2000E+00
                  0.0000E+00   0.2000E+00
0INITIAL ESTIMATE OF SIGMA:
 0.3000E-01
0
 THETAI SUBROUTINE USER-SUPPLIED
 THETAR SUBROUTINE USER-SUPPLIED
 PRIOR SUBROUTINE USER-SUPPLIED
1DOUBLE PRECISION PREDPP VERSION 7.4.0 alpha14 (nm74a14)

 ONE COMPARTMENT MODEL (ADVAN1)
0MAXIMUM NO. OF BASIC PK PARAMETERS:   2
0BASIC PK PARAMETERS (AFTER TRANSLATION):
   ELIMINATION RATE (K) IS BASIC PK PARAMETER NO.:  1

 TRANSLATOR WILL CONVERT PARAMETERS
 CLEARANCE (CL) AND VOLUME (V) TO K (TRANS2)
0COMPARTMENT ATTRIBUTES
 COMPT. NO.   FUNCTION   INITIAL    ON/OFF      DOSE      DEFAULT    DEFAULT
                         STATUS     ALLOWED    ALLOWED    FOR DOSE   FOR OBS.
    1         CENTRAL      ON         NO         YES        YES        YES
    2         OUTPUT       OFF        YES        NO         NO         NO
1
 ADDITIONAL PK PARAMETERS - ASSIGNMENT OF ROWS IN GG
 COMPT. NO.                             INDICES
              SCALE      BIOAVAIL.   ZERO-ORDER  ZERO-ORDER  ABSORB
                         FRACTION    RATE        DURATION    LAG
    1            3           *           *           *           *
    2            *           -           -           -           -
             - PARAMETER IS NOT ALLOWED FOR THIS MODEL
             * PARAMETER IS NOT SUPPLIED BY PK SUBROUTINE;
               WILL DEFAULT TO ONE IF APPLICABLE
0DATA ITEM INDICES USED BY PRED ARE:
   EVENT ID DATA ITEM IS DATA ITEM NO.:      6
   TIME DATA ITEM IS DATA ITEM NO.:          2
   DOSE AMOUNT DATA ITEM IS DATA ITEM NO.:   7
   DOSE RATE DATA ITEM IS DATA ITEM NO.:     8
   INTERVAL DATA ITEM IS DATA ITEM NO.:     10
   ADDL. DOSES DATA ITEM IS DATA ITEM NO.:   9
   COMPT. NO. DATA ITEM IS DATA ITEM NO.:    5

0PK SUBROUTINE CALLED WITH EVERY EVENT RECORD.
 PK SUBROUTINE NOT CALLED AT NONEVENT (ADDITIONAL OR LAGGED) DOSE TIMES.
0ERROR SUBROUTINE CALLED WITH EVERY EVENT RECORD.
1


 #TBLN:      1
 #METH: Chain Method Processing

 RANDOM GENERATION TYPE (CTYPE):     0
 RANDOM GENERATION SEED (SEED):      11456
 RANDOM SAMPLE SELECTION (ISAMPLE):  2
 RANDOM SAMPLE RANGE END (ISAMPEND): -2147483647
 NUMBER OF RANDOM SAMPLES (NSAMPLE): 0
 UNIFORM FRACTIONAL RANGE (IACCEPT): 0.400000000000000
 RANDOM SELECTION TYPE (SELECT):     0
 DEG. FR. TO GENERATE OMEGAS (DF):   20
 DEG. FR. TO GENERATE SIGMAS (DFS):  -1
 CHAIN FILE (FILE):                  ..\run100.chn
 EXCL. TITLE IN CHAIN FILE (NOTITLE):NO
 EX. COL. LBS. IN CHAIN FL.(NOLABEL):NO
 FORMAT FOR CHAIN FILE (FORMAT):     S1PE12.5
 PAR. ORDER in CHAIN FILE (ORDER):   TSOL
 RANDOM SAMPLING METHOD (RANMETHOD):3U

 THE FOLLOWING LABELS ARE EQUIVALENT
 PRED=NPRED
 RES=NRES
 WRES=NWRES
 IWRS=NIWRES
 IPRD=NIPRED
 IRS=NIRES



 FROM SAMPLE 2 OF CHAIN FILE ..\run100.chn
 NEW INITIAL ESTIMATES OF THETA
  0.3533E+01
  0.1015E-01
 NEW INITIAL ESTIMATES OF OMEGA
  0.1302E+00
  0.1302E+00  0.1302E+00
 NEW INITIAL ESTIMATES OF SIGMA
  0.4169E-01
1


 #TBLN:      1
 #METH: MCMC Bayesian Analysis

 ESTIMATION STEP OMITTED:                 NO
 ANALYSIS TYPE:                           POPULATION
 NUMBER OF SADDLE POINT RESET ITERATIONS:      0
 GRADIENT METHOD USED:               NOSLOW
 CONDITIONAL ESTIMATES USED:              YES
 CENTERED ETA:                            NO
 EPS-ETA INTERACTION:                     YES
 LAPLACIAN OBJ. FUNC.:                    NO
 NO. OF FUNCT. EVALS. ALLOWED:            840
 NO. OF SIG. FIGURES REQUIRED:            3
 INTERMEDIATE PRINTOUT:                   YES
 ESTIMATE OUTPUT TO MSF:                  NO
 IND. OBJ. FUNC. VALUES SORTED:           NO
 NUMERICAL DERIVATIVE
       FILE REQUEST (NUMDER):               NONE
 MAP (ETAHAT) ESTIMATION METHOD (OPTMAP):   0
 ETA HESSIAN EVALUATION METHOD (ETADER):    0
 INITIAL ETA FOR MAP ESTIMATION (MCETA):    0
 SIGDIGITS FOR MAP ESTIMATION (SIGLO):      100
 GRADIENT SIGDIGITS OF
       FIXED EFFECTS PARAMETERS (SIGL):     100
 NOPRIOR SETTING (NOPRIOR):                 OFF
 NOCOV SETTING (NOCOV):                     OFF
 DERCONT SETTING (DERCONT):                 OFF
 FINAL ETA RE-EVALUATION (FNLETA):          ON
 EXCLUDE NON-INFLUENTIAL (NON-INFL.) ETAS
       IN SHRINKAGE (ETASTYPE):             NO
 NON-INFL. ETA CORRECTION (NONINFETA):      OFF
 RAW OUTPUT FILE (FILE): run121_nids_56_r1d_c2.ext
 EXCLUDE TITLE (NOTITLE):                   NO
 EXCLUDE COLUMN LABELS (NOLABEL):           NO
 FORMAT FOR ADDITIONAL FILES (FORMAT):      S1PE12.5
 PARAMETER ORDER FOR OUTPUTS (ORDER):       TSOL
 WISHART PRIOR DF INTERPRETATION (WISHTYPE):0
 KNUTHSUMOFF:                               0
 INCLUDE LNTWOPI:                           NO
 INCLUDE CONSTANT TERM TO PRIOR (PRIORC):   NO
 INCLUDE CONSTANT TERM TO OMEGA (ETA) (OLNTWOPI):NO
 EM OR BAYESIAN METHOD USED:                MCMC BAYESIAN (BAYES)
 MU MODELING PATTERN (MUM):
 GRADIENT/GIBBS PATTERN (GRD):
 AUTOMATIC SETTING FEATURE (AUTO):          OFF
 CONVERGENCE TYPE (CTYPE):                  3
 KEEP ITERATIONS (THIN):            1
 CONVERGENCE INTERVAL (CINTERVAL):          20
 CONVERGENCE ITERATIONS (CITER):            10
 CONVERGENCE ALPHA ERROR (CALPHA):          5.000000000000000E-02
 BURN-IN ITERATIONS (NBURN):                4000
 ITERATIONS (NITER):                        10000
 ANEAL SETTING (CONSTRAIN):                 1
 STARTING SEED FOR MC METHODS (SEED):       56664
 MC SAMPLES PER SUBJECT (ISAMPLE):          1
 RANDOM SAMPLING METHOD (RANMETHOD):        3U
 PROPOSAL DENSITY SCALING RANGE
              (ISCALE_MIN, ISCALE_MAX):     1.000000000000000E-06   ,1000000.00000000
 SAMPLE ACCEPTANCE RATE (IACCEPT):          0.400000000000000
 METROPOLIS HASTINGS SAMPLING FOR INDIVIDUAL ETAS:
 SAMPLES FOR GLOBAL SEARCH KERNEL (ISAMPLE_M1):          2
 SAMPLES FOR NEIGHBOR SEARCH KERNEL (ISAMPLE_M1A):       0
 SAMPLES FOR MASS/IMP/POST. MATRIX SEARCH (ISAMPLE_M1B): 2
 SAMPLES FOR LOCAL SEARCH KERNEL (ISAMPLE_M2):           2
 SAMPLES FOR LOCAL UNIVARIATE KERNEL (ISAMPLE_M3):       2
 PWR. WT. MASS/IMP/POST MATRIX ACCUM. FOR ETAS (IKAPPA): 1.00000000000000
 MASS/IMP./POST. MATRIX REFRESH SETTING (MASSREST):      -1
 METROPOLIS HASTINGS POPULATION SAMPLING FOR NON-GIBBS
 SAMPLED THETAS AND SIGMAS:
 PROPOSAL DENSITY SCALING RANGE
              (PSCALE_MIN, PSCALE_MAX):   1.000000000000000E-02   ,1000.00000000000
 SAMPLE ACCEPTANCE RATE (PACCEPT):                       0.500000000000000
 SAMPLES FOR GLOBAL SEARCH KERNEL (PSAMPLE_M1):          1
 SAMPLES FOR LOCAL SEARCH KERNEL (PSAMPLE_M2):           -1
 SAMPLES FOR LOCAL UNIVARIATE KERNEL (PSAMPLE_M3):       1
 METROPOLIS HASTINGS POPULATION SAMPLING FOR NON-GIBBS
 SAMPLED OMEGAS:
 SAMPLE ACCEPTANCE RATE (OACCEPT):                       0.500000000000000
 SAMPLES FOR GLOBAL SEARCH KERNEL (OSAMPLE_M1):          -1
 SAMPLES FOR LOCAL SEARCH KERNEL (OSAMPLE_M2):           -1
 SAMPLES FOR LOCAL UNIVARIATE SEARCH KERNEL (OSAMPLE_M3):0
 DEG. FR. FOR T DIST.  PRIOR FOR THETAS (TTDF):        0.00000000000000
 DEG. FR. FOR LKJ CORRELATION PRIOR FOR OMEGAS (OLKJDF): 0.00000000000000
 WEIGHT FACTOR FOR STD PRIOR FOR OMEGAS (OVARF): 1.00000000000000
 DEG. FR. FOR LKJ CORRELATION PRIOR FOR SIGMAS (SLKJDF): 0.00000000000000
 WEIGHT FACTOR FOR STD PRIOR FOR SIGMAS (SVARF): 1.00000000000000


 THE FOLLOWING LABELS ARE EQUIVALENT
 PRED=PREDI
 RES=RESI
 WRES=WRESI
 IWRS=IWRESI
 IPRD=IPREDI
 IRS=IRESI

 EM/BAYES SETUP:
 THETAS THAT ARE MU MODELED:
   1   2
 THETAS THAT ARE GIBBS SAMPLED:
   1   2
 THETAS THAT ARE METROPOLIS-HASTINGS SAMPLED:
 
 SIGMAS THAT ARE GIBBS SAMPLED:
   1
 SIGMAS THAT ARE METROPOLIS-HASTINGS SAMPLED:
 
 OMEGAS ARE GIBBS SAMPLED

 MONITORING OF SEARCH:

 Burn-in Mode
 iteration        -4000 MCMCOBJ=    2048044003.3425407     
 iteration        -3980 MCMCOBJ=    357.79026738612470     
 iteration        -3960 MCMCOBJ=    341.37457075099064     
 iteration        -3940 MCMCOBJ=    339.97395656138701     
 iteration        -3920 MCMCOBJ=    324.23691396884630     
 iteration        -3900 MCMCOBJ=    358.55276934676408     
 iteration        -3880 MCMCOBJ=    346.13919007551056     
 iteration        -3860 MCMCOBJ=    348.13401751080750     
 iteration        -3840 MCMCOBJ=    348.49094332433674     
 iteration        -3820 MCMCOBJ=    364.69049829629682     
 iteration        -3800 MCMCOBJ=    386.11961208455421     
 Convergence achieved
 Sampling Mode
 iteration            0 MCMCOBJ=    375.62264760500562     
 iteration           20 MCMCOBJ=    393.93137767555595     
 iteration           40 MCMCOBJ=    353.17773500450670     
 iteration           60 MCMCOBJ=    369.79503861951531     
 iteration           80 MCMCOBJ=    350.83129584069900     
 iteration          100 MCMCOBJ=    337.96545469130496     
 iteration          120 MCMCOBJ=    379.05059168498730     
 iteration          140 MCMCOBJ=    355.67142354070171     
 iteration          160 MCMCOBJ=    333.64800961730566     
 iteration          180 MCMCOBJ=    354.32446588664953     
 iteration          200 MCMCOBJ=    336.86484948865268     
 iteration          220 MCMCOBJ=    335.90262648867304     
 iteration          240 MCMCOBJ=    348.09234743055828     
 iteration          260 MCMCOBJ=    371.97675310979554     
 iteration          280 MCMCOBJ=    361.48593377846930     
 iteration          300 MCMCOBJ=    327.45087488983978     
 iteration          320 MCMCOBJ=    339.66490053992084     
 iteration          340 MCMCOBJ=    336.65157569115229     
 iteration          360 MCMCOBJ=    335.69474804153157     
 iteration          380 MCMCOBJ=    334.99541187729380     
 iteration          400 MCMCOBJ=    327.99456759454529     
 iteration          420 MCMCOBJ=    335.51176196847052     
 iteration          440 MCMCOBJ=    368.25486636846409     
 iteration          460 MCMCOBJ=    389.74357562527217     
 iteration          480 MCMCOBJ=    334.37003826627489     
 iteration          500 MCMCOBJ=    364.86514785732265     
 iteration          520 MCMCOBJ=    340.76067679461818     
 iteration          540 MCMCOBJ=    390.68672960735444     
 iteration          560 MCMCOBJ=    348.93681368341720     
 iteration          580 MCMCOBJ=    340.55964576959349     
 iteration          600 MCMCOBJ=    360.86170399527873     
 iteration          620 MCMCOBJ=    329.52649604647712     
 iteration          640 MCMCOBJ=    338.11285722349174     
 iteration          660 MCMCOBJ=    364.09978280631844     
 iteration          680 MCMCOBJ=    351.69312686455868     
 iteration          700 MCMCOBJ=    369.47553349643681     
 iteration          720 MCMCOBJ=    361.48054262612737     
 iteration          740 MCMCOBJ=    338.41160111491587     
 iteration          760 MCMCOBJ=    353.92915862929118     
 iteration          780 MCMCOBJ=    350.58477977959228     
 iteration          800 MCMCOBJ=    341.79737953327412     
 iteration          820 MCMCOBJ=    329.24113608582934     
 iteration          840 MCMCOBJ=    392.31459576253002     
 iteration          860 MCMCOBJ=    355.49976121759363     
 iteration          880 MCMCOBJ=    364.07272742014374     
 iteration          900 MCMCOBJ=    332.42015700278461     
 iteration          920 MCMCOBJ=    356.43516260548728     
 iteration          940 MCMCOBJ=    346.53232259208670     
 iteration          960 MCMCOBJ=    375.80717831578357     
 iteration          980 MCMCOBJ=    361.36953036093428     
 iteration         1000 MCMCOBJ=    347.94311082693287     
 iteration         1020 MCMCOBJ=    360.99516859072236     
 iteration         1040 MCMCOBJ=    329.12511916028143     
 iteration         1060 MCMCOBJ=    314.23315456961865     
 iteration         1080 MCMCOBJ=    319.04974704426036     
 iteration         1100 MCMCOBJ=    347.58079271170459     
 iteration         1120 MCMCOBJ=    343.19195785221490     
 iteration         1140 MCMCOBJ=    326.97562958933599     
 iteration         1160 MCMCOBJ=    378.49588739638438     
 iteration         1180 MCMCOBJ=    338.60479536683920     
 iteration         1200 MCMCOBJ=    373.06024349813077     
 iteration         1220 MCMCOBJ=    339.94284420665019     
 iteration         1240 MCMCOBJ=    330.57662688324399     
 iteration         1260 MCMCOBJ=    363.78326155935963     
 iteration         1280 MCMCOBJ=    350.02734416391604     
 iteration         1300 MCMCOBJ=    343.79043268031143     
 iteration         1320 MCMCOBJ=    356.71116844390446     
 iteration         1340 MCMCOBJ=    328.43834660338530     
 iteration         1360 MCMCOBJ=    359.92185419696580     
 iteration         1380 MCMCOBJ=    388.01907641081812     
 iteration         1400 MCMCOBJ=    337.59916295217334     
 iteration         1420 MCMCOBJ=    329.50066402889473     
 iteration         1440 MCMCOBJ=    338.84719840366603     
 iteration         1460 MCMCOBJ=    346.46645696003765     
 iteration         1480 MCMCOBJ=    336.68679912280913     
 iteration         1500 MCMCOBJ=    368.05236473326835     
 iteration         1520 MCMCOBJ=    346.44849504014303     
 iteration         1540 MCMCOBJ=    344.78678954106999     
 iteration         1560 MCMCOBJ=    324.45785599489477     
 iteration         1580 MCMCOBJ=    371.43147423923426     
 iteration         1600 MCMCOBJ=    347.38601794399415     
 iteration         1620 MCMCOBJ=    357.05233051779402     
 iteration         1640 MCMCOBJ=    365.94414140632495     
 iteration         1660 MCMCOBJ=    356.84415260418342     
 iteration         1680 MCMCOBJ=    351.94466604628406     
 iteration         1700 MCMCOBJ=    342.76824660314674     
 iteration         1720 MCMCOBJ=    322.95172969948817     
 iteration         1740 MCMCOBJ=    356.48547694461860     
 iteration         1760 MCMCOBJ=    334.06699133755961     
 iteration         1780 MCMCOBJ=    365.76063989285245     
 iteration         1800 MCMCOBJ=    346.17595235105000     
 iteration         1820 MCMCOBJ=    339.69878926287669     
 iteration         1840 MCMCOBJ=    350.17866868083399     
 iteration         1860 MCMCOBJ=    319.49954028479135     
 iteration         1880 MCMCOBJ=    337.48249486378666     
 iteration         1900 MCMCOBJ=    333.79202457725353     
 iteration         1920 MCMCOBJ=    352.05074006762180     
 iteration         1940 MCMCOBJ=    360.42163951074508     
 iteration         1960 MCMCOBJ=    329.40295233454151     
 iteration         1980 MCMCOBJ=    387.07536315101800     
 iteration         2000 MCMCOBJ=    347.78071928424993     
 iteration         2020 MCMCOBJ=    358.36580208534360     
 iteration         2040 MCMCOBJ=    353.50114883765389     
 iteration         2060 MCMCOBJ=    346.91760717160423     
 iteration         2080 MCMCOBJ=    347.26686529206637     
 iteration         2100 MCMCOBJ=    335.67472115758272     
 iteration         2120 MCMCOBJ=    359.07725225531715     
 iteration         2140 MCMCOBJ=    337.00965538255542     
 iteration         2160 MCMCOBJ=    373.69460384870405     
 iteration         2180 MCMCOBJ=    406.44183402824768     
 iteration         2200 MCMCOBJ=    335.78377550439222     
 iteration         2220 MCMCOBJ=    323.86544112921388     
 iteration         2240 MCMCOBJ=    374.33825623077809     
 iteration         2260 MCMCOBJ=    380.77071853302590     
 iteration         2280 MCMCOBJ=    330.36613166616843     
 iteration         2300 MCMCOBJ=    352.31123655429997     
 iteration         2320 MCMCOBJ=    353.13761024625614     
 iteration         2340 MCMCOBJ=    334.98933700260164     
 iteration         2360 MCMCOBJ=    333.46104784943697     
 iteration         2380 MCMCOBJ=    350.94467407984695     
 iteration         2400 MCMCOBJ=    344.51060809475553     
 iteration         2420 MCMCOBJ=    366.28299476629036     
 iteration         2440 MCMCOBJ=    362.28296049634582     
 iteration         2460 MCMCOBJ=    357.28264388034950     
 iteration         2480 MCMCOBJ=    369.12356580301207     
 iteration         2500 MCMCOBJ=    385.92682872798645     
 iteration         2520 MCMCOBJ=    339.85307743066238     
 iteration         2540 MCMCOBJ=    340.43524183360296     
 iteration         2560 MCMCOBJ=    328.64803957635309     
 iteration         2580 MCMCOBJ=    338.78080139024297     
 iteration         2600 MCMCOBJ=    338.82102147344614     
 iteration         2620 MCMCOBJ=    342.91959576285331     
 iteration         2640 MCMCOBJ=    334.14717605263269     
 iteration         2660 MCMCOBJ=    336.92037188495493     
 iteration         2680 MCMCOBJ=    341.99001635526861     
 iteration         2700 MCMCOBJ=    316.02661871620182     
 iteration         2720 MCMCOBJ=    375.08881212045151     
 iteration         2740 MCMCOBJ=    358.80147915971037     
 iteration         2760 MCMCOBJ=    374.91920281864014     
 iteration         2780 MCMCOBJ=    335.49741134114487     
 iteration         2800 MCMCOBJ=    360.29703139331099     
 iteration         2820 MCMCOBJ=    399.03006354718576     
 iteration         2840 MCMCOBJ=    367.18437593808937     
 iteration         2860 MCMCOBJ=    363.92948056747161     
 iteration         2880 MCMCOBJ=    349.57216157229686     
 iteration         2900 MCMCOBJ=    354.73786569480683     
 iteration         2920 MCMCOBJ=    338.18019816812432     
 iteration         2940 MCMCOBJ=    346.19699891964325     
 iteration         2960 MCMCOBJ=    327.82779925652034     
 iteration         2980 MCMCOBJ=    360.60919680708963     
 iteration         3000 MCMCOBJ=    344.11698439132391     
 iteration         3020 MCMCOBJ=    327.48366289398831     
 iteration         3040 MCMCOBJ=    338.99020774855671     
 iteration         3060 MCMCOBJ=    348.09710441381844     
 iteration         3080 MCMCOBJ=    373.06608921588946     
 iteration         3100 MCMCOBJ=    366.12599046052839     
 iteration         3120 MCMCOBJ=    381.14198480915502     
 iteration         3140 MCMCOBJ=    337.42379084153123     
 iteration         3160 MCMCOBJ=    351.52962771778141     
 iteration         3180 MCMCOBJ=    356.11173638410582     
 iteration         3200 MCMCOBJ=    357.43867936128623     
 iteration         3220 MCMCOBJ=    333.16404982712169     
 iteration         3240 MCMCOBJ=    357.28315838219476     
 iteration         3260 MCMCOBJ=    369.20987987269547     
 iteration         3280 MCMCOBJ=    332.71600506182625     
 iteration         3300 MCMCOBJ=    354.13924080932884     
 iteration         3320 MCMCOBJ=    392.32611815209174     
 iteration         3340 MCMCOBJ=    327.20857591791383     
 iteration         3360 MCMCOBJ=    359.93025332424952     
 iteration         3380 MCMCOBJ=    339.91056614445569     
 iteration         3400 MCMCOBJ=    345.81132779489337     
 iteration         3420 MCMCOBJ=    325.57372754017769     
 iteration         3440 MCMCOBJ=    327.07850695745663     
 iteration         3460 MCMCOBJ=    331.89077017413626     
 iteration         3480 MCMCOBJ=    348.03811731939624     
 iteration         3500 MCMCOBJ=    349.09625512790933     
 iteration         3520 MCMCOBJ=    309.63690076626256     
 iteration         3540 MCMCOBJ=    367.98526742246975     
 iteration         3560 MCMCOBJ=    359.35024370498928     
 iteration         3580 MCMCOBJ=    352.14949651817346     
 iteration         3600 MCMCOBJ=    327.52256019816360     
 iteration         3620 MCMCOBJ=    338.51471481424625     
 iteration         3640 MCMCOBJ=    389.77698705742159     
 iteration         3660 MCMCOBJ=    377.78182012703195     
 iteration         3680 MCMCOBJ=    341.17622024899060     
 iteration         3700 MCMCOBJ=    344.49038398065295     
 iteration         3720 MCMCOBJ=    392.47047454380510     
 iteration         3740 MCMCOBJ=    343.54487496000166     
 iteration         3760 MCMCOBJ=    356.91968515524957     
 iteration         3780 MCMCOBJ=    372.82373461666072     
 iteration         3800 MCMCOBJ=    332.92439785239884     
 iteration         3820 MCMCOBJ=    349.03265673385437     
 iteration         3840 MCMCOBJ=    347.05153760660369     
 iteration         3860 MCMCOBJ=    329.26435271754184     
 iteration         3880 MCMCOBJ=    335.38598317190088     
 iteration         3900 MCMCOBJ=    346.48324926822232     
 iteration         3920 MCMCOBJ=    338.79679383769724     
 iteration         3940 MCMCOBJ=    382.34250360093222     
 iteration         3960 MCMCOBJ=    333.41997035693078     
 iteration         3980 MCMCOBJ=    312.44151434964556     
 iteration         4000 MCMCOBJ=    355.86710673639618     
 iteration         4020 MCMCOBJ=    364.91786220546993     
 iteration         4040 MCMCOBJ=    378.04170149869901     
 iteration         4060 MCMCOBJ=    331.90536130639055     
 iteration         4080 MCMCOBJ=    360.45886461551248     
 iteration         4100 MCMCOBJ=    353.85118708276792     
 iteration         4120 MCMCOBJ=    329.99740035123415     
 iteration         4140 MCMCOBJ=    355.21710374431728     
 iteration         4160 MCMCOBJ=    346.90973628984943     
 iteration         4180 MCMCOBJ=    355.46397842052448     
 iteration         4200 MCMCOBJ=    299.58605382580930     
 iteration         4220 MCMCOBJ=    391.79365489481381     
 iteration         4240 MCMCOBJ=    344.20448114885636     
 iteration         4260 MCMCOBJ=    368.80124989102018     
 iteration         4280 MCMCOBJ=    349.67786073725478     
 iteration         4300 MCMCOBJ=    391.18803132070218     
 iteration         4320 MCMCOBJ=    369.46753811310606     
 iteration         4340 MCMCOBJ=    312.58169380533917     
 iteration         4360 MCMCOBJ=    333.49372685837898     
 iteration         4380 MCMCOBJ=    360.65718541910633     
 iteration         4400 MCMCOBJ=    334.17918720974205     
 iteration         4420 MCMCOBJ=    316.16145248285852     
 iteration         4440 MCMCOBJ=    352.92361744559696     
 iteration         4460 MCMCOBJ=    335.56376627024167     
 iteration         4480 MCMCOBJ=    395.52433369527944     
 iteration         4500 MCMCOBJ=    368.91856843124799     
 iteration         4520 MCMCOBJ=    340.60104211556836     
 iteration         4540 MCMCOBJ=    353.29029952421189     
 iteration         4560 MCMCOBJ=    345.12385204220072     
 iteration         4580 MCMCOBJ=    358.35267136422880     
 iteration         4600 MCMCOBJ=    351.94201758533256     
 iteration         4620 MCMCOBJ=    356.26704487160032     
 iteration         4640 MCMCOBJ=    341.27494766943443     
 iteration         4660 MCMCOBJ=    337.98834186722951     
 iteration         4680 MCMCOBJ=    376.01490595603161     
 iteration         4700 MCMCOBJ=    358.17819276721502     
 iteration         4720 MCMCOBJ=    311.65985761059153     
 iteration         4740 MCMCOBJ=    343.29217585308771     
 iteration         4760 MCMCOBJ=    347.23777166281053     
 iteration         4780 MCMCOBJ=    331.24651248166134     
 iteration         4800 MCMCOBJ=    355.39629196089601     
 iteration         4820 MCMCOBJ=    358.65256392103385     
 iteration         4840 MCMCOBJ=    398.79943664737277     
 iteration         4860 MCMCOBJ=    353.82879680685812     
 iteration         4880 MCMCOBJ=    338.34730239026896     
 iteration         4900 MCMCOBJ=    351.58645326809500     
 iteration         4920 MCMCOBJ=    351.63824254892768     
 iteration         4940 MCMCOBJ=    329.56300384573649     
 iteration         4960 MCMCOBJ=    363.50192209115505     
 iteration         4980 MCMCOBJ=    345.38977089475111     
 iteration         5000 MCMCOBJ=    362.72755225081096     
 iteration         5020 MCMCOBJ=    344.71011187999437     
 iteration         5040 MCMCOBJ=    374.42838931045054     
 iteration         5060 MCMCOBJ=    354.30393847337604     
 iteration         5080 MCMCOBJ=    363.32803327607587     
 iteration         5100 MCMCOBJ=    328.57655689587631     
 iteration         5120 MCMCOBJ=    379.55874601813252     
 iteration         5140 MCMCOBJ=    363.34130255121551     
 iteration         5160 MCMCOBJ=    394.76940045272858     
 iteration         5180 MCMCOBJ=    394.93435561852885     
 iteration         5200 MCMCOBJ=    372.53694278252004     
 iteration         5220 MCMCOBJ=    357.42281885102739     
 iteration         5240 MCMCOBJ=    353.30377552883573     
 iteration         5260 MCMCOBJ=    318.17011311788957     
 iteration         5280 MCMCOBJ=    320.49999461688458     
 iteration         5300 MCMCOBJ=    330.46320423957025     
 iteration         5320 MCMCOBJ=    391.07868013238954     
 iteration         5340 MCMCOBJ=    392.85615430266591     
 iteration         5360 MCMCOBJ=    373.56330330970627     
 iteration         5380 MCMCOBJ=    345.42529403373089     
 iteration         5400 MCMCOBJ=    361.20825649677266     
 iteration         5420 MCMCOBJ=    337.42780559166124     
 iteration         5440 MCMCOBJ=    345.63106947995038     
 iteration         5460 MCMCOBJ=    377.73087766029488     
 iteration         5480 MCMCOBJ=    357.27051314098719     
 iteration         5500 MCMCOBJ=    315.80898723559500     
 iteration         5520 MCMCOBJ=    385.33181471351543     
 iteration         5540 MCMCOBJ=    298.24785792723537     
 iteration         5560 MCMCOBJ=    397.25584421934627     
 iteration         5580 MCMCOBJ=    326.65220389455664     
 iteration         5600 MCMCOBJ=    369.05666680721782     
 iteration         5620 MCMCOBJ=    366.16540038013193     
 iteration         5640 MCMCOBJ=    374.58736879892092     
 iteration         5660 MCMCOBJ=    346.05371906514614     
 iteration         5680 MCMCOBJ=    366.69544368195051     
 iteration         5700 MCMCOBJ=    367.88497193616365     
 iteration         5720 MCMCOBJ=    351.83283104384566     
 iteration         5740 MCMCOBJ=    371.08935900194774     
 iteration         5760 MCMCOBJ=    382.24489427397583     
 iteration         5780 MCMCOBJ=    361.92791216721326     
 iteration         5800 MCMCOBJ=    383.65459747109270     
 iteration         5820 MCMCOBJ=    318.19803108435332     
 iteration         5840 MCMCOBJ=    354.62415573223871     
 iteration         5860 MCMCOBJ=    359.33226545045869     
 iteration         5880 MCMCOBJ=    341.42734061627931     
 iteration         5900 MCMCOBJ=    357.12021620171043     
 iteration         5920 MCMCOBJ=    356.02814259131890     
 iteration         5940 MCMCOBJ=    357.38479296490738     
 iteration         5960 MCMCOBJ=    357.65612497951798     
 iteration         5980 MCMCOBJ=    348.10378795707942     
 iteration         6000 MCMCOBJ=    354.20452165484551     
 iteration         6020 MCMCOBJ=    360.18042227892664     
 iteration         6040 MCMCOBJ=    347.36929671924719     
 iteration         6060 MCMCOBJ=    369.51736011167702     
 iteration         6080 MCMCOBJ=    343.89768048037070     
 iteration         6100 MCMCOBJ=    329.26851931746103     
 iteration         6120 MCMCOBJ=    361.94949094702076     
 iteration         6140 MCMCOBJ=    341.21088216248182     
 iteration         6160 MCMCOBJ=    361.38604314476288     
 iteration         6180 MCMCOBJ=    337.17038236338948     
 iteration         6200 MCMCOBJ=    374.30203627530653     
 iteration         6220 MCMCOBJ=    331.10257356981469     
 iteration         6240 MCMCOBJ=    361.97814299780208     
 iteration         6260 MCMCOBJ=    354.44495096028322     
 iteration         6280 MCMCOBJ=    338.59068468275535     
 iteration         6300 MCMCOBJ=    377.66887119047885     
 iteration         6320 MCMCOBJ=    338.76104172338415     
 iteration         6340 MCMCOBJ=    331.88810390789814     
 iteration         6360 MCMCOBJ=    344.01966394001875     
 iteration         6380 MCMCOBJ=    349.17181612807553     
 iteration         6400 MCMCOBJ=    380.23498475982132     
 iteration         6420 MCMCOBJ=    369.52473504831011     
 iteration         6440 MCMCOBJ=    330.33331290716029     
 iteration         6460 MCMCOBJ=    359.58267419262745     
 iteration         6480 MCMCOBJ=    352.55617160994041     
 iteration         6500 MCMCOBJ=    327.33670988330329     
 iteration         6520 MCMCOBJ=    380.08712088281732     
 iteration         6540 MCMCOBJ=    339.40150604197362     
 iteration         6560 MCMCOBJ=    333.82825553017636     
 iteration         6580 MCMCOBJ=    360.73332237919749     
 iteration         6600 MCMCOBJ=    312.31177507249981     
 iteration         6620 MCMCOBJ=    362.53157689386597     
 iteration         6640 MCMCOBJ=    329.97856404455570     
 iteration         6660 MCMCOBJ=    395.42288625726093     
 iteration         6680 MCMCOBJ=    349.61519041022569     
 iteration         6700 MCMCOBJ=    358.53938746940668     
 iteration         6720 MCMCOBJ=    339.30994369065405     
 iteration         6740 MCMCOBJ=    349.70257800620396     
 iteration         6760 MCMCOBJ=    384.93050884699244     
 iteration         6780 MCMCOBJ=    347.34226764447891     
 iteration         6800 MCMCOBJ=    384.35940693489511     
 iteration         6820 MCMCOBJ=    373.36622629379019     
 iteration         6840 MCMCOBJ=    352.58429373216438     
 iteration         6860 MCMCOBJ=    358.10817702122085     
 iteration         6880 MCMCOBJ=    338.71810743181885     
 iteration         6900 MCMCOBJ=    304.39015653397507     
 iteration         6920 MCMCOBJ=    336.65232926434476     
 iteration         6940 MCMCOBJ=    352.13366559048416     
 iteration         6960 MCMCOBJ=    378.50586362173306     
 iteration         6980 MCMCOBJ=    344.98162616360850     
 iteration         7000 MCMCOBJ=    323.76321088829530     
 iteration         7020 MCMCOBJ=    361.76671727627371     
 iteration         7040 MCMCOBJ=    335.63698807723426     
 iteration         7060 MCMCOBJ=    350.43639120478861     
 iteration         7080 MCMCOBJ=    342.24631456433610     
 iteration         7100 MCMCOBJ=    381.56758886251936     
 iteration         7120 MCMCOBJ=    332.56881057904309     
 iteration         7140 MCMCOBJ=    363.48830927485756     
 iteration         7160 MCMCOBJ=    344.96665981652001     
 iteration         7180 MCMCOBJ=    369.92804355844191     
 iteration         7200 MCMCOBJ=    358.27055184484544     
 iteration         7220 MCMCOBJ=    321.52729105006813     
 iteration         7240 MCMCOBJ=    326.17821002641438     
 iteration         7260 MCMCOBJ=    374.33266851487213     
 iteration         7280 MCMCOBJ=    329.77904228387359     
 iteration         7300 MCMCOBJ=    368.85709521868068     
 iteration         7320 MCMCOBJ=    403.92669166108135     
 iteration         7340 MCMCOBJ=    346.25360097391695     
 iteration         7360 MCMCOBJ=    378.49868430163309     
 iteration         7380 MCMCOBJ=    370.29826844116337     
 iteration         7400 MCMCOBJ=    357.11909926996520     
 iteration         7420 MCMCOBJ=    333.05314831648064     
 iteration         7440 MCMCOBJ=    319.26379585773020     
 iteration         7460 MCMCOBJ=    361.21885723582307     
 iteration         7480 MCMCOBJ=    400.12591214222613     
 iteration         7500 MCMCOBJ=    354.06564793676404     
 iteration         7520 MCMCOBJ=    364.52338734872046     
 iteration         7540 MCMCOBJ=    335.02340928668082     
 iteration         7560 MCMCOBJ=    367.07384291312877     
 iteration         7580 MCMCOBJ=    368.89264293933962     
 iteration         7600 MCMCOBJ=    348.20547237081649     
 iteration         7620 MCMCOBJ=    363.46143122636119     
 iteration         7640 MCMCOBJ=    357.40331283323593     
 iteration         7660 MCMCOBJ=    373.36316736064811     
 iteration         7680 MCMCOBJ=    353.00814772081691     
 iteration         7700 MCMCOBJ=    337.98066600362000     
 iteration         7720 MCMCOBJ=    352.56897043266508     
 iteration         7740 MCMCOBJ=    353.63120471941238     
 iteration         7760 MCMCOBJ=    345.51128530443015     
 iteration         7780 MCMCOBJ=    337.49739320142834     
 iteration         7800 MCMCOBJ=    313.28976744646508     
 iteration         7820 MCMCOBJ=    335.36687676067208     
 iteration         7840 MCMCOBJ=    399.62274797661985     
 iteration         7860 MCMCOBJ=    338.54952322839654     
 iteration         7880 MCMCOBJ=    323.65149833885840     
 iteration         7900 MCMCOBJ=    347.39236765477654     
 iteration         7920 MCMCOBJ=    343.93483127883138     
 iteration         7940 MCMCOBJ=    316.40560247902584     
 iteration         7960 MCMCOBJ=    375.99155486597039     
 iteration         7980 MCMCOBJ=    336.20439491070471     
 iteration         8000 MCMCOBJ=    304.30302668165973     
 iteration         8020 MCMCOBJ=    319.87503031223849     
 iteration         8040 MCMCOBJ=    382.32902712311852     
 iteration         8060 MCMCOBJ=    356.25835673860854     
 iteration         8080 MCMCOBJ=    346.20668739076859     
 iteration         8100 MCMCOBJ=    368.77629803074780     
 iteration         8120 MCMCOBJ=    346.45555883958383     
 iteration         8140 MCMCOBJ=    372.92718073302240     
 iteration         8160 MCMCOBJ=    403.42871727711901     
 iteration         8180 MCMCOBJ=    356.82638516639207     
 iteration         8200 MCMCOBJ=    334.07069699861842     
 iteration         8220 MCMCOBJ=    359.97032630593827     
 iteration         8240 MCMCOBJ=    367.04975464901906     
 iteration         8260 MCMCOBJ=    382.41890685837831     
 iteration         8280 MCMCOBJ=    338.37640028166675     
 iteration         8300 MCMCOBJ=    352.18130450220303     
 iteration         8320 MCMCOBJ=    354.99649160190120     
 iteration         8340 MCMCOBJ=    371.51949197724127     
 iteration         8360 MCMCOBJ=    384.77209911930515     
 iteration         8380 MCMCOBJ=    335.74191155590074     
 iteration         8400 MCMCOBJ=    335.14870847612406     
 iteration         8420 MCMCOBJ=    362.60931289923082     
 iteration         8440 MCMCOBJ=    346.40820272044328     
 iteration         8460 MCMCOBJ=    381.81878456087156     
 iteration         8480 MCMCOBJ=    347.92203973815947     
 iteration         8500 MCMCOBJ=    364.74025113730363     
 iteration         8520 MCMCOBJ=    368.27483081318519     
 iteration         8540 MCMCOBJ=    345.62251586312550     
 iteration         8560 MCMCOBJ=    332.63485268984596     
 iteration         8580 MCMCOBJ=    335.88523862939121     
 iteration         8600 MCMCOBJ=    417.12464361843672     
 iteration         8620 MCMCOBJ=    352.52663043463588     
 iteration         8640 MCMCOBJ=    366.20756636838155     
 iteration         8660 MCMCOBJ=    350.18608391012810     
 iteration         8680 MCMCOBJ=    353.48845718087568     
 iteration         8700 MCMCOBJ=    313.69776871877951     
 iteration         8720 MCMCOBJ=    352.56071025151465     
 iteration         8740 MCMCOBJ=    372.89419224648447     
 iteration         8760 MCMCOBJ=    359.27908195666606     
 iteration         8780 MCMCOBJ=    328.66898541847496     
 iteration         8800 MCMCOBJ=    343.89493129057257     
 iteration         8820 MCMCOBJ=    329.78457545346316     
 iteration         8840 MCMCOBJ=    355.17771876770001     
 iteration         8860 MCMCOBJ=    349.41690908737121     
 iteration         8880 MCMCOBJ=    345.38025921038280     
 iteration         8900 MCMCOBJ=    353.11471070748530     
 iteration         8920 MCMCOBJ=    351.02618992680704     
 iteration         8940 MCMCOBJ=    326.77381555348285     
 iteration         8960 MCMCOBJ=    350.96727696007252     
 iteration         8980 MCMCOBJ=    369.54439167740338     
 iteration         9000 MCMCOBJ=    363.34902885871901     
 iteration         9020 MCMCOBJ=    345.41879123423962     
 iteration         9040 MCMCOBJ=    359.10168782864616     
 iteration         9060 MCMCOBJ=    370.83822437360482     
 iteration         9080 MCMCOBJ=    350.29371840368049     
 iteration         9100 MCMCOBJ=    319.82270409430350     
 iteration         9120 MCMCOBJ=    342.66158661865086     
 iteration         9140 MCMCOBJ=    379.60629401318158     
 iteration         9160 MCMCOBJ=    326.38253684798411     
 iteration         9180 MCMCOBJ=    317.82761156555210     
 iteration         9200 MCMCOBJ=    336.68970000122096     
 iteration         9220 MCMCOBJ=    350.09434033857264     
 iteration         9240 MCMCOBJ=    356.61992423811171     
 iteration         9260 MCMCOBJ=    374.36999039427860     
 iteration         9280 MCMCOBJ=    359.16184743370565     
 iteration         9300 MCMCOBJ=    374.27847766604634     
 iteration         9320 MCMCOBJ=    385.70501347548992     
 iteration         9340 MCMCOBJ=    321.89650574516696     
 iteration         9360 MCMCOBJ=    368.13877061991769     
 iteration         9380 MCMCOBJ=    326.87385929618404     
 iteration         9400 MCMCOBJ=    345.59826908276165     
 iteration         9420 MCMCOBJ=    340.24077456743390     
 iteration         9440 MCMCOBJ=    356.22469144452037     
 iteration         9460 MCMCOBJ=    358.66456983432982     
 iteration         9480 MCMCOBJ=    355.45588715711801     
 iteration         9500 MCMCOBJ=    334.11060759925391     
 iteration         9520 MCMCOBJ=    353.07007858324653     
 iteration         9540 MCMCOBJ=    347.41666970984005     
 iteration         9560 MCMCOBJ=    357.58623579066852     
 iteration         9580 MCMCOBJ=    354.63230616577738     
 iteration         9600 MCMCOBJ=    377.39452446306854     
 iteration         9620 MCMCOBJ=    349.24326515484074     
 iteration         9640 MCMCOBJ=    338.02315686139775     
 iteration         9660 MCMCOBJ=    348.28834938708354     
 iteration         9680 MCMCOBJ=    377.83063124121696     
 iteration         9700 MCMCOBJ=    339.96234151385630     
 iteration         9720 MCMCOBJ=    394.13595124364861     
 iteration         9740 MCMCOBJ=    395.87911791041410     
 iteration         9760 MCMCOBJ=    364.02966260301423     
 iteration         9780 MCMCOBJ=    365.18540537967635     
 iteration         9800 MCMCOBJ=    353.47517240852090     
 iteration         9820 MCMCOBJ=    402.98460980119961     
 iteration         9840 MCMCOBJ=    352.35931474496800     
 iteration         9860 MCMCOBJ=    351.48121926306067     
 iteration         9880 MCMCOBJ=    345.18525074582112     
 iteration         9900 MCMCOBJ=    364.10493641414195     
 iteration         9920 MCMCOBJ=    341.70926921552490     
 iteration         9940 MCMCOBJ=    358.44364235171457     
 iteration         9960 MCMCOBJ=    336.29738496565216     
 iteration         9980 MCMCOBJ=    310.61678253468074     
 iteration        10000 MCMCOBJ=    345.84208004382987     
 BURN-IN WAS COMPLETED

 #TERM:
 STATISTICAL PORTION WAS COMPLETED
  
 TOTAL DATA POINTS NORMALLY DISTRIBUTED (N):          168
 N*LOG(2PI) CONSTANT TO OBJECTIVE FUNCTION:    308.76334715677001     
 OBJECTIVE FUNCTION VALUE WITHOUT CONSTANT:    352.73332448977322     
 OBJECTIVE FUNCTION VALUE WITH CONSTANT:       661.49667164654329     
 REPORTED OBJECTIVE FUNCTION DOES NOT CONTAIN CONSTANT
  
 TOTAL EFFECTIVE ETAS (NIND*NETA):                           112
 NIND*NETA*LOG(2PI) CONSTANT TO OBJECTIVE FUNCTION:    205.84223143784669     
 OBJECTIVE FUNCTION VALUE WITHOUT CONSTANT:    352.73332448977322     
 OBJECTIVE FUNCTION VALUE WITH CONSTANT:       558.57555592761992     
 REPORTED OBJECTIVE FUNCTION DOES NOT CONTAIN CONSTANT
  
 PRIOR CONSTANT TO OBJECTIVE FUNCTION:    30.823646298206345     
 OBJECTIVE FUNCTION VALUE WITHOUT CONSTANT:    352.73332448977322     
 OBJECTIVE FUNCTION VALUE WITH CONSTANT:       383.55697078797959     
 REPORTED OBJECTIVE FUNCTION DOES NOT CONTAIN CONSTANT
  
 #TERE:
 Elapsed estimation  time in seconds:    70.27
 Elapsed covariance  time in seconds:     0.00
1
 
 
 
 
 
 
 
 
 
 
 
 
 
 
 
 
 
 
 
 
 ************************************************************************************************************************
 ********************                                                                                ********************
 ********************                              MCMC BAYESIAN ANALYSIS                            ********************
 #OBJT:**************                       AVERAGE VALUE OF LIKELIHOOD FUNCTION                     ********************
 ********************                                                                                ********************
 ************************************************************************************************************************
 





 #OBJV:********************************************      352.733       **************************************************
 #OBJS:********************************************       20.483 (STD) **************************************************
1
 ************************************************************************************************************************
 ********************                                                                                ********************
 ********************                              MCMC BAYESIAN ANALYSIS                            ********************
 ********************                             FINAL PARAMETER ESTIMATE                           ********************
 ********************                                                                                ********************
 ************************************************************************************************************************
 


 THETA - VECTOR OF FIXED EFFECTS PARAMETERS   *********


         THETA(CL) THETA(V) 
 
         3.24E+00  3.34E+01
 


 OMEGA - COV MATRIX FOR RANDOM EFFECTS - ETAS  ********


         ETA(CL)   ETA(V)   
 
 ETA(CL)
+        9.11E-02
 
 ETA(V)
+        7.23E-03  5.59E-02
 


 SIGMA - COV MATRIX FOR RANDOM EFFECTS - EPSILONS  ****


         EPS1     
 
 EPS1
+        3.14E-02
 
1


 OMEGA - CORR MATRIX FOR RANDOM EFFECTS - ETAS  *******


         ETA(CL)   ETA(V)   
 
 ETA(CL)
+        2.99E-01
 
 ETA(V)
+        1.06E-01  2.34E-01
 


 SIGMA - CORR MATRIX FOR RANDOM EFFECTS - EPSILONS  ***


         EPS1     
 
 EPS1
+        1.76E-01
 
1
 ************************************************************************************************************************
 ********************                                                                                ********************
 ********************                              MCMC BAYESIAN ANALYSIS                            ********************
 ********************                STANDARD ERROR OF ESTIMATE (From Sample Variance)               ********************
 ********************                                                                                ********************
 ************************************************************************************************************************
 


 THETA - VECTOR OF FIXED EFFECTS PARAMETERS   *********


         THETA(CL) THETA(V) 
 
         1.55E-01  1.40E+00
 


 OMEGA - COV MATRIX FOR RANDOM EFFECTS - ETAS  ********


         ETA(CL)   ETA(V)   
 
 ETA(CL)
+        2.36E-02
 
 ETA(V)
+        1.35E-02  1.58E-02
 


 SIGMA - COV MATRIX FOR RANDOM EFFECTS - EPSILONS  ****


         EPS1     
 
 EPS1
+        5.40E-03
 
1


 OMEGA - CORR MATRIX FOR RANDOM EFFECTS - ETAS  *******


         ETA(CL)   ETA(V)   
 
 ETA(CL)
+        3.81E-02
 
 ETA(V)
+        1.83E-01  3.26E-02
 


 SIGMA - CORR MATRIX FOR RANDOM EFFECTS - EPSILONS  ***


         EPS1     
 
 EPS1
+        1.50E-02
 
1
 ************************************************************************************************************************
 ********************                                                                                ********************
 ********************                              MCMC BAYESIAN ANALYSIS                            ********************
 ********************               COVARIANCE MATRIX OF ESTIMATE (From Sample Variance)             ********************
 ********************                                                                                ********************
 ************************************************************************************************************************
 

            TH 1      TH 2      OM11      OM12      OM22      SG11  
 
 TH 1
+        2.39E-02
 
 TH 2
+       -7.35E-03  1.97E+00
 
 OM11
+       -5.76E-04  3.80E-03  5.58E-04
 
 OM12
+        3.49E-04 -4.08E-04 -6.12E-06  1.83E-04
 
 OM22
+       -2.20E-04  5.86E-04  5.10E-06  8.28E-06  2.49E-04
 
 SG11
+        2.03E-05  4.72E-04 -1.80E-05  1.18E-06 -1.15E-05  2.92E-05
 
1
 ************************************************************************************************************************
 ********************                                                                                ********************
 ********************                              MCMC BAYESIAN ANALYSIS                            ********************
 ********************              CORRELATION MATRIX OF ESTIMATE (From Sample Variance)             ********************
 ********************                                                                                ********************
 ************************************************************************************************************************
 

            TH 1      TH 2      OM11      OM12      OM22      SG11  
 
 TH 1
+        1.55E-01
 
 TH 2
+       -3.39E-02  1.40E+00
 
 OM11
+       -1.58E-01  1.15E-01  2.36E-02
 
 OM12
+        1.67E-01 -2.15E-02 -1.92E-02  1.35E-02
 
 OM22
+       -9.02E-02  2.65E-02  1.37E-02  3.89E-02  1.58E-02
 
 SG11
+        2.43E-02  6.23E-02 -1.41E-01  1.62E-02 -1.35E-01  5.40E-03
 
1
 ************************************************************************************************************************
 ********************                                                                                ********************
 ********************                              MCMC BAYESIAN ANALYSIS                            ********************
 ********************           INVERSE COVARIANCE MATRIX OF ESTIMATE (From Sample Variance)         ********************
 ********************                                                                                ********************
 ************************************************************************************************************************
 

            TH 1      TH 2      OM11      OM12      OM22      SG11  
 
 TH 1
+        4.45E+01
 
 TH 2
+        4.56E-02  5.20E-01
 
 OM11
+        4.48E+01 -3.84E+00  1.90E+03
 
 OM12
+       -8.54E+01  1.10E+00 -4.16E+01  5.66E+03
 
 OM22
+        4.19E+01 -1.68E+00  6.84E+01 -2.81E+02  4.15E+03
 
 SG11
+        1.60E+01 -1.15E+01  1.24E+03 -3.25E+02  1.69E+03  3.59E+04
 
 Elapsed postprocess time in seconds:     0.00
 #CPUT: Total CPU Time in Seconds,       54.891
Stop Time: 
Tue 01/03/2017 
10:31 PM
