Tue 01/03/2017 
10:24 PM
$PROB one cmpt simple mu modeled bayes multidose nids: 9 scenario: r1d
;; based_on: run100
$SUB ADVAN1 TRANS2
$INPUT ID TIME DV OBSNUM CMT EVID AMT RATE ADDL II 
$DATA ..\..\mdata\simple_nocovar_56id_6tp_md.csv
IGNORE=@ 
IGNORE=(OBSNUM.EQN.4)
IGNORE=(OBSNUM.EQN.5)
IGNORE=(OBSNUM.EQN.6)
IGNORE=(ID.GT.9)
$ABBR REPLACE THETA(CL, V) = THETA(1 to 2)
$ABBR REPLACE ETA(CL, V) = ETA(1 to 2)

$THETAI
THETA(1:NTHETA)=LOG(THETAI(1:NTHETA))
THETAP(1:NTHETAP)=LOG(THETAPI(1:NTHETAP))
$THETAR
THETAR(1:NTHETA)=EXP(THETA(1:NTHETA))
THETAPR(1:NTHETAP)=EXP(THETAP(1:NTHETAP))

$PRIOR NWPRI 

$PK
"USE NMBAYES_INT, ONLY: ITER_REPORT,BAYES_EXTRA_REQUEST,BAYES_EXTRA
; Request extra information for Bayesian analysis.
; An extra call will then be made for accepted samples
"BAYES_EXTRA_REQUEST=1

MU_1 = THETA(CL)
MU_2 = THETA(V)
CL = EXP(MU_1 + ETA(CL))
V = EXP(MU_2 + ETA(V))
S1 = V

"IF(BAYES_EXTRA==1 .AND. ITER_REPORT>=0 .AND. TIME==0.0) THEN
"WRITE(50,98) ITER_REPORT,ID,CL,V
"98 FORMAT(I12,1X,F14.0,4(1X,1PG12.5))
"ENDIF

$ERROR
IPRED=F
Y = IPRED*(1 + ERR(1))  

$THETA
(0.001, 2.5) ; TVCL
(0.001, 46) ; TVV

$OMEGA BLOCK(2)
0.1    ; nCL
0.1  0.1  ; nV

$SIGMA
0.03 ; PROP

; THETA PRIORS
$THETAP (2.5 FIX) (46 FIX) 

; THETA (uniformative) PRIORs
$THETAPV BLOCK(2)
10000 FIX
0.0 10000 

$OMEGAP BLOCK(2)
0.2 FIX
0 0.2

; degrees of freedom to prior omega matrix - low dof = highly uninformative
$OMEGAPD (2 FIX)

$EST METHOD=CHAIN FILE=..\run100.chn NSAMPLE=0 ISAMPLE=2 DF=20
$EST METHOD=BAYES INTER NBURN=4000 NITER=10000 PRINT=20 NOPRIOR=0 CTYPE=3 CITER=10 SEED=56664
  
NM-TRAN MESSAGES 
  
 WARNINGS AND ERRORS (IF ANY) FOR PROBLEM    1
             
 (WARNING  2) NM-TRAN INFERS THAT THE DATA ARE POPULATION.

 (MU_WARNING 20) MU_001: MU_ VARIABLE SHOULD NOT BE DEFINED AFTER VERBATIM CODE.
  
License Registered to: Devin Pastoor
Expiration Date:    14 NOV 2017
Current Date:        3 JAN 2017
Days until program expires : 311
1NONLINEAR MIXED EFFECTS MODEL PROGRAM (NONMEM) VERSION 7.4.0 alpha14 (nm74a14)
 ORIGINALLY DEVELOPED BY STUART BEAL, LEWIS SHEINER, AND ALISON BOECKMANN
 CURRENT DEVELOPERS ARE ROBERT BAUER, ICON DEVELOPMENT SOLUTIONS,
 AND ALISON BOECKMANN. IMPLEMENTATION, EFFICIENCY, AND STANDARDIZATION
 PERFORMED BY NOUS INFOSYSTEMS.

 PROBLEM NO.:         1
 one cmpt simple mu modeled bayes multidose nids: 9 scenario: r1d
0DATA CHECKOUT RUN:              NO
 DATA SET LOCATED ON UNIT NO.:    2
 THIS UNIT TO BE REWOUND:        NO
 NO. OF DATA RECS IN DATA SET:       36
 NO. OF DATA ITEMS IN DATA SET:  11
 ID DATA ITEM IS DATA ITEM NO.:   1
 DEP VARIABLE IS DATA ITEM NO.:   3
 MDV DATA ITEM IS DATA ITEM NO.: 11
0INDICES PASSED TO SUBROUTINE PRED:
   6   2   7   8   0  10   5   0   0   0   9
0LABELS FOR DATA ITEMS:
 ID TIME DV OBSNUM CMT EVID AMT RATE ADDL II MDV
0LABELS FOR THETAS
 THETA(1)=THETA(CL)
 THETA(2)=THETA(V)
0LABELS FOR ETAS
 ETA(1)=ETA(CL)
0LABELS FOR ETAS
 ETA(2)=ETA(V)
0FORMAT FOR DATA:
 (E2.0,E3.0,E17.0,3E2.0,2E5.0,E2.0,E3.0,1F2.0)

 TOT. NO. OF OBS RECS:       27
 TOT. NO. OF INDIVIDUALS:      9
0LENGTH OF THETA:   5
0DEFAULT THETA BOUNDARY TEST OMITTED:    NO
0OMEGA HAS BLOCK FORM:
  1
  1  1
  0  0  2
  0  0  2  2
  0  0  0  0  3
  0  0  0  0  3  3
0DEFAULT OMEGA BOUNDARY TEST OMITTED:    NO
0SIGMA HAS SIMPLE DIAGONAL FORM WITH DIMENSION:   1
0DEFAULT SIGMA BOUNDARY TEST OMITTED:    NO
0INITIAL ESTIMATE OF THETA:
 LOWER BOUND    INITIAL EST    UPPER BOUND
  0.1000E-02     0.2500E+01     0.1000E+07
  0.1000E-02     0.4600E+02     0.1000E+07
  0.2500E+01     0.2500E+01     0.2500E+01
  0.4600E+02     0.4600E+02     0.4600E+02
  0.2000E+01     0.2000E+01     0.2000E+01
0INITIAL ESTIMATE OF OMEGA:
 BLOCK SET NO.   BLOCK                                                                    FIXED
        1                                                                                   NO
 DIAGONAL SHIFT OF  1.1000E-07 WAS IMPOSED TO ENSURE POSITIVE DEFINITENESS
                  0.1000E+00
                  0.1000E+00   0.1000E+00
        2                                                                                  YES
                  0.1000E+05
                  0.0000E+00   0.1000E+05
        3                                                                                  YES
                  0.2000E+00
                  0.0000E+00   0.2000E+00
0INITIAL ESTIMATE OF SIGMA:
 0.3000E-01
0
 THETAI SUBROUTINE USER-SUPPLIED
 THETAR SUBROUTINE USER-SUPPLIED
 PRIOR SUBROUTINE USER-SUPPLIED
1DOUBLE PRECISION PREDPP VERSION 7.4.0 alpha14 (nm74a14)

 ONE COMPARTMENT MODEL (ADVAN1)
0MAXIMUM NO. OF BASIC PK PARAMETERS:   2
0BASIC PK PARAMETERS (AFTER TRANSLATION):
   ELIMINATION RATE (K) IS BASIC PK PARAMETER NO.:  1

 TRANSLATOR WILL CONVERT PARAMETERS
 CLEARANCE (CL) AND VOLUME (V) TO K (TRANS2)
0COMPARTMENT ATTRIBUTES
 COMPT. NO.   FUNCTION   INITIAL    ON/OFF      DOSE      DEFAULT    DEFAULT
                         STATUS     ALLOWED    ALLOWED    FOR DOSE   FOR OBS.
    1         CENTRAL      ON         NO         YES        YES        YES
    2         OUTPUT       OFF        YES        NO         NO         NO
1
 ADDITIONAL PK PARAMETERS - ASSIGNMENT OF ROWS IN GG
 COMPT. NO.                             INDICES
              SCALE      BIOAVAIL.   ZERO-ORDER  ZERO-ORDER  ABSORB
                         FRACTION    RATE        DURATION    LAG
    1            3           *           *           *           *
    2            *           -           -           -           -
             - PARAMETER IS NOT ALLOWED FOR THIS MODEL
             * PARAMETER IS NOT SUPPLIED BY PK SUBROUTINE;
               WILL DEFAULT TO ONE IF APPLICABLE
0DATA ITEM INDICES USED BY PRED ARE:
   EVENT ID DATA ITEM IS DATA ITEM NO.:      6
   TIME DATA ITEM IS DATA ITEM NO.:          2
   DOSE AMOUNT DATA ITEM IS DATA ITEM NO.:   7
   DOSE RATE DATA ITEM IS DATA ITEM NO.:     8
   INTERVAL DATA ITEM IS DATA ITEM NO.:     10
   ADDL. DOSES DATA ITEM IS DATA ITEM NO.:   9
   COMPT. NO. DATA ITEM IS DATA ITEM NO.:    5

0PK SUBROUTINE CALLED WITH EVERY EVENT RECORD.
 PK SUBROUTINE NOT CALLED AT NONEVENT (ADDITIONAL OR LAGGED) DOSE TIMES.
0ERROR SUBROUTINE CALLED WITH EVERY EVENT RECORD.
1


 #TBLN:      1
 #METH: Chain Method Processing

 RANDOM GENERATION TYPE (CTYPE):     0
 RANDOM GENERATION SEED (SEED):      11456
 RANDOM SAMPLE SELECTION (ISAMPLE):  2
 RANDOM SAMPLE RANGE END (ISAMPEND): -2147483647
 NUMBER OF RANDOM SAMPLES (NSAMPLE): 0
 UNIFORM FRACTIONAL RANGE (IACCEPT): 0.400000000000000
 RANDOM SELECTION TYPE (SELECT):     0
 DEG. FR. TO GENERATE OMEGAS (DF):   20
 DEG. FR. TO GENERATE SIGMAS (DFS):  -1
 CHAIN FILE (FILE):                  ..\run100.chn
 EXCL. TITLE IN CHAIN FILE (NOTITLE):NO
 EX. COL. LBS. IN CHAIN FL.(NOLABEL):NO
 FORMAT FOR CHAIN FILE (FORMAT):     S1PE12.5
 PAR. ORDER in CHAIN FILE (ORDER):   TSOL
 RANDOM SAMPLING METHOD (RANMETHOD):3U

 THE FOLLOWING LABELS ARE EQUIVALENT
 PRED=NPRED
 RES=NRES
 WRES=NWRES
 IWRS=NIWRES
 IPRD=NIPRED
 IRS=NIRES



 FROM SAMPLE 2 OF CHAIN FILE ..\run100.chn
 NEW INITIAL ESTIMATES OF THETA
  0.3533E+01
  0.1015E-01
 NEW INITIAL ESTIMATES OF OMEGA
  0.1302E+00
  0.1302E+00  0.1302E+00
 NEW INITIAL ESTIMATES OF SIGMA
  0.4169E-01
1


 #TBLN:      1
 #METH: MCMC Bayesian Analysis

 ESTIMATION STEP OMITTED:                 NO
 ANALYSIS TYPE:                           POPULATION
 NUMBER OF SADDLE POINT RESET ITERATIONS:      0
 GRADIENT METHOD USED:               NOSLOW
 CONDITIONAL ESTIMATES USED:              YES
 CENTERED ETA:                            NO
 EPS-ETA INTERACTION:                     YES
 LAPLACIAN OBJ. FUNC.:                    NO
 NO. OF FUNCT. EVALS. ALLOWED:            840
 NO. OF SIG. FIGURES REQUIRED:            3
 INTERMEDIATE PRINTOUT:                   YES
 ESTIMATE OUTPUT TO MSF:                  NO
 IND. OBJ. FUNC. VALUES SORTED:           NO
 NUMERICAL DERIVATIVE
       FILE REQUEST (NUMDER):               NONE
 MAP (ETAHAT) ESTIMATION METHOD (OPTMAP):   0
 ETA HESSIAN EVALUATION METHOD (ETADER):    0
 INITIAL ETA FOR MAP ESTIMATION (MCETA):    0
 SIGDIGITS FOR MAP ESTIMATION (SIGLO):      100
 GRADIENT SIGDIGITS OF
       FIXED EFFECTS PARAMETERS (SIGL):     100
 NOPRIOR SETTING (NOPRIOR):                 OFF
 NOCOV SETTING (NOCOV):                     OFF
 DERCONT SETTING (DERCONT):                 OFF
 FINAL ETA RE-EVALUATION (FNLETA):          ON
 EXCLUDE NON-INFLUENTIAL (NON-INFL.) ETAS
       IN SHRINKAGE (ETASTYPE):             NO
 NON-INFL. ETA CORRECTION (NONINFETA):      OFF
 RAW OUTPUT FILE (FILE): run103_nids_9_r1d_c2.ext
 EXCLUDE TITLE (NOTITLE):                   NO
 EXCLUDE COLUMN LABELS (NOLABEL):           NO
 FORMAT FOR ADDITIONAL FILES (FORMAT):      S1PE12.5
 PARAMETER ORDER FOR OUTPUTS (ORDER):       TSOL
 WISHART PRIOR DF INTERPRETATION (WISHTYPE):0
 KNUTHSUMOFF:                               0
 INCLUDE LNTWOPI:                           NO
 INCLUDE CONSTANT TERM TO PRIOR (PRIORC):   NO
 INCLUDE CONSTANT TERM TO OMEGA (ETA) (OLNTWOPI):NO
 EM OR BAYESIAN METHOD USED:                MCMC BAYESIAN (BAYES)
 MU MODELING PATTERN (MUM):
 GRADIENT/GIBBS PATTERN (GRD):
 AUTOMATIC SETTING FEATURE (AUTO):          OFF
 CONVERGENCE TYPE (CTYPE):                  3
 KEEP ITERATIONS (THIN):            1
 CONVERGENCE INTERVAL (CINTERVAL):          20
 CONVERGENCE ITERATIONS (CITER):            10
 CONVERGENCE ALPHA ERROR (CALPHA):          5.000000000000000E-02
 BURN-IN ITERATIONS (NBURN):                4000
 ITERATIONS (NITER):                        10000
 ANEAL SETTING (CONSTRAIN):                 1
 STARTING SEED FOR MC METHODS (SEED):       56664
 MC SAMPLES PER SUBJECT (ISAMPLE):          1
 RANDOM SAMPLING METHOD (RANMETHOD):        3U
 PROPOSAL DENSITY SCALING RANGE
              (ISCALE_MIN, ISCALE_MAX):     1.000000000000000E-06   ,1000000.00000000
 SAMPLE ACCEPTANCE RATE (IACCEPT):          0.400000000000000
 METROPOLIS HASTINGS SAMPLING FOR INDIVIDUAL ETAS:
 SAMPLES FOR GLOBAL SEARCH KERNEL (ISAMPLE_M1):          2
 SAMPLES FOR NEIGHBOR SEARCH KERNEL (ISAMPLE_M1A):       0
 SAMPLES FOR MASS/IMP/POST. MATRIX SEARCH (ISAMPLE_M1B): 2
 SAMPLES FOR LOCAL SEARCH KERNEL (ISAMPLE_M2):           2
 SAMPLES FOR LOCAL UNIVARIATE KERNEL (ISAMPLE_M3):       2
 PWR. WT. MASS/IMP/POST MATRIX ACCUM. FOR ETAS (IKAPPA): 1.00000000000000
 MASS/IMP./POST. MATRIX REFRESH SETTING (MASSREST):      -1
 METROPOLIS HASTINGS POPULATION SAMPLING FOR NON-GIBBS
 SAMPLED THETAS AND SIGMAS:
 PROPOSAL DENSITY SCALING RANGE
              (PSCALE_MIN, PSCALE_MAX):   1.000000000000000E-02   ,1000.00000000000
 SAMPLE ACCEPTANCE RATE (PACCEPT):                       0.500000000000000
 SAMPLES FOR GLOBAL SEARCH KERNEL (PSAMPLE_M1):          1
 SAMPLES FOR LOCAL SEARCH KERNEL (PSAMPLE_M2):           -1
 SAMPLES FOR LOCAL UNIVARIATE KERNEL (PSAMPLE_M3):       1
 METROPOLIS HASTINGS POPULATION SAMPLING FOR NON-GIBBS
 SAMPLED OMEGAS:
 SAMPLE ACCEPTANCE RATE (OACCEPT):                       0.500000000000000
 SAMPLES FOR GLOBAL SEARCH KERNEL (OSAMPLE_M1):          -1
 SAMPLES FOR LOCAL SEARCH KERNEL (OSAMPLE_M2):           -1
 SAMPLES FOR LOCAL UNIVARIATE SEARCH KERNEL (OSAMPLE_M3):0
 DEG. FR. FOR T DIST.  PRIOR FOR THETAS (TTDF):        0.00000000000000
 DEG. FR. FOR LKJ CORRELATION PRIOR FOR OMEGAS (OLKJDF): 0.00000000000000
 WEIGHT FACTOR FOR STD PRIOR FOR OMEGAS (OVARF): 1.00000000000000
 DEG. FR. FOR LKJ CORRELATION PRIOR FOR SIGMAS (SLKJDF): 0.00000000000000
 WEIGHT FACTOR FOR STD PRIOR FOR SIGMAS (SVARF): 1.00000000000000


 THE FOLLOWING LABELS ARE EQUIVALENT
 PRED=PREDI
 RES=RESI
 WRES=WRESI
 IWRS=IWRESI
 IPRD=IPREDI
 IRS=IRESI

 EM/BAYES SETUP:
 THETAS THAT ARE MU MODELED:
   1   2
 THETAS THAT ARE GIBBS SAMPLED:
   1   2
 THETAS THAT ARE METROPOLIS-HASTINGS SAMPLED:
 
 SIGMAS THAT ARE GIBBS SAMPLED:
   1
 SIGMAS THAT ARE METROPOLIS-HASTINGS SAMPLED:
 
 OMEGAS ARE GIBBS SAMPLED

 MONITORING OF SEARCH:

 Burn-in Mode
 iteration        -4000 MCMCOBJ=    325792074.83828163     
 iteration        -3980 MCMCOBJ=    210.09080715901180     
 iteration        -3960 MCMCOBJ=    63.142073227637958     
 iteration        -3940 MCMCOBJ=    74.867452894907174     
 iteration        -3920 MCMCOBJ=    68.433404543752758     
 iteration        -3900 MCMCOBJ=    80.212739284865108     
 iteration        -3880 MCMCOBJ=    76.485343792137314     
 iteration        -3860 MCMCOBJ=    76.966120471214481     
 iteration        -3840 MCMCOBJ=    53.460872415488048     
 iteration        -3820 MCMCOBJ=    64.868084518017042     
 iteration        -3800 MCMCOBJ=    57.047085647867512     
 Convergence achieved
 Sampling Mode
 iteration            0 MCMCOBJ=    48.749366762978568     
 iteration           20 MCMCOBJ=    92.467469754062492     
 iteration           40 MCMCOBJ=    60.496143785819896     
 iteration           60 MCMCOBJ=    54.781146163691730     
 iteration           80 MCMCOBJ=    73.115940177765893     
 iteration          100 MCMCOBJ=    60.052056098880776     
 iteration          120 MCMCOBJ=    59.356811009919966     
 iteration          140 MCMCOBJ=    55.438783723589658     
 iteration          160 MCMCOBJ=    83.606283033225324     
 iteration          180 MCMCOBJ=    64.120218273805662     
 iteration          200 MCMCOBJ=    56.936912187279972     
 iteration          220 MCMCOBJ=    79.083937169517341     
 iteration          240 MCMCOBJ=    66.433205754980960     
 iteration          260 MCMCOBJ=    77.502881059890356     
 iteration          280 MCMCOBJ=    85.441206567952591     
 iteration          300 MCMCOBJ=    73.015001501599187     
 iteration          320 MCMCOBJ=    70.536688537336289     
 iteration          340 MCMCOBJ=    59.990514120977004     
 iteration          360 MCMCOBJ=    57.780350374814617     
 iteration          380 MCMCOBJ=    68.962047438823831     
 iteration          400 MCMCOBJ=    60.636064286194973     
 iteration          420 MCMCOBJ=    59.857135187876416     
 iteration          440 MCMCOBJ=    71.691528729774404     
 iteration          460 MCMCOBJ=    58.094376418256232     
 iteration          480 MCMCOBJ=    62.093265392040301     
 iteration          500 MCMCOBJ=    71.872751182410227     
 iteration          520 MCMCOBJ=    70.052717316027724     
 iteration          540 MCMCOBJ=    67.515532540823187     
 iteration          560 MCMCOBJ=    68.625797203917443     
 iteration          580 MCMCOBJ=    113.59690992275317     
 iteration          600 MCMCOBJ=    84.099909254998721     
 iteration          620 MCMCOBJ=    72.264234802469815     
 iteration          640 MCMCOBJ=    70.349921253948608     
 iteration          660 MCMCOBJ=    76.385052213332813     
 iteration          680 MCMCOBJ=    68.896446107986193     
 iteration          700 MCMCOBJ=    74.605953214833505     
 iteration          720 MCMCOBJ=    63.041602946300756     
 iteration          740 MCMCOBJ=    84.561056509876622     
 iteration          760 MCMCOBJ=    64.845504164460820     
 iteration          780 MCMCOBJ=    68.992093499932139     
 iteration          800 MCMCOBJ=    70.319842279443961     
 iteration          820 MCMCOBJ=    58.216768484911377     
 iteration          840 MCMCOBJ=    83.636656661850452     
 iteration          860 MCMCOBJ=    83.636334370984301     
 iteration          880 MCMCOBJ=    58.828391278714250     
 iteration          900 MCMCOBJ=    50.874436906386912     
 iteration          920 MCMCOBJ=    69.648309504780343     
 iteration          940 MCMCOBJ=    68.303766348191274     
 iteration          960 MCMCOBJ=    76.274147184798380     
 iteration          980 MCMCOBJ=    72.342841705819197     
 iteration         1000 MCMCOBJ=    75.982561485247331     
 iteration         1020 MCMCOBJ=    78.052280542154890     
 iteration         1040 MCMCOBJ=    65.481923284741143     
 iteration         1060 MCMCOBJ=    67.193985467014627     
 iteration         1080 MCMCOBJ=    54.933817541820346     
 iteration         1100 MCMCOBJ=    67.658081848602933     
 iteration         1120 MCMCOBJ=    81.557811682328023     
 iteration         1140 MCMCOBJ=    62.997724222213321     
 iteration         1160 MCMCOBJ=    57.134323584236071     
 iteration         1180 MCMCOBJ=    71.226267114189298     
 iteration         1200 MCMCOBJ=    60.962969251911609     
 iteration         1220 MCMCOBJ=    86.449199909851629     
 iteration         1240 MCMCOBJ=    68.982803603006772     
 iteration         1260 MCMCOBJ=    71.451447929254783     
 iteration         1280 MCMCOBJ=    62.478143744044992     
 iteration         1300 MCMCOBJ=    80.754500751973183     
 iteration         1320 MCMCOBJ=    63.889442891903848     
 iteration         1340 MCMCOBJ=    71.596371936112476     
 iteration         1360 MCMCOBJ=    56.631543015516712     
 iteration         1380 MCMCOBJ=    66.863727262928080     
 iteration         1400 MCMCOBJ=    65.224083891250487     
 iteration         1420 MCMCOBJ=    62.519207306265777     
 iteration         1440 MCMCOBJ=    66.441656993117590     
 iteration         1460 MCMCOBJ=    65.003590902125282     
 iteration         1480 MCMCOBJ=    81.139745705409467     
 iteration         1500 MCMCOBJ=    58.894913162588310     
 iteration         1520 MCMCOBJ=    63.334726267315418     
 iteration         1540 MCMCOBJ=    63.134304235975428     
 iteration         1560 MCMCOBJ=    69.640460826225038     
 iteration         1580 MCMCOBJ=    56.597196523105652     
 iteration         1600 MCMCOBJ=    65.420528590386880     
 iteration         1620 MCMCOBJ=    56.881431626965920     
 iteration         1640 MCMCOBJ=    82.621754806559906     
 iteration         1660 MCMCOBJ=    66.371312263576840     
 iteration         1680 MCMCOBJ=    55.440619220897581     
 iteration         1700 MCMCOBJ=    73.261029956353823     
 iteration         1720 MCMCOBJ=    68.838463166733106     
 iteration         1740 MCMCOBJ=    60.114048013039515     
 iteration         1760 MCMCOBJ=    57.432560937148821     
 iteration         1780 MCMCOBJ=    75.742279764090512     
 iteration         1800 MCMCOBJ=    60.000879940558512     
 iteration         1820 MCMCOBJ=    67.557607631748454     
 iteration         1840 MCMCOBJ=    69.056875044044446     
 iteration         1860 MCMCOBJ=    68.722001341839473     
 iteration         1880 MCMCOBJ=    58.521861191598340     
 iteration         1900 MCMCOBJ=    74.124474097671197     
 iteration         1920 MCMCOBJ=    68.716497139542852     
 iteration         1940 MCMCOBJ=    61.586855948032671     
 iteration         1960 MCMCOBJ=    58.295350825815973     
 iteration         1980 MCMCOBJ=    64.368900928882326     
 iteration         2000 MCMCOBJ=    57.563658826901502     
 iteration         2020 MCMCOBJ=    59.995734585582284     
 iteration         2040 MCMCOBJ=    60.114547834748770     
 iteration         2060 MCMCOBJ=    66.213812293146830     
 iteration         2080 MCMCOBJ=    52.265012328063463     
 iteration         2100 MCMCOBJ=    76.597731260866766     
 iteration         2120 MCMCOBJ=    83.634455011023988     
 iteration         2140 MCMCOBJ=    72.924236678671875     
 iteration         2160 MCMCOBJ=    69.578742881523794     
 iteration         2180 MCMCOBJ=    85.179032646394859     
 iteration         2200 MCMCOBJ=    67.333478405633457     
 iteration         2220 MCMCOBJ=    64.609262640023999     
 iteration         2240 MCMCOBJ=    57.631120487553069     
 iteration         2260 MCMCOBJ=    66.280886171826538     
 iteration         2280 MCMCOBJ=    91.659062589457704     
 iteration         2300 MCMCOBJ=    64.822929098395733     
 iteration         2320 MCMCOBJ=    63.567396258061713     
 iteration         2340 MCMCOBJ=    60.420233597769794     
 iteration         2360 MCMCOBJ=    73.659543033306704     
 iteration         2380 MCMCOBJ=    57.643137926792257     
 iteration         2400 MCMCOBJ=    78.293130871609222     
 iteration         2420 MCMCOBJ=    59.372258036673529     
 iteration         2440 MCMCOBJ=    65.265746169524974     
 iteration         2460 MCMCOBJ=    59.871659016215396     
 iteration         2480 MCMCOBJ=    54.833592486574382     
 iteration         2500 MCMCOBJ=    60.190875041266395     
 iteration         2520 MCMCOBJ=    97.855628398489628     
 iteration         2540 MCMCOBJ=    70.515665389567204     
 iteration         2560 MCMCOBJ=    76.472099638834308     
 iteration         2580 MCMCOBJ=    104.72460043656760     
 iteration         2600 MCMCOBJ=    56.794314442101836     
 iteration         2620 MCMCOBJ=    47.569844210494267     
 iteration         2640 MCMCOBJ=    73.390271953017262     
 iteration         2660 MCMCOBJ=    68.329974994857821     
 iteration         2680 MCMCOBJ=    63.114219723769558     
 iteration         2700 MCMCOBJ=    56.489488666391296     
 iteration         2720 MCMCOBJ=    79.698989944661122     
 iteration         2740 MCMCOBJ=    64.687077996366867     
 iteration         2760 MCMCOBJ=    59.225860099390943     
 iteration         2780 MCMCOBJ=    79.181675925402828     
 iteration         2800 MCMCOBJ=    78.010557766699350     
 iteration         2820 MCMCOBJ=    60.326631396505682     
 iteration         2840 MCMCOBJ=    64.328512599923101     
 iteration         2860 MCMCOBJ=    76.633066951829079     
 iteration         2880 MCMCOBJ=    57.298596477930182     
 iteration         2900 MCMCOBJ=    63.700847906659021     
 iteration         2920 MCMCOBJ=    74.025918891132036     
 iteration         2940 MCMCOBJ=    56.383732312605119     
 iteration         2960 MCMCOBJ=    77.752686476155048     
 iteration         2980 MCMCOBJ=    76.664650784192176     
 iteration         3000 MCMCOBJ=    69.528968074137339     
 iteration         3020 MCMCOBJ=    78.983139050887303     
 iteration         3040 MCMCOBJ=    57.161660490742690     
 iteration         3060 MCMCOBJ=    63.287071155513253     
 iteration         3080 MCMCOBJ=    97.764464536685082     
 iteration         3100 MCMCOBJ=    58.441936746133116     
 iteration         3120 MCMCOBJ=    76.666578306059890     
 iteration         3140 MCMCOBJ=    99.415891837812381     
 iteration         3160 MCMCOBJ=    70.511931786780039     
 iteration         3180 MCMCOBJ=    65.300993008250074     
 iteration         3200 MCMCOBJ=    61.114442570476385     
 iteration         3220 MCMCOBJ=    56.139818949133378     
 iteration         3240 MCMCOBJ=    81.632775570610704     
 iteration         3260 MCMCOBJ=    89.277546360825895     
 iteration         3280 MCMCOBJ=    62.196534812654825     
 iteration         3300 MCMCOBJ=    53.898794017932971     
 iteration         3320 MCMCOBJ=    68.570944387185293     
 iteration         3340 MCMCOBJ=    61.520653429425955     
 iteration         3360 MCMCOBJ=    77.813724829273355     
 iteration         3380 MCMCOBJ=    75.514693429748817     
 iteration         3400 MCMCOBJ=    64.190000973106606     
 iteration         3420 MCMCOBJ=    60.126919416740051     
 iteration         3440 MCMCOBJ=    63.896433160885017     
 iteration         3460 MCMCOBJ=    61.466873900904289     
 iteration         3480 MCMCOBJ=    61.353287193530250     
 iteration         3500 MCMCOBJ=    63.809906845014105     
 iteration         3520 MCMCOBJ=    73.833692291962592     
 iteration         3540 MCMCOBJ=    69.974355321676001     
 iteration         3560 MCMCOBJ=    69.808989461292072     
 iteration         3580 MCMCOBJ=    82.931767794612952     
 iteration         3600 MCMCOBJ=    69.779678181516076     
 iteration         3620 MCMCOBJ=    69.136784348313213     
 iteration         3640 MCMCOBJ=    87.594567057969698     
 iteration         3660 MCMCOBJ=    74.508096894092660     
 iteration         3680 MCMCOBJ=    75.854408418667276     
 iteration         3700 MCMCOBJ=    60.874579949465137     
 iteration         3720 MCMCOBJ=    75.002045294401853     
 iteration         3740 MCMCOBJ=    62.922320252505671     
 iteration         3760 MCMCOBJ=    65.466980597223014     
 iteration         3780 MCMCOBJ=    75.816483981218781     
 iteration         3800 MCMCOBJ=    75.030047532354175     
 iteration         3820 MCMCOBJ=    56.611362086827263     
 iteration         3840 MCMCOBJ=    71.812624963371832     
 iteration         3860 MCMCOBJ=    73.580184901097041     
 iteration         3880 MCMCOBJ=    68.010411448664001     
 iteration         3900 MCMCOBJ=    64.193057087995783     
 iteration         3920 MCMCOBJ=    84.820004246447070     
 iteration         3940 MCMCOBJ=    66.353438297560160     
 iteration         3960 MCMCOBJ=    67.795990419186779     
 iteration         3980 MCMCOBJ=    72.638890591758667     
 iteration         4000 MCMCOBJ=    60.374820345170690     
 iteration         4020 MCMCOBJ=    70.459891502029663     
 iteration         4040 MCMCOBJ=    60.553224740883451     
 iteration         4060 MCMCOBJ=    51.767935375281716     
 iteration         4080 MCMCOBJ=    73.223950299591323     
 iteration         4100 MCMCOBJ=    71.458070310796757     
 iteration         4120 MCMCOBJ=    61.627411416006659     
 iteration         4140 MCMCOBJ=    61.748737067116949     
 iteration         4160 MCMCOBJ=    62.195785992610126     
 iteration         4180 MCMCOBJ=    63.154730134110814     
 iteration         4200 MCMCOBJ=    81.961366939266796     
 iteration         4220 MCMCOBJ=    81.964819752710568     
 iteration         4240 MCMCOBJ=    69.201680529029233     
 iteration         4260 MCMCOBJ=    80.909687335275137     
 iteration         4280 MCMCOBJ=    93.110005158545064     
 iteration         4300 MCMCOBJ=    56.484829839566544     
 iteration         4320 MCMCOBJ=    70.518265432130121     
 iteration         4340 MCMCOBJ=    60.296390299079960     
 iteration         4360 MCMCOBJ=    58.021308932511197     
 iteration         4380 MCMCOBJ=    87.777042716683738     
 iteration         4400 MCMCOBJ=    60.984224477157326     
 iteration         4420 MCMCOBJ=    53.520720659478755     
 iteration         4440 MCMCOBJ=    61.465388676324139     
 iteration         4460 MCMCOBJ=    73.774341696471538     
 iteration         4480 MCMCOBJ=    56.637142818094205     
 iteration         4500 MCMCOBJ=    69.287758649178286     
 iteration         4520 MCMCOBJ=    81.644789160049029     
 iteration         4540 MCMCOBJ=    100.39196288454322     
 iteration         4560 MCMCOBJ=    50.363279284968428     
 iteration         4580 MCMCOBJ=    66.599664871488841     
 iteration         4600 MCMCOBJ=    73.209770872374918     
 iteration         4620 MCMCOBJ=    72.345184011050293     
 iteration         4640 MCMCOBJ=    66.763067270773448     
 iteration         4660 MCMCOBJ=    68.472938644917249     
 iteration         4680 MCMCOBJ=    58.687677648748711     
 iteration         4700 MCMCOBJ=    68.345392311255083     
 iteration         4720 MCMCOBJ=    71.873003051395528     
 iteration         4740 MCMCOBJ=    61.504864134622736     
 iteration         4760 MCMCOBJ=    73.097277930702248     
 iteration         4780 MCMCOBJ=    71.057601547646144     
 iteration         4800 MCMCOBJ=    71.129661457127071     
 iteration         4820 MCMCOBJ=    64.446836470094397     
 iteration         4840 MCMCOBJ=    70.953470727063589     
 iteration         4860 MCMCOBJ=    64.601696589922241     
 iteration         4880 MCMCOBJ=    73.588917170213534     
 iteration         4900 MCMCOBJ=    60.701293884663308     
 iteration         4920 MCMCOBJ=    78.255899500832697     
 iteration         4940 MCMCOBJ=    75.052017115067784     
 iteration         4960 MCMCOBJ=    57.203377912450030     
 iteration         4980 MCMCOBJ=    66.783320543433433     
 iteration         5000 MCMCOBJ=    59.854915196704447     
 iteration         5020 MCMCOBJ=    54.898668700788484     
 iteration         5040 MCMCOBJ=    80.478781585534492     
 iteration         5060 MCMCOBJ=    58.829205109973167     
 iteration         5080 MCMCOBJ=    72.810380120624714     
 iteration         5100 MCMCOBJ=    59.688383512225755     
 iteration         5120 MCMCOBJ=    56.984799126877689     
 iteration         5140 MCMCOBJ=    59.145657906007408     
 iteration         5160 MCMCOBJ=    85.643191643414681     
 iteration         5180 MCMCOBJ=    69.635180312151704     
 iteration         5200 MCMCOBJ=    72.272529273205265     
 iteration         5220 MCMCOBJ=    69.668686291753687     
 iteration         5240 MCMCOBJ=    73.715044595262384     
 iteration         5260 MCMCOBJ=    62.838615006932798     
 iteration         5280 MCMCOBJ=    74.320218988754149     
 iteration         5300 MCMCOBJ=    68.196847638694578     
 iteration         5320 MCMCOBJ=    62.076051499797579     
 iteration         5340 MCMCOBJ=    78.443185987578076     
 iteration         5360 MCMCOBJ=    72.680776438394247     
 iteration         5380 MCMCOBJ=    61.789197373638864     
 iteration         5400 MCMCOBJ=    72.900159772666669     
 iteration         5420 MCMCOBJ=    73.763384536817284     
 iteration         5440 MCMCOBJ=    64.163354234047105     
 iteration         5460 MCMCOBJ=    54.236683538840410     
 iteration         5480 MCMCOBJ=    67.441516771454005     
 iteration         5500 MCMCOBJ=    62.768022286131028     
 iteration         5520 MCMCOBJ=    60.475312311208739     
 iteration         5540 MCMCOBJ=    77.810552782385955     
 iteration         5560 MCMCOBJ=    65.422593274816691     
 iteration         5580 MCMCOBJ=    50.999367834128094     
 iteration         5600 MCMCOBJ=    60.924686670204018     
 iteration         5620 MCMCOBJ=    72.472735713803075     
 iteration         5640 MCMCOBJ=    58.563207320890328     
 iteration         5660 MCMCOBJ=    89.444978940353664     
 iteration         5680 MCMCOBJ=    56.989140603772427     
 iteration         5700 MCMCOBJ=    75.380533219205077     
 iteration         5720 MCMCOBJ=    70.945008417868863     
 iteration         5740 MCMCOBJ=    73.981031520253083     
 iteration         5760 MCMCOBJ=    72.934557656893233     
 iteration         5780 MCMCOBJ=    66.105899969429089     
 iteration         5800 MCMCOBJ=    56.918894033412720     
 iteration         5820 MCMCOBJ=    58.578832008541220     
 iteration         5840 MCMCOBJ=    56.999071049454528     
 iteration         5860 MCMCOBJ=    69.414443389279896     
 iteration         5880 MCMCOBJ=    66.860496035097739     
 iteration         5900 MCMCOBJ=    60.060807735209245     
 iteration         5920 MCMCOBJ=    92.142593221594183     
 iteration         5940 MCMCOBJ=    52.547648037506150     
 iteration         5960 MCMCOBJ=    68.166589676039905     
 iteration         5980 MCMCOBJ=    85.584588960976390     
 iteration         6000 MCMCOBJ=    85.677162770920418     
 iteration         6020 MCMCOBJ=    80.431495261593156     
 iteration         6040 MCMCOBJ=    57.732306675360704     
 iteration         6060 MCMCOBJ=    100.95580998586375     
 iteration         6080 MCMCOBJ=    72.662225150120705     
 iteration         6100 MCMCOBJ=    73.751577903811324     
 iteration         6120 MCMCOBJ=    83.848546860951146     
 iteration         6140 MCMCOBJ=    75.690261909819114     
 iteration         6160 MCMCOBJ=    62.617014314187919     
 iteration         6180 MCMCOBJ=    80.103275842570355     
 iteration         6200 MCMCOBJ=    70.559310265257295     
 iteration         6220 MCMCOBJ=    71.583626257607747     
 iteration         6240 MCMCOBJ=    57.053053139997211     
 iteration         6260 MCMCOBJ=    79.871840819900413     
 iteration         6280 MCMCOBJ=    57.562424262054790     
 iteration         6300 MCMCOBJ=    61.647526520504535     
 iteration         6320 MCMCOBJ=    67.804676698999771     
 iteration         6340 MCMCOBJ=    53.546283764723789     
 iteration         6360 MCMCOBJ=    68.864743938794149     
 iteration         6380 MCMCOBJ=    59.942019991165857     
 iteration         6400 MCMCOBJ=    79.252632357149025     
 iteration         6420 MCMCOBJ=    76.211189476835258     
 iteration         6440 MCMCOBJ=    52.351931840119121     
 iteration         6460 MCMCOBJ=    73.249517914007427     
 iteration         6480 MCMCOBJ=    57.348759242489095     
 iteration         6500 MCMCOBJ=    62.762585487263792     
 iteration         6520 MCMCOBJ=    70.675492072724069     
 iteration         6540 MCMCOBJ=    65.490631656265961     
 iteration         6560 MCMCOBJ=    69.262945058577813     
 iteration         6580 MCMCOBJ=    80.268604614237162     
 iteration         6600 MCMCOBJ=    68.137124495731399     
 iteration         6620 MCMCOBJ=    61.681282425413691     
 iteration         6640 MCMCOBJ=    59.469584181009949     
 iteration         6660 MCMCOBJ=    60.824154144566378     
 iteration         6680 MCMCOBJ=    73.949187861253947     
 iteration         6700 MCMCOBJ=    65.571412317273925     
 iteration         6720 MCMCOBJ=    51.399611649382969     
 iteration         6740 MCMCOBJ=    86.192841300574770     
 iteration         6760 MCMCOBJ=    70.405467871216587     
 iteration         6780 MCMCOBJ=    70.694190253993440     
 iteration         6800 MCMCOBJ=    82.773576245079994     
 iteration         6820 MCMCOBJ=    82.065876600722532     
 iteration         6840 MCMCOBJ=    58.815462160071696     
 iteration         6860 MCMCOBJ=    87.996554166938083     
 iteration         6880 MCMCOBJ=    59.496344015188747     
 iteration         6900 MCMCOBJ=    62.703662913586037     
 iteration         6920 MCMCOBJ=    68.529967478584524     
 iteration         6940 MCMCOBJ=    73.764078507249266     
 iteration         6960 MCMCOBJ=    67.743765875523977     
 iteration         6980 MCMCOBJ=    92.599807828425710     
 iteration         7000 MCMCOBJ=    79.709305630260516     
 iteration         7020 MCMCOBJ=    62.057024170405477     
 iteration         7040 MCMCOBJ=    78.756196607626606     
 iteration         7060 MCMCOBJ=    54.740009846437864     
 iteration         7080 MCMCOBJ=    72.892527299474480     
 iteration         7100 MCMCOBJ=    70.384306948787213     
 iteration         7120 MCMCOBJ=    67.143298469877905     
 iteration         7140 MCMCOBJ=    59.671653670021826     
 iteration         7160 MCMCOBJ=    68.862258811683134     
 iteration         7180 MCMCOBJ=    69.012343309657282     
 iteration         7200 MCMCOBJ=    61.848276700167986     
 iteration         7220 MCMCOBJ=    51.370986077845991     
 iteration         7240 MCMCOBJ=    74.740050758328593     
 iteration         7260 MCMCOBJ=    53.192451149602789     
 iteration         7280 MCMCOBJ=    54.437224749304768     
 iteration         7300 MCMCOBJ=    60.850199854761208     
 iteration         7320 MCMCOBJ=    77.887229620844010     
 iteration         7340 MCMCOBJ=    67.328089149793641     
 iteration         7360 MCMCOBJ=    71.502427655214547     
 iteration         7380 MCMCOBJ=    75.687441443377821     
 iteration         7400 MCMCOBJ=    66.730926751949880     
 iteration         7420 MCMCOBJ=    73.388476609354228     
 iteration         7440 MCMCOBJ=    55.764623505259237     
 iteration         7460 MCMCOBJ=    84.240645478585250     
 iteration         7480 MCMCOBJ=    64.918997239475090     
 iteration         7500 MCMCOBJ=    67.224663822968211     
 iteration         7520 MCMCOBJ=    69.006313955444767     
 iteration         7540 MCMCOBJ=    66.912966368333400     
 iteration         7560 MCMCOBJ=    77.393129152569770     
 iteration         7580 MCMCOBJ=    76.597380835939234     
 iteration         7600 MCMCOBJ=    60.090914347428395     
 iteration         7620 MCMCOBJ=    87.324355210126257     
 iteration         7640 MCMCOBJ=    78.469848014072340     
 iteration         7660 MCMCOBJ=    59.581832529877786     
 iteration         7680 MCMCOBJ=    85.808374365634137     
 iteration         7700 MCMCOBJ=    75.211267278431706     
 iteration         7720 MCMCOBJ=    54.037493858472537     
 iteration         7740 MCMCOBJ=    65.918949671407148     
 iteration         7760 MCMCOBJ=    60.837050250887962     
 iteration         7780 MCMCOBJ=    74.480134760013129     
 iteration         7800 MCMCOBJ=    68.580646425293622     
 iteration         7820 MCMCOBJ=    63.368477568286430     
 iteration         7840 MCMCOBJ=    61.761371615051686     
 iteration         7860 MCMCOBJ=    82.204995437073791     
 iteration         7880 MCMCOBJ=    71.959715735836355     
 iteration         7900 MCMCOBJ=    69.058919045667153     
 iteration         7920 MCMCOBJ=    63.493055859460014     
 iteration         7940 MCMCOBJ=    62.252622243145893     
 iteration         7960 MCMCOBJ=    66.745128174049754     
 iteration         7980 MCMCOBJ=    68.062583977655450     
 iteration         8000 MCMCOBJ=    82.933978617295040     
 iteration         8020 MCMCOBJ=    79.970706861760334     
 iteration         8040 MCMCOBJ=    74.080181221629942     
 iteration         8060 MCMCOBJ=    81.283976652433680     
 iteration         8080 MCMCOBJ=    57.982717258837944     
 iteration         8100 MCMCOBJ=    58.565386871120559     
 iteration         8120 MCMCOBJ=    72.162234584895259     
 iteration         8140 MCMCOBJ=    52.668356952956771     
 iteration         8160 MCMCOBJ=    51.873300256034582     
 iteration         8180 MCMCOBJ=    72.450041728132689     
 iteration         8200 MCMCOBJ=    67.579008016912269     
 iteration         8220 MCMCOBJ=    77.218427076031318     
 iteration         8240 MCMCOBJ=    87.910197077398408     
 iteration         8260 MCMCOBJ=    72.403738115405687     
 iteration         8280 MCMCOBJ=    69.753247035952640     
 iteration         8300 MCMCOBJ=    80.397071489160481     
 iteration         8320 MCMCOBJ=    71.516873233529466     
 iteration         8340 MCMCOBJ=    59.454511577673486     
 iteration         8360 MCMCOBJ=    76.767270594519900     
 iteration         8380 MCMCOBJ=    55.613641051421332     
 iteration         8400 MCMCOBJ=    65.511092668154177     
 iteration         8420 MCMCOBJ=    74.564806199026862     
 iteration         8440 MCMCOBJ=    78.725100794339795     
 iteration         8460 MCMCOBJ=    71.266346429045512     
 iteration         8480 MCMCOBJ=    82.011673848537157     
 iteration         8500 MCMCOBJ=    56.435851704037205     
 iteration         8520 MCMCOBJ=    55.574319049790589     
 iteration         8540 MCMCOBJ=    63.650638387512835     
 iteration         8560 MCMCOBJ=    74.711645056634424     
 iteration         8580 MCMCOBJ=    54.067146327243073     
 iteration         8600 MCMCOBJ=    70.946332023160721     
 iteration         8620 MCMCOBJ=    63.383568255233961     
 iteration         8640 MCMCOBJ=    70.387623501011930     
 iteration         8660 MCMCOBJ=    94.263009300395339     
 iteration         8680 MCMCOBJ=    73.471460941968360     
 iteration         8700 MCMCOBJ=    55.898636582818526     
 iteration         8720 MCMCOBJ=    59.137763143999322     
 iteration         8740 MCMCOBJ=    60.278896736693525     
 iteration         8760 MCMCOBJ=    76.962457795921509     
 iteration         8780 MCMCOBJ=    78.809307261293483     
 iteration         8800 MCMCOBJ=    55.979865256809994     
 iteration         8820 MCMCOBJ=    68.635908300156700     
 iteration         8840 MCMCOBJ=    71.678027573495513     
 iteration         8860 MCMCOBJ=    72.433438955959417     
 iteration         8880 MCMCOBJ=    88.725709211229699     
 iteration         8900 MCMCOBJ=    64.244738339495143     
 iteration         8920 MCMCOBJ=    62.891890552472034     
 iteration         8940 MCMCOBJ=    87.337833242581013     
 iteration         8960 MCMCOBJ=    60.868379831208955     
 iteration         8980 MCMCOBJ=    78.204720110817561     
 iteration         9000 MCMCOBJ=    53.835128051093164     
 iteration         9020 MCMCOBJ=    62.380435602162812     
 iteration         9040 MCMCOBJ=    65.068943394343833     
 iteration         9060 MCMCOBJ=    56.705694008489374     
 iteration         9080 MCMCOBJ=    70.582792613101091     
 iteration         9100 MCMCOBJ=    68.428102971972109     
 iteration         9120 MCMCOBJ=    65.523074689108086     
 iteration         9140 MCMCOBJ=    60.521474822045356     
 iteration         9160 MCMCOBJ=    71.298451653263868     
 iteration         9180 MCMCOBJ=    75.293672276581276     
 iteration         9200 MCMCOBJ=    62.806202989009229     
 iteration         9220 MCMCOBJ=    72.250971579672992     
 iteration         9240 MCMCOBJ=    75.904240901443771     
 iteration         9260 MCMCOBJ=    62.137925454239792     
 iteration         9280 MCMCOBJ=    58.702986034637057     
 iteration         9300 MCMCOBJ=    73.826995440101456     
 iteration         9320 MCMCOBJ=    60.091647770759948     
 iteration         9340 MCMCOBJ=    61.433994317676479     
 iteration         9360 MCMCOBJ=    66.796142920361646     
 iteration         9380 MCMCOBJ=    78.014015236810437     
 iteration         9400 MCMCOBJ=    61.875611753238509     
 iteration         9420 MCMCOBJ=    61.996174791134365     
 iteration         9440 MCMCOBJ=    60.788213484668695     
 iteration         9460 MCMCOBJ=    68.275783246896395     
 iteration         9480 MCMCOBJ=    65.598052202672619     
 iteration         9500 MCMCOBJ=    65.150436617068394     
 iteration         9520 MCMCOBJ=    67.291365083324692     
 iteration         9540 MCMCOBJ=    65.236324709086190     
 iteration         9560 MCMCOBJ=    79.921516042340471     
 iteration         9580 MCMCOBJ=    79.793100443353978     
 iteration         9600 MCMCOBJ=    55.787615045150936     
 iteration         9620 MCMCOBJ=    73.192297627236513     
 iteration         9640 MCMCOBJ=    69.220746606231344     
 iteration         9660 MCMCOBJ=    70.739531205090515     
 iteration         9680 MCMCOBJ=    64.269555675898900     
 iteration         9700 MCMCOBJ=    57.834980197816520     
 iteration         9720 MCMCOBJ=    60.284137782541194     
 iteration         9740 MCMCOBJ=    67.798301259838269     
 iteration         9760 MCMCOBJ=    60.556600876224437     
 iteration         9780 MCMCOBJ=    76.895243966793174     
 iteration         9800 MCMCOBJ=    56.406208837581708     
 iteration         9820 MCMCOBJ=    71.056522499263352     
 iteration         9840 MCMCOBJ=    76.799934558503125     
 iteration         9860 MCMCOBJ=    53.373257478981209     
 iteration         9880 MCMCOBJ=    82.247352095666230     
 iteration         9900 MCMCOBJ=    73.619304318538397     
 iteration         9920 MCMCOBJ=    57.599888892769194     
 iteration         9940 MCMCOBJ=    62.666480004281489     
 iteration         9960 MCMCOBJ=    58.511852744605164     
 iteration         9980 MCMCOBJ=    87.229216056277778     
 iteration        10000 MCMCOBJ=    67.930725580104266     
 BURN-IN WAS COMPLETED

 #TERM:
 STATISTICAL PORTION WAS COMPLETED
  
 TOTAL DATA POINTS NORMALLY DISTRIBUTED (N):           27
 N*LOG(2PI) CONSTANT TO OBJECTIVE FUNCTION:    49.622680793052325     
 OBJECTIVE FUNCTION VALUE WITHOUT CONSTANT:    68.128655554081377     
 OBJECTIVE FUNCTION VALUE WITH CONSTANT:       117.75133634713370     
 REPORTED OBJECTIVE FUNCTION DOES NOT CONTAIN CONSTANT
  
 TOTAL EFFECTIVE ETAS (NIND*NETA):                            18
 NIND*NETA*LOG(2PI) CONSTANT TO OBJECTIVE FUNCTION:    33.081787195368214     
 OBJECTIVE FUNCTION VALUE WITHOUT CONSTANT:    68.128655554081377     
 OBJECTIVE FUNCTION VALUE WITH CONSTANT:       101.21044274944958     
 REPORTED OBJECTIVE FUNCTION DOES NOT CONTAIN CONSTANT
  
 PRIOR CONSTANT TO OBJECTIVE FUNCTION:    30.823646298206345     
 OBJECTIVE FUNCTION VALUE WITHOUT CONSTANT:    68.128655554081377     
 OBJECTIVE FUNCTION VALUE WITH CONSTANT:       98.952301852287718     
 REPORTED OBJECTIVE FUNCTION DOES NOT CONTAIN CONSTANT
  
 #TERE:
 Elapsed estimation  time in seconds:    15.02
 Elapsed covariance  time in seconds:     0.00
1
 
 
 
 
 
 
 
 
 
 
 
 
 
 
 
 
 
 
 
 
 ************************************************************************************************************************
 ********************                                                                                ********************
 ********************                              MCMC BAYESIAN ANALYSIS                            ********************
 #OBJT:**************                       AVERAGE VALUE OF LIKELIHOOD FUNCTION                     ********************
 ********************                                                                                ********************
 ************************************************************************************************************************
 





 #OBJV:********************************************       68.129       **************************************************
 #OBJS:********************************************        9.697 (STD) **************************************************
1
 ************************************************************************************************************************
 ********************                                                                                ********************
 ********************                              MCMC BAYESIAN ANALYSIS                            ********************
 ********************                             FINAL PARAMETER ESTIMATE                           ********************
 ********************                                                                                ********************
 ************************************************************************************************************************
 


 THETA - VECTOR OF FIXED EFFECTS PARAMETERS   *********


         THETA(CL) THETA(V) 
 
         3.40E+00  3.70E+01
 


 OMEGA - COV MATRIX FOR RANDOM EFFECTS - ETAS  ********


         ETA(CL)   ETA(V)   
 
 ETA(CL)
+        1.45E-01
 
 ETA(V)
+        2.33E-02  1.13E-01
 


 SIGMA - COV MATRIX FOR RANDOM EFFECTS - EPSILONS  ****


         EPS1     
 
 EPS1
+        2.56E-02
 
1


 OMEGA - CORR MATRIX FOR RANDOM EFFECTS - ETAS  *******


         ETA(CL)   ETA(V)   
 
 ETA(CL)
+        3.66E-01
 
 ETA(V)
+        1.79E-01  3.24E-01
 


 SIGMA - CORR MATRIX FOR RANDOM EFFECTS - EPSILONS  ***


         EPS1     
 
 EPS1
+        1.56E-01
 
1
 ************************************************************************************************************************
 ********************                                                                                ********************
 ********************                              MCMC BAYESIAN ANALYSIS                            ********************
 ********************                STANDARD ERROR OF ESTIMATE (From Sample Variance)               ********************
 ********************                                                                                ********************
 ************************************************************************************************************************
 


 THETA - VECTOR OF FIXED EFFECTS PARAMETERS   *********


         THETA(CL) THETA(V) 
 
         5.01E-01  4.80E+00
 


 OMEGA - COV MATRIX FOR RANDOM EFFECTS - ETAS  ********


         ETA(CL)   ETA(V)   
 
 ETA(CL)
+        9.51E-02
 
 ETA(V)
+        5.60E-02  7.26E-02
 


 SIGMA - COV MATRIX FOR RANDOM EFFECTS - EPSILONS  ****


         EPS1     
 
 EPS1
+        1.35E-02
 
1


 OMEGA - CORR MATRIX FOR RANDOM EFFECTS - ETAS  *******


         ETA(CL)   ETA(V)   
 
 ETA(CL)
+        1.05E-01
 
 ETA(V)
+        3.27E-01  9.13E-02
 


 SIGMA - CORR MATRIX FOR RANDOM EFFECTS - EPSILONS  ***


         EPS1     
 
 EPS1
+        3.67E-02
 
1
 ************************************************************************************************************************
 ********************                                                                                ********************
 ********************                              MCMC BAYESIAN ANALYSIS                            ********************
 ********************               COVARIANCE MATRIX OF ESTIMATE (From Sample Variance)             ********************
 ********************                                                                                ********************
 ************************************************************************************************************************
 

            TH 1      TH 2      OM11      OM12      OM22      SG11  
 
 TH 1
+        2.51E-01
 
 TH 2
+        1.32E-01  2.31E+01
 
 OM11
+       -2.60E-03  1.13E-02  9.05E-03
 
 OM12
+        2.15E-03 -6.16E-04  8.81E-04  3.13E-03
 
 OM22
+       -9.76E-04  5.79E-03  7.19E-04  9.99E-04  5.27E-03
 
 SG11
+       -5.17E-04  6.40E-03 -3.40E-05 -8.43E-05  1.04E-05  1.82E-04
 
1
 ************************************************************************************************************************
 ********************                                                                                ********************
 ********************                              MCMC BAYESIAN ANALYSIS                            ********************
 ********************              CORRELATION MATRIX OF ESTIMATE (From Sample Variance)             ********************
 ********************                                                                                ********************
 ************************************************************************************************************************
 

            TH 1      TH 2      OM11      OM12      OM22      SG11  
 
 TH 1
+        5.01E-01
 
 TH 2
+        5.48E-02  4.80E+00
 
 OM11
+       -5.47E-02  2.47E-02  9.51E-02
 
 OM12
+        7.68E-02 -2.29E-03  1.65E-01  5.60E-02
 
 OM22
+       -2.68E-02  1.66E-02  1.04E-01  2.46E-01  7.26E-02
 
 SG11
+       -7.65E-02  9.87E-02 -2.65E-02 -1.11E-01  1.07E-02  1.35E-02
 
1
 ************************************************************************************************************************
 ********************                                                                                ********************
 ********************                              MCMC BAYESIAN ANALYSIS                            ********************
 ********************           INVERSE COVARIANCE MATRIX OF ESTIMATE (From Sample Variance)         ********************
 ********************                                                                                ********************
 ************************************************************************************************************************
 

            TH 1      TH 2      OM11      OM12      OM22      SG11  
 
 TH 1
+        4.07E+00
 
 TH 2
+       -2.75E-02  4.40E-02
 
 OM11
+        1.47E+00 -6.69E-02  1.15E+02
 
 OM12
+       -3.29E+00  1.67E-02 -2.98E+01  3.54E+02
 
 OM22
+        1.18E+00 -4.42E-02 -9.68E+00 -6.39E+01  2.03E+02
 
 SG11
+        1.12E+01 -1.62E+00  1.47E+01  1.52E+02 -3.81E+01  5.65E+03
 
 Elapsed postprocess time in seconds:     0.00
 #CPUT: Total CPU Time in Seconds,       10.406
Stop Time: 
Tue 01/03/2017 
10:24 PM
