Tue 01/03/2017 
10:24 PM
$PROB one cmpt simple mu modeled bayes multidose nids: 9 scenario: s2d
;; based_on: run100
$SUB ADVAN1 TRANS2
$INPUT ID TIME DV OBSNUM CMT EVID AMT RATE ADDL II 
$DATA ..\..\mdata\simple_nocovar_56id_6tp_md.csv
IGNORE=@ 
IGNORE=(OBSNUM.EQN.2)
IGNORE=(OBSNUM.EQN.5)
IGNORE=(ID.GT.9)
$ABBR REPLACE THETA(CL, V) = THETA(1 to 2)
$ABBR REPLACE ETA(CL, V) = ETA(1 to 2)

$THETAI
THETA(1:NTHETA)=LOG(THETAI(1:NTHETA))
THETAP(1:NTHETAP)=LOG(THETAPI(1:NTHETAP))
$THETAR
THETAR(1:NTHETA)=EXP(THETA(1:NTHETA))
THETAPR(1:NTHETAP)=EXP(THETAP(1:NTHETAP))

$PRIOR NWPRI 

$PK
"USE NMBAYES_INT, ONLY: ITER_REPORT,BAYES_EXTRA_REQUEST,BAYES_EXTRA
; Request extra information for Bayesian analysis.
; An extra call will then be made for accepted samples
"BAYES_EXTRA_REQUEST=1

MU_1 = THETA(CL)
MU_2 = THETA(V)
CL = EXP(MU_1 + ETA(CL))
V = EXP(MU_2 + ETA(V))
S1 = V

"IF(BAYES_EXTRA==1 .AND. ITER_REPORT>=0 .AND. TIME==0.0) THEN
"WRITE(50,98) ITER_REPORT,ID,CL,V
"98 FORMAT(I12,1X,F14.0,4(1X,1PG12.5))
"ENDIF

$ERROR
IPRED=F
Y = IPRED*(1 + ERR(1))  

$THETA
(0.001, 2.5) ; TVCL
(0.001, 46) ; TVV

$OMEGA BLOCK(2)
0.1    ; nCL
0.1  0.1  ; nV

$SIGMA
0.03 ; PROP

; THETA PRIORS
$THETAP (2.5 FIX) (46 FIX) 

; THETA (uniformative) PRIORs
$THETAPV BLOCK(2)
10000 FIX
0.0 10000 

$OMEGAP BLOCK(2)
0.2 FIX
0 0.2

; degrees of freedom to prior omega matrix - low dof = highly uninformative
$OMEGAPD (2 FIX)

$EST METHOD=CHAIN FILE=..\run100.chn NSAMPLE=0 ISAMPLE=1 DF=20
$EST METHOD=BAYES INTER NBURN=4000 NITER=10000 PRINT=20 NOPRIOR=0 CTYPE=3 CITER=10 SEED=56664
  
NM-TRAN MESSAGES 
  
 WARNINGS AND ERRORS (IF ANY) FOR PROBLEM    1
             
 (WARNING  2) NM-TRAN INFERS THAT THE DATA ARE POPULATION.

 (MU_WARNING 20) MU_001: MU_ VARIABLE SHOULD NOT BE DEFINED AFTER VERBATIM CODE.
  
License Registered to: Devin Pastoor
Expiration Date:    14 NOV 2017
Current Date:        3 JAN 2017
Days until program expires : 311
1NONLINEAR MIXED EFFECTS MODEL PROGRAM (NONMEM) VERSION 7.4.0 alpha14 (nm74a14)
 ORIGINALLY DEVELOPED BY STUART BEAL, LEWIS SHEINER, AND ALISON BOECKMANN
 CURRENT DEVELOPERS ARE ROBERT BAUER, ICON DEVELOPMENT SOLUTIONS,
 AND ALISON BOECKMANN. IMPLEMENTATION, EFFICIENCY, AND STANDARDIZATION
 PERFORMED BY NOUS INFOSYSTEMS.

 PROBLEM NO.:         1
 one cmpt simple mu modeled bayes multidose nids: 9 scenario: s2d
0DATA CHECKOUT RUN:              NO
 DATA SET LOCATED ON UNIT NO.:    2
 THIS UNIT TO BE REWOUND:        NO
 NO. OF DATA RECS IN DATA SET:       45
 NO. OF DATA ITEMS IN DATA SET:  11
 ID DATA ITEM IS DATA ITEM NO.:   1
 DEP VARIABLE IS DATA ITEM NO.:   3
 MDV DATA ITEM IS DATA ITEM NO.: 11
0INDICES PASSED TO SUBROUTINE PRED:
   6   2   7   8   0  10   5   0   0   0   9
0LABELS FOR DATA ITEMS:
 ID TIME DV OBSNUM CMT EVID AMT RATE ADDL II MDV
0LABELS FOR THETAS
 THETA(1)=THETA(CL)
 THETA(2)=THETA(V)
0LABELS FOR ETAS
 ETA(1)=ETA(CL)
0LABELS FOR ETAS
 ETA(2)=ETA(V)
0FORMAT FOR DATA:
 (E2.0,E3.0,E17.0,3E2.0,2E5.0,E2.0,E3.0,1F2.0)

 TOT. NO. OF OBS RECS:       36
 TOT. NO. OF INDIVIDUALS:      9
0LENGTH OF THETA:   5
0DEFAULT THETA BOUNDARY TEST OMITTED:    NO
0OMEGA HAS BLOCK FORM:
  1
  1  1
  0  0  2
  0  0  2  2
  0  0  0  0  3
  0  0  0  0  3  3
0DEFAULT OMEGA BOUNDARY TEST OMITTED:    NO
0SIGMA HAS SIMPLE DIAGONAL FORM WITH DIMENSION:   1
0DEFAULT SIGMA BOUNDARY TEST OMITTED:    NO
0INITIAL ESTIMATE OF THETA:
 LOWER BOUND    INITIAL EST    UPPER BOUND
  0.1000E-02     0.2500E+01     0.1000E+07
  0.1000E-02     0.4600E+02     0.1000E+07
  0.2500E+01     0.2500E+01     0.2500E+01
  0.4600E+02     0.4600E+02     0.4600E+02
  0.2000E+01     0.2000E+01     0.2000E+01
0INITIAL ESTIMATE OF OMEGA:
 BLOCK SET NO.   BLOCK                                                                    FIXED
        1                                                                                   NO
 DIAGONAL SHIFT OF  1.1000E-07 WAS IMPOSED TO ENSURE POSITIVE DEFINITENESS
                  0.1000E+00
                  0.1000E+00   0.1000E+00
        2                                                                                  YES
                  0.1000E+05
                  0.0000E+00   0.1000E+05
        3                                                                                  YES
                  0.2000E+00
                  0.0000E+00   0.2000E+00
0INITIAL ESTIMATE OF SIGMA:
 0.3000E-01
0
 THETAI SUBROUTINE USER-SUPPLIED
 THETAR SUBROUTINE USER-SUPPLIED
 PRIOR SUBROUTINE USER-SUPPLIED
1DOUBLE PRECISION PREDPP VERSION 7.4.0 alpha14 (nm74a14)

 ONE COMPARTMENT MODEL (ADVAN1)
0MAXIMUM NO. OF BASIC PK PARAMETERS:   2
0BASIC PK PARAMETERS (AFTER TRANSLATION):
   ELIMINATION RATE (K) IS BASIC PK PARAMETER NO.:  1

 TRANSLATOR WILL CONVERT PARAMETERS
 CLEARANCE (CL) AND VOLUME (V) TO K (TRANS2)
0COMPARTMENT ATTRIBUTES
 COMPT. NO.   FUNCTION   INITIAL    ON/OFF      DOSE      DEFAULT    DEFAULT
                         STATUS     ALLOWED    ALLOWED    FOR DOSE   FOR OBS.
    1         CENTRAL      ON         NO         YES        YES        YES
    2         OUTPUT       OFF        YES        NO         NO         NO
1
 ADDITIONAL PK PARAMETERS - ASSIGNMENT OF ROWS IN GG
 COMPT. NO.                             INDICES
              SCALE      BIOAVAIL.   ZERO-ORDER  ZERO-ORDER  ABSORB
                         FRACTION    RATE        DURATION    LAG
    1            3           *           *           *           *
    2            *           -           -           -           -
             - PARAMETER IS NOT ALLOWED FOR THIS MODEL
             * PARAMETER IS NOT SUPPLIED BY PK SUBROUTINE;
               WILL DEFAULT TO ONE IF APPLICABLE
0DATA ITEM INDICES USED BY PRED ARE:
   EVENT ID DATA ITEM IS DATA ITEM NO.:      6
   TIME DATA ITEM IS DATA ITEM NO.:          2
   DOSE AMOUNT DATA ITEM IS DATA ITEM NO.:   7
   DOSE RATE DATA ITEM IS DATA ITEM NO.:     8
   INTERVAL DATA ITEM IS DATA ITEM NO.:     10
   ADDL. DOSES DATA ITEM IS DATA ITEM NO.:   9
   COMPT. NO. DATA ITEM IS DATA ITEM NO.:    5

0PK SUBROUTINE CALLED WITH EVERY EVENT RECORD.
 PK SUBROUTINE NOT CALLED AT NONEVENT (ADDITIONAL OR LAGGED) DOSE TIMES.
0ERROR SUBROUTINE CALLED WITH EVERY EVENT RECORD.
1


 #TBLN:      1
 #METH: Chain Method Processing

 RANDOM GENERATION TYPE (CTYPE):     0
 RANDOM GENERATION SEED (SEED):      11456
 RANDOM SAMPLE SELECTION (ISAMPLE):  1
 RANDOM SAMPLE RANGE END (ISAMPEND): -2147483647
 NUMBER OF RANDOM SAMPLES (NSAMPLE): 0
 UNIFORM FRACTIONAL RANGE (IACCEPT): 0.400000000000000
 RANDOM SELECTION TYPE (SELECT):     0
 DEG. FR. TO GENERATE OMEGAS (DF):   20
 DEG. FR. TO GENERATE SIGMAS (DFS):  -1
 CHAIN FILE (FILE):                  ..\run100.chn
 EXCL. TITLE IN CHAIN FILE (NOTITLE):NO
 EX. COL. LBS. IN CHAIN FL.(NOLABEL):NO
 FORMAT FOR CHAIN FILE (FORMAT):     S1PE12.5
 PAR. ORDER in CHAIN FILE (ORDER):   TSOL
 RANDOM SAMPLING METHOD (RANMETHOD):3U

 THE FOLLOWING LABELS ARE EQUIVALENT
 PRED=NPRED
 RES=NRES
 WRES=NWRES
 IWRS=NIWRES
 IPRD=NIPRED
 IRS=NIRES



 FROM SAMPLE 1 OF CHAIN FILE ..\run100.chn
 NEW INITIAL ESTIMATES OF THETA
  0.2537E-01
  0.6427E-01
 NEW INITIAL ESTIMATES OF OMEGA
 DIAGONAL SHIFT OF  1.2800E-07 WAS IMPOSED ON OMEGAS TO ENSURE POSITIVE DEFINITENESS
  0.1164E+00
  0.1164E+00  0.1164E+00
 NEW INITIAL ESTIMATES OF SIGMA
  0.3730E-01
1


 #TBLN:      1
 #METH: MCMC Bayesian Analysis

 ESTIMATION STEP OMITTED:                 NO
 ANALYSIS TYPE:                           POPULATION
 NUMBER OF SADDLE POINT RESET ITERATIONS:      0
 GRADIENT METHOD USED:               NOSLOW
 CONDITIONAL ESTIMATES USED:              YES
 CENTERED ETA:                            NO
 EPS-ETA INTERACTION:                     YES
 LAPLACIAN OBJ. FUNC.:                    NO
 NO. OF FUNCT. EVALS. ALLOWED:            840
 NO. OF SIG. FIGURES REQUIRED:            3
 INTERMEDIATE PRINTOUT:                   YES
 ESTIMATE OUTPUT TO MSF:                  NO
 IND. OBJ. FUNC. VALUES SORTED:           NO
 NUMERICAL DERIVATIVE
       FILE REQUEST (NUMDER):               NONE
 MAP (ETAHAT) ESTIMATION METHOD (OPTMAP):   0
 ETA HESSIAN EVALUATION METHOD (ETADER):    0
 INITIAL ETA FOR MAP ESTIMATION (MCETA):    0
 SIGDIGITS FOR MAP ESTIMATION (SIGLO):      100
 GRADIENT SIGDIGITS OF
       FIXED EFFECTS PARAMETERS (SIGL):     100
 NOPRIOR SETTING (NOPRIOR):                 OFF
 NOCOV SETTING (NOCOV):                     OFF
 DERCONT SETTING (DERCONT):                 OFF
 FINAL ETA RE-EVALUATION (FNLETA):          ON
 EXCLUDE NON-INFLUENTIAL (NON-INFL.) ETAS
       IN SHRINKAGE (ETASTYPE):             NO
 NON-INFL. ETA CORRECTION (NONINFETA):      OFF
 RAW OUTPUT FILE (FILE): run101_nids_9_s2d_c1.ext
 EXCLUDE TITLE (NOTITLE):                   NO
 EXCLUDE COLUMN LABELS (NOLABEL):           NO
 FORMAT FOR ADDITIONAL FILES (FORMAT):      S1PE12.5
 PARAMETER ORDER FOR OUTPUTS (ORDER):       TSOL
 WISHART PRIOR DF INTERPRETATION (WISHTYPE):0
 KNUTHSUMOFF:                               0
 INCLUDE LNTWOPI:                           NO
 INCLUDE CONSTANT TERM TO PRIOR (PRIORC):   NO
 INCLUDE CONSTANT TERM TO OMEGA (ETA) (OLNTWOPI):NO
 EM OR BAYESIAN METHOD USED:                MCMC BAYESIAN (BAYES)
 MU MODELING PATTERN (MUM):
 GRADIENT/GIBBS PATTERN (GRD):
 AUTOMATIC SETTING FEATURE (AUTO):          OFF
 CONVERGENCE TYPE (CTYPE):                  3
 KEEP ITERATIONS (THIN):            1
 CONVERGENCE INTERVAL (CINTERVAL):          20
 CONVERGENCE ITERATIONS (CITER):            10
 CONVERGENCE ALPHA ERROR (CALPHA):          5.000000000000000E-02
 BURN-IN ITERATIONS (NBURN):                4000
 ITERATIONS (NITER):                        10000
 ANEAL SETTING (CONSTRAIN):                 1
 STARTING SEED FOR MC METHODS (SEED):       56664
 MC SAMPLES PER SUBJECT (ISAMPLE):          1
 RANDOM SAMPLING METHOD (RANMETHOD):        3U
 PROPOSAL DENSITY SCALING RANGE
              (ISCALE_MIN, ISCALE_MAX):     1.000000000000000E-06   ,1000000.00000000
 SAMPLE ACCEPTANCE RATE (IACCEPT):          0.400000000000000
 METROPOLIS HASTINGS SAMPLING FOR INDIVIDUAL ETAS:
 SAMPLES FOR GLOBAL SEARCH KERNEL (ISAMPLE_M1):          2
 SAMPLES FOR NEIGHBOR SEARCH KERNEL (ISAMPLE_M1A):       0
 SAMPLES FOR MASS/IMP/POST. MATRIX SEARCH (ISAMPLE_M1B): 2
 SAMPLES FOR LOCAL SEARCH KERNEL (ISAMPLE_M2):           2
 SAMPLES FOR LOCAL UNIVARIATE KERNEL (ISAMPLE_M3):       2
 PWR. WT. MASS/IMP/POST MATRIX ACCUM. FOR ETAS (IKAPPA): 1.00000000000000
 MASS/IMP./POST. MATRIX REFRESH SETTING (MASSREST):      -1
 METROPOLIS HASTINGS POPULATION SAMPLING FOR NON-GIBBS
 SAMPLED THETAS AND SIGMAS:
 PROPOSAL DENSITY SCALING RANGE
              (PSCALE_MIN, PSCALE_MAX):   1.000000000000000E-02   ,1000.00000000000
 SAMPLE ACCEPTANCE RATE (PACCEPT):                       0.500000000000000
 SAMPLES FOR GLOBAL SEARCH KERNEL (PSAMPLE_M1):          1
 SAMPLES FOR LOCAL SEARCH KERNEL (PSAMPLE_M2):           -1
 SAMPLES FOR LOCAL UNIVARIATE KERNEL (PSAMPLE_M3):       1
 METROPOLIS HASTINGS POPULATION SAMPLING FOR NON-GIBBS
 SAMPLED OMEGAS:
 SAMPLE ACCEPTANCE RATE (OACCEPT):                       0.500000000000000
 SAMPLES FOR GLOBAL SEARCH KERNEL (OSAMPLE_M1):          -1
 SAMPLES FOR LOCAL SEARCH KERNEL (OSAMPLE_M2):           -1
 SAMPLES FOR LOCAL UNIVARIATE SEARCH KERNEL (OSAMPLE_M3):0
 DEG. FR. FOR T DIST.  PRIOR FOR THETAS (TTDF):        0.00000000000000
 DEG. FR. FOR LKJ CORRELATION PRIOR FOR OMEGAS (OLKJDF): 0.00000000000000
 WEIGHT FACTOR FOR STD PRIOR FOR OMEGAS (OVARF): 1.00000000000000
 DEG. FR. FOR LKJ CORRELATION PRIOR FOR SIGMAS (SLKJDF): 0.00000000000000
 WEIGHT FACTOR FOR STD PRIOR FOR SIGMAS (SVARF): 1.00000000000000


 THE FOLLOWING LABELS ARE EQUIVALENT
 PRED=PREDI
 RES=RESI
 WRES=WRESI
 IWRS=IWRESI
 IPRD=IPREDI
 IRS=IRESI

 EM/BAYES SETUP:
 THETAS THAT ARE MU MODELED:
   1   2
 THETAS THAT ARE GIBBS SAMPLED:
   1   2
 THETAS THAT ARE METROPOLIS-HASTINGS SAMPLED:
 
 SIGMAS THAT ARE GIBBS SAMPLED:
   1
 SIGMAS THAT ARE METROPOLIS-HASTINGS SAMPLED:
 
 OMEGAS ARE GIBBS SAMPLED

 MONITORING OF SEARCH:

 Burn-in Mode
 iteration        -4000 MCMCOBJ=    3131225.5224559130     
 iteration        -3980 MCMCOBJ=    327.14823256591086     
 iteration        -3960 MCMCOBJ=    283.29960341557194     
 iteration        -3940 MCMCOBJ=    131.68298503727999     
 iteration        -3920 MCMCOBJ=    129.13107423679426     
 iteration        -3900 MCMCOBJ=    126.07205095385403     
 iteration        -3880 MCMCOBJ=    123.39873460083678     
 iteration        -3860 MCMCOBJ=    125.13759207886281     
 iteration        -3840 MCMCOBJ=    115.55646667650514     
 iteration        -3820 MCMCOBJ=    123.28638487001652     
 iteration        -3800 MCMCOBJ=    114.62663752455825     
 iteration        -3780 MCMCOBJ=    126.57229414102227     
 Convergence achieved
 Sampling Mode
 iteration            0 MCMCOBJ=    137.27833680921702     
 iteration           20 MCMCOBJ=    143.55265241584340     
 iteration           40 MCMCOBJ=    144.34948951364424     
 iteration           60 MCMCOBJ=    128.76875643199938     
 iteration           80 MCMCOBJ=    119.88618300814905     
 iteration          100 MCMCOBJ=    130.40757664299406     
 iteration          120 MCMCOBJ=    130.11598861169938     
 iteration          140 MCMCOBJ=    120.29719213585518     
 iteration          160 MCMCOBJ=    124.60027036919995     
 iteration          180 MCMCOBJ=    121.45376927039327     
 iteration          200 MCMCOBJ=    126.57963975418825     
 iteration          220 MCMCOBJ=    126.96279313288650     
 iteration          240 MCMCOBJ=    111.02268749075388     
 iteration          260 MCMCOBJ=    127.09658088832421     
 iteration          280 MCMCOBJ=    118.79512479177217     
 iteration          300 MCMCOBJ=    128.59666623277676     
 iteration          320 MCMCOBJ=    118.68601503643542     
 iteration          340 MCMCOBJ=    138.50328382497182     
 iteration          360 MCMCOBJ=    123.19716099011377     
 iteration          380 MCMCOBJ=    129.11780718177343     
 iteration          400 MCMCOBJ=    127.82396012050201     
 iteration          420 MCMCOBJ=    132.89830219699974     
 iteration          440 MCMCOBJ=    141.64892648898245     
 iteration          460 MCMCOBJ=    120.89439925266852     
 iteration          480 MCMCOBJ=    131.72938301863266     
 iteration          500 MCMCOBJ=    125.89481032895843     
 iteration          520 MCMCOBJ=    132.31007631630359     
 iteration          540 MCMCOBJ=    124.86346701982161     
 iteration          560 MCMCOBJ=    119.98841132397230     
 iteration          580 MCMCOBJ=    135.53440386288719     
 iteration          600 MCMCOBJ=    119.22107822057166     
 iteration          620 MCMCOBJ=    127.25045317629628     
 iteration          640 MCMCOBJ=    137.68135291944188     
 iteration          660 MCMCOBJ=    135.57918380329900     
 iteration          680 MCMCOBJ=    128.83274080400074     
 iteration          700 MCMCOBJ=    142.31536133893840     
 iteration          720 MCMCOBJ=    112.94224752826187     
 iteration          740 MCMCOBJ=    117.66052625722725     
 iteration          760 MCMCOBJ=    125.60356378832159     
 iteration          780 MCMCOBJ=    132.91351374984274     
 iteration          800 MCMCOBJ=    122.79197615476512     
 iteration          820 MCMCOBJ=    127.28166359432790     
 iteration          840 MCMCOBJ=    132.49083013859990     
 iteration          860 MCMCOBJ=    122.81961167012363     
 iteration          880 MCMCOBJ=    114.36773523814577     
 iteration          900 MCMCOBJ=    131.18340905139186     
 iteration          920 MCMCOBJ=    117.17042364940568     
 iteration          940 MCMCOBJ=    121.98431084536141     
 iteration          960 MCMCOBJ=    126.65697179518024     
 iteration          980 MCMCOBJ=    130.59038902075778     
 iteration         1000 MCMCOBJ=    121.11011933148770     
 iteration         1020 MCMCOBJ=    135.57002469543554     
 iteration         1040 MCMCOBJ=    126.18005850429638     
 iteration         1060 MCMCOBJ=    126.19650002271133     
 iteration         1080 MCMCOBJ=    140.89300851629628     
 iteration         1100 MCMCOBJ=    123.76603104827112     
 iteration         1120 MCMCOBJ=    113.16938690198198     
 iteration         1140 MCMCOBJ=    131.77646090233546     
 iteration         1160 MCMCOBJ=    123.16576920611740     
 iteration         1180 MCMCOBJ=    128.15340683958641     
 iteration         1200 MCMCOBJ=    127.48469497762164     
 iteration         1220 MCMCOBJ=    126.87576166471035     
 iteration         1240 MCMCOBJ=    129.63659731795326     
 iteration         1260 MCMCOBJ=    134.22989255170651     
 iteration         1280 MCMCOBJ=    125.35343688003648     
 iteration         1300 MCMCOBJ=    125.20429692982535     
 iteration         1320 MCMCOBJ=    130.42559186752555     
 iteration         1340 MCMCOBJ=    113.04618730590417     
 iteration         1360 MCMCOBJ=    118.38096003043803     
 iteration         1380 MCMCOBJ=    114.68003184733490     
 iteration         1400 MCMCOBJ=    125.26126364994069     
 iteration         1420 MCMCOBJ=    126.40769601837346     
 iteration         1440 MCMCOBJ=    122.52823079504330     
 iteration         1460 MCMCOBJ=    133.30732039874604     
 iteration         1480 MCMCOBJ=    118.56287075381942     
 iteration         1500 MCMCOBJ=    130.60752429046278     
 iteration         1520 MCMCOBJ=    154.94651869172651     
 iteration         1540 MCMCOBJ=    128.76488168953432     
 iteration         1560 MCMCOBJ=    115.17782635444541     
 iteration         1580 MCMCOBJ=    118.23111247827752     
 iteration         1600 MCMCOBJ=    137.98270035598850     
 iteration         1620 MCMCOBJ=    128.46601466991419     
 iteration         1640 MCMCOBJ=    127.64518925817411     
 iteration         1660 MCMCOBJ=    122.23321480352570     
 iteration         1680 MCMCOBJ=    121.25359604847081     
 iteration         1700 MCMCOBJ=    120.57460482325961     
 iteration         1720 MCMCOBJ=    128.94758618157223     
 iteration         1740 MCMCOBJ=    112.49259612563847     
 iteration         1760 MCMCOBJ=    122.50442038222937     
 iteration         1780 MCMCOBJ=    133.22828357357693     
 iteration         1800 MCMCOBJ=    133.21149047471246     
 iteration         1820 MCMCOBJ=    137.45127578758544     
 iteration         1840 MCMCOBJ=    121.42644994414174     
 iteration         1860 MCMCOBJ=    111.17032807109842     
 iteration         1880 MCMCOBJ=    133.29288489227466     
 iteration         1900 MCMCOBJ=    122.45988401393150     
 iteration         1920 MCMCOBJ=    114.42370786850464     
 iteration         1940 MCMCOBJ=    146.18517513165438     
 iteration         1960 MCMCOBJ=    132.20608799156190     
 iteration         1980 MCMCOBJ=    128.72608501504280     
 iteration         2000 MCMCOBJ=    131.07048924616331     
 iteration         2020 MCMCOBJ=    117.55439972374373     
 iteration         2040 MCMCOBJ=    135.53230167082174     
 iteration         2060 MCMCOBJ=    126.69256348834558     
 iteration         2080 MCMCOBJ=    117.19865384715602     
 iteration         2100 MCMCOBJ=    119.72334888366377     
 iteration         2120 MCMCOBJ=    118.66244902608756     
 iteration         2140 MCMCOBJ=    126.79869928244472     
 iteration         2160 MCMCOBJ=    131.95566325825203     
 iteration         2180 MCMCOBJ=    124.92165847795832     
 iteration         2200 MCMCOBJ=    123.19107663900144     
 iteration         2220 MCMCOBJ=    122.49687197807015     
 iteration         2240 MCMCOBJ=    122.82754121006866     
 iteration         2260 MCMCOBJ=    119.34763950398184     
 iteration         2280 MCMCOBJ=    114.12075310396241     
 iteration         2300 MCMCOBJ=    139.61725122084277     
 iteration         2320 MCMCOBJ=    120.60648610470983     
 iteration         2340 MCMCOBJ=    114.16258706345573     
 iteration         2360 MCMCOBJ=    121.73438501759155     
 iteration         2380 MCMCOBJ=    126.20430441474065     
 iteration         2400 MCMCOBJ=    121.85095780253229     
 iteration         2420 MCMCOBJ=    129.73111720707195     
 iteration         2440 MCMCOBJ=    134.44105143377195     
 iteration         2460 MCMCOBJ=    129.75070541593388     
 iteration         2480 MCMCOBJ=    131.23656648745657     
 iteration         2500 MCMCOBJ=    133.25931726340735     
 iteration         2520 MCMCOBJ=    122.33467208428580     
 iteration         2540 MCMCOBJ=    136.97420978478948     
 iteration         2560 MCMCOBJ=    125.58480407167647     
 iteration         2580 MCMCOBJ=    110.89419717731143     
 iteration         2600 MCMCOBJ=    118.67555613607972     
 iteration         2620 MCMCOBJ=    121.30339801105912     
 iteration         2640 MCMCOBJ=    126.23451363792125     
 iteration         2660 MCMCOBJ=    125.22236293484860     
 iteration         2680 MCMCOBJ=    117.50416462800102     
 iteration         2700 MCMCOBJ=    125.58368452282960     
 iteration         2720 MCMCOBJ=    132.80504296685928     
 iteration         2740 MCMCOBJ=    120.73267642155501     
 iteration         2760 MCMCOBJ=    140.03124212153563     
 iteration         2780 MCMCOBJ=    116.30390052592520     
 iteration         2800 MCMCOBJ=    124.88733596760905     
 iteration         2820 MCMCOBJ=    129.87449989405252     
 iteration         2840 MCMCOBJ=    110.68441451611642     
 iteration         2860 MCMCOBJ=    129.79474807798582     
 iteration         2880 MCMCOBJ=    127.10338760586031     
 iteration         2900 MCMCOBJ=    137.38751175946598     
 iteration         2920 MCMCOBJ=    117.31311046876776     
 iteration         2940 MCMCOBJ=    106.10113702261026     
 iteration         2960 MCMCOBJ=    112.13832838837854     
 iteration         2980 MCMCOBJ=    129.55325481184681     
 iteration         3000 MCMCOBJ=    135.59559676452352     
 iteration         3020 MCMCOBJ=    113.82194973820761     
 iteration         3040 MCMCOBJ=    124.25845128174620     
 iteration         3060 MCMCOBJ=    131.09911176220626     
 iteration         3080 MCMCOBJ=    124.23082105021612     
 iteration         3100 MCMCOBJ=    134.55875958931216     
 iteration         3120 MCMCOBJ=    130.23362877392344     
 iteration         3140 MCMCOBJ=    128.79231084875795     
 iteration         3160 MCMCOBJ=    139.10146566581616     
 iteration         3180 MCMCOBJ=    120.19253766461273     
 iteration         3200 MCMCOBJ=    134.08785262622351     
 iteration         3220 MCMCOBJ=    139.62838647362247     
 iteration         3240 MCMCOBJ=    125.47997610950026     
 iteration         3260 MCMCOBJ=    112.28544874920215     
 iteration         3280 MCMCOBJ=    125.00259166825491     
 iteration         3300 MCMCOBJ=    111.17027918413656     
 iteration         3320 MCMCOBJ=    139.56984570204159     
 iteration         3340 MCMCOBJ=    136.28648902955905     
 iteration         3360 MCMCOBJ=    125.33038942653164     
 iteration         3380 MCMCOBJ=    121.95999577197938     
 iteration         3400 MCMCOBJ=    121.15468124116303     
 iteration         3420 MCMCOBJ=    124.80893110267027     
 iteration         3440 MCMCOBJ=    111.70803469431682     
 iteration         3460 MCMCOBJ=    121.92143471153162     
 iteration         3480 MCMCOBJ=    130.33139053998377     
 iteration         3500 MCMCOBJ=    137.40839456346760     
 iteration         3520 MCMCOBJ=    129.54854260293843     
 iteration         3540 MCMCOBJ=    124.89229219431904     
 iteration         3560 MCMCOBJ=    132.89007632461247     
 iteration         3580 MCMCOBJ=    125.62353728134454     
 iteration         3600 MCMCOBJ=    119.34664701397548     
 iteration         3620 MCMCOBJ=    134.13480558186458     
 iteration         3640 MCMCOBJ=    127.96150614302209     
 iteration         3660 MCMCOBJ=    132.48258955169808     
 iteration         3680 MCMCOBJ=    112.16117186349111     
 iteration         3700 MCMCOBJ=    133.16969692899082     
 iteration         3720 MCMCOBJ=    120.60708727758205     
 iteration         3740 MCMCOBJ=    126.08988050455704     
 iteration         3760 MCMCOBJ=    129.96342231182277     
 iteration         3780 MCMCOBJ=    118.76136351943531     
 iteration         3800 MCMCOBJ=    118.65331113690858     
 iteration         3820 MCMCOBJ=    139.29440607011853     
 iteration         3840 MCMCOBJ=    133.73538020884160     
 iteration         3860 MCMCOBJ=    111.90560282710280     
 iteration         3880 MCMCOBJ=    151.72534981525033     
 iteration         3900 MCMCOBJ=    133.59986788925073     
 iteration         3920 MCMCOBJ=    123.15528781465504     
 iteration         3940 MCMCOBJ=    130.09014629319094     
 iteration         3960 MCMCOBJ=    124.11057124891438     
 iteration         3980 MCMCOBJ=    121.44175411324261     
 iteration         4000 MCMCOBJ=    133.71145557422122     
 iteration         4020 MCMCOBJ=    122.11094119508572     
 iteration         4040 MCMCOBJ=    124.60765448603075     
 iteration         4060 MCMCOBJ=    121.53322751118850     
 iteration         4080 MCMCOBJ=    114.21605416981025     
 iteration         4100 MCMCOBJ=    138.58268484743701     
 iteration         4120 MCMCOBJ=    118.75674355525071     
 iteration         4140 MCMCOBJ=    136.08626568981163     
 iteration         4160 MCMCOBJ=    126.67097022772219     
 iteration         4180 MCMCOBJ=    122.13902651573737     
 iteration         4200 MCMCOBJ=    127.00023399046019     
 iteration         4220 MCMCOBJ=    119.66234827006780     
 iteration         4240 MCMCOBJ=    134.75859121213003     
 iteration         4260 MCMCOBJ=    117.22207645123639     
 iteration         4280 MCMCOBJ=    119.10680255380417     
 iteration         4300 MCMCOBJ=    129.52265266395239     
 iteration         4320 MCMCOBJ=    132.55241479647725     
 iteration         4340 MCMCOBJ=    132.13235690482242     
 iteration         4360 MCMCOBJ=    124.37317704854789     
 iteration         4380 MCMCOBJ=    117.49993705329409     
 iteration         4400 MCMCOBJ=    116.92030959060183     
 iteration         4420 MCMCOBJ=    139.60915043780795     
 iteration         4440 MCMCOBJ=    123.13516004083831     
 iteration         4460 MCMCOBJ=    121.60705289987214     
 iteration         4480 MCMCOBJ=    126.81334611446999     
 iteration         4500 MCMCOBJ=    124.77959590918431     
 iteration         4520 MCMCOBJ=    124.49071562823339     
 iteration         4540 MCMCOBJ=    130.39364746442340     
 iteration         4560 MCMCOBJ=    122.46686736928429     
 iteration         4580 MCMCOBJ=    123.51763060394974     
 iteration         4600 MCMCOBJ=    154.52078078267363     
 iteration         4620 MCMCOBJ=    123.67078236678663     
 iteration         4640 MCMCOBJ=    137.65707108869677     
 iteration         4660 MCMCOBJ=    115.60108346015916     
 iteration         4680 MCMCOBJ=    130.50985645057679     
 iteration         4700 MCMCOBJ=    121.67108589069421     
 iteration         4720 MCMCOBJ=    130.39469532669398     
 iteration         4740 MCMCOBJ=    146.48762179106913     
 iteration         4760 MCMCOBJ=    127.73970569430921     
 iteration         4780 MCMCOBJ=    132.04073005377299     
 iteration         4800 MCMCOBJ=    127.40504619591316     
 iteration         4820 MCMCOBJ=    140.97777244738705     
 iteration         4840 MCMCOBJ=    126.58212128184272     
 iteration         4860 MCMCOBJ=    111.33612223169956     
 iteration         4880 MCMCOBJ=    129.98240506839616     
 iteration         4900 MCMCOBJ=    131.42591717270719     
 iteration         4920 MCMCOBJ=    118.31928785488815     
 iteration         4940 MCMCOBJ=    117.16365846564619     
 iteration         4960 MCMCOBJ=    123.44710709610582     
 iteration         4980 MCMCOBJ=    119.17434554066720     
 iteration         5000 MCMCOBJ=    133.66018946818028     
 iteration         5020 MCMCOBJ=    116.16309633423175     
 iteration         5040 MCMCOBJ=    135.01755059226045     
 iteration         5060 MCMCOBJ=    125.16740303682754     
 iteration         5080 MCMCOBJ=    133.35232565003628     
 iteration         5100 MCMCOBJ=    129.76862367096635     
 iteration         5120 MCMCOBJ=    154.64770345481813     
 iteration         5140 MCMCOBJ=    128.29769009922668     
 iteration         5160 MCMCOBJ=    120.20932217230394     
 iteration         5180 MCMCOBJ=    122.21705301915217     
 iteration         5200 MCMCOBJ=    130.61148050965855     
 iteration         5220 MCMCOBJ=    115.65364329961992     
 iteration         5240 MCMCOBJ=    128.84415384528569     
 iteration         5260 MCMCOBJ=    112.76092755323997     
 iteration         5280 MCMCOBJ=    112.22960619371112     
 iteration         5300 MCMCOBJ=    114.15144258100288     
 iteration         5320 MCMCOBJ=    124.96443823331640     
 iteration         5340 MCMCOBJ=    117.65790938197929     
 iteration         5360 MCMCOBJ=    124.04489667385637     
 iteration         5380 MCMCOBJ=    136.04963390542105     
 iteration         5400 MCMCOBJ=    134.04378653077904     
 iteration         5420 MCMCOBJ=    138.22853396149893     
 iteration         5440 MCMCOBJ=    125.18053408830397     
 iteration         5460 MCMCOBJ=    129.35144960218054     
 iteration         5480 MCMCOBJ=    144.19255757670291     
 iteration         5500 MCMCOBJ=    130.41718831656291     
 iteration         5520 MCMCOBJ=    127.49689684835118     
 iteration         5540 MCMCOBJ=    121.21990737602732     
 iteration         5560 MCMCOBJ=    118.86235599920656     
 iteration         5580 MCMCOBJ=    125.71043077719168     
 iteration         5600 MCMCOBJ=    137.96108652870441     
 iteration         5620 MCMCOBJ=    128.62425341593325     
 iteration         5640 MCMCOBJ=    119.77061565626784     
 iteration         5660 MCMCOBJ=    128.08166191474015     
 iteration         5680 MCMCOBJ=    129.70070343621947     
 iteration         5700 MCMCOBJ=    120.61222270097682     
 iteration         5720 MCMCOBJ=    127.34123120090038     
 iteration         5740 MCMCOBJ=    121.69198514106535     
 iteration         5760 MCMCOBJ=    126.65388971326210     
 iteration         5780 MCMCOBJ=    143.49614575931258     
 iteration         5800 MCMCOBJ=    115.45569068052147     
 iteration         5820 MCMCOBJ=    120.17570372790107     
 iteration         5840 MCMCOBJ=    126.88248304986804     
 iteration         5860 MCMCOBJ=    117.52573344729360     
 iteration         5880 MCMCOBJ=    138.81434887912971     
 iteration         5900 MCMCOBJ=    145.63276808393292     
 iteration         5920 MCMCOBJ=    118.31093159984425     
 iteration         5940 MCMCOBJ=    136.71538104599639     
 iteration         5960 MCMCOBJ=    126.08512580680116     
 iteration         5980 MCMCOBJ=    141.42069132695690     
 iteration         6000 MCMCOBJ=    135.23810431657770     
 iteration         6020 MCMCOBJ=    149.48448494786351     
 iteration         6040 MCMCOBJ=    129.83280643100565     
 iteration         6060 MCMCOBJ=    122.48625673895083     
 iteration         6080 MCMCOBJ=    119.02803781333631     
 iteration         6100 MCMCOBJ=    131.84654536254988     
 iteration         6120 MCMCOBJ=    130.60244502445718     
 iteration         6140 MCMCOBJ=    120.28897543853526     
 iteration         6160 MCMCOBJ=    128.18895664938449     
 iteration         6180 MCMCOBJ=    144.07224632697589     
 iteration         6200 MCMCOBJ=    125.14561439753852     
 iteration         6220 MCMCOBJ=    131.99595502310081     
 iteration         6240 MCMCOBJ=    135.87041884001960     
 iteration         6260 MCMCOBJ=    127.23250772198297     
 iteration         6280 MCMCOBJ=    128.43157385774128     
 iteration         6300 MCMCOBJ=    146.06123589168590     
 iteration         6320 MCMCOBJ=    124.47675461886659     
 iteration         6340 MCMCOBJ=    129.55353156711149     
 iteration         6360 MCMCOBJ=    110.35973585153781     
 iteration         6380 MCMCOBJ=    121.87234845550221     
 iteration         6400 MCMCOBJ=    121.81099628029618     
 iteration         6420 MCMCOBJ=    126.63846671626759     
 iteration         6440 MCMCOBJ=    114.38686812006529     
 iteration         6460 MCMCOBJ=    126.28454525448683     
 iteration         6480 MCMCOBJ=    120.57982294597910     
 iteration         6500 MCMCOBJ=    123.36157983475661     
 iteration         6520 MCMCOBJ=    117.00637795715664     
 iteration         6540 MCMCOBJ=    129.47681190890574     
 iteration         6560 MCMCOBJ=    126.59830817821499     
 iteration         6580 MCMCOBJ=    111.16921894290533     
 iteration         6600 MCMCOBJ=    121.09183039369823     
 iteration         6620 MCMCOBJ=    121.62748391848527     
 iteration         6640 MCMCOBJ=    128.34231506986052     
 iteration         6660 MCMCOBJ=    134.12056536411640     
 iteration         6680 MCMCOBJ=    133.56785605796395     
 iteration         6700 MCMCOBJ=    136.71757619744238     
 iteration         6720 MCMCOBJ=    121.49713594408931     
 iteration         6740 MCMCOBJ=    135.88875414588435     
 iteration         6760 MCMCOBJ=    126.43869575476512     
 iteration         6780 MCMCOBJ=    141.79013424905276     
 iteration         6800 MCMCOBJ=    121.26286045427146     
 iteration         6820 MCMCOBJ=    129.71264154150279     
 iteration         6840 MCMCOBJ=    128.46894319395980     
 iteration         6860 MCMCOBJ=    120.78297150663015     
 iteration         6880 MCMCOBJ=    117.91724534048262     
 iteration         6900 MCMCOBJ=    134.98257025375523     
 iteration         6920 MCMCOBJ=    129.64676791262761     
 iteration         6940 MCMCOBJ=    114.90820426903205     
 iteration         6960 MCMCOBJ=    127.49232318311527     
 iteration         6980 MCMCOBJ=    142.34831592226757     
 iteration         7000 MCMCOBJ=    134.85725584723210     
 iteration         7020 MCMCOBJ=    160.61857916292476     
 iteration         7040 MCMCOBJ=    123.70194866451456     
 iteration         7060 MCMCOBJ=    117.32129040209530     
 iteration         7080 MCMCOBJ=    121.22261113061822     
 iteration         7100 MCMCOBJ=    124.30716691270520     
 iteration         7120 MCMCOBJ=    132.04460257493554     
 iteration         7140 MCMCOBJ=    121.24960377572398     
 iteration         7160 MCMCOBJ=    125.09238798871701     
 iteration         7180 MCMCOBJ=    113.90861882178008     
 iteration         7200 MCMCOBJ=    148.86739195036870     
 iteration         7220 MCMCOBJ=    118.31817680424648     
 iteration         7240 MCMCOBJ=    116.16159056033398     
 iteration         7260 MCMCOBJ=    117.94797451530718     
 iteration         7280 MCMCOBJ=    123.41648329558885     
 iteration         7300 MCMCOBJ=    132.21118556903522     
 iteration         7320 MCMCOBJ=    132.42938999947521     
 iteration         7340 MCMCOBJ=    112.11490482077301     
 iteration         7360 MCMCOBJ=    116.75598644774915     
 iteration         7380 MCMCOBJ=    129.41589986904552     
 iteration         7400 MCMCOBJ=    129.74509244829918     
 iteration         7420 MCMCOBJ=    134.82071880231203     
 iteration         7440 MCMCOBJ=    113.56070633025377     
 iteration         7460 MCMCOBJ=    117.60598942364740     
 iteration         7480 MCMCOBJ=    131.14647130443493     
 iteration         7500 MCMCOBJ=    116.33426331670422     
 iteration         7520 MCMCOBJ=    119.68700730481685     
 iteration         7540 MCMCOBJ=    123.42096499164442     
 iteration         7560 MCMCOBJ=    129.20499881615967     
 iteration         7580 MCMCOBJ=    121.37276580981387     
 iteration         7600 MCMCOBJ=    127.48414999731681     
 iteration         7620 MCMCOBJ=    122.78070018456933     
 iteration         7640 MCMCOBJ=    125.87006098916962     
 iteration         7660 MCMCOBJ=    128.80514915110444     
 iteration         7680 MCMCOBJ=    133.38061816506502     
 iteration         7700 MCMCOBJ=    132.92879386602814     
 iteration         7720 MCMCOBJ=    124.09211080233163     
 iteration         7740 MCMCOBJ=    120.89961609160520     
 iteration         7760 MCMCOBJ=    116.35127565026603     
 iteration         7780 MCMCOBJ=    127.06280794032425     
 iteration         7800 MCMCOBJ=    136.84775787043796     
 iteration         7820 MCMCOBJ=    128.54021668825638     
 iteration         7840 MCMCOBJ=    126.79160627895132     
 iteration         7860 MCMCOBJ=    126.46199764564797     
 iteration         7880 MCMCOBJ=    132.44270492953618     
 iteration         7900 MCMCOBJ=    135.38238449395200     
 iteration         7920 MCMCOBJ=    131.27098433390913     
 iteration         7940 MCMCOBJ=    117.44838068168592     
 iteration         7960 MCMCOBJ=    127.21886443548236     
 iteration         7980 MCMCOBJ=    136.36724046796101     
 iteration         8000 MCMCOBJ=    141.72918690591021     
 iteration         8020 MCMCOBJ=    125.87577507061626     
 iteration         8040 MCMCOBJ=    134.06326093962332     
 iteration         8060 MCMCOBJ=    118.18183033841748     
 iteration         8080 MCMCOBJ=    128.59248470196582     
 iteration         8100 MCMCOBJ=    131.50685814347730     
 iteration         8120 MCMCOBJ=    126.01398203381216     
 iteration         8140 MCMCOBJ=    130.38952030643594     
 iteration         8160 MCMCOBJ=    135.39390561636714     
 iteration         8180 MCMCOBJ=    114.35805669035187     
 iteration         8200 MCMCOBJ=    131.32301973902574     
 iteration         8220 MCMCOBJ=    133.93923469664495     
 iteration         8240 MCMCOBJ=    113.68642558161724     
 iteration         8260 MCMCOBJ=    147.42673319586467     
 iteration         8280 MCMCOBJ=    127.12478959138163     
 iteration         8300 MCMCOBJ=    123.50957402448356     
 iteration         8320 MCMCOBJ=    132.47607601388083     
 iteration         8340 MCMCOBJ=    127.57373399617207     
 iteration         8360 MCMCOBJ=    137.44400177946747     
 iteration         8380 MCMCOBJ=    122.98018719568624     
 iteration         8400 MCMCOBJ=    132.00840507049094     
 iteration         8420 MCMCOBJ=    128.29427991745555     
 iteration         8440 MCMCOBJ=    129.66702046505276     
 iteration         8460 MCMCOBJ=    122.31681776753653     
 iteration         8480 MCMCOBJ=    127.31774183057001     
 iteration         8500 MCMCOBJ=    128.75430457577352     
 iteration         8520 MCMCOBJ=    133.32671372715231     
 iteration         8540 MCMCOBJ=    136.09749938721566     
 iteration         8560 MCMCOBJ=    134.46914511731231     
 iteration         8580 MCMCOBJ=    130.50231136353997     
 iteration         8600 MCMCOBJ=    124.89309987183391     
 iteration         8620 MCMCOBJ=    126.61497348398956     
 iteration         8640 MCMCOBJ=    132.50697612678454     
 iteration         8660 MCMCOBJ=    117.53164195716619     
 iteration         8680 MCMCOBJ=    115.58907819000939     
 iteration         8700 MCMCOBJ=    123.12065595364639     
 iteration         8720 MCMCOBJ=    127.70315461707038     
 iteration         8740 MCMCOBJ=    132.63541553845519     
 iteration         8760 MCMCOBJ=    129.50409930486683     
 iteration         8780 MCMCOBJ=    121.06753026331127     
 iteration         8800 MCMCOBJ=    121.90298643704045     
 iteration         8820 MCMCOBJ=    118.63772781063783     
 iteration         8840 MCMCOBJ=    126.11461983306087     
 iteration         8860 MCMCOBJ=    127.34498428157218     
 iteration         8880 MCMCOBJ=    133.61634948649942     
 iteration         8900 MCMCOBJ=    129.79274388674031     
 iteration         8920 MCMCOBJ=    135.16853177900177     
 iteration         8940 MCMCOBJ=    114.17924989090258     
 iteration         8960 MCMCOBJ=    127.31067267717251     
 iteration         8980 MCMCOBJ=    124.14349138336448     
 iteration         9000 MCMCOBJ=    135.26581763229871     
 iteration         9020 MCMCOBJ=    139.39944503966501     
 iteration         9040 MCMCOBJ=    114.84031826745053     
 iteration         9060 MCMCOBJ=    119.33396329998723     
 iteration         9080 MCMCOBJ=    137.13887780599867     
 iteration         9100 MCMCOBJ=    138.55205841027947     
 iteration         9120 MCMCOBJ=    127.78912220111287     
 iteration         9140 MCMCOBJ=    111.57118338605950     
 iteration         9160 MCMCOBJ=    124.66429077356652     
 iteration         9180 MCMCOBJ=    130.89685091503875     
 iteration         9200 MCMCOBJ=    132.93323118302109     
 iteration         9220 MCMCOBJ=    132.57360056939984     
 iteration         9240 MCMCOBJ=    117.12537659145210     
 iteration         9260 MCMCOBJ=    126.35883747746007     
 iteration         9280 MCMCOBJ=    126.51072914838903     
 iteration         9300 MCMCOBJ=    130.14827112871501     
 iteration         9320 MCMCOBJ=    116.02096286841881     
 iteration         9340 MCMCOBJ=    115.75738158040940     
 iteration         9360 MCMCOBJ=    133.67117283412000     
 iteration         9380 MCMCOBJ=    132.04118936996724     
 iteration         9400 MCMCOBJ=    129.87785937129132     
 iteration         9420 MCMCOBJ=    124.63440805055825     
 iteration         9440 MCMCOBJ=    119.67913729626271     
 iteration         9460 MCMCOBJ=    127.09218763018868     
 iteration         9480 MCMCOBJ=    123.80435659224699     
 iteration         9500 MCMCOBJ=    139.94282680004562     
 iteration         9520 MCMCOBJ=    113.33550871941026     
 iteration         9540 MCMCOBJ=    122.87471349775574     
 iteration         9560 MCMCOBJ=    141.58342108069149     
 iteration         9580 MCMCOBJ=    116.19232854398192     
 iteration         9600 MCMCOBJ=    121.17228614702486     
 iteration         9620 MCMCOBJ=    119.87920821233165     
 iteration         9640 MCMCOBJ=    128.05413038258857     
 iteration         9660 MCMCOBJ=    124.92018548599319     
 iteration         9680 MCMCOBJ=    120.60395780319980     
 iteration         9700 MCMCOBJ=    126.82688965294267     
 iteration         9720 MCMCOBJ=    124.73414354665361     
 iteration         9740 MCMCOBJ=    123.87865128962756     
 iteration         9760 MCMCOBJ=    146.10339545308415     
 iteration         9780 MCMCOBJ=    126.32330308063726     
 iteration         9800 MCMCOBJ=    128.39079111178870     
 iteration         9820 MCMCOBJ=    124.41110642563716     
 iteration         9840 MCMCOBJ=    126.86880526304944     
 iteration         9860 MCMCOBJ=    125.20157131071907     
 iteration         9880 MCMCOBJ=    126.17664699833139     
 iteration         9900 MCMCOBJ=    131.26843423126056     
 iteration         9920 MCMCOBJ=    131.37199831351697     
 iteration         9940 MCMCOBJ=    124.42784595196606     
 iteration         9960 MCMCOBJ=    115.45314229114148     
 iteration         9980 MCMCOBJ=    115.12023753111664     
 iteration        10000 MCMCOBJ=    117.68651370585746     
 BURN-IN WAS COMPLETED

 #TERM:
 STATISTICAL PORTION WAS COMPLETED
  
 TOTAL DATA POINTS NORMALLY DISTRIBUTED (N):           36
 N*LOG(2PI) CONSTANT TO OBJECTIVE FUNCTION:    66.163574390736429     
 OBJECTIVE FUNCTION VALUE WITHOUT CONSTANT:    126.43492576864723     
 OBJECTIVE FUNCTION VALUE WITH CONSTANT:       192.59850015938366     
 REPORTED OBJECTIVE FUNCTION DOES NOT CONTAIN CONSTANT
  
 TOTAL EFFECTIVE ETAS (NIND*NETA):                            18
 NIND*NETA*LOG(2PI) CONSTANT TO OBJECTIVE FUNCTION:    33.081787195368214     
 OBJECTIVE FUNCTION VALUE WITHOUT CONSTANT:    126.43492576864723     
 OBJECTIVE FUNCTION VALUE WITH CONSTANT:       159.51671296401545     
 REPORTED OBJECTIVE FUNCTION DOES NOT CONTAIN CONSTANT
  
 PRIOR CONSTANT TO OBJECTIVE FUNCTION:    30.823646298206345     
 OBJECTIVE FUNCTION VALUE WITHOUT CONSTANT:    126.43492576864723     
 OBJECTIVE FUNCTION VALUE WITH CONSTANT:       157.25857206685359     
 REPORTED OBJECTIVE FUNCTION DOES NOT CONTAIN CONSTANT
  
 #TERE:
 Elapsed estimation  time in seconds:    18.60
 Elapsed covariance  time in seconds:     0.00
1
 
 
 
 
 
 
 
 
 
 
 
 
 
 
 
 
 
 
 
 
 ************************************************************************************************************************
 ********************                                                                                ********************
 ********************                              MCMC BAYESIAN ANALYSIS                            ********************
 #OBJT:**************                       AVERAGE VALUE OF LIKELIHOOD FUNCTION                     ********************
 ********************                                                                                ********************
 ************************************************************************************************************************
 





 #OBJV:********************************************      126.435       **************************************************
 #OBJS:********************************************        8.458 (STD) **************************************************
1
 ************************************************************************************************************************
 ********************                                                                                ********************
 ********************                              MCMC BAYESIAN ANALYSIS                            ********************
 ********************                             FINAL PARAMETER ESTIMATE                           ********************
 ********************                                                                                ********************
 ************************************************************************************************************************
 


 THETA - VECTOR OF FIXED EFFECTS PARAMETERS   *********


         THETA(CL) THETA(V) 
 
         3.39E+00  3.60E+01
 


 OMEGA - COV MATRIX FOR RANDOM EFFECTS - ETAS  ********


         ETA(CL)   ETA(V)   
 
 ETA(CL)
+        1.23E-01
 
 ETA(V)
+        2.43E-02  1.17E-01
 


 SIGMA - COV MATRIX FOR RANDOM EFFECTS - EPSILONS  ****


         EPS1     
 
 EPS1
+        5.05E-02
 
1


 OMEGA - CORR MATRIX FOR RANDOM EFFECTS - ETAS  *******


         ETA(CL)   ETA(V)   
 
 ETA(CL)
+        3.37E-01
 
 ETA(V)
+        1.90E-01  3.29E-01
 


 SIGMA - CORR MATRIX FOR RANDOM EFFECTS - EPSILONS  ***


         EPS1     
 
 EPS1
+        2.22E-01
 
1
 ************************************************************************************************************************
 ********************                                                                                ********************
 ********************                              MCMC BAYESIAN ANALYSIS                            ********************
 ********************                STANDARD ERROR OF ESTIMATE (From Sample Variance)               ********************
 ********************                                                                                ********************
 ************************************************************************************************************************
 


 THETA - VECTOR OF FIXED EFFECTS PARAMETERS   *********


         THETA(CL) THETA(V) 
 
         4.42E-01  5.06E+00
 


 OMEGA - COV MATRIX FOR RANDOM EFFECTS - ETAS  ********


         ETA(CL)   ETA(V)   
 
 ETA(CL)
+        8.19E-02
 
 ETA(V)
+        5.34E-02  7.97E-02
 


 SIGMA - COV MATRIX FOR RANDOM EFFECTS - EPSILONS  ****


         EPS1     
 
 EPS1
+        1.78E-02
 
1


 OMEGA - CORR MATRIX FOR RANDOM EFFECTS - ETAS  *******


         ETA(CL)   ETA(V)   
 
 ETA(CL)
+        9.51E-02
 
 ETA(V)
+        3.28E-01  9.46E-02
 


 SIGMA - CORR MATRIX FOR RANDOM EFFECTS - EPSILONS  ***


         EPS1     
 
 EPS1
+        3.72E-02
 
1
 ************************************************************************************************************************
 ********************                                                                                ********************
 ********************                              MCMC BAYESIAN ANALYSIS                            ********************
 ********************               COVARIANCE MATRIX OF ESTIMATE (From Sample Variance)             ********************
 ********************                                                                                ********************
 ************************************************************************************************************************
 

            TH 1      TH 2      OM11      OM12      OM22      SG11  
 
 TH 1
+        1.95E-01
 
 TH 2
+        2.91E-01  2.56E+01
 
 OM11
+       -1.21E-03  1.11E-02  6.70E-03
 
 OM12
+        9.11E-04 -6.22E-03  1.03E-03  2.85E-03
 
 OM22
+       -5.55E-04 -3.57E-03  7.93E-04  1.43E-03  6.35E-03
 
 SG11
+        2.74E-04  1.15E-02 -1.72E-05 -3.00E-05  7.68E-06  3.17E-04
 
1
 ************************************************************************************************************************
 ********************                                                                                ********************
 ********************                              MCMC BAYESIAN ANALYSIS                            ********************
 ********************              CORRELATION MATRIX OF ESTIMATE (From Sample Variance)             ********************
 ********************                                                                                ********************
 ************************************************************************************************************************
 

            TH 1      TH 2      OM11      OM12      OM22      SG11  
 
 TH 1
+        4.42E-01
 
 TH 2
+        1.30E-01  5.06E+00
 
 OM11
+       -3.35E-02  2.67E-02  8.19E-02
 
 OM12
+        3.86E-02 -2.30E-02  2.35E-01  5.34E-02
 
 OM22
+       -1.58E-02 -8.85E-03  1.22E-01  3.37E-01  7.97E-02
 
 SG11
+        3.48E-02  1.28E-01 -1.18E-02 -3.16E-02  5.42E-03  1.78E-02
 
1
 ************************************************************************************************************************
 ********************                                                                                ********************
 ********************                              MCMC BAYESIAN ANALYSIS                            ********************
 ********************           INVERSE COVARIANCE MATRIX OF ESTIMATE (From Sample Variance)         ********************
 ********************                                                                                ********************
 ************************************************************************************************************************
 

            TH 1      TH 2      OM11      OM12      OM22      SG11  
 
 TH 1
+        5.24E+00
 
 TH 2
+       -5.95E-02  4.05E-02
 
 OM11
+        1.36E+00 -1.01E-01  1.59E+02
 
 OM12
+       -2.77E+00  1.28E-01 -5.41E+01  4.16E+02
 
 OM22
+        8.82E-01  3.09E-03 -7.56E+00 -8.73E+01  1.78E+02
 
 SG11
+       -2.58E+00 -1.41E+00  6.20E+00  3.63E+01 -1.39E+01  3.22E+03
 
 Elapsed postprocess time in seconds:     0.00
 #CPUT: Total CPU Time in Seconds,       12.500
Stop Time: 
Tue 01/03/2017 
10:24 PM
