Tue 01/03/2017 
10:28 PM
$PROB one cmpt simple mu modeled bayes multidose nids: 36 scenario: tr
;; based_on: run100
$SUB ADVAN1 TRANS2
$INPUT ID TIME DV OBSNUM CMT EVID AMT RATE ADDL II 
$DATA ..\..\mdata\simple_nocovar_56id_6tp_md.csv
IGNORE=@ 
IGNORE=(OBSNUM.EQN.1)
IGNORE=(OBSNUM.EQN.2)
IGNORE=(OBSNUM.EQN.4)
IGNORE=(OBSNUM.EQN.5)
IGNORE=(OBSNUM.EQN.6)
IGNORE=(ID.GT.36)
$ABBR REPLACE THETA(CL, V) = THETA(1 to 2)
$ABBR REPLACE ETA(CL, V) = ETA(1 to 2)

$THETAI
THETA(1:NTHETA)=LOG(THETAI(1:NTHETA))
THETAP(1:NTHETAP)=LOG(THETAPI(1:NTHETAP))
$THETAR
THETAR(1:NTHETA)=EXP(THETA(1:NTHETA))
THETAPR(1:NTHETAP)=EXP(THETAP(1:NTHETAP))

$PRIOR NWPRI 

$PK
"USE NMBAYES_INT, ONLY: ITER_REPORT,BAYES_EXTRA_REQUEST,BAYES_EXTRA
; Request extra information for Bayesian analysis.
; An extra call will then be made for accepted samples
"BAYES_EXTRA_REQUEST=1

MU_1 = THETA(CL)
MU_2 = THETA(V)
CL = EXP(MU_1 + ETA(CL))
V = EXP(MU_2 + ETA(V))
S1 = V

"IF(BAYES_EXTRA==1 .AND. ITER_REPORT>=0 .AND. TIME==0.0) THEN
"WRITE(50,98) ITER_REPORT,ID,CL,V
"98 FORMAT(I12,1X,F14.0,4(1X,1PG12.5))
"ENDIF

$ERROR
IPRED=F
Y = IPRED*(1 + ERR(1))  

$THETA
(0.001, 2.5) ; TVCL
(0.001, 46) ; TVV

$OMEGA BLOCK(2)
0.1    ; nCL
0.1  0.1  ; nV

$SIGMA
0.03 ; PROP

; THETA PRIORS
$THETAP (2.5 FIX) (46 FIX) 

; THETA (uniformative) PRIORs
$THETAPV BLOCK(2)
10000 FIX
0.0 10000 

$OMEGAP BLOCK(2)
0.2 FIX
0 0.2

; degrees of freedom to prior omega matrix - low dof = highly uninformative
$OMEGAPD (2 FIX)

$EST METHOD=CHAIN FILE=..\run100.chn NSAMPLE=0 ISAMPLE=3 DF=20
$EST METHOD=BAYES INTER NBURN=4000 NITER=10000 PRINT=20 NOPRIOR=0 CTYPE=3 CITER=10 SEED=56664
  
NM-TRAN MESSAGES 
  
 WARNINGS AND ERRORS (IF ANY) FOR PROBLEM    1
             
 (WARNING  2) NM-TRAN INFERS THAT THE DATA ARE POPULATION.

 (MU_WARNING 20) MU_001: MU_ VARIABLE SHOULD NOT BE DEFINED AFTER VERBATIM CODE.
  
License Registered to: Devin Pastoor
Expiration Date:    14 NOV 2017
Current Date:        3 JAN 2017
Days until program expires : 311
1NONLINEAR MIXED EFFECTS MODEL PROGRAM (NONMEM) VERSION 7.4.0 alpha14 (nm74a14)
 ORIGINALLY DEVELOPED BY STUART BEAL, LEWIS SHEINER, AND ALISON BOECKMANN
 CURRENT DEVELOPERS ARE ROBERT BAUER, ICON DEVELOPMENT SOLUTIONS,
 AND ALISON BOECKMANN. IMPLEMENTATION, EFFICIENCY, AND STANDARDIZATION
 PERFORMED BY NOUS INFOSYSTEMS.

 PROBLEM NO.:         1
 one cmpt simple mu modeled bayes multidose nids: 36 scenario: tr
0DATA CHECKOUT RUN:              NO
 DATA SET LOCATED ON UNIT NO.:    2
 THIS UNIT TO BE REWOUND:        NO
 NO. OF DATA RECS IN DATA SET:       72
 NO. OF DATA ITEMS IN DATA SET:  11
 ID DATA ITEM IS DATA ITEM NO.:   1
 DEP VARIABLE IS DATA ITEM NO.:   3
 MDV DATA ITEM IS DATA ITEM NO.: 11
0INDICES PASSED TO SUBROUTINE PRED:
   6   2   7   8   0  10   5   0   0   0   9
0LABELS FOR DATA ITEMS:
 ID TIME DV OBSNUM CMT EVID AMT RATE ADDL II MDV
0LABELS FOR THETAS
 THETA(1)=THETA(CL)
 THETA(2)=THETA(V)
0LABELS FOR ETAS
 ETA(1)=ETA(CL)
0LABELS FOR ETAS
 ETA(2)=ETA(V)
0FORMAT FOR DATA:
 (2E3.0,E17.0,3E2.0,2E5.0,E2.0,E3.0,1F2.0)

 TOT. NO. OF OBS RECS:       36
 TOT. NO. OF INDIVIDUALS:     36
0LENGTH OF THETA:   5
0DEFAULT THETA BOUNDARY TEST OMITTED:    NO
0OMEGA HAS BLOCK FORM:
  1
  1  1
  0  0  2
  0  0  2  2
  0  0  0  0  3
  0  0  0  0  3  3
0DEFAULT OMEGA BOUNDARY TEST OMITTED:    NO
0SIGMA HAS SIMPLE DIAGONAL FORM WITH DIMENSION:   1
0DEFAULT SIGMA BOUNDARY TEST OMITTED:    NO
0INITIAL ESTIMATE OF THETA:
 LOWER BOUND    INITIAL EST    UPPER BOUND
  0.1000E-02     0.2500E+01     0.1000E+07
  0.1000E-02     0.4600E+02     0.1000E+07
  0.2500E+01     0.2500E+01     0.2500E+01
  0.4600E+02     0.4600E+02     0.4600E+02
  0.2000E+01     0.2000E+01     0.2000E+01
0INITIAL ESTIMATE OF OMEGA:
 BLOCK SET NO.   BLOCK                                                                    FIXED
        1                                                                                   NO
 DIAGONAL SHIFT OF  1.1000E-07 WAS IMPOSED TO ENSURE POSITIVE DEFINITENESS
                  0.1000E+00
                  0.1000E+00   0.1000E+00
        2                                                                                  YES
                  0.1000E+05
                  0.0000E+00   0.1000E+05
        3                                                                                  YES
                  0.2000E+00
                  0.0000E+00   0.2000E+00
0INITIAL ESTIMATE OF SIGMA:
 0.3000E-01
0
 THETAI SUBROUTINE USER-SUPPLIED
 THETAR SUBROUTINE USER-SUPPLIED
 PRIOR SUBROUTINE USER-SUPPLIED
1DOUBLE PRECISION PREDPP VERSION 7.4.0 alpha14 (nm74a14)

 ONE COMPARTMENT MODEL (ADVAN1)
0MAXIMUM NO. OF BASIC PK PARAMETERS:   2
0BASIC PK PARAMETERS (AFTER TRANSLATION):
   ELIMINATION RATE (K) IS BASIC PK PARAMETER NO.:  1

 TRANSLATOR WILL CONVERT PARAMETERS
 CLEARANCE (CL) AND VOLUME (V) TO K (TRANS2)
0COMPARTMENT ATTRIBUTES
 COMPT. NO.   FUNCTION   INITIAL    ON/OFF      DOSE      DEFAULT    DEFAULT
                         STATUS     ALLOWED    ALLOWED    FOR DOSE   FOR OBS.
    1         CENTRAL      ON         NO         YES        YES        YES
    2         OUTPUT       OFF        YES        NO         NO         NO
1
 ADDITIONAL PK PARAMETERS - ASSIGNMENT OF ROWS IN GG
 COMPT. NO.                             INDICES
              SCALE      BIOAVAIL.   ZERO-ORDER  ZERO-ORDER  ABSORB
                         FRACTION    RATE        DURATION    LAG
    1            3           *           *           *           *
    2            *           -           -           -           -
             - PARAMETER IS NOT ALLOWED FOR THIS MODEL
             * PARAMETER IS NOT SUPPLIED BY PK SUBROUTINE;
               WILL DEFAULT TO ONE IF APPLICABLE
0DATA ITEM INDICES USED BY PRED ARE:
   EVENT ID DATA ITEM IS DATA ITEM NO.:      6
   TIME DATA ITEM IS DATA ITEM NO.:          2
   DOSE AMOUNT DATA ITEM IS DATA ITEM NO.:   7
   DOSE RATE DATA ITEM IS DATA ITEM NO.:     8
   INTERVAL DATA ITEM IS DATA ITEM NO.:     10
   ADDL. DOSES DATA ITEM IS DATA ITEM NO.:   9
   COMPT. NO. DATA ITEM IS DATA ITEM NO.:    5

0PK SUBROUTINE CALLED WITH EVERY EVENT RECORD.
 PK SUBROUTINE NOT CALLED AT NONEVENT (ADDITIONAL OR LAGGED) DOSE TIMES.
0ERROR SUBROUTINE CALLED WITH EVERY EVENT RECORD.
1


 #TBLN:      1
 #METH: Chain Method Processing

 RANDOM GENERATION TYPE (CTYPE):     0
 RANDOM GENERATION SEED (SEED):      11456
 RANDOM SAMPLE SELECTION (ISAMPLE):  3
 RANDOM SAMPLE RANGE END (ISAMPEND): -2147483647
 NUMBER OF RANDOM SAMPLES (NSAMPLE): 0
 UNIFORM FRACTIONAL RANGE (IACCEPT): 0.400000000000000
 RANDOM SELECTION TYPE (SELECT):     0
 DEG. FR. TO GENERATE OMEGAS (DF):   20
 DEG. FR. TO GENERATE SIGMAS (DFS):  -1
 CHAIN FILE (FILE):                  ..\run100.chn
 EXCL. TITLE IN CHAIN FILE (NOTITLE):NO
 EX. COL. LBS. IN CHAIN FL.(NOLABEL):NO
 FORMAT FOR CHAIN FILE (FORMAT):     S1PE12.5
 PAR. ORDER in CHAIN FILE (ORDER):   TSOL
 RANDOM SAMPLING METHOD (RANMETHOD):3U

 THE FOLLOWING LABELS ARE EQUIVALENT
 PRED=NPRED
 RES=NRES
 WRES=NWRES
 IWRS=NIWRES
 IPRD=NIPRED
 IRS=NIRES



 FROM SAMPLE 3 OF CHAIN FILE ..\run100.chn
 NEW INITIAL ESTIMATES OF THETA
  0.1754E-01
  0.2172E+01
 NEW INITIAL ESTIMATES OF OMEGA
 DIAGONAL SHIFT OF  2.2018E-07 WAS IMPOSED ON OMEGAS TO ENSURE POSITIVE DEFINITENESS
  0.2002E+00
  0.2002E+00  0.2003E+00
 NEW INITIAL ESTIMATES OF SIGMA
  0.1176E-01
1


 #TBLN:      1
 #METH: MCMC Bayesian Analysis

 ESTIMATION STEP OMITTED:                 NO
 ANALYSIS TYPE:                           POPULATION
 NUMBER OF SADDLE POINT RESET ITERATIONS:      0
 GRADIENT METHOD USED:               NOSLOW
 CONDITIONAL ESTIMATES USED:              YES
 CENTERED ETA:                            NO
 EPS-ETA INTERACTION:                     YES
 LAPLACIAN OBJ. FUNC.:                    NO
 NO. OF FUNCT. EVALS. ALLOWED:            840
 NO. OF SIG. FIGURES REQUIRED:            3
 INTERMEDIATE PRINTOUT:                   YES
 ESTIMATE OUTPUT TO MSF:                  NO
 IND. OBJ. FUNC. VALUES SORTED:           NO
 NUMERICAL DERIVATIVE
       FILE REQUEST (NUMDER):               NONE
 MAP (ETAHAT) ESTIMATION METHOD (OPTMAP):   0
 ETA HESSIAN EVALUATION METHOD (ETADER):    0
 INITIAL ETA FOR MAP ESTIMATION (MCETA):    0
 SIGDIGITS FOR MAP ESTIMATION (SIGLO):      100
 GRADIENT SIGDIGITS OF
       FIXED EFFECTS PARAMETERS (SIGL):     100
 NOPRIOR SETTING (NOPRIOR):                 OFF
 NOCOV SETTING (NOCOV):                     OFF
 DERCONT SETTING (DERCONT):                 OFF
 FINAL ETA RE-EVALUATION (FNLETA):          ON
 EXCLUDE NON-INFLUENTIAL (NON-INFL.) ETAS
       IN SHRINKAGE (ETASTYPE):             NO
 NON-INFL. ETA CORRECTION (NONINFETA):      OFF
 RAW OUTPUT FILE (FILE): run118_nids_36_tr_c3.ext
 EXCLUDE TITLE (NOTITLE):                   NO
 EXCLUDE COLUMN LABELS (NOLABEL):           NO
 FORMAT FOR ADDITIONAL FILES (FORMAT):      S1PE12.5
 PARAMETER ORDER FOR OUTPUTS (ORDER):       TSOL
 WISHART PRIOR DF INTERPRETATION (WISHTYPE):0
 KNUTHSUMOFF:                               0
 INCLUDE LNTWOPI:                           NO
 INCLUDE CONSTANT TERM TO PRIOR (PRIORC):   NO
 INCLUDE CONSTANT TERM TO OMEGA (ETA) (OLNTWOPI):NO
 EM OR BAYESIAN METHOD USED:                MCMC BAYESIAN (BAYES)
 MU MODELING PATTERN (MUM):
 GRADIENT/GIBBS PATTERN (GRD):
 AUTOMATIC SETTING FEATURE (AUTO):          OFF
 CONVERGENCE TYPE (CTYPE):                  3
 KEEP ITERATIONS (THIN):            1
 CONVERGENCE INTERVAL (CINTERVAL):          20
 CONVERGENCE ITERATIONS (CITER):            10
 CONVERGENCE ALPHA ERROR (CALPHA):          5.000000000000000E-02
 BURN-IN ITERATIONS (NBURN):                4000
 ITERATIONS (NITER):                        10000
 ANEAL SETTING (CONSTRAIN):                 1
 STARTING SEED FOR MC METHODS (SEED):       56664
 MC SAMPLES PER SUBJECT (ISAMPLE):          1
 RANDOM SAMPLING METHOD (RANMETHOD):        3U
 PROPOSAL DENSITY SCALING RANGE
              (ISCALE_MIN, ISCALE_MAX):     1.000000000000000E-06   ,1000000.00000000
 SAMPLE ACCEPTANCE RATE (IACCEPT):          0.400000000000000
 METROPOLIS HASTINGS SAMPLING FOR INDIVIDUAL ETAS:
 SAMPLES FOR GLOBAL SEARCH KERNEL (ISAMPLE_M1):          2
 SAMPLES FOR NEIGHBOR SEARCH KERNEL (ISAMPLE_M1A):       0
 SAMPLES FOR MASS/IMP/POST. MATRIX SEARCH (ISAMPLE_M1B): 2
 SAMPLES FOR LOCAL SEARCH KERNEL (ISAMPLE_M2):           2
 SAMPLES FOR LOCAL UNIVARIATE KERNEL (ISAMPLE_M3):       2
 PWR. WT. MASS/IMP/POST MATRIX ACCUM. FOR ETAS (IKAPPA): 1.00000000000000
 MASS/IMP./POST. MATRIX REFRESH SETTING (MASSREST):      -1
 METROPOLIS HASTINGS POPULATION SAMPLING FOR NON-GIBBS
 SAMPLED THETAS AND SIGMAS:
 PROPOSAL DENSITY SCALING RANGE
              (PSCALE_MIN, PSCALE_MAX):   1.000000000000000E-02   ,1000.00000000000
 SAMPLE ACCEPTANCE RATE (PACCEPT):                       0.500000000000000
 SAMPLES FOR GLOBAL SEARCH KERNEL (PSAMPLE_M1):          1
 SAMPLES FOR LOCAL SEARCH KERNEL (PSAMPLE_M2):           -1
 SAMPLES FOR LOCAL UNIVARIATE KERNEL (PSAMPLE_M3):       1
 METROPOLIS HASTINGS POPULATION SAMPLING FOR NON-GIBBS
 SAMPLED OMEGAS:
 SAMPLE ACCEPTANCE RATE (OACCEPT):                       0.500000000000000
 SAMPLES FOR GLOBAL SEARCH KERNEL (OSAMPLE_M1):          -1
 SAMPLES FOR LOCAL SEARCH KERNEL (OSAMPLE_M2):           -1
 SAMPLES FOR LOCAL UNIVARIATE SEARCH KERNEL (OSAMPLE_M3):0
 DEG. FR. FOR T DIST.  PRIOR FOR THETAS (TTDF):        0.00000000000000
 DEG. FR. FOR LKJ CORRELATION PRIOR FOR OMEGAS (OLKJDF): 0.00000000000000
 WEIGHT FACTOR FOR STD PRIOR FOR OMEGAS (OVARF): 1.00000000000000
 DEG. FR. FOR LKJ CORRELATION PRIOR FOR SIGMAS (SLKJDF): 0.00000000000000
 WEIGHT FACTOR FOR STD PRIOR FOR SIGMAS (SVARF): 1.00000000000000


 THE FOLLOWING LABELS ARE EQUIVALENT
 PRED=PREDI
 RES=RESI
 WRES=WRESI
 IWRS=IWRESI
 IPRD=IPREDI
 IRS=IRESI

 EM/BAYES SETUP:
 THETAS THAT ARE MU MODELED:
   1   2
 THETAS THAT ARE GIBBS SAMPLED:
   1   2
 THETAS THAT ARE METROPOLIS-HASTINGS SAMPLED:
 
 SIGMAS THAT ARE GIBBS SAMPLED:
   1
 SIGMAS THAT ARE METROPOLIS-HASTINGS SAMPLED:
 
 OMEGAS ARE GIBBS SAMPLED

 MONITORING OF SEARCH:

 Burn-in Mode
 iteration        -4000 MCMCOBJ=    1858198.0126118471     
 iteration        -3980 MCMCOBJ=    197.16750297822790     
 iteration        -3960 MCMCOBJ=    79.953677367607895     
 iteration        -3940 MCMCOBJ=    84.176531931724455     
 iteration        -3920 MCMCOBJ=    33.053836061955948     
 iteration        -3900 MCMCOBJ=    59.686702908034448     
 iteration        -3880 MCMCOBJ=    60.381568734697446     
 iteration        -3860 MCMCOBJ=    19.919071834905498     
 iteration        -3840 MCMCOBJ=   -56.656525959607677     
 iteration        -3820 MCMCOBJ=   -85.211954724532177     
 iteration        -3800 MCMCOBJ=   -60.538771593464524     
 iteration        -3780 MCMCOBJ=   -33.890821718108583     
 iteration        -3760 MCMCOBJ=   -59.470544808605503     
 iteration        -3740 MCMCOBJ=   -9.2148760801067162     
 iteration        -3720 MCMCOBJ=   -50.457513694134590     
 iteration        -3700 MCMCOBJ=   -117.81241880168827     
 iteration        -3680 MCMCOBJ=   -82.896126256996808     
 iteration        -3660 MCMCOBJ=   -56.489087788560205     
 iteration        -3640 MCMCOBJ=    16.203762916751508     
 iteration        -3620 MCMCOBJ=    17.809231138656031     
 iteration        -3600 MCMCOBJ=   -8.4001513512776516     
 Convergence achieved
 Sampling Mode
 iteration            0 MCMCOBJ=   -28.099041622219119     
 iteration           20 MCMCOBJ=    95.833322537803141     
 iteration           40 MCMCOBJ=    40.447550181049571     
 iteration           60 MCMCOBJ=   -30.110833499132728     
 iteration           80 MCMCOBJ=   -52.876869135545121     
 iteration          100 MCMCOBJ=    26.869976200958508     
 iteration          120 MCMCOBJ=    49.597763657325949     
 iteration          140 MCMCOBJ=    113.02665696412544     
 iteration          160 MCMCOBJ=    20.188462279953448     
 iteration          180 MCMCOBJ=   -74.244931895358491     
 iteration          200 MCMCOBJ=   -49.227632081724160     
 iteration          220 MCMCOBJ=   -48.484519995802586     
 iteration          240 MCMCOBJ=   -167.72791184509845     
 iteration          260 MCMCOBJ=   -158.77232298381526     
 iteration          280 MCMCOBJ=   -192.50721889527378     
 iteration          300 MCMCOBJ=   -126.68077686400086     
 iteration          320 MCMCOBJ=   -130.82103988515189     
 iteration          340 MCMCOBJ=   -109.17300579019751     
 iteration          360 MCMCOBJ=   -113.27187556939555     
 iteration          380 MCMCOBJ=   -94.612975151921944     
 iteration          400 MCMCOBJ=   -26.631846628465521     
 iteration          420 MCMCOBJ=   -68.691847074537137     
 iteration          440 MCMCOBJ=    18.211478175781707     
 iteration          460 MCMCOBJ=    17.743878416399582     
 iteration          480 MCMCOBJ=   -10.855961682282699     
 iteration          500 MCMCOBJ=    2.5981773477114465     
 iteration          520 MCMCOBJ=    49.529722909172847     
 iteration          540 MCMCOBJ=    10.170064809765504     
 iteration          560 MCMCOBJ=    10.187143662260286     
 iteration          580 MCMCOBJ=    14.297218572421777     
 iteration          600 MCMCOBJ=    8.6874415458016205     
 iteration          620 MCMCOBJ=   -33.078199296239845     
 iteration          640 MCMCOBJ=   -57.495186606962271     
 iteration          660 MCMCOBJ=   -51.007812025437893     
 iteration          680 MCMCOBJ=   -99.533468695369137     
 iteration          700 MCMCOBJ=   -54.035505008060845     
 iteration          720 MCMCOBJ=   -52.881619399726915     
 iteration          740 MCMCOBJ=    21.025295335201328     
 iteration          760 MCMCOBJ=    108.23876872022977     
 iteration          780 MCMCOBJ=    66.794175077566905     
 iteration          800 MCMCOBJ=    39.271243793833229     
 iteration          820 MCMCOBJ=    64.887822040529826     
 iteration          840 MCMCOBJ=    2.3144476327226795     
 iteration          860 MCMCOBJ=    19.576185482846082     
 iteration          880 MCMCOBJ=    28.579366807405354     
 iteration          900 MCMCOBJ=   -7.0911917633512562     
 iteration          920 MCMCOBJ=    43.748258793698618     
 iteration          940 MCMCOBJ=   -18.432708382837472     
 iteration          960 MCMCOBJ=   -12.581404189692956     
 iteration          980 MCMCOBJ=    13.106463990226153     
 iteration         1000 MCMCOBJ=    29.132997887274218     
 iteration         1020 MCMCOBJ=    48.182271005656332     
 iteration         1040 MCMCOBJ=    27.127863272371265     
 iteration         1060 MCMCOBJ=    60.793879039646349     
 iteration         1080 MCMCOBJ=   -13.410637773396289     
 iteration         1100 MCMCOBJ=    39.398938257259331     
 iteration         1120 MCMCOBJ=    11.386881004603877     
 iteration         1140 MCMCOBJ=    41.596324284518630     
 iteration         1160 MCMCOBJ=    29.174082264590186     
 iteration         1180 MCMCOBJ=   -51.133722285432576     
 iteration         1200 MCMCOBJ=   -29.488937597865231     
 iteration         1220 MCMCOBJ=   -15.428820768428483     
 iteration         1240 MCMCOBJ=   -12.734468057334434     
 iteration         1260 MCMCOBJ=    59.213611190535275     
 iteration         1280 MCMCOBJ=    34.703376640718311     
 iteration         1300 MCMCOBJ=    45.559458854437366     
 iteration         1320 MCMCOBJ=    6.7576008344300966     
 iteration         1340 MCMCOBJ=    45.739722388193471     
 iteration         1360 MCMCOBJ=   -12.038438658807738     
 iteration         1380 MCMCOBJ=   -36.239036152363305     
 iteration         1400 MCMCOBJ=   -80.341378506472324     
 iteration         1420 MCMCOBJ=   -84.761101616456457     
 iteration         1440 MCMCOBJ=   -47.828414366821562     
 iteration         1460 MCMCOBJ=    22.089557774300765     
 iteration         1480 MCMCOBJ=    22.725612365265395     
 iteration         1500 MCMCOBJ=   -40.747282217519007     
 iteration         1520 MCMCOBJ=    17.674593144778758     
 iteration         1540 MCMCOBJ=   -3.4847368573851472     
 iteration         1560 MCMCOBJ=   -70.817032515682044     
 iteration         1580 MCMCOBJ=   -151.87290395384480     
 iteration         1600 MCMCOBJ=   -132.62930135214756     
 iteration         1620 MCMCOBJ=   -59.644263613475218     
 iteration         1640 MCMCOBJ=   -89.920980965210646     
 iteration         1660 MCMCOBJ=   -59.581946687066896     
 iteration         1680 MCMCOBJ=   -20.602952781984754     
 iteration         1700 MCMCOBJ=   -121.71753610327937     
 iteration         1720 MCMCOBJ=   -111.47100495139982     
 iteration         1740 MCMCOBJ=   -180.56471319437185     
 iteration         1760 MCMCOBJ=   -181.49053350825218     
 iteration         1780 MCMCOBJ=   -176.98363568132305     
 iteration         1800 MCMCOBJ=   -188.24933155506079     
 iteration         1820 MCMCOBJ=   -246.15195477806478     
 iteration         1840 MCMCOBJ=   -277.17311214424984     
 iteration         1860 MCMCOBJ=   -355.29785303235894     
 iteration         1880 MCMCOBJ=   -298.38622703727987     
 iteration         1900 MCMCOBJ=   -253.06222927618339     
 iteration         1920 MCMCOBJ=   -321.01784846834619     
 iteration         1940 MCMCOBJ=   -264.40141276488822     
 iteration         1960 MCMCOBJ=   -320.45584225271762     
 iteration         1980 MCMCOBJ=   -345.28284259722221     
 iteration         2000 MCMCOBJ=   -380.49859840291640     
 iteration         2020 MCMCOBJ=   -385.35924129661072     
 iteration         2040 MCMCOBJ=   -362.47242740212698     
 iteration         2060 MCMCOBJ=   -301.87800444211047     
 iteration         2080 MCMCOBJ=   -276.07231901318772     
 iteration         2100 MCMCOBJ=   -309.47918983190704     
 iteration         2120 MCMCOBJ=   -252.67290304583815     
 iteration         2140 MCMCOBJ=   -288.27183512699770     
 iteration         2160 MCMCOBJ=   -261.52732811580972     
 iteration         2180 MCMCOBJ=   -355.32179635816487     
 iteration         2200 MCMCOBJ=   -248.58811017713145     
 iteration         2220 MCMCOBJ=   -255.76362090643357     
 iteration         2240 MCMCOBJ=   -216.83906955662604     
 iteration         2260 MCMCOBJ=   -191.53561818035072     
 iteration         2280 MCMCOBJ=   -263.56849664587907     
 iteration         2300 MCMCOBJ=   -270.81939745991014     
 iteration         2320 MCMCOBJ=   -274.06450401634117     
 iteration         2340 MCMCOBJ=   -237.58133810495070     
 iteration         2360 MCMCOBJ=   -278.76252659957822     
 iteration         2380 MCMCOBJ=   -215.94714927979251     
 iteration         2400 MCMCOBJ=   -237.08696313821716     
 iteration         2420 MCMCOBJ=   -312.87689219915927     
 iteration         2440 MCMCOBJ=   -272.06680385364456     
 iteration         2460 MCMCOBJ=   -295.13900370190282     
 iteration         2480 MCMCOBJ=   -322.56711963624747     
 iteration         2500 MCMCOBJ=   -364.87341737707573     
 iteration         2520 MCMCOBJ=   -368.15083755334592     
 iteration         2540 MCMCOBJ=   -413.59228886910813     
 iteration         2560 MCMCOBJ=   -305.24081124964516     
 iteration         2580 MCMCOBJ=   -401.51621291318679     
 iteration         2600 MCMCOBJ=   -466.21337446143383     
 iteration         2620 MCMCOBJ=   -394.06278384491816     
 iteration         2640 MCMCOBJ=   -525.44733849432941     
 iteration         2660 MCMCOBJ=   -616.59220921948315     
 iteration         2680 MCMCOBJ=   -617.26014270895257     
 iteration         2700 MCMCOBJ=   -600.67680157608470     
 iteration         2720 MCMCOBJ=   -636.88714110595447     
 iteration         2740 MCMCOBJ=   -587.89715203850801     
 iteration         2760 MCMCOBJ=   -583.73332264029284     
 iteration         2780 MCMCOBJ=   -588.13453850083533     
 iteration         2800 MCMCOBJ=   -611.80611615925034     
 iteration         2820 MCMCOBJ=   -557.62995067944667     
 iteration         2840 MCMCOBJ=   -602.81615263775791     
 iteration         2860 MCMCOBJ=   -539.09525382332231     
 iteration         2880 MCMCOBJ=   -548.24776209781146     
 iteration         2900 MCMCOBJ=   -583.13888887215182     
 iteration         2920 MCMCOBJ=   -548.90803611779654     
 iteration         2940 MCMCOBJ=   -587.37721160275146     
 iteration         2960 MCMCOBJ=   -591.26252319325090     
 iteration         2980 MCMCOBJ=   -603.11023340718225     
 iteration         3000 MCMCOBJ=   -599.22970178876835     
 iteration         3020 MCMCOBJ=   -614.67553237347568     
 iteration         3040 MCMCOBJ=   -572.07539860079692     
 iteration         3060 MCMCOBJ=   -503.32522364595997     
 iteration         3080 MCMCOBJ=   -522.86295822965030     
 iteration         3100 MCMCOBJ=   -410.61516826795719     
 iteration         3120 MCMCOBJ=   -473.08823358937735     
 iteration         3140 MCMCOBJ=   -400.98516007084640     
 iteration         3160 MCMCOBJ=   -398.37969160786639     
 iteration         3180 MCMCOBJ=   -389.04853729459052     
 iteration         3200 MCMCOBJ=   -331.33787115665865     
 iteration         3220 MCMCOBJ=   -321.81060752401640     
 iteration         3240 MCMCOBJ=   -283.52843195591487     
 iteration         3260 MCMCOBJ=   -301.29316006923534     
 iteration         3280 MCMCOBJ=   -258.70541363795104     
 iteration         3300 MCMCOBJ=   -279.87496459177345     
 iteration         3320 MCMCOBJ=   -230.96277878132770     
 iteration         3340 MCMCOBJ=   -289.34884593360749     
 iteration         3360 MCMCOBJ=   -244.29884700236278     
 iteration         3380 MCMCOBJ=   -177.17111607389523     
 iteration         3400 MCMCOBJ=   -143.58946416029016     
 iteration         3420 MCMCOBJ=   -188.57299392607629     
 iteration         3440 MCMCOBJ=   -192.39807459701601     
 iteration         3460 MCMCOBJ=   -158.64770192861852     
 iteration         3480 MCMCOBJ=   -219.48039570472130     
 iteration         3500 MCMCOBJ=   -132.84250659937817     
 iteration         3520 MCMCOBJ=   -70.065164654565194     
 iteration         3540 MCMCOBJ=   -97.232726976816039     
 iteration         3560 MCMCOBJ=    34.205552870252539     
 iteration         3580 MCMCOBJ=    6.4333656194979358     
 iteration         3600 MCMCOBJ=   -20.230484840685044     
 iteration         3620 MCMCOBJ=   -49.768289895603878     
 iteration         3640 MCMCOBJ=   -12.673618676319128     
 iteration         3660 MCMCOBJ=    28.247976777280591     
 iteration         3680 MCMCOBJ=   -56.184389833799585     
 iteration         3700 MCMCOBJ=   -41.178000532664655     
 iteration         3720 MCMCOBJ=   -106.39142288700985     
 iteration         3740 MCMCOBJ=   -239.98912466864468     
 iteration         3760 MCMCOBJ=   -211.91454330119177     
 iteration         3780 MCMCOBJ=   -185.30359148592586     
 iteration         3800 MCMCOBJ=   -190.57952170744554     
 iteration         3820 MCMCOBJ=   -161.32654927648082     
 iteration         3840 MCMCOBJ=   -143.72934113444583     
 iteration         3860 MCMCOBJ=   -188.52405096052070     
 iteration         3880 MCMCOBJ=   -97.438992414432377     
 iteration         3900 MCMCOBJ=   -108.64436264368305     
 iteration         3920 MCMCOBJ=   -74.519927893001423     
 iteration         3940 MCMCOBJ=   -63.494656505668246     
 iteration         3960 MCMCOBJ=   -73.377538955511099     
 iteration         3980 MCMCOBJ=   -83.270199540927706     
 iteration         4000 MCMCOBJ=   -99.041600069420184     
 iteration         4020 MCMCOBJ=   -54.941714944597187     
 iteration         4040 MCMCOBJ=   -117.95953327809664     
 iteration         4060 MCMCOBJ=   -111.36830149797905     
 iteration         4080 MCMCOBJ=    11.395113236167330     
 iteration         4100 MCMCOBJ=   -33.397861594537709     
 iteration         4120 MCMCOBJ=   -91.811481127681532     
 iteration         4140 MCMCOBJ=   -73.511245182464762     
 iteration         4160 MCMCOBJ=   -122.76119568511557     
 iteration         4180 MCMCOBJ=   -108.20377435430973     
 iteration         4200 MCMCOBJ=   -143.96882205299778     
 iteration         4220 MCMCOBJ=   -184.03271048036382     
 iteration         4240 MCMCOBJ=   -178.04683625730905     
 iteration         4260 MCMCOBJ=   -251.04470069315639     
 iteration         4280 MCMCOBJ=   -282.01362259135908     
 iteration         4300 MCMCOBJ=   -250.02879780698845     
 iteration         4320 MCMCOBJ=   -211.02381704653283     
 iteration         4340 MCMCOBJ=   -261.98188146573813     
 iteration         4360 MCMCOBJ=   -257.76764520624522     
 iteration         4380 MCMCOBJ=   -284.10123070286875     
 iteration         4400 MCMCOBJ=   -207.92435560848006     
 iteration         4420 MCMCOBJ=   -182.51612451439246     
 iteration         4440 MCMCOBJ=   -124.37982122445534     
 iteration         4460 MCMCOBJ=   -172.15163275645756     
 iteration         4480 MCMCOBJ=   -195.77500621888871     
 iteration         4500 MCMCOBJ=   -111.71447370693488     
 iteration         4520 MCMCOBJ=   -165.26158825018243     
 iteration         4540 MCMCOBJ=   -185.95404530132620     
 iteration         4560 MCMCOBJ=   -144.85520894668559     
 iteration         4580 MCMCOBJ=   -135.52972501572626     
 iteration         4600 MCMCOBJ=   -9.0895381764208061     
 iteration         4620 MCMCOBJ=    31.510659973628435     
 iteration         4640 MCMCOBJ=    16.852675395371399     
 iteration         4660 MCMCOBJ=   -52.512225831614600     
 iteration         4680 MCMCOBJ=   -41.698989281370693     
 iteration         4700 MCMCOBJ=    49.809447850860110     
 iteration         4720 MCMCOBJ=    43.586722041218685     
 iteration         4740 MCMCOBJ=    26.880562663890153     
 iteration         4760 MCMCOBJ=    63.843467907513762     
 iteration         4780 MCMCOBJ=    76.078158232386329     
 iteration         4800 MCMCOBJ=    59.927906782553933     
 iteration         4820 MCMCOBJ=    56.611904081250231     
 iteration         4840 MCMCOBJ=   -26.856773844246874     
 iteration         4860 MCMCOBJ=    6.9346200207736537     
 iteration         4880 MCMCOBJ=   -2.2722833237142357     
 iteration         4900 MCMCOBJ=    14.799810091906316     
 iteration         4920 MCMCOBJ=    50.398298944808467     
 iteration         4940 MCMCOBJ=    6.1164535504050965     
 iteration         4960 MCMCOBJ=   -95.533221317138242     
 iteration         4980 MCMCOBJ=   -53.712573175396180     
 iteration         5000 MCMCOBJ=   -22.455510657105989     
 iteration         5020 MCMCOBJ=   -21.182894736130603     
 iteration         5040 MCMCOBJ=   -16.158497946602310     
 iteration         5060 MCMCOBJ=    27.754287712139337     
 iteration         5080 MCMCOBJ=   -28.153941526243887     
 iteration         5100 MCMCOBJ=   -47.594028132019822     
 iteration         5120 MCMCOBJ=   -18.555893443015272     
 iteration         5140 MCMCOBJ=    33.979012386775757     
 iteration         5160 MCMCOBJ=    4.9122150937867097     
 iteration         5180 MCMCOBJ=    53.843758427626412     
 iteration         5200 MCMCOBJ=    62.790237848367902     
 iteration         5220 MCMCOBJ=    74.071931150893192     
 iteration         5240 MCMCOBJ=    20.488754617773932     
 iteration         5260 MCMCOBJ=    37.537869297484804     
 iteration         5280 MCMCOBJ=    21.997418249454160     
 iteration         5300 MCMCOBJ=   -18.838855622841468     
 iteration         5320 MCMCOBJ=   -27.977353212501253     
 iteration         5340 MCMCOBJ=   -76.901266888909475     
 iteration         5360 MCMCOBJ=   -36.736823878893510     
 iteration         5380 MCMCOBJ=   -51.675592342575015     
 iteration         5400 MCMCOBJ=    10.491581211761982     
 iteration         5420 MCMCOBJ=   -80.979122975179877     
 iteration         5440 MCMCOBJ=   -22.734403781159337     
 iteration         5460 MCMCOBJ=   -94.799292963227828     
 iteration         5480 MCMCOBJ=   -61.637866294305461     
 iteration         5500 MCMCOBJ=   -71.600855648382662     
 iteration         5520 MCMCOBJ=   -118.57712500376159     
 iteration         5540 MCMCOBJ=   -85.818085802225610     
 iteration         5560 MCMCOBJ=   -74.585865500803010     
 iteration         5580 MCMCOBJ=   -80.964666602399902     
 iteration         5600 MCMCOBJ=    20.271841143718706     
 iteration         5620 MCMCOBJ=    19.308861114871004     
 iteration         5640 MCMCOBJ=    48.883318559736331     
 iteration         5660 MCMCOBJ=    42.588175906197193     
 iteration         5680 MCMCOBJ=   -9.4229431395213386     
 iteration         5700 MCMCOBJ=    58.695606231501912     
 iteration         5720 MCMCOBJ=    30.505405296388869     
 iteration         5740 MCMCOBJ=    2.1741434584868986     
 iteration         5760 MCMCOBJ=   -28.151791136891937     
 iteration         5780 MCMCOBJ=   -17.793644898854797     
 iteration         5800 MCMCOBJ=   -81.812813341478062     
 iteration         5820 MCMCOBJ=   -26.084913050175889     
 iteration         5840 MCMCOBJ=   -42.245141370402266     
 iteration         5860 MCMCOBJ=   -15.743568495548404     
 iteration         5880 MCMCOBJ=    34.466433645097148     
 iteration         5900 MCMCOBJ=    10.500322546608480     
 iteration         5920 MCMCOBJ=    10.310417263869107     
 iteration         5940 MCMCOBJ=    45.032877734850850     
 iteration         5960 MCMCOBJ=   -16.083512303595150     
 iteration         5980 MCMCOBJ=    10.838595023973646     
 iteration         6000 MCMCOBJ=    52.762146995867255     
 iteration         6020 MCMCOBJ=    1.3226465186059737     
 iteration         6040 MCMCOBJ=    7.2085375900973236     
 iteration         6060 MCMCOBJ=   -20.044821290019108     
 iteration         6080 MCMCOBJ=    24.676043146579278     
 iteration         6100 MCMCOBJ=   -18.339144330643364     
 iteration         6120 MCMCOBJ=    10.836830098660503     
 iteration         6140 MCMCOBJ=   -9.4566186019199137     
 iteration         6160 MCMCOBJ=    18.367977628270118     
 iteration         6180 MCMCOBJ=    25.151839209441913     
 iteration         6200 MCMCOBJ=    1.8089111800997755     
 iteration         6220 MCMCOBJ=    34.139152502572642     
 iteration         6240 MCMCOBJ=    103.19465736174557     
 iteration         6260 MCMCOBJ=   -38.942737504240682     
 iteration         6280 MCMCOBJ=    3.7724966169949021     
 iteration         6300 MCMCOBJ=    20.399170084226256     
 iteration         6320 MCMCOBJ=    7.9126431589232844     
 iteration         6340 MCMCOBJ=    25.585992103467365     
 iteration         6360 MCMCOBJ=    52.106335088045604     
 iteration         6380 MCMCOBJ=    56.493413421402849     
 iteration         6400 MCMCOBJ=    64.748974807500815     
 iteration         6420 MCMCOBJ=    64.909390643476726     
 iteration         6440 MCMCOBJ=    7.2575998675418578     
 iteration         6460 MCMCOBJ=    20.674533188963487     
 iteration         6480 MCMCOBJ=    63.561587064251171     
 iteration         6500 MCMCOBJ=    11.198839964741790     
 iteration         6520 MCMCOBJ=    16.520298635741685     
 iteration         6540 MCMCOBJ=    92.110220204550515     
 iteration         6560 MCMCOBJ=    86.921980108495291     
 iteration         6580 MCMCOBJ=   -12.786699147684091     
 iteration         6600 MCMCOBJ=    15.859849101147985     
 iteration         6620 MCMCOBJ=   -30.538046201153048     
 iteration         6640 MCMCOBJ=   -24.242775709373571     
 iteration         6660 MCMCOBJ=   -57.248597412118500     
 iteration         6680 MCMCOBJ=   -86.336780241082238     
 iteration         6700 MCMCOBJ=   -59.775856951750455     
 iteration         6720 MCMCOBJ=   -87.667582002601648     
 iteration         6740 MCMCOBJ=   -180.62017252371734     
 iteration         6760 MCMCOBJ=   -150.27313348911446     
 iteration         6780 MCMCOBJ=   -149.73365065488679     
 iteration         6800 MCMCOBJ=   -137.88789597838132     
 iteration         6820 MCMCOBJ=   -185.97789837010646     
 iteration         6840 MCMCOBJ=   -195.45031247886644     
 iteration         6860 MCMCOBJ=   -166.10290314098134     
 iteration         6880 MCMCOBJ=   -144.74444162950277     
 iteration         6900 MCMCOBJ=   -109.73361968381008     
 iteration         6920 MCMCOBJ=   -115.94671533782352     
 iteration         6940 MCMCOBJ=   -74.100159263678648     
 iteration         6960 MCMCOBJ=   -109.89731942357203     
 iteration         6980 MCMCOBJ=   -56.422842282569903     
 iteration         7000 MCMCOBJ=   -52.791837003473354     
 iteration         7020 MCMCOBJ=   -38.535971642438305     
 iteration         7040 MCMCOBJ=   -105.76968436179504     
 iteration         7060 MCMCOBJ=   -157.06149100680818     
 iteration         7080 MCMCOBJ=   -221.04785057501510     
 iteration         7100 MCMCOBJ=   -276.90364441991045     
 iteration         7120 MCMCOBJ=   -331.13066179179316     
 iteration         7140 MCMCOBJ=   -334.48357819322837     
 iteration         7160 MCMCOBJ=   -250.49523442190127     
 iteration         7180 MCMCOBJ=   -284.04699564990619     
 iteration         7200 MCMCOBJ=   -178.22125978469975     
 iteration         7220 MCMCOBJ=   -219.54641763387815     
 iteration         7240 MCMCOBJ=   -227.37477583227192     
 iteration         7260 MCMCOBJ=   -161.55410984447764     
 iteration         7280 MCMCOBJ=   -162.48618213242278     
 iteration         7300 MCMCOBJ=   -164.80260292178028     
 iteration         7320 MCMCOBJ=   -128.91523430546346     
 iteration         7340 MCMCOBJ=   -122.66298426519079     
 iteration         7360 MCMCOBJ=   -77.886629408455889     
 iteration         7380 MCMCOBJ=   -113.13263958491861     
 iteration         7400 MCMCOBJ=   -136.83573099780165     
 iteration         7420 MCMCOBJ=   -43.959294368636691     
 iteration         7440 MCMCOBJ=   -117.90192431981778     
 iteration         7460 MCMCOBJ=   -146.89769773487345     
 iteration         7480 MCMCOBJ=   -149.79215860457640     
 iteration         7500 MCMCOBJ=   -141.25751010032027     
 iteration         7520 MCMCOBJ=   -116.75068180159714     
 iteration         7540 MCMCOBJ=   -115.83648339554772     
 iteration         7560 MCMCOBJ=   -40.589644067471518     
 iteration         7580 MCMCOBJ=   -71.688018406305559     
 iteration         7600 MCMCOBJ=   -105.94012087024149     
 iteration         7620 MCMCOBJ=   -117.70045461479022     
 iteration         7640 MCMCOBJ=   -229.24282008061735     
 iteration         7660 MCMCOBJ=   -217.94833953047726     
 iteration         7680 MCMCOBJ=   -181.25188824704773     
 iteration         7700 MCMCOBJ=   -204.25265372351143     
 iteration         7720 MCMCOBJ=   -171.67103584158860     
 iteration         7740 MCMCOBJ=   -197.13345243051813     
 iteration         7760 MCMCOBJ=   -145.76954343991113     
 iteration         7780 MCMCOBJ=   -115.50485654154809     
 iteration         7800 MCMCOBJ=   -111.04391910495976     
 iteration         7820 MCMCOBJ=   -101.19431114963020     
 iteration         7840 MCMCOBJ=   -50.460340987533669     
 iteration         7860 MCMCOBJ=   -98.177506755658811     
 iteration         7880 MCMCOBJ=   -132.45948715783990     
 iteration         7900 MCMCOBJ=   -107.45887567358731     
 iteration         7920 MCMCOBJ=   -64.294514983722010     
 iteration         7940 MCMCOBJ=   -32.453744213305178     
 iteration         7960 MCMCOBJ=    32.828152610753527     
 iteration         7980 MCMCOBJ=   -8.2331790189979266     
 iteration         8000 MCMCOBJ=   -57.642956253003085     
 iteration         8020 MCMCOBJ=    67.507733379312867     
 iteration         8040 MCMCOBJ=    102.96877324452358     
 iteration         8060 MCMCOBJ=   -1.8117366007685640     
 iteration         8080 MCMCOBJ=   -51.707250834983391     
 iteration         8100 MCMCOBJ=   -22.765726369881062     
 iteration         8120 MCMCOBJ=   -39.047197134990853     
 iteration         8140 MCMCOBJ=   -62.742697028836652     
 iteration         8160 MCMCOBJ=   -79.634883476890153     
 iteration         8180 MCMCOBJ=   -109.39013314097070     
 iteration         8200 MCMCOBJ=   -126.76759770317786     
 iteration         8220 MCMCOBJ=   -36.856974866370749     
 iteration         8240 MCMCOBJ=   -32.030734047175628     
 iteration         8260 MCMCOBJ=    48.916117374627582     
 iteration         8280 MCMCOBJ=   -4.9404503223254705     
 iteration         8300 MCMCOBJ=    4.1327972231809831     
 iteration         8320 MCMCOBJ=    22.413714996716031     
 iteration         8340 MCMCOBJ=   -50.278167772651265     
 iteration         8360 MCMCOBJ=   -46.478347055670859     
 iteration         8380 MCMCOBJ=   -18.852648193722196     
 iteration         8400 MCMCOBJ=   -66.463610160968216     
 iteration         8420 MCMCOBJ=   -143.14234984030622     
 iteration         8440 MCMCOBJ=   -97.552818856578469     
 iteration         8460 MCMCOBJ=   -67.647889428079495     
 iteration         8480 MCMCOBJ=   -105.05816294826403     
 iteration         8500 MCMCOBJ=   -118.15895534418999     
 iteration         8520 MCMCOBJ=   -74.656255919899692     
 iteration         8540 MCMCOBJ=   -52.462482825432446     
 iteration         8560 MCMCOBJ=   -48.942096002945803     
 iteration         8580 MCMCOBJ=   -20.791630984630348     
 iteration         8600 MCMCOBJ=   -52.317338380701450     
 iteration         8620 MCMCOBJ=   -60.153575302520373     
 iteration         8640 MCMCOBJ=   -123.77155404630307     
 iteration         8660 MCMCOBJ=   -52.854481949871357     
 iteration         8680 MCMCOBJ=   -27.407298238495464     
 iteration         8700 MCMCOBJ=    46.400294567529698     
 iteration         8720 MCMCOBJ=    17.818239300025152     
 iteration         8740 MCMCOBJ=    34.725919808583377     
 iteration         8760 MCMCOBJ=   -30.286439044416131     
 iteration         8780 MCMCOBJ=    8.9530300628714095     
 iteration         8800 MCMCOBJ=   -36.241743332992378     
 iteration         8820 MCMCOBJ=    30.152711570709325     
 iteration         8840 MCMCOBJ=   -26.828830445122243     
 iteration         8860 MCMCOBJ=   -45.741897752627608     
 iteration         8880 MCMCOBJ=   -65.342752364920756     
 iteration         8900 MCMCOBJ=   -60.845281103953994     
 iteration         8920 MCMCOBJ=   -88.219392492420909     
 iteration         8940 MCMCOBJ=   -155.24523188435242     
 iteration         8960 MCMCOBJ=   -152.59006614812259     
 iteration         8980 MCMCOBJ=   -137.07992532047456     
 iteration         9000 MCMCOBJ=   -208.14707422711169     
 iteration         9020 MCMCOBJ=   -172.53018830195396     
 iteration         9040 MCMCOBJ=   -205.46961630343830     
 iteration         9060 MCMCOBJ=   -148.77483249775739     
 iteration         9080 MCMCOBJ=   -147.96092043221037     
 iteration         9100 MCMCOBJ=   -118.36273227277586     
 iteration         9120 MCMCOBJ=   -76.703740652112373     
 iteration         9140 MCMCOBJ=   -88.006882195649766     
 iteration         9160 MCMCOBJ=   -81.741601800129374     
 iteration         9180 MCMCOBJ=   -92.726272275872674     
 iteration         9200 MCMCOBJ=   -134.28688134969943     
 iteration         9220 MCMCOBJ=   -88.943776443131654     
 iteration         9240 MCMCOBJ=   -113.25632710714838     
 iteration         9260 MCMCOBJ=   -143.24062659361755     
 iteration         9280 MCMCOBJ=   -57.549886090794857     
 iteration         9300 MCMCOBJ=   -32.626311872465337     
 iteration         9320 MCMCOBJ=   -20.810267178458453     
 iteration         9340 MCMCOBJ=   -100.82767908791666     
 iteration         9360 MCMCOBJ=   -109.98118636597444     
 iteration         9380 MCMCOBJ=   -124.16061643377289     
 iteration         9400 MCMCOBJ=   -137.21780189051802     
 iteration         9420 MCMCOBJ=   -121.99232526545543     
 iteration         9440 MCMCOBJ=   -168.44230739132558     
 iteration         9460 MCMCOBJ=   -156.10350344480980     
 iteration         9480 MCMCOBJ=   -215.88178568028943     
 iteration         9500 MCMCOBJ=   -201.48628795213887     
 iteration         9520 MCMCOBJ=   -210.80005016008809     
 iteration         9540 MCMCOBJ=   -218.46495188852836     
 iteration         9560 MCMCOBJ=   -144.30180255434445     
 iteration         9580 MCMCOBJ=   -164.10698140714197     
 iteration         9600 MCMCOBJ=   -105.90593107791925     
 iteration         9620 MCMCOBJ=   -64.772337127985040     
 iteration         9640 MCMCOBJ=   -116.56622265169051     
 iteration         9660 MCMCOBJ=   -176.47202615685433     
 iteration         9680 MCMCOBJ=   -181.02467677450386     
 iteration         9700 MCMCOBJ=   -167.55593656887521     
 iteration         9720 MCMCOBJ=   -183.25320106189298     
 iteration         9740 MCMCOBJ=   -127.64506033194000     
 iteration         9760 MCMCOBJ=   -56.598545549754611     
 iteration         9780 MCMCOBJ=   -39.249632724380120     
 iteration         9800 MCMCOBJ=   -35.753881633112677     
 iteration         9820 MCMCOBJ=   -21.673109061767615     
 iteration         9840 MCMCOBJ=   -58.086710083195136     
 iteration         9860 MCMCOBJ=  -0.80013694721946671     
 iteration         9880 MCMCOBJ=    7.0000787676460616     
 iteration         9900 MCMCOBJ=   -9.5835389211296462     
 iteration         9920 MCMCOBJ=   -53.101442878594149     
 iteration         9940 MCMCOBJ=    56.033301349987696     
 iteration         9960 MCMCOBJ=    7.1099524952075672     
 iteration         9980 MCMCOBJ=    44.308184342653334     
 iteration        10000 MCMCOBJ=    19.594338943353968     
 BURN-IN WAS COMPLETED

 #TERM:
 STATISTICAL PORTION WAS COMPLETED
  
 TOTAL DATA POINTS NORMALLY DISTRIBUTED (N):           36
 N*LOG(2PI) CONSTANT TO OBJECTIVE FUNCTION:    66.163574390736429     
 OBJECTIVE FUNCTION VALUE WITHOUT CONSTANT:   -114.13259337328033     
 OBJECTIVE FUNCTION VALUE WITH CONSTANT:      -47.969018982543901     
 REPORTED OBJECTIVE FUNCTION DOES NOT CONTAIN CONSTANT
  
 TOTAL EFFECTIVE ETAS (NIND*NETA):                            72
 NIND*NETA*LOG(2PI) CONSTANT TO OBJECTIVE FUNCTION:    132.32714878147286     
 OBJECTIVE FUNCTION VALUE WITHOUT CONSTANT:   -114.13259337328033     
 OBJECTIVE FUNCTION VALUE WITH CONSTANT:       18.194555408192528     
 REPORTED OBJECTIVE FUNCTION DOES NOT CONTAIN CONSTANT
  
 PRIOR CONSTANT TO OBJECTIVE FUNCTION:    30.823646298206345     
 OBJECTIVE FUNCTION VALUE WITHOUT CONSTANT:   -114.13259337328033     
 OBJECTIVE FUNCTION VALUE WITH CONSTANT:      -83.308947075073988     
 REPORTED OBJECTIVE FUNCTION DOES NOT CONTAIN CONSTANT
  
 #TERE:
 Elapsed estimation  time in seconds:    32.48
 Elapsed covariance  time in seconds:     0.00
1
 
 
 
 
 
 
 
 
 
 
 
 
 
 
 
 
 
 
 
 
 ************************************************************************************************************************
 ********************                                                                                ********************
 ********************                              MCMC BAYESIAN ANALYSIS                            ********************
 #OBJT:**************                       AVERAGE VALUE OF LIKELIHOOD FUNCTION                     ********************
 ********************                                                                                ********************
 ************************************************************************************************************************
 





 #OBJV:********************************************     -114.133       **************************************************
 #OBJS:********************************************      151.905 (STD) **************************************************
1
 ************************************************************************************************************************
 ********************                                                                                ********************
 ********************                              MCMC BAYESIAN ANALYSIS                            ********************
 ********************                             FINAL PARAMETER ESTIMATE                           ********************
 ********************                                                                                ********************
 ************************************************************************************************************************
 


 THETA - VECTOR OF FIXED EFFECTS PARAMETERS   *********


         THETA(CL) THETA(V) 
 
         6.10E-01  5.42E+01
 


 OMEGA - COV MATRIX FOR RANDOM EFFECTS - ETAS  ********


         ETA(CL)   ETA(V)   
 
 ETA(CL)
+        2.42E-01
 
 ETA(V)
+        4.53E-03  1.66E-01
 


 SIGMA - COV MATRIX FOR RANDOM EFFECTS - EPSILONS  ****


         EPS1     
 
 EPS1
+        1.25E-02
 
1


 OMEGA - CORR MATRIX FOR RANDOM EFFECTS - ETAS  *******


         ETA(CL)   ETA(V)   
 
 ETA(CL)
+        4.41E-01
 
 ETA(V)
+        1.05E-01  3.96E-01
 


 SIGMA - CORR MATRIX FOR RANDOM EFFECTS - EPSILONS  ***


         EPS1     
 
 EPS1
+        7.37E-02
 
1
 ************************************************************************************************************************
 ********************                                                                                ********************
 ********************                              MCMC BAYESIAN ANALYSIS                            ********************
 ********************                STANDARD ERROR OF ESTIMATE (From Sample Variance)               ********************
 ********************                                                                                ********************
 ************************************************************************************************************************
 


 THETA - VECTOR OF FIXED EFFECTS PARAMETERS   *********


         THETA(CL) THETA(V) 
 
         1.19E+00  3.24E+01
 


 OMEGA - COV MATRIX FOR RANDOM EFFECTS - ETAS  ********


         ETA(CL)   ETA(V)   
 
 ETA(CL)
+        3.16E-01
 
 ETA(V)
+        1.05E-01  8.37E-02
 


 SIGMA - COV MATRIX FOR RANDOM EFFECTS - EPSILONS  ****


         EPS1     
 
 EPS1
+        2.29E-02
 
1


 OMEGA - CORR MATRIX FOR RANDOM EFFECTS - ETAS  *******


         ETA(CL)   ETA(V)   
 
 ETA(CL)
+        2.18E-01
 
 ETA(V)
+        4.46E-01  9.52E-02
 


 SIGMA - CORR MATRIX FOR RANDOM EFFECTS - EPSILONS  ***


         EPS1     
 
 EPS1
+        8.39E-02
 
1
 ************************************************************************************************************************
 ********************                                                                                ********************
 ********************                              MCMC BAYESIAN ANALYSIS                            ********************
 ********************               COVARIANCE MATRIX OF ESTIMATE (From Sample Variance)             ********************
 ********************                                                                                ********************
 ************************************************************************************************************************
 

            TH 1      TH 2      OM11      OM12      OM22      SG11  
 
 TH 1
+        1.43E+00
 
 TH 2
+       -3.45E+01  1.05E+03
 
 OM11
+       -1.28E-01  3.45E+00  9.96E-02
 
 OM12
+        3.06E-02 -8.24E-01 -7.19E-03  1.10E-02
 
 OM22
+        1.50E-02 -2.94E-01  1.21E-04 -1.56E-03  7.01E-03
 
 SG11
+       -1.58E-03  9.59E-02 -7.06E-05 -2.29E-04 -3.27E-04  5.24E-04
 
1
 ************************************************************************************************************************
 ********************                                                                                ********************
 ********************                              MCMC BAYESIAN ANALYSIS                            ********************
 ********************              CORRELATION MATRIX OF ESTIMATE (From Sample Variance)             ********************
 ********************                                                                                ********************
 ************************************************************************************************************************
 

            TH 1      TH 2      OM11      OM12      OM22      SG11  
 
 TH 1
+        1.19E+00
 
 TH 2
+       -8.90E-01  3.24E+01
 
 OM11
+       -3.41E-01  3.37E-01  3.16E-01
 
 OM12
+        2.45E-01 -2.42E-01 -2.17E-01  1.05E-01
 
 OM22
+        1.50E-01 -1.08E-01  4.59E-03 -1.77E-01  8.37E-02
 
 SG11
+       -5.76E-02  1.29E-01 -9.77E-03 -9.56E-02 -1.71E-01  2.29E-02
 
1
 ************************************************************************************************************************
 ********************                                                                                ********************
 ********************                              MCMC BAYESIAN ANALYSIS                            ********************
 ********************           INVERSE COVARIANCE MATRIX OF ESTIMATE (From Sample Variance)         ********************
 ********************                                                                                ********************
 ************************************************************************************************************************
 

            TH 1      TH 2      OM11      OM12      OM22      SG11  
 
 TH 1
+        3.57E+00
 
 TH 2
+        1.14E-01  4.79E-03
 
 OM11
+        5.14E-01 -1.86E-02  1.17E+01
 
 OM12
+       -1.89E+00  7.86E-03  4.93E+00  1.06E+02
 
 OM22
+       -3.89E+00 -6.73E-02 -6.01E-01  3.05E+01  1.60E+02
 
 SG11
+       -1.33E+01 -5.74E-01  8.31E+00  5.88E+01  1.14E+02  2.07E+03
 
 Elapsed postprocess time in seconds:     0.00
 #CPUT: Total CPU Time in Seconds,       26.703
Stop Time: 
Tue 01/03/2017 
10:28 PM
