Tue 01/03/2017 
10:28 PM
$PROB one cmpt simple mu modeled bayes multidose nids: 56 scenario: s1dpt
;; based_on: run100
$SUB ADVAN1 TRANS2
$INPUT ID TIME DV OBSNUM CMT EVID AMT RATE ADDL II 
$DATA ..\..\mdata\simple_nocovar_56id_6tp_md.csv
IGNORE=@ 
IGNORE=(OBSNUM.EQN.2)
IGNORE=(OBSNUM.EQN.4)
IGNORE=(OBSNUM.EQN.5)
IGNORE=(ID.GT.56)
$ABBR REPLACE THETA(CL, V) = THETA(1 to 2)
$ABBR REPLACE ETA(CL, V) = ETA(1 to 2)

$THETAI
THETA(1:NTHETA)=LOG(THETAI(1:NTHETA))
THETAP(1:NTHETAP)=LOG(THETAPI(1:NTHETAP))
$THETAR
THETAR(1:NTHETA)=EXP(THETA(1:NTHETA))
THETAPR(1:NTHETAP)=EXP(THETAP(1:NTHETAP))

$PRIOR NWPRI 

$PK
"USE NMBAYES_INT, ONLY: ITER_REPORT,BAYES_EXTRA_REQUEST,BAYES_EXTRA
; Request extra information for Bayesian analysis.
; An extra call will then be made for accepted samples
"BAYES_EXTRA_REQUEST=1

MU_1 = THETA(CL)
MU_2 = THETA(V)
CL = EXP(MU_1 + ETA(CL))
V = EXP(MU_2 + ETA(V))
S1 = V

"IF(BAYES_EXTRA==1 .AND. ITER_REPORT>=0 .AND. TIME==0.0) THEN
"WRITE(50,98) ITER_REPORT,ID,CL,V
"98 FORMAT(I12,1X,F14.0,4(1X,1PG12.5))
"ENDIF

$ERROR
IPRED=F
Y = IPRED*(1 + ERR(1))  

$THETA
(0.001, 2.5) ; TVCL
(0.001, 46) ; TVV

$OMEGA BLOCK(2)
0.1    ; nCL
0.1  0.1  ; nV

$SIGMA
0.03 ; PROP

; THETA PRIORS
$THETAP (2.5 FIX) (46 FIX) 

; THETA (uniformative) PRIORs
$THETAPV BLOCK(2)
10000 FIX
0.0 10000 

$OMEGAP BLOCK(2)
0.2 FIX
0 0.2

; degrees of freedom to prior omega matrix - low dof = highly uninformative
$OMEGAPD (2 FIX)

$EST METHOD=CHAIN FILE=..\run100.chn NSAMPLE=0 ISAMPLE=3 DF=20
$EST METHOD=BAYES INTER NBURN=4000 NITER=10000 PRINT=20 NOPRIOR=0 CTYPE=3 CITER=10 SEED=56664
  
NM-TRAN MESSAGES 
  
 WARNINGS AND ERRORS (IF ANY) FOR PROBLEM    1
             
 (WARNING  2) NM-TRAN INFERS THAT THE DATA ARE POPULATION.

 (MU_WARNING 20) MU_001: MU_ VARIABLE SHOULD NOT BE DEFINED AFTER VERBATIM CODE.
  
License Registered to: Devin Pastoor
Expiration Date:    14 NOV 2017
Current Date:        3 JAN 2017
Days until program expires : 311
1NONLINEAR MIXED EFFECTS MODEL PROGRAM (NONMEM) VERSION 7.4.0 alpha14 (nm74a14)
 ORIGINALLY DEVELOPED BY STUART BEAL, LEWIS SHEINER, AND ALISON BOECKMANN
 CURRENT DEVELOPERS ARE ROBERT BAUER, ICON DEVELOPMENT SOLUTIONS,
 AND ALISON BOECKMANN. IMPLEMENTATION, EFFICIENCY, AND STANDARDIZATION
 PERFORMED BY NOUS INFOSYSTEMS.

 PROBLEM NO.:         1
 one cmpt simple mu modeled bayes multidose nids: 56 scenario: s1dpt
0DATA CHECKOUT RUN:              NO
 DATA SET LOCATED ON UNIT NO.:    2
 THIS UNIT TO BE REWOUND:        NO
 NO. OF DATA RECS IN DATA SET:      224
 NO. OF DATA ITEMS IN DATA SET:  11
 ID DATA ITEM IS DATA ITEM NO.:   1
 DEP VARIABLE IS DATA ITEM NO.:   3
 MDV DATA ITEM IS DATA ITEM NO.: 11
0INDICES PASSED TO SUBROUTINE PRED:
   6   2   7   8   0  10   5   0   0   0   9
0LABELS FOR DATA ITEMS:
 ID TIME DV OBSNUM CMT EVID AMT RATE ADDL II MDV
0LABELS FOR THETAS
 THETA(1)=THETA(CL)
 THETA(2)=THETA(V)
0LABELS FOR ETAS
 ETA(1)=ETA(CL)
0LABELS FOR ETAS
 ETA(2)=ETA(V)
0FORMAT FOR DATA:
 (2E3.0,E17.0,3E2.0,2E5.0,E2.0,E3.0,1F2.0)

 TOT. NO. OF OBS RECS:      168
 TOT. NO. OF INDIVIDUALS:     56
0LENGTH OF THETA:   5
0DEFAULT THETA BOUNDARY TEST OMITTED:    NO
0OMEGA HAS BLOCK FORM:
  1
  1  1
  0  0  2
  0  0  2  2
  0  0  0  0  3
  0  0  0  0  3  3
0DEFAULT OMEGA BOUNDARY TEST OMITTED:    NO
0SIGMA HAS SIMPLE DIAGONAL FORM WITH DIMENSION:   1
0DEFAULT SIGMA BOUNDARY TEST OMITTED:    NO
0INITIAL ESTIMATE OF THETA:
 LOWER BOUND    INITIAL EST    UPPER BOUND
  0.1000E-02     0.2500E+01     0.1000E+07
  0.1000E-02     0.4600E+02     0.1000E+07
  0.2500E+01     0.2500E+01     0.2500E+01
  0.4600E+02     0.4600E+02     0.4600E+02
  0.2000E+01     0.2000E+01     0.2000E+01
0INITIAL ESTIMATE OF OMEGA:
 BLOCK SET NO.   BLOCK                                                                    FIXED
        1                                                                                   NO
 DIAGONAL SHIFT OF  1.1000E-07 WAS IMPOSED TO ENSURE POSITIVE DEFINITENESS
                  0.1000E+00
                  0.1000E+00   0.1000E+00
        2                                                                                  YES
                  0.1000E+05
                  0.0000E+00   0.1000E+05
        3                                                                                  YES
                  0.2000E+00
                  0.0000E+00   0.2000E+00
0INITIAL ESTIMATE OF SIGMA:
 0.3000E-01
0
 THETAI SUBROUTINE USER-SUPPLIED
 THETAR SUBROUTINE USER-SUPPLIED
 PRIOR SUBROUTINE USER-SUPPLIED
1DOUBLE PRECISION PREDPP VERSION 7.4.0 alpha14 (nm74a14)

 ONE COMPARTMENT MODEL (ADVAN1)
0MAXIMUM NO. OF BASIC PK PARAMETERS:   2
0BASIC PK PARAMETERS (AFTER TRANSLATION):
   ELIMINATION RATE (K) IS BASIC PK PARAMETER NO.:  1

 TRANSLATOR WILL CONVERT PARAMETERS
 CLEARANCE (CL) AND VOLUME (V) TO K (TRANS2)
0COMPARTMENT ATTRIBUTES
 COMPT. NO.   FUNCTION   INITIAL    ON/OFF      DOSE      DEFAULT    DEFAULT
                         STATUS     ALLOWED    ALLOWED    FOR DOSE   FOR OBS.
    1         CENTRAL      ON         NO         YES        YES        YES
    2         OUTPUT       OFF        YES        NO         NO         NO
1
 ADDITIONAL PK PARAMETERS - ASSIGNMENT OF ROWS IN GG
 COMPT. NO.                             INDICES
              SCALE      BIOAVAIL.   ZERO-ORDER  ZERO-ORDER  ABSORB
                         FRACTION    RATE        DURATION    LAG
    1            3           *           *           *           *
    2            *           -           -           -           -
             - PARAMETER IS NOT ALLOWED FOR THIS MODEL
             * PARAMETER IS NOT SUPPLIED BY PK SUBROUTINE;
               WILL DEFAULT TO ONE IF APPLICABLE
0DATA ITEM INDICES USED BY PRED ARE:
   EVENT ID DATA ITEM IS DATA ITEM NO.:      6
   TIME DATA ITEM IS DATA ITEM NO.:          2
   DOSE AMOUNT DATA ITEM IS DATA ITEM NO.:   7
   DOSE RATE DATA ITEM IS DATA ITEM NO.:     8
   INTERVAL DATA ITEM IS DATA ITEM NO.:     10
   ADDL. DOSES DATA ITEM IS DATA ITEM NO.:   9
   COMPT. NO. DATA ITEM IS DATA ITEM NO.:    5

0PK SUBROUTINE CALLED WITH EVERY EVENT RECORD.
 PK SUBROUTINE NOT CALLED AT NONEVENT (ADDITIONAL OR LAGGED) DOSE TIMES.
0ERROR SUBROUTINE CALLED WITH EVERY EVENT RECORD.
1


 #TBLN:      1
 #METH: Chain Method Processing

 RANDOM GENERATION TYPE (CTYPE):     0
 RANDOM GENERATION SEED (SEED):      11456
 RANDOM SAMPLE SELECTION (ISAMPLE):  3
 RANDOM SAMPLE RANGE END (ISAMPEND): -2147483647
 NUMBER OF RANDOM SAMPLES (NSAMPLE): 0
 UNIFORM FRACTIONAL RANGE (IACCEPT): 0.400000000000000
 RANDOM SELECTION TYPE (SELECT):     0
 DEG. FR. TO GENERATE OMEGAS (DF):   20
 DEG. FR. TO GENERATE SIGMAS (DFS):  -1
 CHAIN FILE (FILE):                  ..\run100.chn
 EXCL. TITLE IN CHAIN FILE (NOTITLE):NO
 EX. COL. LBS. IN CHAIN FL.(NOLABEL):NO
 FORMAT FOR CHAIN FILE (FORMAT):     S1PE12.5
 PAR. ORDER in CHAIN FILE (ORDER):   TSOL
 RANDOM SAMPLING METHOD (RANMETHOD):3U

 THE FOLLOWING LABELS ARE EQUIVALENT
 PRED=NPRED
 RES=NRES
 WRES=NWRES
 IWRS=NIWRES
 IPRD=NIPRED
 IRS=NIRES



 FROM SAMPLE 3 OF CHAIN FILE ..\run100.chn
 NEW INITIAL ESTIMATES OF THETA
  0.1754E-01
  0.2172E+01
 NEW INITIAL ESTIMATES OF OMEGA
 DIAGONAL SHIFT OF  2.2018E-07 WAS IMPOSED ON OMEGAS TO ENSURE POSITIVE DEFINITENESS
  0.2002E+00
  0.2002E+00  0.2003E+00
 NEW INITIAL ESTIMATES OF SIGMA
  0.1176E-01
1


 #TBLN:      1
 #METH: MCMC Bayesian Analysis

 ESTIMATION STEP OMITTED:                 NO
 ANALYSIS TYPE:                           POPULATION
 NUMBER OF SADDLE POINT RESET ITERATIONS:      0
 GRADIENT METHOD USED:               NOSLOW
 CONDITIONAL ESTIMATES USED:              YES
 CENTERED ETA:                            NO
 EPS-ETA INTERACTION:                     YES
 LAPLACIAN OBJ. FUNC.:                    NO
 NO. OF FUNCT. EVALS. ALLOWED:            840
 NO. OF SIG. FIGURES REQUIRED:            3
 INTERMEDIATE PRINTOUT:                   YES
 ESTIMATE OUTPUT TO MSF:                  NO
 IND. OBJ. FUNC. VALUES SORTED:           NO
 NUMERICAL DERIVATIVE
       FILE REQUEST (NUMDER):               NONE
 MAP (ETAHAT) ESTIMATION METHOD (OPTMAP):   0
 ETA HESSIAN EVALUATION METHOD (ETADER):    0
 INITIAL ETA FOR MAP ESTIMATION (MCETA):    0
 SIGDIGITS FOR MAP ESTIMATION (SIGLO):      100
 GRADIENT SIGDIGITS OF
       FIXED EFFECTS PARAMETERS (SIGL):     100
 NOPRIOR SETTING (NOPRIOR):                 OFF
 NOCOV SETTING (NOCOV):                     OFF
 DERCONT SETTING (DERCONT):                 OFF
 FINAL ETA RE-EVALUATION (FNLETA):          ON
 EXCLUDE NON-INFLUENTIAL (NON-INFL.) ETAS
       IN SHRINKAGE (ETASTYPE):             NO
 NON-INFL. ETA CORRECTION (NONINFETA):      OFF
 RAW OUTPUT FILE (FILE): run120_nids_56_s1dpt_c3.ext
 EXCLUDE TITLE (NOTITLE):                   NO
 EXCLUDE COLUMN LABELS (NOLABEL):           NO
 FORMAT FOR ADDITIONAL FILES (FORMAT):      S1PE12.5
 PARAMETER ORDER FOR OUTPUTS (ORDER):       TSOL
 WISHART PRIOR DF INTERPRETATION (WISHTYPE):0
 KNUTHSUMOFF:                               0
 INCLUDE LNTWOPI:                           NO
 INCLUDE CONSTANT TERM TO PRIOR (PRIORC):   NO
 INCLUDE CONSTANT TERM TO OMEGA (ETA) (OLNTWOPI):NO
 EM OR BAYESIAN METHOD USED:                MCMC BAYESIAN (BAYES)
 MU MODELING PATTERN (MUM):
 GRADIENT/GIBBS PATTERN (GRD):
 AUTOMATIC SETTING FEATURE (AUTO):          OFF
 CONVERGENCE TYPE (CTYPE):                  3
 KEEP ITERATIONS (THIN):            1
 CONVERGENCE INTERVAL (CINTERVAL):          20
 CONVERGENCE ITERATIONS (CITER):            10
 CONVERGENCE ALPHA ERROR (CALPHA):          5.000000000000000E-02
 BURN-IN ITERATIONS (NBURN):                4000
 ITERATIONS (NITER):                        10000
 ANEAL SETTING (CONSTRAIN):                 1
 STARTING SEED FOR MC METHODS (SEED):       56664
 MC SAMPLES PER SUBJECT (ISAMPLE):          1
 RANDOM SAMPLING METHOD (RANMETHOD):        3U
 PROPOSAL DENSITY SCALING RANGE
              (ISCALE_MIN, ISCALE_MAX):     1.000000000000000E-06   ,1000000.00000000
 SAMPLE ACCEPTANCE RATE (IACCEPT):          0.400000000000000
 METROPOLIS HASTINGS SAMPLING FOR INDIVIDUAL ETAS:
 SAMPLES FOR GLOBAL SEARCH KERNEL (ISAMPLE_M1):          2
 SAMPLES FOR NEIGHBOR SEARCH KERNEL (ISAMPLE_M1A):       0
 SAMPLES FOR MASS/IMP/POST. MATRIX SEARCH (ISAMPLE_M1B): 2
 SAMPLES FOR LOCAL SEARCH KERNEL (ISAMPLE_M2):           2
 SAMPLES FOR LOCAL UNIVARIATE KERNEL (ISAMPLE_M3):       2
 PWR. WT. MASS/IMP/POST MATRIX ACCUM. FOR ETAS (IKAPPA): 1.00000000000000
 MASS/IMP./POST. MATRIX REFRESH SETTING (MASSREST):      -1
 METROPOLIS HASTINGS POPULATION SAMPLING FOR NON-GIBBS
 SAMPLED THETAS AND SIGMAS:
 PROPOSAL DENSITY SCALING RANGE
              (PSCALE_MIN, PSCALE_MAX):   1.000000000000000E-02   ,1000.00000000000
 SAMPLE ACCEPTANCE RATE (PACCEPT):                       0.500000000000000
 SAMPLES FOR GLOBAL SEARCH KERNEL (PSAMPLE_M1):          1
 SAMPLES FOR LOCAL SEARCH KERNEL (PSAMPLE_M2):           -1
 SAMPLES FOR LOCAL UNIVARIATE KERNEL (PSAMPLE_M3):       1
 METROPOLIS HASTINGS POPULATION SAMPLING FOR NON-GIBBS
 SAMPLED OMEGAS:
 SAMPLE ACCEPTANCE RATE (OACCEPT):                       0.500000000000000
 SAMPLES FOR GLOBAL SEARCH KERNEL (OSAMPLE_M1):          -1
 SAMPLES FOR LOCAL SEARCH KERNEL (OSAMPLE_M2):           -1
 SAMPLES FOR LOCAL UNIVARIATE SEARCH KERNEL (OSAMPLE_M3):0
 DEG. FR. FOR T DIST.  PRIOR FOR THETAS (TTDF):        0.00000000000000
 DEG. FR. FOR LKJ CORRELATION PRIOR FOR OMEGAS (OLKJDF): 0.00000000000000
 WEIGHT FACTOR FOR STD PRIOR FOR OMEGAS (OVARF): 1.00000000000000
 DEG. FR. FOR LKJ CORRELATION PRIOR FOR SIGMAS (SLKJDF): 0.00000000000000
 WEIGHT FACTOR FOR STD PRIOR FOR SIGMAS (SVARF): 1.00000000000000


 THE FOLLOWING LABELS ARE EQUIVALENT
 PRED=PREDI
 RES=RESI
 WRES=WRESI
 IWRS=IWRESI
 IPRD=IPREDI
 IRS=IRESI

 EM/BAYES SETUP:
 THETAS THAT ARE MU MODELED:
   1   2
 THETAS THAT ARE GIBBS SAMPLED:
   1   2
 THETAS THAT ARE METROPOLIS-HASTINGS SAMPLED:
 
 SIGMAS THAT ARE GIBBS SAMPLED:
   1
 SIGMAS THAT ARE METROPOLIS-HASTINGS SAMPLED:
 
 OMEGAS ARE GIBBS SAMPLED

 MONITORING OF SEARCH:

 Burn-in Mode
 iteration        -4000 MCMCOBJ=    1868822.0141094036     
 iteration        -3980 MCMCOBJ=    689.71382486125606     
 iteration        -3960 MCMCOBJ=    395.64184808195802     
 iteration        -3940 MCMCOBJ=    378.54083662465723     
 iteration        -3920 MCMCOBJ=    350.42233057361688     
 iteration        -3900 MCMCOBJ=    380.78384153492675     
 iteration        -3880 MCMCOBJ=    336.12711831142582     
 iteration        -3860 MCMCOBJ=    336.52136559296451     
 iteration        -3840 MCMCOBJ=    369.11884993503566     
 iteration        -3820 MCMCOBJ=    397.49710434439640     
 iteration        -3800 MCMCOBJ=    394.18495141745404     
 Convergence achieved
 Sampling Mode
 iteration            0 MCMCOBJ=    410.77192695994154     
 iteration           20 MCMCOBJ=    390.14292406544922     
 iteration           40 MCMCOBJ=    345.34809503200012     
 iteration           60 MCMCOBJ=    384.17935753466924     
 iteration           80 MCMCOBJ=    361.10016041078831     
 iteration          100 MCMCOBJ=    335.95183529656782     
 iteration          120 MCMCOBJ=    392.01216709496191     
 iteration          140 MCMCOBJ=    385.59593330270303     
 iteration          160 MCMCOBJ=    378.04558025386524     
 iteration          180 MCMCOBJ=    350.94540552489303     
 iteration          200 MCMCOBJ=    354.79807545345858     
 iteration          220 MCMCOBJ=    385.35869115021569     
 iteration          240 MCMCOBJ=    391.94203988709893     
 iteration          260 MCMCOBJ=    368.62380090604609     
 iteration          280 MCMCOBJ=    394.24633493683700     
 iteration          300 MCMCOBJ=    391.71312862505170     
 iteration          320 MCMCOBJ=    365.75551290849921     
 iteration          340 MCMCOBJ=    357.91289279893124     
 iteration          360 MCMCOBJ=    346.31429402146176     
 iteration          380 MCMCOBJ=    357.77789139761200     
 iteration          400 MCMCOBJ=    352.26172778080058     
 iteration          420 MCMCOBJ=    385.18608667561034     
 iteration          440 MCMCOBJ=    399.91431742789194     
 iteration          460 MCMCOBJ=    420.03067592927107     
 iteration          480 MCMCOBJ=    378.79585748475961     
 iteration          500 MCMCOBJ=    417.92321821303392     
 iteration          520 MCMCOBJ=    383.96276974929975     
 iteration          540 MCMCOBJ=    409.68849188531300     
 iteration          560 MCMCOBJ=    351.48889032916662     
 iteration          580 MCMCOBJ=    377.17489435190629     
 iteration          600 MCMCOBJ=    385.16245871515906     
 iteration          620 MCMCOBJ=    370.13965058956029     
 iteration          640 MCMCOBJ=    396.24501527344762     
 iteration          660 MCMCOBJ=    359.36150338020929     
 iteration          680 MCMCOBJ=    343.60045121560256     
 iteration          700 MCMCOBJ=    355.20503406319267     
 iteration          720 MCMCOBJ=    353.58905632602313     
 iteration          740 MCMCOBJ=    392.69590104632238     
 iteration          760 MCMCOBJ=    374.72768510636075     
 iteration          780 MCMCOBJ=    370.24090887342908     
 iteration          800 MCMCOBJ=    356.93647327506272     
 iteration          820 MCMCOBJ=    373.91598200820698     
 iteration          840 MCMCOBJ=    437.38416875387941     
 iteration          860 MCMCOBJ=    364.53697995181341     
 iteration          880 MCMCOBJ=    378.74374443791891     
 iteration          900 MCMCOBJ=    388.44137676654225     
 iteration          920 MCMCOBJ=    393.35006346284945     
 iteration          940 MCMCOBJ=    382.73648584949814     
 iteration          960 MCMCOBJ=    403.08849255596687     
 iteration          980 MCMCOBJ=    363.39655985499553     
 iteration         1000 MCMCOBJ=    371.00328709186243     
 iteration         1020 MCMCOBJ=    380.15205358913113     
 iteration         1040 MCMCOBJ=    356.70620520164670     
 iteration         1060 MCMCOBJ=    339.17577492254816     
 iteration         1080 MCMCOBJ=    362.13819459570925     
 iteration         1100 MCMCOBJ=    371.33597593001332     
 iteration         1120 MCMCOBJ=    383.62004761047365     
 iteration         1140 MCMCOBJ=    354.00435995747421     
 iteration         1160 MCMCOBJ=    399.27011094217215     
 iteration         1180 MCMCOBJ=    372.78045723258140     
 iteration         1200 MCMCOBJ=    424.94990246083034     
 iteration         1220 MCMCOBJ=    358.23332076363960     
 iteration         1240 MCMCOBJ=    381.05620904503559     
 iteration         1260 MCMCOBJ=    408.00679945525383     
 iteration         1280 MCMCOBJ=    353.83108053605980     
 iteration         1300 MCMCOBJ=    328.72480895516497     
 iteration         1320 MCMCOBJ=    367.00615903351422     
 iteration         1340 MCMCOBJ=    372.10770415773339     
 iteration         1360 MCMCOBJ=    378.11827797141740     
 iteration         1380 MCMCOBJ=    425.87047491606023     
 iteration         1400 MCMCOBJ=    344.11426779479740     
 iteration         1420 MCMCOBJ=    363.30504031329883     
 iteration         1440 MCMCOBJ=    371.68566967422180     
 iteration         1460 MCMCOBJ=    355.88445039119881     
 iteration         1480 MCMCOBJ=    390.39104723302455     
 iteration         1500 MCMCOBJ=    379.28373746460170     
 iteration         1520 MCMCOBJ=    392.56864366365238     
 iteration         1540 MCMCOBJ=    366.68484407761940     
 iteration         1560 MCMCOBJ=    350.91889831655311     
 iteration         1580 MCMCOBJ=    372.40697246335685     
 iteration         1600 MCMCOBJ=    371.22941573089128     
 iteration         1620 MCMCOBJ=    367.25846227916145     
 iteration         1640 MCMCOBJ=    394.17126709785100     
 iteration         1660 MCMCOBJ=    380.31390818891913     
 iteration         1680 MCMCOBJ=    356.50172141681765     
 iteration         1700 MCMCOBJ=    350.27245203445489     
 iteration         1720 MCMCOBJ=    335.76725430388035     
 iteration         1740 MCMCOBJ=    375.90009528751307     
 iteration         1760 MCMCOBJ=    347.61089996684848     
 iteration         1780 MCMCOBJ=    364.69646802722463     
 iteration         1800 MCMCOBJ=    366.52275264295895     
 iteration         1820 MCMCOBJ=    368.62852631938750     
 iteration         1840 MCMCOBJ=    366.75038835953529     
 iteration         1860 MCMCOBJ=    370.86899581084754     
 iteration         1880 MCMCOBJ=    385.69351970284777     
 iteration         1900 MCMCOBJ=    379.13478194292952     
 iteration         1920 MCMCOBJ=    360.66581033343869     
 iteration         1940 MCMCOBJ=    374.66416235477601     
 iteration         1960 MCMCOBJ=    380.58357756671251     
 iteration         1980 MCMCOBJ=    389.71115820326600     
 iteration         2000 MCMCOBJ=    365.75036598257770     
 iteration         2020 MCMCOBJ=    420.85981169242837     
 iteration         2040 MCMCOBJ=    376.30492985602473     
 iteration         2060 MCMCOBJ=    369.77342035736575     
 iteration         2080 MCMCOBJ=    362.26847955214083     
 iteration         2100 MCMCOBJ=    371.24658313608791     
 iteration         2120 MCMCOBJ=    350.42149278118478     
 iteration         2140 MCMCOBJ=    381.08957172797398     
 iteration         2160 MCMCOBJ=    401.22543908362854     
 iteration         2180 MCMCOBJ=    389.82814171356654     
 iteration         2200 MCMCOBJ=    374.00802210056264     
 iteration         2220 MCMCOBJ=    351.42204812323774     
 iteration         2240 MCMCOBJ=    408.08127076355214     
 iteration         2260 MCMCOBJ=    359.24508115254469     
 iteration         2280 MCMCOBJ=    381.17755131108754     
 iteration         2300 MCMCOBJ=    383.73039110443551     
 iteration         2320 MCMCOBJ=    376.27602339098064     
 iteration         2340 MCMCOBJ=    369.00066000956389     
 iteration         2360 MCMCOBJ=    346.04954398648812     
 iteration         2380 MCMCOBJ=    384.28417411838575     
 iteration         2400 MCMCOBJ=    404.10273017665099     
 iteration         2420 MCMCOBJ=    413.41122407561647     
 iteration         2440 MCMCOBJ=    420.43469928066651     
 iteration         2460 MCMCOBJ=    372.16837063975942     
 iteration         2480 MCMCOBJ=    361.17284602949559     
 iteration         2500 MCMCOBJ=    401.60423503376080     
 iteration         2520 MCMCOBJ=    375.49705672323262     
 iteration         2540 MCMCOBJ=    365.62793218502202     
 iteration         2560 MCMCOBJ=    375.60206615181852     
 iteration         2580 MCMCOBJ=    388.15756398657908     
 iteration         2600 MCMCOBJ=    369.22395507036686     
 iteration         2620 MCMCOBJ=    391.29240211304062     
 iteration         2640 MCMCOBJ=    381.35244626022586     
 iteration         2660 MCMCOBJ=    349.45989787588508     
 iteration         2680 MCMCOBJ=    379.40867958011802     
 iteration         2700 MCMCOBJ=    359.69669021321062     
 iteration         2720 MCMCOBJ=    370.12566755170548     
 iteration         2740 MCMCOBJ=    377.72973090672377     
 iteration         2760 MCMCOBJ=    413.98248918856137     
 iteration         2780 MCMCOBJ=    362.84276279336603     
 iteration         2800 MCMCOBJ=    397.04643677359218     
 iteration         2820 MCMCOBJ=    426.46248330428466     
 iteration         2840 MCMCOBJ=    374.13193020252100     
 iteration         2860 MCMCOBJ=    367.73431274716955     
 iteration         2880 MCMCOBJ=    381.86848744004095     
 iteration         2900 MCMCOBJ=    401.49660734003714     
 iteration         2920 MCMCOBJ=    359.96169430348664     
 iteration         2940 MCMCOBJ=    341.80125323620751     
 iteration         2960 MCMCOBJ=    363.32182051162800     
 iteration         2980 MCMCOBJ=    385.01178501844652     
 iteration         3000 MCMCOBJ=    364.44388448341016     
 iteration         3020 MCMCOBJ=    351.92282356835858     
 iteration         3040 MCMCOBJ=    356.24579173195747     
 iteration         3060 MCMCOBJ=    392.58412051085514     
 iteration         3080 MCMCOBJ=    364.34662301673632     
 iteration         3100 MCMCOBJ=    367.81789716998975     
 iteration         3120 MCMCOBJ=    391.44286538016411     
 iteration         3140 MCMCOBJ=    330.83541139419424     
 iteration         3160 MCMCOBJ=    353.87664027531963     
 iteration         3180 MCMCOBJ=    383.78917393200459     
 iteration         3200 MCMCOBJ=    378.26805910235140     
 iteration         3220 MCMCOBJ=    376.73816108224361     
 iteration         3240 MCMCOBJ=    378.87930033766270     
 iteration         3260 MCMCOBJ=    373.73571551715219     
 iteration         3280 MCMCOBJ=    354.50356190471376     
 iteration         3300 MCMCOBJ=    390.77341269508867     
 iteration         3320 MCMCOBJ=    398.99740816175608     
 iteration         3340 MCMCOBJ=    359.01455827168297     
 iteration         3360 MCMCOBJ=    366.40165641915604     
 iteration         3380 MCMCOBJ=    341.80121099697129     
 iteration         3400 MCMCOBJ=    358.01971916963868     
 iteration         3420 MCMCOBJ=    332.46422773194627     
 iteration         3440 MCMCOBJ=    390.39438523684549     
 iteration         3460 MCMCOBJ=    345.91717637596076     
 iteration         3480 MCMCOBJ=    364.70707428140412     
 iteration         3500 MCMCOBJ=    362.15641849714399     
 iteration         3520 MCMCOBJ=    345.12460502488915     
 iteration         3540 MCMCOBJ=    376.40753170473278     
 iteration         3560 MCMCOBJ=    371.07311143533536     
 iteration         3580 MCMCOBJ=    380.32317662628691     
 iteration         3600 MCMCOBJ=    417.93092777258096     
 iteration         3620 MCMCOBJ=    370.17286968892421     
 iteration         3640 MCMCOBJ=    384.65533558691368     
 iteration         3660 MCMCOBJ=    416.71550391440724     
 iteration         3680 MCMCOBJ=    363.12407181924544     
 iteration         3700 MCMCOBJ=    365.80239723396829     
 iteration         3720 MCMCOBJ=    361.24291177238149     
 iteration         3740 MCMCOBJ=    355.47591264398147     
 iteration         3760 MCMCOBJ=    382.18521710350285     
 iteration         3780 MCMCOBJ=    384.58413352277535     
 iteration         3800 MCMCOBJ=    396.57319400269847     
 iteration         3820 MCMCOBJ=    369.98357361779102     
 iteration         3840 MCMCOBJ=    383.92441247883971     
 iteration         3860 MCMCOBJ=    336.89235535527831     
 iteration         3880 MCMCOBJ=    321.89514727791794     
 iteration         3900 MCMCOBJ=    378.52130124535830     
 iteration         3920 MCMCOBJ=    365.53842461131791     
 iteration         3940 MCMCOBJ=    397.85412731028265     
 iteration         3960 MCMCOBJ=    358.95036894180203     
 iteration         3980 MCMCOBJ=    340.14444521492027     
 iteration         4000 MCMCOBJ=    383.73139900311111     
 iteration         4020 MCMCOBJ=    387.11352831904088     
 iteration         4040 MCMCOBJ=    405.57728999830215     
 iteration         4060 MCMCOBJ=    371.45176666216634     
 iteration         4080 MCMCOBJ=    389.82223641466294     
 iteration         4100 MCMCOBJ=    374.68790637697890     
 iteration         4120 MCMCOBJ=    354.23101077080275     
 iteration         4140 MCMCOBJ=    376.67535463250493     
 iteration         4160 MCMCOBJ=    386.46892856204460     
 iteration         4180 MCMCOBJ=    397.73397184668386     
 iteration         4200 MCMCOBJ=    372.68376336005440     
 iteration         4220 MCMCOBJ=    412.09922248054795     
 iteration         4240 MCMCOBJ=    388.89124762461347     
 iteration         4260 MCMCOBJ=    396.05881064761525     
 iteration         4280 MCMCOBJ=    362.28567434910946     
 iteration         4300 MCMCOBJ=    415.04045537719367     
 iteration         4320 MCMCOBJ=    393.79678985270402     
 iteration         4340 MCMCOBJ=    341.70269478147526     
 iteration         4360 MCMCOBJ=    356.40730447554370     
 iteration         4380 MCMCOBJ=    399.49879571035774     
 iteration         4400 MCMCOBJ=    376.61358978580114     
 iteration         4420 MCMCOBJ=    352.04627027508866     
 iteration         4440 MCMCOBJ=    395.52683087315029     
 iteration         4460 MCMCOBJ=    369.11955519325170     
 iteration         4480 MCMCOBJ=    443.52393405067755     
 iteration         4500 MCMCOBJ=    395.47101181189504     
 iteration         4520 MCMCOBJ=    371.18843626141177     
 iteration         4540 MCMCOBJ=    375.81811677968818     
 iteration         4560 MCMCOBJ=    387.21626927094854     
 iteration         4580 MCMCOBJ=    352.51138810189957     
 iteration         4600 MCMCOBJ=    394.54926061385947     
 iteration         4620 MCMCOBJ=    357.00394507596525     
 iteration         4640 MCMCOBJ=    371.99611197554293     
 iteration         4660 MCMCOBJ=    381.91135180531700     
 iteration         4680 MCMCOBJ=    366.29916676212599     
 iteration         4700 MCMCOBJ=    362.45816439672234     
 iteration         4720 MCMCOBJ=    339.64500676141489     
 iteration         4740 MCMCOBJ=    359.26476764556656     
 iteration         4760 MCMCOBJ=    363.75892971047011     
 iteration         4780 MCMCOBJ=    373.36415237381340     
 iteration         4800 MCMCOBJ=    371.69720415425729     
 iteration         4820 MCMCOBJ=    357.28651068282966     
 iteration         4840 MCMCOBJ=    407.17446016544187     
 iteration         4860 MCMCOBJ=    380.80644861312504     
 iteration         4880 MCMCOBJ=    374.70970934720049     
 iteration         4900 MCMCOBJ=    381.07677939200516     
 iteration         4920 MCMCOBJ=    384.65899329518487     
 iteration         4940 MCMCOBJ=    338.73758544711643     
 iteration         4960 MCMCOBJ=    367.50385934656913     
 iteration         4980 MCMCOBJ=    374.49322193087255     
 iteration         5000 MCMCOBJ=    382.07638022610882     
 iteration         5020 MCMCOBJ=    371.81570150237923     
 iteration         5040 MCMCOBJ=    383.44651995203782     
 iteration         5060 MCMCOBJ=    375.08838676141170     
 iteration         5080 MCMCOBJ=    378.05702908169724     
 iteration         5100 MCMCOBJ=    349.00473669054168     
 iteration         5120 MCMCOBJ=    411.38174877681456     
 iteration         5140 MCMCOBJ=    375.06055132209843     
 iteration         5160 MCMCOBJ=    401.25228313733601     
 iteration         5180 MCMCOBJ=    368.77168428497708     
 iteration         5200 MCMCOBJ=    402.95833498034477     
 iteration         5220 MCMCOBJ=    387.40984856664454     
 iteration         5240 MCMCOBJ=    411.43614185458392     
 iteration         5260 MCMCOBJ=    375.58392125932698     
 iteration         5280 MCMCOBJ=    334.30087684223281     
 iteration         5300 MCMCOBJ=    335.14027845069711     
 iteration         5320 MCMCOBJ=    367.79613086267824     
 iteration         5340 MCMCOBJ=    431.51109024090596     
 iteration         5360 MCMCOBJ=    391.46102330730162     
 iteration         5380 MCMCOBJ=    377.21358757572000     
 iteration         5400 MCMCOBJ=    399.26318206690121     
 iteration         5420 MCMCOBJ=    359.44021981552561     
 iteration         5440 MCMCOBJ=    359.43186209953785     
 iteration         5460 MCMCOBJ=    403.43946274689790     
 iteration         5480 MCMCOBJ=    346.98589559494485     
 iteration         5500 MCMCOBJ=    359.10960799323402     
 iteration         5520 MCMCOBJ=    417.29647886496087     
 iteration         5540 MCMCOBJ=    343.09357448894082     
 iteration         5560 MCMCOBJ=    402.89782820960625     
 iteration         5580 MCMCOBJ=    391.93872801260090     
 iteration         5600 MCMCOBJ=    337.51607812668590     
 iteration         5620 MCMCOBJ=    412.67411620329250     
 iteration         5640 MCMCOBJ=    377.06808836879031     
 iteration         5660 MCMCOBJ=    354.29463378535604     
 iteration         5680 MCMCOBJ=    371.40400928116111     
 iteration         5700 MCMCOBJ=    391.29714349999847     
 iteration         5720 MCMCOBJ=    389.25368538963670     
 iteration         5740 MCMCOBJ=    372.21595450820701     
 iteration         5760 MCMCOBJ=    380.70160869058486     
 iteration         5780 MCMCOBJ=    387.91441827444737     
 iteration         5800 MCMCOBJ=    367.13729905823226     
 iteration         5820 MCMCOBJ=    350.22627387028223     
 iteration         5840 MCMCOBJ=    362.64899234228767     
 iteration         5860 MCMCOBJ=    371.36636765183255     
 iteration         5880 MCMCOBJ=    357.08339388413498     
 iteration         5900 MCMCOBJ=    381.64241582904657     
 iteration         5920 MCMCOBJ=    370.96070525052863     
 iteration         5940 MCMCOBJ=    412.52251080413350     
 iteration         5960 MCMCOBJ=    380.28965963681162     
 iteration         5980 MCMCOBJ=    363.99416347015801     
 iteration         6000 MCMCOBJ=    390.43475327453297     
 iteration         6020 MCMCOBJ=    411.11764721773068     
 iteration         6040 MCMCOBJ=    387.46227978367227     
 iteration         6060 MCMCOBJ=    378.65734523476868     
 iteration         6080 MCMCOBJ=    373.00228423059355     
 iteration         6100 MCMCOBJ=    370.80986194612939     
 iteration         6120 MCMCOBJ=    368.74754842584554     
 iteration         6140 MCMCOBJ=    376.24153052084841     
 iteration         6160 MCMCOBJ=    383.02835461165057     
 iteration         6180 MCMCOBJ=    346.72629835507018     
 iteration         6200 MCMCOBJ=    394.39962494908184     
 iteration         6220 MCMCOBJ=    362.41390688988656     
 iteration         6240 MCMCOBJ=    379.24568156285358     
 iteration         6260 MCMCOBJ=    357.48707716020556     
 iteration         6280 MCMCOBJ=    366.37168471016372     
 iteration         6300 MCMCOBJ=    366.26298776288888     
 iteration         6320 MCMCOBJ=    358.32930483683361     
 iteration         6340 MCMCOBJ=    412.72861109998468     
 iteration         6360 MCMCOBJ=    370.38113760005319     
 iteration         6380 MCMCOBJ=    371.89770366487852     
 iteration         6400 MCMCOBJ=    383.27922321128818     
 iteration         6420 MCMCOBJ=    398.52542290218412     
 iteration         6440 MCMCOBJ=    363.77717810381023     
 iteration         6460 MCMCOBJ=    388.84563961639628     
 iteration         6480 MCMCOBJ=    366.26619518100449     
 iteration         6500 MCMCOBJ=    363.23144690475277     
 iteration         6520 MCMCOBJ=    391.14077273121711     
 iteration         6540 MCMCOBJ=    353.69180647590059     
 iteration         6560 MCMCOBJ=    382.32227582154042     
 iteration         6580 MCMCOBJ=    362.18248720513469     
 iteration         6600 MCMCOBJ=    351.77193216670588     
 iteration         6620 MCMCOBJ=    374.86126865223395     
 iteration         6640 MCMCOBJ=    376.10667283801274     
 iteration         6660 MCMCOBJ=    397.36971216470397     
 iteration         6680 MCMCOBJ=    362.51674099757082     
 iteration         6700 MCMCOBJ=    370.62758069461569     
 iteration         6720 MCMCOBJ=    364.29764056272938     
 iteration         6740 MCMCOBJ=    386.40698649171873     
 iteration         6760 MCMCOBJ=    399.91279655987518     
 iteration         6780 MCMCOBJ=    377.44970080337634     
 iteration         6800 MCMCOBJ=    388.50078322186539     
 iteration         6820 MCMCOBJ=    380.27924112815026     
 iteration         6840 MCMCOBJ=    412.50480701589714     
 iteration         6860 MCMCOBJ=    384.13084093397788     
 iteration         6880 MCMCOBJ=    348.14906818782293     
 iteration         6900 MCMCOBJ=    342.01275986915613     
 iteration         6920 MCMCOBJ=    347.79758329243282     
 iteration         6940 MCMCOBJ=    387.98731817574662     
 iteration         6960 MCMCOBJ=    410.36536054260097     
 iteration         6980 MCMCOBJ=    381.86333225091840     
 iteration         7000 MCMCOBJ=    361.66565628184713     
 iteration         7020 MCMCOBJ=    362.45314280290768     
 iteration         7040 MCMCOBJ=    345.68289656345780     
 iteration         7060 MCMCOBJ=    362.48208726976179     
 iteration         7080 MCMCOBJ=    365.53710493022817     
 iteration         7100 MCMCOBJ=    371.46224071665523     
 iteration         7120 MCMCOBJ=    355.03100192416645     
 iteration         7140 MCMCOBJ=    372.67711961077282     
 iteration         7160 MCMCOBJ=    365.89297393207391     
 iteration         7180 MCMCOBJ=    385.90302703226723     
 iteration         7200 MCMCOBJ=    383.56066449604890     
 iteration         7220 MCMCOBJ=    326.25279418079577     
 iteration         7240 MCMCOBJ=    341.09379305855970     
 iteration         7260 MCMCOBJ=    408.81915320568299     
 iteration         7280 MCMCOBJ=    379.68592231243241     
 iteration         7300 MCMCOBJ=    408.27622525209455     
 iteration         7320 MCMCOBJ=    397.62968872357885     
 iteration         7340 MCMCOBJ=    357.38314100507733     
 iteration         7360 MCMCOBJ=    388.87254235884342     
 iteration         7380 MCMCOBJ=    400.47066002838147     
 iteration         7400 MCMCOBJ=    397.46413336894017     
 iteration         7420 MCMCOBJ=    390.09333593390210     
 iteration         7440 MCMCOBJ=    345.35536728042104     
 iteration         7460 MCMCOBJ=    382.44067833590816     
 iteration         7480 MCMCOBJ=    426.54947950427277     
 iteration         7500 MCMCOBJ=    382.46930219333649     
 iteration         7520 MCMCOBJ=    383.51353023279074     
 iteration         7540 MCMCOBJ=    374.80893764459779     
 iteration         7560 MCMCOBJ=    366.80887006097385     
 iteration         7580 MCMCOBJ=    344.40456686174235     
 iteration         7600 MCMCOBJ=    388.83987720286456     
 iteration         7620 MCMCOBJ=    383.37942928014991     
 iteration         7640 MCMCOBJ=    391.75748286934089     
 iteration         7660 MCMCOBJ=    394.31528139646190     
 iteration         7680 MCMCOBJ=    365.99137703332735     
 iteration         7700 MCMCOBJ=    368.94319457764374     
 iteration         7720 MCMCOBJ=    384.82127294148893     
 iteration         7740 MCMCOBJ=    386.78288750852244     
 iteration         7760 MCMCOBJ=    374.92447794289131     
 iteration         7780 MCMCOBJ=    359.18081572909290     
 iteration         7800 MCMCOBJ=    364.19326875064229     
 iteration         7820 MCMCOBJ=    364.40319619264346     
 iteration         7840 MCMCOBJ=    414.64936079983084     
 iteration         7860 MCMCOBJ=    350.13800868421384     
 iteration         7880 MCMCOBJ=    338.91918108992843     
 iteration         7900 MCMCOBJ=    390.32362822019377     
 iteration         7920 MCMCOBJ=    342.36704897972709     
 iteration         7940 MCMCOBJ=    342.99565439081204     
 iteration         7960 MCMCOBJ=    374.52736091788972     
 iteration         7980 MCMCOBJ=    357.86527434559133     
 iteration         8000 MCMCOBJ=    363.65808434880825     
 iteration         8020 MCMCOBJ=    350.25497521533282     
 iteration         8040 MCMCOBJ=    380.63888179543750     
 iteration         8060 MCMCOBJ=    360.25526843514461     
 iteration         8080 MCMCOBJ=    393.06710464666355     
 iteration         8100 MCMCOBJ=    386.69282438007963     
 iteration         8120 MCMCOBJ=    368.65143046082363     
 iteration         8140 MCMCOBJ=    394.26784518654415     
 iteration         8160 MCMCOBJ=    399.38946319624398     
 iteration         8180 MCMCOBJ=    367.43332027760914     
 iteration         8200 MCMCOBJ=    383.41063229634130     
 iteration         8220 MCMCOBJ=    389.45725790198054     
 iteration         8240 MCMCOBJ=    359.93944630080239     
 iteration         8260 MCMCOBJ=    415.71665723910456     
 iteration         8280 MCMCOBJ=    369.68452879452025     
 iteration         8300 MCMCOBJ=    364.15253063701419     
 iteration         8320 MCMCOBJ=    369.15438530258473     
 iteration         8340 MCMCOBJ=    403.48604879557195     
 iteration         8360 MCMCOBJ=    384.86932073833344     
 iteration         8380 MCMCOBJ=    377.26227611362356     
 iteration         8400 MCMCOBJ=    352.74191757060299     
 iteration         8420 MCMCOBJ=    378.62991340209180     
 iteration         8440 MCMCOBJ=    348.08642895255451     
 iteration         8460 MCMCOBJ=    369.23612275475773     
 iteration         8480 MCMCOBJ=    378.35181697692798     
 iteration         8500 MCMCOBJ=    361.67868330769352     
 iteration         8520 MCMCOBJ=    357.45606115092517     
 iteration         8540 MCMCOBJ=    410.27168139685790     
 iteration         8560 MCMCOBJ=    362.89939895720426     
 iteration         8580 MCMCOBJ=    366.60666595447282     
 iteration         8600 MCMCOBJ=    406.85355336996867     
 iteration         8620 MCMCOBJ=    389.60267352114676     
 iteration         8640 MCMCOBJ=    349.58694349233008     
 iteration         8660 MCMCOBJ=    406.18014336527233     
 iteration         8680 MCMCOBJ=    356.24768709587698     
 iteration         8700 MCMCOBJ=    340.55099723684299     
 iteration         8720 MCMCOBJ=    376.61057165452928     
 iteration         8740 MCMCOBJ=    403.60833041347576     
 iteration         8760 MCMCOBJ=    367.23162962335476     
 iteration         8780 MCMCOBJ=    360.59110979818564     
 iteration         8800 MCMCOBJ=    357.84129271314930     
 iteration         8820 MCMCOBJ=    380.27174549739453     
 iteration         8840 MCMCOBJ=    414.76380232346844     
 iteration         8860 MCMCOBJ=    364.41586449040261     
 iteration         8880 MCMCOBJ=    397.65810890460995     
 iteration         8900 MCMCOBJ=    360.90845086045573     
 iteration         8920 MCMCOBJ=    350.34687681444427     
 iteration         8940 MCMCOBJ=    327.12610109914579     
 iteration         8960 MCMCOBJ=    376.15174006750203     
 iteration         8980 MCMCOBJ=    362.90160307681191     
 iteration         9000 MCMCOBJ=    361.13522647332854     
 iteration         9020 MCMCOBJ=    376.37713474007029     
 iteration         9040 MCMCOBJ=    376.33704291733596     
 iteration         9060 MCMCOBJ=    377.24226453932670     
 iteration         9080 MCMCOBJ=    362.37735738529773     
 iteration         9100 MCMCOBJ=    343.64989638061138     
 iteration         9120 MCMCOBJ=    359.30381969118122     
 iteration         9140 MCMCOBJ=    377.61233855203830     
 iteration         9160 MCMCOBJ=    364.43036249363928     
 iteration         9180 MCMCOBJ=    365.56942767438755     
 iteration         9200 MCMCOBJ=    424.58917643088614     
 iteration         9220 MCMCOBJ=    364.98333276677192     
 iteration         9240 MCMCOBJ=    384.65628478572421     
 iteration         9260 MCMCOBJ=    391.88068362527133     
 iteration         9280 MCMCOBJ=    397.64343704657574     
 iteration         9300 MCMCOBJ=    419.87792125242748     
 iteration         9320 MCMCOBJ=    363.59539657782989     
 iteration         9340 MCMCOBJ=    343.03373921514338     
 iteration         9360 MCMCOBJ=    367.63341255208661     
 iteration         9380 MCMCOBJ=    362.63999499688595     
 iteration         9400 MCMCOBJ=    398.14584584194125     
 iteration         9420 MCMCOBJ=    378.77084909729041     
 iteration         9440 MCMCOBJ=    378.70442830543624     
 iteration         9460 MCMCOBJ=    385.71277685544783     
 iteration         9480 MCMCOBJ=    347.45283638428054     
 iteration         9500 MCMCOBJ=    378.39294950126816     
 iteration         9520 MCMCOBJ=    373.66481134716440     
 iteration         9540 MCMCOBJ=    368.65709995429302     
 iteration         9560 MCMCOBJ=    380.61174761302169     
 iteration         9580 MCMCOBJ=    371.84271270887251     
 iteration         9600 MCMCOBJ=    400.24270355713799     
 iteration         9620 MCMCOBJ=    384.66796669831683     
 iteration         9640 MCMCOBJ=    387.56274380980659     
 iteration         9660 MCMCOBJ=    397.97016407140262     
 iteration         9680 MCMCOBJ=    370.53576667757216     
 iteration         9700 MCMCOBJ=    350.93943835959931     
 iteration         9720 MCMCOBJ=    404.72541473941607     
 iteration         9740 MCMCOBJ=    408.64863175962523     
 iteration         9760 MCMCOBJ=    382.31172185099564     
 iteration         9780 MCMCOBJ=    393.82346565252942     
 iteration         9800 MCMCOBJ=    423.00012944133368     
 iteration         9820 MCMCOBJ=    376.38345301473186     
 iteration         9840 MCMCOBJ=    367.57334860990488     
 iteration         9860 MCMCOBJ=    416.45405318809361     
 iteration         9880 MCMCOBJ=    372.47502063075751     
 iteration         9900 MCMCOBJ=    399.30666051669766     
 iteration         9920 MCMCOBJ=    358.30961648662566     
 iteration         9940 MCMCOBJ=    383.58980767675786     
 iteration         9960 MCMCOBJ=    373.85269124055236     
 iteration         9980 MCMCOBJ=    347.52502911950546     
 iteration        10000 MCMCOBJ=    360.90386882086665     
 BURN-IN WAS COMPLETED

 #TERM:
 STATISTICAL PORTION WAS COMPLETED
  
 TOTAL DATA POINTS NORMALLY DISTRIBUTED (N):          168
 N*LOG(2PI) CONSTANT TO OBJECTIVE FUNCTION:    308.76334715677001     
 OBJECTIVE FUNCTION VALUE WITHOUT CONSTANT:    375.35568719871753     
 OBJECTIVE FUNCTION VALUE WITH CONSTANT:       684.11903435548754     
 REPORTED OBJECTIVE FUNCTION DOES NOT CONTAIN CONSTANT
  
 TOTAL EFFECTIVE ETAS (NIND*NETA):                           112
 NIND*NETA*LOG(2PI) CONSTANT TO OBJECTIVE FUNCTION:    205.84223143784669     
 OBJECTIVE FUNCTION VALUE WITHOUT CONSTANT:    375.35568719871753     
 OBJECTIVE FUNCTION VALUE WITH CONSTANT:       581.19791863656428     
 REPORTED OBJECTIVE FUNCTION DOES NOT CONTAIN CONSTANT
  
 PRIOR CONSTANT TO OBJECTIVE FUNCTION:    30.823646298206345     
 OBJECTIVE FUNCTION VALUE WITHOUT CONSTANT:    375.35568719871753     
 OBJECTIVE FUNCTION VALUE WITH CONSTANT:       406.17933349692390     
 REPORTED OBJECTIVE FUNCTION DOES NOT CONTAIN CONSTANT
  
 #TERE:
 Elapsed estimation  time in seconds:    63.41
 Elapsed covariance  time in seconds:     0.00
1
 
 
 
 
 
 
 
 
 
 
 
 
 
 
 
 
 
 
 
 
 ************************************************************************************************************************
 ********************                                                                                ********************
 ********************                              MCMC BAYESIAN ANALYSIS                            ********************
 #OBJT:**************                       AVERAGE VALUE OF LIKELIHOOD FUNCTION                     ********************
 ********************                                                                                ********************
 ************************************************************************************************************************
 





 #OBJV:********************************************      375.356       **************************************************
 #OBJS:********************************************       20.299 (STD) **************************************************
1
 ************************************************************************************************************************
 ********************                                                                                ********************
 ********************                              MCMC BAYESIAN ANALYSIS                            ********************
 ********************                             FINAL PARAMETER ESTIMATE                           ********************
 ********************                                                                                ********************
 ************************************************************************************************************************
 


 THETA - VECTOR OF FIXED EFFECTS PARAMETERS   *********


         THETA(CL) THETA(V) 
 
         3.17E+00  3.47E+01
 


 OMEGA - COV MATRIX FOR RANDOM EFFECTS - ETAS  ********


         ETA(CL)   ETA(V)   
 
 ETA(CL)
+        1.00E-01
 
 ETA(V)
+        1.17E-02  5.20E-02
 


 SIGMA - COV MATRIX FOR RANDOM EFFECTS - EPSILONS  ****


         EPS1     
 
 EPS1
+        4.11E-02
 
1


 OMEGA - CORR MATRIX FOR RANDOM EFFECTS - ETAS  *******


         ETA(CL)   ETA(V)   
 
 ETA(CL)
+        3.14E-01
 
 ETA(V)
+        1.60E-01  2.25E-01
 


 SIGMA - CORR MATRIX FOR RANDOM EFFECTS - EPSILONS  ***


         EPS1     
 
 EPS1
+        2.02E-01
 
1
 ************************************************************************************************************************
 ********************                                                                                ********************
 ********************                              MCMC BAYESIAN ANALYSIS                            ********************
 ********************                STANDARD ERROR OF ESTIMATE (From Sample Variance)               ********************
 ********************                                                                                ********************
 ************************************************************************************************************************
 


 THETA - VECTOR OF FIXED EFFECTS PARAMETERS   *********


         THETA(CL) THETA(V) 
 
         1.49E-01  1.51E+00
 


 OMEGA - COV MATRIX FOR RANDOM EFFECTS - ETAS  ********


         ETA(CL)   ETA(V)   
 
 ETA(CL)
+        2.34E-02
 
 ETA(V)
+        1.43E-02  1.63E-02
 


 SIGMA - COV MATRIX FOR RANDOM EFFECTS - EPSILONS  ****


         EPS1     
 
 EPS1
+        6.81E-03
 
1


 OMEGA - CORR MATRIX FOR RANDOM EFFECTS - ETAS  *******


         ETA(CL)   ETA(V)   
 
 ETA(CL)
+        3.62E-02
 
 ETA(V)
+        1.85E-01  3.47E-02
 


 SIGMA - CORR MATRIX FOR RANDOM EFFECTS - EPSILONS  ***


         EPS1     
 
 EPS1
+        1.66E-02
 
1
 ************************************************************************************************************************
 ********************                                                                                ********************
 ********************                              MCMC BAYESIAN ANALYSIS                            ********************
 ********************               COVARIANCE MATRIX OF ESTIMATE (From Sample Variance)             ********************
 ********************                                                                                ********************
 ************************************************************************************************************************
 

            TH 1      TH 2      OM11      OM12      OM22      SG11  
 
 TH 1
+        2.21E-02
 
 TH 2
+        2.98E-02  2.29E+00
 
 OM11
+       -2.19E-04  4.42E-03  5.49E-04
 
 OM12
+        2.03E-04  2.85E-05  6.57E-05  2.05E-04
 
 OM22
+       -1.10E-04  1.10E-03  1.80E-05  5.50E-05  2.66E-04
 
 SG11
+        5.23E-05  3.48E-04 -1.77E-05 -3.89E-06 -1.51E-05  4.64E-05
 
1
 ************************************************************************************************************************
 ********************                                                                                ********************
 ********************                              MCMC BAYESIAN ANALYSIS                            ********************
 ********************              CORRELATION MATRIX OF ESTIMATE (From Sample Variance)             ********************
 ********************                                                                                ********************
 ************************************************************************************************************************
 

            TH 1      TH 2      OM11      OM12      OM22      SG11  
 
 TH 1
+        1.49E-01
 
 TH 2
+        1.33E-01  1.51E+00
 
 OM11
+       -6.28E-02  1.25E-01  2.34E-02
 
 OM12
+        9.55E-02  1.32E-03  1.96E-01  1.43E-02
 
 OM22
+       -4.52E-02  4.46E-02  4.72E-02  2.36E-01  1.63E-02
 
 SG11
+        5.16E-02  3.38E-02 -1.11E-01 -3.99E-02 -1.36E-01  6.81E-03
 
1
 ************************************************************************************************************************
 ********************                                                                                ********************
 ********************                              MCMC BAYESIAN ANALYSIS                            ********************
 ********************           INVERSE COVARIANCE MATRIX OF ESTIMATE (From Sample Variance)         ********************
 ********************                                                                                ********************
 ************************************************************************************************************************
 

            TH 1      TH 2      OM11      OM12      OM22      SG11  
 
 TH 1
+        4.74E+01
 
 TH 2
+       -6.85E-01  4.57E-01
 
 OM11
+        3.01E+01 -4.33E+00  1.97E+03
 
 OM12
+       -6.58E+01  2.64E+00 -6.68E+02  5.47E+03
 
 OM22
+        3.21E+01 -2.71E+00  7.58E+01 -1.13E+03  4.09E+03
 
 SG11
+       -3.18E+01 -4.95E+00  7.16E+02 -1.08E+02  1.24E+03  2.23E+04
 
 Elapsed postprocess time in seconds:     0.00
 #CPUT: Total CPU Time in Seconds,       56.812
Stop Time: 
Tue 01/03/2017 
10:30 PM
