Tue 01/03/2017 
10:24 PM
$PROB one cmpt simple mu modeled bayes multidose nids: 9 scenario: s1dpt
;; based_on: run100
$SUB ADVAN1 TRANS2
$INPUT ID TIME DV OBSNUM CMT EVID AMT RATE ADDL II 
$DATA ..\..\mdata\simple_nocovar_56id_6tp_md.csv
IGNORE=@ 
IGNORE=(OBSNUM.EQN.2)
IGNORE=(OBSNUM.EQN.4)
IGNORE=(OBSNUM.EQN.5)
IGNORE=(ID.GT.9)
$ABBR REPLACE THETA(CL, V) = THETA(1 to 2)
$ABBR REPLACE ETA(CL, V) = ETA(1 to 2)

$THETAI
THETA(1:NTHETA)=LOG(THETAI(1:NTHETA))
THETAP(1:NTHETAP)=LOG(THETAPI(1:NTHETAP))
$THETAR
THETAR(1:NTHETA)=EXP(THETA(1:NTHETA))
THETAPR(1:NTHETAP)=EXP(THETAP(1:NTHETAP))

$PRIOR NWPRI 

$PK
"USE NMBAYES_INT, ONLY: ITER_REPORT,BAYES_EXTRA_REQUEST,BAYES_EXTRA
; Request extra information for Bayesian analysis.
; An extra call will then be made for accepted samples
"BAYES_EXTRA_REQUEST=1

MU_1 = THETA(CL)
MU_2 = THETA(V)
CL = EXP(MU_1 + ETA(CL))
V = EXP(MU_2 + ETA(V))
S1 = V

"IF(BAYES_EXTRA==1 .AND. ITER_REPORT>=0 .AND. TIME==0.0) THEN
"WRITE(50,98) ITER_REPORT,ID,CL,V
"98 FORMAT(I12,1X,F14.0,4(1X,1PG12.5))
"ENDIF

$ERROR
IPRED=F
Y = IPRED*(1 + ERR(1))  

$THETA
(0.001, 2.5) ; TVCL
(0.001, 46) ; TVV

$OMEGA BLOCK(2)
0.1    ; nCL
0.1  0.1  ; nV

$SIGMA
0.03 ; PROP

; THETA PRIORS
$THETAP (2.5 FIX) (46 FIX) 

; THETA (uniformative) PRIORs
$THETAPV BLOCK(2)
10000 FIX
0.0 10000 

$OMEGAP BLOCK(2)
0.2 FIX
0 0.2

; degrees of freedom to prior omega matrix - low dof = highly uninformative
$OMEGAPD (2 FIX)

$EST METHOD=CHAIN FILE=..\run100.chn NSAMPLE=0 ISAMPLE=4 DF=20
$EST METHOD=BAYES INTER NBURN=4000 NITER=10000 PRINT=20 NOPRIOR=0 CTYPE=3 CITER=10 SEED=56664
  
NM-TRAN MESSAGES 
  
 WARNINGS AND ERRORS (IF ANY) FOR PROBLEM    1
             
 (WARNING  2) NM-TRAN INFERS THAT THE DATA ARE POPULATION.

 (MU_WARNING 20) MU_001: MU_ VARIABLE SHOULD NOT BE DEFINED AFTER VERBATIM CODE.
  
License Registered to: Devin Pastoor
Expiration Date:    14 NOV 2017
Current Date:        3 JAN 2017
Days until program expires : 311
1NONLINEAR MIXED EFFECTS MODEL PROGRAM (NONMEM) VERSION 7.4.0 alpha14 (nm74a14)
 ORIGINALLY DEVELOPED BY STUART BEAL, LEWIS SHEINER, AND ALISON BOECKMANN
 CURRENT DEVELOPERS ARE ROBERT BAUER, ICON DEVELOPMENT SOLUTIONS,
 AND ALISON BOECKMANN. IMPLEMENTATION, EFFICIENCY, AND STANDARDIZATION
 PERFORMED BY NOUS INFOSYSTEMS.

 PROBLEM NO.:         1
 one cmpt simple mu modeled bayes multidose nids: 9 scenario: s1dpt
0DATA CHECKOUT RUN:              NO
 DATA SET LOCATED ON UNIT NO.:    2
 THIS UNIT TO BE REWOUND:        NO
 NO. OF DATA RECS IN DATA SET:       36
 NO. OF DATA ITEMS IN DATA SET:  11
 ID DATA ITEM IS DATA ITEM NO.:   1
 DEP VARIABLE IS DATA ITEM NO.:   3
 MDV DATA ITEM IS DATA ITEM NO.: 11
0INDICES PASSED TO SUBROUTINE PRED:
   6   2   7   8   0  10   5   0   0   0   9
0LABELS FOR DATA ITEMS:
 ID TIME DV OBSNUM CMT EVID AMT RATE ADDL II MDV
0LABELS FOR THETAS
 THETA(1)=THETA(CL)
 THETA(2)=THETA(V)
0LABELS FOR ETAS
 ETA(1)=ETA(CL)
0LABELS FOR ETAS
 ETA(2)=ETA(V)
0FORMAT FOR DATA:
 (E2.0,E3.0,E17.0,3E2.0,2E5.0,E2.0,E3.0,1F2.0)

 TOT. NO. OF OBS RECS:       27
 TOT. NO. OF INDIVIDUALS:      9
0LENGTH OF THETA:   5
0DEFAULT THETA BOUNDARY TEST OMITTED:    NO
0OMEGA HAS BLOCK FORM:
  1
  1  1
  0  0  2
  0  0  2  2
  0  0  0  0  3
  0  0  0  0  3  3
0DEFAULT OMEGA BOUNDARY TEST OMITTED:    NO
0SIGMA HAS SIMPLE DIAGONAL FORM WITH DIMENSION:   1
0DEFAULT SIGMA BOUNDARY TEST OMITTED:    NO
0INITIAL ESTIMATE OF THETA:
 LOWER BOUND    INITIAL EST    UPPER BOUND
  0.1000E-02     0.2500E+01     0.1000E+07
  0.1000E-02     0.4600E+02     0.1000E+07
  0.2500E+01     0.2500E+01     0.2500E+01
  0.4600E+02     0.4600E+02     0.4600E+02
  0.2000E+01     0.2000E+01     0.2000E+01
0INITIAL ESTIMATE OF OMEGA:
 BLOCK SET NO.   BLOCK                                                                    FIXED
        1                                                                                   NO
 DIAGONAL SHIFT OF  1.1000E-07 WAS IMPOSED TO ENSURE POSITIVE DEFINITENESS
                  0.1000E+00
                  0.1000E+00   0.1000E+00
        2                                                                                  YES
                  0.1000E+05
                  0.0000E+00   0.1000E+05
        3                                                                                  YES
                  0.2000E+00
                  0.0000E+00   0.2000E+00
0INITIAL ESTIMATE OF SIGMA:
 0.3000E-01
0
 THETAI SUBROUTINE USER-SUPPLIED
 THETAR SUBROUTINE USER-SUPPLIED
 PRIOR SUBROUTINE USER-SUPPLIED
1DOUBLE PRECISION PREDPP VERSION 7.4.0 alpha14 (nm74a14)

 ONE COMPARTMENT MODEL (ADVAN1)
0MAXIMUM NO. OF BASIC PK PARAMETERS:   2
0BASIC PK PARAMETERS (AFTER TRANSLATION):
   ELIMINATION RATE (K) IS BASIC PK PARAMETER NO.:  1

 TRANSLATOR WILL CONVERT PARAMETERS
 CLEARANCE (CL) AND VOLUME (V) TO K (TRANS2)
0COMPARTMENT ATTRIBUTES
 COMPT. NO.   FUNCTION   INITIAL    ON/OFF      DOSE      DEFAULT    DEFAULT
                         STATUS     ALLOWED    ALLOWED    FOR DOSE   FOR OBS.
    1         CENTRAL      ON         NO         YES        YES        YES
    2         OUTPUT       OFF        YES        NO         NO         NO
1
 ADDITIONAL PK PARAMETERS - ASSIGNMENT OF ROWS IN GG
 COMPT. NO.                             INDICES
              SCALE      BIOAVAIL.   ZERO-ORDER  ZERO-ORDER  ABSORB
                         FRACTION    RATE        DURATION    LAG
    1            3           *           *           *           *
    2            *           -           -           -           -
             - PARAMETER IS NOT ALLOWED FOR THIS MODEL
             * PARAMETER IS NOT SUPPLIED BY PK SUBROUTINE;
               WILL DEFAULT TO ONE IF APPLICABLE
0DATA ITEM INDICES USED BY PRED ARE:
   EVENT ID DATA ITEM IS DATA ITEM NO.:      6
   TIME DATA ITEM IS DATA ITEM NO.:          2
   DOSE AMOUNT DATA ITEM IS DATA ITEM NO.:   7
   DOSE RATE DATA ITEM IS DATA ITEM NO.:     8
   INTERVAL DATA ITEM IS DATA ITEM NO.:     10
   ADDL. DOSES DATA ITEM IS DATA ITEM NO.:   9
   COMPT. NO. DATA ITEM IS DATA ITEM NO.:    5

0PK SUBROUTINE CALLED WITH EVERY EVENT RECORD.
 PK SUBROUTINE NOT CALLED AT NONEVENT (ADDITIONAL OR LAGGED) DOSE TIMES.
0ERROR SUBROUTINE CALLED WITH EVERY EVENT RECORD.
1


 #TBLN:      1
 #METH: Chain Method Processing

 RANDOM GENERATION TYPE (CTYPE):     0
 RANDOM GENERATION SEED (SEED):      11456
 RANDOM SAMPLE SELECTION (ISAMPLE):  4
 RANDOM SAMPLE RANGE END (ISAMPEND): -2147483647
 NUMBER OF RANDOM SAMPLES (NSAMPLE): 0
 UNIFORM FRACTIONAL RANGE (IACCEPT): 0.400000000000000
 RANDOM SELECTION TYPE (SELECT):     0
 DEG. FR. TO GENERATE OMEGAS (DF):   20
 DEG. FR. TO GENERATE SIGMAS (DFS):  -1
 CHAIN FILE (FILE):                  ..\run100.chn
 EXCL. TITLE IN CHAIN FILE (NOTITLE):NO
 EX. COL. LBS. IN CHAIN FL.(NOLABEL):NO
 FORMAT FOR CHAIN FILE (FORMAT):     S1PE12.5
 PAR. ORDER in CHAIN FILE (ORDER):   TSOL
 RANDOM SAMPLING METHOD (RANMETHOD):3U

 THE FOLLOWING LABELS ARE EQUIVALENT
 PRED=NPRED
 RES=NRES
 WRES=NWRES
 IWRS=NIWRES
 IPRD=NIPRED
 IRS=NIRES



 FROM SAMPLE 4 OF CHAIN FILE ..\run100.chn
 NEW INITIAL ESTIMATES OF THETA
  0.6050E-01
  0.1739E-02
 NEW INITIAL ESTIMATES OF OMEGA
  0.1747E+00
  0.1747E+00  0.1748E+00
 NEW INITIAL ESTIMATES OF SIGMA
  0.4110E-01
1


 #TBLN:      1
 #METH: MCMC Bayesian Analysis

 ESTIMATION STEP OMITTED:                 NO
 ANALYSIS TYPE:                           POPULATION
 NUMBER OF SADDLE POINT RESET ITERATIONS:      0
 GRADIENT METHOD USED:               NOSLOW
 CONDITIONAL ESTIMATES USED:              YES
 CENTERED ETA:                            NO
 EPS-ETA INTERACTION:                     YES
 LAPLACIAN OBJ. FUNC.:                    NO
 NO. OF FUNCT. EVALS. ALLOWED:            840
 NO. OF SIG. FIGURES REQUIRED:            3
 INTERMEDIATE PRINTOUT:                   YES
 ESTIMATE OUTPUT TO MSF:                  NO
 IND. OBJ. FUNC. VALUES SORTED:           NO
 NUMERICAL DERIVATIVE
       FILE REQUEST (NUMDER):               NONE
 MAP (ETAHAT) ESTIMATION METHOD (OPTMAP):   0
 ETA HESSIAN EVALUATION METHOD (ETADER):    0
 INITIAL ETA FOR MAP ESTIMATION (MCETA):    0
 SIGDIGITS FOR MAP ESTIMATION (SIGLO):      100
 GRADIENT SIGDIGITS OF
       FIXED EFFECTS PARAMETERS (SIGL):     100
 NOPRIOR SETTING (NOPRIOR):                 OFF
 NOCOV SETTING (NOCOV):                     OFF
 DERCONT SETTING (DERCONT):                 OFF
 FINAL ETA RE-EVALUATION (FNLETA):          ON
 EXCLUDE NON-INFLUENTIAL (NON-INFL.) ETAS
       IN SHRINKAGE (ETASTYPE):             NO
 NON-INFL. ETA CORRECTION (NONINFETA):      OFF
 RAW OUTPUT FILE (FILE): run102_nids_9_s1dpt_c4.ext
 EXCLUDE TITLE (NOTITLE):                   NO
 EXCLUDE COLUMN LABELS (NOLABEL):           NO
 FORMAT FOR ADDITIONAL FILES (FORMAT):      S1PE12.5
 PARAMETER ORDER FOR OUTPUTS (ORDER):       TSOL
 WISHART PRIOR DF INTERPRETATION (WISHTYPE):0
 KNUTHSUMOFF:                               0
 INCLUDE LNTWOPI:                           NO
 INCLUDE CONSTANT TERM TO PRIOR (PRIORC):   NO
 INCLUDE CONSTANT TERM TO OMEGA (ETA) (OLNTWOPI):NO
 EM OR BAYESIAN METHOD USED:                MCMC BAYESIAN (BAYES)
 MU MODELING PATTERN (MUM):
 GRADIENT/GIBBS PATTERN (GRD):
 AUTOMATIC SETTING FEATURE (AUTO):          OFF
 CONVERGENCE TYPE (CTYPE):                  3
 KEEP ITERATIONS (THIN):            1
 CONVERGENCE INTERVAL (CINTERVAL):          20
 CONVERGENCE ITERATIONS (CITER):            10
 CONVERGENCE ALPHA ERROR (CALPHA):          5.000000000000000E-02
 BURN-IN ITERATIONS (NBURN):                4000
 ITERATIONS (NITER):                        10000
 ANEAL SETTING (CONSTRAIN):                 1
 STARTING SEED FOR MC METHODS (SEED):       56664
 MC SAMPLES PER SUBJECT (ISAMPLE):          1
 RANDOM SAMPLING METHOD (RANMETHOD):        3U
 PROPOSAL DENSITY SCALING RANGE
              (ISCALE_MIN, ISCALE_MAX):     1.000000000000000E-06   ,1000000.00000000
 SAMPLE ACCEPTANCE RATE (IACCEPT):          0.400000000000000
 METROPOLIS HASTINGS SAMPLING FOR INDIVIDUAL ETAS:
 SAMPLES FOR GLOBAL SEARCH KERNEL (ISAMPLE_M1):          2
 SAMPLES FOR NEIGHBOR SEARCH KERNEL (ISAMPLE_M1A):       0
 SAMPLES FOR MASS/IMP/POST. MATRIX SEARCH (ISAMPLE_M1B): 2
 SAMPLES FOR LOCAL SEARCH KERNEL (ISAMPLE_M2):           2
 SAMPLES FOR LOCAL UNIVARIATE KERNEL (ISAMPLE_M3):       2
 PWR. WT. MASS/IMP/POST MATRIX ACCUM. FOR ETAS (IKAPPA): 1.00000000000000
 MASS/IMP./POST. MATRIX REFRESH SETTING (MASSREST):      -1
 METROPOLIS HASTINGS POPULATION SAMPLING FOR NON-GIBBS
 SAMPLED THETAS AND SIGMAS:
 PROPOSAL DENSITY SCALING RANGE
              (PSCALE_MIN, PSCALE_MAX):   1.000000000000000E-02   ,1000.00000000000
 SAMPLE ACCEPTANCE RATE (PACCEPT):                       0.500000000000000
 SAMPLES FOR GLOBAL SEARCH KERNEL (PSAMPLE_M1):          1
 SAMPLES FOR LOCAL SEARCH KERNEL (PSAMPLE_M2):           -1
 SAMPLES FOR LOCAL UNIVARIATE KERNEL (PSAMPLE_M3):       1
 METROPOLIS HASTINGS POPULATION SAMPLING FOR NON-GIBBS
 SAMPLED OMEGAS:
 SAMPLE ACCEPTANCE RATE (OACCEPT):                       0.500000000000000
 SAMPLES FOR GLOBAL SEARCH KERNEL (OSAMPLE_M1):          -1
 SAMPLES FOR LOCAL SEARCH KERNEL (OSAMPLE_M2):           -1
 SAMPLES FOR LOCAL UNIVARIATE SEARCH KERNEL (OSAMPLE_M3):0
 DEG. FR. FOR T DIST.  PRIOR FOR THETAS (TTDF):        0.00000000000000
 DEG. FR. FOR LKJ CORRELATION PRIOR FOR OMEGAS (OLKJDF): 0.00000000000000
 WEIGHT FACTOR FOR STD PRIOR FOR OMEGAS (OVARF): 1.00000000000000
 DEG. FR. FOR LKJ CORRELATION PRIOR FOR SIGMAS (SLKJDF): 0.00000000000000
 WEIGHT FACTOR FOR STD PRIOR FOR SIGMAS (SVARF): 1.00000000000000


 THE FOLLOWING LABELS ARE EQUIVALENT
 PRED=PREDI
 RES=RESI
 WRES=WRESI
 IWRS=IWRESI
 IPRD=IPREDI
 IRS=IRESI

 EM/BAYES SETUP:
 THETAS THAT ARE MU MODELED:
   1   2
 THETAS THAT ARE GIBBS SAMPLED:
   1   2
 THETAS THAT ARE METROPOLIS-HASTINGS SAMPLED:
 
 SIGMAS THAT ARE GIBBS SAMPLED:
   1
 SIGMAS THAT ARE METROPOLIS-HASTINGS SAMPLED:
 
 OMEGAS ARE GIBBS SAMPLED

 MONITORING OF SEARCH:

 Burn-in Mode
 iteration        -4000 MCMCOBJ=    166274304.68869659     
 iteration        -3980 MCMCOBJ=    178.81505884202960     
 iteration        -3960 MCMCOBJ=    70.204808301682505     
 iteration        -3940 MCMCOBJ=    71.335118243190152     
 iteration        -3920 MCMCOBJ=    59.959567009940727     
 iteration        -3900 MCMCOBJ=    71.036375144003841     
 iteration        -3880 MCMCOBJ=    78.317854031246853     
 iteration        -3860 MCMCOBJ=    83.045862968803206     
 iteration        -3840 MCMCOBJ=    58.348573923260460     
 iteration        -3820 MCMCOBJ=    64.878848900509610     
 iteration        -3800 MCMCOBJ=    52.356093682352864     
 Convergence achieved
 Sampling Mode
 iteration            0 MCMCOBJ=    56.410195674470572     
 iteration           20 MCMCOBJ=    68.105933475991520     
 iteration           40 MCMCOBJ=    74.877452881071761     
 iteration           60 MCMCOBJ=    59.694621712399055     
 iteration           80 MCMCOBJ=    78.884326450340637     
 iteration          100 MCMCOBJ=    64.390722700091644     
 iteration          120 MCMCOBJ=    56.455610167858325     
 iteration          140 MCMCOBJ=    62.411045466220976     
 iteration          160 MCMCOBJ=    77.709096802542305     
 iteration          180 MCMCOBJ=    66.165108451342462     
 iteration          200 MCMCOBJ=    60.033714543371680     
 iteration          220 MCMCOBJ=    78.646367567424647     
 iteration          240 MCMCOBJ=    67.474318729957517     
 iteration          260 MCMCOBJ=    70.895290814257464     
 iteration          280 MCMCOBJ=    69.805673145614065     
 iteration          300 MCMCOBJ=    55.731697127621146     
 iteration          320 MCMCOBJ=    79.209781255979479     
 iteration          340 MCMCOBJ=    57.677178081218742     
 iteration          360 MCMCOBJ=    63.026711422534405     
 iteration          380 MCMCOBJ=    61.291455301129815     
 iteration          400 MCMCOBJ=    64.592265913025429     
 iteration          420 MCMCOBJ=    62.072048683113586     
 iteration          440 MCMCOBJ=    74.816385869005614     
 iteration          460 MCMCOBJ=    60.595859053763192     
 iteration          480 MCMCOBJ=    60.231659934423639     
 iteration          500 MCMCOBJ=    77.472734796703804     
 iteration          520 MCMCOBJ=    70.312919411310290     
 iteration          540 MCMCOBJ=    64.290389424754622     
 iteration          560 MCMCOBJ=    82.369835615021401     
 iteration          580 MCMCOBJ=    115.37846125009492     
 iteration          600 MCMCOBJ=    70.747517763955031     
 iteration          620 MCMCOBJ=    79.139023556436698     
 iteration          640 MCMCOBJ=    62.796247241816687     
 iteration          660 MCMCOBJ=    82.174027716988860     
 iteration          680 MCMCOBJ=    64.349466489928190     
 iteration          700 MCMCOBJ=    75.396042155893468     
 iteration          720 MCMCOBJ=    55.518389243783972     
 iteration          740 MCMCOBJ=    70.586777252005547     
 iteration          760 MCMCOBJ=    67.751906953233103     
 iteration          780 MCMCOBJ=    59.476940840267275     
 iteration          800 MCMCOBJ=    79.824619681418227     
 iteration          820 MCMCOBJ=    67.709079340189376     
 iteration          840 MCMCOBJ=    79.873814476948553     
 iteration          860 MCMCOBJ=    76.622751698499883     
 iteration          880 MCMCOBJ=    79.750874054242843     
 iteration          900 MCMCOBJ=    67.826448945152336     
 iteration          920 MCMCOBJ=    91.737862192645494     
 iteration          940 MCMCOBJ=    62.724435742203688     
 iteration          960 MCMCOBJ=    74.688818347208070     
 iteration          980 MCMCOBJ=    86.138585586599149     
 iteration         1000 MCMCOBJ=    51.858522427521663     
 iteration         1020 MCMCOBJ=    66.751386245057020     
 iteration         1040 MCMCOBJ=    73.488593493139305     
 iteration         1060 MCMCOBJ=    65.711872721266985     
 iteration         1080 MCMCOBJ=    67.118288390947484     
 iteration         1100 MCMCOBJ=    73.548423393312021     
 iteration         1120 MCMCOBJ=    73.905250516229046     
 iteration         1140 MCMCOBJ=    71.398491881360528     
 iteration         1160 MCMCOBJ=    68.390229181933620     
 iteration         1180 MCMCOBJ=    70.420922164287887     
 iteration         1200 MCMCOBJ=    63.150853577106481     
 iteration         1220 MCMCOBJ=    73.837016264738551     
 iteration         1240 MCMCOBJ=    75.365234481549706     
 iteration         1260 MCMCOBJ=    80.772057621725068     
 iteration         1280 MCMCOBJ=    58.466460941990945     
 iteration         1300 MCMCOBJ=    72.308127313961180     
 iteration         1320 MCMCOBJ=    71.750118474078917     
 iteration         1340 MCMCOBJ=    70.774099910608626     
 iteration         1360 MCMCOBJ=    59.191414416772616     
 iteration         1380 MCMCOBJ=    66.422191949029738     
 iteration         1400 MCMCOBJ=    60.285411645816311     
 iteration         1420 MCMCOBJ=    61.631735421052738     
 iteration         1440 MCMCOBJ=    65.375524190246551     
 iteration         1460 MCMCOBJ=    65.059555474694733     
 iteration         1480 MCMCOBJ=    76.693925310455143     
 iteration         1500 MCMCOBJ=    76.302091970875182     
 iteration         1520 MCMCOBJ=    79.033825486743055     
 iteration         1540 MCMCOBJ=    59.139996821325504     
 iteration         1560 MCMCOBJ=    71.888199537450546     
 iteration         1580 MCMCOBJ=    65.703040023640852     
 iteration         1600 MCMCOBJ=    77.299859827996514     
 iteration         1620 MCMCOBJ=    60.620069903469890     
 iteration         1640 MCMCOBJ=    81.012536418289585     
 iteration         1660 MCMCOBJ=    74.633219823414905     
 iteration         1680 MCMCOBJ=    58.045986649105259     
 iteration         1700 MCMCOBJ=    69.795976895318972     
 iteration         1720 MCMCOBJ=    71.481204152020922     
 iteration         1740 MCMCOBJ=    57.482688683708375     
 iteration         1760 MCMCOBJ=    68.145856741499813     
 iteration         1780 MCMCOBJ=    67.408554989798418     
 iteration         1800 MCMCOBJ=    54.209663234432213     
 iteration         1820 MCMCOBJ=    70.634415055713916     
 iteration         1840 MCMCOBJ=    73.937903073122371     
 iteration         1860 MCMCOBJ=    70.432188000541629     
 iteration         1880 MCMCOBJ=    78.014633354555897     
 iteration         1900 MCMCOBJ=    76.657431674309862     
 iteration         1920 MCMCOBJ=    77.446865272850928     
 iteration         1940 MCMCOBJ=    67.444721599430011     
 iteration         1960 MCMCOBJ=    60.651396078852407     
 iteration         1980 MCMCOBJ=    75.241704798844168     
 iteration         2000 MCMCOBJ=    59.757645163817216     
 iteration         2020 MCMCOBJ=    63.403772454475771     
 iteration         2040 MCMCOBJ=    58.015586119410024     
 iteration         2060 MCMCOBJ=    67.891555400024913     
 iteration         2080 MCMCOBJ=    60.152977419200710     
 iteration         2100 MCMCOBJ=    82.831218108406517     
 iteration         2120 MCMCOBJ=    85.337272632622444     
 iteration         2140 MCMCOBJ=    78.327599199780821     
 iteration         2160 MCMCOBJ=    72.237978870103035     
 iteration         2180 MCMCOBJ=    69.593573445355602     
 iteration         2200 MCMCOBJ=    71.615161623416185     
 iteration         2220 MCMCOBJ=    62.445261783580563     
 iteration         2240 MCMCOBJ=    58.043580788782194     
 iteration         2260 MCMCOBJ=    78.734966961814806     
 iteration         2280 MCMCOBJ=    88.676388998175028     
 iteration         2300 MCMCOBJ=    60.303260448788137     
 iteration         2320 MCMCOBJ=    58.293816067527963     
 iteration         2340 MCMCOBJ=    65.467546152924399     
 iteration         2360 MCMCOBJ=    69.741056847418719     
 iteration         2380 MCMCOBJ=    79.779609697870100     
 iteration         2400 MCMCOBJ=    73.389342513537017     
 iteration         2420 MCMCOBJ=    62.793251154544990     
 iteration         2440 MCMCOBJ=    69.759651837989040     
 iteration         2460 MCMCOBJ=    59.604535702067174     
 iteration         2480 MCMCOBJ=    60.798747834498201     
 iteration         2500 MCMCOBJ=    74.429749124919510     
 iteration         2520 MCMCOBJ=    93.287302314779495     
 iteration         2540 MCMCOBJ=    64.611455254072538     
 iteration         2560 MCMCOBJ=    80.938487288971814     
 iteration         2580 MCMCOBJ=    89.396506805594939     
 iteration         2600 MCMCOBJ=    61.445571711501273     
 iteration         2620 MCMCOBJ=    56.295270009406650     
 iteration         2640 MCMCOBJ=    83.693912723911879     
 iteration         2660 MCMCOBJ=    68.643736776844491     
 iteration         2680 MCMCOBJ=    69.413678060057990     
 iteration         2700 MCMCOBJ=    57.672030340828833     
 iteration         2720 MCMCOBJ=    73.902660658543255     
 iteration         2740 MCMCOBJ=    66.191220302810137     
 iteration         2760 MCMCOBJ=    57.016464741576478     
 iteration         2780 MCMCOBJ=    79.621257694676160     
 iteration         2800 MCMCOBJ=    73.875702161569293     
 iteration         2820 MCMCOBJ=    67.078369945711586     
 iteration         2840 MCMCOBJ=    60.530569933508133     
 iteration         2860 MCMCOBJ=    73.029763540836271     
 iteration         2880 MCMCOBJ=    75.599778878642496     
 iteration         2900 MCMCOBJ=    68.631922284214156     
 iteration         2920 MCMCOBJ=    68.067420409390152     
 iteration         2940 MCMCOBJ=    67.494891553785209     
 iteration         2960 MCMCOBJ=    67.012386005828688     
 iteration         2980 MCMCOBJ=    74.284811977232437     
 iteration         3000 MCMCOBJ=    70.444008530722769     
 iteration         3020 MCMCOBJ=    74.594578673449050     
 iteration         3040 MCMCOBJ=    68.593553353993457     
 iteration         3060 MCMCOBJ=    51.392936114498703     
 iteration         3080 MCMCOBJ=    99.876272152164603     
 iteration         3100 MCMCOBJ=    60.859525630187591     
 iteration         3120 MCMCOBJ=    89.668356185087291     
 iteration         3140 MCMCOBJ=    106.71606725484291     
 iteration         3160 MCMCOBJ=    73.388305634752712     
 iteration         3180 MCMCOBJ=    65.415939294993123     
 iteration         3200 MCMCOBJ=    61.209330414582631     
 iteration         3220 MCMCOBJ=    70.279315985176680     
 iteration         3240 MCMCOBJ=    74.836474495962875     
 iteration         3260 MCMCOBJ=    84.121684494537433     
 iteration         3280 MCMCOBJ=    66.291479980613786     
 iteration         3300 MCMCOBJ=    65.567557720496040     
 iteration         3320 MCMCOBJ=    54.875560811543060     
 iteration         3340 MCMCOBJ=    68.458926910516183     
 iteration         3360 MCMCOBJ=    76.523196129761288     
 iteration         3380 MCMCOBJ=    76.470429432347899     
 iteration         3400 MCMCOBJ=    59.726846647366045     
 iteration         3420 MCMCOBJ=    59.784138533118032     
 iteration         3440 MCMCOBJ=    63.622529503260168     
 iteration         3460 MCMCOBJ=    70.039641560560639     
 iteration         3480 MCMCOBJ=    66.983803248227460     
 iteration         3500 MCMCOBJ=    67.490721058956154     
 iteration         3520 MCMCOBJ=    70.973489520180891     
 iteration         3540 MCMCOBJ=    69.685347604760494     
 iteration         3560 MCMCOBJ=    85.575112833552552     
 iteration         3580 MCMCOBJ=    79.862438010906587     
 iteration         3600 MCMCOBJ=    70.683300415126880     
 iteration         3620 MCMCOBJ=    75.071971113678487     
 iteration         3640 MCMCOBJ=    67.441932806189399     
 iteration         3660 MCMCOBJ=    71.399220107525949     
 iteration         3680 MCMCOBJ=    61.410120073670271     
 iteration         3700 MCMCOBJ=    71.784542916034852     
 iteration         3720 MCMCOBJ=    69.513413468308087     
 iteration         3740 MCMCOBJ=    68.386814120799940     
 iteration         3760 MCMCOBJ=    63.193108489984837     
 iteration         3780 MCMCOBJ=    74.979261324626506     
 iteration         3800 MCMCOBJ=    72.112592687008032     
 iteration         3820 MCMCOBJ=    60.528264766300858     
 iteration         3840 MCMCOBJ=    62.805598643787633     
 iteration         3860 MCMCOBJ=    66.978469699762087     
 iteration         3880 MCMCOBJ=    65.387668064611788     
 iteration         3900 MCMCOBJ=    65.918076147969003     
 iteration         3920 MCMCOBJ=    70.195901157149564     
 iteration         3940 MCMCOBJ=    71.381857737537956     
 iteration         3960 MCMCOBJ=    68.804684006196339     
 iteration         3980 MCMCOBJ=    74.731279822048592     
 iteration         4000 MCMCOBJ=    60.298358606016748     
 iteration         4020 MCMCOBJ=    65.179355725286626     
 iteration         4040 MCMCOBJ=    65.617060253832790     
 iteration         4060 MCMCOBJ=    58.859832090622298     
 iteration         4080 MCMCOBJ=    79.675833502569631     
 iteration         4100 MCMCOBJ=    76.897656143271263     
 iteration         4120 MCMCOBJ=    57.738994879831509     
 iteration         4140 MCMCOBJ=    69.453911388819378     
 iteration         4160 MCMCOBJ=    61.517358880996483     
 iteration         4180 MCMCOBJ=    64.614697389656840     
 iteration         4200 MCMCOBJ=    79.591337915331280     
 iteration         4220 MCMCOBJ=    84.787777492136073     
 iteration         4240 MCMCOBJ=    63.155916189123204     
 iteration         4260 MCMCOBJ=    75.234481032142540     
 iteration         4280 MCMCOBJ=    73.483774329277367     
 iteration         4300 MCMCOBJ=    73.460257977473020     
 iteration         4320 MCMCOBJ=    76.719664197622251     
 iteration         4340 MCMCOBJ=    68.014553710789670     
 iteration         4360 MCMCOBJ=    65.356481160542927     
 iteration         4380 MCMCOBJ=    81.527091969160466     
 iteration         4400 MCMCOBJ=    64.348909039117260     
 iteration         4420 MCMCOBJ=    64.862591948558190     
 iteration         4440 MCMCOBJ=    63.267460660942788     
 iteration         4460 MCMCOBJ=    72.126277288590657     
 iteration         4480 MCMCOBJ=    70.048739510642449     
 iteration         4500 MCMCOBJ=    70.454862149583960     
 iteration         4520 MCMCOBJ=    69.409151671238405     
 iteration         4540 MCMCOBJ=    82.231649061691215     
 iteration         4560 MCMCOBJ=    56.648830531068995     
 iteration         4580 MCMCOBJ=    70.852121223826472     
 iteration         4600 MCMCOBJ=    85.734706564321328     
 iteration         4620 MCMCOBJ=    71.771643138711966     
 iteration         4640 MCMCOBJ=    68.893612369918259     
 iteration         4660 MCMCOBJ=    62.263834590662526     
 iteration         4680 MCMCOBJ=    62.809630734733112     
 iteration         4700 MCMCOBJ=    79.048704348761589     
 iteration         4720 MCMCOBJ=    62.933742388761146     
 iteration         4740 MCMCOBJ=    62.256274343748785     
 iteration         4760 MCMCOBJ=    83.622371041233237     
 iteration         4780 MCMCOBJ=    67.512488443322795     
 iteration         4800 MCMCOBJ=    69.945744462472334     
 iteration         4820 MCMCOBJ=    69.940549572740494     
 iteration         4840 MCMCOBJ=    70.329435701748309     
 iteration         4860 MCMCOBJ=    64.997135278146359     
 iteration         4880 MCMCOBJ=    73.973185418181345     
 iteration         4900 MCMCOBJ=    71.036984883084571     
 iteration         4920 MCMCOBJ=    74.979025461725016     
 iteration         4940 MCMCOBJ=    77.066060841799143     
 iteration         4960 MCMCOBJ=    56.588006105455797     
 iteration         4980 MCMCOBJ=    57.391125510274229     
 iteration         5000 MCMCOBJ=    79.756681348596359     
 iteration         5020 MCMCOBJ=    68.369918543345108     
 iteration         5040 MCMCOBJ=    71.426976261862535     
 iteration         5060 MCMCOBJ=    69.626776907657202     
 iteration         5080 MCMCOBJ=    67.776384679261824     
 iteration         5100 MCMCOBJ=    72.706364765310425     
 iteration         5120 MCMCOBJ=    60.061129518362378     
 iteration         5140 MCMCOBJ=    63.519563003258781     
 iteration         5160 MCMCOBJ=    77.774116764904051     
 iteration         5180 MCMCOBJ=    65.438103166566776     
 iteration         5200 MCMCOBJ=    56.198347109595112     
 iteration         5220 MCMCOBJ=    78.292884042165056     
 iteration         5240 MCMCOBJ=    65.229853140457152     
 iteration         5260 MCMCOBJ=    67.972843552177039     
 iteration         5280 MCMCOBJ=    55.642990516746622     
 iteration         5300 MCMCOBJ=    70.969404407631700     
 iteration         5320 MCMCOBJ=    62.166375243173917     
 iteration         5340 MCMCOBJ=    73.585459191818757     
 iteration         5360 MCMCOBJ=    62.252778693768853     
 iteration         5380 MCMCOBJ=    60.632456782999100     
 iteration         5400 MCMCOBJ=    79.358021084958366     
 iteration         5420 MCMCOBJ=    78.997937076508961     
 iteration         5440 MCMCOBJ=    66.794417204632836     
 iteration         5460 MCMCOBJ=    62.565671714036796     
 iteration         5480 MCMCOBJ=    59.799031540280311     
 iteration         5500 MCMCOBJ=    65.535146077794025     
 iteration         5520 MCMCOBJ=    58.272088849920728     
 iteration         5540 MCMCOBJ=    72.308083465528654     
 iteration         5560 MCMCOBJ=    82.003093163270023     
 iteration         5580 MCMCOBJ=    66.751916729055907     
 iteration         5600 MCMCOBJ=    73.732452508384966     
 iteration         5620 MCMCOBJ=    60.260973830817171     
 iteration         5640 MCMCOBJ=    61.735764266604562     
 iteration         5660 MCMCOBJ=    95.263204902765992     
 iteration         5680 MCMCOBJ=    74.084297749152370     
 iteration         5700 MCMCOBJ=    70.024987140566836     
 iteration         5720 MCMCOBJ=    66.698096972487832     
 iteration         5740 MCMCOBJ=    77.280669531928694     
 iteration         5760 MCMCOBJ=    71.623090897350764     
 iteration         5780 MCMCOBJ=    68.073577631607435     
 iteration         5800 MCMCOBJ=    54.924511821649617     
 iteration         5820 MCMCOBJ=    80.192019292881710     
 iteration         5840 MCMCOBJ=    73.489464233653791     
 iteration         5860 MCMCOBJ=    73.326820207515098     
 iteration         5880 MCMCOBJ=    64.096640805015682     
 iteration         5900 MCMCOBJ=    49.861371054959193     
 iteration         5920 MCMCOBJ=    82.337175161603966     
 iteration         5940 MCMCOBJ=    66.942358240937310     
 iteration         5960 MCMCOBJ=    70.495877963704828     
 iteration         5980 MCMCOBJ=    83.997622165163889     
 iteration         6000 MCMCOBJ=    81.377143790095033     
 iteration         6020 MCMCOBJ=    64.312379172276863     
 iteration         6040 MCMCOBJ=    66.103637590792843     
 iteration         6060 MCMCOBJ=    77.504764178135048     
 iteration         6080 MCMCOBJ=    73.846708672309745     
 iteration         6100 MCMCOBJ=    70.618892371621925     
 iteration         6120 MCMCOBJ=    84.151780930404669     
 iteration         6140 MCMCOBJ=    78.429308537160523     
 iteration         6160 MCMCOBJ=    66.603060692819952     
 iteration         6180 MCMCOBJ=    66.821472386039375     
 iteration         6200 MCMCOBJ=    75.119801609975497     
 iteration         6220 MCMCOBJ=    72.415148053267842     
 iteration         6240 MCMCOBJ=    60.597306614178791     
 iteration         6260 MCMCOBJ=    68.946992535640774     
 iteration         6280 MCMCOBJ=    71.875036745424936     
 iteration         6300 MCMCOBJ=    58.717526649236923     
 iteration         6320 MCMCOBJ=    76.209421950744982     
 iteration         6340 MCMCOBJ=    64.998834660034660     
 iteration         6360 MCMCOBJ=    73.640959263543309     
 iteration         6380 MCMCOBJ=    65.433208966597746     
 iteration         6400 MCMCOBJ=    76.365916069584998     
 iteration         6420 MCMCOBJ=    89.191390075079639     
 iteration         6440 MCMCOBJ=    65.055364604592825     
 iteration         6460 MCMCOBJ=    76.199134345811572     
 iteration         6480 MCMCOBJ=    60.664307002917212     
 iteration         6500 MCMCOBJ=    69.741619454772703     
 iteration         6520 MCMCOBJ=    65.574334199339461     
 iteration         6540 MCMCOBJ=    77.518267802798988     
 iteration         6560 MCMCOBJ=    72.972365285461535     
 iteration         6580 MCMCOBJ=    83.695118601053821     
 iteration         6600 MCMCOBJ=    69.106838863491333     
 iteration         6620 MCMCOBJ=    69.078743450246847     
 iteration         6640 MCMCOBJ=    65.705948599438798     
 iteration         6660 MCMCOBJ=    67.695638611751420     
 iteration         6680 MCMCOBJ=    71.350728869737338     
 iteration         6700 MCMCOBJ=    73.156587275774797     
 iteration         6720 MCMCOBJ=    50.669248415909486     
 iteration         6740 MCMCOBJ=    96.125712927942530     
 iteration         6760 MCMCOBJ=    79.675206977351891     
 iteration         6780 MCMCOBJ=    72.244924056748332     
 iteration         6800 MCMCOBJ=    96.264556378100679     
 iteration         6820 MCMCOBJ=    72.120616826315171     
 iteration         6840 MCMCOBJ=    68.449584696542345     
 iteration         6860 MCMCOBJ=    79.975540500640136     
 iteration         6880 MCMCOBJ=    65.562922899545441     
 iteration         6900 MCMCOBJ=    67.603853536574775     
 iteration         6920 MCMCOBJ=    63.273124845744597     
 iteration         6940 MCMCOBJ=    77.083903441538240     
 iteration         6960 MCMCOBJ=    75.946702595672633     
 iteration         6980 MCMCOBJ=    99.326144912145523     
 iteration         7000 MCMCOBJ=    86.404468611729840     
 iteration         7020 MCMCOBJ=    60.625121219919365     
 iteration         7040 MCMCOBJ=    69.449883216388685     
 iteration         7060 MCMCOBJ=    51.910235177829350     
 iteration         7080 MCMCOBJ=    67.854529566012928     
 iteration         7100 MCMCOBJ=    88.459911856445629     
 iteration         7120 MCMCOBJ=    77.823550129803309     
 iteration         7140 MCMCOBJ=    80.782869335438008     
 iteration         7160 MCMCOBJ=    73.482577478003293     
 iteration         7180 MCMCOBJ=    70.404822395736417     
 iteration         7200 MCMCOBJ=    75.053305380860607     
 iteration         7220 MCMCOBJ=    49.691175160315012     
 iteration         7240 MCMCOBJ=    69.247302529555014     
 iteration         7260 MCMCOBJ=    67.672843269741520     
 iteration         7280 MCMCOBJ=    65.600177922347484     
 iteration         7300 MCMCOBJ=    59.760697504181579     
 iteration         7320 MCMCOBJ=    82.314083143145652     
 iteration         7340 MCMCOBJ=    76.649588730859733     
 iteration         7360 MCMCOBJ=    80.650513202269352     
 iteration         7380 MCMCOBJ=    61.161186117548702     
 iteration         7400 MCMCOBJ=    76.833703154106374     
 iteration         7420 MCMCOBJ=    71.763657686419236     
 iteration         7440 MCMCOBJ=    69.334813701948107     
 iteration         7460 MCMCOBJ=    83.092548674004561     
 iteration         7480 MCMCOBJ=    63.106677090634307     
 iteration         7500 MCMCOBJ=    68.077211652764703     
 iteration         7520 MCMCOBJ=    67.896400136341754     
 iteration         7540 MCMCOBJ=    93.179599958284342     
 iteration         7560 MCMCOBJ=    88.150091564188159     
 iteration         7580 MCMCOBJ=    85.741124359784834     
 iteration         7600 MCMCOBJ=    63.700036051088581     
 iteration         7620 MCMCOBJ=    84.411284736587263     
 iteration         7640 MCMCOBJ=    75.697467524466873     
 iteration         7660 MCMCOBJ=    67.133718852349546     
 iteration         7680 MCMCOBJ=    76.616094979412168     
 iteration         7700 MCMCOBJ=    69.756525162955697     
 iteration         7720 MCMCOBJ=    59.799602548740005     
 iteration         7740 MCMCOBJ=    70.120408353629571     
 iteration         7760 MCMCOBJ=    70.669991676115828     
 iteration         7780 MCMCOBJ=    66.029453949888619     
 iteration         7800 MCMCOBJ=    78.128279331595678     
 iteration         7820 MCMCOBJ=    66.838680374156539     
 iteration         7840 MCMCOBJ=    64.794434373752736     
 iteration         7860 MCMCOBJ=    82.719042585949026     
 iteration         7880 MCMCOBJ=    66.099573995912351     
 iteration         7900 MCMCOBJ=    62.963408628846544     
 iteration         7920 MCMCOBJ=    61.283503400876718     
 iteration         7940 MCMCOBJ=    68.187232687763611     
 iteration         7960 MCMCOBJ=    66.884467643190732     
 iteration         7980 MCMCOBJ=    76.232166416412838     
 iteration         8000 MCMCOBJ=    98.416990981922012     
 iteration         8020 MCMCOBJ=    81.394270516957036     
 iteration         8040 MCMCOBJ=    81.833226991687198     
 iteration         8060 MCMCOBJ=    72.777013600781416     
 iteration         8080 MCMCOBJ=    69.257673137313716     
 iteration         8100 MCMCOBJ=    54.673356253421666     
 iteration         8120 MCMCOBJ=    63.358740844931354     
 iteration         8140 MCMCOBJ=    56.151097386396948     
 iteration         8160 MCMCOBJ=    62.951510103667751     
 iteration         8180 MCMCOBJ=    76.128029306885679     
 iteration         8200 MCMCOBJ=    70.368322167900260     
 iteration         8220 MCMCOBJ=    78.419929348302801     
 iteration         8240 MCMCOBJ=    69.132241023692913     
 iteration         8260 MCMCOBJ=    72.041733916970060     
 iteration         8280 MCMCOBJ=    78.792671064332680     
 iteration         8300 MCMCOBJ=    76.923971881266695     
 iteration         8320 MCMCOBJ=    59.002027735938945     
 iteration         8340 MCMCOBJ=    67.986039380256457     
 iteration         8360 MCMCOBJ=    66.735666968096979     
 iteration         8380 MCMCOBJ=    53.977793069080775     
 iteration         8400 MCMCOBJ=    67.557387697318873     
 iteration         8420 MCMCOBJ=    86.910443928629604     
 iteration         8440 MCMCOBJ=    74.517800624146631     
 iteration         8460 MCMCOBJ=    62.835286377858701     
 iteration         8480 MCMCOBJ=    78.842201528581711     
 iteration         8500 MCMCOBJ=    63.107996262138613     
 iteration         8520 MCMCOBJ=    68.000773185054157     
 iteration         8540 MCMCOBJ=    70.100995729910608     
 iteration         8560 MCMCOBJ=    89.260977745478655     
 iteration         8580 MCMCOBJ=    59.239341906603499     
 iteration         8600 MCMCOBJ=    70.161269659124699     
 iteration         8620 MCMCOBJ=    68.963903049917590     
 iteration         8640 MCMCOBJ=    71.742378299191003     
 iteration         8660 MCMCOBJ=    94.448353261468057     
 iteration         8680 MCMCOBJ=    79.326418789855921     
 iteration         8700 MCMCOBJ=    70.497362412206101     
 iteration         8720 MCMCOBJ=    66.367944209328755     
 iteration         8740 MCMCOBJ=    70.712162127951828     
 iteration         8760 MCMCOBJ=    75.655619210519490     
 iteration         8780 MCMCOBJ=    70.092512748625381     
 iteration         8800 MCMCOBJ=    60.551597783733826     
 iteration         8820 MCMCOBJ=    72.161756648453519     
 iteration         8840 MCMCOBJ=    66.622204250728601     
 iteration         8860 MCMCOBJ=    70.985944652822837     
 iteration         8880 MCMCOBJ=    67.071785664036554     
 iteration         8900 MCMCOBJ=    77.214513782700081     
 iteration         8920 MCMCOBJ=    65.229128238887824     
 iteration         8940 MCMCOBJ=    83.079776466789809     
 iteration         8960 MCMCOBJ=    53.198575188077655     
 iteration         8980 MCMCOBJ=    75.631038479702582     
 iteration         9000 MCMCOBJ=    59.983811853746872     
 iteration         9020 MCMCOBJ=    58.096008435140035     
 iteration         9040 MCMCOBJ=    74.405605365621895     
 iteration         9060 MCMCOBJ=    52.686192243152185     
 iteration         9080 MCMCOBJ=    74.712021722767219     
 iteration         9100 MCMCOBJ=    86.786429410511403     
 iteration         9120 MCMCOBJ=    72.430723566054795     
 iteration         9140 MCMCOBJ=    67.519876315169356     
 iteration         9160 MCMCOBJ=    65.257909083269638     
 iteration         9180 MCMCOBJ=    75.750187581281722     
 iteration         9200 MCMCOBJ=    62.869912884565643     
 iteration         9220 MCMCOBJ=    62.563499578410003     
 iteration         9240 MCMCOBJ=    77.004654682854124     
 iteration         9260 MCMCOBJ=    71.847149109878686     
 iteration         9280 MCMCOBJ=    73.604935823906388     
 iteration         9300 MCMCOBJ=    80.133196405275996     
 iteration         9320 MCMCOBJ=    52.676686374306279     
 iteration         9340 MCMCOBJ=    63.679617137877074     
 iteration         9360 MCMCOBJ=    56.785852460227098     
 iteration         9380 MCMCOBJ=    86.182901075388273     
 iteration         9400 MCMCOBJ=    59.765693566504346     
 iteration         9420 MCMCOBJ=    55.226541944292393     
 iteration         9440 MCMCOBJ=    62.969402069368414     
 iteration         9460 MCMCOBJ=    66.986771547807137     
 iteration         9480 MCMCOBJ=    65.145807744405246     
 iteration         9500 MCMCOBJ=    71.865160479308528     
 iteration         9520 MCMCOBJ=    79.710807967917361     
 iteration         9540 MCMCOBJ=    69.565030341952976     
 iteration         9560 MCMCOBJ=    70.063192714270073     
 iteration         9580 MCMCOBJ=    76.173187850981691     
 iteration         9600 MCMCOBJ=    59.525521862884702     
 iteration         9620 MCMCOBJ=    87.485520735920659     
 iteration         9640 MCMCOBJ=    78.535122527117366     
 iteration         9660 MCMCOBJ=    58.270702525031560     
 iteration         9680 MCMCOBJ=    74.995282828764218     
 iteration         9700 MCMCOBJ=    59.223089230315615     
 iteration         9720 MCMCOBJ=    62.026296444587828     
 iteration         9740 MCMCOBJ=    64.373479738166182     
 iteration         9760 MCMCOBJ=    76.407983803169103     
 iteration         9780 MCMCOBJ=    72.021362336794212     
 iteration         9800 MCMCOBJ=    59.770516067390766     
 iteration         9820 MCMCOBJ=    61.812410708452553     
 iteration         9840 MCMCOBJ=    72.889060085669698     
 iteration         9860 MCMCOBJ=    66.811182877215543     
 iteration         9880 MCMCOBJ=    82.119450242829473     
 iteration         9900 MCMCOBJ=    75.581174198756756     
 iteration         9920 MCMCOBJ=    65.709698770199822     
 iteration         9940 MCMCOBJ=    62.265179661293551     
 iteration         9960 MCMCOBJ=    64.811406917044863     
 iteration         9980 MCMCOBJ=    90.032146926693756     
 iteration        10000 MCMCOBJ=    75.662947129259322     
 BURN-IN WAS COMPLETED

 #TERM:
 STATISTICAL PORTION WAS COMPLETED
  
 TOTAL DATA POINTS NORMALLY DISTRIBUTED (N):           27
 N*LOG(2PI) CONSTANT TO OBJECTIVE FUNCTION:    49.622680793052325     
 OBJECTIVE FUNCTION VALUE WITHOUT CONSTANT:    69.829113722067305     
 OBJECTIVE FUNCTION VALUE WITH CONSTANT:       119.45179451511963     
 REPORTED OBJECTIVE FUNCTION DOES NOT CONTAIN CONSTANT
  
 TOTAL EFFECTIVE ETAS (NIND*NETA):                            18
 NIND*NETA*LOG(2PI) CONSTANT TO OBJECTIVE FUNCTION:    33.081787195368214     
 OBJECTIVE FUNCTION VALUE WITHOUT CONSTANT:    69.829113722067305     
 OBJECTIVE FUNCTION VALUE WITH CONSTANT:       102.91090091743553     
 REPORTED OBJECTIVE FUNCTION DOES NOT CONTAIN CONSTANT
  
 PRIOR CONSTANT TO OBJECTIVE FUNCTION:    30.823646298206345     
 OBJECTIVE FUNCTION VALUE WITHOUT CONSTANT:    69.829113722067305     
 OBJECTIVE FUNCTION VALUE WITH CONSTANT:       100.65276002027365     
 REPORTED OBJECTIVE FUNCTION DOES NOT CONTAIN CONSTANT
  
 #TERE:
 Elapsed estimation  time in seconds:    14.79
 Elapsed covariance  time in seconds:     0.00
1
 
 
 
 
 
 
 
 
 
 
 
 
 
 
 
 
 
 
 
 
 ************************************************************************************************************************
 ********************                                                                                ********************
 ********************                              MCMC BAYESIAN ANALYSIS                            ********************
 #OBJT:**************                       AVERAGE VALUE OF LIKELIHOOD FUNCTION                     ********************
 ********************                                                                                ********************
 ************************************************************************************************************************
 





 #OBJV:********************************************       69.829       **************************************************
 #OBJS:********************************************        9.380 (STD) **************************************************
1
 ************************************************************************************************************************
 ********************                                                                                ********************
 ********************                              MCMC BAYESIAN ANALYSIS                            ********************
 ********************                             FINAL PARAMETER ESTIMATE                           ********************
 ********************                                                                                ********************
 ************************************************************************************************************************
 


 THETA - VECTOR OF FIXED EFFECTS PARAMETERS   *********


         THETA(CL) THETA(V) 
 
         3.45E+00  3.89E+01
 


 OMEGA - COV MATRIX FOR RANDOM EFFECTS - ETAS  ********


         ETA(CL)   ETA(V)   
 
 ETA(CL)
+        1.21E-01
 
 ETA(V)
+        1.92E-02  1.13E-01
 


 SIGMA - COV MATRIX FOR RANDOM EFFECTS - EPSILONS  ****


         EPS1     
 
 EPS1
+        3.44E-02
 
1


 OMEGA - CORR MATRIX FOR RANDOM EFFECTS - ETAS  *******


         ETA(CL)   ETA(V)   
 
 ETA(CL)
+        3.36E-01
 
 ETA(V)
+        1.51E-01  3.23E-01
 


 SIGMA - CORR MATRIX FOR RANDOM EFFECTS - EPSILONS  ***


         EPS1     
 
 EPS1
+        1.81E-01
 
1
 ************************************************************************************************************************
 ********************                                                                                ********************
 ********************                              MCMC BAYESIAN ANALYSIS                            ********************
 ********************                STANDARD ERROR OF ESTIMATE (From Sample Variance)               ********************
 ********************                                                                                ********************
 ************************************************************************************************************************
 


 THETA - VECTOR OF FIXED EFFECTS PARAMETERS   *********


         THETA(CL) THETA(V) 
 
         4.43E-01  5.25E+00
 


 OMEGA - COV MATRIX FOR RANDOM EFFECTS - ETAS  ********


         ETA(CL)   ETA(V)   
 
 ETA(CL)
+        7.51E-02
 
 ETA(V)
+        5.09E-02  7.30E-02
 


 SIGMA - COV MATRIX FOR RANDOM EFFECTS - EPSILONS  ****


         EPS1     
 
 EPS1
+        1.74E-02
 
1


 OMEGA - CORR MATRIX FOR RANDOM EFFECTS - ETAS  *******


         ETA(CL)   ETA(V)   
 
 ETA(CL)
+        9.16E-02
 
 ETA(V)
+        3.32E-01  9.20E-02
 


 SIGMA - CORR MATRIX FOR RANDOM EFFECTS - EPSILONS  ***


         EPS1     
 
 EPS1
+        4.19E-02
 
1
 ************************************************************************************************************************
 ********************                                                                                ********************
 ********************                              MCMC BAYESIAN ANALYSIS                            ********************
 ********************               COVARIANCE MATRIX OF ESTIMATE (From Sample Variance)             ********************
 ********************                                                                                ********************
 ************************************************************************************************************************
 

            TH 1      TH 2      OM11      OM12      OM22      SG11  
 
 TH 1
+        1.96E-01
 
 TH 2
+        3.23E-01  2.75E+01
 
 OM11
+       -4.60E-04  1.40E-02  5.64E-03
 
 OM12
+        1.19E-03  1.37E-03  7.85E-04  2.59E-03
 
 OM22
+       -3.97E-04 -2.70E-03  6.96E-04  1.04E-03  5.33E-03
 
 SG11
+        1.83E-05  5.41E-03 -5.21E-05 -8.76E-05 -1.75E-05  3.04E-04
 
1
 ************************************************************************************************************************
 ********************                                                                                ********************
 ********************                              MCMC BAYESIAN ANALYSIS                            ********************
 ********************              CORRELATION MATRIX OF ESTIMATE (From Sample Variance)             ********************
 ********************                                                                                ********************
 ************************************************************************************************************************
 

            TH 1      TH 2      OM11      OM12      OM22      SG11  
 
 TH 1
+        4.43E-01
 
 TH 2
+        1.39E-01  5.25E+00
 
 OM11
+       -1.38E-02  3.55E-02  7.51E-02
 
 OM12
+        5.31E-02  5.14E-03  2.06E-01  5.09E-02
 
 OM22
+       -1.23E-02 -7.06E-03  1.27E-01  2.79E-01  7.30E-02
 
 SG11
+        2.37E-03  5.91E-02 -3.98E-02 -9.87E-02 -1.37E-02  1.74E-02
 
1
 ************************************************************************************************************************
 ********************                                                                                ********************
 ********************                              MCMC BAYESIAN ANALYSIS                            ********************
 ********************           INVERSE COVARIANCE MATRIX OF ESTIMATE (From Sample Variance)         ********************
 ********************                                                                                ********************
 ************************************************************************************************************************
 

            TH 1      TH 2      OM11      OM12      OM22      SG11  
 
 TH 1
+        5.23E+00
 
 TH 2
+       -6.15E-02  3.73E-02
 
 OM11
+        8.93E-01 -1.08E-01  1.87E+02
 
 OM12
+       -2.98E+00  8.84E-03 -5.06E+01  4.39E+02
 
 OM22
+        8.20E-01  2.45E-02 -1.45E+01 -7.85E+01  2.05E+02
 
 SG11
+        1.22E-01 -6.73E-01  1.84E+01  1.13E+02 -1.38E+01  3.33E+03
 
 Elapsed postprocess time in seconds:     0.00
 #CPUT: Total CPU Time in Seconds,       11.266
Stop Time: 
Tue 01/03/2017 
10:24 PM
