Tue 01/03/2017 
10:26 PM
$PROB one cmpt simple mu modeled bayes multidose nids: 36 scenario: s2d
;; based_on: run100
$SUB ADVAN1 TRANS2
$INPUT ID TIME DV OBSNUM CMT EVID AMT RATE ADDL II 
$DATA ..\..\mdata\simple_nocovar_56id_6tp_md.csv
IGNORE=@ 
IGNORE=(OBSNUM.EQN.2)
IGNORE=(OBSNUM.EQN.5)
IGNORE=(ID.GT.36)
$ABBR REPLACE THETA(CL, V) = THETA(1 to 2)
$ABBR REPLACE ETA(CL, V) = ETA(1 to 2)

$THETAI
THETA(1:NTHETA)=LOG(THETAI(1:NTHETA))
THETAP(1:NTHETAP)=LOG(THETAPI(1:NTHETAP))
$THETAR
THETAR(1:NTHETA)=EXP(THETA(1:NTHETA))
THETAPR(1:NTHETAP)=EXP(THETAP(1:NTHETAP))

$PRIOR NWPRI 

$PK
"USE NMBAYES_INT, ONLY: ITER_REPORT,BAYES_EXTRA_REQUEST,BAYES_EXTRA
; Request extra information for Bayesian analysis.
; An extra call will then be made for accepted samples
"BAYES_EXTRA_REQUEST=1

MU_1 = THETA(CL)
MU_2 = THETA(V)
CL = EXP(MU_1 + ETA(CL))
V = EXP(MU_2 + ETA(V))
S1 = V

"IF(BAYES_EXTRA==1 .AND. ITER_REPORT>=0 .AND. TIME==0.0) THEN
"WRITE(50,98) ITER_REPORT,ID,CL,V
"98 FORMAT(I12,1X,F14.0,4(1X,1PG12.5))
"ENDIF

$ERROR
IPRED=F
Y = IPRED*(1 + ERR(1))  

$THETA
(0.001, 2.5) ; TVCL
(0.001, 46) ; TVV

$OMEGA BLOCK(2)
0.1    ; nCL
0.1  0.1  ; nV

$SIGMA
0.03 ; PROP

; THETA PRIORS
$THETAP (2.5 FIX) (46 FIX) 

; THETA (uniformative) PRIORs
$THETAPV BLOCK(2)
10000 FIX
0.0 10000 

$OMEGAP BLOCK(2)
0.2 FIX
0 0.2

; degrees of freedom to prior omega matrix - low dof = highly uninformative
$OMEGAPD (2 FIX)

$EST METHOD=CHAIN FILE=..\run100.chn NSAMPLE=0 ISAMPLE=4 DF=20
$EST METHOD=BAYES INTER NBURN=4000 NITER=10000 PRINT=20 NOPRIOR=0 CTYPE=3 CITER=10 SEED=56664
  
NM-TRAN MESSAGES 
  
 WARNINGS AND ERRORS (IF ANY) FOR PROBLEM    1
             
 (WARNING  2) NM-TRAN INFERS THAT THE DATA ARE POPULATION.

 (MU_WARNING 20) MU_001: MU_ VARIABLE SHOULD NOT BE DEFINED AFTER VERBATIM CODE.
  
License Registered to: Devin Pastoor
Expiration Date:    14 NOV 2017
Current Date:        3 JAN 2017
Days until program expires : 311
1NONLINEAR MIXED EFFECTS MODEL PROGRAM (NONMEM) VERSION 7.4.0 alpha14 (nm74a14)
 ORIGINALLY DEVELOPED BY STUART BEAL, LEWIS SHEINER, AND ALISON BOECKMANN
 CURRENT DEVELOPERS ARE ROBERT BAUER, ICON DEVELOPMENT SOLUTIONS,
 AND ALISON BOECKMANN. IMPLEMENTATION, EFFICIENCY, AND STANDARDIZATION
 PERFORMED BY NOUS INFOSYSTEMS.

 PROBLEM NO.:         1
 one cmpt simple mu modeled bayes multidose nids: 36 scenario: s2d
0DATA CHECKOUT RUN:              NO
 DATA SET LOCATED ON UNIT NO.:    2
 THIS UNIT TO BE REWOUND:        NO
 NO. OF DATA RECS IN DATA SET:      180
 NO. OF DATA ITEMS IN DATA SET:  11
 ID DATA ITEM IS DATA ITEM NO.:   1
 DEP VARIABLE IS DATA ITEM NO.:   3
 MDV DATA ITEM IS DATA ITEM NO.: 11
0INDICES PASSED TO SUBROUTINE PRED:
   6   2   7   8   0  10   5   0   0   0   9
0LABELS FOR DATA ITEMS:
 ID TIME DV OBSNUM CMT EVID AMT RATE ADDL II MDV
0LABELS FOR THETAS
 THETA(1)=THETA(CL)
 THETA(2)=THETA(V)
0LABELS FOR ETAS
 ETA(1)=ETA(CL)
0LABELS FOR ETAS
 ETA(2)=ETA(V)
0FORMAT FOR DATA:
 (2E3.0,E17.0,3E2.0,2E5.0,E2.0,E3.0,1F2.0)

 TOT. NO. OF OBS RECS:      144
 TOT. NO. OF INDIVIDUALS:     36
0LENGTH OF THETA:   5
0DEFAULT THETA BOUNDARY TEST OMITTED:    NO
0OMEGA HAS BLOCK FORM:
  1
  1  1
  0  0  2
  0  0  2  2
  0  0  0  0  3
  0  0  0  0  3  3
0DEFAULT OMEGA BOUNDARY TEST OMITTED:    NO
0SIGMA HAS SIMPLE DIAGONAL FORM WITH DIMENSION:   1
0DEFAULT SIGMA BOUNDARY TEST OMITTED:    NO
0INITIAL ESTIMATE OF THETA:
 LOWER BOUND    INITIAL EST    UPPER BOUND
  0.1000E-02     0.2500E+01     0.1000E+07
  0.1000E-02     0.4600E+02     0.1000E+07
  0.2500E+01     0.2500E+01     0.2500E+01
  0.4600E+02     0.4600E+02     0.4600E+02
  0.2000E+01     0.2000E+01     0.2000E+01
0INITIAL ESTIMATE OF OMEGA:
 BLOCK SET NO.   BLOCK                                                                    FIXED
        1                                                                                   NO
 DIAGONAL SHIFT OF  1.1000E-07 WAS IMPOSED TO ENSURE POSITIVE DEFINITENESS
                  0.1000E+00
                  0.1000E+00   0.1000E+00
        2                                                                                  YES
                  0.1000E+05
                  0.0000E+00   0.1000E+05
        3                                                                                  YES
                  0.2000E+00
                  0.0000E+00   0.2000E+00
0INITIAL ESTIMATE OF SIGMA:
 0.3000E-01
0
 THETAI SUBROUTINE USER-SUPPLIED
 THETAR SUBROUTINE USER-SUPPLIED
 PRIOR SUBROUTINE USER-SUPPLIED
1DOUBLE PRECISION PREDPP VERSION 7.4.0 alpha14 (nm74a14)

 ONE COMPARTMENT MODEL (ADVAN1)
0MAXIMUM NO. OF BASIC PK PARAMETERS:   2
0BASIC PK PARAMETERS (AFTER TRANSLATION):
   ELIMINATION RATE (K) IS BASIC PK PARAMETER NO.:  1

 TRANSLATOR WILL CONVERT PARAMETERS
 CLEARANCE (CL) AND VOLUME (V) TO K (TRANS2)
0COMPARTMENT ATTRIBUTES
 COMPT. NO.   FUNCTION   INITIAL    ON/OFF      DOSE      DEFAULT    DEFAULT
                         STATUS     ALLOWED    ALLOWED    FOR DOSE   FOR OBS.
    1         CENTRAL      ON         NO         YES        YES        YES
    2         OUTPUT       OFF        YES        NO         NO         NO
1
 ADDITIONAL PK PARAMETERS - ASSIGNMENT OF ROWS IN GG
 COMPT. NO.                             INDICES
              SCALE      BIOAVAIL.   ZERO-ORDER  ZERO-ORDER  ABSORB
                         FRACTION    RATE        DURATION    LAG
    1            3           *           *           *           *
    2            *           -           -           -           -
             - PARAMETER IS NOT ALLOWED FOR THIS MODEL
             * PARAMETER IS NOT SUPPLIED BY PK SUBROUTINE;
               WILL DEFAULT TO ONE IF APPLICABLE
0DATA ITEM INDICES USED BY PRED ARE:
   EVENT ID DATA ITEM IS DATA ITEM NO.:      6
   TIME DATA ITEM IS DATA ITEM NO.:          2
   DOSE AMOUNT DATA ITEM IS DATA ITEM NO.:   7
   DOSE RATE DATA ITEM IS DATA ITEM NO.:     8
   INTERVAL DATA ITEM IS DATA ITEM NO.:     10
   ADDL. DOSES DATA ITEM IS DATA ITEM NO.:   9
   COMPT. NO. DATA ITEM IS DATA ITEM NO.:    5

0PK SUBROUTINE CALLED WITH EVERY EVENT RECORD.
 PK SUBROUTINE NOT CALLED AT NONEVENT (ADDITIONAL OR LAGGED) DOSE TIMES.
0ERROR SUBROUTINE CALLED WITH EVERY EVENT RECORD.
1


 #TBLN:      1
 #METH: Chain Method Processing

 RANDOM GENERATION TYPE (CTYPE):     0
 RANDOM GENERATION SEED (SEED):      11456
 RANDOM SAMPLE SELECTION (ISAMPLE):  4
 RANDOM SAMPLE RANGE END (ISAMPEND): -2147483647
 NUMBER OF RANDOM SAMPLES (NSAMPLE): 0
 UNIFORM FRACTIONAL RANGE (IACCEPT): 0.400000000000000
 RANDOM SELECTION TYPE (SELECT):     0
 DEG. FR. TO GENERATE OMEGAS (DF):   20
 DEG. FR. TO GENERATE SIGMAS (DFS):  -1
 CHAIN FILE (FILE):                  ..\run100.chn
 EXCL. TITLE IN CHAIN FILE (NOTITLE):NO
 EX. COL. LBS. IN CHAIN FL.(NOLABEL):NO
 FORMAT FOR CHAIN FILE (FORMAT):     S1PE12.5
 PAR. ORDER in CHAIN FILE (ORDER):   TSOL
 RANDOM SAMPLING METHOD (RANMETHOD):3U

 THE FOLLOWING LABELS ARE EQUIVALENT
 PRED=NPRED
 RES=NRES
 WRES=NWRES
 IWRS=NIWRES
 IPRD=NIPRED
 IRS=NIRES



 FROM SAMPLE 4 OF CHAIN FILE ..\run100.chn
 NEW INITIAL ESTIMATES OF THETA
  0.6050E-01
  0.1739E-02
 NEW INITIAL ESTIMATES OF OMEGA
  0.1747E+00
  0.1747E+00  0.1748E+00
 NEW INITIAL ESTIMATES OF SIGMA
  0.4110E-01
1


 #TBLN:      1
 #METH: MCMC Bayesian Analysis

 ESTIMATION STEP OMITTED:                 NO
 ANALYSIS TYPE:                           POPULATION
 NUMBER OF SADDLE POINT RESET ITERATIONS:      0
 GRADIENT METHOD USED:               NOSLOW
 CONDITIONAL ESTIMATES USED:              YES
 CENTERED ETA:                            NO
 EPS-ETA INTERACTION:                     YES
 LAPLACIAN OBJ. FUNC.:                    NO
 NO. OF FUNCT. EVALS. ALLOWED:            840
 NO. OF SIG. FIGURES REQUIRED:            3
 INTERMEDIATE PRINTOUT:                   YES
 ESTIMATE OUTPUT TO MSF:                  NO
 IND. OBJ. FUNC. VALUES SORTED:           NO
 NUMERICAL DERIVATIVE
       FILE REQUEST (NUMDER):               NONE
 MAP (ETAHAT) ESTIMATION METHOD (OPTMAP):   0
 ETA HESSIAN EVALUATION METHOD (ETADER):    0
 INITIAL ETA FOR MAP ESTIMATION (MCETA):    0
 SIGDIGITS FOR MAP ESTIMATION (SIGLO):      100
 GRADIENT SIGDIGITS OF
       FIXED EFFECTS PARAMETERS (SIGL):     100
 NOPRIOR SETTING (NOPRIOR):                 OFF
 NOCOV SETTING (NOCOV):                     OFF
 DERCONT SETTING (DERCONT):                 OFF
 FINAL ETA RE-EVALUATION (FNLETA):          ON
 EXCLUDE NON-INFLUENTIAL (NON-INFL.) ETAS
       IN SHRINKAGE (ETASTYPE):             NO
 NON-INFL. ETA CORRECTION (NONINFETA):      OFF
 RAW OUTPUT FILE (FILE): run113_nids_36_s2d_c4.ext
 EXCLUDE TITLE (NOTITLE):                   NO
 EXCLUDE COLUMN LABELS (NOLABEL):           NO
 FORMAT FOR ADDITIONAL FILES (FORMAT):      S1PE12.5
 PARAMETER ORDER FOR OUTPUTS (ORDER):       TSOL
 WISHART PRIOR DF INTERPRETATION (WISHTYPE):0
 KNUTHSUMOFF:                               0
 INCLUDE LNTWOPI:                           NO
 INCLUDE CONSTANT TERM TO PRIOR (PRIORC):   NO
 INCLUDE CONSTANT TERM TO OMEGA (ETA) (OLNTWOPI):NO
 EM OR BAYESIAN METHOD USED:                MCMC BAYESIAN (BAYES)
 MU MODELING PATTERN (MUM):
 GRADIENT/GIBBS PATTERN (GRD):
 AUTOMATIC SETTING FEATURE (AUTO):          OFF
 CONVERGENCE TYPE (CTYPE):                  3
 KEEP ITERATIONS (THIN):            1
 CONVERGENCE INTERVAL (CINTERVAL):          20
 CONVERGENCE ITERATIONS (CITER):            10
 CONVERGENCE ALPHA ERROR (CALPHA):          5.000000000000000E-02
 BURN-IN ITERATIONS (NBURN):                4000
 ITERATIONS (NITER):                        10000
 ANEAL SETTING (CONSTRAIN):                 1
 STARTING SEED FOR MC METHODS (SEED):       56664
 MC SAMPLES PER SUBJECT (ISAMPLE):          1
 RANDOM SAMPLING METHOD (RANMETHOD):        3U
 PROPOSAL DENSITY SCALING RANGE
              (ISCALE_MIN, ISCALE_MAX):     1.000000000000000E-06   ,1000000.00000000
 SAMPLE ACCEPTANCE RATE (IACCEPT):          0.400000000000000
 METROPOLIS HASTINGS SAMPLING FOR INDIVIDUAL ETAS:
 SAMPLES FOR GLOBAL SEARCH KERNEL (ISAMPLE_M1):          2
 SAMPLES FOR NEIGHBOR SEARCH KERNEL (ISAMPLE_M1A):       0
 SAMPLES FOR MASS/IMP/POST. MATRIX SEARCH (ISAMPLE_M1B): 2
 SAMPLES FOR LOCAL SEARCH KERNEL (ISAMPLE_M2):           2
 SAMPLES FOR LOCAL UNIVARIATE KERNEL (ISAMPLE_M3):       2
 PWR. WT. MASS/IMP/POST MATRIX ACCUM. FOR ETAS (IKAPPA): 1.00000000000000
 MASS/IMP./POST. MATRIX REFRESH SETTING (MASSREST):      -1
 METROPOLIS HASTINGS POPULATION SAMPLING FOR NON-GIBBS
 SAMPLED THETAS AND SIGMAS:
 PROPOSAL DENSITY SCALING RANGE
              (PSCALE_MIN, PSCALE_MAX):   1.000000000000000E-02   ,1000.00000000000
 SAMPLE ACCEPTANCE RATE (PACCEPT):                       0.500000000000000
 SAMPLES FOR GLOBAL SEARCH KERNEL (PSAMPLE_M1):          1
 SAMPLES FOR LOCAL SEARCH KERNEL (PSAMPLE_M2):           -1
 SAMPLES FOR LOCAL UNIVARIATE KERNEL (PSAMPLE_M3):       1
 METROPOLIS HASTINGS POPULATION SAMPLING FOR NON-GIBBS
 SAMPLED OMEGAS:
 SAMPLE ACCEPTANCE RATE (OACCEPT):                       0.500000000000000
 SAMPLES FOR GLOBAL SEARCH KERNEL (OSAMPLE_M1):          -1
 SAMPLES FOR LOCAL SEARCH KERNEL (OSAMPLE_M2):           -1
 SAMPLES FOR LOCAL UNIVARIATE SEARCH KERNEL (OSAMPLE_M3):0
 DEG. FR. FOR T DIST.  PRIOR FOR THETAS (TTDF):        0.00000000000000
 DEG. FR. FOR LKJ CORRELATION PRIOR FOR OMEGAS (OLKJDF): 0.00000000000000
 WEIGHT FACTOR FOR STD PRIOR FOR OMEGAS (OVARF): 1.00000000000000
 DEG. FR. FOR LKJ CORRELATION PRIOR FOR SIGMAS (SLKJDF): 0.00000000000000
 WEIGHT FACTOR FOR STD PRIOR FOR SIGMAS (SVARF): 1.00000000000000


 THE FOLLOWING LABELS ARE EQUIVALENT
 PRED=PREDI
 RES=RESI
 WRES=WRESI
 IWRS=IWRESI
 IPRD=IPREDI
 IRS=IRESI

 EM/BAYES SETUP:
 THETAS THAT ARE MU MODELED:
   1   2
 THETAS THAT ARE GIBBS SAMPLED:
   1   2
 THETAS THAT ARE METROPOLIS-HASTINGS SAMPLED:
 
 SIGMAS THAT ARE GIBBS SAMPLED:
   1
 SIGMAS THAT ARE METROPOLIS-HASTINGS SAMPLED:
 
 OMEGAS ARE GIBBS SAMPLED

 MONITORING OF SEARCH:

 Burn-in Mode
 iteration        -4000 MCMCOBJ=    744117653.05343199     
 iteration        -3980 MCMCOBJ=    968.54833927551431     
 iteration        -3960 MCMCOBJ=    434.17809745069843     
 iteration        -3940 MCMCOBJ=    462.78063500910167     
 iteration        -3920 MCMCOBJ=    417.54596437648689     
 iteration        -3900 MCMCOBJ=    446.67118296475098     
 iteration        -3880 MCMCOBJ=    464.27889681018769     
 iteration        -3860 MCMCOBJ=    467.31632429722856     
 iteration        -3840 MCMCOBJ=    455.92159253475393     
 iteration        -3820 MCMCOBJ=    435.02602785124992     
 iteration        -3800 MCMCOBJ=    405.55241454467830     
 Convergence achieved
 Sampling Mode
 iteration            0 MCMCOBJ=    420.41935619965625     
 iteration           20 MCMCOBJ=    433.31080285355409     
 iteration           40 MCMCOBJ=    421.29587062372957     
 iteration           60 MCMCOBJ=    433.92688779702206     
 iteration           80 MCMCOBJ=    449.47192221089540     
 iteration          100 MCMCOBJ=    425.65179540990948     
 iteration          120 MCMCOBJ=    431.39219412182337     
 iteration          140 MCMCOBJ=    424.20517387421148     
 iteration          160 MCMCOBJ=    421.93675021096709     
 iteration          180 MCMCOBJ=    403.90495879184937     
 iteration          200 MCMCOBJ=    431.22790529528334     
 iteration          220 MCMCOBJ=    412.98471027823302     
 iteration          240 MCMCOBJ=    470.68872562646317     
 iteration          260 MCMCOBJ=    423.77067715665510     
 iteration          280 MCMCOBJ=    433.94534979548638     
 iteration          300 MCMCOBJ=    450.99313629647560     
 iteration          320 MCMCOBJ=    444.27574161707088     
 iteration          340 MCMCOBJ=    433.74963657113403     
 iteration          360 MCMCOBJ=    436.27313022529097     
 iteration          380 MCMCOBJ=    439.75732790470767     
 iteration          400 MCMCOBJ=    440.59054992449364     
 iteration          420 MCMCOBJ=    436.00869659773878     
 iteration          440 MCMCOBJ=    429.43485569477411     
 iteration          460 MCMCOBJ=    410.84943193075406     
 iteration          480 MCMCOBJ=    433.69539897678527     
 iteration          500 MCMCOBJ=    450.83362727260857     
 iteration          520 MCMCOBJ=    432.45104703577175     
 iteration          540 MCMCOBJ=    436.10206389191740     
 iteration          560 MCMCOBJ=    430.37585407507822     
 iteration          580 MCMCOBJ=    429.03081247496090     
 iteration          600 MCMCOBJ=    413.37100488309511     
 iteration          620 MCMCOBJ=    446.96802170884325     
 iteration          640 MCMCOBJ=    423.98888633797901     
 iteration          660 MCMCOBJ=    405.34832026935555     
 iteration          680 MCMCOBJ=    443.16836040483247     
 iteration          700 MCMCOBJ=    439.82989611503643     
 iteration          720 MCMCOBJ=    434.37877256989270     
 iteration          740 MCMCOBJ=    438.66212061876092     
 iteration          760 MCMCOBJ=    429.75831107182910     
 iteration          780 MCMCOBJ=    402.40997106244134     
 iteration          800 MCMCOBJ=    429.02536965699102     
 iteration          820 MCMCOBJ=    456.84436469267297     
 iteration          840 MCMCOBJ=    440.41408906807641     
 iteration          860 MCMCOBJ=    467.07046680547097     
 iteration          880 MCMCOBJ=    468.94711086939350     
 iteration          900 MCMCOBJ=    454.68138879016351     
 iteration          920 MCMCOBJ=    451.16022897740260     
 iteration          940 MCMCOBJ=    434.02385345891173     
 iteration          960 MCMCOBJ=    430.63079394171655     
 iteration          980 MCMCOBJ=    433.97058922518869     
 iteration         1000 MCMCOBJ=    423.28854794466264     
 iteration         1020 MCMCOBJ=    464.46222484144226     
 iteration         1040 MCMCOBJ=    398.49163372552357     
 iteration         1060 MCMCOBJ=    418.28364576641769     
 iteration         1080 MCMCOBJ=    450.88731395273550     
 iteration         1100 MCMCOBJ=    440.08872852829916     
 iteration         1120 MCMCOBJ=    431.57338378460605     
 iteration         1140 MCMCOBJ=    428.26022675207554     
 iteration         1160 MCMCOBJ=    445.03213786519899     
 iteration         1180 MCMCOBJ=    402.19404032916015     
 iteration         1200 MCMCOBJ=    445.58150031776398     
 iteration         1220 MCMCOBJ=    442.52819858794510     
 iteration         1240 MCMCOBJ=    442.07928497639421     
 iteration         1260 MCMCOBJ=    422.65124900285662     
 iteration         1280 MCMCOBJ=    444.77832809886576     
 iteration         1300 MCMCOBJ=    439.77286454308307     
 iteration         1320 MCMCOBJ=    404.64505232755340     
 iteration         1340 MCMCOBJ=    434.57526773978776     
 iteration         1360 MCMCOBJ=    430.30775124800397     
 iteration         1380 MCMCOBJ=    407.86582134946843     
 iteration         1400 MCMCOBJ=    408.33909129380470     
 iteration         1420 MCMCOBJ=    427.91202552649429     
 iteration         1440 MCMCOBJ=    419.45695758329248     
 iteration         1460 MCMCOBJ=    435.99327285191407     
 iteration         1480 MCMCOBJ=    455.93089810580977     
 iteration         1500 MCMCOBJ=    448.21937359781361     
 iteration         1520 MCMCOBJ=    432.91639818887455     
 iteration         1540 MCMCOBJ=    431.59896627631747     
 iteration         1560 MCMCOBJ=    425.69923590461070     
 iteration         1580 MCMCOBJ=    437.93569099373144     
 iteration         1600 MCMCOBJ=    420.32921022535430     
 iteration         1620 MCMCOBJ=    406.97409420845429     
 iteration         1640 MCMCOBJ=    415.23742447020612     
 iteration         1660 MCMCOBJ=    444.30388263180356     
 iteration         1680 MCMCOBJ=    453.76424023340627     
 iteration         1700 MCMCOBJ=    413.19633101274485     
 iteration         1720 MCMCOBJ=    440.20887181185697     
 iteration         1740 MCMCOBJ=    418.20146299287643     
 iteration         1760 MCMCOBJ=    418.53344959435503     
 iteration         1780 MCMCOBJ=    412.33381421464605     
 iteration         1800 MCMCOBJ=    445.25112944438877     
 iteration         1820 MCMCOBJ=    439.28289898135978     
 iteration         1840 MCMCOBJ=    436.32348010274933     
 iteration         1860 MCMCOBJ=    408.80866487036315     
 iteration         1880 MCMCOBJ=    440.23718996948634     
 iteration         1900 MCMCOBJ=    456.38541012601058     
 iteration         1920 MCMCOBJ=    439.58324037587687     
 iteration         1940 MCMCOBJ=    449.15688044940481     
 iteration         1960 MCMCOBJ=    422.13202325335493     
 iteration         1980 MCMCOBJ=    428.28815226368681     
 iteration         2000 MCMCOBJ=    465.91791350364508     
 iteration         2020 MCMCOBJ=    449.17405267702259     
 iteration         2040 MCMCOBJ=    431.89270015215408     
 iteration         2060 MCMCOBJ=    425.14961336249661     
 iteration         2080 MCMCOBJ=    409.18201337440456     
 iteration         2100 MCMCOBJ=    434.21705822405579     
 iteration         2120 MCMCOBJ=    424.04599396320697     
 iteration         2140 MCMCOBJ=    431.63753284961996     
 iteration         2160 MCMCOBJ=    446.47626943873342     
 iteration         2180 MCMCOBJ=    459.93090350400337     
 iteration         2200 MCMCOBJ=    418.20463142443816     
 iteration         2220 MCMCOBJ=    431.58979031345268     
 iteration         2240 MCMCOBJ=    429.07240894020634     
 iteration         2260 MCMCOBJ=    429.23340278298906     
 iteration         2280 MCMCOBJ=    422.31843430988079     
 iteration         2300 MCMCOBJ=    425.25373911164496     
 iteration         2320 MCMCOBJ=    426.42434236828092     
 iteration         2340 MCMCOBJ=    422.55854490363822     
 iteration         2360 MCMCOBJ=    431.89419067129063     
 iteration         2380 MCMCOBJ=    463.55251943850578     
 iteration         2400 MCMCOBJ=    430.90908959438485     
 iteration         2420 MCMCOBJ=    433.57236401328362     
 iteration         2440 MCMCOBJ=    411.88765642968889     
 iteration         2460 MCMCOBJ=    425.86293334605955     
 iteration         2480 MCMCOBJ=    414.03286251997287     
 iteration         2500 MCMCOBJ=    423.58605888004854     
 iteration         2520 MCMCOBJ=    409.55527097129368     
 iteration         2540 MCMCOBJ=    444.07209708712850     
 iteration         2560 MCMCOBJ=    435.95358712952066     
 iteration         2580 MCMCOBJ=    418.40645754865108     
 iteration         2600 MCMCOBJ=    408.54570708902895     
 iteration         2620 MCMCOBJ=    457.00389350203153     
 iteration         2640 MCMCOBJ=    432.26203751112138     
 iteration         2660 MCMCOBJ=    420.45901870921273     
 iteration         2680 MCMCOBJ=    450.52186431677023     
 iteration         2700 MCMCOBJ=    422.18505651367252     
 iteration         2720 MCMCOBJ=    413.58116398770136     
 iteration         2740 MCMCOBJ=    422.98636773034008     
 iteration         2760 MCMCOBJ=    450.01239504636908     
 iteration         2780 MCMCOBJ=    425.10032616712920     
 iteration         2800 MCMCOBJ=    420.10988527246934     
 iteration         2820 MCMCOBJ=    429.70988659635793     
 iteration         2840 MCMCOBJ=    416.99928152403407     
 iteration         2860 MCMCOBJ=    449.81377309280663     
 iteration         2880 MCMCOBJ=    422.03534493725346     
 iteration         2900 MCMCOBJ=    427.95026361875273     
 iteration         2920 MCMCOBJ=    423.40968963218529     
 iteration         2940 MCMCOBJ=    457.23456348814648     
 iteration         2960 MCMCOBJ=    413.53854103300938     
 iteration         2980 MCMCOBJ=    452.00219531651902     
 iteration         3000 MCMCOBJ=    445.17970963633661     
 iteration         3020 MCMCOBJ=    423.71014223047001     
 iteration         3040 MCMCOBJ=    441.54532523173265     
 iteration         3060 MCMCOBJ=    407.97035213673917     
 iteration         3080 MCMCOBJ=    454.32997663685126     
 iteration         3100 MCMCOBJ=    441.60199602502581     
 iteration         3120 MCMCOBJ=    430.64995663406836     
 iteration         3140 MCMCOBJ=    453.90891239177267     
 iteration         3160 MCMCOBJ=    432.42706412681702     
 iteration         3180 MCMCOBJ=    435.76775745934521     
 iteration         3200 MCMCOBJ=    446.37128318769192     
 iteration         3220 MCMCOBJ=    441.75376106823217     
 iteration         3240 MCMCOBJ=    425.94207982268591     
 iteration         3260 MCMCOBJ=    433.45438460501759     
 iteration         3280 MCMCOBJ=    404.89520615241861     
 iteration         3300 MCMCOBJ=    416.41889896728503     
 iteration         3320 MCMCOBJ=    432.42365558226032     
 iteration         3340 MCMCOBJ=    429.47376080246272     
 iteration         3360 MCMCOBJ=    431.60379361177786     
 iteration         3380 MCMCOBJ=    440.89844027971793     
 iteration         3400 MCMCOBJ=    448.39829330537953     
 iteration         3420 MCMCOBJ=    447.81782362966987     
 iteration         3440 MCMCOBJ=    442.80479925761375     
 iteration         3460 MCMCOBJ=    418.63208646936130     
 iteration         3480 MCMCOBJ=    467.50931108370077     
 iteration         3500 MCMCOBJ=    441.37170155630241     
 iteration         3520 MCMCOBJ=    429.52871106257396     
 iteration         3540 MCMCOBJ=    406.60286605797870     
 iteration         3560 MCMCOBJ=    412.34123273328487     
 iteration         3580 MCMCOBJ=    450.21874037112082     
 iteration         3600 MCMCOBJ=    427.72381615763192     
 iteration         3620 MCMCOBJ=    468.28505732970956     
 iteration         3640 MCMCOBJ=    447.30533857514973     
 iteration         3660 MCMCOBJ=    434.03803912525336     
 iteration         3680 MCMCOBJ=    424.43749084756405     
 iteration         3700 MCMCOBJ=    423.66861131133800     
 iteration         3720 MCMCOBJ=    433.21817085668778     
 iteration         3740 MCMCOBJ=    426.91540305309775     
 iteration         3760 MCMCOBJ=    415.62010239802800     
 iteration         3780 MCMCOBJ=    414.28730307370483     
 iteration         3800 MCMCOBJ=    421.33122171739871     
 iteration         3820 MCMCOBJ=    442.12672905938047     
 iteration         3840 MCMCOBJ=    429.21043456564274     
 iteration         3860 MCMCOBJ=    433.71404860482534     
 iteration         3880 MCMCOBJ=    414.91674951700008     
 iteration         3900 MCMCOBJ=    447.36376977398879     
 iteration         3920 MCMCOBJ=    454.98501218873622     
 iteration         3940 MCMCOBJ=    415.88831027439539     
 iteration         3960 MCMCOBJ=    439.93757038069100     
 iteration         3980 MCMCOBJ=    403.95485660209772     
 iteration         4000 MCMCOBJ=    416.34752457759504     
 iteration         4020 MCMCOBJ=    420.03911595483157     
 iteration         4040 MCMCOBJ=    421.60883925142372     
 iteration         4060 MCMCOBJ=    429.43011059678577     
 iteration         4080 MCMCOBJ=    451.96958717856091     
 iteration         4100 MCMCOBJ=    412.35345920047831     
 iteration         4120 MCMCOBJ=    431.13610357407066     
 iteration         4140 MCMCOBJ=    450.61194236492901     
 iteration         4160 MCMCOBJ=    409.34549808350329     
 iteration         4180 MCMCOBJ=    452.30292754133518     
 iteration         4200 MCMCOBJ=    409.76994697955030     
 iteration         4220 MCMCOBJ=    431.37968693022373     
 iteration         4240 MCMCOBJ=    413.32210544922265     
 iteration         4260 MCMCOBJ=    453.79688621676894     
 iteration         4280 MCMCOBJ=    426.96512763667397     
 iteration         4300 MCMCOBJ=    418.66483031221310     
 iteration         4320 MCMCOBJ=    445.94593905480519     
 iteration         4340 MCMCOBJ=    410.10655005638364     
 iteration         4360 MCMCOBJ=    443.47074388348312     
 iteration         4380 MCMCOBJ=    401.40904315060237     
 iteration         4400 MCMCOBJ=    434.68676263846118     
 iteration         4420 MCMCOBJ=    431.55106566299742     
 iteration         4440 MCMCOBJ=    430.85789358315265     
 iteration         4460 MCMCOBJ=    431.00807301554289     
 iteration         4480 MCMCOBJ=    436.29814725434085     
 iteration         4500 MCMCOBJ=    409.73448086505056     
 iteration         4520 MCMCOBJ=    441.85158137252387     
 iteration         4540 MCMCOBJ=    423.90288681820630     
 iteration         4560 MCMCOBJ=    434.92602666681233     
 iteration         4580 MCMCOBJ=    451.30748173151977     
 iteration         4600 MCMCOBJ=    440.82129666046683     
 iteration         4620 MCMCOBJ=    424.56649812864003     
 iteration         4640 MCMCOBJ=    399.78913741060012     
 iteration         4660 MCMCOBJ=    430.58394953481650     
 iteration         4680 MCMCOBJ=    415.92297188057307     
 iteration         4700 MCMCOBJ=    415.54043589900391     
 iteration         4720 MCMCOBJ=    437.91149987642837     
 iteration         4740 MCMCOBJ=    450.61926699834902     
 iteration         4760 MCMCOBJ=    455.95544846418312     
 iteration         4780 MCMCOBJ=    443.39832639668788     
 iteration         4800 MCMCOBJ=    443.11977994946506     
 iteration         4820 MCMCOBJ=    425.77317838900109     
 iteration         4840 MCMCOBJ=    417.47282108676779     
 iteration         4860 MCMCOBJ=    415.52686998625768     
 iteration         4880 MCMCOBJ=    427.56498228630988     
 iteration         4900 MCMCOBJ=    425.36636006521843     
 iteration         4920 MCMCOBJ=    419.11407203782306     
 iteration         4940 MCMCOBJ=    396.64209234261699     
 iteration         4960 MCMCOBJ=    410.25544315922787     
 iteration         4980 MCMCOBJ=    417.53186614753236     
 iteration         5000 MCMCOBJ=    431.65631970555376     
 iteration         5020 MCMCOBJ=    450.75997731247764     
 iteration         5040 MCMCOBJ=    436.45321352425680     
 iteration         5060 MCMCOBJ=    452.68462559900098     
 iteration         5080 MCMCOBJ=    411.06761150344818     
 iteration         5100 MCMCOBJ=    429.40907694096848     
 iteration         5120 MCMCOBJ=    411.29272015211438     
 iteration         5140 MCMCOBJ=    427.43437616944567     
 iteration         5160 MCMCOBJ=    441.29829299912984     
 iteration         5180 MCMCOBJ=    437.19167875893311     
 iteration         5200 MCMCOBJ=    413.18279262477944     
 iteration         5220 MCMCOBJ=    418.87829521006626     
 iteration         5240 MCMCOBJ=    418.99987244546855     
 iteration         5260 MCMCOBJ=    432.12006891790634     
 iteration         5280 MCMCOBJ=    455.45273396408351     
 iteration         5300 MCMCOBJ=    437.53279337667703     
 iteration         5320 MCMCOBJ=    440.14230651344729     
 iteration         5340 MCMCOBJ=    419.14532815340539     
 iteration         5360 MCMCOBJ=    417.60965001509089     
 iteration         5380 MCMCOBJ=    455.56313745455225     
 iteration         5400 MCMCOBJ=    425.60339517655399     
 iteration         5420 MCMCOBJ=    468.90199449174395     
 iteration         5440 MCMCOBJ=    413.67102446303096     
 iteration         5460 MCMCOBJ=    436.06667125058084     
 iteration         5480 MCMCOBJ=    422.03415896029031     
 iteration         5500 MCMCOBJ=    430.31545936192276     
 iteration         5520 MCMCOBJ=    436.92776314111001     
 iteration         5540 MCMCOBJ=    446.67432730872247     
 iteration         5560 MCMCOBJ=    430.70329100743822     
 iteration         5580 MCMCOBJ=    416.09901343027730     
 iteration         5600 MCMCOBJ=    467.82160273032360     
 iteration         5620 MCMCOBJ=    450.23812660264826     
 iteration         5640 MCMCOBJ=    434.27505766000212     
 iteration         5660 MCMCOBJ=    433.24952833969428     
 iteration         5680 MCMCOBJ=    445.03690402318534     
 iteration         5700 MCMCOBJ=    429.42282921663013     
 iteration         5720 MCMCOBJ=    414.39883413301754     
 iteration         5740 MCMCOBJ=    428.36039574248787     
 iteration         5760 MCMCOBJ=    423.25527655787488     
 iteration         5780 MCMCOBJ=    438.38356421332577     
 iteration         5800 MCMCOBJ=    425.16390786034140     
 iteration         5820 MCMCOBJ=    431.41550001468221     
 iteration         5840 MCMCOBJ=    419.38928767007889     
 iteration         5860 MCMCOBJ=    449.02999933390589     
 iteration         5880 MCMCOBJ=    450.61351548930173     
 iteration         5900 MCMCOBJ=    415.97594602601856     
 iteration         5920 MCMCOBJ=    449.24183045861639     
 iteration         5940 MCMCOBJ=    422.46393583834629     
 iteration         5960 MCMCOBJ=    439.18068605143185     
 iteration         5980 MCMCOBJ=    418.79303263237983     
 iteration         6000 MCMCOBJ=    428.98893290453623     
 iteration         6020 MCMCOBJ=    433.21384748551571     
 iteration         6040 MCMCOBJ=    437.21453739207658     
 iteration         6060 MCMCOBJ=    446.58591195949123     
 iteration         6080 MCMCOBJ=    427.57540386769818     
 iteration         6100 MCMCOBJ=    400.68736569528340     
 iteration         6120 MCMCOBJ=    428.44283933935469     
 iteration         6140 MCMCOBJ=    414.75092786663430     
 iteration         6160 MCMCOBJ=    430.56147526783940     
 iteration         6180 MCMCOBJ=    440.33118095197881     
 iteration         6200 MCMCOBJ=    439.63200014052541     
 iteration         6220 MCMCOBJ=    444.69800475792385     
 iteration         6240 MCMCOBJ=    430.20266160497692     
 iteration         6260 MCMCOBJ=    435.60033298711397     
 iteration         6280 MCMCOBJ=    451.79821118048579     
 iteration         6300 MCMCOBJ=    425.89097815343416     
 iteration         6320 MCMCOBJ=    423.64153512399952     
 iteration         6340 MCMCOBJ=    441.89463766119746     
 iteration         6360 MCMCOBJ=    429.21003422900520     
 iteration         6380 MCMCOBJ=    454.11994669460194     
 iteration         6400 MCMCOBJ=    439.21699158487968     
 iteration         6420 MCMCOBJ=    437.70605927506836     
 iteration         6440 MCMCOBJ=    432.70989594717958     
 iteration         6460 MCMCOBJ=    435.98007192541706     
 iteration         6480 MCMCOBJ=    430.84866928325721     
 iteration         6500 MCMCOBJ=    445.98139460932936     
 iteration         6520 MCMCOBJ=    427.74130021272248     
 iteration         6540 MCMCOBJ=    426.75786522699462     
 iteration         6560 MCMCOBJ=    414.13299564220381     
 iteration         6580 MCMCOBJ=    429.71990830972879     
 iteration         6600 MCMCOBJ=    426.35272230085440     
 iteration         6620 MCMCOBJ=    442.98399960323792     
 iteration         6640 MCMCOBJ=    435.73553002442446     
 iteration         6660 MCMCOBJ=    431.08259104863174     
 iteration         6680 MCMCOBJ=    428.60977552995200     
 iteration         6700 MCMCOBJ=    422.04114167382164     
 iteration         6720 MCMCOBJ=    414.07985472480385     
 iteration         6740 MCMCOBJ=    436.92991106692079     
 iteration         6760 MCMCOBJ=    438.18319377531600     
 iteration         6780 MCMCOBJ=    436.70521710577958     
 iteration         6800 MCMCOBJ=    441.23688275983540     
 iteration         6820 MCMCOBJ=    442.88132869624519     
 iteration         6840 MCMCOBJ=    428.55357740993776     
 iteration         6860 MCMCOBJ=    405.25946635199892     
 iteration         6880 MCMCOBJ=    452.66719332656589     
 iteration         6900 MCMCOBJ=    441.93011994378304     
 iteration         6920 MCMCOBJ=    442.97339031867028     
 iteration         6940 MCMCOBJ=    438.61273759055871     
 iteration         6960 MCMCOBJ=    448.03429991294786     
 iteration         6980 MCMCOBJ=    420.15855983709559     
 iteration         7000 MCMCOBJ=    426.10198092208094     
 iteration         7020 MCMCOBJ=    416.15800818784174     
 iteration         7040 MCMCOBJ=    420.40756704968703     
 iteration         7060 MCMCOBJ=    469.02480235006436     
 iteration         7080 MCMCOBJ=    440.71619523945822     
 iteration         7100 MCMCOBJ=    446.37932908699378     
 iteration         7120 MCMCOBJ=    441.54731097108896     
 iteration         7140 MCMCOBJ=    436.91015256728343     
 iteration         7160 MCMCOBJ=    433.71160405619440     
 iteration         7180 MCMCOBJ=    450.83081741153080     
 iteration         7200 MCMCOBJ=    417.59885557242063     
 iteration         7220 MCMCOBJ=    445.66764759635583     
 iteration         7240 MCMCOBJ=    440.57699719538800     
 iteration         7260 MCMCOBJ=    419.38164200690090     
 iteration         7280 MCMCOBJ=    393.16526244703670     
 iteration         7300 MCMCOBJ=    433.33343854671097     
 iteration         7320 MCMCOBJ=    432.77900501127357     
 iteration         7340 MCMCOBJ=    454.00463200525610     
 iteration         7360 MCMCOBJ=    405.86734213337945     
 iteration         7380 MCMCOBJ=    448.31937641312300     
 iteration         7400 MCMCOBJ=    462.47864301339598     
 iteration         7420 MCMCOBJ=    427.06833656914256     
 iteration         7440 MCMCOBJ=    419.49720260920213     
 iteration         7460 MCMCOBJ=    407.94972184546799     
 iteration         7480 MCMCOBJ=    440.55300684211988     
 iteration         7500 MCMCOBJ=    436.61673537767484     
 iteration         7520 MCMCOBJ=    411.14098740486907     
 iteration         7540 MCMCOBJ=    418.68863672491773     
 iteration         7560 MCMCOBJ=    425.30570567108782     
 iteration         7580 MCMCOBJ=    432.49361030691398     
 iteration         7600 MCMCOBJ=    434.69352886628161     
 iteration         7620 MCMCOBJ=    420.53295788278479     
 iteration         7640 MCMCOBJ=    418.60870395543316     
 iteration         7660 MCMCOBJ=    458.91198191189920     
 iteration         7680 MCMCOBJ=    412.20620966439651     
 iteration         7700 MCMCOBJ=    424.58717161993411     
 iteration         7720 MCMCOBJ=    413.91404468063780     
 iteration         7740 MCMCOBJ=    427.11773174991168     
 iteration         7760 MCMCOBJ=    436.05524497903929     
 iteration         7780 MCMCOBJ=    431.10127236170280     
 iteration         7800 MCMCOBJ=    425.93174606851187     
 iteration         7820 MCMCOBJ=    422.18294320163085     
 iteration         7840 MCMCOBJ=    430.57726458400458     
 iteration         7860 MCMCOBJ=    439.28322025635799     
 iteration         7880 MCMCOBJ=    427.27853892245497     
 iteration         7900 MCMCOBJ=    455.49180953906261     
 iteration         7920 MCMCOBJ=    446.99809110072118     
 iteration         7940 MCMCOBJ=    424.47282642097429     
 iteration         7960 MCMCOBJ=    448.94892677763835     
 iteration         7980 MCMCOBJ=    447.47563413012847     
 iteration         8000 MCMCOBJ=    411.13086905897211     
 iteration         8020 MCMCOBJ=    421.71001660339704     
 iteration         8040 MCMCOBJ=    429.11239819313255     
 iteration         8060 MCMCOBJ=    420.57177613941053     
 iteration         8080 MCMCOBJ=    419.90431759671702     
 iteration         8100 MCMCOBJ=    432.31922607479129     
 iteration         8120 MCMCOBJ=    416.81262117099584     
 iteration         8140 MCMCOBJ=    442.68126077920198     
 iteration         8160 MCMCOBJ=    428.23214902977799     
 iteration         8180 MCMCOBJ=    420.86707961989202     
 iteration         8200 MCMCOBJ=    414.88443955329024     
 iteration         8220 MCMCOBJ=    446.42261376055251     
 iteration         8240 MCMCOBJ=    421.70525329598843     
 iteration         8260 MCMCOBJ=    420.07144403183003     
 iteration         8280 MCMCOBJ=    414.93848734262525     
 iteration         8300 MCMCOBJ=    453.29282421251065     
 iteration         8320 MCMCOBJ=    412.94025123838458     
 iteration         8340 MCMCOBJ=    423.93616296000693     
 iteration         8360 MCMCOBJ=    418.38776645037188     
 iteration         8380 MCMCOBJ=    431.14305836043320     
 iteration         8400 MCMCOBJ=    420.17028375055452     
 iteration         8420 MCMCOBJ=    410.20760306544798     
 iteration         8440 MCMCOBJ=    442.40945817378548     
 iteration         8460 MCMCOBJ=    443.02671842982841     
 iteration         8480 MCMCOBJ=    431.44577915002338     
 iteration         8500 MCMCOBJ=    443.09323588747759     
 iteration         8520 MCMCOBJ=    427.77887955702386     
 iteration         8540 MCMCOBJ=    424.76203805726624     
 iteration         8560 MCMCOBJ=    464.62986312592864     
 iteration         8580 MCMCOBJ=    452.27911366457636     
 iteration         8600 MCMCOBJ=    408.43286194753887     
 iteration         8620 MCMCOBJ=    415.52551675920796     
 iteration         8640 MCMCOBJ=    413.90400019010536     
 iteration         8660 MCMCOBJ=    434.39953113607982     
 iteration         8680 MCMCOBJ=    417.25201521947940     
 iteration         8700 MCMCOBJ=    427.04460991328449     
 iteration         8720 MCMCOBJ=    416.95225861862315     
 iteration         8740 MCMCOBJ=    441.65309405380913     
 iteration         8760 MCMCOBJ=    444.21477472765440     
 iteration         8780 MCMCOBJ=    434.07737119586477     
 iteration         8800 MCMCOBJ=    426.07194936139496     
 iteration         8820 MCMCOBJ=    416.76923291072342     
 iteration         8840 MCMCOBJ=    464.28111634144443     
 iteration         8860 MCMCOBJ=    429.05372595267272     
 iteration         8880 MCMCOBJ=    469.33478686542048     
 iteration         8900 MCMCOBJ=    426.18344757693973     
 iteration         8920 MCMCOBJ=    451.13655770169635     
 iteration         8940 MCMCOBJ=    442.15275487251091     
 iteration         8960 MCMCOBJ=    416.01158931999134     
 iteration         8980 MCMCOBJ=    425.71069896861121     
 iteration         9000 MCMCOBJ=    446.26975146088796     
 iteration         9020 MCMCOBJ=    424.18382395184682     
 iteration         9040 MCMCOBJ=    418.93499530993682     
 iteration         9060 MCMCOBJ=    434.69942395614595     
 iteration         9080 MCMCOBJ=    428.47194957243204     
 iteration         9100 MCMCOBJ=    421.11554849108580     
 iteration         9120 MCMCOBJ=    416.65502503523834     
 iteration         9140 MCMCOBJ=    402.92935862154121     
 iteration         9160 MCMCOBJ=    416.97295153466655     
 iteration         9180 MCMCOBJ=    451.94729643180273     
 iteration         9200 MCMCOBJ=    418.65829176900741     
 iteration         9220 MCMCOBJ=    429.40615104544230     
 iteration         9240 MCMCOBJ=    400.90888075654328     
 iteration         9260 MCMCOBJ=    437.38092450530149     
 iteration         9280 MCMCOBJ=    448.11851951832756     
 iteration         9300 MCMCOBJ=    438.72086946299612     
 iteration         9320 MCMCOBJ=    443.14439801460395     
 iteration         9340 MCMCOBJ=    430.31865591537746     
 iteration         9360 MCMCOBJ=    423.93044287697990     
 iteration         9380 MCMCOBJ=    431.33927268715536     
 iteration         9400 MCMCOBJ=    441.52614890009249     
 iteration         9420 MCMCOBJ=    431.63284220754940     
 iteration         9440 MCMCOBJ=    428.18736308243950     
 iteration         9460 MCMCOBJ=    419.28207589442155     
 iteration         9480 MCMCOBJ=    422.88032427717332     
 iteration         9500 MCMCOBJ=    425.96305229601194     
 iteration         9520 MCMCOBJ=    421.48064527611007     
 iteration         9540 MCMCOBJ=    456.03153800101381     
 iteration         9560 MCMCOBJ=    453.58540580002489     
 iteration         9580 MCMCOBJ=    423.54785624403053     
 iteration         9600 MCMCOBJ=    404.41790129859891     
 iteration         9620 MCMCOBJ=    422.73943919423925     
 iteration         9640 MCMCOBJ=    412.93974035887919     
 iteration         9660 MCMCOBJ=    426.12231457188085     
 iteration         9680 MCMCOBJ=    440.56925264096765     
 iteration         9700 MCMCOBJ=    422.28276933297474     
 iteration         9720 MCMCOBJ=    445.65955947245476     
 iteration         9740 MCMCOBJ=    430.48772379069970     
 iteration         9760 MCMCOBJ=    429.25800240156690     
 iteration         9780 MCMCOBJ=    459.77832154345543     
 iteration         9800 MCMCOBJ=    438.45572545108314     
 iteration         9820 MCMCOBJ=    407.32287252381064     
 iteration         9840 MCMCOBJ=    433.87854941423802     
 iteration         9860 MCMCOBJ=    425.05949740621946     
 iteration         9880 MCMCOBJ=    441.24599058284616     
 iteration         9900 MCMCOBJ=    432.14592656172124     
 iteration         9920 MCMCOBJ=    441.08015023741342     
 iteration         9940 MCMCOBJ=    441.46487434722803     
 iteration         9960 MCMCOBJ=    429.17898906372028     
 iteration         9980 MCMCOBJ=    425.61086045861254     
 iteration        10000 MCMCOBJ=    417.54665475458899     
 BURN-IN WAS COMPLETED

 #TERM:
 STATISTICAL PORTION WAS COMPLETED
  
 TOTAL DATA POINTS NORMALLY DISTRIBUTED (N):          144
 N*LOG(2PI) CONSTANT TO OBJECTIVE FUNCTION:    264.65429756294571     
 OBJECTIVE FUNCTION VALUE WITHOUT CONSTANT:    431.74138626442226     
 OBJECTIVE FUNCTION VALUE WITH CONSTANT:       696.39568382736798     
 REPORTED OBJECTIVE FUNCTION DOES NOT CONTAIN CONSTANT
  
 TOTAL EFFECTIVE ETAS (NIND*NETA):                            72
 NIND*NETA*LOG(2PI) CONSTANT TO OBJECTIVE FUNCTION:    132.32714878147286     
 OBJECTIVE FUNCTION VALUE WITHOUT CONSTANT:    431.74138626442226     
 OBJECTIVE FUNCTION VALUE WITH CONSTANT:       564.06853504589515     
 REPORTED OBJECTIVE FUNCTION DOES NOT CONTAIN CONSTANT
  
 PRIOR CONSTANT TO OBJECTIVE FUNCTION:    30.823646298206345     
 OBJECTIVE FUNCTION VALUE WITHOUT CONSTANT:    431.74138626442226     
 OBJECTIVE FUNCTION VALUE WITH CONSTANT:       462.56503256262863     
 REPORTED OBJECTIVE FUNCTION DOES NOT CONTAIN CONSTANT
  
 #TERE:
 Elapsed estimation  time in seconds:    51.03
 Elapsed covariance  time in seconds:     0.00
1
 
 
 
 
 
 
 
 
 
 
 
 
 
 
 
 
 
 
 
 
 ************************************************************************************************************************
 ********************                                                                                ********************
 ********************                              MCMC BAYESIAN ANALYSIS                            ********************
 #OBJT:**************                       AVERAGE VALUE OF LIKELIHOOD FUNCTION                     ********************
 ********************                                                                                ********************
 ************************************************************************************************************************
 





 #OBJV:********************************************      431.741       **************************************************
 #OBJS:********************************************       15.269 (STD) **************************************************
1
 ************************************************************************************************************************
 ********************                                                                                ********************
 ********************                              MCMC BAYESIAN ANALYSIS                            ********************
 ********************                             FINAL PARAMETER ESTIMATE                           ********************
 ********************                                                                                ********************
 ************************************************************************************************************************
 


 THETA - VECTOR OF FIXED EFFECTS PARAMETERS   *********


         THETA(CL) THETA(V) 
 
         3.16E+00  3.54E+01
 


 OMEGA - COV MATRIX FOR RANDOM EFFECTS - ETAS  ********


         ETA(CL)   ETA(V)   
 
 ETA(CL)
+        1.18E-01
 
 ETA(V)
+        3.69E-02  6.35E-02
 


 SIGMA - COV MATRIX FOR RANDOM EFFECTS - EPSILONS  ****


         EPS1     
 
 EPS1
+        4.23E-02
 
1


 OMEGA - CORR MATRIX FOR RANDOM EFFECTS - ETAS  *******


         ETA(CL)   ETA(V)   
 
 ETA(CL)
+        3.40E-01
 
 ETA(V)
+        4.24E-01  2.49E-01
 


 SIGMA - CORR MATRIX FOR RANDOM EFFECTS - EPSILONS  ***


         EPS1     
 
 EPS1
+        2.05E-01
 
1
 ************************************************************************************************************************
 ********************                                                                                ********************
 ********************                              MCMC BAYESIAN ANALYSIS                            ********************
 ********************                STANDARD ERROR OF ESTIMATE (From Sample Variance)               ********************
 ********************                                                                                ********************
 ************************************************************************************************************************
 


 THETA - VECTOR OF FIXED EFFECTS PARAMETERS   *********


         THETA(CL) THETA(V) 
 
         1.96E-01  1.86E+00
 


 OMEGA - COV MATRIX FOR RANDOM EFFECTS - ETAS  ********


         ETA(CL)   ETA(V)   
 
 ETA(CL)
+        3.27E-02
 
 ETA(V)
+        1.98E-02  2.08E-02
 


 SIGMA - COV MATRIX FOR RANDOM EFFECTS - EPSILONS  ****


         EPS1     
 
 EPS1
+        6.61E-03
 
1


 OMEGA - CORR MATRIX FOR RANDOM EFFECTS - ETAS  *******


         ETA(CL)   ETA(V)   
 
 ETA(CL)
+        4.62E-02
 
 ETA(V)
+        1.76E-01  3.97E-02
 


 SIGMA - CORR MATRIX FOR RANDOM EFFECTS - EPSILONS  ***


         EPS1     
 
 EPS1
+        1.59E-02
 
1
 ************************************************************************************************************************
 ********************                                                                                ********************
 ********************                              MCMC BAYESIAN ANALYSIS                            ********************
 ********************               COVARIANCE MATRIX OF ESTIMATE (From Sample Variance)             ********************
 ********************                                                                                ********************
 ************************************************************************************************************************
 

            TH 1      TH 2      OM11      OM12      OM22      SG11  
 
 TH 1
+        3.86E-02
 
 TH 2
+        1.06E-01  3.45E+00
 
 OM11
+       -2.00E-04  3.33E-03  1.07E-03
 
 OM12
+        2.20E-04 -3.55E-04  2.91E-04  3.94E-04
 
 OM22
+       -5.78E-05  4.21E-04  8.91E-05  2.10E-04  4.31E-04
 
 SG11
+        5.42E-05  6.81E-04 -1.20E-05 -5.72E-06 -6.48E-06  4.37E-05
 
1
 ************************************************************************************************************************
 ********************                                                                                ********************
 ********************                              MCMC BAYESIAN ANALYSIS                            ********************
 ********************              CORRELATION MATRIX OF ESTIMATE (From Sample Variance)             ********************
 ********************                                                                                ********************
 ************************************************************************************************************************
 

            TH 1      TH 2      OM11      OM12      OM22      SG11  
 
 TH 1
+        1.96E-01
 
 TH 2
+        2.90E-01  1.86E+00
 
 OM11
+       -3.11E-02  5.47E-02  3.27E-02
 
 OM12
+        5.65E-02 -9.62E-03  4.48E-01  1.98E-02
 
 OM22
+       -1.42E-02  1.09E-02  1.31E-01  5.08E-01  2.08E-02
 
 SG11
+        4.18E-02  5.55E-02 -5.57E-02 -4.36E-02 -4.72E-02  6.61E-03
 
1
 ************************************************************************************************************************
 ********************                                                                                ********************
 ********************                              MCMC BAYESIAN ANALYSIS                            ********************
 ********************           INVERSE COVARIANCE MATRIX OF ESTIMATE (From Sample Variance)         ********************
 ********************                                                                                ********************
 ************************************************************************************************************************
 

            TH 1      TH 2      OM11      OM12      OM22      SG11  
 
 TH 1
+        2.88E+01
 
 TH 2
+       -9.04E-01  3.21E-01
 
 OM11
+        1.74E+01 -1.88E+00  1.20E+03
 
 OM12
+       -4.12E+01  2.94E+00 -1.04E+03  4.35E+03
 
 OM22
+        2.09E+01 -1.54E+00  2.64E+02 -1.91E+03  3.20E+03
 
 SG11
+       -1.91E+01 -4.25E+00  2.43E+02  5.47E+00  2.96E+02  2.31E+04
 
 Elapsed postprocess time in seconds:     0.00
 #CPUT: Total CPU Time in Seconds,       43.109
Stop Time: 
Tue 01/03/2017 
10:27 PM
