Tue 01/03/2017 
10:25 PM
$PROB one cmpt simple mu modeled bayes multidose nids: 18 scenario: r1d
;; based_on: run100
$SUB ADVAN1 TRANS2
$INPUT ID TIME DV OBSNUM CMT EVID AMT RATE ADDL II 
$DATA ..\..\mdata\simple_nocovar_56id_6tp_md.csv
IGNORE=@ 
IGNORE=(OBSNUM.EQN.4)
IGNORE=(OBSNUM.EQN.5)
IGNORE=(OBSNUM.EQN.6)
IGNORE=(ID.GT.18)
$ABBR REPLACE THETA(CL, V) = THETA(1 to 2)
$ABBR REPLACE ETA(CL, V) = ETA(1 to 2)

$THETAI
THETA(1:NTHETA)=LOG(THETAI(1:NTHETA))
THETAP(1:NTHETAP)=LOG(THETAPI(1:NTHETAP))
$THETAR
THETAR(1:NTHETA)=EXP(THETA(1:NTHETA))
THETAPR(1:NTHETAP)=EXP(THETAP(1:NTHETAP))

$PRIOR NWPRI 

$PK
"USE NMBAYES_INT, ONLY: ITER_REPORT,BAYES_EXTRA_REQUEST,BAYES_EXTRA
; Request extra information for Bayesian analysis.
; An extra call will then be made for accepted samples
"BAYES_EXTRA_REQUEST=1

MU_1 = THETA(CL)
MU_2 = THETA(V)
CL = EXP(MU_1 + ETA(CL))
V = EXP(MU_2 + ETA(V))
S1 = V

"IF(BAYES_EXTRA==1 .AND. ITER_REPORT>=0 .AND. TIME==0.0) THEN
"WRITE(50,98) ITER_REPORT,ID,CL,V
"98 FORMAT(I12,1X,F14.0,4(1X,1PG12.5))
"ENDIF

$ERROR
IPRED=F
Y = IPRED*(1 + ERR(1))  

$THETA
(0.001, 2.5) ; TVCL
(0.001, 46) ; TVV

$OMEGA BLOCK(2)
0.1    ; nCL
0.1  0.1  ; nV

$SIGMA
0.03 ; PROP

; THETA PRIORS
$THETAP (2.5 FIX) (46 FIX) 

; THETA (uniformative) PRIORs
$THETAPV BLOCK(2)
10000 FIX
0.0 10000 

$OMEGAP BLOCK(2)
0.2 FIX
0 0.2

; degrees of freedom to prior omega matrix - low dof = highly uninformative
$OMEGAPD (2 FIX)

$EST METHOD=CHAIN FILE=..\run100.chn NSAMPLE=0 ISAMPLE=1 DF=20
$EST METHOD=BAYES INTER NBURN=4000 NITER=10000 PRINT=20 NOPRIOR=0 CTYPE=3 CITER=10 SEED=56664
  
NM-TRAN MESSAGES 
  
 WARNINGS AND ERRORS (IF ANY) FOR PROBLEM    1
             
 (WARNING  2) NM-TRAN INFERS THAT THE DATA ARE POPULATION.

 (MU_WARNING 20) MU_001: MU_ VARIABLE SHOULD NOT BE DEFINED AFTER VERBATIM CODE.
  
License Registered to: Devin Pastoor
Expiration Date:    14 NOV 2017
Current Date:        3 JAN 2017
Days until program expires : 311
1NONLINEAR MIXED EFFECTS MODEL PROGRAM (NONMEM) VERSION 7.4.0 alpha14 (nm74a14)
 ORIGINALLY DEVELOPED BY STUART BEAL, LEWIS SHEINER, AND ALISON BOECKMANN
 CURRENT DEVELOPERS ARE ROBERT BAUER, ICON DEVELOPMENT SOLUTIONS,
 AND ALISON BOECKMANN. IMPLEMENTATION, EFFICIENCY, AND STANDARDIZATION
 PERFORMED BY NOUS INFOSYSTEMS.

 PROBLEM NO.:         1
 one cmpt simple mu modeled bayes multidose nids: 18 scenario: r1d
0DATA CHECKOUT RUN:              NO
 DATA SET LOCATED ON UNIT NO.:    2
 THIS UNIT TO BE REWOUND:        NO
 NO. OF DATA RECS IN DATA SET:       72
 NO. OF DATA ITEMS IN DATA SET:  11
 ID DATA ITEM IS DATA ITEM NO.:   1
 DEP VARIABLE IS DATA ITEM NO.:   3
 MDV DATA ITEM IS DATA ITEM NO.: 11
0INDICES PASSED TO SUBROUTINE PRED:
   6   2   7   8   0  10   5   0   0   0   9
0LABELS FOR DATA ITEMS:
 ID TIME DV OBSNUM CMT EVID AMT RATE ADDL II MDV
0LABELS FOR THETAS
 THETA(1)=THETA(CL)
 THETA(2)=THETA(V)
0LABELS FOR ETAS
 ETA(1)=ETA(CL)
0LABELS FOR ETAS
 ETA(2)=ETA(V)
0FORMAT FOR DATA:
 (2E3.0,E17.0,3E2.0,2E5.0,E2.0,E3.0,1F2.0)

 TOT. NO. OF OBS RECS:       54
 TOT. NO. OF INDIVIDUALS:     18
0LENGTH OF THETA:   5
0DEFAULT THETA BOUNDARY TEST OMITTED:    NO
0OMEGA HAS BLOCK FORM:
  1
  1  1
  0  0  2
  0  0  2  2
  0  0  0  0  3
  0  0  0  0  3  3
0DEFAULT OMEGA BOUNDARY TEST OMITTED:    NO
0SIGMA HAS SIMPLE DIAGONAL FORM WITH DIMENSION:   1
0DEFAULT SIGMA BOUNDARY TEST OMITTED:    NO
0INITIAL ESTIMATE OF THETA:
 LOWER BOUND    INITIAL EST    UPPER BOUND
  0.1000E-02     0.2500E+01     0.1000E+07
  0.1000E-02     0.4600E+02     0.1000E+07
  0.2500E+01     0.2500E+01     0.2500E+01
  0.4600E+02     0.4600E+02     0.4600E+02
  0.2000E+01     0.2000E+01     0.2000E+01
0INITIAL ESTIMATE OF OMEGA:
 BLOCK SET NO.   BLOCK                                                                    FIXED
        1                                                                                   NO
 DIAGONAL SHIFT OF  1.1000E-07 WAS IMPOSED TO ENSURE POSITIVE DEFINITENESS
                  0.1000E+00
                  0.1000E+00   0.1000E+00
        2                                                                                  YES
                  0.1000E+05
                  0.0000E+00   0.1000E+05
        3                                                                                  YES
                  0.2000E+00
                  0.0000E+00   0.2000E+00
0INITIAL ESTIMATE OF SIGMA:
 0.3000E-01
0
 THETAI SUBROUTINE USER-SUPPLIED
 THETAR SUBROUTINE USER-SUPPLIED
 PRIOR SUBROUTINE USER-SUPPLIED
1DOUBLE PRECISION PREDPP VERSION 7.4.0 alpha14 (nm74a14)

 ONE COMPARTMENT MODEL (ADVAN1)
0MAXIMUM NO. OF BASIC PK PARAMETERS:   2
0BASIC PK PARAMETERS (AFTER TRANSLATION):
   ELIMINATION RATE (K) IS BASIC PK PARAMETER NO.:  1

 TRANSLATOR WILL CONVERT PARAMETERS
 CLEARANCE (CL) AND VOLUME (V) TO K (TRANS2)
0COMPARTMENT ATTRIBUTES
 COMPT. NO.   FUNCTION   INITIAL    ON/OFF      DOSE      DEFAULT    DEFAULT
                         STATUS     ALLOWED    ALLOWED    FOR DOSE   FOR OBS.
    1         CENTRAL      ON         NO         YES        YES        YES
    2         OUTPUT       OFF        YES        NO         NO         NO
1
 ADDITIONAL PK PARAMETERS - ASSIGNMENT OF ROWS IN GG
 COMPT. NO.                             INDICES
              SCALE      BIOAVAIL.   ZERO-ORDER  ZERO-ORDER  ABSORB
                         FRACTION    RATE        DURATION    LAG
    1            3           *           *           *           *
    2            *           -           -           -           -
             - PARAMETER IS NOT ALLOWED FOR THIS MODEL
             * PARAMETER IS NOT SUPPLIED BY PK SUBROUTINE;
               WILL DEFAULT TO ONE IF APPLICABLE
0DATA ITEM INDICES USED BY PRED ARE:
   EVENT ID DATA ITEM IS DATA ITEM NO.:      6
   TIME DATA ITEM IS DATA ITEM NO.:          2
   DOSE AMOUNT DATA ITEM IS DATA ITEM NO.:   7
   DOSE RATE DATA ITEM IS DATA ITEM NO.:     8
   INTERVAL DATA ITEM IS DATA ITEM NO.:     10
   ADDL. DOSES DATA ITEM IS DATA ITEM NO.:   9
   COMPT. NO. DATA ITEM IS DATA ITEM NO.:    5

0PK SUBROUTINE CALLED WITH EVERY EVENT RECORD.
 PK SUBROUTINE NOT CALLED AT NONEVENT (ADDITIONAL OR LAGGED) DOSE TIMES.
0ERROR SUBROUTINE CALLED WITH EVERY EVENT RECORD.
1


 #TBLN:      1
 #METH: Chain Method Processing

 RANDOM GENERATION TYPE (CTYPE):     0
 RANDOM GENERATION SEED (SEED):      11456
 RANDOM SAMPLE SELECTION (ISAMPLE):  1
 RANDOM SAMPLE RANGE END (ISAMPEND): -2147483647
 NUMBER OF RANDOM SAMPLES (NSAMPLE): 0
 UNIFORM FRACTIONAL RANGE (IACCEPT): 0.400000000000000
 RANDOM SELECTION TYPE (SELECT):     0
 DEG. FR. TO GENERATE OMEGAS (DF):   20
 DEG. FR. TO GENERATE SIGMAS (DFS):  -1
 CHAIN FILE (FILE):                  ..\run100.chn
 EXCL. TITLE IN CHAIN FILE (NOTITLE):NO
 EX. COL. LBS. IN CHAIN FL.(NOLABEL):NO
 FORMAT FOR CHAIN FILE (FORMAT):     S1PE12.5
 PAR. ORDER in CHAIN FILE (ORDER):   TSOL
 RANDOM SAMPLING METHOD (RANMETHOD):3U

 THE FOLLOWING LABELS ARE EQUIVALENT
 PRED=NPRED
 RES=NRES
 WRES=NWRES
 IWRS=NIWRES
 IPRD=NIPRED
 IRS=NIRES



 FROM SAMPLE 1 OF CHAIN FILE ..\run100.chn
 NEW INITIAL ESTIMATES OF THETA
  0.2537E-01
  0.6427E-01
 NEW INITIAL ESTIMATES OF OMEGA
 DIAGONAL SHIFT OF  1.2800E-07 WAS IMPOSED ON OMEGAS TO ENSURE POSITIVE DEFINITENESS
  0.1164E+00
  0.1164E+00  0.1164E+00
 NEW INITIAL ESTIMATES OF SIGMA
  0.3730E-01
1


 #TBLN:      1
 #METH: MCMC Bayesian Analysis

 ESTIMATION STEP OMITTED:                 NO
 ANALYSIS TYPE:                           POPULATION
 NUMBER OF SADDLE POINT RESET ITERATIONS:      0
 GRADIENT METHOD USED:               NOSLOW
 CONDITIONAL ESTIMATES USED:              YES
 CENTERED ETA:                            NO
 EPS-ETA INTERACTION:                     YES
 LAPLACIAN OBJ. FUNC.:                    NO
 NO. OF FUNCT. EVALS. ALLOWED:            840
 NO. OF SIG. FIGURES REQUIRED:            3
 INTERMEDIATE PRINTOUT:                   YES
 ESTIMATE OUTPUT TO MSF:                  NO
 IND. OBJ. FUNC. VALUES SORTED:           NO
 NUMERICAL DERIVATIVE
       FILE REQUEST (NUMDER):               NONE
 MAP (ETAHAT) ESTIMATION METHOD (OPTMAP):   0
 ETA HESSIAN EVALUATION METHOD (ETADER):    0
 INITIAL ETA FOR MAP ESTIMATION (MCETA):    0
 SIGDIGITS FOR MAP ESTIMATION (SIGLO):      100
 GRADIENT SIGDIGITS OF
       FIXED EFFECTS PARAMETERS (SIGL):     100
 NOPRIOR SETTING (NOPRIOR):                 OFF
 NOCOV SETTING (NOCOV):                     OFF
 DERCONT SETTING (DERCONT):                 OFF
 FINAL ETA RE-EVALUATION (FNLETA):          ON
 EXCLUDE NON-INFLUENTIAL (NON-INFL.) ETAS
       IN SHRINKAGE (ETASTYPE):             NO
 NON-INFL. ETA CORRECTION (NONINFETA):      OFF
 RAW OUTPUT FILE (FILE): run109_nids_18_r1d_c1.ext
 EXCLUDE TITLE (NOTITLE):                   NO
 EXCLUDE COLUMN LABELS (NOLABEL):           NO
 FORMAT FOR ADDITIONAL FILES (FORMAT):      S1PE12.5
 PARAMETER ORDER FOR OUTPUTS (ORDER):       TSOL
 WISHART PRIOR DF INTERPRETATION (WISHTYPE):0
 KNUTHSUMOFF:                               0
 INCLUDE LNTWOPI:                           NO
 INCLUDE CONSTANT TERM TO PRIOR (PRIORC):   NO
 INCLUDE CONSTANT TERM TO OMEGA (ETA) (OLNTWOPI):NO
 EM OR BAYESIAN METHOD USED:                MCMC BAYESIAN (BAYES)
 MU MODELING PATTERN (MUM):
 GRADIENT/GIBBS PATTERN (GRD):
 AUTOMATIC SETTING FEATURE (AUTO):          OFF
 CONVERGENCE TYPE (CTYPE):                  3
 KEEP ITERATIONS (THIN):            1
 CONVERGENCE INTERVAL (CINTERVAL):          20
 CONVERGENCE ITERATIONS (CITER):            10
 CONVERGENCE ALPHA ERROR (CALPHA):          5.000000000000000E-02
 BURN-IN ITERATIONS (NBURN):                4000
 ITERATIONS (NITER):                        10000
 ANEAL SETTING (CONSTRAIN):                 1
 STARTING SEED FOR MC METHODS (SEED):       56664
 MC SAMPLES PER SUBJECT (ISAMPLE):          1
 RANDOM SAMPLING METHOD (RANMETHOD):        3U
 PROPOSAL DENSITY SCALING RANGE
              (ISCALE_MIN, ISCALE_MAX):     1.000000000000000E-06   ,1000000.00000000
 SAMPLE ACCEPTANCE RATE (IACCEPT):          0.400000000000000
 METROPOLIS HASTINGS SAMPLING FOR INDIVIDUAL ETAS:
 SAMPLES FOR GLOBAL SEARCH KERNEL (ISAMPLE_M1):          2
 SAMPLES FOR NEIGHBOR SEARCH KERNEL (ISAMPLE_M1A):       0
 SAMPLES FOR MASS/IMP/POST. MATRIX SEARCH (ISAMPLE_M1B): 2
 SAMPLES FOR LOCAL SEARCH KERNEL (ISAMPLE_M2):           2
 SAMPLES FOR LOCAL UNIVARIATE KERNEL (ISAMPLE_M3):       2
 PWR. WT. MASS/IMP/POST MATRIX ACCUM. FOR ETAS (IKAPPA): 1.00000000000000
 MASS/IMP./POST. MATRIX REFRESH SETTING (MASSREST):      -1
 METROPOLIS HASTINGS POPULATION SAMPLING FOR NON-GIBBS
 SAMPLED THETAS AND SIGMAS:
 PROPOSAL DENSITY SCALING RANGE
              (PSCALE_MIN, PSCALE_MAX):   1.000000000000000E-02   ,1000.00000000000
 SAMPLE ACCEPTANCE RATE (PACCEPT):                       0.500000000000000
 SAMPLES FOR GLOBAL SEARCH KERNEL (PSAMPLE_M1):          1
 SAMPLES FOR LOCAL SEARCH KERNEL (PSAMPLE_M2):           -1
 SAMPLES FOR LOCAL UNIVARIATE KERNEL (PSAMPLE_M3):       1
 METROPOLIS HASTINGS POPULATION SAMPLING FOR NON-GIBBS
 SAMPLED OMEGAS:
 SAMPLE ACCEPTANCE RATE (OACCEPT):                       0.500000000000000
 SAMPLES FOR GLOBAL SEARCH KERNEL (OSAMPLE_M1):          -1
 SAMPLES FOR LOCAL SEARCH KERNEL (OSAMPLE_M2):           -1
 SAMPLES FOR LOCAL UNIVARIATE SEARCH KERNEL (OSAMPLE_M3):0
 DEG. FR. FOR T DIST.  PRIOR FOR THETAS (TTDF):        0.00000000000000
 DEG. FR. FOR LKJ CORRELATION PRIOR FOR OMEGAS (OLKJDF): 0.00000000000000
 WEIGHT FACTOR FOR STD PRIOR FOR OMEGAS (OVARF): 1.00000000000000
 DEG. FR. FOR LKJ CORRELATION PRIOR FOR SIGMAS (SLKJDF): 0.00000000000000
 WEIGHT FACTOR FOR STD PRIOR FOR SIGMAS (SVARF): 1.00000000000000


 THE FOLLOWING LABELS ARE EQUIVALENT
 PRED=PREDI
 RES=RESI
 WRES=WRESI
 IWRS=IWRESI
 IPRD=IPREDI
 IRS=IRESI

 EM/BAYES SETUP:
 THETAS THAT ARE MU MODELED:
   1   2
 THETAS THAT ARE GIBBS SAMPLED:
   1   2
 THETAS THAT ARE METROPOLIS-HASTINGS SAMPLED:
 
 SIGMAS THAT ARE GIBBS SAMPLED:
   1
 SIGMAS THAT ARE METROPOLIS-HASTINGS SAMPLED:
 
 OMEGAS ARE GIBBS SAMPLED

 MONITORING OF SEARCH:

 Burn-in Mode
 iteration        -4000 MCMCOBJ=    3131773.0856217532     
 iteration        -3980 MCMCOBJ=    157.13042935238505     
 iteration        -3960 MCMCOBJ=    115.33460940519649     
 iteration        -3940 MCMCOBJ=    128.45889077794851     
 iteration        -3920 MCMCOBJ=    126.04223490620784     
 iteration        -3900 MCMCOBJ=    127.82616663387924     
 iteration        -3880 MCMCOBJ=    129.78768281872794     
 iteration        -3860 MCMCOBJ=    125.76329394371948     
 iteration        -3840 MCMCOBJ=    134.04517505647092     
 iteration        -3820 MCMCOBJ=    169.15384380896970     
 iteration        -3800 MCMCOBJ=    136.44898828205515     
 Convergence achieved
 Sampling Mode
 iteration            0 MCMCOBJ=    130.67376522535238     
 iteration           20 MCMCOBJ=    131.37442620360164     
 iteration           40 MCMCOBJ=    133.68696799980702     
 iteration           60 MCMCOBJ=    132.87546900381051     
 iteration           80 MCMCOBJ=    116.32030801397808     
 iteration          100 MCMCOBJ=    131.33909859784450     
 iteration          120 MCMCOBJ=    174.73780756123543     
 iteration          140 MCMCOBJ=    132.07888053808909     
 iteration          160 MCMCOBJ=    116.45437194123990     
 iteration          180 MCMCOBJ=    152.04357037323453     
 iteration          200 MCMCOBJ=    136.38150271350176     
 iteration          220 MCMCOBJ=    134.02031751962372     
 iteration          240 MCMCOBJ=    148.27364788839981     
 iteration          260 MCMCOBJ=    127.44508276224063     
 iteration          280 MCMCOBJ=    127.64428009350931     
 iteration          300 MCMCOBJ=    120.04468115584187     
 iteration          320 MCMCOBJ=    124.72937523290777     
 iteration          340 MCMCOBJ=    156.44595334198286     
 iteration          360 MCMCOBJ=    162.93701750617402     
 iteration          380 MCMCOBJ=    119.38713436016283     
 iteration          400 MCMCOBJ=    149.44512182503243     
 iteration          420 MCMCOBJ=    171.06859046090526     
 iteration          440 MCMCOBJ=    126.80520948130103     
 iteration          460 MCMCOBJ=    138.46315140677075     
 iteration          480 MCMCOBJ=    128.78734091360465     
 iteration          500 MCMCOBJ=    131.72959339298723     
 iteration          520 MCMCOBJ=    148.34594675071750     
 iteration          540 MCMCOBJ=    131.15584536182024     
 iteration          560 MCMCOBJ=    123.77139660778045     
 iteration          580 MCMCOBJ=    126.49377383187723     
 iteration          600 MCMCOBJ=    139.45276886859256     
 iteration          620 MCMCOBJ=    152.78499284395025     
 iteration          640 MCMCOBJ=    130.24167007180483     
 iteration          660 MCMCOBJ=    153.95848092760443     
 iteration          680 MCMCOBJ=    106.49164462874461     
 iteration          700 MCMCOBJ=    155.40586661943578     
 iteration          720 MCMCOBJ=    165.62658693521922     
 iteration          740 MCMCOBJ=    140.88636772902674     
 iteration          760 MCMCOBJ=    140.84749921597407     
 iteration          780 MCMCOBJ=    121.63735527590467     
 iteration          800 MCMCOBJ=    138.36204609078143     
 iteration          820 MCMCOBJ=    141.81756739633101     
 iteration          840 MCMCOBJ=    171.11053384074262     
 iteration          860 MCMCOBJ=    150.47229698085155     
 iteration          880 MCMCOBJ=    142.81084033986204     
 iteration          900 MCMCOBJ=    138.26675680366438     
 iteration          920 MCMCOBJ=    150.81693917188639     
 iteration          940 MCMCOBJ=    129.57539214991525     
 iteration          960 MCMCOBJ=    115.71428778751321     
 iteration          980 MCMCOBJ=    145.90709114107310     
 iteration         1000 MCMCOBJ=    154.60262157402775     
 iteration         1020 MCMCOBJ=    119.17883850676840     
 iteration         1040 MCMCOBJ=    133.69967736568006     
 iteration         1060 MCMCOBJ=    129.08352759271943     
 iteration         1080 MCMCOBJ=    119.67799639912008     
 iteration         1100 MCMCOBJ=    154.12471536451937     
 iteration         1120 MCMCOBJ=    144.31852707200474     
 iteration         1140 MCMCOBJ=    137.46330720929771     
 iteration         1160 MCMCOBJ=    141.45350437493599     
 iteration         1180 MCMCOBJ=    132.09389699229837     
 iteration         1200 MCMCOBJ=    128.96785719530251     
 iteration         1220 MCMCOBJ=    135.56935172962227     
 iteration         1240 MCMCOBJ=    147.89716195724336     
 iteration         1260 MCMCOBJ=    157.07597983950336     
 iteration         1280 MCMCOBJ=    130.19426491797520     
 iteration         1300 MCMCOBJ=    158.05486077901719     
 iteration         1320 MCMCOBJ=    137.99533367420105     
 iteration         1340 MCMCOBJ=    141.70845134157756     
 iteration         1360 MCMCOBJ=    119.26256394259886     
 iteration         1380 MCMCOBJ=    130.23326552856261     
 iteration         1400 MCMCOBJ=    144.12305287269183     
 iteration         1420 MCMCOBJ=    122.76354084296868     
 iteration         1440 MCMCOBJ=    122.95952314851871     
 iteration         1460 MCMCOBJ=    146.80084179565702     
 iteration         1480 MCMCOBJ=    142.78124689891033     
 iteration         1500 MCMCOBJ=    118.99959503609844     
 iteration         1520 MCMCOBJ=    119.27191561600137     
 iteration         1540 MCMCOBJ=    146.11587337530244     
 iteration         1560 MCMCOBJ=    162.10998160998307     
 iteration         1580 MCMCOBJ=    140.32637080793657     
 iteration         1600 MCMCOBJ=    118.73817733359128     
 iteration         1620 MCMCOBJ=    123.75395687316228     
 iteration         1640 MCMCOBJ=    144.20586741823513     
 iteration         1660 MCMCOBJ=    137.10321712187115     
 iteration         1680 MCMCOBJ=    139.43703615553645     
 iteration         1700 MCMCOBJ=    142.08923228139415     
 iteration         1720 MCMCOBJ=    119.75168159867115     
 iteration         1740 MCMCOBJ=    202.38706535277316     
 iteration         1760 MCMCOBJ=    131.00678125776818     
 iteration         1780 MCMCOBJ=    152.45241455042128     
 iteration         1800 MCMCOBJ=    137.07615760406063     
 iteration         1820 MCMCOBJ=    145.36589666333154     
 iteration         1840 MCMCOBJ=    140.82982827330230     
 iteration         1860 MCMCOBJ=    121.50408331498599     
 iteration         1880 MCMCOBJ=    140.78593718930429     
 iteration         1900 MCMCOBJ=    125.95500485815653     
 iteration         1920 MCMCOBJ=    141.94289947740600     
 iteration         1940 MCMCOBJ=    126.72650807090454     
 iteration         1960 MCMCOBJ=    123.67794138905617     
 iteration         1980 MCMCOBJ=    124.64604572205486     
 iteration         2000 MCMCOBJ=    136.34698502868758     
 iteration         2020 MCMCOBJ=    177.09817603798029     
 iteration         2040 MCMCOBJ=    139.58490925177409     
 iteration         2060 MCMCOBJ=    121.61812641842640     
 iteration         2080 MCMCOBJ=    139.88772251075622     
 iteration         2100 MCMCOBJ=    131.83005689069572     
 iteration         2120 MCMCOBJ=    125.09605464265313     
 iteration         2140 MCMCOBJ=    139.04233927492319     
 iteration         2160 MCMCOBJ=    123.31478025596169     
 iteration         2180 MCMCOBJ=    136.09968783427064     
 iteration         2200 MCMCOBJ=    146.04494332589405     
 iteration         2220 MCMCOBJ=    143.05005700919634     
 iteration         2240 MCMCOBJ=    144.29046562696797     
 iteration         2260 MCMCOBJ=    165.02308001020955     
 iteration         2280 MCMCOBJ=    133.94647504108451     
 iteration         2300 MCMCOBJ=    156.55901726620525     
 iteration         2320 MCMCOBJ=    145.17071834136948     
 iteration         2340 MCMCOBJ=    133.74254652366159     
 iteration         2360 MCMCOBJ=    133.96698244345632     
 iteration         2380 MCMCOBJ=    117.16102384556852     
 iteration         2400 MCMCOBJ=    145.93310346727074     
 iteration         2420 MCMCOBJ=    136.91312433872707     
 iteration         2440 MCMCOBJ=    139.45366911204977     
 iteration         2460 MCMCOBJ=    149.68449808339614     
 iteration         2480 MCMCOBJ=    125.13330844399859     
 iteration         2500 MCMCOBJ=    151.40045496269951     
 iteration         2520 MCMCOBJ=    139.57024864747285     
 iteration         2540 MCMCOBJ=    124.48670144977633     
 iteration         2560 MCMCOBJ=    120.72842791934453     
 iteration         2580 MCMCOBJ=    130.67785844076985     
 iteration         2600 MCMCOBJ=    124.60405954512022     
 iteration         2620 MCMCOBJ=    126.58814155485526     
 iteration         2640 MCMCOBJ=    132.05373249806874     
 iteration         2660 MCMCOBJ=    119.60078659311201     
 iteration         2680 MCMCOBJ=    126.86546183724245     
 iteration         2700 MCMCOBJ=    145.51260472465216     
 iteration         2720 MCMCOBJ=    137.47921102299819     
 iteration         2740 MCMCOBJ=    137.85178804154913     
 iteration         2760 MCMCOBJ=    123.41221263988521     
 iteration         2780 MCMCOBJ=    147.69358083943737     
 iteration         2800 MCMCOBJ=    125.02984051939772     
 iteration         2820 MCMCOBJ=    129.17634773802700     
 iteration         2840 MCMCOBJ=    119.92176876256261     
 iteration         2860 MCMCOBJ=    123.28244697181941     
 iteration         2880 MCMCOBJ=    135.64357747157916     
 iteration         2900 MCMCOBJ=    131.62648367911538     
 iteration         2920 MCMCOBJ=    136.88209495682565     
 iteration         2940 MCMCOBJ=    129.42602028985647     
 iteration         2960 MCMCOBJ=    117.99243859429221     
 iteration         2980 MCMCOBJ=    131.92399225097333     
 iteration         3000 MCMCOBJ=    131.46857659164954     
 iteration         3020 MCMCOBJ=    130.06882666924312     
 iteration         3040 MCMCOBJ=    120.57355810191500     
 iteration         3060 MCMCOBJ=    136.46701502629730     
 iteration         3080 MCMCOBJ=    145.24383954470932     
 iteration         3100 MCMCOBJ=    132.20916823178209     
 iteration         3120 MCMCOBJ=    124.85724639499715     
 iteration         3140 MCMCOBJ=    141.98164348781901     
 iteration         3160 MCMCOBJ=    115.31240485725098     
 iteration         3180 MCMCOBJ=    138.06326982922442     
 iteration         3200 MCMCOBJ=    128.22865609883439     
 iteration         3220 MCMCOBJ=    133.19537530409826     
 iteration         3240 MCMCOBJ=    159.55056766341096     
 iteration         3260 MCMCOBJ=    139.00269060014585     
 iteration         3280 MCMCOBJ=    124.63426762853052     
 iteration         3300 MCMCOBJ=    130.26314738874100     
 iteration         3320 MCMCOBJ=    131.61683869686541     
 iteration         3340 MCMCOBJ=    128.48704523284627     
 iteration         3360 MCMCOBJ=    156.81467217252208     
 iteration         3380 MCMCOBJ=    127.20908324147932     
 iteration         3400 MCMCOBJ=    137.76523882873479     
 iteration         3420 MCMCOBJ=    131.50964404554335     
 iteration         3440 MCMCOBJ=    122.16717017572105     
 iteration         3460 MCMCOBJ=    112.68214853269245     
 iteration         3480 MCMCOBJ=    143.57937541537379     
 iteration         3500 MCMCOBJ=    135.01808449880710     
 iteration         3520 MCMCOBJ=    144.87987375109103     
 iteration         3540 MCMCOBJ=    115.54880622923929     
 iteration         3560 MCMCOBJ=    110.38519942425685     
 iteration         3580 MCMCOBJ=    141.38052313122736     
 iteration         3600 MCMCOBJ=    123.53739428234086     
 iteration         3620 MCMCOBJ=    132.03739262504482     
 iteration         3640 MCMCOBJ=    128.74848608885034     
 iteration         3660 MCMCOBJ=    137.61784964326336     
 iteration         3680 MCMCOBJ=    138.76758614280183     
 iteration         3700 MCMCOBJ=    125.40478588849483     
 iteration         3720 MCMCOBJ=    137.79457283082505     
 iteration         3740 MCMCOBJ=    113.45869576704703     
 iteration         3760 MCMCOBJ=    133.73467698723533     
 iteration         3780 MCMCOBJ=    157.90598709142483     
 iteration         3800 MCMCOBJ=    121.82017552331952     
 iteration         3820 MCMCOBJ=    146.84200515486179     
 iteration         3840 MCMCOBJ=    135.91709699691913     
 iteration         3860 MCMCOBJ=    154.51519194480613     
 iteration         3880 MCMCOBJ=    117.19120442786841     
 iteration         3900 MCMCOBJ=    130.21124086817395     
 iteration         3920 MCMCOBJ=    140.97253035803189     
 iteration         3940 MCMCOBJ=    137.48891091842145     
 iteration         3960 MCMCOBJ=    133.83247348722679     
 iteration         3980 MCMCOBJ=    127.45685365703650     
 iteration         4000 MCMCOBJ=    140.14205009698554     
 iteration         4020 MCMCOBJ=    149.89925604502940     
 iteration         4040 MCMCOBJ=    139.09882379544135     
 iteration         4060 MCMCOBJ=    142.53120887495083     
 iteration         4080 MCMCOBJ=    127.94846345858764     
 iteration         4100 MCMCOBJ=    127.53497166394696     
 iteration         4120 MCMCOBJ=    139.92699792904907     
 iteration         4140 MCMCOBJ=    151.75839038866604     
 iteration         4160 MCMCOBJ=    123.72250382078251     
 iteration         4180 MCMCOBJ=    137.25070785183306     
 iteration         4200 MCMCOBJ=    142.55737772432269     
 iteration         4220 MCMCOBJ=    123.99461242186622     
 iteration         4240 MCMCOBJ=    116.94045299041950     
 iteration         4260 MCMCOBJ=    136.37426958610010     
 iteration         4280 MCMCOBJ=    131.05658326065955     
 iteration         4300 MCMCOBJ=    129.13148037408550     
 iteration         4320 MCMCOBJ=    115.53511786076706     
 iteration         4340 MCMCOBJ=    145.48134484968443     
 iteration         4360 MCMCOBJ=    152.50297837176458     
 iteration         4380 MCMCOBJ=    121.06623958519781     
 iteration         4400 MCMCOBJ=    133.42210022882296     
 iteration         4420 MCMCOBJ=    160.79886822392442     
 iteration         4440 MCMCOBJ=    138.36931036554083     
 iteration         4460 MCMCOBJ=    124.72547676367313     
 iteration         4480 MCMCOBJ=    114.94041536530935     
 iteration         4500 MCMCOBJ=    128.57041823048175     
 iteration         4520 MCMCOBJ=    129.52845698324751     
 iteration         4540 MCMCOBJ=    159.80932796561035     
 iteration         4560 MCMCOBJ=    126.18086540569176     
 iteration         4580 MCMCOBJ=    127.73477451440226     
 iteration         4600 MCMCOBJ=    122.86220870544695     
 iteration         4620 MCMCOBJ=    136.93657711261704     
 iteration         4640 MCMCOBJ=    136.75382445039978     
 iteration         4660 MCMCOBJ=    145.05365438293958     
 iteration         4680 MCMCOBJ=    116.20618315902014     
 iteration         4700 MCMCOBJ=    132.63917335037479     
 iteration         4720 MCMCOBJ=    133.47115983472898     
 iteration         4740 MCMCOBJ=    120.34545059707941     
 iteration         4760 MCMCOBJ=    132.60806223645534     
 iteration         4780 MCMCOBJ=    114.90319190212281     
 iteration         4800 MCMCOBJ=    131.12760901942210     
 iteration         4820 MCMCOBJ=    134.36722454505346     
 iteration         4840 MCMCOBJ=    116.00478642733121     
 iteration         4860 MCMCOBJ=    120.82110005853842     
 iteration         4880 MCMCOBJ=    125.88874149395811     
 iteration         4900 MCMCOBJ=    142.89563248546489     
 iteration         4920 MCMCOBJ=    119.38463950701795     
 iteration         4940 MCMCOBJ=    124.07127104854496     
 iteration         4960 MCMCOBJ=    130.69044982245694     
 iteration         4980 MCMCOBJ=    129.75821614027012     
 iteration         5000 MCMCOBJ=    141.49540887549549     
 iteration         5020 MCMCOBJ=    132.17102204880703     
 iteration         5040 MCMCOBJ=    137.90670838536798     
 iteration         5060 MCMCOBJ=    126.88220868276038     
 iteration         5080 MCMCOBJ=    116.61009414604626     
 iteration         5100 MCMCOBJ=    152.46984474782775     
 iteration         5120 MCMCOBJ=    148.27808157494195     
 iteration         5140 MCMCOBJ=    138.39090214025293     
 iteration         5160 MCMCOBJ=    124.05081522356295     
 iteration         5180 MCMCOBJ=    135.70311876396934     
 iteration         5200 MCMCOBJ=    144.47301006196241     
 iteration         5220 MCMCOBJ=    130.48297827830967     
 iteration         5240 MCMCOBJ=    130.13679314231095     
 iteration         5260 MCMCOBJ=    135.42587938010786     
 iteration         5280 MCMCOBJ=    138.48396593114725     
 iteration         5300 MCMCOBJ=    139.85207685560175     
 iteration         5320 MCMCOBJ=    154.68224614435658     
 iteration         5340 MCMCOBJ=    132.13743823846454     
 iteration         5360 MCMCOBJ=    133.16740271292011     
 iteration         5380 MCMCOBJ=    121.67808933908671     
 iteration         5400 MCMCOBJ=    120.12903487618613     
 iteration         5420 MCMCOBJ=    128.16597032028443     
 iteration         5440 MCMCOBJ=    150.16378697369208     
 iteration         5460 MCMCOBJ=    122.22032216873322     
 iteration         5480 MCMCOBJ=    119.63494111235129     
 iteration         5500 MCMCOBJ=    149.29412273539722     
 iteration         5520 MCMCOBJ=    133.76856184682691     
 iteration         5540 MCMCOBJ=    145.74962368315826     
 iteration         5560 MCMCOBJ=    131.13393095758130     
 iteration         5580 MCMCOBJ=    138.88245247624940     
 iteration         5600 MCMCOBJ=    136.25720068673641     
 iteration         5620 MCMCOBJ=    117.35753276311104     
 iteration         5640 MCMCOBJ=    130.53008709258532     
 iteration         5660 MCMCOBJ=    119.62213395609149     
 iteration         5680 MCMCOBJ=    154.06845200051748     
 iteration         5700 MCMCOBJ=    112.04937167145982     
 iteration         5720 MCMCOBJ=    119.58216996605719     
 iteration         5740 MCMCOBJ=    156.15022091070998     
 iteration         5760 MCMCOBJ=    137.78453220871756     
 iteration         5780 MCMCOBJ=    131.82192126967189     
 iteration         5800 MCMCOBJ=    137.46511973445118     
 iteration         5820 MCMCOBJ=    149.39842141438749     
 iteration         5840 MCMCOBJ=    124.82117182509695     
 iteration         5860 MCMCOBJ=    117.06885573882086     
 iteration         5880 MCMCOBJ=    133.77851714453246     
 iteration         5900 MCMCOBJ=    146.19134838166420     
 iteration         5920 MCMCOBJ=    139.25071351271404     
 iteration         5940 MCMCOBJ=    132.82107872301802     
 iteration         5960 MCMCOBJ=    132.71592542571960     
 iteration         5980 MCMCOBJ=    152.87330912469395     
 iteration         6000 MCMCOBJ=    139.50423626159954     
 iteration         6020 MCMCOBJ=    140.67087252289494     
 iteration         6040 MCMCOBJ=    132.58425686490469     
 iteration         6060 MCMCOBJ=    128.59975839326032     
 iteration         6080 MCMCOBJ=    122.41389977958532     
 iteration         6100 MCMCOBJ=    112.87176258793535     
 iteration         6120 MCMCOBJ=    153.14783777098421     
 iteration         6140 MCMCOBJ=    114.31487902902779     
 iteration         6160 MCMCOBJ=    134.05531655084403     
 iteration         6180 MCMCOBJ=    117.07498271407236     
 iteration         6200 MCMCOBJ=    184.27230415175256     
 iteration         6220 MCMCOBJ=    111.10344947984014     
 iteration         6240 MCMCOBJ=    122.05137390645206     
 iteration         6260 MCMCOBJ=    113.45881140985207     
 iteration         6280 MCMCOBJ=    138.72420976520684     
 iteration         6300 MCMCOBJ=    142.43011285146002     
 iteration         6320 MCMCOBJ=    140.51571572772562     
 iteration         6340 MCMCOBJ=    125.26746821475130     
 iteration         6360 MCMCOBJ=    128.85392085127515     
 iteration         6380 MCMCOBJ=    122.49995176251529     
 iteration         6400 MCMCOBJ=    155.07420440738659     
 iteration         6420 MCMCOBJ=    126.90875875845275     
 iteration         6440 MCMCOBJ=    153.55614625284491     
 iteration         6460 MCMCOBJ=    137.36729594879020     
 iteration         6480 MCMCOBJ=    133.55796894689880     
 iteration         6500 MCMCOBJ=    134.03586140160812     
 iteration         6520 MCMCOBJ=    140.06385318606851     
 iteration         6540 MCMCOBJ=    123.67606622539047     
 iteration         6560 MCMCOBJ=    137.74722616331431     
 iteration         6580 MCMCOBJ=    146.59076348794764     
 iteration         6600 MCMCOBJ=    125.03321153616669     
 iteration         6620 MCMCOBJ=    124.32504747942343     
 iteration         6640 MCMCOBJ=    137.24664012650999     
 iteration         6660 MCMCOBJ=    141.20174448197136     
 iteration         6680 MCMCOBJ=    131.91692882517052     
 iteration         6700 MCMCOBJ=    156.56882506623390     
 iteration         6720 MCMCOBJ=    121.73431991362273     
 iteration         6740 MCMCOBJ=    132.46134800843350     
 iteration         6760 MCMCOBJ=    150.53338377382119     
 iteration         6780 MCMCOBJ=    143.01359214074688     
 iteration         6800 MCMCOBJ=    158.86542473518986     
 iteration         6820 MCMCOBJ=    134.00239813133928     
 iteration         6840 MCMCOBJ=    157.79666795509732     
 iteration         6860 MCMCOBJ=    123.55039062223135     
 iteration         6880 MCMCOBJ=    141.05676671443223     
 iteration         6900 MCMCOBJ=    122.91491806561113     
 iteration         6920 MCMCOBJ=    148.21250457179633     
 iteration         6940 MCMCOBJ=    142.14634894790134     
 iteration         6960 MCMCOBJ=    110.05084304161261     
 iteration         6980 MCMCOBJ=    136.18975526353461     
 iteration         7000 MCMCOBJ=    133.28524412507144     
 iteration         7020 MCMCOBJ=    143.31672134827824     
 iteration         7040 MCMCOBJ=    144.81341647815657     
 iteration         7060 MCMCOBJ=    149.85463021815170     
 iteration         7080 MCMCOBJ=    133.01697188713584     
 iteration         7100 MCMCOBJ=    126.56522883751435     
 iteration         7120 MCMCOBJ=    124.56455831675517     
 iteration         7140 MCMCOBJ=    132.48752521190011     
 iteration         7160 MCMCOBJ=    127.25486036244176     
 iteration         7180 MCMCOBJ=    132.91190036391043     
 iteration         7200 MCMCOBJ=    126.53038724710247     
 iteration         7220 MCMCOBJ=    144.13354007832285     
 iteration         7240 MCMCOBJ=    136.69802944639096     
 iteration         7260 MCMCOBJ=    126.27866317966071     
 iteration         7280 MCMCOBJ=    131.66358901592912     
 iteration         7300 MCMCOBJ=    119.07340404674015     
 iteration         7320 MCMCOBJ=    147.66149614352548     
 iteration         7340 MCMCOBJ=    118.67349574828201     
 iteration         7360 MCMCOBJ=    136.58707557957345     
 iteration         7380 MCMCOBJ=    128.40678319620787     
 iteration         7400 MCMCOBJ=    131.19604109549579     
 iteration         7420 MCMCOBJ=    118.67335305433491     
 iteration         7440 MCMCOBJ=    147.74349225701212     
 iteration         7460 MCMCOBJ=    119.06898213217336     
 iteration         7480 MCMCOBJ=    162.61234027125545     
 iteration         7500 MCMCOBJ=    134.17112448314467     
 iteration         7520 MCMCOBJ=    141.17973176252261     
 iteration         7540 MCMCOBJ=    126.97122226381964     
 iteration         7560 MCMCOBJ=    123.28236072693643     
 iteration         7580 MCMCOBJ=    132.61897923941879     
 iteration         7600 MCMCOBJ=    141.98816591323072     
 iteration         7620 MCMCOBJ=    133.94764912398671     
 iteration         7640 MCMCOBJ=    138.72901821392526     
 iteration         7660 MCMCOBJ=    126.29037916587217     
 iteration         7680 MCMCOBJ=    127.38439172109557     
 iteration         7700 MCMCOBJ=    148.69004411603379     
 iteration         7720 MCMCOBJ=    122.31683389073933     
 iteration         7740 MCMCOBJ=    147.30067631243688     
 iteration         7760 MCMCOBJ=    136.83741734869315     
 iteration         7780 MCMCOBJ=    118.71507341575578     
 iteration         7800 MCMCOBJ=    132.07286875945437     
 iteration         7820 MCMCOBJ=    130.23888804467254     
 iteration         7840 MCMCOBJ=    136.26374315946410     
 iteration         7860 MCMCOBJ=    138.42112937378084     
 iteration         7880 MCMCOBJ=    134.77399860352682     
 iteration         7900 MCMCOBJ=    140.91132636623442     
 iteration         7920 MCMCOBJ=    141.35014288805411     
 iteration         7940 MCMCOBJ=    105.89042711552318     
 iteration         7960 MCMCOBJ=    149.58656291949211     
 iteration         7980 MCMCOBJ=    135.16639005796344     
 iteration         8000 MCMCOBJ=    148.50842886223154     
 iteration         8020 MCMCOBJ=    122.12183012243794     
 iteration         8040 MCMCOBJ=    131.03029906810329     
 iteration         8060 MCMCOBJ=    114.82280561181295     
 iteration         8080 MCMCOBJ=    155.58914252292658     
 iteration         8100 MCMCOBJ=    120.85768399323140     
 iteration         8120 MCMCOBJ=    134.61252965459724     
 iteration         8140 MCMCOBJ=    150.62609758305479     
 iteration         8160 MCMCOBJ=    146.87022474026395     
 iteration         8180 MCMCOBJ=    123.67544967220371     
 iteration         8200 MCMCOBJ=    135.55654378668382     
 iteration         8220 MCMCOBJ=    136.92535534528531     
 iteration         8240 MCMCOBJ=    112.90653249764691     
 iteration         8260 MCMCOBJ=    130.42763681386998     
 iteration         8280 MCMCOBJ=    163.24797324602613     
 iteration         8300 MCMCOBJ=    140.86801525931389     
 iteration         8320 MCMCOBJ=    124.96176466225029     
 iteration         8340 MCMCOBJ=    144.70184951970242     
 iteration         8360 MCMCOBJ=    134.79750049316578     
 iteration         8380 MCMCOBJ=    134.52400972762632     
 iteration         8400 MCMCOBJ=    142.80759603250394     
 iteration         8420 MCMCOBJ=    128.93358579194651     
 iteration         8440 MCMCOBJ=    124.58215010331141     
 iteration         8460 MCMCOBJ=    140.62074567997749     
 iteration         8480 MCMCOBJ=    143.40508017411435     
 iteration         8500 MCMCOBJ=    148.00379455565314     
 iteration         8520 MCMCOBJ=    147.94902183772388     
 iteration         8540 MCMCOBJ=    132.64970187422659     
 iteration         8560 MCMCOBJ=    135.79428862079797     
 iteration         8580 MCMCOBJ=    153.93151835228548     
 iteration         8600 MCMCOBJ=    137.20568988798905     
 iteration         8620 MCMCOBJ=    124.95732718194067     
 iteration         8640 MCMCOBJ=    134.72766273794250     
 iteration         8660 MCMCOBJ=    137.54529126012571     
 iteration         8680 MCMCOBJ=    120.69864059712542     
 iteration         8700 MCMCOBJ=    137.42744290723348     
 iteration         8720 MCMCOBJ=    145.25922121997397     
 iteration         8740 MCMCOBJ=    135.75470526725488     
 iteration         8760 MCMCOBJ=    143.64453494938260     
 iteration         8780 MCMCOBJ=    136.16742088607668     
 iteration         8800 MCMCOBJ=    131.90562745285530     
 iteration         8820 MCMCOBJ=    121.38234176182748     
 iteration         8840 MCMCOBJ=    123.61888465523262     
 iteration         8860 MCMCOBJ=    120.98264283403503     
 iteration         8880 MCMCOBJ=    141.89108460375979     
 iteration         8900 MCMCOBJ=    140.48781246296144     
 iteration         8920 MCMCOBJ=    143.02378424295784     
 iteration         8940 MCMCOBJ=    122.41728345710443     
 iteration         8960 MCMCOBJ=    157.44879184259025     
 iteration         8980 MCMCOBJ=    135.55583070764015     
 iteration         9000 MCMCOBJ=    138.16519538472255     
 iteration         9020 MCMCOBJ=    136.83804925066934     
 iteration         9040 MCMCOBJ=    157.20742211556069     
 iteration         9060 MCMCOBJ=    120.13749216646167     
 iteration         9080 MCMCOBJ=    126.04120578414738     
 iteration         9100 MCMCOBJ=    145.42325475447387     
 iteration         9120 MCMCOBJ=    130.41100384086872     
 iteration         9140 MCMCOBJ=    137.60911011591867     
 iteration         9160 MCMCOBJ=    137.87737924517347     
 iteration         9180 MCMCOBJ=    154.82238624245375     
 iteration         9200 MCMCOBJ=    152.76050627505600     
 iteration         9220 MCMCOBJ=    111.82166897597649     
 iteration         9240 MCMCOBJ=    124.79137701957052     
 iteration         9260 MCMCOBJ=    164.04993014170373     
 iteration         9280 MCMCOBJ=    133.96786444665594     
 iteration         9300 MCMCOBJ=    154.70781749655268     
 iteration         9320 MCMCOBJ=    145.09021736381649     
 iteration         9340 MCMCOBJ=    128.73011994972885     
 iteration         9360 MCMCOBJ=    133.92692779820368     
 iteration         9380 MCMCOBJ=    137.81929045207448     
 iteration         9400 MCMCOBJ=    121.63245550483697     
 iteration         9420 MCMCOBJ=    132.02079412149376     
 iteration         9440 MCMCOBJ=    131.18626735674036     
 iteration         9460 MCMCOBJ=    135.99945910347171     
 iteration         9480 MCMCOBJ=    138.62081538825385     
 iteration         9500 MCMCOBJ=    150.65683912503201     
 iteration         9520 MCMCOBJ=    127.28992149593451     
 iteration         9540 MCMCOBJ=    123.79355111208625     
 iteration         9560 MCMCOBJ=    130.80216957276886     
 iteration         9580 MCMCOBJ=    113.86774620621392     
 iteration         9600 MCMCOBJ=    119.18876224537068     
 iteration         9620 MCMCOBJ=    151.53906271958559     
 iteration         9640 MCMCOBJ=    170.51125772443598     
 iteration         9660 MCMCOBJ=    117.28110651010149     
 iteration         9680 MCMCOBJ=    131.06697353579716     
 iteration         9700 MCMCOBJ=    146.39902094232974     
 iteration         9720 MCMCOBJ=    135.93218639761284     
 iteration         9740 MCMCOBJ=    115.13793143304159     
 iteration         9760 MCMCOBJ=    131.53481652040489     
 iteration         9780 MCMCOBJ=    111.80581388996998     
 iteration         9800 MCMCOBJ=    132.92436376810736     
 iteration         9820 MCMCOBJ=    134.70457477153695     
 iteration         9840 MCMCOBJ=    124.61712896051255     
 iteration         9860 MCMCOBJ=    134.28218558457252     
 iteration         9880 MCMCOBJ=    113.83407448550764     
 iteration         9900 MCMCOBJ=    118.91934149622035     
 iteration         9920 MCMCOBJ=    121.31451926434355     
 iteration         9940 MCMCOBJ=    122.25231558314796     
 iteration         9960 MCMCOBJ=    141.21410948810419     
 iteration         9980 MCMCOBJ=    145.63539430620571     
 iteration        10000 MCMCOBJ=    129.90556157863080     
 BURN-IN WAS COMPLETED

 #TERM:
 STATISTICAL PORTION WAS COMPLETED
  
 TOTAL DATA POINTS NORMALLY DISTRIBUTED (N):           54
 N*LOG(2PI) CONSTANT TO OBJECTIVE FUNCTION:    99.245361586104650     
 OBJECTIVE FUNCTION VALUE WITHOUT CONSTANT:    134.55176309679385     
 OBJECTIVE FUNCTION VALUE WITH CONSTANT:       233.79712468289850     
 REPORTED OBJECTIVE FUNCTION DOES NOT CONTAIN CONSTANT
  
 TOTAL EFFECTIVE ETAS (NIND*NETA):                            36
 NIND*NETA*LOG(2PI) CONSTANT TO OBJECTIVE FUNCTION:    66.163574390736429     
 OBJECTIVE FUNCTION VALUE WITHOUT CONSTANT:    134.55176309679385     
 OBJECTIVE FUNCTION VALUE WITH CONSTANT:       200.71533748753029     
 REPORTED OBJECTIVE FUNCTION DOES NOT CONTAIN CONSTANT
  
 PRIOR CONSTANT TO OBJECTIVE FUNCTION:    30.823646298206345     
 OBJECTIVE FUNCTION VALUE WITHOUT CONSTANT:    134.55176309679385     
 OBJECTIVE FUNCTION VALUE WITH CONSTANT:       165.37540939500019     
 REPORTED OBJECTIVE FUNCTION DOES NOT CONTAIN CONSTANT
  
 #TERE:
 Elapsed estimation  time in seconds:    23.17
 Elapsed covariance  time in seconds:     0.00
1
 
 
 
 
 
 
 
 
 
 
 
 
 
 
 
 
 
 
 
 
 ************************************************************************************************************************
 ********************                                                                                ********************
 ********************                              MCMC BAYESIAN ANALYSIS                            ********************
 #OBJT:**************                       AVERAGE VALUE OF LIKELIHOOD FUNCTION                     ********************
 ********************                                                                                ********************
 ************************************************************************************************************************
 





 #OBJV:********************************************      134.552       **************************************************
 #OBJS:********************************************       12.178 (STD) **************************************************
1
 ************************************************************************************************************************
 ********************                                                                                ********************
 ********************                              MCMC BAYESIAN ANALYSIS                            ********************
 ********************                             FINAL PARAMETER ESTIMATE                           ********************
 ********************                                                                                ********************
 ************************************************************************************************************************
 


 THETA - VECTOR OF FIXED EFFECTS PARAMETERS   *********


         THETA(CL) THETA(V) 
 
         3.53E+00  3.51E+01
 


 OMEGA - COV MATRIX FOR RANDOM EFFECTS - ETAS  ********


         ETA(CL)   ETA(V)   
 
 ETA(CL)
+        1.19E-01
 
 ETA(V)
+        1.66E-02  8.44E-02
 


 SIGMA - COV MATRIX FOR RANDOM EFFECTS - EPSILONS  ****


         EPS1     
 
 EPS1
+        3.74E-02
 
1


 OMEGA - CORR MATRIX FOR RANDOM EFFECTS - ETAS  *******


         ETA(CL)   ETA(V)   
 
 ETA(CL)
+        3.36E-01
 
 ETA(V)
+        1.71E-01  2.84E-01
 


 SIGMA - CORR MATRIX FOR RANDOM EFFECTS - EPSILONS  ***


         EPS1     
 
 EPS1
+        1.91E-01
 
1
 ************************************************************************************************************************
 ********************                                                                                ********************
 ********************                              MCMC BAYESIAN ANALYSIS                            ********************
 ********************                STANDARD ERROR OF ESTIMATE (From Sample Variance)               ********************
 ********************                                                                                ********************
 ************************************************************************************************************************
 


 THETA - VECTOR OF FIXED EFFECTS PARAMETERS   *********


         THETA(CL) THETA(V) 
 
         3.32E-01  3.08E+00
 


 OMEGA - COV MATRIX FOR RANDOM EFFECTS - ETAS  ********


         ETA(CL)   ETA(V)   
 
 ETA(CL)
+        5.45E-02
 
 ETA(V)
+        3.14E-02  3.71E-02
 


 SIGMA - COV MATRIX FOR RANDOM EFFECTS - EPSILONS  ****


         EPS1     
 
 EPS1
+        1.16E-02
 
1


 OMEGA - CORR MATRIX FOR RANDOM EFFECTS - ETAS  *******


         ETA(CL)   ETA(V)   
 
 ETA(CL)
+        7.28E-02
 
 ETA(V)
+        2.71E-01  5.92E-02
 


 SIGMA - CORR MATRIX FOR RANDOM EFFECTS - EPSILONS  ***


         EPS1     
 
 EPS1
+        2.87E-02
 
1
 ************************************************************************************************************************
 ********************                                                                                ********************
 ********************                              MCMC BAYESIAN ANALYSIS                            ********************
 ********************               COVARIANCE MATRIX OF ESTIMATE (From Sample Variance)             ********************
 ********************                                                                                ********************
 ************************************************************************************************************************
 

            TH 1      TH 2      OM11      OM12      OM22      SG11  
 
 TH 1
+        1.10E-01
 
 TH 2
+        3.10E-02  9.48E+00
 
 OM11
+       -1.61E-03  1.03E-02  2.98E-03
 
 OM12
+        1.04E-03 -1.74E-03  2.03E-04  9.87E-04
 
 OM22
+       -4.67E-04 -1.64E-03  1.30E-04  1.80E-04  1.37E-03
 
 SG11
+       -1.65E-04  4.45E-03 -3.83E-05 -1.23E-05 -8.15E-06  1.35E-04
 
1
 ************************************************************************************************************************
 ********************                                                                                ********************
 ********************                              MCMC BAYESIAN ANALYSIS                            ********************
 ********************              CORRELATION MATRIX OF ESTIMATE (From Sample Variance)             ********************
 ********************                                                                                ********************
 ************************************************************************************************************************
 

            TH 1      TH 2      OM11      OM12      OM22      SG11  
 
 TH 1
+        3.32E-01
 
 TH 2
+        3.03E-02  3.08E+00
 
 OM11
+       -8.90E-02  6.14E-02  5.45E-02
 
 OM12
+        9.97E-02 -1.80E-02  1.19E-01  3.14E-02
 
 OM22
+       -3.79E-02 -1.44E-02  6.43E-02  1.54E-01  3.71E-02
 
 SG11
+       -4.27E-02  1.24E-01 -6.04E-02 -3.38E-02 -1.89E-02  1.16E-02
 
1
 ************************************************************************************************************************
 ********************                                                                                ********************
 ********************                              MCMC BAYESIAN ANALYSIS                            ********************
 ********************           INVERSE COVARIANCE MATRIX OF ESTIMATE (From Sample Variance)         ********************
 ********************                                                                                ********************
 ************************************************************************************************************************
 

            TH 1      TH 2      OM11      OM12      OM22      SG11  
 
 TH 1
+        9.30E+00
 
 TH 2
+       -4.48E-02  1.08E-01
 
 OM11
+        5.99E+00 -4.69E-01  3.48E+02
 
 OM12
+       -1.17E+01  2.70E-01 -7.37E+01  1.07E+03
 
 OM22
+        4.16E+00  1.01E-01 -2.12E+01 -1.36E+02  7.50E+02
 
 SG11
+        1.37E+01 -3.70E+00  1.13E+02  4.51E+01  2.85E+01  7.56E+03
 
 Elapsed postprocess time in seconds:     0.00
 #CPUT: Total CPU Time in Seconds,       19.375
Stop Time: 
Tue 01/03/2017 
10:26 PM
