Tue 01/03/2017 
10:28 PM
$PROB one cmpt simple mu modeled bayes multidose nids: 56 scenario: s1dpt
;; based_on: run100
$SUB ADVAN1 TRANS2
$INPUT ID TIME DV OBSNUM CMT EVID AMT RATE ADDL II 
$DATA ..\..\mdata\simple_nocovar_56id_6tp_md.csv
IGNORE=@ 
IGNORE=(OBSNUM.EQN.2)
IGNORE=(OBSNUM.EQN.4)
IGNORE=(OBSNUM.EQN.5)
IGNORE=(ID.GT.56)
$ABBR REPLACE THETA(CL, V) = THETA(1 to 2)
$ABBR REPLACE ETA(CL, V) = ETA(1 to 2)

$THETAI
THETA(1:NTHETA)=LOG(THETAI(1:NTHETA))
THETAP(1:NTHETAP)=LOG(THETAPI(1:NTHETAP))
$THETAR
THETAR(1:NTHETA)=EXP(THETA(1:NTHETA))
THETAPR(1:NTHETAP)=EXP(THETAP(1:NTHETAP))

$PRIOR NWPRI 

$PK
"USE NMBAYES_INT, ONLY: ITER_REPORT,BAYES_EXTRA_REQUEST,BAYES_EXTRA
; Request extra information for Bayesian analysis.
; An extra call will then be made for accepted samples
"BAYES_EXTRA_REQUEST=1

MU_1 = THETA(CL)
MU_2 = THETA(V)
CL = EXP(MU_1 + ETA(CL))
V = EXP(MU_2 + ETA(V))
S1 = V

"IF(BAYES_EXTRA==1 .AND. ITER_REPORT>=0 .AND. TIME==0.0) THEN
"WRITE(50,98) ITER_REPORT,ID,CL,V
"98 FORMAT(I12,1X,F14.0,4(1X,1PG12.5))
"ENDIF

$ERROR
IPRED=F
Y = IPRED*(1 + ERR(1))  

$THETA
(0.001, 2.5) ; TVCL
(0.001, 46) ; TVV

$OMEGA BLOCK(2)
0.1    ; nCL
0.1  0.1  ; nV

$SIGMA
0.03 ; PROP

; THETA PRIORS
$THETAP (2.5 FIX) (46 FIX) 

; THETA (uniformative) PRIORs
$THETAPV BLOCK(2)
10000 FIX
0.0 10000 

$OMEGAP BLOCK(2)
0.2 FIX
0 0.2

; degrees of freedom to prior omega matrix - low dof = highly uninformative
$OMEGAPD (2 FIX)

$EST METHOD=CHAIN FILE=..\run100.chn NSAMPLE=0 ISAMPLE=2 DF=20
$EST METHOD=BAYES INTER NBURN=4000 NITER=10000 PRINT=20 NOPRIOR=0 CTYPE=3 CITER=10 SEED=56664
  
NM-TRAN MESSAGES 
  
 WARNINGS AND ERRORS (IF ANY) FOR PROBLEM    1
             
 (WARNING  2) NM-TRAN INFERS THAT THE DATA ARE POPULATION.

 (MU_WARNING 20) MU_001: MU_ VARIABLE SHOULD NOT BE DEFINED AFTER VERBATIM CODE.
  
License Registered to: Devin Pastoor
Expiration Date:    14 NOV 2017
Current Date:        3 JAN 2017
Days until program expires : 311
1NONLINEAR MIXED EFFECTS MODEL PROGRAM (NONMEM) VERSION 7.4.0 alpha14 (nm74a14)
 ORIGINALLY DEVELOPED BY STUART BEAL, LEWIS SHEINER, AND ALISON BOECKMANN
 CURRENT DEVELOPERS ARE ROBERT BAUER, ICON DEVELOPMENT SOLUTIONS,
 AND ALISON BOECKMANN. IMPLEMENTATION, EFFICIENCY, AND STANDARDIZATION
 PERFORMED BY NOUS INFOSYSTEMS.

 PROBLEM NO.:         1
 one cmpt simple mu modeled bayes multidose nids: 56 scenario: s1dpt
0DATA CHECKOUT RUN:              NO
 DATA SET LOCATED ON UNIT NO.:    2
 THIS UNIT TO BE REWOUND:        NO
 NO. OF DATA RECS IN DATA SET:      224
 NO. OF DATA ITEMS IN DATA SET:  11
 ID DATA ITEM IS DATA ITEM NO.:   1
 DEP VARIABLE IS DATA ITEM NO.:   3
 MDV DATA ITEM IS DATA ITEM NO.: 11
0INDICES PASSED TO SUBROUTINE PRED:
   6   2   7   8   0  10   5   0   0   0   9
0LABELS FOR DATA ITEMS:
 ID TIME DV OBSNUM CMT EVID AMT RATE ADDL II MDV
0LABELS FOR THETAS
 THETA(1)=THETA(CL)
 THETA(2)=THETA(V)
0LABELS FOR ETAS
 ETA(1)=ETA(CL)
0LABELS FOR ETAS
 ETA(2)=ETA(V)
0FORMAT FOR DATA:
 (2E3.0,E17.0,3E2.0,2E5.0,E2.0,E3.0,1F2.0)

 TOT. NO. OF OBS RECS:      168
 TOT. NO. OF INDIVIDUALS:     56
0LENGTH OF THETA:   5
0DEFAULT THETA BOUNDARY TEST OMITTED:    NO
0OMEGA HAS BLOCK FORM:
  1
  1  1
  0  0  2
  0  0  2  2
  0  0  0  0  3
  0  0  0  0  3  3
0DEFAULT OMEGA BOUNDARY TEST OMITTED:    NO
0SIGMA HAS SIMPLE DIAGONAL FORM WITH DIMENSION:   1
0DEFAULT SIGMA BOUNDARY TEST OMITTED:    NO
0INITIAL ESTIMATE OF THETA:
 LOWER BOUND    INITIAL EST    UPPER BOUND
  0.1000E-02     0.2500E+01     0.1000E+07
  0.1000E-02     0.4600E+02     0.1000E+07
  0.2500E+01     0.2500E+01     0.2500E+01
  0.4600E+02     0.4600E+02     0.4600E+02
  0.2000E+01     0.2000E+01     0.2000E+01
0INITIAL ESTIMATE OF OMEGA:
 BLOCK SET NO.   BLOCK                                                                    FIXED
        1                                                                                   NO
 DIAGONAL SHIFT OF  1.1000E-07 WAS IMPOSED TO ENSURE POSITIVE DEFINITENESS
                  0.1000E+00
                  0.1000E+00   0.1000E+00
        2                                                                                  YES
                  0.1000E+05
                  0.0000E+00   0.1000E+05
        3                                                                                  YES
                  0.2000E+00
                  0.0000E+00   0.2000E+00
0INITIAL ESTIMATE OF SIGMA:
 0.3000E-01
0
 THETAI SUBROUTINE USER-SUPPLIED
 THETAR SUBROUTINE USER-SUPPLIED
 PRIOR SUBROUTINE USER-SUPPLIED
1DOUBLE PRECISION PREDPP VERSION 7.4.0 alpha14 (nm74a14)

 ONE COMPARTMENT MODEL (ADVAN1)
0MAXIMUM NO. OF BASIC PK PARAMETERS:   2
0BASIC PK PARAMETERS (AFTER TRANSLATION):
   ELIMINATION RATE (K) IS BASIC PK PARAMETER NO.:  1

 TRANSLATOR WILL CONVERT PARAMETERS
 CLEARANCE (CL) AND VOLUME (V) TO K (TRANS2)
0COMPARTMENT ATTRIBUTES
 COMPT. NO.   FUNCTION   INITIAL    ON/OFF      DOSE      DEFAULT    DEFAULT
                         STATUS     ALLOWED    ALLOWED    FOR DOSE   FOR OBS.
    1         CENTRAL      ON         NO         YES        YES        YES
    2         OUTPUT       OFF        YES        NO         NO         NO
1
 ADDITIONAL PK PARAMETERS - ASSIGNMENT OF ROWS IN GG
 COMPT. NO.                             INDICES
              SCALE      BIOAVAIL.   ZERO-ORDER  ZERO-ORDER  ABSORB
                         FRACTION    RATE        DURATION    LAG
    1            3           *           *           *           *
    2            *           -           -           -           -
             - PARAMETER IS NOT ALLOWED FOR THIS MODEL
             * PARAMETER IS NOT SUPPLIED BY PK SUBROUTINE;
               WILL DEFAULT TO ONE IF APPLICABLE
0DATA ITEM INDICES USED BY PRED ARE:
   EVENT ID DATA ITEM IS DATA ITEM NO.:      6
   TIME DATA ITEM IS DATA ITEM NO.:          2
   DOSE AMOUNT DATA ITEM IS DATA ITEM NO.:   7
   DOSE RATE DATA ITEM IS DATA ITEM NO.:     8
   INTERVAL DATA ITEM IS DATA ITEM NO.:     10
   ADDL. DOSES DATA ITEM IS DATA ITEM NO.:   9
   COMPT. NO. DATA ITEM IS DATA ITEM NO.:    5

0PK SUBROUTINE CALLED WITH EVERY EVENT RECORD.
 PK SUBROUTINE NOT CALLED AT NONEVENT (ADDITIONAL OR LAGGED) DOSE TIMES.
0ERROR SUBROUTINE CALLED WITH EVERY EVENT RECORD.
1


 #TBLN:      1
 #METH: Chain Method Processing

 RANDOM GENERATION TYPE (CTYPE):     0
 RANDOM GENERATION SEED (SEED):      11456
 RANDOM SAMPLE SELECTION (ISAMPLE):  2
 RANDOM SAMPLE RANGE END (ISAMPEND): -2147483647
 NUMBER OF RANDOM SAMPLES (NSAMPLE): 0
 UNIFORM FRACTIONAL RANGE (IACCEPT): 0.400000000000000
 RANDOM SELECTION TYPE (SELECT):     0
 DEG. FR. TO GENERATE OMEGAS (DF):   20
 DEG. FR. TO GENERATE SIGMAS (DFS):  -1
 CHAIN FILE (FILE):                  ..\run100.chn
 EXCL. TITLE IN CHAIN FILE (NOTITLE):NO
 EX. COL. LBS. IN CHAIN FL.(NOLABEL):NO
 FORMAT FOR CHAIN FILE (FORMAT):     S1PE12.5
 PAR. ORDER in CHAIN FILE (ORDER):   TSOL
 RANDOM SAMPLING METHOD (RANMETHOD):3U

 THE FOLLOWING LABELS ARE EQUIVALENT
 PRED=NPRED
 RES=NRES
 WRES=NWRES
 IWRS=NIWRES
 IPRD=NIPRED
 IRS=NIRES



 FROM SAMPLE 2 OF CHAIN FILE ..\run100.chn
 NEW INITIAL ESTIMATES OF THETA
  0.3533E+01
  0.1015E-01
 NEW INITIAL ESTIMATES OF OMEGA
  0.1302E+00
  0.1302E+00  0.1302E+00
 NEW INITIAL ESTIMATES OF SIGMA
  0.4169E-01
1


 #TBLN:      1
 #METH: MCMC Bayesian Analysis

 ESTIMATION STEP OMITTED:                 NO
 ANALYSIS TYPE:                           POPULATION
 NUMBER OF SADDLE POINT RESET ITERATIONS:      0
 GRADIENT METHOD USED:               NOSLOW
 CONDITIONAL ESTIMATES USED:              YES
 CENTERED ETA:                            NO
 EPS-ETA INTERACTION:                     YES
 LAPLACIAN OBJ. FUNC.:                    NO
 NO. OF FUNCT. EVALS. ALLOWED:            840
 NO. OF SIG. FIGURES REQUIRED:            3
 INTERMEDIATE PRINTOUT:                   YES
 ESTIMATE OUTPUT TO MSF:                  NO
 IND. OBJ. FUNC. VALUES SORTED:           NO
 NUMERICAL DERIVATIVE
       FILE REQUEST (NUMDER):               NONE
 MAP (ETAHAT) ESTIMATION METHOD (OPTMAP):   0
 ETA HESSIAN EVALUATION METHOD (ETADER):    0
 INITIAL ETA FOR MAP ESTIMATION (MCETA):    0
 SIGDIGITS FOR MAP ESTIMATION (SIGLO):      100
 GRADIENT SIGDIGITS OF
       FIXED EFFECTS PARAMETERS (SIGL):     100
 NOPRIOR SETTING (NOPRIOR):                 OFF
 NOCOV SETTING (NOCOV):                     OFF
 DERCONT SETTING (DERCONT):                 OFF
 FINAL ETA RE-EVALUATION (FNLETA):          ON
 EXCLUDE NON-INFLUENTIAL (NON-INFL.) ETAS
       IN SHRINKAGE (ETASTYPE):             NO
 NON-INFL. ETA CORRECTION (NONINFETA):      OFF
 RAW OUTPUT FILE (FILE): run120_nids_56_s1dpt_c2.ext
 EXCLUDE TITLE (NOTITLE):                   NO
 EXCLUDE COLUMN LABELS (NOLABEL):           NO
 FORMAT FOR ADDITIONAL FILES (FORMAT):      S1PE12.5
 PARAMETER ORDER FOR OUTPUTS (ORDER):       TSOL
 WISHART PRIOR DF INTERPRETATION (WISHTYPE):0
 KNUTHSUMOFF:                               0
 INCLUDE LNTWOPI:                           NO
 INCLUDE CONSTANT TERM TO PRIOR (PRIORC):   NO
 INCLUDE CONSTANT TERM TO OMEGA (ETA) (OLNTWOPI):NO
 EM OR BAYESIAN METHOD USED:                MCMC BAYESIAN (BAYES)
 MU MODELING PATTERN (MUM):
 GRADIENT/GIBBS PATTERN (GRD):
 AUTOMATIC SETTING FEATURE (AUTO):          OFF
 CONVERGENCE TYPE (CTYPE):                  3
 KEEP ITERATIONS (THIN):            1
 CONVERGENCE INTERVAL (CINTERVAL):          20
 CONVERGENCE ITERATIONS (CITER):            10
 CONVERGENCE ALPHA ERROR (CALPHA):          5.000000000000000E-02
 BURN-IN ITERATIONS (NBURN):                4000
 ITERATIONS (NITER):                        10000
 ANEAL SETTING (CONSTRAIN):                 1
 STARTING SEED FOR MC METHODS (SEED):       56664
 MC SAMPLES PER SUBJECT (ISAMPLE):          1
 RANDOM SAMPLING METHOD (RANMETHOD):        3U
 PROPOSAL DENSITY SCALING RANGE
              (ISCALE_MIN, ISCALE_MAX):     1.000000000000000E-06   ,1000000.00000000
 SAMPLE ACCEPTANCE RATE (IACCEPT):          0.400000000000000
 METROPOLIS HASTINGS SAMPLING FOR INDIVIDUAL ETAS:
 SAMPLES FOR GLOBAL SEARCH KERNEL (ISAMPLE_M1):          2
 SAMPLES FOR NEIGHBOR SEARCH KERNEL (ISAMPLE_M1A):       0
 SAMPLES FOR MASS/IMP/POST. MATRIX SEARCH (ISAMPLE_M1B): 2
 SAMPLES FOR LOCAL SEARCH KERNEL (ISAMPLE_M2):           2
 SAMPLES FOR LOCAL UNIVARIATE KERNEL (ISAMPLE_M3):       2
 PWR. WT. MASS/IMP/POST MATRIX ACCUM. FOR ETAS (IKAPPA): 1.00000000000000
 MASS/IMP./POST. MATRIX REFRESH SETTING (MASSREST):      -1
 METROPOLIS HASTINGS POPULATION SAMPLING FOR NON-GIBBS
 SAMPLED THETAS AND SIGMAS:
 PROPOSAL DENSITY SCALING RANGE
              (PSCALE_MIN, PSCALE_MAX):   1.000000000000000E-02   ,1000.00000000000
 SAMPLE ACCEPTANCE RATE (PACCEPT):                       0.500000000000000
 SAMPLES FOR GLOBAL SEARCH KERNEL (PSAMPLE_M1):          1
 SAMPLES FOR LOCAL SEARCH KERNEL (PSAMPLE_M2):           -1
 SAMPLES FOR LOCAL UNIVARIATE KERNEL (PSAMPLE_M3):       1
 METROPOLIS HASTINGS POPULATION SAMPLING FOR NON-GIBBS
 SAMPLED OMEGAS:
 SAMPLE ACCEPTANCE RATE (OACCEPT):                       0.500000000000000
 SAMPLES FOR GLOBAL SEARCH KERNEL (OSAMPLE_M1):          -1
 SAMPLES FOR LOCAL SEARCH KERNEL (OSAMPLE_M2):           -1
 SAMPLES FOR LOCAL UNIVARIATE SEARCH KERNEL (OSAMPLE_M3):0
 DEG. FR. FOR T DIST.  PRIOR FOR THETAS (TTDF):        0.00000000000000
 DEG. FR. FOR LKJ CORRELATION PRIOR FOR OMEGAS (OLKJDF): 0.00000000000000
 WEIGHT FACTOR FOR STD PRIOR FOR OMEGAS (OVARF): 1.00000000000000
 DEG. FR. FOR LKJ CORRELATION PRIOR FOR SIGMAS (SLKJDF): 0.00000000000000
 WEIGHT FACTOR FOR STD PRIOR FOR SIGMAS (SVARF): 1.00000000000000


 THE FOLLOWING LABELS ARE EQUIVALENT
 PRED=PREDI
 RES=RESI
 WRES=WRESI
 IWRS=IWRESI
 IPRD=IPREDI
 IRS=IRESI

 EM/BAYES SETUP:
 THETAS THAT ARE MU MODELED:
   1   2
 THETAS THAT ARE GIBBS SAMPLED:
   1   2
 THETAS THAT ARE METROPOLIS-HASTINGS SAMPLED:
 
 SIGMAS THAT ARE GIBBS SAMPLED:
   1
 SIGMAS THAT ARE METROPOLIS-HASTINGS SAMPLED:
 
 OMEGAS ARE GIBBS SAMPLED

 MONITORING OF SEARCH:

 Burn-in Mode
 iteration        -4000 MCMCOBJ=    2347890947.6980610     
 iteration        -3980 MCMCOBJ=    697.69792817371149     
 iteration        -3960 MCMCOBJ=    360.97308652063305     
 iteration        -3940 MCMCOBJ=    383.56216856542108     
 iteration        -3920 MCMCOBJ=    373.32457725900150     
 iteration        -3900 MCMCOBJ=    363.59450765439868     
 iteration        -3880 MCMCOBJ=    329.25257207738076     
 iteration        -3860 MCMCOBJ=    359.41393721846879     
 iteration        -3840 MCMCOBJ=    377.63691201706558     
 iteration        -3820 MCMCOBJ=    372.65104947784374     
 iteration        -3800 MCMCOBJ=    394.88683281103505     
 iteration        -3780 MCMCOBJ=    386.27189977437820     
 Convergence achieved
 Sampling Mode
 iteration            0 MCMCOBJ=    395.70364122079548     
 iteration           20 MCMCOBJ=    362.88190816699699     
 iteration           40 MCMCOBJ=    356.01022039042840     
 iteration           60 MCMCOBJ=    366.15490658861131     
 iteration           80 MCMCOBJ=    358.53129832305768     
 iteration          100 MCMCOBJ=    370.12340630920482     
 iteration          120 MCMCOBJ=    359.10325639817614     
 iteration          140 MCMCOBJ=    360.04979404195052     
 iteration          160 MCMCOBJ=    362.69954236236072     
 iteration          180 MCMCOBJ=    343.04897449415478     
 iteration          200 MCMCOBJ=    372.42171141109230     
 iteration          220 MCMCOBJ=    378.63072455692890     
 iteration          240 MCMCOBJ=    369.71911524591189     
 iteration          260 MCMCOBJ=    387.60181310870166     
 iteration          280 MCMCOBJ=    408.01475782098896     
 iteration          300 MCMCOBJ=    355.36635462552937     
 iteration          320 MCMCOBJ=    369.88922435359314     
 iteration          340 MCMCOBJ=    343.76686692705590     
 iteration          360 MCMCOBJ=    354.34840195981394     
 iteration          380 MCMCOBJ=    373.70280695625792     
 iteration          400 MCMCOBJ=    357.69851253004737     
 iteration          420 MCMCOBJ=    387.14045006910408     
 iteration          440 MCMCOBJ=    414.29965508115322     
 iteration          460 MCMCOBJ=    355.42824578405344     
 iteration          480 MCMCOBJ=    390.07247373569271     
 iteration          500 MCMCOBJ=    382.49872855664250     
 iteration          520 MCMCOBJ=    396.21016395305668     
 iteration          540 MCMCOBJ=    391.43350711824831     
 iteration          560 MCMCOBJ=    371.56294990184102     
 iteration          580 MCMCOBJ=    402.27658202284084     
 iteration          600 MCMCOBJ=    359.65522534218866     
 iteration          620 MCMCOBJ=    368.83555345791035     
 iteration          640 MCMCOBJ=    352.54679899318705     
 iteration          660 MCMCOBJ=    373.08337297190798     
 iteration          680 MCMCOBJ=    370.57784823049008     
 iteration          700 MCMCOBJ=    368.51025937680288     
 iteration          720 MCMCOBJ=    369.16071275007948     
 iteration          740 MCMCOBJ=    375.61797147976904     
 iteration          760 MCMCOBJ=    366.61725549027324     
 iteration          780 MCMCOBJ=    370.76781877511587     
 iteration          800 MCMCOBJ=    361.22496321813162     
 iteration          820 MCMCOBJ=    398.68579461833428     
 iteration          840 MCMCOBJ=    408.06735202552244     
 iteration          860 MCMCOBJ=    374.72077466357484     
 iteration          880 MCMCOBJ=    369.41223219193876     
 iteration          900 MCMCOBJ=    390.44774834632489     
 iteration          920 MCMCOBJ=    357.00719465839086     
 iteration          940 MCMCOBJ=    373.12719627973451     
 iteration          960 MCMCOBJ=    356.23894661663189     
 iteration          980 MCMCOBJ=    369.32552823102236     
 iteration         1000 MCMCOBJ=    386.18765814645860     
 iteration         1020 MCMCOBJ=    342.18250877338249     
 iteration         1040 MCMCOBJ=    369.12345523100231     
 iteration         1060 MCMCOBJ=    376.25642425552337     
 iteration         1080 MCMCOBJ=    363.78134297627554     
 iteration         1100 MCMCOBJ=    354.77657210263806     
 iteration         1120 MCMCOBJ=    347.21393002204627     
 iteration         1140 MCMCOBJ=    382.77068818146893     
 iteration         1160 MCMCOBJ=    386.47292633427526     
 iteration         1180 MCMCOBJ=    432.69463154363280     
 iteration         1200 MCMCOBJ=    379.22836708805090     
 iteration         1220 MCMCOBJ=    352.77835509485294     
 iteration         1240 MCMCOBJ=    378.24056202544216     
 iteration         1260 MCMCOBJ=    361.25563677049763     
 iteration         1280 MCMCOBJ=    361.29241580902908     
 iteration         1300 MCMCOBJ=    373.46481336208848     
 iteration         1320 MCMCOBJ=    375.04240540552820     
 iteration         1340 MCMCOBJ=    352.20961694227947     
 iteration         1360 MCMCOBJ=    416.75966928855649     
 iteration         1380 MCMCOBJ=    384.37610779947948     
 iteration         1400 MCMCOBJ=    372.97657472345827     
 iteration         1420 MCMCOBJ=    369.78272722204139     
 iteration         1440 MCMCOBJ=    381.36790154434686     
 iteration         1460 MCMCOBJ=    353.66983882203522     
 iteration         1480 MCMCOBJ=    379.10251611009471     
 iteration         1500 MCMCOBJ=    369.61819948975938     
 iteration         1520 MCMCOBJ=    385.71237151592368     
 iteration         1540 MCMCOBJ=    351.98650012932285     
 iteration         1560 MCMCOBJ=    383.10001561521540     
 iteration         1580 MCMCOBJ=    364.36508487160921     
 iteration         1600 MCMCOBJ=    365.24034015225379     
 iteration         1620 MCMCOBJ=    373.38500105890330     
 iteration         1640 MCMCOBJ=    372.08577080897948     
 iteration         1660 MCMCOBJ=    379.63686418488470     
 iteration         1680 MCMCOBJ=    350.61507268083642     
 iteration         1700 MCMCOBJ=    340.33667549497312     
 iteration         1720 MCMCOBJ=    380.80679020782020     
 iteration         1740 MCMCOBJ=    339.09429158224549     
 iteration         1760 MCMCOBJ=    379.69827702391257     
 iteration         1780 MCMCOBJ=    361.00270102087848     
 iteration         1800 MCMCOBJ=    386.21595625262461     
 iteration         1820 MCMCOBJ=    377.21385281243721     
 iteration         1840 MCMCOBJ=    331.92225342377941     
 iteration         1860 MCMCOBJ=    372.44414267009881     
 iteration         1880 MCMCOBJ=    354.00973123380550     
 iteration         1900 MCMCOBJ=    379.11745053669512     
 iteration         1920 MCMCOBJ=    336.25997858917765     
 iteration         1940 MCMCOBJ=    368.76240055632576     
 iteration         1960 MCMCOBJ=    385.25497642424739     
 iteration         1980 MCMCOBJ=    363.97485230374622     
 iteration         2000 MCMCOBJ=    374.75215544839978     
 iteration         2020 MCMCOBJ=    348.83891080766375     
 iteration         2040 MCMCOBJ=    393.64745125626297     
 iteration         2060 MCMCOBJ=    365.29718094274904     
 iteration         2080 MCMCOBJ=    388.85844007740661     
 iteration         2100 MCMCOBJ=    382.97341075662109     
 iteration         2120 MCMCOBJ=    376.41968244259897     
 iteration         2140 MCMCOBJ=    378.22102882148471     
 iteration         2160 MCMCOBJ=    393.55056927963432     
 iteration         2180 MCMCOBJ=    367.27323969603674     
 iteration         2200 MCMCOBJ=    356.53465844332555     
 iteration         2220 MCMCOBJ=    377.90234696006650     
 iteration         2240 MCMCOBJ=    393.14477055441785     
 iteration         2260 MCMCOBJ=    370.96464696874432     
 iteration         2280 MCMCOBJ=    358.51470442701412     
 iteration         2300 MCMCOBJ=    379.42317305068639     
 iteration         2320 MCMCOBJ=    387.38355399364076     
 iteration         2340 MCMCOBJ=    348.35583184514394     
 iteration         2360 MCMCOBJ=    378.65853089554446     
 iteration         2380 MCMCOBJ=    353.73046150827008     
 iteration         2400 MCMCOBJ=    379.34360748778278     
 iteration         2420 MCMCOBJ=    401.74960085283567     
 iteration         2440 MCMCOBJ=    362.53314316786503     
 iteration         2460 MCMCOBJ=    393.18298558768726     
 iteration         2480 MCMCOBJ=    392.18715068423012     
 iteration         2500 MCMCOBJ=    375.59022264968439     
 iteration         2520 MCMCOBJ=    370.53369097183395     
 iteration         2540 MCMCOBJ=    365.93813345918289     
 iteration         2560 MCMCOBJ=    350.02064325950374     
 iteration         2580 MCMCOBJ=    380.82295392785778     
 iteration         2600 MCMCOBJ=    366.78751838408050     
 iteration         2620 MCMCOBJ=    365.10263690556599     
 iteration         2640 MCMCOBJ=    383.16935641492557     
 iteration         2660 MCMCOBJ=    348.68778608940346     
 iteration         2680 MCMCOBJ=    371.88217381490119     
 iteration         2700 MCMCOBJ=    375.35257654905519     
 iteration         2720 MCMCOBJ=    397.06163078846737     
 iteration         2740 MCMCOBJ=    408.24646088459787     
 iteration         2760 MCMCOBJ=    372.16189982936430     
 iteration         2780 MCMCOBJ=    390.12992117371277     
 iteration         2800 MCMCOBJ=    405.99644105567086     
 iteration         2820 MCMCOBJ=    389.47510108368340     
 iteration         2840 MCMCOBJ=    371.31645420335684     
 iteration         2860 MCMCOBJ=    366.86048484713439     
 iteration         2880 MCMCOBJ=    395.00709611094879     
 iteration         2900 MCMCOBJ=    344.54505346126075     
 iteration         2920 MCMCOBJ=    353.94936493240579     
 iteration         2940 MCMCOBJ=    391.14615421753916     
 iteration         2960 MCMCOBJ=    382.60931208977473     
 iteration         2980 MCMCOBJ=    348.63920047883255     
 iteration         3000 MCMCOBJ=    346.48721048373187     
 iteration         3020 MCMCOBJ=    364.41431297288926     
 iteration         3040 MCMCOBJ=    373.67225075841969     
 iteration         3060 MCMCOBJ=    395.83217837055190     
 iteration         3080 MCMCOBJ=    404.44007281939832     
 iteration         3100 MCMCOBJ=    390.04569767117493     
 iteration         3120 MCMCOBJ=    359.10096172996424     
 iteration         3140 MCMCOBJ=    362.15369885068287     
 iteration         3160 MCMCOBJ=    363.70251047084838     
 iteration         3180 MCMCOBJ=    394.35404353328283     
 iteration         3200 MCMCOBJ=    394.00268587867413     
 iteration         3220 MCMCOBJ=    414.26761633483522     
 iteration         3240 MCMCOBJ=    346.23062989947192     
 iteration         3260 MCMCOBJ=    350.07955849772731     
 iteration         3280 MCMCOBJ=    379.24766070132455     
 iteration         3300 MCMCOBJ=    425.74090678252509     
 iteration         3320 MCMCOBJ=    375.44880443636026     
 iteration         3340 MCMCOBJ=    391.96540311320103     
 iteration         3360 MCMCOBJ=    358.84137431420908     
 iteration         3380 MCMCOBJ=    350.63796318673923     
 iteration         3400 MCMCOBJ=    356.67153146942945     
 iteration         3420 MCMCOBJ=    366.64620237986276     
 iteration         3440 MCMCOBJ=    349.57035396077924     
 iteration         3460 MCMCOBJ=    376.41058525438262     
 iteration         3480 MCMCOBJ=    374.12842340022723     
 iteration         3500 MCMCOBJ=    348.81936772436319     
 iteration         3520 MCMCOBJ=    364.21202499222238     
 iteration         3540 MCMCOBJ=    383.36202964935819     
 iteration         3560 MCMCOBJ=    371.80551410994229     
 iteration         3580 MCMCOBJ=    361.11381040952750     
 iteration         3600 MCMCOBJ=    376.50796982294452     
 iteration         3620 MCMCOBJ=    405.16032050151557     
 iteration         3640 MCMCOBJ=    404.49101758487234     
 iteration         3660 MCMCOBJ=    361.35355382156041     
 iteration         3680 MCMCOBJ=    370.55472407903227     
 iteration         3700 MCMCOBJ=    402.15433755578692     
 iteration         3720 MCMCOBJ=    365.99630345505074     
 iteration         3740 MCMCOBJ=    401.82969417841878     
 iteration         3760 MCMCOBJ=    364.18552661623789     
 iteration         3780 MCMCOBJ=    391.39184825584658     
 iteration         3800 MCMCOBJ=    395.62133650888757     
 iteration         3820 MCMCOBJ=    381.68033519137572     
 iteration         3840 MCMCOBJ=    350.38000272330817     
 iteration         3860 MCMCOBJ=    348.67240551153094     
 iteration         3880 MCMCOBJ=    352.96846484916500     
 iteration         3900 MCMCOBJ=    366.56599643287490     
 iteration         3920 MCMCOBJ=    401.09995510437432     
 iteration         3940 MCMCOBJ=    334.57855653210999     
 iteration         3960 MCMCOBJ=    341.55613065280392     
 iteration         3980 MCMCOBJ=    355.88482537034037     
 iteration         4000 MCMCOBJ=    382.28391177947759     
 iteration         4020 MCMCOBJ=    400.35887271453032     
 iteration         4040 MCMCOBJ=    354.16752952128206     
 iteration         4060 MCMCOBJ=    387.81012381897489     
 iteration         4080 MCMCOBJ=    367.80963286845190     
 iteration         4100 MCMCOBJ=    363.69417653505627     
 iteration         4120 MCMCOBJ=    377.03633171905761     
 iteration         4140 MCMCOBJ=    384.17451189672585     
 iteration         4160 MCMCOBJ=    376.41235189283066     
 iteration         4180 MCMCOBJ=    360.31141373634534     
 iteration         4200 MCMCOBJ=    370.65762608347507     
 iteration         4220 MCMCOBJ=    364.82130477292793     
 iteration         4240 MCMCOBJ=    397.52036767070922     
 iteration         4260 MCMCOBJ=    372.00449949454293     
 iteration         4280 MCMCOBJ=    414.86022482685377     
 iteration         4300 MCMCOBJ=    360.06463912281640     
 iteration         4320 MCMCOBJ=    360.52132350475387     
 iteration         4340 MCMCOBJ=    355.71781121995019     
 iteration         4360 MCMCOBJ=    388.78948182642654     
 iteration         4380 MCMCOBJ=    391.56950792760767     
 iteration         4400 MCMCOBJ=    344.34158036502208     
 iteration         4420 MCMCOBJ=    390.03135191639319     
 iteration         4440 MCMCOBJ=    412.88998077853176     
 iteration         4460 MCMCOBJ=    416.79476413867866     
 iteration         4480 MCMCOBJ=    374.88515042618815     
 iteration         4500 MCMCOBJ=    363.09517832189181     
 iteration         4520 MCMCOBJ=    374.29474481537915     
 iteration         4540 MCMCOBJ=    378.61458447573119     
 iteration         4560 MCMCOBJ=    368.13831262119379     
 iteration         4580 MCMCOBJ=    409.56871486127613     
 iteration         4600 MCMCOBJ=    354.53937273201961     
 iteration         4620 MCMCOBJ=    344.75976471810139     
 iteration         4640 MCMCOBJ=    361.87825685752244     
 iteration         4660 MCMCOBJ=    364.35532792654834     
 iteration         4680 MCMCOBJ=    389.66696167001601     
 iteration         4700 MCMCOBJ=    365.74280014926291     
 iteration         4720 MCMCOBJ=    384.92331976224449     
 iteration         4740 MCMCOBJ=    358.82122919152926     
 iteration         4760 MCMCOBJ=    358.32464962018491     
 iteration         4780 MCMCOBJ=    388.90762874843722     
 iteration         4800 MCMCOBJ=    355.31110328823115     
 iteration         4820 MCMCOBJ=    387.87228497203591     
 iteration         4840 MCMCOBJ=    375.05431518273400     
 iteration         4860 MCMCOBJ=    353.10113770625873     
 iteration         4880 MCMCOBJ=    386.51923358685150     
 iteration         4900 MCMCOBJ=    360.09329701497637     
 iteration         4920 MCMCOBJ=    346.36679818332772     
 iteration         4940 MCMCOBJ=    383.55212855752990     
 iteration         4960 MCMCOBJ=    363.77270855059891     
 iteration         4980 MCMCOBJ=    403.02449791440603     
 iteration         5000 MCMCOBJ=    359.63492359054055     
 iteration         5020 MCMCOBJ=    405.03574365118033     
 iteration         5040 MCMCOBJ=    378.09258907168743     
 iteration         5060 MCMCOBJ=    361.14726497793157     
 iteration         5080 MCMCOBJ=    325.70371902511209     
 iteration         5100 MCMCOBJ=    395.45180756485860     
 iteration         5120 MCMCOBJ=    394.47334857309551     
 iteration         5140 MCMCOBJ=    410.06966674193961     
 iteration         5160 MCMCOBJ=    374.81856001336422     
 iteration         5180 MCMCOBJ=    400.90610613769775     
 iteration         5200 MCMCOBJ=    375.73195471745072     
 iteration         5220 MCMCOBJ=    377.74341380543046     
 iteration         5240 MCMCOBJ=    373.75915879558602     
 iteration         5260 MCMCOBJ=    339.37370087386671     
 iteration         5280 MCMCOBJ=    357.02679912534114     
 iteration         5300 MCMCOBJ=    388.80844049065513     
 iteration         5320 MCMCOBJ=    370.76331099748234     
 iteration         5340 MCMCOBJ=    366.70212104927799     
 iteration         5360 MCMCOBJ=    371.80824272014200     
 iteration         5380 MCMCOBJ=    397.78411687669569     
 iteration         5400 MCMCOBJ=    355.04748280483994     
 iteration         5420 MCMCOBJ=    370.18921115338583     
 iteration         5440 MCMCOBJ=    412.15227670060250     
 iteration         5460 MCMCOBJ=    402.77354328521778     
 iteration         5480 MCMCOBJ=    333.63059220132914     
 iteration         5500 MCMCOBJ=    396.89882210875851     
 iteration         5520 MCMCOBJ=    338.14133782934471     
 iteration         5540 MCMCOBJ=    392.59244783055146     
 iteration         5560 MCMCOBJ=    364.80617169020849     
 iteration         5580 MCMCOBJ=    344.92283423228366     
 iteration         5600 MCMCOBJ=    399.59072909871418     
 iteration         5620 MCMCOBJ=    390.32660024198867     
 iteration         5640 MCMCOBJ=    352.27195448660638     
 iteration         5660 MCMCOBJ=    374.98937710532761     
 iteration         5680 MCMCOBJ=    385.91747874875330     
 iteration         5700 MCMCOBJ=    413.57330690030284     
 iteration         5720 MCMCOBJ=    403.19725601033645     
 iteration         5740 MCMCOBJ=    399.90716412127881     
 iteration         5760 MCMCOBJ=    379.77173227390040     
 iteration         5780 MCMCOBJ=    386.67536304764815     
 iteration         5800 MCMCOBJ=    370.40595866398007     
 iteration         5820 MCMCOBJ=    388.47268141682588     
 iteration         5840 MCMCOBJ=    386.24867200114801     
 iteration         5860 MCMCOBJ=    352.66717840557078     
 iteration         5880 MCMCOBJ=    382.23005962167650     
 iteration         5900 MCMCOBJ=    364.07197401594465     
 iteration         5920 MCMCOBJ=    417.01907231504157     
 iteration         5940 MCMCOBJ=    370.81011324516805     
 iteration         5960 MCMCOBJ=    378.62094461395395     
 iteration         5980 MCMCOBJ=    378.17023108074801     
 iteration         6000 MCMCOBJ=    389.91609327108887     
 iteration         6020 MCMCOBJ=    376.44977274574524     
 iteration         6040 MCMCOBJ=    389.16415585387273     
 iteration         6060 MCMCOBJ=    376.62133155746017     
 iteration         6080 MCMCOBJ=    392.87630842825661     
 iteration         6100 MCMCOBJ=    347.15884435287359     
 iteration         6120 MCMCOBJ=    364.67766136372398     
 iteration         6140 MCMCOBJ=    375.38776132432082     
 iteration         6160 MCMCOBJ=    354.76361397793488     
 iteration         6180 MCMCOBJ=    384.54724480973778     
 iteration         6200 MCMCOBJ=    365.18576335670696     
 iteration         6220 MCMCOBJ=    372.42204665697693     
 iteration         6240 MCMCOBJ=    374.38579132489082     
 iteration         6260 MCMCOBJ=    348.80754533999556     
 iteration         6280 MCMCOBJ=    372.84210925950362     
 iteration         6300 MCMCOBJ=    336.55006749029099     
 iteration         6320 MCMCOBJ=    381.76786310649351     
 iteration         6340 MCMCOBJ=    363.30956885780500     
 iteration         6360 MCMCOBJ=    390.09173928785276     
 iteration         6380 MCMCOBJ=    403.75250692754571     
 iteration         6400 MCMCOBJ=    397.55669983632419     
 iteration         6420 MCMCOBJ=    367.73937358331978     
 iteration         6440 MCMCOBJ=    389.63009785642731     
 iteration         6460 MCMCOBJ=    383.75151597621368     
 iteration         6480 MCMCOBJ=    341.30691544169514     
 iteration         6500 MCMCOBJ=    386.54914154916474     
 iteration         6520 MCMCOBJ=    353.67960260675403     
 iteration         6540 MCMCOBJ=    397.29951650098161     
 iteration         6560 MCMCOBJ=    352.35115242632088     
 iteration         6580 MCMCOBJ=    345.47402382282604     
 iteration         6600 MCMCOBJ=    381.62999891982162     
 iteration         6620 MCMCOBJ=    351.73319472663746     
 iteration         6640 MCMCOBJ=    412.24465761377223     
 iteration         6660 MCMCOBJ=    362.23287722238439     
 iteration         6680 MCMCOBJ=    358.72473424095921     
 iteration         6700 MCMCOBJ=    376.68262996390479     
 iteration         6720 MCMCOBJ=    384.17144252617800     
 iteration         6740 MCMCOBJ=    407.09397904443892     
 iteration         6760 MCMCOBJ=    367.32701461605990     
 iteration         6780 MCMCOBJ=    376.63781256035497     
 iteration         6800 MCMCOBJ=    391.50087668458173     
 iteration         6820 MCMCOBJ=    365.92355434987900     
 iteration         6840 MCMCOBJ=    384.02133807851584     
 iteration         6860 MCMCOBJ=    346.73093439075814     
 iteration         6880 MCMCOBJ=    343.15580379828043     
 iteration         6900 MCMCOBJ=    368.24186422148989     
 iteration         6920 MCMCOBJ=    372.21412097557754     
 iteration         6940 MCMCOBJ=    386.78752481083910     
 iteration         6960 MCMCOBJ=    366.54203535852020     
 iteration         6980 MCMCOBJ=    327.09500382389700     
 iteration         7000 MCMCOBJ=    359.52305840227666     
 iteration         7020 MCMCOBJ=    363.43240277940248     
 iteration         7040 MCMCOBJ=    357.19936321974950     
 iteration         7060 MCMCOBJ=    370.96829819040755     
 iteration         7080 MCMCOBJ=    359.33530967062507     
 iteration         7100 MCMCOBJ=    349.13550753641118     
 iteration         7120 MCMCOBJ=    377.08192466936038     
 iteration         7140 MCMCOBJ=    381.45967556290009     
 iteration         7160 MCMCOBJ=    398.13573468220960     
 iteration         7180 MCMCOBJ=    378.23347916951826     
 iteration         7200 MCMCOBJ=    335.25477894712247     
 iteration         7220 MCMCOBJ=    340.85901785297392     
 iteration         7240 MCMCOBJ=    389.56323383583037     
 iteration         7260 MCMCOBJ=    367.11968566825863     
 iteration         7280 MCMCOBJ=    402.14864224290113     
 iteration         7300 MCMCOBJ=    420.62184253070399     
 iteration         7320 MCMCOBJ=    362.16820138006511     
 iteration         7340 MCMCOBJ=    393.88780229742491     
 iteration         7360 MCMCOBJ=    414.54487795718370     
 iteration         7380 MCMCOBJ=    390.29043849309102     
 iteration         7400 MCMCOBJ=    379.32045244668632     
 iteration         7420 MCMCOBJ=    346.30601528539614     
 iteration         7440 MCMCOBJ=    376.93875023509298     
 iteration         7460 MCMCOBJ=    431.22240449699848     
 iteration         7480 MCMCOBJ=    362.49052946442146     
 iteration         7500 MCMCOBJ=    368.64331964333769     
 iteration         7520 MCMCOBJ=    380.38663086147511     
 iteration         7540 MCMCOBJ=    372.00597262706248     
 iteration         7560 MCMCOBJ=    366.04588933641838     
 iteration         7580 MCMCOBJ=    365.03522267150754     
 iteration         7600 MCMCOBJ=    374.45236737564073     
 iteration         7620 MCMCOBJ=    373.90294849991312     
 iteration         7640 MCMCOBJ=    404.24790368651259     
 iteration         7660 MCMCOBJ=    377.35002854907384     
 iteration         7680 MCMCOBJ=    372.19218697548229     
 iteration         7700 MCMCOBJ=    391.65035102608937     
 iteration         7720 MCMCOBJ=    361.85465894784551     
 iteration         7740 MCMCOBJ=    372.35487772301718     
 iteration         7760 MCMCOBJ=    368.86675661646967     
 iteration         7780 MCMCOBJ=    359.02168354357627     
 iteration         7800 MCMCOBJ=    373.10743340581087     
 iteration         7820 MCMCOBJ=    385.80386792967039     
 iteration         7840 MCMCOBJ=    357.47548800337842     
 iteration         7860 MCMCOBJ=    340.76521503669073     
 iteration         7880 MCMCOBJ=    402.53821564608859     
 iteration         7900 MCMCOBJ=    362.55326622471625     
 iteration         7920 MCMCOBJ=    343.87460956440515     
 iteration         7940 MCMCOBJ=    375.81360448038885     
 iteration         7960 MCMCOBJ=    351.39679433457849     
 iteration         7980 MCMCOBJ=    326.45237547405168     
 iteration         8000 MCMCOBJ=    366.55876165882802     
 iteration         8020 MCMCOBJ=    395.81201012688416     
 iteration         8040 MCMCOBJ=    369.42968467277132     
 iteration         8060 MCMCOBJ=    371.85947818073231     
 iteration         8080 MCMCOBJ=    391.21265361348685     
 iteration         8100 MCMCOBJ=    404.83934647723754     
 iteration         8120 MCMCOBJ=    393.94819564576363     
 iteration         8140 MCMCOBJ=    441.94139429570890     
 iteration         8160 MCMCOBJ=    365.71090895971196     
 iteration         8180 MCMCOBJ=    367.62447379766354     
 iteration         8200 MCMCOBJ=    356.48771687728629     
 iteration         8220 MCMCOBJ=    369.09549054690024     
 iteration         8240 MCMCOBJ=    394.29422816874950     
 iteration         8260 MCMCOBJ=    346.91642444072750     
 iteration         8280 MCMCOBJ=    369.84368929856282     
 iteration         8300 MCMCOBJ=    369.92108112543747     
 iteration         8320 MCMCOBJ=    389.55731862156125     
 iteration         8340 MCMCOBJ=    402.55893503196887     
 iteration         8360 MCMCOBJ=    357.04041123071954     
 iteration         8380 MCMCOBJ=    359.20533568827187     
 iteration         8400 MCMCOBJ=    368.80744235525657     
 iteration         8420 MCMCOBJ=    354.63812912332594     
 iteration         8440 MCMCOBJ=    374.92619084190409     
 iteration         8460 MCMCOBJ=    387.24101127860979     
 iteration         8480 MCMCOBJ=    374.95562417341091     
 iteration         8500 MCMCOBJ=    378.47899127198542     
 iteration         8520 MCMCOBJ=    396.83028975892483     
 iteration         8540 MCMCOBJ=    350.78076918708433     
 iteration         8560 MCMCOBJ=    361.66534427456440     
 iteration         8580 MCMCOBJ=    438.48617041470806     
 iteration         8600 MCMCOBJ=    387.63711376842707     
 iteration         8620 MCMCOBJ=    334.29744137305977     
 iteration         8640 MCMCOBJ=    385.47681046312618     
 iteration         8660 MCMCOBJ=    357.44914016318023     
 iteration         8680 MCMCOBJ=    350.67716856072440     
 iteration         8700 MCMCOBJ=    351.49890937104135     
 iteration         8720 MCMCOBJ=    400.63305080841548     
 iteration         8740 MCMCOBJ=    353.53493534687692     
 iteration         8760 MCMCOBJ=    347.10189072193134     
 iteration         8780 MCMCOBJ=    333.15261032879391     
 iteration         8800 MCMCOBJ=    375.80336481479696     
 iteration         8820 MCMCOBJ=    395.17375139082509     
 iteration         8840 MCMCOBJ=    378.39898782828669     
 iteration         8860 MCMCOBJ=    389.83371551862103     
 iteration         8880 MCMCOBJ=    363.52660930614218     
 iteration         8900 MCMCOBJ=    361.92331460974088     
 iteration         8920 MCMCOBJ=    338.58564656223467     
 iteration         8940 MCMCOBJ=    382.25435480890894     
 iteration         8960 MCMCOBJ=    375.50456641983101     
 iteration         8980 MCMCOBJ=    367.19158924497958     
 iteration         9000 MCMCOBJ=    358.62325313385401     
 iteration         9020 MCMCOBJ=    386.25556862820065     
 iteration         9040 MCMCOBJ=    355.69089811592357     
 iteration         9060 MCMCOBJ=    351.52359966136737     
 iteration         9080 MCMCOBJ=    361.73742312414265     
 iteration         9100 MCMCOBJ=    341.67704071472417     
 iteration         9120 MCMCOBJ=    398.32739947221791     
 iteration         9140 MCMCOBJ=    341.36459263789834     
 iteration         9160 MCMCOBJ=    336.70979380890390     
 iteration         9180 MCMCOBJ=    370.50452478279129     
 iteration         9200 MCMCOBJ=    392.18013708213334     
 iteration         9220 MCMCOBJ=    388.61960545567166     
 iteration         9240 MCMCOBJ=    377.10093198383322     
 iteration         9260 MCMCOBJ=    370.42952647335517     
 iteration         9280 MCMCOBJ=    390.39067686131830     
 iteration         9300 MCMCOBJ=    361.29524627817659     
 iteration         9320 MCMCOBJ=    352.49876619030755     
 iteration         9340 MCMCOBJ=    380.54766589867484     
 iteration         9360 MCMCOBJ=    389.18976282895312     
 iteration         9380 MCMCOBJ=    384.80967919365963     
 iteration         9400 MCMCOBJ=    352.33334362168125     
 iteration         9420 MCMCOBJ=    368.53617761195176     
 iteration         9440 MCMCOBJ=    379.93121106751909     
 iteration         9460 MCMCOBJ=    375.43709541142584     
 iteration         9480 MCMCOBJ=    367.17583537093896     
 iteration         9500 MCMCOBJ=    348.23621353412892     
 iteration         9520 MCMCOBJ=    376.12101999808380     
 iteration         9540 MCMCOBJ=    395.55545362350693     
 iteration         9560 MCMCOBJ=    364.58684347513531     
 iteration         9580 MCMCOBJ=    396.30479722905767     
 iteration         9600 MCMCOBJ=    384.92389419392663     
 iteration         9620 MCMCOBJ=    374.36232683502652     
 iteration         9640 MCMCOBJ=    359.17008776406425     
 iteration         9660 MCMCOBJ=    368.08933119819415     
 iteration         9680 MCMCOBJ=    362.64662454562989     
 iteration         9700 MCMCOBJ=    405.62763322682781     
 iteration         9720 MCMCOBJ=    414.79668341591122     
 iteration         9740 MCMCOBJ=    399.17230856738570     
 iteration         9760 MCMCOBJ=    411.60718396387983     
 iteration         9780 MCMCOBJ=    370.74826259428932     
 iteration         9800 MCMCOBJ=    406.06847985852738     
 iteration         9820 MCMCOBJ=    373.84055807341497     
 iteration         9840 MCMCOBJ=    391.89860056050128     
 iteration         9860 MCMCOBJ=    367.84757022317450     
 iteration         9880 MCMCOBJ=    418.91447568492327     
 iteration         9900 MCMCOBJ=    373.71878626575068     
 iteration         9920 MCMCOBJ=    394.44372865529090     
 iteration         9940 MCMCOBJ=    376.21819937504085     
 iteration         9960 MCMCOBJ=    354.42960341699182     
 iteration         9980 MCMCOBJ=    368.95088838741964     
 iteration        10000 MCMCOBJ=    389.07401739557952     
 BURN-IN WAS COMPLETED

 #TERM:
 STATISTICAL PORTION WAS COMPLETED
  
 TOTAL DATA POINTS NORMALLY DISTRIBUTED (N):          168
 N*LOG(2PI) CONSTANT TO OBJECTIVE FUNCTION:    308.76334715677001     
 OBJECTIVE FUNCTION VALUE WITHOUT CONSTANT:    374.87398680404885     
 OBJECTIVE FUNCTION VALUE WITH CONSTANT:       683.63733396081886     
 REPORTED OBJECTIVE FUNCTION DOES NOT CONTAIN CONSTANT
  
 TOTAL EFFECTIVE ETAS (NIND*NETA):                           112
 NIND*NETA*LOG(2PI) CONSTANT TO OBJECTIVE FUNCTION:    205.84223143784669     
 OBJECTIVE FUNCTION VALUE WITHOUT CONSTANT:    374.87398680404885     
 OBJECTIVE FUNCTION VALUE WITH CONSTANT:       580.71621824189560     
 REPORTED OBJECTIVE FUNCTION DOES NOT CONTAIN CONSTANT
  
 PRIOR CONSTANT TO OBJECTIVE FUNCTION:    30.823646298206345     
 OBJECTIVE FUNCTION VALUE WITHOUT CONSTANT:    374.87398680404885     
 OBJECTIVE FUNCTION VALUE WITH CONSTANT:       405.69763310225522     
 REPORTED OBJECTIVE FUNCTION DOES NOT CONTAIN CONSTANT
  
 #TERE:
 Elapsed estimation  time in seconds:    66.95
 Elapsed covariance  time in seconds:     0.00
1
 
 
 
 
 
 
 
 
 
 
 
 
 
 
 
 
 
 
 
 
 ************************************************************************************************************************
 ********************                                                                                ********************
 ********************                              MCMC BAYESIAN ANALYSIS                            ********************
 #OBJT:**************                       AVERAGE VALUE OF LIKELIHOOD FUNCTION                     ********************
 ********************                                                                                ********************
 ************************************************************************************************************************
 





 #OBJV:********************************************      374.874       **************************************************
 #OBJS:********************************************       20.006 (STD) **************************************************
1
 ************************************************************************************************************************
 ********************                                                                                ********************
 ********************                              MCMC BAYESIAN ANALYSIS                            ********************
 ********************                             FINAL PARAMETER ESTIMATE                           ********************
 ********************                                                                                ********************
 ************************************************************************************************************************
 


 THETA - VECTOR OF FIXED EFFECTS PARAMETERS   *********


         THETA(CL) THETA(V) 
 
         3.17E+00  3.47E+01
 


 OMEGA - COV MATRIX FOR RANDOM EFFECTS - ETAS  ********


         ETA(CL)   ETA(V)   
 
 ETA(CL)
+        1.00E-01
 
 ETA(V)
+        1.17E-02  5.21E-02
 


 SIGMA - COV MATRIX FOR RANDOM EFFECTS - EPSILONS  ****


         EPS1     
 
 EPS1
+        4.10E-02
 
1


 OMEGA - CORR MATRIX FOR RANDOM EFFECTS - ETAS  *******


         ETA(CL)   ETA(V)   
 
 ETA(CL)
+        3.15E-01
 
 ETA(V)
+        1.60E-01  2.26E-01
 


 SIGMA - CORR MATRIX FOR RANDOM EFFECTS - EPSILONS  ***


         EPS1     
 
 EPS1
+        2.02E-01
 
1
 ************************************************************************************************************************
 ********************                                                                                ********************
 ********************                              MCMC BAYESIAN ANALYSIS                            ********************
 ********************                STANDARD ERROR OF ESTIMATE (From Sample Variance)               ********************
 ********************                                                                                ********************
 ************************************************************************************************************************
 


 THETA - VECTOR OF FIXED EFFECTS PARAMETERS   *********


         THETA(CL) THETA(V) 
 
         1.48E-01  1.51E+00
 


 OMEGA - COV MATRIX FOR RANDOM EFFECTS - ETAS  ********


         ETA(CL)   ETA(V)   
 
 ETA(CL)
+        2.36E-02
 
 ETA(V)
+        1.43E-02  1.60E-02
 


 SIGMA - COV MATRIX FOR RANDOM EFFECTS - EPSILONS  ****


         EPS1     
 
 EPS1
+        6.75E-03
 
1


 OMEGA - CORR MATRIX FOR RANDOM EFFECTS - ETAS  *******


         ETA(CL)   ETA(V)   
 
 ETA(CL)
+        3.63E-02
 
 ETA(V)
+        1.86E-01  3.42E-02
 


 SIGMA - CORR MATRIX FOR RANDOM EFFECTS - EPSILONS  ***


         EPS1     
 
 EPS1
+        1.64E-02
 
1
 ************************************************************************************************************************
 ********************                                                                                ********************
 ********************                              MCMC BAYESIAN ANALYSIS                            ********************
 ********************               COVARIANCE MATRIX OF ESTIMATE (From Sample Variance)             ********************
 ********************                                                                                ********************
 ************************************************************************************************************************
 

            TH 1      TH 2      OM11      OM12      OM22      SG11  
 
 TH 1
+        2.20E-02
 
 TH 2
+        3.04E-02  2.28E+00
 
 OM11
+       -2.26E-04  4.51E-03  5.55E-04
 
 OM12
+        2.06E-04  1.82E-04  6.61E-05  2.04E-04
 
 OM22
+       -1.39E-04  1.19E-03  1.82E-05  5.01E-05  2.55E-04
 
 SG11
+        5.03E-05  1.44E-04 -1.70E-05 -3.26E-06 -1.47E-05  4.56E-05
 
1
 ************************************************************************************************************************
 ********************                                                                                ********************
 ********************                              MCMC BAYESIAN ANALYSIS                            ********************
 ********************              CORRELATION MATRIX OF ESTIMATE (From Sample Variance)             ********************
 ********************                                                                                ********************
 ************************************************************************************************************************
 

            TH 1      TH 2      OM11      OM12      OM22      SG11  
 
 TH 1
+        1.48E-01
 
 TH 2
+        1.36E-01  1.51E+00
 
 OM11
+       -6.46E-02  1.27E-01  2.36E-02
 
 OM12
+        9.72E-02  8.46E-03  1.97E-01  1.43E-02
 
 OM22
+       -5.85E-02  4.92E-02  4.84E-02  2.20E-01  1.60E-02
 
 SG11
+        5.03E-02  1.41E-02 -1.07E-01 -3.39E-02 -1.36E-01  6.75E-03
 
1
 ************************************************************************************************************************
 ********************                                                                                ********************
 ********************                              MCMC BAYESIAN ANALYSIS                            ********************
 ********************           INVERSE COVARIANCE MATRIX OF ESTIMATE (From Sample Variance)         ********************
 ********************                                                                                ********************
 ************************************************************************************************************************
 

            TH 1      TH 2      OM11      OM12      OM22      SG11  
 
 TH 1
+        4.77E+01
 
 TH 2
+       -7.11E-01  4.59E-01
 
 OM11
+        3.10E+01 -4.29E+00  1.95E+03
 
 OM12
+       -6.76E+01  2.35E+00 -6.65E+02  5.45E+03
 
 OM22
+        3.85E+01 -2.85E+00  6.76E+01 -1.08E+03  4.24E+03
 
 SG11
+       -3.14E+01 -3.01E+00  6.79E+02 -1.38E+02  1.28E+03  2.26E+04
 
 Elapsed postprocess time in seconds:     0.00
 #CPUT: Total CPU Time in Seconds,       57.719
Stop Time: 
Tue 01/03/2017 
10:30 PM
