Tue 01/03/2017 
10:28 PM
$PROB one cmpt simple mu modeled bayes multidose nids: 56 scenario: s2d
;; based_on: run100
$SUB ADVAN1 TRANS2
$INPUT ID TIME DV OBSNUM CMT EVID AMT RATE ADDL II 
$DATA ..\..\mdata\simple_nocovar_56id_6tp_md.csv
IGNORE=@ 
IGNORE=(OBSNUM.EQN.2)
IGNORE=(OBSNUM.EQN.5)
IGNORE=(ID.GT.56)
$ABBR REPLACE THETA(CL, V) = THETA(1 to 2)
$ABBR REPLACE ETA(CL, V) = ETA(1 to 2)

$THETAI
THETA(1:NTHETA)=LOG(THETAI(1:NTHETA))
THETAP(1:NTHETAP)=LOG(THETAPI(1:NTHETAP))
$THETAR
THETAR(1:NTHETA)=EXP(THETA(1:NTHETA))
THETAPR(1:NTHETAP)=EXP(THETAP(1:NTHETAP))

$PRIOR NWPRI 

$PK
"USE NMBAYES_INT, ONLY: ITER_REPORT,BAYES_EXTRA_REQUEST,BAYES_EXTRA
; Request extra information for Bayesian analysis.
; An extra call will then be made for accepted samples
"BAYES_EXTRA_REQUEST=1

MU_1 = THETA(CL)
MU_2 = THETA(V)
CL = EXP(MU_1 + ETA(CL))
V = EXP(MU_2 + ETA(V))
S1 = V

"IF(BAYES_EXTRA==1 .AND. ITER_REPORT>=0 .AND. TIME==0.0) THEN
"WRITE(50,98) ITER_REPORT,ID,CL,V
"98 FORMAT(I12,1X,F14.0,4(1X,1PG12.5))
"ENDIF

$ERROR
IPRED=F
Y = IPRED*(1 + ERR(1))  

$THETA
(0.001, 2.5) ; TVCL
(0.001, 46) ; TVV

$OMEGA BLOCK(2)
0.1    ; nCL
0.1  0.1  ; nV

$SIGMA
0.03 ; PROP

; THETA PRIORS
$THETAP (2.5 FIX) (46 FIX) 

; THETA (uniformative) PRIORs
$THETAPV BLOCK(2)
10000 FIX
0.0 10000 

$OMEGAP BLOCK(2)
0.2 FIX
0 0.2

; degrees of freedom to prior omega matrix - low dof = highly uninformative
$OMEGAPD (2 FIX)

$EST METHOD=CHAIN FILE=..\run100.chn NSAMPLE=0 ISAMPLE=4 DF=20
$EST METHOD=BAYES INTER NBURN=4000 NITER=10000 PRINT=20 NOPRIOR=0 CTYPE=3 CITER=10 SEED=56664
  
NM-TRAN MESSAGES 
  
 WARNINGS AND ERRORS (IF ANY) FOR PROBLEM    1
             
 (WARNING  2) NM-TRAN INFERS THAT THE DATA ARE POPULATION.

 (MU_WARNING 20) MU_001: MU_ VARIABLE SHOULD NOT BE DEFINED AFTER VERBATIM CODE.
  
License Registered to: Devin Pastoor
Expiration Date:    14 NOV 2017
Current Date:        3 JAN 2017
Days until program expires : 311
1NONLINEAR MIXED EFFECTS MODEL PROGRAM (NONMEM) VERSION 7.4.0 alpha14 (nm74a14)
 ORIGINALLY DEVELOPED BY STUART BEAL, LEWIS SHEINER, AND ALISON BOECKMANN
 CURRENT DEVELOPERS ARE ROBERT BAUER, ICON DEVELOPMENT SOLUTIONS,
 AND ALISON BOECKMANN. IMPLEMENTATION, EFFICIENCY, AND STANDARDIZATION
 PERFORMED BY NOUS INFOSYSTEMS.

 PROBLEM NO.:         1
 one cmpt simple mu modeled bayes multidose nids: 56 scenario: s2d
0DATA CHECKOUT RUN:              NO
 DATA SET LOCATED ON UNIT NO.:    2
 THIS UNIT TO BE REWOUND:        NO
 NO. OF DATA RECS IN DATA SET:      280
 NO. OF DATA ITEMS IN DATA SET:  11
 ID DATA ITEM IS DATA ITEM NO.:   1
 DEP VARIABLE IS DATA ITEM NO.:   3
 MDV DATA ITEM IS DATA ITEM NO.: 11
0INDICES PASSED TO SUBROUTINE PRED:
   6   2   7   8   0  10   5   0   0   0   9
0LABELS FOR DATA ITEMS:
 ID TIME DV OBSNUM CMT EVID AMT RATE ADDL II MDV
0LABELS FOR THETAS
 THETA(1)=THETA(CL)
 THETA(2)=THETA(V)
0LABELS FOR ETAS
 ETA(1)=ETA(CL)
0LABELS FOR ETAS
 ETA(2)=ETA(V)
0FORMAT FOR DATA:
 (2E3.0,E17.0,3E2.0,2E5.0,E2.0,E3.0,1F2.0)

 TOT. NO. OF OBS RECS:      224
 TOT. NO. OF INDIVIDUALS:     56
0LENGTH OF THETA:   5
0DEFAULT THETA BOUNDARY TEST OMITTED:    NO
0OMEGA HAS BLOCK FORM:
  1
  1  1
  0  0  2
  0  0  2  2
  0  0  0  0  3
  0  0  0  0  3  3
0DEFAULT OMEGA BOUNDARY TEST OMITTED:    NO
0SIGMA HAS SIMPLE DIAGONAL FORM WITH DIMENSION:   1
0DEFAULT SIGMA BOUNDARY TEST OMITTED:    NO
0INITIAL ESTIMATE OF THETA:
 LOWER BOUND    INITIAL EST    UPPER BOUND
  0.1000E-02     0.2500E+01     0.1000E+07
  0.1000E-02     0.4600E+02     0.1000E+07
  0.2500E+01     0.2500E+01     0.2500E+01
  0.4600E+02     0.4600E+02     0.4600E+02
  0.2000E+01     0.2000E+01     0.2000E+01
0INITIAL ESTIMATE OF OMEGA:
 BLOCK SET NO.   BLOCK                                                                    FIXED
        1                                                                                   NO
 DIAGONAL SHIFT OF  1.1000E-07 WAS IMPOSED TO ENSURE POSITIVE DEFINITENESS
                  0.1000E+00
                  0.1000E+00   0.1000E+00
        2                                                                                  YES
                  0.1000E+05
                  0.0000E+00   0.1000E+05
        3                                                                                  YES
                  0.2000E+00
                  0.0000E+00   0.2000E+00
0INITIAL ESTIMATE OF SIGMA:
 0.3000E-01
0
 THETAI SUBROUTINE USER-SUPPLIED
 THETAR SUBROUTINE USER-SUPPLIED
 PRIOR SUBROUTINE USER-SUPPLIED
1DOUBLE PRECISION PREDPP VERSION 7.4.0 alpha14 (nm74a14)

 ONE COMPARTMENT MODEL (ADVAN1)
0MAXIMUM NO. OF BASIC PK PARAMETERS:   2
0BASIC PK PARAMETERS (AFTER TRANSLATION):
   ELIMINATION RATE (K) IS BASIC PK PARAMETER NO.:  1

 TRANSLATOR WILL CONVERT PARAMETERS
 CLEARANCE (CL) AND VOLUME (V) TO K (TRANS2)
0COMPARTMENT ATTRIBUTES
 COMPT. NO.   FUNCTION   INITIAL    ON/OFF      DOSE      DEFAULT    DEFAULT
                         STATUS     ALLOWED    ALLOWED    FOR DOSE   FOR OBS.
    1         CENTRAL      ON         NO         YES        YES        YES
    2         OUTPUT       OFF        YES        NO         NO         NO
1
 ADDITIONAL PK PARAMETERS - ASSIGNMENT OF ROWS IN GG
 COMPT. NO.                             INDICES
              SCALE      BIOAVAIL.   ZERO-ORDER  ZERO-ORDER  ABSORB
                         FRACTION    RATE        DURATION    LAG
    1            3           *           *           *           *
    2            *           -           -           -           -
             - PARAMETER IS NOT ALLOWED FOR THIS MODEL
             * PARAMETER IS NOT SUPPLIED BY PK SUBROUTINE;
               WILL DEFAULT TO ONE IF APPLICABLE
0DATA ITEM INDICES USED BY PRED ARE:
   EVENT ID DATA ITEM IS DATA ITEM NO.:      6
   TIME DATA ITEM IS DATA ITEM NO.:          2
   DOSE AMOUNT DATA ITEM IS DATA ITEM NO.:   7
   DOSE RATE DATA ITEM IS DATA ITEM NO.:     8
   INTERVAL DATA ITEM IS DATA ITEM NO.:     10
   ADDL. DOSES DATA ITEM IS DATA ITEM NO.:   9
   COMPT. NO. DATA ITEM IS DATA ITEM NO.:    5

0PK SUBROUTINE CALLED WITH EVERY EVENT RECORD.
 PK SUBROUTINE NOT CALLED AT NONEVENT (ADDITIONAL OR LAGGED) DOSE TIMES.
0ERROR SUBROUTINE CALLED WITH EVERY EVENT RECORD.
1


 #TBLN:      1
 #METH: Chain Method Processing

 RANDOM GENERATION TYPE (CTYPE):     0
 RANDOM GENERATION SEED (SEED):      11456
 RANDOM SAMPLE SELECTION (ISAMPLE):  4
 RANDOM SAMPLE RANGE END (ISAMPEND): -2147483647
 NUMBER OF RANDOM SAMPLES (NSAMPLE): 0
 UNIFORM FRACTIONAL RANGE (IACCEPT): 0.400000000000000
 RANDOM SELECTION TYPE (SELECT):     0
 DEG. FR. TO GENERATE OMEGAS (DF):   20
 DEG. FR. TO GENERATE SIGMAS (DFS):  -1
 CHAIN FILE (FILE):                  ..\run100.chn
 EXCL. TITLE IN CHAIN FILE (NOTITLE):NO
 EX. COL. LBS. IN CHAIN FL.(NOLABEL):NO
 FORMAT FOR CHAIN FILE (FORMAT):     S1PE12.5
 PAR. ORDER in CHAIN FILE (ORDER):   TSOL
 RANDOM SAMPLING METHOD (RANMETHOD):3U

 THE FOLLOWING LABELS ARE EQUIVALENT
 PRED=NPRED
 RES=NRES
 WRES=NWRES
 IWRS=NIWRES
 IPRD=NIPRED
 IRS=NIRES



 FROM SAMPLE 4 OF CHAIN FILE ..\run100.chn
 NEW INITIAL ESTIMATES OF THETA
  0.6050E-01
  0.1739E-02
 NEW INITIAL ESTIMATES OF OMEGA
  0.1747E+00
  0.1747E+00  0.1748E+00
 NEW INITIAL ESTIMATES OF SIGMA
  0.4110E-01
1


 #TBLN:      1
 #METH: MCMC Bayesian Analysis

 ESTIMATION STEP OMITTED:                 NO
 ANALYSIS TYPE:                           POPULATION
 NUMBER OF SADDLE POINT RESET ITERATIONS:      0
 GRADIENT METHOD USED:               NOSLOW
 CONDITIONAL ESTIMATES USED:              YES
 CENTERED ETA:                            NO
 EPS-ETA INTERACTION:                     YES
 LAPLACIAN OBJ. FUNC.:                    NO
 NO. OF FUNCT. EVALS. ALLOWED:            840
 NO. OF SIG. FIGURES REQUIRED:            3
 INTERMEDIATE PRINTOUT:                   YES
 ESTIMATE OUTPUT TO MSF:                  NO
 IND. OBJ. FUNC. VALUES SORTED:           NO
 NUMERICAL DERIVATIVE
       FILE REQUEST (NUMDER):               NONE
 MAP (ETAHAT) ESTIMATION METHOD (OPTMAP):   0
 ETA HESSIAN EVALUATION METHOD (ETADER):    0
 INITIAL ETA FOR MAP ESTIMATION (MCETA):    0
 SIGDIGITS FOR MAP ESTIMATION (SIGLO):      100
 GRADIENT SIGDIGITS OF
       FIXED EFFECTS PARAMETERS (SIGL):     100
 NOPRIOR SETTING (NOPRIOR):                 OFF
 NOCOV SETTING (NOCOV):                     OFF
 DERCONT SETTING (DERCONT):                 OFF
 FINAL ETA RE-EVALUATION (FNLETA):          ON
 EXCLUDE NON-INFLUENTIAL (NON-INFL.) ETAS
       IN SHRINKAGE (ETASTYPE):             NO
 NON-INFL. ETA CORRECTION (NONINFETA):      OFF
 RAW OUTPUT FILE (FILE): run119_nids_56_s2d_c4.ext
 EXCLUDE TITLE (NOTITLE):                   NO
 EXCLUDE COLUMN LABELS (NOLABEL):           NO
 FORMAT FOR ADDITIONAL FILES (FORMAT):      S1PE12.5
 PARAMETER ORDER FOR OUTPUTS (ORDER):       TSOL
 WISHART PRIOR DF INTERPRETATION (WISHTYPE):0
 KNUTHSUMOFF:                               0
 INCLUDE LNTWOPI:                           NO
 INCLUDE CONSTANT TERM TO PRIOR (PRIORC):   NO
 INCLUDE CONSTANT TERM TO OMEGA (ETA) (OLNTWOPI):NO
 EM OR BAYESIAN METHOD USED:                MCMC BAYESIAN (BAYES)
 MU MODELING PATTERN (MUM):
 GRADIENT/GIBBS PATTERN (GRD):
 AUTOMATIC SETTING FEATURE (AUTO):          OFF
 CONVERGENCE TYPE (CTYPE):                  3
 KEEP ITERATIONS (THIN):            1
 CONVERGENCE INTERVAL (CINTERVAL):          20
 CONVERGENCE ITERATIONS (CITER):            10
 CONVERGENCE ALPHA ERROR (CALPHA):          5.000000000000000E-02
 BURN-IN ITERATIONS (NBURN):                4000
 ITERATIONS (NITER):                        10000
 ANEAL SETTING (CONSTRAIN):                 1
 STARTING SEED FOR MC METHODS (SEED):       56664
 MC SAMPLES PER SUBJECT (ISAMPLE):          1
 RANDOM SAMPLING METHOD (RANMETHOD):        3U
 PROPOSAL DENSITY SCALING RANGE
              (ISCALE_MIN, ISCALE_MAX):     1.000000000000000E-06   ,1000000.00000000
 SAMPLE ACCEPTANCE RATE (IACCEPT):          0.400000000000000
 METROPOLIS HASTINGS SAMPLING FOR INDIVIDUAL ETAS:
 SAMPLES FOR GLOBAL SEARCH KERNEL (ISAMPLE_M1):          2
 SAMPLES FOR NEIGHBOR SEARCH KERNEL (ISAMPLE_M1A):       0
 SAMPLES FOR MASS/IMP/POST. MATRIX SEARCH (ISAMPLE_M1B): 2
 SAMPLES FOR LOCAL SEARCH KERNEL (ISAMPLE_M2):           2
 SAMPLES FOR LOCAL UNIVARIATE KERNEL (ISAMPLE_M3):       2
 PWR. WT. MASS/IMP/POST MATRIX ACCUM. FOR ETAS (IKAPPA): 1.00000000000000
 MASS/IMP./POST. MATRIX REFRESH SETTING (MASSREST):      -1
 METROPOLIS HASTINGS POPULATION SAMPLING FOR NON-GIBBS
 SAMPLED THETAS AND SIGMAS:
 PROPOSAL DENSITY SCALING RANGE
              (PSCALE_MIN, PSCALE_MAX):   1.000000000000000E-02   ,1000.00000000000
 SAMPLE ACCEPTANCE RATE (PACCEPT):                       0.500000000000000
 SAMPLES FOR GLOBAL SEARCH KERNEL (PSAMPLE_M1):          1
 SAMPLES FOR LOCAL SEARCH KERNEL (PSAMPLE_M2):           -1
 SAMPLES FOR LOCAL UNIVARIATE KERNEL (PSAMPLE_M3):       1
 METROPOLIS HASTINGS POPULATION SAMPLING FOR NON-GIBBS
 SAMPLED OMEGAS:
 SAMPLE ACCEPTANCE RATE (OACCEPT):                       0.500000000000000
 SAMPLES FOR GLOBAL SEARCH KERNEL (OSAMPLE_M1):          -1
 SAMPLES FOR LOCAL SEARCH KERNEL (OSAMPLE_M2):           -1
 SAMPLES FOR LOCAL UNIVARIATE SEARCH KERNEL (OSAMPLE_M3):0
 DEG. FR. FOR T DIST.  PRIOR FOR THETAS (TTDF):        0.00000000000000
 DEG. FR. FOR LKJ CORRELATION PRIOR FOR OMEGAS (OLKJDF): 0.00000000000000
 WEIGHT FACTOR FOR STD PRIOR FOR OMEGAS (OVARF): 1.00000000000000
 DEG. FR. FOR LKJ CORRELATION PRIOR FOR SIGMAS (SLKJDF): 0.00000000000000
 WEIGHT FACTOR FOR STD PRIOR FOR SIGMAS (SVARF): 1.00000000000000


 THE FOLLOWING LABELS ARE EQUIVALENT
 PRED=PREDI
 RES=RESI
 WRES=WRESI
 IWRS=IWRESI
 IPRD=IPREDI
 IRS=IRESI

 EM/BAYES SETUP:
 THETAS THAT ARE MU MODELED:
   1   2
 THETAS THAT ARE GIBBS SAMPLED:
   1   2
 THETAS THAT ARE METROPOLIS-HASTINGS SAMPLED:
 
 SIGMAS THAT ARE GIBBS SAMPLED:
   1
 SIGMAS THAT ARE METROPOLIS-HASTINGS SAMPLED:
 
 OMEGAS ARE GIBBS SAMPLED

 MONITORING OF SEARCH:

 Burn-in Mode
 iteration        -4000 MCMCOBJ=    1130501191.6340752     
 iteration        -3980 MCMCOBJ=    886.38679627692272     
 iteration        -3960 MCMCOBJ=    635.02519098170114     
 iteration        -3940 MCMCOBJ=    639.29972784548977     
 iteration        -3920 MCMCOBJ=    643.70086187125514     
 iteration        -3900 MCMCOBJ=    638.73870763439299     
 iteration        -3880 MCMCOBJ=    641.79850855407233     
 iteration        -3860 MCMCOBJ=    662.83913914486209     
 iteration        -3840 MCMCOBJ=    612.02727749722749     
 iteration        -3820 MCMCOBJ=    671.96539413971811     
 iteration        -3800 MCMCOBJ=    659.62353993398585     
 Convergence achieved
 Sampling Mode
 iteration            0 MCMCOBJ=    660.37186031298438     
 iteration           20 MCMCOBJ=    672.89429015487053     
 iteration           40 MCMCOBJ=    651.77916928685795     
 iteration           60 MCMCOBJ=    636.44789929411479     
 iteration           80 MCMCOBJ=    658.21301295914452     
 iteration          100 MCMCOBJ=    637.57654731042931     
 iteration          120 MCMCOBJ=    642.80918191500518     
 iteration          140 MCMCOBJ=    640.75076913876114     
 iteration          160 MCMCOBJ=    670.85964424869758     
 iteration          180 MCMCOBJ=    618.75642150796330     
 iteration          200 MCMCOBJ=    634.75730350710160     
 iteration          220 MCMCOBJ=    620.80974996174450     
 iteration          240 MCMCOBJ=    636.05235562853159     
 iteration          260 MCMCOBJ=    659.70500854750708     
 iteration          280 MCMCOBJ=    665.31146413429065     
 iteration          300 MCMCOBJ=    650.29149224780974     
 iteration          320 MCMCOBJ=    629.99390069885658     
 iteration          340 MCMCOBJ=    629.19630554616936     
 iteration          360 MCMCOBJ=    641.06300310635629     
 iteration          380 MCMCOBJ=    637.77682473252105     
 iteration          400 MCMCOBJ=    639.55263193350083     
 iteration          420 MCMCOBJ=    664.16693554135009     
 iteration          440 MCMCOBJ=    657.90432420912771     
 iteration          460 MCMCOBJ=    662.43723394630774     
 iteration          480 MCMCOBJ=    639.99454024905890     
 iteration          500 MCMCOBJ=    647.30856861673965     
 iteration          520 MCMCOBJ=    664.15749893124882     
 iteration          540 MCMCOBJ=    656.80991917964752     
 iteration          560 MCMCOBJ=    642.89808290697067     
 iteration          580 MCMCOBJ=    629.52459797413314     
 iteration          600 MCMCOBJ=    687.78006159102370     
 iteration          620 MCMCOBJ=    635.83958019536192     
 iteration          640 MCMCOBJ=    651.71030072346502     
 iteration          660 MCMCOBJ=    632.09606878789134     
 iteration          680 MCMCOBJ=    657.21026884372543     
 iteration          700 MCMCOBJ=    636.51942262663931     
 iteration          720 MCMCOBJ=    675.68329396538240     
 iteration          740 MCMCOBJ=    651.87786594396607     
 iteration          760 MCMCOBJ=    640.93552267307905     
 iteration          780 MCMCOBJ=    624.81205462945343     
 iteration          800 MCMCOBJ=    651.98224679478562     
 iteration          820 MCMCOBJ=    631.03073983523598     
 iteration          840 MCMCOBJ=    653.07469788728747     
 iteration          860 MCMCOBJ=    644.77461513898891     
 iteration          880 MCMCOBJ=    656.66084537103586     
 iteration          900 MCMCOBJ=    648.09087844510475     
 iteration          920 MCMCOBJ=    664.77992719854728     
 iteration          940 MCMCOBJ=    634.50378573223747     
 iteration          960 MCMCOBJ=    642.34461487476801     
 iteration          980 MCMCOBJ=    650.67891401481165     
 iteration         1000 MCMCOBJ=    632.94023144527068     
 iteration         1020 MCMCOBJ=    662.82048432016927     
 iteration         1040 MCMCOBJ=    621.09038462356477     
 iteration         1060 MCMCOBJ=    643.73388597535177     
 iteration         1080 MCMCOBJ=    641.03807336151090     
 iteration         1100 MCMCOBJ=    632.58607194848560     
 iteration         1120 MCMCOBJ=    638.21409624282171     
 iteration         1140 MCMCOBJ=    637.06104294209217     
 iteration         1160 MCMCOBJ=    671.94796297193204     
 iteration         1180 MCMCOBJ=    612.54801478338811     
 iteration         1200 MCMCOBJ=    680.83472604920109     
 iteration         1220 MCMCOBJ=    623.01303949887108     
 iteration         1240 MCMCOBJ=    639.61540615935246     
 iteration         1260 MCMCOBJ=    659.29559613139384     
 iteration         1280 MCMCOBJ=    630.89236339472927     
 iteration         1300 MCMCOBJ=    633.07134396442837     
 iteration         1320 MCMCOBJ=    664.78997592124892     
 iteration         1340 MCMCOBJ=    633.13022378712992     
 iteration         1360 MCMCOBJ=    624.34876749516502     
 iteration         1380 MCMCOBJ=    680.04788685731285     
 iteration         1400 MCMCOBJ=    638.60810408936675     
 iteration         1420 MCMCOBJ=    635.02389597379226     
 iteration         1440 MCMCOBJ=    638.11115062356873     
 iteration         1460 MCMCOBJ=    629.36880198911319     
 iteration         1480 MCMCOBJ=    637.72295135121919     
 iteration         1500 MCMCOBJ=    658.17155790598099     
 iteration         1520 MCMCOBJ=    644.01237334977873     
 iteration         1540 MCMCOBJ=    638.43477075347676     
 iteration         1560 MCMCOBJ=    647.00586934795137     
 iteration         1580 MCMCOBJ=    650.87056045478528     
 iteration         1600 MCMCOBJ=    636.67262613223522     
 iteration         1620 MCMCOBJ=    645.86415550406775     
 iteration         1640 MCMCOBJ=    660.68302753464843     
 iteration         1660 MCMCOBJ=    662.59902269383269     
 iteration         1680 MCMCOBJ=    651.82652056643121     
 iteration         1700 MCMCOBJ=    623.79354893669461     
 iteration         1720 MCMCOBJ=    605.55006488372010     
 iteration         1740 MCMCOBJ=    624.10578712894187     
 iteration         1760 MCMCOBJ=    645.70140863673657     
 iteration         1780 MCMCOBJ=    693.77241877266306     
 iteration         1800 MCMCOBJ=    641.83791789598968     
 iteration         1820 MCMCOBJ=    677.76449541800525     
 iteration         1840 MCMCOBJ=    649.49275764105289     
 iteration         1860 MCMCOBJ=    640.92222615477954     
 iteration         1880 MCMCOBJ=    640.58482435604719     
 iteration         1900 MCMCOBJ=    670.12757247840000     
 iteration         1920 MCMCOBJ=    648.28553277876745     
 iteration         1940 MCMCOBJ=    610.91580222040329     
 iteration         1960 MCMCOBJ=    648.95326333143794     
 iteration         1980 MCMCOBJ=    608.08532784591375     
 iteration         2000 MCMCOBJ=    669.42488202808124     
 iteration         2020 MCMCOBJ=    623.34962657774224     
 iteration         2040 MCMCOBJ=    699.91741812238661     
 iteration         2060 MCMCOBJ=    646.93369328388087     
 iteration         2080 MCMCOBJ=    665.22296458414348     
 iteration         2100 MCMCOBJ=    653.81208788511412     
 iteration         2120 MCMCOBJ=    678.98687193971386     
 iteration         2140 MCMCOBJ=    653.17465321600548     
 iteration         2160 MCMCOBJ=    637.69586011094555     
 iteration         2180 MCMCOBJ=    702.26494497231272     
 iteration         2200 MCMCOBJ=    625.05987302954577     
 iteration         2220 MCMCOBJ=    614.55070475472758     
 iteration         2240 MCMCOBJ=    619.46272194881885     
 iteration         2260 MCMCOBJ=    627.09120971939126     
 iteration         2280 MCMCOBJ=    645.47220145700066     
 iteration         2300 MCMCOBJ=    641.29933795936245     
 iteration         2320 MCMCOBJ=    626.93870339041473     
 iteration         2340 MCMCOBJ=    671.52991979333933     
 iteration         2360 MCMCOBJ=    632.63580802997592     
 iteration         2380 MCMCOBJ=    651.14998527369846     
 iteration         2400 MCMCOBJ=    649.07107171320490     
 iteration         2420 MCMCOBJ=    659.34977647189805     
 iteration         2440 MCMCOBJ=    651.45246760198472     
 iteration         2460 MCMCOBJ=    660.33121714090419     
 iteration         2480 MCMCOBJ=    655.53785431431288     
 iteration         2500 MCMCOBJ=    650.81963217794680     
 iteration         2520 MCMCOBJ=    635.12084937812051     
 iteration         2540 MCMCOBJ=    654.46140493083658     
 iteration         2560 MCMCOBJ=    623.97619550388288     
 iteration         2580 MCMCOBJ=    632.93057300826342     
 iteration         2600 MCMCOBJ=    633.14240309488196     
 iteration         2620 MCMCOBJ=    622.91332603978015     
 iteration         2640 MCMCOBJ=    630.07121530546226     
 iteration         2660 MCMCOBJ=    653.78062499979035     
 iteration         2680 MCMCOBJ=    644.08896887751359     
 iteration         2700 MCMCOBJ=    632.94635499097819     
 iteration         2720 MCMCOBJ=    650.35260932284530     
 iteration         2740 MCMCOBJ=    633.20280603310994     
 iteration         2760 MCMCOBJ=    647.39489479429074     
 iteration         2780 MCMCOBJ=    640.67716108724233     
 iteration         2800 MCMCOBJ=    606.04010767388581     
 iteration         2820 MCMCOBJ=    656.22062786520996     
 iteration         2840 MCMCOBJ=    636.38115782355339     
 iteration         2860 MCMCOBJ=    649.52536072901955     
 iteration         2880 MCMCOBJ=    657.96002863279637     
 iteration         2900 MCMCOBJ=    647.47089316954646     
 iteration         2920 MCMCOBJ=    632.38935918649190     
 iteration         2940 MCMCOBJ=    611.40222441941933     
 iteration         2960 MCMCOBJ=    648.03082252642844     
 iteration         2980 MCMCOBJ=    627.06587244612274     
 iteration         3000 MCMCOBJ=    656.75257528227235     
 iteration         3020 MCMCOBJ=    641.59098044505220     
 iteration         3040 MCMCOBJ=    624.78977473060900     
 iteration         3060 MCMCOBJ=    623.86859230156460     
 iteration         3080 MCMCOBJ=    642.13021244043239     
 iteration         3100 MCMCOBJ=    638.74903700329730     
 iteration         3120 MCMCOBJ=    646.83104791808307     
 iteration         3140 MCMCOBJ=    625.91765500240706     
 iteration         3160 MCMCOBJ=    664.28903191587813     
 iteration         3180 MCMCOBJ=    628.70128100840179     
 iteration         3200 MCMCOBJ=    658.98191698194069     
 iteration         3220 MCMCOBJ=    633.61622156765657     
 iteration         3240 MCMCOBJ=    633.27417251259510     
 iteration         3260 MCMCOBJ=    634.82623001732543     
 iteration         3280 MCMCOBJ=    623.84461868005337     
 iteration         3300 MCMCOBJ=    648.80573898039711     
 iteration         3320 MCMCOBJ=    640.39936475018408     
 iteration         3340 MCMCOBJ=    655.30828975314478     
 iteration         3360 MCMCOBJ=    631.46013180678040     
 iteration         3380 MCMCOBJ=    630.19474865569134     
 iteration         3400 MCMCOBJ=    657.04543145480022     
 iteration         3420 MCMCOBJ=    639.47607356360379     
 iteration         3440 MCMCOBJ=    606.53533689668325     
 iteration         3460 MCMCOBJ=    693.12623600467452     
 iteration         3480 MCMCOBJ=    639.13408147368023     
 iteration         3500 MCMCOBJ=    668.43247219967839     
 iteration         3520 MCMCOBJ=    673.35486783586964     
 iteration         3540 MCMCOBJ=    632.27216582875019     
 iteration         3560 MCMCOBJ=    617.44018824986597     
 iteration         3580 MCMCOBJ=    676.18446275976191     
 iteration         3600 MCMCOBJ=    635.16806099799896     
 iteration         3620 MCMCOBJ=    681.97595576646972     
 iteration         3640 MCMCOBJ=    680.44768820574052     
 iteration         3660 MCMCOBJ=    639.76028935663396     
 iteration         3680 MCMCOBJ=    627.75535779883592     
 iteration         3700 MCMCOBJ=    655.02073774140513     
 iteration         3720 MCMCOBJ=    631.13902110080630     
 iteration         3740 MCMCOBJ=    642.49288543703312     
 iteration         3760 MCMCOBJ=    633.92921718765820     
 iteration         3780 MCMCOBJ=    627.99722002062003     
 iteration         3800 MCMCOBJ=    655.69911252172494     
 iteration         3820 MCMCOBJ=    675.19619930853787     
 iteration         3840 MCMCOBJ=    636.90535771520695     
 iteration         3860 MCMCOBJ=    623.39526630972591     
 iteration         3880 MCMCOBJ=    646.75707255448663     
 iteration         3900 MCMCOBJ=    649.73429606280695     
 iteration         3920 MCMCOBJ=    658.31101375345281     
 iteration         3940 MCMCOBJ=    623.41841640495852     
 iteration         3960 MCMCOBJ=    652.81977034466831     
 iteration         3980 MCMCOBJ=    681.57789071072921     
 iteration         4000 MCMCOBJ=    615.64506979037492     
 iteration         4020 MCMCOBJ=    658.74109484619555     
 iteration         4040 MCMCOBJ=    628.36050621575168     
 iteration         4060 MCMCOBJ=    684.60174845435051     
 iteration         4080 MCMCOBJ=    621.93240455451803     
 iteration         4100 MCMCOBJ=    619.80119836253959     
 iteration         4120 MCMCOBJ=    626.41216344741292     
 iteration         4140 MCMCOBJ=    650.19175107496176     
 iteration         4160 MCMCOBJ=    678.90702584313794     
 iteration         4180 MCMCOBJ=    633.85479236537367     
 iteration         4200 MCMCOBJ=    639.30189240513209     
 iteration         4220 MCMCOBJ=    642.54677362525604     
 iteration         4240 MCMCOBJ=    643.09555989049397     
 iteration         4260 MCMCOBJ=    634.91939213617604     
 iteration         4280 MCMCOBJ=    646.47130062781184     
 iteration         4300 MCMCOBJ=    634.26871888087385     
 iteration         4320 MCMCOBJ=    651.76009847973660     
 iteration         4340 MCMCOBJ=    667.40285747100143     
 iteration         4360 MCMCOBJ=    616.91549284201392     
 iteration         4380 MCMCOBJ=    651.19371541167311     
 iteration         4400 MCMCOBJ=    631.92754587304830     
 iteration         4420 MCMCOBJ=    656.89701693836594     
 iteration         4440 MCMCOBJ=    631.80566749306411     
 iteration         4460 MCMCOBJ=    623.72049425165460     
 iteration         4480 MCMCOBJ=    656.71316411457008     
 iteration         4500 MCMCOBJ=    646.36290667394132     
 iteration         4520 MCMCOBJ=    657.83484136667494     
 iteration         4540 MCMCOBJ=    627.69218989211902     
 iteration         4560 MCMCOBJ=    677.52450387591534     
 iteration         4580 MCMCOBJ=    657.80812883562623     
 iteration         4600 MCMCOBJ=    624.23268775361987     
 iteration         4620 MCMCOBJ=    654.94912726815460     
 iteration         4640 MCMCOBJ=    604.33602491320880     
 iteration         4660 MCMCOBJ=    658.79998482512281     
 iteration         4680 MCMCOBJ=    635.59569651852428     
 iteration         4700 MCMCOBJ=    633.81503520071317     
 iteration         4720 MCMCOBJ=    687.83531348169583     
 iteration         4740 MCMCOBJ=    642.00934834030284     
 iteration         4760 MCMCOBJ=    653.91475029476589     
 iteration         4780 MCMCOBJ=    646.36428254703458     
 iteration         4800 MCMCOBJ=    645.33575231073610     
 iteration         4820 MCMCOBJ=    658.68687519896935     
 iteration         4840 MCMCOBJ=    630.60966138211472     
 iteration         4860 MCMCOBJ=    659.71784795151734     
 iteration         4880 MCMCOBJ=    682.85374517495381     
 iteration         4900 MCMCOBJ=    622.55865339236425     
 iteration         4920 MCMCOBJ=    647.23478786366877     
 iteration         4940 MCMCOBJ=    649.83898768746769     
 iteration         4960 MCMCOBJ=    647.43990578008527     
 iteration         4980 MCMCOBJ=    640.05935340820861     
 iteration         5000 MCMCOBJ=    648.83841548422549     
 iteration         5020 MCMCOBJ=    658.78514587946006     
 iteration         5040 MCMCOBJ=    664.00602182985767     
 iteration         5060 MCMCOBJ=    608.08950900213824     
 iteration         5080 MCMCOBJ=    642.57385068529766     
 iteration         5100 MCMCOBJ=    622.46463723929355     
 iteration         5120 MCMCOBJ=    637.30326280776296     
 iteration         5140 MCMCOBJ=    655.90744564137617     
 iteration         5160 MCMCOBJ=    631.24297171627938     
 iteration         5180 MCMCOBJ=    628.49630554020121     
 iteration         5200 MCMCOBJ=    640.28918936801165     
 iteration         5220 MCMCOBJ=    651.82557611789434     
 iteration         5240 MCMCOBJ=    629.57621134586429     
 iteration         5260 MCMCOBJ=    625.09347180304451     
 iteration         5280 MCMCOBJ=    644.37198147938955     
 iteration         5300 MCMCOBJ=    642.01954231133698     
 iteration         5320 MCMCOBJ=    617.50620639485498     
 iteration         5340 MCMCOBJ=    634.34127789096704     
 iteration         5360 MCMCOBJ=    640.31611465394781     
 iteration         5380 MCMCOBJ=    652.33139217230666     
 iteration         5400 MCMCOBJ=    622.09333654036766     
 iteration         5420 MCMCOBJ=    636.10142868116634     
 iteration         5440 MCMCOBJ=    619.25009719216769     
 iteration         5460 MCMCOBJ=    665.77688511492352     
 iteration         5480 MCMCOBJ=    636.21352874693798     
 iteration         5500 MCMCOBJ=    648.01598548475386     
 iteration         5520 MCMCOBJ=    673.38569587507084     
 iteration         5540 MCMCOBJ=    668.53793846247493     
 iteration         5560 MCMCOBJ=    623.14377531618129     
 iteration         5580 MCMCOBJ=    633.63032789915212     
 iteration         5600 MCMCOBJ=    625.51813109509101     
 iteration         5620 MCMCOBJ=    609.53422002937248     
 iteration         5640 MCMCOBJ=    641.61577692484866     
 iteration         5660 MCMCOBJ=    621.77945188272054     
 iteration         5680 MCMCOBJ=    687.55168213181423     
 iteration         5700 MCMCOBJ=    630.24312637484570     
 iteration         5720 MCMCOBJ=    646.61957908017234     
 iteration         5740 MCMCOBJ=    644.57194762719564     
 iteration         5760 MCMCOBJ=    669.60142233899910     
 iteration         5780 MCMCOBJ=    626.83077406955147     
 iteration         5800 MCMCOBJ=    662.20459913864113     
 iteration         5820 MCMCOBJ=    639.05579475129150     
 iteration         5840 MCMCOBJ=    628.69245310618965     
 iteration         5860 MCMCOBJ=    660.83934966835204     
 iteration         5880 MCMCOBJ=    676.31466741455313     
 iteration         5900 MCMCOBJ=    685.22422839134936     
 iteration         5920 MCMCOBJ=    630.98684676454798     
 iteration         5940 MCMCOBJ=    653.40168765328463     
 iteration         5960 MCMCOBJ=    638.08199413407897     
 iteration         5980 MCMCOBJ=    636.03649690709869     
 iteration         6000 MCMCOBJ=    690.38044506494020     
 iteration         6020 MCMCOBJ=    623.49446567436803     
 iteration         6040 MCMCOBJ=    633.77971160538800     
 iteration         6060 MCMCOBJ=    647.62291070240394     
 iteration         6080 MCMCOBJ=    659.80587130014226     
 iteration         6100 MCMCOBJ=    602.04790180682926     
 iteration         6120 MCMCOBJ=    649.58625820735847     
 iteration         6140 MCMCOBJ=    631.07566792182263     
 iteration         6160 MCMCOBJ=    637.18191038237535     
 iteration         6180 MCMCOBJ=    687.21194966623045     
 iteration         6200 MCMCOBJ=    628.99760288050572     
 iteration         6220 MCMCOBJ=    659.47789269812915     
 iteration         6240 MCMCOBJ=    652.11532018962600     
 iteration         6260 MCMCOBJ=    650.69940631814711     
 iteration         6280 MCMCOBJ=    656.86573680164054     
 iteration         6300 MCMCOBJ=    608.72134622610838     
 iteration         6320 MCMCOBJ=    689.39321433649718     
 iteration         6340 MCMCOBJ=    621.02335134969769     
 iteration         6360 MCMCOBJ=    652.57837749163855     
 iteration         6380 MCMCOBJ=    623.34103565513431     
 iteration         6400 MCMCOBJ=    681.15060362403483     
 iteration         6420 MCMCOBJ=    646.38653785512690     
 iteration         6440 MCMCOBJ=    648.05567391371721     
 iteration         6460 MCMCOBJ=    634.32271743697868     
 iteration         6480 MCMCOBJ=    625.34521762942200     
 iteration         6500 MCMCOBJ=    636.82312489286073     
 iteration         6520 MCMCOBJ=    632.46592175080195     
 iteration         6540 MCMCOBJ=    633.27964308354024     
 iteration         6560 MCMCOBJ=    637.32037551931501     
 iteration         6580 MCMCOBJ=    679.53102608201129     
 iteration         6600 MCMCOBJ=    698.37978594277217     
 iteration         6620 MCMCOBJ=    634.88542740708237     
 iteration         6640 MCMCOBJ=    667.33955769741249     
 iteration         6660 MCMCOBJ=    653.84030134359455     
 iteration         6680 MCMCOBJ=    671.32000550365319     
 iteration         6700 MCMCOBJ=    682.11269077722216     
 iteration         6720 MCMCOBJ=    656.57591929833291     
 iteration         6740 MCMCOBJ=    657.85055986764655     
 iteration         6760 MCMCOBJ=    640.26124232603183     
 iteration         6780 MCMCOBJ=    654.28562482255757     
 iteration         6800 MCMCOBJ=    634.81087098680553     
 iteration         6820 MCMCOBJ=    670.52399224086696     
 iteration         6840 MCMCOBJ=    658.86254716344865     
 iteration         6860 MCMCOBJ=    679.15924004980116     
 iteration         6880 MCMCOBJ=    646.71713260241495     
 iteration         6900 MCMCOBJ=    646.22562778621307     
 iteration         6920 MCMCOBJ=    676.39154344822703     
 iteration         6940 MCMCOBJ=    657.49373510995576     
 iteration         6960 MCMCOBJ=    680.83625904317557     
 iteration         6980 MCMCOBJ=    620.35675763587790     
 iteration         7000 MCMCOBJ=    657.90717283011168     
 iteration         7020 MCMCOBJ=    651.92207341767926     
 iteration         7040 MCMCOBJ=    625.62731151683306     
 iteration         7060 MCMCOBJ=    623.73861634351522     
 iteration         7080 MCMCOBJ=    693.27803265972852     
 iteration         7100 MCMCOBJ=    653.05850382261872     
 iteration         7120 MCMCOBJ=    618.85932770626778     
 iteration         7140 MCMCOBJ=    636.34002857486746     
 iteration         7160 MCMCOBJ=    630.31202038615072     
 iteration         7180 MCMCOBJ=    654.49332321359520     
 iteration         7200 MCMCOBJ=    651.14436490237767     
 iteration         7220 MCMCOBJ=    634.10532801106024     
 iteration         7240 MCMCOBJ=    649.65780349011834     
 iteration         7260 MCMCOBJ=    622.76841511648536     
 iteration         7280 MCMCOBJ=    656.75380502438190     
 iteration         7300 MCMCOBJ=    656.22802485932118     
 iteration         7320 MCMCOBJ=    633.11409218956521     
 iteration         7340 MCMCOBJ=    675.59303689187630     
 iteration         7360 MCMCOBJ=    651.11209368196978     
 iteration         7380 MCMCOBJ=    638.74758157024576     
 iteration         7400 MCMCOBJ=    622.48434715953613     
 iteration         7420 MCMCOBJ=    646.16053462741252     
 iteration         7440 MCMCOBJ=    633.00932426919678     
 iteration         7460 MCMCOBJ=    670.51535984866291     
 iteration         7480 MCMCOBJ=    627.05920075670724     
 iteration         7500 MCMCOBJ=    646.55065964945459     
 iteration         7520 MCMCOBJ=    638.95619580593984     
 iteration         7540 MCMCOBJ=    639.39865805992827     
 iteration         7560 MCMCOBJ=    638.39120038963915     
 iteration         7580 MCMCOBJ=    620.55706137951938     
 iteration         7600 MCMCOBJ=    638.61964847396916     
 iteration         7620 MCMCOBJ=    620.55741814958094     
 iteration         7640 MCMCOBJ=    649.32237992841067     
 iteration         7660 MCMCOBJ=    634.95937812410989     
 iteration         7680 MCMCOBJ=    653.65889006127225     
 iteration         7700 MCMCOBJ=    681.48781424769982     
 iteration         7720 MCMCOBJ=    662.20982885269598     
 iteration         7740 MCMCOBJ=    667.95460264995779     
 iteration         7760 MCMCOBJ=    648.68344956731300     
 iteration         7780 MCMCOBJ=    674.17570096519603     
 iteration         7800 MCMCOBJ=    646.74707496413566     
 iteration         7820 MCMCOBJ=    657.82669223407834     
 iteration         7840 MCMCOBJ=    611.48827685751326     
 iteration         7860 MCMCOBJ=    655.71696432243903     
 iteration         7880 MCMCOBJ=    624.34679784801847     
 iteration         7900 MCMCOBJ=    661.60516504667885     
 iteration         7920 MCMCOBJ=    665.18714126838302     
 iteration         7940 MCMCOBJ=    637.98194317457137     
 iteration         7960 MCMCOBJ=    655.52369042282874     
 iteration         7980 MCMCOBJ=    661.12818586355615     
 iteration         8000 MCMCOBJ=    614.11680129190131     
 iteration         8020 MCMCOBJ=    655.74564063630578     
 iteration         8040 MCMCOBJ=    667.55490396757398     
 iteration         8060 MCMCOBJ=    618.29512551368555     
 iteration         8080 MCMCOBJ=    625.03708989633014     
 iteration         8100 MCMCOBJ=    660.74576110060161     
 iteration         8120 MCMCOBJ=    640.11805632364621     
 iteration         8140 MCMCOBJ=    644.65770283929101     
 iteration         8160 MCMCOBJ=    612.87039013377239     
 iteration         8180 MCMCOBJ=    666.26468084543592     
 iteration         8200 MCMCOBJ=    679.21631764900576     
 iteration         8220 MCMCOBJ=    642.57015774370393     
 iteration         8240 MCMCOBJ=    637.41215487292959     
 iteration         8260 MCMCOBJ=    667.54805575749958     
 iteration         8280 MCMCOBJ=    653.44605470065505     
 iteration         8300 MCMCOBJ=    624.83094776013456     
 iteration         8320 MCMCOBJ=    652.67315067561503     
 iteration         8340 MCMCOBJ=    637.23488289712657     
 iteration         8360 MCMCOBJ=    638.60995881412998     
 iteration         8380 MCMCOBJ=    629.73671416719446     
 iteration         8400 MCMCOBJ=    651.41856904488202     
 iteration         8420 MCMCOBJ=    644.56968143659333     
 iteration         8440 MCMCOBJ=    688.00483928648600     
 iteration         8460 MCMCOBJ=    640.32996379530391     
 iteration         8480 MCMCOBJ=    640.30020797883367     
 iteration         8500 MCMCOBJ=    676.96474360557409     
 iteration         8520 MCMCOBJ=    645.86677005568117     
 iteration         8540 MCMCOBJ=    657.08731822798177     
 iteration         8560 MCMCOBJ=    643.02135232748890     
 iteration         8580 MCMCOBJ=    650.29241348050380     
 iteration         8600 MCMCOBJ=    644.58066293586558     
 iteration         8620 MCMCOBJ=    629.32258096804298     
 iteration         8640 MCMCOBJ=    662.54074282076203     
 iteration         8660 MCMCOBJ=    668.31053238031825     
 iteration         8680 MCMCOBJ=    654.86415306712752     
 iteration         8700 MCMCOBJ=    597.90318025117904     
 iteration         8720 MCMCOBJ=    660.72142482380116     
 iteration         8740 MCMCOBJ=    638.49998388534493     
 iteration         8760 MCMCOBJ=    649.78001353837556     
 iteration         8780 MCMCOBJ=    650.53206479350308     
 iteration         8800 MCMCOBJ=    629.01242620929827     
 iteration         8820 MCMCOBJ=    640.08104734574283     
 iteration         8840 MCMCOBJ=    639.44944688232420     
 iteration         8860 MCMCOBJ=    649.75514816982820     
 iteration         8880 MCMCOBJ=    643.48976230964070     
 iteration         8900 MCMCOBJ=    618.52900980498123     
 iteration         8920 MCMCOBJ=    686.88706494222527     
 iteration         8940 MCMCOBJ=    639.67206985318887     
 iteration         8960 MCMCOBJ=    616.10686066672270     
 iteration         8980 MCMCOBJ=    680.34741719491251     
 iteration         9000 MCMCOBJ=    646.09474376999378     
 iteration         9020 MCMCOBJ=    664.26048100306969     
 iteration         9040 MCMCOBJ=    668.92366199855724     
 iteration         9060 MCMCOBJ=    631.02951435570412     
 iteration         9080 MCMCOBJ=    643.39183582181658     
 iteration         9100 MCMCOBJ=    619.20903436941262     
 iteration         9120 MCMCOBJ=    637.97182376600290     
 iteration         9140 MCMCOBJ=    643.09320796204588     
 iteration         9160 MCMCOBJ=    619.03955480025900     
 iteration         9180 MCMCOBJ=    664.17390559785508     
 iteration         9200 MCMCOBJ=    643.72429845536499     
 iteration         9220 MCMCOBJ=    638.14553681642167     
 iteration         9240 MCMCOBJ=    615.63948050313456     
 iteration         9260 MCMCOBJ=    636.08895354943729     
 iteration         9280 MCMCOBJ=    635.04052239604835     
 iteration         9300 MCMCOBJ=    653.25640046824753     
 iteration         9320 MCMCOBJ=    670.58493884926168     
 iteration         9340 MCMCOBJ=    615.03341802243517     
 iteration         9360 MCMCOBJ=    656.12373609107408     
 iteration         9380 MCMCOBJ=    635.36798686704049     
 iteration         9400 MCMCOBJ=    633.41762724243540     
 iteration         9420 MCMCOBJ=    659.75004813754003     
 iteration         9440 MCMCOBJ=    639.39733499371243     
 iteration         9460 MCMCOBJ=    670.62527896016877     
 iteration         9480 MCMCOBJ=    651.17102651063203     
 iteration         9500 MCMCOBJ=    643.26454739901874     
 iteration         9520 MCMCOBJ=    643.99126856903740     
 iteration         9540 MCMCOBJ=    609.39562615059106     
 iteration         9560 MCMCOBJ=    617.61915087152909     
 iteration         9580 MCMCOBJ=    676.17164621373104     
 iteration         9600 MCMCOBJ=    644.02243445614943     
 iteration         9620 MCMCOBJ=    645.54204639446823     
 iteration         9640 MCMCOBJ=    686.16550284401933     
 iteration         9660 MCMCOBJ=    646.85833981680332     
 iteration         9680 MCMCOBJ=    625.01101145428618     
 iteration         9700 MCMCOBJ=    657.66731382778426     
 iteration         9720 MCMCOBJ=    636.15146494976432     
 iteration         9740 MCMCOBJ=    661.84310047305041     
 iteration         9760 MCMCOBJ=    656.31719489575789     
 iteration         9780 MCMCOBJ=    676.56947763603375     
 iteration         9800 MCMCOBJ=    631.39567009777511     
 iteration         9820 MCMCOBJ=    647.75841410083410     
 iteration         9840 MCMCOBJ=    655.74846484587772     
 iteration         9860 MCMCOBJ=    651.69678383137614     
 iteration         9880 MCMCOBJ=    655.38831263754139     
 iteration         9900 MCMCOBJ=    673.31927153480672     
 iteration         9920 MCMCOBJ=    636.81617359875293     
 iteration         9940 MCMCOBJ=    645.15175408029745     
 iteration         9960 MCMCOBJ=    624.61942163420338     
 iteration         9980 MCMCOBJ=    661.64618677380054     
 iteration        10000 MCMCOBJ=    630.38949997497093     
 BURN-IN WAS COMPLETED

 #TERM:
 STATISTICAL PORTION WAS COMPLETED
  
 TOTAL DATA POINTS NORMALLY DISTRIBUTED (N):          224
 N*LOG(2PI) CONSTANT TO OBJECTIVE FUNCTION:    411.68446287569338     
 OBJECTIVE FUNCTION VALUE WITHOUT CONSTANT:    644.83576368716933     
 OBJECTIVE FUNCTION VALUE WITH CONSTANT:       1056.5202265628627     
 REPORTED OBJECTIVE FUNCTION DOES NOT CONTAIN CONSTANT
  
 TOTAL EFFECTIVE ETAS (NIND*NETA):                           112
 NIND*NETA*LOG(2PI) CONSTANT TO OBJECTIVE FUNCTION:    205.84223143784669     
 OBJECTIVE FUNCTION VALUE WITHOUT CONSTANT:    644.83576368716933     
 OBJECTIVE FUNCTION VALUE WITH CONSTANT:       850.67799512501597     
 REPORTED OBJECTIVE FUNCTION DOES NOT CONTAIN CONSTANT
  
 PRIOR CONSTANT TO OBJECTIVE FUNCTION:    30.823646298206345     
 OBJECTIVE FUNCTION VALUE WITHOUT CONSTANT:    644.83576368716933     
 OBJECTIVE FUNCTION VALUE WITH CONSTANT:       675.65940998537565     
 REPORTED OBJECTIVE FUNCTION DOES NOT CONTAIN CONSTANT
  
 #TERE:
 Elapsed estimation  time in seconds:    73.54
 Elapsed covariance  time in seconds:     0.00
1
 
 
 
 
 
 
 
 
 
 
 
 
 
 
 
 
 
 
 
 
 ************************************************************************************************************************
 ********************                                                                                ********************
 ********************                              MCMC BAYESIAN ANALYSIS                            ********************
 #OBJT:**************                       AVERAGE VALUE OF LIKELIHOOD FUNCTION                     ********************
 ********************                                                                                ********************
 ************************************************************************************************************************
 





 #OBJV:********************************************      644.836       **************************************************
 #OBJS:********************************************       19.123 (STD) **************************************************
1
 ************************************************************************************************************************
 ********************                                                                                ********************
 ********************                              MCMC BAYESIAN ANALYSIS                            ********************
 ********************                             FINAL PARAMETER ESTIMATE                           ********************
 ********************                                                                                ********************
 ************************************************************************************************************************
 


 THETA - VECTOR OF FIXED EFFECTS PARAMETERS   *********


         THETA(CL) THETA(V) 
 
         3.20E+00  3.48E+01
 


 OMEGA - COV MATRIX FOR RANDOM EFFECTS - ETAS  ********


         ETA(CL)   ETA(V)   
 
 ETA(CL)
+        1.08E-01
 
 ETA(V)
+        2.21E-02  4.76E-02
 


 SIGMA - COV MATRIX FOR RANDOM EFFECTS - EPSILONS  ****


         EPS1     
 
 EPS1
+        4.20E-02
 
1


 OMEGA - CORR MATRIX FOR RANDOM EFFECTS - ETAS  *******


         ETA(CL)   ETA(V)   
 
 ETA(CL)
+        3.26E-01
 
 ETA(V)
+        3.07E-01  2.16E-01
 


 SIGMA - CORR MATRIX FOR RANDOM EFFECTS - EPSILONS  ***


         EPS1     
 
 EPS1
+        2.05E-01
 
1
 ************************************************************************************************************************
 ********************                                                                                ********************
 ********************                              MCMC BAYESIAN ANALYSIS                            ********************
 ********************                STANDARD ERROR OF ESTIMATE (From Sample Variance)               ********************
 ********************                                                                                ********************
 ************************************************************************************************************************
 


 THETA - VECTOR OF FIXED EFFECTS PARAMETERS   *********


         THETA(CL) THETA(V) 
 
         1.53E-01  1.35E+00
 


 OMEGA - COV MATRIX FOR RANDOM EFFECTS - ETAS  ********


         ETA(CL)   ETA(V)   
 
 ETA(CL)
+        2.47E-02
 
 ETA(V)
+        1.35E-02  1.36E-02
 


 SIGMA - COV MATRIX FOR RANDOM EFFECTS - EPSILONS  ****


         EPS1     
 
 EPS1
+        5.28E-03
 
1


 OMEGA - CORR MATRIX FOR RANDOM EFFECTS - ETAS  *******


         ETA(CL)   ETA(V)   
 
 ETA(CL)
+        3.68E-02
 
 ETA(V)
+        1.65E-01  3.04E-02
 


 SIGMA - CORR MATRIX FOR RANDOM EFFECTS - EPSILONS  ***


         EPS1     
 
 EPS1
+        1.28E-02
 
1
 ************************************************************************************************************************
 ********************                                                                                ********************
 ********************                              MCMC BAYESIAN ANALYSIS                            ********************
 ********************               COVARIANCE MATRIX OF ESTIMATE (From Sample Variance)             ********************
 ********************                                                                                ********************
 ************************************************************************************************************************
 

            TH 1      TH 2      OM11      OM12      OM22      SG11  
 
 TH 1
+        2.34E-02
 
 TH 2
+        4.45E-02  1.83E+00
 
 OM11
+       -2.29E-04  3.33E-03  6.10E-04
 
 OM12
+        2.01E-04 -2.29E-04  9.90E-05  1.83E-04
 
 OM22
+       -2.36E-05  1.23E-04  2.47E-05  6.86E-05  1.85E-04
 
 SG11
+        3.61E-05  5.16E-04 -8.66E-06 -3.99E-06 -6.72E-06  2.79E-05
 
1
 ************************************************************************************************************************
 ********************                                                                                ********************
 ********************                              MCMC BAYESIAN ANALYSIS                            ********************
 ********************              CORRELATION MATRIX OF ESTIMATE (From Sample Variance)             ********************
 ********************                                                                                ********************
 ************************************************************************************************************************
 

            TH 1      TH 2      OM11      OM12      OM22      SG11  
 
 TH 1
+        1.53E-01
 
 TH 2
+        2.15E-01  1.35E+00
 
 OM11
+       -6.05E-02  9.97E-02  2.47E-02
 
 OM12
+        9.71E-02 -1.25E-02  2.96E-01  1.35E-02
 
 OM22
+       -1.13E-02  6.70E-03  7.37E-02  3.73E-01  1.36E-02
 
 SG11
+        4.46E-02  7.21E-02 -6.64E-02 -5.59E-02 -9.36E-02  5.28E-03
 
1
 ************************************************************************************************************************
 ********************                                                                                ********************
 ********************                              MCMC BAYESIAN ANALYSIS                            ********************
 ********************           INVERSE COVARIANCE MATRIX OF ESTIMATE (From Sample Variance)         ********************
 ********************                                                                                ********************
 ************************************************************************************************************************
 

            TH 1      TH 2      OM11      OM12      OM22      SG11  
 
 TH 1
+        4.61E+01
 
 TH 2
+       -1.19E+00  5.87E-01
 
 OM11
+        3.57E+01 -4.54E+00  1.86E+03
 
 OM12
+       -8.41E+01  5.10E+00 -1.11E+03  7.10E+03
 
 OM22
+        3.20E+01 -2.21E+00  1.89E+02 -2.50E+03  6.37E+03
 
 SG11
+       -3.08E+01 -1.05E+01  5.01E+02  8.47E+01  1.23E+03  3.65E+04
 
 Elapsed postprocess time in seconds:     0.00
 #CPUT: Total CPU Time in Seconds,       64.969
Stop Time: 
Tue 01/03/2017 
10:30 PM
