Tue 01/03/2017 
10:25 PM
$PROB one cmpt simple mu modeled bayes multidose nids: 18 scenario: s1dpt
;; based_on: run100
$SUB ADVAN1 TRANS2
$INPUT ID TIME DV OBSNUM CMT EVID AMT RATE ADDL II 
$DATA ..\..\mdata\simple_nocovar_56id_6tp_md.csv
IGNORE=@ 
IGNORE=(OBSNUM.EQN.2)
IGNORE=(OBSNUM.EQN.4)
IGNORE=(OBSNUM.EQN.5)
IGNORE=(ID.GT.18)
$ABBR REPLACE THETA(CL, V) = THETA(1 to 2)
$ABBR REPLACE ETA(CL, V) = ETA(1 to 2)

$THETAI
THETA(1:NTHETA)=LOG(THETAI(1:NTHETA))
THETAP(1:NTHETAP)=LOG(THETAPI(1:NTHETAP))
$THETAR
THETAR(1:NTHETA)=EXP(THETA(1:NTHETA))
THETAPR(1:NTHETAP)=EXP(THETAP(1:NTHETAP))

$PRIOR NWPRI 

$PK
"USE NMBAYES_INT, ONLY: ITER_REPORT,BAYES_EXTRA_REQUEST,BAYES_EXTRA
; Request extra information for Bayesian analysis.
; An extra call will then be made for accepted samples
"BAYES_EXTRA_REQUEST=1

MU_1 = THETA(CL)
MU_2 = THETA(V)
CL = EXP(MU_1 + ETA(CL))
V = EXP(MU_2 + ETA(V))
S1 = V

"IF(BAYES_EXTRA==1 .AND. ITER_REPORT>=0 .AND. TIME==0.0) THEN
"WRITE(50,98) ITER_REPORT,ID,CL,V
"98 FORMAT(I12,1X,F14.0,4(1X,1PG12.5))
"ENDIF

$ERROR
IPRED=F
Y = IPRED*(1 + ERR(1))  

$THETA
(0.001, 2.5) ; TVCL
(0.001, 46) ; TVV

$OMEGA BLOCK(2)
0.1    ; nCL
0.1  0.1  ; nV

$SIGMA
0.03 ; PROP

; THETA PRIORS
$THETAP (2.5 FIX) (46 FIX) 

; THETA (uniformative) PRIORs
$THETAPV BLOCK(2)
10000 FIX
0.0 10000 

$OMEGAP BLOCK(2)
0.2 FIX
0 0.2

; degrees of freedom to prior omega matrix - low dof = highly uninformative
$OMEGAPD (2 FIX)

$EST METHOD=CHAIN FILE=..\run100.chn NSAMPLE=0 ISAMPLE=2 DF=20
$EST METHOD=BAYES INTER NBURN=4000 NITER=10000 PRINT=20 NOPRIOR=0 CTYPE=3 CITER=10 SEED=56664
  
NM-TRAN MESSAGES 
  
 WARNINGS AND ERRORS (IF ANY) FOR PROBLEM    1
             
 (WARNING  2) NM-TRAN INFERS THAT THE DATA ARE POPULATION.

 (MU_WARNING 20) MU_001: MU_ VARIABLE SHOULD NOT BE DEFINED AFTER VERBATIM CODE.
  
License Registered to: Devin Pastoor
Expiration Date:    14 NOV 2017
Current Date:        3 JAN 2017
Days until program expires : 311
1NONLINEAR MIXED EFFECTS MODEL PROGRAM (NONMEM) VERSION 7.4.0 alpha14 (nm74a14)
 ORIGINALLY DEVELOPED BY STUART BEAL, LEWIS SHEINER, AND ALISON BOECKMANN
 CURRENT DEVELOPERS ARE ROBERT BAUER, ICON DEVELOPMENT SOLUTIONS,
 AND ALISON BOECKMANN. IMPLEMENTATION, EFFICIENCY, AND STANDARDIZATION
 PERFORMED BY NOUS INFOSYSTEMS.

 PROBLEM NO.:         1
 one cmpt simple mu modeled bayes multidose nids: 18 scenario: s1dpt
0DATA CHECKOUT RUN:              NO
 DATA SET LOCATED ON UNIT NO.:    2
 THIS UNIT TO BE REWOUND:        NO
 NO. OF DATA RECS IN DATA SET:       72
 NO. OF DATA ITEMS IN DATA SET:  11
 ID DATA ITEM IS DATA ITEM NO.:   1
 DEP VARIABLE IS DATA ITEM NO.:   3
 MDV DATA ITEM IS DATA ITEM NO.: 11
0INDICES PASSED TO SUBROUTINE PRED:
   6   2   7   8   0  10   5   0   0   0   9
0LABELS FOR DATA ITEMS:
 ID TIME DV OBSNUM CMT EVID AMT RATE ADDL II MDV
0LABELS FOR THETAS
 THETA(1)=THETA(CL)
 THETA(2)=THETA(V)
0LABELS FOR ETAS
 ETA(1)=ETA(CL)
0LABELS FOR ETAS
 ETA(2)=ETA(V)
0FORMAT FOR DATA:
 (2E3.0,E17.0,3E2.0,2E5.0,E2.0,E3.0,1F2.0)

 TOT. NO. OF OBS RECS:       54
 TOT. NO. OF INDIVIDUALS:     18
0LENGTH OF THETA:   5
0DEFAULT THETA BOUNDARY TEST OMITTED:    NO
0OMEGA HAS BLOCK FORM:
  1
  1  1
  0  0  2
  0  0  2  2
  0  0  0  0  3
  0  0  0  0  3  3
0DEFAULT OMEGA BOUNDARY TEST OMITTED:    NO
0SIGMA HAS SIMPLE DIAGONAL FORM WITH DIMENSION:   1
0DEFAULT SIGMA BOUNDARY TEST OMITTED:    NO
0INITIAL ESTIMATE OF THETA:
 LOWER BOUND    INITIAL EST    UPPER BOUND
  0.1000E-02     0.2500E+01     0.1000E+07
  0.1000E-02     0.4600E+02     0.1000E+07
  0.2500E+01     0.2500E+01     0.2500E+01
  0.4600E+02     0.4600E+02     0.4600E+02
  0.2000E+01     0.2000E+01     0.2000E+01
0INITIAL ESTIMATE OF OMEGA:
 BLOCK SET NO.   BLOCK                                                                    FIXED
        1                                                                                   NO
 DIAGONAL SHIFT OF  1.1000E-07 WAS IMPOSED TO ENSURE POSITIVE DEFINITENESS
                  0.1000E+00
                  0.1000E+00   0.1000E+00
        2                                                                                  YES
                  0.1000E+05
                  0.0000E+00   0.1000E+05
        3                                                                                  YES
                  0.2000E+00
                  0.0000E+00   0.2000E+00
0INITIAL ESTIMATE OF SIGMA:
 0.3000E-01
0
 THETAI SUBROUTINE USER-SUPPLIED
 THETAR SUBROUTINE USER-SUPPLIED
 PRIOR SUBROUTINE USER-SUPPLIED
1DOUBLE PRECISION PREDPP VERSION 7.4.0 alpha14 (nm74a14)

 ONE COMPARTMENT MODEL (ADVAN1)
0MAXIMUM NO. OF BASIC PK PARAMETERS:   2
0BASIC PK PARAMETERS (AFTER TRANSLATION):
   ELIMINATION RATE (K) IS BASIC PK PARAMETER NO.:  1

 TRANSLATOR WILL CONVERT PARAMETERS
 CLEARANCE (CL) AND VOLUME (V) TO K (TRANS2)
0COMPARTMENT ATTRIBUTES
 COMPT. NO.   FUNCTION   INITIAL    ON/OFF      DOSE      DEFAULT    DEFAULT
                         STATUS     ALLOWED    ALLOWED    FOR DOSE   FOR OBS.
    1         CENTRAL      ON         NO         YES        YES        YES
    2         OUTPUT       OFF        YES        NO         NO         NO
1
 ADDITIONAL PK PARAMETERS - ASSIGNMENT OF ROWS IN GG
 COMPT. NO.                             INDICES
              SCALE      BIOAVAIL.   ZERO-ORDER  ZERO-ORDER  ABSORB
                         FRACTION    RATE        DURATION    LAG
    1            3           *           *           *           *
    2            *           -           -           -           -
             - PARAMETER IS NOT ALLOWED FOR THIS MODEL
             * PARAMETER IS NOT SUPPLIED BY PK SUBROUTINE;
               WILL DEFAULT TO ONE IF APPLICABLE
0DATA ITEM INDICES USED BY PRED ARE:
   EVENT ID DATA ITEM IS DATA ITEM NO.:      6
   TIME DATA ITEM IS DATA ITEM NO.:          2
   DOSE AMOUNT DATA ITEM IS DATA ITEM NO.:   7
   DOSE RATE DATA ITEM IS DATA ITEM NO.:     8
   INTERVAL DATA ITEM IS DATA ITEM NO.:     10
   ADDL. DOSES DATA ITEM IS DATA ITEM NO.:   9
   COMPT. NO. DATA ITEM IS DATA ITEM NO.:    5

0PK SUBROUTINE CALLED WITH EVERY EVENT RECORD.
 PK SUBROUTINE NOT CALLED AT NONEVENT (ADDITIONAL OR LAGGED) DOSE TIMES.
0ERROR SUBROUTINE CALLED WITH EVERY EVENT RECORD.
1


 #TBLN:      1
 #METH: Chain Method Processing

 RANDOM GENERATION TYPE (CTYPE):     0
 RANDOM GENERATION SEED (SEED):      11456
 RANDOM SAMPLE SELECTION (ISAMPLE):  2
 RANDOM SAMPLE RANGE END (ISAMPEND): -2147483647
 NUMBER OF RANDOM SAMPLES (NSAMPLE): 0
 UNIFORM FRACTIONAL RANGE (IACCEPT): 0.400000000000000
 RANDOM SELECTION TYPE (SELECT):     0
 DEG. FR. TO GENERATE OMEGAS (DF):   20
 DEG. FR. TO GENERATE SIGMAS (DFS):  -1
 CHAIN FILE (FILE):                  ..\run100.chn
 EXCL. TITLE IN CHAIN FILE (NOTITLE):NO
 EX. COL. LBS. IN CHAIN FL.(NOLABEL):NO
 FORMAT FOR CHAIN FILE (FORMAT):     S1PE12.5
 PAR. ORDER in CHAIN FILE (ORDER):   TSOL
 RANDOM SAMPLING METHOD (RANMETHOD):3U

 THE FOLLOWING LABELS ARE EQUIVALENT
 PRED=NPRED
 RES=NRES
 WRES=NWRES
 IWRS=NIWRES
 IPRD=NIPRED
 IRS=NIRES



 FROM SAMPLE 2 OF CHAIN FILE ..\run100.chn
 NEW INITIAL ESTIMATES OF THETA
  0.3533E+01
  0.1015E-01
 NEW INITIAL ESTIMATES OF OMEGA
  0.1302E+00
  0.1302E+00  0.1302E+00
 NEW INITIAL ESTIMATES OF SIGMA
  0.4169E-01
1


 #TBLN:      1
 #METH: MCMC Bayesian Analysis

 ESTIMATION STEP OMITTED:                 NO
 ANALYSIS TYPE:                           POPULATION
 NUMBER OF SADDLE POINT RESET ITERATIONS:      0
 GRADIENT METHOD USED:               NOSLOW
 CONDITIONAL ESTIMATES USED:              YES
 CENTERED ETA:                            NO
 EPS-ETA INTERACTION:                     YES
 LAPLACIAN OBJ. FUNC.:                    NO
 NO. OF FUNCT. EVALS. ALLOWED:            840
 NO. OF SIG. FIGURES REQUIRED:            3
 INTERMEDIATE PRINTOUT:                   YES
 ESTIMATE OUTPUT TO MSF:                  NO
 IND. OBJ. FUNC. VALUES SORTED:           NO
 NUMERICAL DERIVATIVE
       FILE REQUEST (NUMDER):               NONE
 MAP (ETAHAT) ESTIMATION METHOD (OPTMAP):   0
 ETA HESSIAN EVALUATION METHOD (ETADER):    0
 INITIAL ETA FOR MAP ESTIMATION (MCETA):    0
 SIGDIGITS FOR MAP ESTIMATION (SIGLO):      100
 GRADIENT SIGDIGITS OF
       FIXED EFFECTS PARAMETERS (SIGL):     100
 NOPRIOR SETTING (NOPRIOR):                 OFF
 NOCOV SETTING (NOCOV):                     OFF
 DERCONT SETTING (DERCONT):                 OFF
 FINAL ETA RE-EVALUATION (FNLETA):          ON
 EXCLUDE NON-INFLUENTIAL (NON-INFL.) ETAS
       IN SHRINKAGE (ETASTYPE):             NO
 NON-INFL. ETA CORRECTION (NONINFETA):      OFF
 RAW OUTPUT FILE (FILE): run108_nids_18_s1dpt_c2.ext
 EXCLUDE TITLE (NOTITLE):                   NO
 EXCLUDE COLUMN LABELS (NOLABEL):           NO
 FORMAT FOR ADDITIONAL FILES (FORMAT):      S1PE12.5
 PARAMETER ORDER FOR OUTPUTS (ORDER):       TSOL
 WISHART PRIOR DF INTERPRETATION (WISHTYPE):0
 KNUTHSUMOFF:                               0
 INCLUDE LNTWOPI:                           NO
 INCLUDE CONSTANT TERM TO PRIOR (PRIORC):   NO
 INCLUDE CONSTANT TERM TO OMEGA (ETA) (OLNTWOPI):NO
 EM OR BAYESIAN METHOD USED:                MCMC BAYESIAN (BAYES)
 MU MODELING PATTERN (MUM):
 GRADIENT/GIBBS PATTERN (GRD):
 AUTOMATIC SETTING FEATURE (AUTO):          OFF
 CONVERGENCE TYPE (CTYPE):                  3
 KEEP ITERATIONS (THIN):            1
 CONVERGENCE INTERVAL (CINTERVAL):          20
 CONVERGENCE ITERATIONS (CITER):            10
 CONVERGENCE ALPHA ERROR (CALPHA):          5.000000000000000E-02
 BURN-IN ITERATIONS (NBURN):                4000
 ITERATIONS (NITER):                        10000
 ANEAL SETTING (CONSTRAIN):                 1
 STARTING SEED FOR MC METHODS (SEED):       56664
 MC SAMPLES PER SUBJECT (ISAMPLE):          1
 RANDOM SAMPLING METHOD (RANMETHOD):        3U
 PROPOSAL DENSITY SCALING RANGE
              (ISCALE_MIN, ISCALE_MAX):     1.000000000000000E-06   ,1000000.00000000
 SAMPLE ACCEPTANCE RATE (IACCEPT):          0.400000000000000
 METROPOLIS HASTINGS SAMPLING FOR INDIVIDUAL ETAS:
 SAMPLES FOR GLOBAL SEARCH KERNEL (ISAMPLE_M1):          2
 SAMPLES FOR NEIGHBOR SEARCH KERNEL (ISAMPLE_M1A):       0
 SAMPLES FOR MASS/IMP/POST. MATRIX SEARCH (ISAMPLE_M1B): 2
 SAMPLES FOR LOCAL SEARCH KERNEL (ISAMPLE_M2):           2
 SAMPLES FOR LOCAL UNIVARIATE KERNEL (ISAMPLE_M3):       2
 PWR. WT. MASS/IMP/POST MATRIX ACCUM. FOR ETAS (IKAPPA): 1.00000000000000
 MASS/IMP./POST. MATRIX REFRESH SETTING (MASSREST):      -1
 METROPOLIS HASTINGS POPULATION SAMPLING FOR NON-GIBBS
 SAMPLED THETAS AND SIGMAS:
 PROPOSAL DENSITY SCALING RANGE
              (PSCALE_MIN, PSCALE_MAX):   1.000000000000000E-02   ,1000.00000000000
 SAMPLE ACCEPTANCE RATE (PACCEPT):                       0.500000000000000
 SAMPLES FOR GLOBAL SEARCH KERNEL (PSAMPLE_M1):          1
 SAMPLES FOR LOCAL SEARCH KERNEL (PSAMPLE_M2):           -1
 SAMPLES FOR LOCAL UNIVARIATE KERNEL (PSAMPLE_M3):       1
 METROPOLIS HASTINGS POPULATION SAMPLING FOR NON-GIBBS
 SAMPLED OMEGAS:
 SAMPLE ACCEPTANCE RATE (OACCEPT):                       0.500000000000000
 SAMPLES FOR GLOBAL SEARCH KERNEL (OSAMPLE_M1):          -1
 SAMPLES FOR LOCAL SEARCH KERNEL (OSAMPLE_M2):           -1
 SAMPLES FOR LOCAL UNIVARIATE SEARCH KERNEL (OSAMPLE_M3):0
 DEG. FR. FOR T DIST.  PRIOR FOR THETAS (TTDF):        0.00000000000000
 DEG. FR. FOR LKJ CORRELATION PRIOR FOR OMEGAS (OLKJDF): 0.00000000000000
 WEIGHT FACTOR FOR STD PRIOR FOR OMEGAS (OVARF): 1.00000000000000
 DEG. FR. FOR LKJ CORRELATION PRIOR FOR SIGMAS (SLKJDF): 0.00000000000000
 WEIGHT FACTOR FOR STD PRIOR FOR SIGMAS (SVARF): 1.00000000000000


 THE FOLLOWING LABELS ARE EQUIVALENT
 PRED=PREDI
 RES=RESI
 WRES=WRESI
 IWRS=IWRESI
 IPRD=IPREDI
 IRS=IRESI

 EM/BAYES SETUP:
 THETAS THAT ARE MU MODELED:
   1   2
 THETAS THAT ARE GIBBS SAMPLED:
   1   2
 THETAS THAT ARE METROPOLIS-HASTINGS SAMPLED:
 
 SIGMAS THAT ARE GIBBS SAMPLED:
   1
 SIGMAS THAT ARE METROPOLIS-HASTINGS SAMPLED:
 
 OMEGAS ARE GIBBS SAMPLED

 MONITORING OF SEARCH:

 Burn-in Mode
 iteration        -4000 MCMCOBJ=    736597141.26453435     
 iteration        -3980 MCMCOBJ=    321.42221502878084     
 iteration        -3960 MCMCOBJ=    253.69965108983286     
 iteration        -3940 MCMCOBJ=    121.05411370879989     
 iteration        -3920 MCMCOBJ=    122.47089714228353     
 iteration        -3900 MCMCOBJ=    144.94763903074485     
 iteration        -3880 MCMCOBJ=    139.58361081023054     
 iteration        -3860 MCMCOBJ=    117.51579038396092     
 iteration        -3840 MCMCOBJ=    123.06914368819780     
 iteration        -3820 MCMCOBJ=    138.04050720068940     
 iteration        -3800 MCMCOBJ=    134.36238240270373     
 iteration        -3780 MCMCOBJ=    141.50132235454541     
 Convergence achieved
 Sampling Mode
 iteration            0 MCMCOBJ=    142.57209059042509     
 iteration           20 MCMCOBJ=    126.77549666738244     
 iteration           40 MCMCOBJ=    133.19637924556869     
 iteration           60 MCMCOBJ=    125.83423634496300     
 iteration           80 MCMCOBJ=    115.09303055173159     
 iteration          100 MCMCOBJ=    141.84829507920983     
 iteration          120 MCMCOBJ=    137.95838354557728     
 iteration          140 MCMCOBJ=    109.41855580042682     
 iteration          160 MCMCOBJ=    123.23395270475812     
 iteration          180 MCMCOBJ=    123.04844482446077     
 iteration          200 MCMCOBJ=    121.70130577234359     
 iteration          220 MCMCOBJ=    137.42549281929243     
 iteration          240 MCMCOBJ=    130.17403384019846     
 iteration          260 MCMCOBJ=    108.18502476172027     
 iteration          280 MCMCOBJ=    116.88255162469842     
 iteration          300 MCMCOBJ=    131.33301023266861     
 iteration          320 MCMCOBJ=    126.90599104624599     
 iteration          340 MCMCOBJ=    115.74558501500572     
 iteration          360 MCMCOBJ=    124.50242806483962     
 iteration          380 MCMCOBJ=    134.07748182458826     
 iteration          400 MCMCOBJ=    122.52001133818479     
 iteration          420 MCMCOBJ=    110.90317809328789     
 iteration          440 MCMCOBJ=    134.28555517172015     
 iteration          460 MCMCOBJ=    140.21077710313568     
 iteration          480 MCMCOBJ=    127.39927997795120     
 iteration          500 MCMCOBJ=    144.42702868568892     
 iteration          520 MCMCOBJ=    118.88155980484683     
 iteration          540 MCMCOBJ=    134.04650864983509     
 iteration          560 MCMCOBJ=    119.41844578760919     
 iteration          580 MCMCOBJ=    144.58878133513556     
 iteration          600 MCMCOBJ=    132.33329301099926     
 iteration          620 MCMCOBJ=    122.80410823771190     
 iteration          640 MCMCOBJ=    130.23502858938977     
 iteration          660 MCMCOBJ=    107.33776098772007     
 iteration          680 MCMCOBJ=    134.71962684775625     
 iteration          700 MCMCOBJ=    133.63204670231508     
 iteration          720 MCMCOBJ=    143.27849797529731     
 iteration          740 MCMCOBJ=    132.71073790764302     
 iteration          760 MCMCOBJ=    119.29381320218424     
 iteration          780 MCMCOBJ=    124.00860415228887     
 iteration          800 MCMCOBJ=    112.41804647835697     
 iteration          820 MCMCOBJ=    153.72576400539788     
 iteration          840 MCMCOBJ=    138.04911684498663     
 iteration          860 MCMCOBJ=    118.43696914537642     
 iteration          880 MCMCOBJ=    130.46538194276152     
 iteration          900 MCMCOBJ=    150.48660527383967     
 iteration          920 MCMCOBJ=    130.94652738023237     
 iteration          940 MCMCOBJ=    121.80572752267608     
 iteration          960 MCMCOBJ=    144.83957343531125     
 iteration          980 MCMCOBJ=    163.60023504395079     
 iteration         1000 MCMCOBJ=    117.93349241631731     
 iteration         1020 MCMCOBJ=    117.05583910739867     
 iteration         1040 MCMCOBJ=    133.12172804252555     
 iteration         1060 MCMCOBJ=    128.76217623854313     
 iteration         1080 MCMCOBJ=    118.76253260791844     
 iteration         1100 MCMCOBJ=    121.61912013894992     
 iteration         1120 MCMCOBJ=    126.50785453383939     
 iteration         1140 MCMCOBJ=    135.25337059506833     
 iteration         1160 MCMCOBJ=    140.19941561740580     
 iteration         1180 MCMCOBJ=    129.36616292549246     
 iteration         1200 MCMCOBJ=    152.56820739062405     
 iteration         1220 MCMCOBJ=    127.33754243856862     
 iteration         1240 MCMCOBJ=    146.47488463282286     
 iteration         1260 MCMCOBJ=    127.05591518197828     
 iteration         1280 MCMCOBJ=    140.68697078687674     
 iteration         1300 MCMCOBJ=    122.93374811887881     
 iteration         1320 MCMCOBJ=    134.53320166567462     
 iteration         1340 MCMCOBJ=    117.02629097970916     
 iteration         1360 MCMCOBJ=    117.51153540321856     
 iteration         1380 MCMCOBJ=    137.32424578125779     
 iteration         1400 MCMCOBJ=    117.74448410351309     
 iteration         1420 MCMCOBJ=    123.32409576920234     
 iteration         1440 MCMCOBJ=    123.31616895568894     
 iteration         1460 MCMCOBJ=    124.45330818542018     
 iteration         1480 MCMCOBJ=    124.55139333019272     
 iteration         1500 MCMCOBJ=    119.36474494200310     
 iteration         1520 MCMCOBJ=    122.69085496118822     
 iteration         1540 MCMCOBJ=    125.35591192787099     
 iteration         1560 MCMCOBJ=    133.43476870151503     
 iteration         1580 MCMCOBJ=    115.82865995476283     
 iteration         1600 MCMCOBJ=    145.46035139251867     
 iteration         1620 MCMCOBJ=    139.35997777883395     
 iteration         1640 MCMCOBJ=    129.18019018006788     
 iteration         1660 MCMCOBJ=    144.35215982674566     
 iteration         1680 MCMCOBJ=    133.26165404136904     
 iteration         1700 MCMCOBJ=    124.83044769213110     
 iteration         1720 MCMCOBJ=    175.65378605176997     
 iteration         1740 MCMCOBJ=    114.54683166112923     
 iteration         1760 MCMCOBJ=    131.50924635903394     
 iteration         1780 MCMCOBJ=    126.83293486537976     
 iteration         1800 MCMCOBJ=    135.55495903509339     
 iteration         1820 MCMCOBJ=    127.53144063299378     
 iteration         1840 MCMCOBJ=    113.27722954663274     
 iteration         1860 MCMCOBJ=    125.79539007273260     
 iteration         1880 MCMCOBJ=    116.27122270142831     
 iteration         1900 MCMCOBJ=    148.20687027863315     
 iteration         1920 MCMCOBJ=    122.79379120187856     
 iteration         1940 MCMCOBJ=    111.13263930662218     
 iteration         1960 MCMCOBJ=    126.02234108438606     
 iteration         1980 MCMCOBJ=    112.63183113991504     
 iteration         2000 MCMCOBJ=    126.15579026948535     
 iteration         2020 MCMCOBJ=    134.64697542042748     
 iteration         2040 MCMCOBJ=    115.55045483380252     
 iteration         2060 MCMCOBJ=    150.21450372958665     
 iteration         2080 MCMCOBJ=    131.81141107221129     
 iteration         2100 MCMCOBJ=    122.91212541614429     
 iteration         2120 MCMCOBJ=    122.49505697077007     
 iteration         2140 MCMCOBJ=    121.03936599830490     
 iteration         2160 MCMCOBJ=    118.85802317885751     
 iteration         2180 MCMCOBJ=    119.45450174530787     
 iteration         2200 MCMCOBJ=    144.63136069952526     
 iteration         2220 MCMCOBJ=    116.43836203487294     
 iteration         2240 MCMCOBJ=    153.53049689917128     
 iteration         2260 MCMCOBJ=    113.44811418898234     
 iteration         2280 MCMCOBJ=    133.77935776878553     
 iteration         2300 MCMCOBJ=    137.53288920077796     
 iteration         2320 MCMCOBJ=    118.49407397485807     
 iteration         2340 MCMCOBJ=    110.12089582910096     
 iteration         2360 MCMCOBJ=    129.76455205934244     
 iteration         2380 MCMCOBJ=    120.94841516421546     
 iteration         2400 MCMCOBJ=    135.34682063410867     
 iteration         2420 MCMCOBJ=    133.53800988209127     
 iteration         2440 MCMCOBJ=    152.54810890926609     
 iteration         2460 MCMCOBJ=    114.86722441829018     
 iteration         2480 MCMCOBJ=    145.29790987070760     
 iteration         2500 MCMCOBJ=    101.89381481592694     
 iteration         2520 MCMCOBJ=    127.37577341481845     
 iteration         2540 MCMCOBJ=    115.14125408786154     
 iteration         2560 MCMCOBJ=    129.52673324884279     
 iteration         2580 MCMCOBJ=    126.55346976222464     
 iteration         2600 MCMCOBJ=    141.00193078545090     
 iteration         2620 MCMCOBJ=    113.83719886160335     
 iteration         2640 MCMCOBJ=    122.14584422770349     
 iteration         2660 MCMCOBJ=    109.85405405971355     
 iteration         2680 MCMCOBJ=    129.30189748824623     
 iteration         2700 MCMCOBJ=    117.88691957218708     
 iteration         2720 MCMCOBJ=    130.29907966249527     
 iteration         2740 MCMCOBJ=    108.91514246367875     
 iteration         2760 MCMCOBJ=    133.36803079458514     
 iteration         2780 MCMCOBJ=    116.68286721357461     
 iteration         2800 MCMCOBJ=    125.44793311833887     
 iteration         2820 MCMCOBJ=    120.62601252395899     
 iteration         2840 MCMCOBJ=    111.33929380124610     
 iteration         2860 MCMCOBJ=    162.36696485899503     
 iteration         2880 MCMCOBJ=    115.61546812063271     
 iteration         2900 MCMCOBJ=    123.13313419126369     
 iteration         2920 MCMCOBJ=    121.74289582354419     
 iteration         2940 MCMCOBJ=    115.74424477074692     
 iteration         2960 MCMCOBJ=    117.09456593883225     
 iteration         2980 MCMCOBJ=    117.04500112754417     
 iteration         3000 MCMCOBJ=    132.63308617474610     
 iteration         3020 MCMCOBJ=    123.69724943861260     
 iteration         3040 MCMCOBJ=    114.73216334638278     
 iteration         3060 MCMCOBJ=    126.04969375792588     
 iteration         3080 MCMCOBJ=    134.71187129193271     
 iteration         3100 MCMCOBJ=    115.42997474724386     
 iteration         3120 MCMCOBJ=    154.02986995127515     
 iteration         3140 MCMCOBJ=    116.67169759453178     
 iteration         3160 MCMCOBJ=    132.91014856563564     
 iteration         3180 MCMCOBJ=    123.65494773635891     
 iteration         3200 MCMCOBJ=    111.16070627485372     
 iteration         3220 MCMCOBJ=    123.13378227004841     
 iteration         3240 MCMCOBJ=    133.92739215075935     
 iteration         3260 MCMCOBJ=    125.00452910234881     
 iteration         3280 MCMCOBJ=    136.92022973300547     
 iteration         3300 MCMCOBJ=    139.20746356088995     
 iteration         3320 MCMCOBJ=    106.09631623880105     
 iteration         3340 MCMCOBJ=    142.30227258951231     
 iteration         3360 MCMCOBJ=    110.83145859724209     
 iteration         3380 MCMCOBJ=    130.45577145544817     
 iteration         3400 MCMCOBJ=    129.59688890442752     
 iteration         3420 MCMCOBJ=    117.63172357545378     
 iteration         3440 MCMCOBJ=    131.49374801740234     
 iteration         3460 MCMCOBJ=    116.78499105803694     
 iteration         3480 MCMCOBJ=    129.94862038307878     
 iteration         3500 MCMCOBJ=    125.05799589654610     
 iteration         3520 MCMCOBJ=    120.68060397825872     
 iteration         3540 MCMCOBJ=    108.93474361318755     
 iteration         3560 MCMCOBJ=    134.75432835871453     
 iteration         3580 MCMCOBJ=    122.27228449466388     
 iteration         3600 MCMCOBJ=    131.80104972676185     
 iteration         3620 MCMCOBJ=    114.04082944661272     
 iteration         3640 MCMCOBJ=    122.66875852582884     
 iteration         3660 MCMCOBJ=    123.91863253479237     
 iteration         3680 MCMCOBJ=    121.65930079922740     
 iteration         3700 MCMCOBJ=    130.95040435199439     
 iteration         3720 MCMCOBJ=    122.07568007830565     
 iteration         3740 MCMCOBJ=    123.55711488949287     
 iteration         3760 MCMCOBJ=    137.39686455347049     
 iteration         3780 MCMCOBJ=    131.32400940576798     
 iteration         3800 MCMCOBJ=    138.53539948110682     
 iteration         3820 MCMCOBJ=    130.79034727911809     
 iteration         3840 MCMCOBJ=    129.86815775762804     
 iteration         3860 MCMCOBJ=    104.84853018547653     
 iteration         3880 MCMCOBJ=    113.60670050915363     
 iteration         3900 MCMCOBJ=    120.66004493664941     
 iteration         3920 MCMCOBJ=    124.96056410188326     
 iteration         3940 MCMCOBJ=    123.10690745219081     
 iteration         3960 MCMCOBJ=    132.39076752581099     
 iteration         3980 MCMCOBJ=    126.56358927862658     
 iteration         4000 MCMCOBJ=    138.47428148413533     
 iteration         4020 MCMCOBJ=    130.61381279787307     
 iteration         4040 MCMCOBJ=    129.97875433792169     
 iteration         4060 MCMCOBJ=    129.50147314353913     
 iteration         4080 MCMCOBJ=    126.54288558094241     
 iteration         4100 MCMCOBJ=    132.77885802658633     
 iteration         4120 MCMCOBJ=    131.94155482212139     
 iteration         4140 MCMCOBJ=    119.88517430090438     
 iteration         4160 MCMCOBJ=    129.61431725403710     
 iteration         4180 MCMCOBJ=    129.10793725604429     
 iteration         4200 MCMCOBJ=    119.34990022947311     
 iteration         4220 MCMCOBJ=    111.46948666040909     
 iteration         4240 MCMCOBJ=    121.07751842934586     
 iteration         4260 MCMCOBJ=    128.32375485970994     
 iteration         4280 MCMCOBJ=    108.32493349349771     
 iteration         4300 MCMCOBJ=    130.07863186965844     
 iteration         4320 MCMCOBJ=    135.53540942186220     
 iteration         4340 MCMCOBJ=    148.36100038363821     
 iteration         4360 MCMCOBJ=    102.86941735277544     
 iteration         4380 MCMCOBJ=    126.70998680195287     
 iteration         4400 MCMCOBJ=    143.98385957126231     
 iteration         4420 MCMCOBJ=    136.10632694887377     
 iteration         4440 MCMCOBJ=    127.08236673527533     
 iteration         4460 MCMCOBJ=    110.80662565956968     
 iteration         4480 MCMCOBJ=    137.66724466058204     
 iteration         4500 MCMCOBJ=    105.02739549356308     
 iteration         4520 MCMCOBJ=    142.00644349487257     
 iteration         4540 MCMCOBJ=    112.59877210169255     
 iteration         4560 MCMCOBJ=    122.64354804153831     
 iteration         4580 MCMCOBJ=    122.47090466912000     
 iteration         4600 MCMCOBJ=    132.72417140232938     
 iteration         4620 MCMCOBJ=    132.54275535978098     
 iteration         4640 MCMCOBJ=    135.86537319728930     
 iteration         4660 MCMCOBJ=    117.03446106680653     
 iteration         4680 MCMCOBJ=    124.89777845437580     
 iteration         4700 MCMCOBJ=    126.81771239934552     
 iteration         4720 MCMCOBJ=    130.75601672310410     
 iteration         4740 MCMCOBJ=    143.31986226377089     
 iteration         4760 MCMCOBJ=    123.19218281359856     
 iteration         4780 MCMCOBJ=    137.65305311891638     
 iteration         4800 MCMCOBJ=    134.81279819455472     
 iteration         4820 MCMCOBJ=    115.97572930578771     
 iteration         4840 MCMCOBJ=    114.88336323057074     
 iteration         4860 MCMCOBJ=    141.91251377763780     
 iteration         4880 MCMCOBJ=    145.15198422386155     
 iteration         4900 MCMCOBJ=    112.29374007922122     
 iteration         4920 MCMCOBJ=    129.79719786368184     
 iteration         4940 MCMCOBJ=    117.76641342057245     
 iteration         4960 MCMCOBJ=    135.98861283103798     
 iteration         4980 MCMCOBJ=    115.79155559442701     
 iteration         5000 MCMCOBJ=    124.12018241066640     
 iteration         5020 MCMCOBJ=    125.68814521694658     
 iteration         5040 MCMCOBJ=    132.47444046408785     
 iteration         5060 MCMCOBJ=    136.27789261019657     
 iteration         5080 MCMCOBJ=    140.55530443635556     
 iteration         5100 MCMCOBJ=    153.41978531479810     
 iteration         5120 MCMCOBJ=    132.83147125620297     
 iteration         5140 MCMCOBJ=    120.27072632933094     
 iteration         5160 MCMCOBJ=    133.60690205990988     
 iteration         5180 MCMCOBJ=    154.57324532279270     
 iteration         5200 MCMCOBJ=    129.54754020939495     
 iteration         5220 MCMCOBJ=    120.63889376160510     
 iteration         5240 MCMCOBJ=    123.49897887627108     
 iteration         5260 MCMCOBJ=    123.50168256075229     
 iteration         5280 MCMCOBJ=    111.17468559472809     
 iteration         5300 MCMCOBJ=    117.20607800268635     
 iteration         5320 MCMCOBJ=    130.07265382005511     
 iteration         5340 MCMCOBJ=    125.60288501601168     
 iteration         5360 MCMCOBJ=    137.98790769564269     
 iteration         5380 MCMCOBJ=    111.61548855212253     
 iteration         5400 MCMCOBJ=    124.74209787805337     
 iteration         5420 MCMCOBJ=    137.07858994437788     
 iteration         5440 MCMCOBJ=    128.54167061847261     
 iteration         5460 MCMCOBJ=    107.73986402446073     
 iteration         5480 MCMCOBJ=    137.09773739256318     
 iteration         5500 MCMCOBJ=    112.24715474174467     
 iteration         5520 MCMCOBJ=    132.67521204165160     
 iteration         5540 MCMCOBJ=    140.37948747223470     
 iteration         5560 MCMCOBJ=    117.65900971759916     
 iteration         5580 MCMCOBJ=    126.24065029205168     
 iteration         5600 MCMCOBJ=    125.06317890258205     
 iteration         5620 MCMCOBJ=    132.43751022693101     
 iteration         5640 MCMCOBJ=    141.81320885336334     
 iteration         5660 MCMCOBJ=    148.92459933082466     
 iteration         5680 MCMCOBJ=    128.20540136826156     
 iteration         5700 MCMCOBJ=    117.05990691795076     
 iteration         5720 MCMCOBJ=    148.33806244435070     
 iteration         5740 MCMCOBJ=    140.01832334030965     
 iteration         5760 MCMCOBJ=    122.80242233510273     
 iteration         5780 MCMCOBJ=    129.20138479521202     
 iteration         5800 MCMCOBJ=    122.84650594731438     
 iteration         5820 MCMCOBJ=    123.00505637074215     
 iteration         5840 MCMCOBJ=    124.67012452123846     
 iteration         5860 MCMCOBJ=    137.41103853348065     
 iteration         5880 MCMCOBJ=    132.83449111091625     
 iteration         5900 MCMCOBJ=    118.17948128017566     
 iteration         5920 MCMCOBJ=    129.05766477236051     
 iteration         5940 MCMCOBJ=    146.45167348827533     
 iteration         5960 MCMCOBJ=    130.64843707635782     
 iteration         5980 MCMCOBJ=    131.14494772776786     
 iteration         6000 MCMCOBJ=    125.64070716054741     
 iteration         6020 MCMCOBJ=    116.57606349181961     
 iteration         6040 MCMCOBJ=    128.53706927926561     
 iteration         6060 MCMCOBJ=    108.47880565513030     
 iteration         6080 MCMCOBJ=    109.43129563615068     
 iteration         6100 MCMCOBJ=    129.16027092353593     
 iteration         6120 MCMCOBJ=    112.36898582825582     
 iteration         6140 MCMCOBJ=    124.83315978658196     
 iteration         6160 MCMCOBJ=    121.01951470074515     
 iteration         6180 MCMCOBJ=    178.33819498210553     
 iteration         6200 MCMCOBJ=    124.35372525519760     
 iteration         6220 MCMCOBJ=    120.55991353804797     
 iteration         6240 MCMCOBJ=    126.89331910304351     
 iteration         6260 MCMCOBJ=    122.98768136645964     
 iteration         6280 MCMCOBJ=    140.62430107852737     
 iteration         6300 MCMCOBJ=    132.30564563182378     
 iteration         6320 MCMCOBJ=    115.67479351192627     
 iteration         6340 MCMCOBJ=    124.85880709070567     
 iteration         6360 MCMCOBJ=    118.21995765071185     
 iteration         6380 MCMCOBJ=    138.47429630476586     
 iteration         6400 MCMCOBJ=    142.15371555610406     
 iteration         6420 MCMCOBJ=    146.39207095151292     
 iteration         6440 MCMCOBJ=    144.35876513957737     
 iteration         6460 MCMCOBJ=    151.28186584178727     
 iteration         6480 MCMCOBJ=    110.63093702600561     
 iteration         6500 MCMCOBJ=    124.13852130379543     
 iteration         6520 MCMCOBJ=    112.20782050907063     
 iteration         6540 MCMCOBJ=    137.33925531987501     
 iteration         6560 MCMCOBJ=    130.13473548163378     
 iteration         6580 MCMCOBJ=    146.87849916048609     
 iteration         6600 MCMCOBJ=    121.33229954270291     
 iteration         6620 MCMCOBJ=    130.02030439433972     
 iteration         6640 MCMCOBJ=    110.52647586854226     
 iteration         6660 MCMCOBJ=    121.51407027035201     
 iteration         6680 MCMCOBJ=    137.22258849716289     
 iteration         6700 MCMCOBJ=    117.17989753029337     
 iteration         6720 MCMCOBJ=    120.41421491435878     
 iteration         6740 MCMCOBJ=    138.88545188521621     
 iteration         6760 MCMCOBJ=    133.59380075858766     
 iteration         6780 MCMCOBJ=    132.66322810457362     
 iteration         6800 MCMCOBJ=    121.24186324683535     
 iteration         6820 MCMCOBJ=    136.57155233775396     
 iteration         6840 MCMCOBJ=    107.59757360047766     
 iteration         6860 MCMCOBJ=    135.82460016639590     
 iteration         6880 MCMCOBJ=    120.49063967198771     
 iteration         6900 MCMCOBJ=    124.21441412211671     
 iteration         6920 MCMCOBJ=    133.16073085986210     
 iteration         6940 MCMCOBJ=    116.05998546463766     
 iteration         6960 MCMCOBJ=    138.68475252994853     
 iteration         6980 MCMCOBJ=    114.21904962248803     
 iteration         7000 MCMCOBJ=    145.52457577132074     
 iteration         7020 MCMCOBJ=    145.20081818983329     
 iteration         7040 MCMCOBJ=    151.65811670598453     
 iteration         7060 MCMCOBJ=    136.23965306601823     
 iteration         7080 MCMCOBJ=    118.25631956861780     
 iteration         7100 MCMCOBJ=    135.48338533805583     
 iteration         7120 MCMCOBJ=    120.34651565662300     
 iteration         7140 MCMCOBJ=    131.87859266458327     
 iteration         7160 MCMCOBJ=    146.93079891021887     
 iteration         7180 MCMCOBJ=    125.07792444040885     
 iteration         7200 MCMCOBJ=    132.60328413543900     
 iteration         7220 MCMCOBJ=    114.06890306326859     
 iteration         7240 MCMCOBJ=    125.89542919281915     
 iteration         7260 MCMCOBJ=    134.57732112768176     
 iteration         7280 MCMCOBJ=    127.59264499095036     
 iteration         7300 MCMCOBJ=    118.88820699819367     
 iteration         7320 MCMCOBJ=    113.24627647805980     
 iteration         7340 MCMCOBJ=    126.57352680227078     
 iteration         7360 MCMCOBJ=    132.29712509355525     
 iteration         7380 MCMCOBJ=    124.69851247205200     
 iteration         7400 MCMCOBJ=    130.00374057059372     
 iteration         7420 MCMCOBJ=    131.45792469144828     
 iteration         7440 MCMCOBJ=    103.66004249929114     
 iteration         7460 MCMCOBJ=    149.08566647639606     
 iteration         7480 MCMCOBJ=    135.64881697294425     
 iteration         7500 MCMCOBJ=    128.28624210809022     
 iteration         7520 MCMCOBJ=    154.63315563710549     
 iteration         7540 MCMCOBJ=    130.41287518456679     
 iteration         7560 MCMCOBJ=    123.32963751709573     
 iteration         7580 MCMCOBJ=    127.57910645703970     
 iteration         7600 MCMCOBJ=    121.33320777494734     
 iteration         7620 MCMCOBJ=    125.47493014300252     
 iteration         7640 MCMCOBJ=    116.75155215064946     
 iteration         7660 MCMCOBJ=    115.65685419168143     
 iteration         7680 MCMCOBJ=    125.39141471353909     
 iteration         7700 MCMCOBJ=    108.50513720495468     
 iteration         7720 MCMCOBJ=    150.50691651527652     
 iteration         7740 MCMCOBJ=    124.89889613222554     
 iteration         7760 MCMCOBJ=    108.84429548418383     
 iteration         7780 MCMCOBJ=    123.95463843567657     
 iteration         7800 MCMCOBJ=    123.49366459806201     
 iteration         7820 MCMCOBJ=    130.38247924830353     
 iteration         7840 MCMCOBJ=    129.56398582095110     
 iteration         7860 MCMCOBJ=    140.44671855787772     
 iteration         7880 MCMCOBJ=    131.10959807584044     
 iteration         7900 MCMCOBJ=    134.33125668905043     
 iteration         7920 MCMCOBJ=    109.46971552534902     
 iteration         7940 MCMCOBJ=    126.77698965853635     
 iteration         7960 MCMCOBJ=    135.71601120517749     
 iteration         7980 MCMCOBJ=    132.42145814419385     
 iteration         8000 MCMCOBJ=    126.49290747088287     
 iteration         8020 MCMCOBJ=    139.02826371349298     
 iteration         8040 MCMCOBJ=    112.32273985584193     
 iteration         8060 MCMCOBJ=    153.89159111755683     
 iteration         8080 MCMCOBJ=    111.80898833702327     
 iteration         8100 MCMCOBJ=    141.26971921028971     
 iteration         8120 MCMCOBJ=    130.04145202226394     
 iteration         8140 MCMCOBJ=    141.34053632849782     
 iteration         8160 MCMCOBJ=    121.84811738345007     
 iteration         8180 MCMCOBJ=    136.71817067594878     
 iteration         8200 MCMCOBJ=    122.15745381673534     
 iteration         8220 MCMCOBJ=    112.68966887709843     
 iteration         8240 MCMCOBJ=    136.63886999558304     
 iteration         8260 MCMCOBJ=    164.00069906387361     
 iteration         8280 MCMCOBJ=    134.42481225353495     
 iteration         8300 MCMCOBJ=    124.10752369731492     
 iteration         8320 MCMCOBJ=    138.60125882387530     
 iteration         8340 MCMCOBJ=    119.25111761686904     
 iteration         8360 MCMCOBJ=    119.16954005750451     
 iteration         8380 MCMCOBJ=    142.60473379116024     
 iteration         8400 MCMCOBJ=    122.91101116391633     
 iteration         8420 MCMCOBJ=    109.34816533739958     
 iteration         8440 MCMCOBJ=    136.44168861584777     
 iteration         8460 MCMCOBJ=    125.62604784268123     
 iteration         8480 MCMCOBJ=    125.53074594509484     
 iteration         8500 MCMCOBJ=    140.03279006934611     
 iteration         8520 MCMCOBJ=    123.69390702484183     
 iteration         8540 MCMCOBJ=    121.70794044806259     
 iteration         8560 MCMCOBJ=    135.26854479718364     
 iteration         8580 MCMCOBJ=    144.84549336075472     
 iteration         8600 MCMCOBJ=    121.76212011388769     
 iteration         8620 MCMCOBJ=    128.24744620222199     
 iteration         8640 MCMCOBJ=    124.88773645592723     
 iteration         8660 MCMCOBJ=    118.53261338815611     
 iteration         8680 MCMCOBJ=    123.63388950783872     
 iteration         8700 MCMCOBJ=    138.95457938422305     
 iteration         8720 MCMCOBJ=    128.55920040421816     
 iteration         8740 MCMCOBJ=    143.78490336751486     
 iteration         8760 MCMCOBJ=    113.65416116855656     
 iteration         8780 MCMCOBJ=    138.33795802849812     
 iteration         8800 MCMCOBJ=    124.51687931660904     
 iteration         8820 MCMCOBJ=    116.34805033759366     
 iteration         8840 MCMCOBJ=    116.29820977629113     
 iteration         8860 MCMCOBJ=    134.26186277258628     
 iteration         8880 MCMCOBJ=    132.56152687437893     
 iteration         8900 MCMCOBJ=    124.79929538357591     
 iteration         8920 MCMCOBJ=    122.71694007289307     
 iteration         8940 MCMCOBJ=    123.12659104106396     
 iteration         8960 MCMCOBJ=    128.95222273975810     
 iteration         8980 MCMCOBJ=    118.86035598321753     
 iteration         9000 MCMCOBJ=    134.35603958837996     
 iteration         9020 MCMCOBJ=    151.98591031656727     
 iteration         9040 MCMCOBJ=    113.70144517208162     
 iteration         9060 MCMCOBJ=    129.67879709976512     
 iteration         9080 MCMCOBJ=    126.48253554354777     
 iteration         9100 MCMCOBJ=    129.38871818218340     
 iteration         9120 MCMCOBJ=    138.06801220747624     
 iteration         9140 MCMCOBJ=    128.50369112478015     
 iteration         9160 MCMCOBJ=    140.98224809734410     
 iteration         9180 MCMCOBJ=    131.97014370201668     
 iteration         9200 MCMCOBJ=    110.75575461207889     
 iteration         9220 MCMCOBJ=    137.51907413921421     
 iteration         9240 MCMCOBJ=    137.25443356349817     
 iteration         9260 MCMCOBJ=    125.46004830789543     
 iteration         9280 MCMCOBJ=    134.27427768071783     
 iteration         9300 MCMCOBJ=    159.27708443573917     
 iteration         9320 MCMCOBJ=    118.09648998991777     
 iteration         9340 MCMCOBJ=    125.78382468064127     
 iteration         9360 MCMCOBJ=    128.03698418727200     
 iteration         9380 MCMCOBJ=    136.40073312759685     
 iteration         9400 MCMCOBJ=    116.74084161610044     
 iteration         9420 MCMCOBJ=    116.96989544668500     
 iteration         9440 MCMCOBJ=    126.11887282818169     
 iteration         9460 MCMCOBJ=    134.52818788213065     
 iteration         9480 MCMCOBJ=    147.89888865161643     
 iteration         9500 MCMCOBJ=    111.89176092179108     
 iteration         9520 MCMCOBJ=    106.49845713943058     
 iteration         9540 MCMCOBJ=    127.97236962791030     
 iteration         9560 MCMCOBJ=    121.79863637482187     
 iteration         9580 MCMCOBJ=    124.52596926198299     
 iteration         9600 MCMCOBJ=    137.32124716071189     
 iteration         9620 MCMCOBJ=    153.11044054355659     
 iteration         9640 MCMCOBJ=    120.52982727522253     
 iteration         9660 MCMCOBJ=    131.14505203390644     
 iteration         9680 MCMCOBJ=    138.42669643951425     
 iteration         9700 MCMCOBJ=    123.17806091815716     
 iteration         9720 MCMCOBJ=    105.39089504143607     
 iteration         9740 MCMCOBJ=    107.42143732088257     
 iteration         9760 MCMCOBJ=    115.68736386631439     
 iteration         9780 MCMCOBJ=    118.52669870298443     
 iteration         9800 MCMCOBJ=    122.05977412310936     
 iteration         9820 MCMCOBJ=    117.73320671564078     
 iteration         9840 MCMCOBJ=    123.25446849613316     
 iteration         9860 MCMCOBJ=    120.81734257658583     
 iteration         9880 MCMCOBJ=    117.24014685084516     
 iteration         9900 MCMCOBJ=    120.62214572005189     
 iteration         9920 MCMCOBJ=    122.74808565400852     
 iteration         9940 MCMCOBJ=    129.69501993042849     
 iteration         9960 MCMCOBJ=    151.05565301582678     
 iteration         9980 MCMCOBJ=    131.27523937264272     
 iteration        10000 MCMCOBJ=    129.29913147650521     
 BURN-IN WAS COMPLETED

 #TERM:
 STATISTICAL PORTION WAS COMPLETED
  
 TOTAL DATA POINTS NORMALLY DISTRIBUTED (N):           54
 N*LOG(2PI) CONSTANT TO OBJECTIVE FUNCTION:    99.245361586104650     
 OBJECTIVE FUNCTION VALUE WITHOUT CONSTANT:    128.31362177529661     
 OBJECTIVE FUNCTION VALUE WITH CONSTANT:       227.55898336140126     
 REPORTED OBJECTIVE FUNCTION DOES NOT CONTAIN CONSTANT
  
 TOTAL EFFECTIVE ETAS (NIND*NETA):                            36
 NIND*NETA*LOG(2PI) CONSTANT TO OBJECTIVE FUNCTION:    66.163574390736429     
 OBJECTIVE FUNCTION VALUE WITHOUT CONSTANT:    128.31362177529661     
 OBJECTIVE FUNCTION VALUE WITH CONSTANT:       194.47719616603302     
 REPORTED OBJECTIVE FUNCTION DOES NOT CONTAIN CONSTANT
  
 PRIOR CONSTANT TO OBJECTIVE FUNCTION:    30.823646298206345     
 OBJECTIVE FUNCTION VALUE WITHOUT CONSTANT:    128.31362177529661     
 OBJECTIVE FUNCTION VALUE WITH CONSTANT:       159.13726807350295     
 REPORTED OBJECTIVE FUNCTION DOES NOT CONTAIN CONSTANT
  
 #TERE:
 Elapsed estimation  time in seconds:    26.64
 Elapsed covariance  time in seconds:     0.00
1
 
 
 
 
 
 
 
 
 
 
 
 
 
 
 
 
 
 
 
 
 ************************************************************************************************************************
 ********************                                                                                ********************
 ********************                              MCMC BAYESIAN ANALYSIS                            ********************
 #OBJT:**************                       AVERAGE VALUE OF LIKELIHOOD FUNCTION                     ********************
 ********************                                                                                ********************
 ************************************************************************************************************************
 





 #OBJV:********************************************      128.314       **************************************************
 #OBJS:********************************************       12.272 (STD) **************************************************
1
 ************************************************************************************************************************
 ********************                                                                                ********************
 ********************                              MCMC BAYESIAN ANALYSIS                            ********************
 ********************                             FINAL PARAMETER ESTIMATE                           ********************
 ********************                                                                                ********************
 ************************************************************************************************************************
 


 THETA - VECTOR OF FIXED EFFECTS PARAMETERS   *********


         THETA(CL) THETA(V) 
 
         3.43E+00  3.65E+01
 


 OMEGA - COV MATRIX FOR RANDOM EFFECTS - ETAS  ********


         ETA(CL)   ETA(V)   
 
 ETA(CL)
+        1.57E-01
 
 ETA(V)
+        2.57E-02  7.67E-02
 


 SIGMA - COV MATRIX FOR RANDOM EFFECTS - EPSILONS  ****


         EPS1     
 
 EPS1
+        3.67E-02
 
1


 OMEGA - CORR MATRIX FOR RANDOM EFFECTS - ETAS  *******


         ETA(CL)   ETA(V)   
 
 ETA(CL)
+        3.89E-01
 
 ETA(V)
+        2.27E-01  2.71E-01
 


 SIGMA - CORR MATRIX FOR RANDOM EFFECTS - EPSILONS  ***


         EPS1     
 
 EPS1
+        1.89E-01
 
1
 ************************************************************************************************************************
 ********************                                                                                ********************
 ********************                              MCMC BAYESIAN ANALYSIS                            ********************
 ********************                STANDARD ERROR OF ESTIMATE (From Sample Variance)               ********************
 ********************                                                                                ********************
 ************************************************************************************************************************
 


 THETA - VECTOR OF FIXED EFFECTS PARAMETERS   *********


         THETA(CL) THETA(V) 
 
         3.44E-01  3.06E+00
 


 OMEGA - COV MATRIX FOR RANDOM EFFECTS - ETAS  ********


         ETA(CL)   ETA(V)   
 
 ETA(CL)
+        6.42E-02
 
 ETA(V)
+        3.49E-02  3.45E-02
 


 SIGMA - COV MATRIX FOR RANDOM EFFECTS - EPSILONS  ****


         EPS1     
 
 EPS1
+        1.15E-02
 
1


 OMEGA - CORR MATRIX FOR RANDOM EFFECTS - ETAS  *******


         ETA(CL)   ETA(V)   
 
 ETA(CL)
+        7.56E-02
 
 ETA(V)
+        2.63E-01  5.75E-02
 


 SIGMA - CORR MATRIX FOR RANDOM EFFECTS - EPSILONS  ***


         EPS1     
 
 EPS1
+        2.86E-02
 
1
 ************************************************************************************************************************
 ********************                                                                                ********************
 ********************                              MCMC BAYESIAN ANALYSIS                            ********************
 ********************               COVARIANCE MATRIX OF ESTIMATE (From Sample Variance)             ********************
 ********************                                                                                ********************
 ************************************************************************************************************************
 

            TH 1      TH 2      OM11      OM12      OM22      SG11  
 
 TH 1
+        1.18E-01
 
 TH 2
+        2.20E-01  9.37E+00
 
 OM11
+       -6.30E-04  1.55E-02  4.13E-03
 
 OM12
+        7.03E-04  2.16E-04  6.64E-04  1.22E-03
 
 OM22
+       -2.25E-04 -5.31E-04  2.93E-04  4.04E-04  1.19E-03
 
 SG11
+        5.33E-05  1.76E-03 -3.66E-05 -1.56E-05 -1.36E-06  1.32E-04
 
1
 ************************************************************************************************************************
 ********************                                                                                ********************
 ********************                              MCMC BAYESIAN ANALYSIS                            ********************
 ********************              CORRELATION MATRIX OF ESTIMATE (From Sample Variance)             ********************
 ********************                                                                                ********************
 ************************************************************************************************************************
 

            TH 1      TH 2      OM11      OM12      OM22      SG11  
 
 TH 1
+        3.44E-01
 
 TH 2
+        2.09E-01  3.06E+00
 
 OM11
+       -2.85E-02  7.88E-02  6.42E-02
 
 OM12
+        5.87E-02  2.03E-03  2.97E-01  3.49E-02
 
 OM22
+       -1.90E-02 -5.02E-03  1.32E-01  3.36E-01  3.45E-02
 
 SG11
+        1.35E-02  5.00E-02 -4.95E-02 -3.89E-02 -3.42E-03  1.15E-02
 
1
 ************************************************************************************************************************
 ********************                                                                                ********************
 ********************                              MCMC BAYESIAN ANALYSIS                            ********************
 ********************           INVERSE COVARIANCE MATRIX OF ESTIMATE (From Sample Variance)         ********************
 ********************                                                                                ********************
 ************************************************************************************************************************
 

            TH 1      TH 2      OM11      OM12      OM22      SG11  
 
 TH 1
+        8.92E+00
 
 TH 2
+       -2.14E-01  1.13E-01
 
 OM11
+        3.20E+00 -5.31E-01  2.70E+02
 
 OM12
+       -8.06E+00  3.70E-01 -1.42E+02  1.01E+03
 
 OM22
+        3.53E+00  1.32E-02 -1.75E+01 -3.08E+02  9.47E+02
 
 SG11
+       -7.77E-01 -1.52E+00  6.33E+01  7.48E+01 -3.31E+01  7.60E+03
 
 Elapsed postprocess time in seconds:     0.00
 #CPUT: Total CPU Time in Seconds,       20.094
Stop Time: 
Tue 01/03/2017 
10:25 PM
